[2023-01-02T07:41:41.376+0100] {processor.py:153} INFO - Started process (PID=9373) to work on /home/momo/.local/lib/python3.8/site-packages/airflow/example_dags/example_python_operator.py
[2023-01-02T07:41:41.378+0100] {processor.py:743} INFO - Processing file /home/momo/.local/lib/python3.8/site-packages/airflow/example_dags/example_python_operator.py for tasks to queue
[2023-01-02T07:41:41.378+0100] {logging_mixin.py:137} INFO - [2023-01-02T07:41:41.378+0100] {dagbag.py:538} INFO - Filling up the DagBag from /home/momo/.local/lib/python3.8/site-packages/airflow/example_dags/example_python_operator.py
[2023-01-02T07:41:41.398+0100] {logging_mixin.py:137} INFO - [2023-01-02T07:41:41.398+0100] {taskmixin.py:205} WARNING - Dependency <Task(_PythonDecoratedOperator): print_the_context>, log_sql_query already registered for DAG: example_python_operator
[2023-01-02T07:41:41.398+0100] {logging_mixin.py:137} INFO - [2023-01-02T07:41:41.398+0100] {taskmixin.py:205} WARNING - Dependency <Task(_PythonDecoratedOperator): log_sql_query>, print_the_context already registered for DAG: example_python_operator
[2023-01-02T07:41:41.399+0100] {logging_mixin.py:137} INFO - [2023-01-02T07:41:41.399+0100] {taskmixin.py:205} WARNING - Dependency <Task(_PythonDecoratedOperator): print_the_context>, log_sql_query already registered for DAG: example_python_operator
[2023-01-02T07:41:41.399+0100] {logging_mixin.py:137} INFO - [2023-01-02T07:41:41.399+0100] {taskmixin.py:205} WARNING - Dependency <Task(_PythonDecoratedOperator): log_sql_query>, print_the_context already registered for DAG: example_python_operator
[2023-01-02T07:41:41.400+0100] {logging_mixin.py:137} INFO - [2023-01-02T07:41:41.400+0100] {taskmixin.py:205} WARNING - Dependency <Task(_PythonDecoratedOperator): print_the_context>, log_sql_query already registered for DAG: example_python_operator
[2023-01-02T07:41:41.400+0100] {logging_mixin.py:137} INFO - [2023-01-02T07:41:41.400+0100] {taskmixin.py:205} WARNING - Dependency <Task(_PythonDecoratedOperator): log_sql_query>, print_the_context already registered for DAG: example_python_operator
[2023-01-02T07:41:41.401+0100] {logging_mixin.py:137} INFO - [2023-01-02T07:41:41.400+0100] {taskmixin.py:205} WARNING - Dependency <Task(_PythonDecoratedOperator): print_the_context>, log_sql_query already registered for DAG: example_python_operator
[2023-01-02T07:41:41.401+0100] {logging_mixin.py:137} INFO - [2023-01-02T07:41:41.401+0100] {taskmixin.py:205} WARNING - Dependency <Task(_PythonDecoratedOperator): log_sql_query>, print_the_context already registered for DAG: example_python_operator
[2023-01-02T07:41:41.403+0100] {processor.py:753} INFO - DAG(s) dict_keys(['example_python_operator']) retrieved from /home/momo/.local/lib/python3.8/site-packages/airflow/example_dags/example_python_operator.py
[2023-01-02T07:41:41.458+0100] {logging_mixin.py:137} INFO - [2023-01-02T07:41:41.457+0100] {dag.py:2676} INFO - Sync 1 DAGs
[2023-01-02T07:41:41.475+0100] {logging_mixin.py:137} INFO - [2023-01-02T07:41:41.475+0100] {dag.py:3423} INFO - Setting next_dagrun for example_python_operator to None, run_after=None
[2023-01-02T07:41:41.497+0100] {processor.py:175} INFO - Processing /home/momo/.local/lib/python3.8/site-packages/airflow/example_dags/example_python_operator.py took 0.125 seconds
[2023-01-02T07:42:24.396+0100] {processor.py:153} INFO - Started process (PID=9428) to work on /home/momo/.local/lib/python3.8/site-packages/airflow/example_dags/example_python_operator.py
[2023-01-02T07:42:24.397+0100] {processor.py:743} INFO - Processing file /home/momo/.local/lib/python3.8/site-packages/airflow/example_dags/example_python_operator.py for tasks to queue
[2023-01-02T07:42:24.398+0100] {logging_mixin.py:137} INFO - [2023-01-02T07:42:24.398+0100] {dagbag.py:538} INFO - Filling up the DagBag from /home/momo/.local/lib/python3.8/site-packages/airflow/example_dags/example_python_operator.py
[2023-01-02T07:42:24.416+0100] {logging_mixin.py:137} INFO - [2023-01-02T07:42:24.416+0100] {taskmixin.py:205} WARNING - Dependency <Task(_PythonDecoratedOperator): print_the_context>, log_sql_query already registered for DAG: example_python_operator
[2023-01-02T07:42:24.416+0100] {logging_mixin.py:137} INFO - [2023-01-02T07:42:24.416+0100] {taskmixin.py:205} WARNING - Dependency <Task(_PythonDecoratedOperator): log_sql_query>, print_the_context already registered for DAG: example_python_operator
[2023-01-02T07:42:24.417+0100] {logging_mixin.py:137} INFO - [2023-01-02T07:42:24.417+0100] {taskmixin.py:205} WARNING - Dependency <Task(_PythonDecoratedOperator): print_the_context>, log_sql_query already registered for DAG: example_python_operator
[2023-01-02T07:42:24.417+0100] {logging_mixin.py:137} INFO - [2023-01-02T07:42:24.417+0100] {taskmixin.py:205} WARNING - Dependency <Task(_PythonDecoratedOperator): log_sql_query>, print_the_context already registered for DAG: example_python_operator
[2023-01-02T07:42:24.417+0100] {logging_mixin.py:137} INFO - [2023-01-02T07:42:24.417+0100] {taskmixin.py:205} WARNING - Dependency <Task(_PythonDecoratedOperator): print_the_context>, log_sql_query already registered for DAG: example_python_operator
[2023-01-02T07:42:24.418+0100] {logging_mixin.py:137} INFO - [2023-01-02T07:42:24.417+0100] {taskmixin.py:205} WARNING - Dependency <Task(_PythonDecoratedOperator): log_sql_query>, print_the_context already registered for DAG: example_python_operator
[2023-01-02T07:42:24.418+0100] {logging_mixin.py:137} INFO - [2023-01-02T07:42:24.418+0100] {taskmixin.py:205} WARNING - Dependency <Task(_PythonDecoratedOperator): print_the_context>, log_sql_query already registered for DAG: example_python_operator
[2023-01-02T07:42:24.419+0100] {logging_mixin.py:137} INFO - [2023-01-02T07:42:24.419+0100] {taskmixin.py:205} WARNING - Dependency <Task(_PythonDecoratedOperator): log_sql_query>, print_the_context already registered for DAG: example_python_operator
[2023-01-02T07:42:24.421+0100] {processor.py:753} INFO - DAG(s) dict_keys(['example_python_operator']) retrieved from /home/momo/.local/lib/python3.8/site-packages/airflow/example_dags/example_python_operator.py
[2023-01-02T07:42:24.441+0100] {logging_mixin.py:137} INFO - [2023-01-02T07:42:24.440+0100] {dag.py:2676} INFO - Sync 1 DAGs
[2023-01-02T07:42:24.457+0100] {logging_mixin.py:137} INFO - [2023-01-02T07:42:24.457+0100] {dag.py:3423} INFO - Setting next_dagrun for example_python_operator to None, run_after=None
[2023-01-02T07:42:24.484+0100] {processor.py:175} INFO - Processing /home/momo/.local/lib/python3.8/site-packages/airflow/example_dags/example_python_operator.py took 0.091 seconds
