[2023-01-02T07:41:43.885+0100] {processor.py:153} INFO - Started process (PID=9375) to work on /home/momo/.local/lib/python3.8/site-packages/airflow/example_dags/example_complex.py
[2023-01-02T07:41:43.886+0100] {processor.py:743} INFO - Processing file /home/momo/.local/lib/python3.8/site-packages/airflow/example_dags/example_complex.py for tasks to queue
[2023-01-02T07:41:43.886+0100] {logging_mixin.py:137} INFO - [2023-01-02T07:41:43.886+0100] {dagbag.py:538} INFO - Filling up the DagBag from /home/momo/.local/lib/python3.8/site-packages/airflow/example_dags/example_complex.py
[2023-01-02T07:41:43.900+0100] {logging_mixin.py:137} INFO - [2023-01-02T07:41:43.899+0100] {taskmixin.py:205} WARNING - Dependency <Task(BashOperator): create_entry_group>, delete_entry_group already registered for DAG: example_complex
[2023-01-02T07:41:43.900+0100] {logging_mixin.py:137} INFO - [2023-01-02T07:41:43.900+0100] {taskmixin.py:205} WARNING - Dependency <Task(BashOperator): delete_entry_group>, create_entry_group already registered for DAG: example_complex
[2023-01-02T07:41:43.900+0100] {logging_mixin.py:137} INFO - [2023-01-02T07:41:43.900+0100] {taskmixin.py:205} WARNING - Dependency <Task(BashOperator): create_entry_gcs>, delete_entry already registered for DAG: example_complex
[2023-01-02T07:41:43.900+0100] {logging_mixin.py:137} INFO - [2023-01-02T07:41:43.900+0100] {taskmixin.py:205} WARNING - Dependency <Task(BashOperator): delete_entry>, create_entry_gcs already registered for DAG: example_complex
[2023-01-02T07:41:43.901+0100] {logging_mixin.py:137} INFO - [2023-01-02T07:41:43.901+0100] {taskmixin.py:205} WARNING - Dependency <Task(BashOperator): create_tag>, delete_tag already registered for DAG: example_complex
[2023-01-02T07:41:43.901+0100] {logging_mixin.py:137} INFO - [2023-01-02T07:41:43.901+0100] {taskmixin.py:205} WARNING - Dependency <Task(BashOperator): delete_tag>, create_tag already registered for DAG: example_complex
[2023-01-02T07:41:43.902+0100] {processor.py:753} INFO - DAG(s) dict_keys(['example_complex']) retrieved from /home/momo/.local/lib/python3.8/site-packages/airflow/example_dags/example_complex.py
[2023-01-02T07:41:43.926+0100] {logging_mixin.py:137} INFO - [2023-01-02T07:41:43.925+0100] {dag.py:2676} INFO - Sync 1 DAGs
[2023-01-02T07:41:43.944+0100] {logging_mixin.py:137} INFO - [2023-01-02T07:41:43.944+0100] {dag.py:3423} INFO - Setting next_dagrun for example_complex to None, run_after=None
[2023-01-02T07:41:43.972+0100] {processor.py:175} INFO - Processing /home/momo/.local/lib/python3.8/site-packages/airflow/example_dags/example_complex.py took 0.092 seconds
[2023-01-02T07:42:26.683+0100] {processor.py:153} INFO - Started process (PID=9430) to work on /home/momo/.local/lib/python3.8/site-packages/airflow/example_dags/example_complex.py
[2023-01-02T07:42:26.684+0100] {processor.py:743} INFO - Processing file /home/momo/.local/lib/python3.8/site-packages/airflow/example_dags/example_complex.py for tasks to queue
[2023-01-02T07:42:26.685+0100] {logging_mixin.py:137} INFO - [2023-01-02T07:42:26.685+0100] {dagbag.py:538} INFO - Filling up the DagBag from /home/momo/.local/lib/python3.8/site-packages/airflow/example_dags/example_complex.py
[2023-01-02T07:42:26.700+0100] {logging_mixin.py:137} INFO - [2023-01-02T07:42:26.700+0100] {taskmixin.py:205} WARNING - Dependency <Task(BashOperator): create_entry_group>, delete_entry_group already registered for DAG: example_complex
[2023-01-02T07:42:26.700+0100] {logging_mixin.py:137} INFO - [2023-01-02T07:42:26.700+0100] {taskmixin.py:205} WARNING - Dependency <Task(BashOperator): delete_entry_group>, create_entry_group already registered for DAG: example_complex
[2023-01-02T07:42:26.701+0100] {logging_mixin.py:137} INFO - [2023-01-02T07:42:26.701+0100] {taskmixin.py:205} WARNING - Dependency <Task(BashOperator): create_entry_gcs>, delete_entry already registered for DAG: example_complex
[2023-01-02T07:42:26.701+0100] {logging_mixin.py:137} INFO - [2023-01-02T07:42:26.701+0100] {taskmixin.py:205} WARNING - Dependency <Task(BashOperator): delete_entry>, create_entry_gcs already registered for DAG: example_complex
[2023-01-02T07:42:26.702+0100] {logging_mixin.py:137} INFO - [2023-01-02T07:42:26.702+0100] {taskmixin.py:205} WARNING - Dependency <Task(BashOperator): create_tag>, delete_tag already registered for DAG: example_complex
[2023-01-02T07:42:26.702+0100] {logging_mixin.py:137} INFO - [2023-01-02T07:42:26.702+0100] {taskmixin.py:205} WARNING - Dependency <Task(BashOperator): delete_tag>, create_tag already registered for DAG: example_complex
[2023-01-02T07:42:26.703+0100] {processor.py:753} INFO - DAG(s) dict_keys(['example_complex']) retrieved from /home/momo/.local/lib/python3.8/site-packages/airflow/example_dags/example_complex.py
[2023-01-02T07:42:26.733+0100] {logging_mixin.py:137} INFO - [2023-01-02T07:42:26.733+0100] {dag.py:2676} INFO - Sync 1 DAGs
[2023-01-02T07:42:26.760+0100] {logging_mixin.py:137} INFO - [2023-01-02T07:42:26.759+0100] {dag.py:3423} INFO - Setting next_dagrun for example_complex to None, run_after=None
[2023-01-02T07:42:26.846+0100] {processor.py:175} INFO - Processing /home/momo/.local/lib/python3.8/site-packages/airflow/example_dags/example_complex.py took 0.167 seconds
