[2022-12-30T04:32:40.393+0100] {taskinstance.py:1087} INFO - Dependencies all met for <TaskInstance: spark_airflow_project.start_nifi_process manual__2022-12-30T03:32:27.924021+00:00 [queued]>
[2022-12-30T04:32:40.440+0100] {taskinstance.py:1087} INFO - Dependencies all met for <TaskInstance: spark_airflow_project.start_nifi_process manual__2022-12-30T03:32:27.924021+00:00 [queued]>
[2022-12-30T04:32:40.440+0100] {taskinstance.py:1283} INFO - 
--------------------------------------------------------------------------------
[2022-12-30T04:32:40.440+0100] {taskinstance.py:1284} INFO - Starting attempt 1 of 4
[2022-12-30T04:32:40.440+0100] {taskinstance.py:1285} INFO - 
--------------------------------------------------------------------------------
[2022-12-30T04:32:40.474+0100] {taskinstance.py:1304} INFO - Executing <Task(PythonOperator): start_nifi_process> on 2022-12-30 03:32:27.924021+00:00
[2022-12-30T04:32:40.491+0100] {standard_task_runner.py:55} INFO - Started process 17048 to run task
[2022-12-30T04:32:40.506+0100] {standard_task_runner.py:82} INFO - Running: ['airflow', 'tasks', 'run', 'spark_airflow_project', 'start_nifi_process', 'manual__2022-12-30T03:32:27.924021+00:00', '--job-id', '71', '--raw', '--subdir', 'DAGS_FOLDER/spark_airflow.py', '--cfg-path', '/tmp/tmpkep4pgbo']
[2022-12-30T04:32:40.510+0100] {standard_task_runner.py:83} INFO - Job 71: Subtask start_nifi_process
[2022-12-30T04:32:40.683+0100] {task_command.py:389} INFO - Running <TaskInstance: spark_airflow_project.start_nifi_process manual__2022-12-30T03:32:27.924021+00:00 [running]> on host momo-VirtualBox
[2022-12-30T04:32:40.880+0100] {taskinstance.py:1511} INFO - Exporting the following env vars:
AIRFLOW_CTX_DAG_OWNER=Ranga
AIRFLOW_CTX_DAG_ID=spark_airflow_project
AIRFLOW_CTX_TASK_ID=start_nifi_process
AIRFLOW_CTX_EXECUTION_DATE=2022-12-30T03:32:27.924021+00:00
AIRFLOW_CTX_TRY_NUMBER=1
AIRFLOW_CTX_DAG_RUN_ID=manual__2022-12-30T03:32:27.924021+00:00
[2022-12-30T04:32:40.914+0100] {python.py:177} INFO - Done. Returned value was: None
[2022-12-30T04:32:40.930+0100] {taskinstance.py:1322} INFO - Marking task as SUCCESS. dag_id=spark_airflow_project, task_id=start_nifi_process, execution_date=20221230T033227, start_date=20221230T033240, end_date=20221230T033240
[2022-12-30T04:32:40.960+0100] {local_task_job.py:159} INFO - Task exited with return code 0
[2022-12-30T04:32:40.994+0100] {taskinstance.py:2582} INFO - 1 downstream tasks scheduled from follow-on schedule check
