[2022-12-23T01:00:01.914+0100] {processor.py:153} INFO - Started process (PID=27013) to work on /home/momo/.local/lib/python3.8/site-packages/airflow/example_dags/subdags/subdag.py
[2022-12-23T01:00:01.916+0100] {processor.py:743} INFO - Processing file /home/momo/.local/lib/python3.8/site-packages/airflow/example_dags/subdags/subdag.py for tasks to queue
[2022-12-23T01:00:01.917+0100] {logging_mixin.py:137} INFO - [2022-12-23T01:00:01.917+0100] {dagbag.py:538} INFO - Filling up the DagBag from /home/momo/.local/lib/python3.8/site-packages/airflow/example_dags/subdags/subdag.py
[2022-12-23T01:00:01.926+0100] {processor.py:755} WARNING - No viable dags retrieved from /home/momo/.local/lib/python3.8/site-packages/airflow/example_dags/subdags/subdag.py
[2022-12-23T01:00:01.948+0100] {processor.py:175} INFO - Processing /home/momo/.local/lib/python3.8/site-packages/airflow/example_dags/subdags/subdag.py took 0.042 seconds
[2022-12-23T01:00:52.619+0100] {processor.py:153} INFO - Started process (PID=27050) to work on /home/momo/.local/lib/python3.8/site-packages/airflow/example_dags/subdags/subdag.py
[2022-12-23T01:00:52.622+0100] {processor.py:743} INFO - Processing file /home/momo/.local/lib/python3.8/site-packages/airflow/example_dags/subdags/subdag.py for tasks to queue
[2022-12-23T01:00:52.623+0100] {logging_mixin.py:137} INFO - [2022-12-23T01:00:52.623+0100] {dagbag.py:538} INFO - Filling up the DagBag from /home/momo/.local/lib/python3.8/site-packages/airflow/example_dags/subdags/subdag.py
[2022-12-23T01:00:52.631+0100] {processor.py:755} WARNING - No viable dags retrieved from /home/momo/.local/lib/python3.8/site-packages/airflow/example_dags/subdags/subdag.py
[2022-12-23T01:00:52.668+0100] {processor.py:175} INFO - Processing /home/momo/.local/lib/python3.8/site-packages/airflow/example_dags/subdags/subdag.py took 0.057 seconds
[2022-12-23T01:01:38.523+0100] {processor.py:153} INFO - Started process (PID=27083) to work on /home/momo/.local/lib/python3.8/site-packages/airflow/example_dags/subdags/subdag.py
[2022-12-23T01:01:38.534+0100] {processor.py:743} INFO - Processing file /home/momo/.local/lib/python3.8/site-packages/airflow/example_dags/subdags/subdag.py for tasks to queue
[2022-12-23T01:01:38.541+0100] {logging_mixin.py:137} INFO - [2022-12-23T01:01:38.541+0100] {dagbag.py:538} INFO - Filling up the DagBag from /home/momo/.local/lib/python3.8/site-packages/airflow/example_dags/subdags/subdag.py
[2022-12-23T01:01:38.575+0100] {processor.py:755} WARNING - No viable dags retrieved from /home/momo/.local/lib/python3.8/site-packages/airflow/example_dags/subdags/subdag.py
[2022-12-23T01:01:38.601+0100] {processor.py:175} INFO - Processing /home/momo/.local/lib/python3.8/site-packages/airflow/example_dags/subdags/subdag.py took 0.114 seconds
[2022-12-23T01:02:26.573+0100] {processor.py:153} INFO - Started process (PID=27118) to work on /home/momo/.local/lib/python3.8/site-packages/airflow/example_dags/subdags/subdag.py
[2022-12-23T01:02:26.579+0100] {processor.py:743} INFO - Processing file /home/momo/.local/lib/python3.8/site-packages/airflow/example_dags/subdags/subdag.py for tasks to queue
[2022-12-23T01:02:26.582+0100] {logging_mixin.py:137} INFO - [2022-12-23T01:02:26.582+0100] {dagbag.py:538} INFO - Filling up the DagBag from /home/momo/.local/lib/python3.8/site-packages/airflow/example_dags/subdags/subdag.py
[2022-12-23T01:02:26.605+0100] {processor.py:755} WARNING - No viable dags retrieved from /home/momo/.local/lib/python3.8/site-packages/airflow/example_dags/subdags/subdag.py
[2022-12-23T01:02:26.650+0100] {processor.py:175} INFO - Processing /home/momo/.local/lib/python3.8/site-packages/airflow/example_dags/subdags/subdag.py took 0.093 seconds
[2022-12-23T01:03:13.564+0100] {processor.py:153} INFO - Started process (PID=27155) to work on /home/momo/.local/lib/python3.8/site-packages/airflow/example_dags/subdags/subdag.py
[2022-12-23T01:03:13.572+0100] {processor.py:743} INFO - Processing file /home/momo/.local/lib/python3.8/site-packages/airflow/example_dags/subdags/subdag.py for tasks to queue
[2022-12-23T01:03:13.574+0100] {logging_mixin.py:137} INFO - [2022-12-23T01:03:13.574+0100] {dagbag.py:538} INFO - Filling up the DagBag from /home/momo/.local/lib/python3.8/site-packages/airflow/example_dags/subdags/subdag.py
[2022-12-23T01:03:13.586+0100] {processor.py:755} WARNING - No viable dags retrieved from /home/momo/.local/lib/python3.8/site-packages/airflow/example_dags/subdags/subdag.py
[2022-12-23T01:03:13.624+0100] {processor.py:175} INFO - Processing /home/momo/.local/lib/python3.8/site-packages/airflow/example_dags/subdags/subdag.py took 0.070 seconds
[2022-12-23T01:03:59.056+0100] {processor.py:153} INFO - Started process (PID=27188) to work on /home/momo/.local/lib/python3.8/site-packages/airflow/example_dags/subdags/subdag.py
[2022-12-23T01:03:59.059+0100] {processor.py:743} INFO - Processing file /home/momo/.local/lib/python3.8/site-packages/airflow/example_dags/subdags/subdag.py for tasks to queue
[2022-12-23T01:03:59.060+0100] {logging_mixin.py:137} INFO - [2022-12-23T01:03:59.060+0100] {dagbag.py:538} INFO - Filling up the DagBag from /home/momo/.local/lib/python3.8/site-packages/airflow/example_dags/subdags/subdag.py
[2022-12-23T01:03:59.067+0100] {processor.py:755} WARNING - No viable dags retrieved from /home/momo/.local/lib/python3.8/site-packages/airflow/example_dags/subdags/subdag.py
[2022-12-23T01:03:59.090+0100] {processor.py:175} INFO - Processing /home/momo/.local/lib/python3.8/site-packages/airflow/example_dags/subdags/subdag.py took 0.041 seconds
[2022-12-23T01:04:50.177+0100] {processor.py:153} INFO - Started process (PID=27221) to work on /home/momo/.local/lib/python3.8/site-packages/airflow/example_dags/subdags/subdag.py
[2022-12-23T01:04:50.182+0100] {processor.py:743} INFO - Processing file /home/momo/.local/lib/python3.8/site-packages/airflow/example_dags/subdags/subdag.py for tasks to queue
[2022-12-23T01:04:50.185+0100] {logging_mixin.py:137} INFO - [2022-12-23T01:04:50.184+0100] {dagbag.py:538} INFO - Filling up the DagBag from /home/momo/.local/lib/python3.8/site-packages/airflow/example_dags/subdags/subdag.py
[2022-12-23T01:04:50.206+0100] {processor.py:755} WARNING - No viable dags retrieved from /home/momo/.local/lib/python3.8/site-packages/airflow/example_dags/subdags/subdag.py
[2022-12-23T01:04:50.254+0100] {processor.py:175} INFO - Processing /home/momo/.local/lib/python3.8/site-packages/airflow/example_dags/subdags/subdag.py took 0.093 seconds
[2022-12-23T01:05:46.748+0100] {processor.py:153} INFO - Started process (PID=27259) to work on /home/momo/.local/lib/python3.8/site-packages/airflow/example_dags/subdags/subdag.py
[2022-12-23T01:05:46.753+0100] {processor.py:743} INFO - Processing file /home/momo/.local/lib/python3.8/site-packages/airflow/example_dags/subdags/subdag.py for tasks to queue
[2022-12-23T01:05:46.757+0100] {logging_mixin.py:137} INFO - [2022-12-23T01:05:46.755+0100] {dagbag.py:538} INFO - Filling up the DagBag from /home/momo/.local/lib/python3.8/site-packages/airflow/example_dags/subdags/subdag.py
[2022-12-23T01:05:46.779+0100] {processor.py:755} WARNING - No viable dags retrieved from /home/momo/.local/lib/python3.8/site-packages/airflow/example_dags/subdags/subdag.py
[2022-12-23T01:05:46.826+0100] {processor.py:175} INFO - Processing /home/momo/.local/lib/python3.8/site-packages/airflow/example_dags/subdags/subdag.py took 0.097 seconds
[2022-12-23T01:06:34.638+0100] {processor.py:153} INFO - Started process (PID=27293) to work on /home/momo/.local/lib/python3.8/site-packages/airflow/example_dags/subdags/subdag.py
[2022-12-23T01:06:34.643+0100] {processor.py:743} INFO - Processing file /home/momo/.local/lib/python3.8/site-packages/airflow/example_dags/subdags/subdag.py for tasks to queue
[2022-12-23T01:06:34.646+0100] {logging_mixin.py:137} INFO - [2022-12-23T01:06:34.645+0100] {dagbag.py:538} INFO - Filling up the DagBag from /home/momo/.local/lib/python3.8/site-packages/airflow/example_dags/subdags/subdag.py
[2022-12-23T01:06:34.669+0100] {processor.py:755} WARNING - No viable dags retrieved from /home/momo/.local/lib/python3.8/site-packages/airflow/example_dags/subdags/subdag.py
[2022-12-23T01:06:34.714+0100] {processor.py:175} INFO - Processing /home/momo/.local/lib/python3.8/site-packages/airflow/example_dags/subdags/subdag.py took 0.092 seconds
[2022-12-23T01:07:22.356+0100] {processor.py:153} INFO - Started process (PID=27327) to work on /home/momo/.local/lib/python3.8/site-packages/airflow/example_dags/subdags/subdag.py
[2022-12-23T01:07:22.361+0100] {processor.py:743} INFO - Processing file /home/momo/.local/lib/python3.8/site-packages/airflow/example_dags/subdags/subdag.py for tasks to queue
[2022-12-23T01:07:22.364+0100] {logging_mixin.py:137} INFO - [2022-12-23T01:07:22.363+0100] {dagbag.py:538} INFO - Filling up the DagBag from /home/momo/.local/lib/python3.8/site-packages/airflow/example_dags/subdags/subdag.py
[2022-12-23T01:07:22.386+0100] {processor.py:755} WARNING - No viable dags retrieved from /home/momo/.local/lib/python3.8/site-packages/airflow/example_dags/subdags/subdag.py
[2022-12-23T01:07:22.434+0100] {processor.py:175} INFO - Processing /home/momo/.local/lib/python3.8/site-packages/airflow/example_dags/subdags/subdag.py took 0.094 seconds
[2022-12-23T01:08:06.175+0100] {processor.py:153} INFO - Started process (PID=27366) to work on /home/momo/.local/lib/python3.8/site-packages/airflow/example_dags/subdags/subdag.py
[2022-12-23T01:08:06.180+0100] {processor.py:743} INFO - Processing file /home/momo/.local/lib/python3.8/site-packages/airflow/example_dags/subdags/subdag.py for tasks to queue
[2022-12-23T01:08:06.184+0100] {logging_mixin.py:137} INFO - [2022-12-23T01:08:06.183+0100] {dagbag.py:538} INFO - Filling up the DagBag from /home/momo/.local/lib/python3.8/site-packages/airflow/example_dags/subdags/subdag.py
[2022-12-23T01:08:06.203+0100] {processor.py:755} WARNING - No viable dags retrieved from /home/momo/.local/lib/python3.8/site-packages/airflow/example_dags/subdags/subdag.py
[2022-12-23T01:08:06.255+0100] {processor.py:175} INFO - Processing /home/momo/.local/lib/python3.8/site-packages/airflow/example_dags/subdags/subdag.py took 0.099 seconds
[2022-12-23T01:08:51.749+0100] {processor.py:153} INFO - Started process (PID=27400) to work on /home/momo/.local/lib/python3.8/site-packages/airflow/example_dags/subdags/subdag.py
[2022-12-23T01:08:51.753+0100] {processor.py:743} INFO - Processing file /home/momo/.local/lib/python3.8/site-packages/airflow/example_dags/subdags/subdag.py for tasks to queue
[2022-12-23T01:08:51.756+0100] {logging_mixin.py:137} INFO - [2022-12-23T01:08:51.755+0100] {dagbag.py:538} INFO - Filling up the DagBag from /home/momo/.local/lib/python3.8/site-packages/airflow/example_dags/subdags/subdag.py
[2022-12-23T01:08:51.773+0100] {processor.py:755} WARNING - No viable dags retrieved from /home/momo/.local/lib/python3.8/site-packages/airflow/example_dags/subdags/subdag.py
[2022-12-23T01:08:51.813+0100] {processor.py:175} INFO - Processing /home/momo/.local/lib/python3.8/site-packages/airflow/example_dags/subdags/subdag.py took 0.079 seconds
[2022-12-23T01:09:49.687+0100] {processor.py:153} INFO - Started process (PID=27436) to work on /home/momo/.local/lib/python3.8/site-packages/airflow/example_dags/subdags/subdag.py
[2022-12-23T01:09:49.692+0100] {processor.py:743} INFO - Processing file /home/momo/.local/lib/python3.8/site-packages/airflow/example_dags/subdags/subdag.py for tasks to queue
[2022-12-23T01:09:49.696+0100] {logging_mixin.py:137} INFO - [2022-12-23T01:09:49.695+0100] {dagbag.py:538} INFO - Filling up the DagBag from /home/momo/.local/lib/python3.8/site-packages/airflow/example_dags/subdags/subdag.py
[2022-12-23T01:09:49.716+0100] {processor.py:755} WARNING - No viable dags retrieved from /home/momo/.local/lib/python3.8/site-packages/airflow/example_dags/subdags/subdag.py
[2022-12-23T01:09:49.741+0100] {processor.py:175} INFO - Processing /home/momo/.local/lib/python3.8/site-packages/airflow/example_dags/subdags/subdag.py took 0.073 seconds
[2022-12-23T01:10:52.613+0100] {processor.py:153} INFO - Started process (PID=27475) to work on /home/momo/.local/lib/python3.8/site-packages/airflow/example_dags/subdags/subdag.py
[2022-12-23T01:10:52.617+0100] {processor.py:743} INFO - Processing file /home/momo/.local/lib/python3.8/site-packages/airflow/example_dags/subdags/subdag.py for tasks to queue
[2022-12-23T01:10:52.624+0100] {logging_mixin.py:137} INFO - [2022-12-23T01:10:52.623+0100] {dagbag.py:538} INFO - Filling up the DagBag from /home/momo/.local/lib/python3.8/site-packages/airflow/example_dags/subdags/subdag.py
[2022-12-23T01:10:52.641+0100] {processor.py:755} WARNING - No viable dags retrieved from /home/momo/.local/lib/python3.8/site-packages/airflow/example_dags/subdags/subdag.py
[2022-12-23T01:10:52.688+0100] {processor.py:175} INFO - Processing /home/momo/.local/lib/python3.8/site-packages/airflow/example_dags/subdags/subdag.py took 0.091 seconds
[2022-12-23T01:11:42.891+0100] {processor.py:153} INFO - Started process (PID=27512) to work on /home/momo/.local/lib/python3.8/site-packages/airflow/example_dags/subdags/subdag.py
[2022-12-23T01:11:42.901+0100] {processor.py:743} INFO - Processing file /home/momo/.local/lib/python3.8/site-packages/airflow/example_dags/subdags/subdag.py for tasks to queue
[2022-12-23T01:11:42.909+0100] {logging_mixin.py:137} INFO - [2022-12-23T01:11:42.907+0100] {dagbag.py:538} INFO - Filling up the DagBag from /home/momo/.local/lib/python3.8/site-packages/airflow/example_dags/subdags/subdag.py
[2022-12-23T01:11:42.944+0100] {processor.py:755} WARNING - No viable dags retrieved from /home/momo/.local/lib/python3.8/site-packages/airflow/example_dags/subdags/subdag.py
[2022-12-23T01:11:42.978+0100] {processor.py:175} INFO - Processing /home/momo/.local/lib/python3.8/site-packages/airflow/example_dags/subdags/subdag.py took 0.103 seconds
[2022-12-23T01:12:29.153+0100] {processor.py:153} INFO - Started process (PID=27547) to work on /home/momo/.local/lib/python3.8/site-packages/airflow/example_dags/subdags/subdag.py
[2022-12-23T01:12:29.155+0100] {processor.py:743} INFO - Processing file /home/momo/.local/lib/python3.8/site-packages/airflow/example_dags/subdags/subdag.py for tasks to queue
[2022-12-23T01:12:29.157+0100] {logging_mixin.py:137} INFO - [2022-12-23T01:12:29.157+0100] {dagbag.py:538} INFO - Filling up the DagBag from /home/momo/.local/lib/python3.8/site-packages/airflow/example_dags/subdags/subdag.py
[2022-12-23T01:12:29.170+0100] {processor.py:755} WARNING - No viable dags retrieved from /home/momo/.local/lib/python3.8/site-packages/airflow/example_dags/subdags/subdag.py
[2022-12-23T01:12:29.194+0100] {processor.py:175} INFO - Processing /home/momo/.local/lib/python3.8/site-packages/airflow/example_dags/subdags/subdag.py took 0.052 seconds
[2022-12-23T01:13:15.796+0100] {processor.py:153} INFO - Started process (PID=27583) to work on /home/momo/.local/lib/python3.8/site-packages/airflow/example_dags/subdags/subdag.py
[2022-12-23T01:13:15.805+0100] {processor.py:743} INFO - Processing file /home/momo/.local/lib/python3.8/site-packages/airflow/example_dags/subdags/subdag.py for tasks to queue
[2022-12-23T01:13:15.807+0100] {logging_mixin.py:137} INFO - [2022-12-23T01:13:15.807+0100] {dagbag.py:538} INFO - Filling up the DagBag from /home/momo/.local/lib/python3.8/site-packages/airflow/example_dags/subdags/subdag.py
[2022-12-23T01:13:15.820+0100] {processor.py:755} WARNING - No viable dags retrieved from /home/momo/.local/lib/python3.8/site-packages/airflow/example_dags/subdags/subdag.py
[2022-12-23T01:13:15.845+0100] {processor.py:175} INFO - Processing /home/momo/.local/lib/python3.8/site-packages/airflow/example_dags/subdags/subdag.py took 0.071 seconds
[2022-12-23T01:14:00.611+0100] {processor.py:153} INFO - Started process (PID=27616) to work on /home/momo/.local/lib/python3.8/site-packages/airflow/example_dags/subdags/subdag.py
[2022-12-23T01:14:00.615+0100] {processor.py:743} INFO - Processing file /home/momo/.local/lib/python3.8/site-packages/airflow/example_dags/subdags/subdag.py for tasks to queue
[2022-12-23T01:14:00.619+0100] {logging_mixin.py:137} INFO - [2022-12-23T01:14:00.618+0100] {dagbag.py:538} INFO - Filling up the DagBag from /home/momo/.local/lib/python3.8/site-packages/airflow/example_dags/subdags/subdag.py
[2022-12-23T01:14:00.638+0100] {processor.py:755} WARNING - No viable dags retrieved from /home/momo/.local/lib/python3.8/site-packages/airflow/example_dags/subdags/subdag.py
[2022-12-23T01:14:00.676+0100] {processor.py:175} INFO - Processing /home/momo/.local/lib/python3.8/site-packages/airflow/example_dags/subdags/subdag.py took 0.082 seconds
[2022-12-23T01:14:52.658+0100] {processor.py:153} INFO - Started process (PID=27651) to work on /home/momo/.local/lib/python3.8/site-packages/airflow/example_dags/subdags/subdag.py
[2022-12-23T01:14:52.663+0100] {processor.py:743} INFO - Processing file /home/momo/.local/lib/python3.8/site-packages/airflow/example_dags/subdags/subdag.py for tasks to queue
[2022-12-23T01:14:52.665+0100] {logging_mixin.py:137} INFO - [2022-12-23T01:14:52.665+0100] {dagbag.py:538} INFO - Filling up the DagBag from /home/momo/.local/lib/python3.8/site-packages/airflow/example_dags/subdags/subdag.py
[2022-12-23T01:14:52.677+0100] {processor.py:755} WARNING - No viable dags retrieved from /home/momo/.local/lib/python3.8/site-packages/airflow/example_dags/subdags/subdag.py
[2022-12-23T01:14:52.705+0100] {processor.py:175} INFO - Processing /home/momo/.local/lib/python3.8/site-packages/airflow/example_dags/subdags/subdag.py took 0.062 seconds
[2022-12-23T01:15:49.519+0100] {processor.py:153} INFO - Started process (PID=27687) to work on /home/momo/.local/lib/python3.8/site-packages/airflow/example_dags/subdags/subdag.py
[2022-12-23T01:15:49.531+0100] {processor.py:743} INFO - Processing file /home/momo/.local/lib/python3.8/site-packages/airflow/example_dags/subdags/subdag.py for tasks to queue
[2022-12-23T01:15:49.534+0100] {logging_mixin.py:137} INFO - [2022-12-23T01:15:49.534+0100] {dagbag.py:538} INFO - Filling up the DagBag from /home/momo/.local/lib/python3.8/site-packages/airflow/example_dags/subdags/subdag.py
[2022-12-23T01:15:49.555+0100] {processor.py:755} WARNING - No viable dags retrieved from /home/momo/.local/lib/python3.8/site-packages/airflow/example_dags/subdags/subdag.py
[2022-12-23T01:15:49.604+0100] {processor.py:175} INFO - Processing /home/momo/.local/lib/python3.8/site-packages/airflow/example_dags/subdags/subdag.py took 0.137 seconds
[2022-12-23T01:16:48.899+0100] {processor.py:153} INFO - Started process (PID=27727) to work on /home/momo/.local/lib/python3.8/site-packages/airflow/example_dags/subdags/subdag.py
[2022-12-23T01:16:48.902+0100] {processor.py:743} INFO - Processing file /home/momo/.local/lib/python3.8/site-packages/airflow/example_dags/subdags/subdag.py for tasks to queue
[2022-12-23T01:16:48.904+0100] {logging_mixin.py:137} INFO - [2022-12-23T01:16:48.904+0100] {dagbag.py:538} INFO - Filling up the DagBag from /home/momo/.local/lib/python3.8/site-packages/airflow/example_dags/subdags/subdag.py
[2022-12-23T01:16:48.915+0100] {processor.py:755} WARNING - No viable dags retrieved from /home/momo/.local/lib/python3.8/site-packages/airflow/example_dags/subdags/subdag.py
[2022-12-23T01:16:48.946+0100] {processor.py:175} INFO - Processing /home/momo/.local/lib/python3.8/site-packages/airflow/example_dags/subdags/subdag.py took 0.057 seconds
[2022-12-23T01:17:37.742+0100] {processor.py:153} INFO - Started process (PID=27833) to work on /home/momo/.local/lib/python3.8/site-packages/airflow/example_dags/subdags/subdag.py
[2022-12-23T01:17:37.754+0100] {processor.py:743} INFO - Processing file /home/momo/.local/lib/python3.8/site-packages/airflow/example_dags/subdags/subdag.py for tasks to queue
[2022-12-23T01:17:37.755+0100] {logging_mixin.py:137} INFO - [2022-12-23T01:17:37.755+0100] {dagbag.py:538} INFO - Filling up the DagBag from /home/momo/.local/lib/python3.8/site-packages/airflow/example_dags/subdags/subdag.py
[2022-12-23T01:17:37.771+0100] {processor.py:755} WARNING - No viable dags retrieved from /home/momo/.local/lib/python3.8/site-packages/airflow/example_dags/subdags/subdag.py
[2022-12-23T01:17:37.801+0100] {processor.py:175} INFO - Processing /home/momo/.local/lib/python3.8/site-packages/airflow/example_dags/subdags/subdag.py took 0.071 seconds
[2022-12-23T01:18:22.830+0100] {processor.py:153} INFO - Started process (PID=27910) to work on /home/momo/.local/lib/python3.8/site-packages/airflow/example_dags/subdags/subdag.py
[2022-12-23T01:18:22.850+0100] {processor.py:743} INFO - Processing file /home/momo/.local/lib/python3.8/site-packages/airflow/example_dags/subdags/subdag.py for tasks to queue
[2022-12-23T01:18:22.863+0100] {logging_mixin.py:137} INFO - [2022-12-23T01:18:22.862+0100] {dagbag.py:538} INFO - Filling up the DagBag from /home/momo/.local/lib/python3.8/site-packages/airflow/example_dags/subdags/subdag.py
[2022-12-23T01:18:22.874+0100] {processor.py:755} WARNING - No viable dags retrieved from /home/momo/.local/lib/python3.8/site-packages/airflow/example_dags/subdags/subdag.py
[2022-12-23T01:18:22.920+0100] {processor.py:175} INFO - Processing /home/momo/.local/lib/python3.8/site-packages/airflow/example_dags/subdags/subdag.py took 0.104 seconds
[2022-12-23T01:19:08.138+0100] {processor.py:153} INFO - Started process (PID=27955) to work on /home/momo/.local/lib/python3.8/site-packages/airflow/example_dags/subdags/subdag.py
[2022-12-23T01:19:08.144+0100] {processor.py:743} INFO - Processing file /home/momo/.local/lib/python3.8/site-packages/airflow/example_dags/subdags/subdag.py for tasks to queue
[2022-12-23T01:19:08.146+0100] {logging_mixin.py:137} INFO - [2022-12-23T01:19:08.145+0100] {dagbag.py:538} INFO - Filling up the DagBag from /home/momo/.local/lib/python3.8/site-packages/airflow/example_dags/subdags/subdag.py
[2022-12-23T01:19:08.160+0100] {processor.py:755} WARNING - No viable dags retrieved from /home/momo/.local/lib/python3.8/site-packages/airflow/example_dags/subdags/subdag.py
[2022-12-23T01:19:08.190+0100] {processor.py:175} INFO - Processing /home/momo/.local/lib/python3.8/site-packages/airflow/example_dags/subdags/subdag.py took 0.062 seconds
[2022-12-23T01:19:52.788+0100] {processor.py:153} INFO - Started process (PID=28040) to work on /home/momo/.local/lib/python3.8/site-packages/airflow/example_dags/subdags/subdag.py
[2022-12-23T01:19:52.795+0100] {processor.py:743} INFO - Processing file /home/momo/.local/lib/python3.8/site-packages/airflow/example_dags/subdags/subdag.py for tasks to queue
[2022-12-23T01:19:52.799+0100] {logging_mixin.py:137} INFO - [2022-12-23T01:19:52.799+0100] {dagbag.py:538} INFO - Filling up the DagBag from /home/momo/.local/lib/python3.8/site-packages/airflow/example_dags/subdags/subdag.py
[2022-12-23T01:19:52.833+0100] {processor.py:755} WARNING - No viable dags retrieved from /home/momo/.local/lib/python3.8/site-packages/airflow/example_dags/subdags/subdag.py
[2022-12-23T01:19:52.966+0100] {processor.py:175} INFO - Processing /home/momo/.local/lib/python3.8/site-packages/airflow/example_dags/subdags/subdag.py took 0.203 seconds
[2022-12-23T01:20:49.447+0100] {processor.py:153} INFO - Started process (PID=28124) to work on /home/momo/.local/lib/python3.8/site-packages/airflow/example_dags/subdags/subdag.py
[2022-12-23T01:20:49.452+0100] {processor.py:743} INFO - Processing file /home/momo/.local/lib/python3.8/site-packages/airflow/example_dags/subdags/subdag.py for tasks to queue
[2022-12-23T01:20:49.453+0100] {logging_mixin.py:137} INFO - [2022-12-23T01:20:49.453+0100] {dagbag.py:538} INFO - Filling up the DagBag from /home/momo/.local/lib/python3.8/site-packages/airflow/example_dags/subdags/subdag.py
[2022-12-23T01:20:49.465+0100] {processor.py:755} WARNING - No viable dags retrieved from /home/momo/.local/lib/python3.8/site-packages/airflow/example_dags/subdags/subdag.py
[2022-12-23T01:20:49.496+0100] {processor.py:175} INFO - Processing /home/momo/.local/lib/python3.8/site-packages/airflow/example_dags/subdags/subdag.py took 0.058 seconds
[2022-12-23T01:21:51.069+0100] {processor.py:153} INFO - Started process (PID=28179) to work on /home/momo/.local/lib/python3.8/site-packages/airflow/example_dags/subdags/subdag.py
[2022-12-23T01:21:51.073+0100] {processor.py:743} INFO - Processing file /home/momo/.local/lib/python3.8/site-packages/airflow/example_dags/subdags/subdag.py for tasks to queue
[2022-12-23T01:21:51.074+0100] {logging_mixin.py:137} INFO - [2022-12-23T01:21:51.074+0100] {dagbag.py:538} INFO - Filling up the DagBag from /home/momo/.local/lib/python3.8/site-packages/airflow/example_dags/subdags/subdag.py
[2022-12-23T01:21:51.092+0100] {processor.py:755} WARNING - No viable dags retrieved from /home/momo/.local/lib/python3.8/site-packages/airflow/example_dags/subdags/subdag.py
[2022-12-23T01:21:51.122+0100] {processor.py:175} INFO - Processing /home/momo/.local/lib/python3.8/site-packages/airflow/example_dags/subdags/subdag.py took 0.065 seconds
[2022-12-23T01:22:39.310+0100] {processor.py:153} INFO - Started process (PID=28220) to work on /home/momo/.local/lib/python3.8/site-packages/airflow/example_dags/subdags/subdag.py
[2022-12-23T01:22:39.313+0100] {processor.py:743} INFO - Processing file /home/momo/.local/lib/python3.8/site-packages/airflow/example_dags/subdags/subdag.py for tasks to queue
[2022-12-23T01:22:39.318+0100] {logging_mixin.py:137} INFO - [2022-12-23T01:22:39.317+0100] {dagbag.py:538} INFO - Filling up the DagBag from /home/momo/.local/lib/python3.8/site-packages/airflow/example_dags/subdags/subdag.py
[2022-12-23T01:22:39.326+0100] {processor.py:755} WARNING - No viable dags retrieved from /home/momo/.local/lib/python3.8/site-packages/airflow/example_dags/subdags/subdag.py
[2022-12-23T01:22:39.354+0100] {processor.py:175} INFO - Processing /home/momo/.local/lib/python3.8/site-packages/airflow/example_dags/subdags/subdag.py took 0.051 seconds
[2022-12-23T01:23:27.239+0100] {processor.py:153} INFO - Started process (PID=28313) to work on /home/momo/.local/lib/python3.8/site-packages/airflow/example_dags/subdags/subdag.py
[2022-12-23T01:23:27.246+0100] {processor.py:743} INFO - Processing file /home/momo/.local/lib/python3.8/site-packages/airflow/example_dags/subdags/subdag.py for tasks to queue
[2022-12-23T01:23:27.247+0100] {logging_mixin.py:137} INFO - [2022-12-23T01:23:27.247+0100] {dagbag.py:538} INFO - Filling up the DagBag from /home/momo/.local/lib/python3.8/site-packages/airflow/example_dags/subdags/subdag.py
[2022-12-23T01:23:27.268+0100] {processor.py:755} WARNING - No viable dags retrieved from /home/momo/.local/lib/python3.8/site-packages/airflow/example_dags/subdags/subdag.py
[2022-12-23T01:23:27.316+0100] {processor.py:175} INFO - Processing /home/momo/.local/lib/python3.8/site-packages/airflow/example_dags/subdags/subdag.py took 0.095 seconds
[2022-12-23T01:24:20.697+0100] {processor.py:153} INFO - Started process (PID=28410) to work on /home/momo/.local/lib/python3.8/site-packages/airflow/example_dags/subdags/subdag.py
[2022-12-23T01:24:20.708+0100] {processor.py:743} INFO - Processing file /home/momo/.local/lib/python3.8/site-packages/airflow/example_dags/subdags/subdag.py for tasks to queue
[2022-12-23T01:24:20.710+0100] {logging_mixin.py:137} INFO - [2022-12-23T01:24:20.709+0100] {dagbag.py:538} INFO - Filling up the DagBag from /home/momo/.local/lib/python3.8/site-packages/airflow/example_dags/subdags/subdag.py
[2022-12-23T01:24:20.774+0100] {processor.py:755} WARNING - No viable dags retrieved from /home/momo/.local/lib/python3.8/site-packages/airflow/example_dags/subdags/subdag.py
[2022-12-23T01:24:20.880+0100] {processor.py:175} INFO - Processing /home/momo/.local/lib/python3.8/site-packages/airflow/example_dags/subdags/subdag.py took 0.235 seconds
[2022-12-23T01:43:39.679+0100] {processor.py:153} INFO - Started process (PID=5147) to work on /home/momo/.local/lib/python3.8/site-packages/airflow/example_dags/subdags/subdag.py
[2022-12-23T01:43:39.683+0100] {processor.py:743} INFO - Processing file /home/momo/.local/lib/python3.8/site-packages/airflow/example_dags/subdags/subdag.py for tasks to queue
[2022-12-23T01:43:39.684+0100] {logging_mixin.py:137} INFO - [2022-12-23T01:43:39.684+0100] {dagbag.py:538} INFO - Filling up the DagBag from /home/momo/.local/lib/python3.8/site-packages/airflow/example_dags/subdags/subdag.py
[2022-12-23T01:43:39.691+0100] {processor.py:755} WARNING - No viable dags retrieved from /home/momo/.local/lib/python3.8/site-packages/airflow/example_dags/subdags/subdag.py
[2022-12-23T01:43:39.729+0100] {processor.py:175} INFO - Processing /home/momo/.local/lib/python3.8/site-packages/airflow/example_dags/subdags/subdag.py took 0.056 seconds
[2022-12-23T01:44:28.400+0100] {processor.py:153} INFO - Started process (PID=5197) to work on /home/momo/.local/lib/python3.8/site-packages/airflow/example_dags/subdags/subdag.py
[2022-12-23T01:44:28.411+0100] {processor.py:743} INFO - Processing file /home/momo/.local/lib/python3.8/site-packages/airflow/example_dags/subdags/subdag.py for tasks to queue
[2022-12-23T01:44:28.413+0100] {logging_mixin.py:137} INFO - [2022-12-23T01:44:28.413+0100] {dagbag.py:538} INFO - Filling up the DagBag from /home/momo/.local/lib/python3.8/site-packages/airflow/example_dags/subdags/subdag.py
[2022-12-23T01:44:28.429+0100] {processor.py:755} WARNING - No viable dags retrieved from /home/momo/.local/lib/python3.8/site-packages/airflow/example_dags/subdags/subdag.py
[2022-12-23T01:44:28.476+0100] {processor.py:175} INFO - Processing /home/momo/.local/lib/python3.8/site-packages/airflow/example_dags/subdags/subdag.py took 0.089 seconds
[2022-12-23T01:45:14.583+0100] {processor.py:153} INFO - Started process (PID=5237) to work on /home/momo/.local/lib/python3.8/site-packages/airflow/example_dags/subdags/subdag.py
[2022-12-23T01:45:14.585+0100] {processor.py:743} INFO - Processing file /home/momo/.local/lib/python3.8/site-packages/airflow/example_dags/subdags/subdag.py for tasks to queue
[2022-12-23T01:45:14.585+0100] {logging_mixin.py:137} INFO - [2022-12-23T01:45:14.585+0100] {dagbag.py:538} INFO - Filling up the DagBag from /home/momo/.local/lib/python3.8/site-packages/airflow/example_dags/subdags/subdag.py
[2022-12-23T01:45:14.591+0100] {processor.py:755} WARNING - No viable dags retrieved from /home/momo/.local/lib/python3.8/site-packages/airflow/example_dags/subdags/subdag.py
[2022-12-23T01:45:14.605+0100] {processor.py:175} INFO - Processing /home/momo/.local/lib/python3.8/site-packages/airflow/example_dags/subdags/subdag.py took 0.027 seconds
[2022-12-23T01:46:08.267+0100] {processor.py:153} INFO - Started process (PID=5281) to work on /home/momo/.local/lib/python3.8/site-packages/airflow/example_dags/subdags/subdag.py
[2022-12-23T01:46:08.270+0100] {processor.py:743} INFO - Processing file /home/momo/.local/lib/python3.8/site-packages/airflow/example_dags/subdags/subdag.py for tasks to queue
[2022-12-23T01:46:08.272+0100] {logging_mixin.py:137} INFO - [2022-12-23T01:46:08.271+0100] {dagbag.py:538} INFO - Filling up the DagBag from /home/momo/.local/lib/python3.8/site-packages/airflow/example_dags/subdags/subdag.py
[2022-12-23T01:46:08.281+0100] {processor.py:755} WARNING - No viable dags retrieved from /home/momo/.local/lib/python3.8/site-packages/airflow/example_dags/subdags/subdag.py
[2022-12-23T01:46:08.303+0100] {processor.py:175} INFO - Processing /home/momo/.local/lib/python3.8/site-packages/airflow/example_dags/subdags/subdag.py took 0.043 seconds
[2022-12-23T01:47:08.679+0100] {processor.py:153} INFO - Started process (PID=5332) to work on /home/momo/.local/lib/python3.8/site-packages/airflow/example_dags/subdags/subdag.py
[2022-12-23T01:47:08.680+0100] {processor.py:743} INFO - Processing file /home/momo/.local/lib/python3.8/site-packages/airflow/example_dags/subdags/subdag.py for tasks to queue
[2022-12-23T01:47:08.681+0100] {logging_mixin.py:137} INFO - [2022-12-23T01:47:08.681+0100] {dagbag.py:538} INFO - Filling up the DagBag from /home/momo/.local/lib/python3.8/site-packages/airflow/example_dags/subdags/subdag.py
[2022-12-23T01:47:08.687+0100] {processor.py:755} WARNING - No viable dags retrieved from /home/momo/.local/lib/python3.8/site-packages/airflow/example_dags/subdags/subdag.py
[2022-12-23T01:47:08.702+0100] {processor.py:175} INFO - Processing /home/momo/.local/lib/python3.8/site-packages/airflow/example_dags/subdags/subdag.py took 0.028 seconds
[2022-12-23T01:47:50.203+0100] {processor.py:153} INFO - Started process (PID=5367) to work on /home/momo/.local/lib/python3.8/site-packages/airflow/example_dags/subdags/subdag.py
[2022-12-23T01:47:50.208+0100] {processor.py:743} INFO - Processing file /home/momo/.local/lib/python3.8/site-packages/airflow/example_dags/subdags/subdag.py for tasks to queue
[2022-12-23T01:47:50.211+0100] {logging_mixin.py:137} INFO - [2022-12-23T01:47:50.210+0100] {dagbag.py:538} INFO - Filling up the DagBag from /home/momo/.local/lib/python3.8/site-packages/airflow/example_dags/subdags/subdag.py
[2022-12-23T01:47:50.226+0100] {processor.py:755} WARNING - No viable dags retrieved from /home/momo/.local/lib/python3.8/site-packages/airflow/example_dags/subdags/subdag.py
[2022-12-23T01:47:50.258+0100] {processor.py:175} INFO - Processing /home/momo/.local/lib/python3.8/site-packages/airflow/example_dags/subdags/subdag.py took 0.072 seconds
[2022-12-23T01:48:31.214+0100] {processor.py:153} INFO - Started process (PID=5400) to work on /home/momo/.local/lib/python3.8/site-packages/airflow/example_dags/subdags/subdag.py
[2022-12-23T01:48:31.216+0100] {processor.py:743} INFO - Processing file /home/momo/.local/lib/python3.8/site-packages/airflow/example_dags/subdags/subdag.py for tasks to queue
[2022-12-23T01:48:31.218+0100] {logging_mixin.py:137} INFO - [2022-12-23T01:48:31.218+0100] {dagbag.py:538} INFO - Filling up the DagBag from /home/momo/.local/lib/python3.8/site-packages/airflow/example_dags/subdags/subdag.py
[2022-12-23T01:48:31.227+0100] {processor.py:755} WARNING - No viable dags retrieved from /home/momo/.local/lib/python3.8/site-packages/airflow/example_dags/subdags/subdag.py
[2022-12-23T01:48:31.251+0100] {processor.py:175} INFO - Processing /home/momo/.local/lib/python3.8/site-packages/airflow/example_dags/subdags/subdag.py took 0.045 seconds
[2022-12-23T01:49:12.966+0100] {processor.py:153} INFO - Started process (PID=5433) to work on /home/momo/.local/lib/python3.8/site-packages/airflow/example_dags/subdags/subdag.py
[2022-12-23T01:49:12.971+0100] {processor.py:743} INFO - Processing file /home/momo/.local/lib/python3.8/site-packages/airflow/example_dags/subdags/subdag.py for tasks to queue
[2022-12-23T01:49:12.973+0100] {logging_mixin.py:137} INFO - [2022-12-23T01:49:12.972+0100] {dagbag.py:538} INFO - Filling up the DagBag from /home/momo/.local/lib/python3.8/site-packages/airflow/example_dags/subdags/subdag.py
[2022-12-23T01:49:12.986+0100] {processor.py:755} WARNING - No viable dags retrieved from /home/momo/.local/lib/python3.8/site-packages/airflow/example_dags/subdags/subdag.py
[2022-12-23T01:49:13.004+0100] {processor.py:175} INFO - Processing /home/momo/.local/lib/python3.8/site-packages/airflow/example_dags/subdags/subdag.py took 0.053 seconds
[2022-12-23T01:50:14.512+0100] {processor.py:153} INFO - Started process (PID=5484) to work on /home/momo/.local/lib/python3.8/site-packages/airflow/example_dags/subdags/subdag.py
[2022-12-23T01:50:14.523+0100] {processor.py:743} INFO - Processing file /home/momo/.local/lib/python3.8/site-packages/airflow/example_dags/subdags/subdag.py for tasks to queue
[2022-12-23T01:50:14.525+0100] {logging_mixin.py:137} INFO - [2022-12-23T01:50:14.525+0100] {dagbag.py:538} INFO - Filling up the DagBag from /home/momo/.local/lib/python3.8/site-packages/airflow/example_dags/subdags/subdag.py
[2022-12-23T01:50:14.549+0100] {processor.py:755} WARNING - No viable dags retrieved from /home/momo/.local/lib/python3.8/site-packages/airflow/example_dags/subdags/subdag.py
[2022-12-23T01:50:14.598+0100] {processor.py:175} INFO - Processing /home/momo/.local/lib/python3.8/site-packages/airflow/example_dags/subdags/subdag.py took 0.120 seconds
[2022-12-23T01:50:56.336+0100] {processor.py:153} INFO - Started process (PID=5518) to work on /home/momo/.local/lib/python3.8/site-packages/airflow/example_dags/subdags/subdag.py
[2022-12-23T01:50:56.341+0100] {processor.py:743} INFO - Processing file /home/momo/.local/lib/python3.8/site-packages/airflow/example_dags/subdags/subdag.py for tasks to queue
[2022-12-23T01:50:56.343+0100] {logging_mixin.py:137} INFO - [2022-12-23T01:50:56.343+0100] {dagbag.py:538} INFO - Filling up the DagBag from /home/momo/.local/lib/python3.8/site-packages/airflow/example_dags/subdags/subdag.py
[2022-12-23T01:50:56.354+0100] {processor.py:755} WARNING - No viable dags retrieved from /home/momo/.local/lib/python3.8/site-packages/airflow/example_dags/subdags/subdag.py
[2022-12-23T01:50:56.374+0100] {processor.py:175} INFO - Processing /home/momo/.local/lib/python3.8/site-packages/airflow/example_dags/subdags/subdag.py took 0.057 seconds
[2022-12-23T01:51:54.558+0100] {processor.py:153} INFO - Started process (PID=5618) to work on /home/momo/.local/lib/python3.8/site-packages/airflow/example_dags/subdags/subdag.py
[2022-12-23T01:51:54.561+0100] {processor.py:743} INFO - Processing file /home/momo/.local/lib/python3.8/site-packages/airflow/example_dags/subdags/subdag.py for tasks to queue
[2022-12-23T01:51:54.562+0100] {logging_mixin.py:137} INFO - [2022-12-23T01:51:54.562+0100] {dagbag.py:538} INFO - Filling up the DagBag from /home/momo/.local/lib/python3.8/site-packages/airflow/example_dags/subdags/subdag.py
[2022-12-23T01:51:54.567+0100] {processor.py:755} WARNING - No viable dags retrieved from /home/momo/.local/lib/python3.8/site-packages/airflow/example_dags/subdags/subdag.py
[2022-12-23T01:51:54.587+0100] {processor.py:175} INFO - Processing /home/momo/.local/lib/python3.8/site-packages/airflow/example_dags/subdags/subdag.py took 0.034 seconds
[2022-12-23T01:52:36.243+0100] {processor.py:153} INFO - Started process (PID=5657) to work on /home/momo/.local/lib/python3.8/site-packages/airflow/example_dags/subdags/subdag.py
[2022-12-23T01:52:36.247+0100] {processor.py:743} INFO - Processing file /home/momo/.local/lib/python3.8/site-packages/airflow/example_dags/subdags/subdag.py for tasks to queue
[2022-12-23T01:52:36.249+0100] {logging_mixin.py:137} INFO - [2022-12-23T01:52:36.248+0100] {dagbag.py:538} INFO - Filling up the DagBag from /home/momo/.local/lib/python3.8/site-packages/airflow/example_dags/subdags/subdag.py
[2022-12-23T01:52:36.263+0100] {processor.py:755} WARNING - No viable dags retrieved from /home/momo/.local/lib/python3.8/site-packages/airflow/example_dags/subdags/subdag.py
[2022-12-23T01:52:36.290+0100] {processor.py:175} INFO - Processing /home/momo/.local/lib/python3.8/site-packages/airflow/example_dags/subdags/subdag.py took 0.058 seconds
[2022-12-23T01:53:18.915+0100] {processor.py:153} INFO - Started process (PID=5692) to work on /home/momo/.local/lib/python3.8/site-packages/airflow/example_dags/subdags/subdag.py
[2022-12-23T01:53:18.916+0100] {processor.py:743} INFO - Processing file /home/momo/.local/lib/python3.8/site-packages/airflow/example_dags/subdags/subdag.py for tasks to queue
[2022-12-23T01:53:18.917+0100] {logging_mixin.py:137} INFO - [2022-12-23T01:53:18.917+0100] {dagbag.py:538} INFO - Filling up the DagBag from /home/momo/.local/lib/python3.8/site-packages/airflow/example_dags/subdags/subdag.py
[2022-12-23T01:53:18.922+0100] {processor.py:755} WARNING - No viable dags retrieved from /home/momo/.local/lib/python3.8/site-packages/airflow/example_dags/subdags/subdag.py
[2022-12-23T01:53:18.936+0100] {processor.py:175} INFO - Processing /home/momo/.local/lib/python3.8/site-packages/airflow/example_dags/subdags/subdag.py took 0.027 seconds
[2022-12-23T01:53:59.905+0100] {processor.py:153} INFO - Started process (PID=5725) to work on /home/momo/.local/lib/python3.8/site-packages/airflow/example_dags/subdags/subdag.py
[2022-12-23T01:53:59.908+0100] {processor.py:743} INFO - Processing file /home/momo/.local/lib/python3.8/site-packages/airflow/example_dags/subdags/subdag.py for tasks to queue
[2022-12-23T01:53:59.909+0100] {logging_mixin.py:137} INFO - [2022-12-23T01:53:59.909+0100] {dagbag.py:538} INFO - Filling up the DagBag from /home/momo/.local/lib/python3.8/site-packages/airflow/example_dags/subdags/subdag.py
[2022-12-23T01:53:59.921+0100] {processor.py:755} WARNING - No viable dags retrieved from /home/momo/.local/lib/python3.8/site-packages/airflow/example_dags/subdags/subdag.py
[2022-12-23T01:53:59.938+0100] {processor.py:175} INFO - Processing /home/momo/.local/lib/python3.8/site-packages/airflow/example_dags/subdags/subdag.py took 0.045 seconds
[2022-12-23T01:54:51.386+0100] {processor.py:153} INFO - Started process (PID=5769) to work on /home/momo/.local/lib/python3.8/site-packages/airflow/example_dags/subdags/subdag.py
[2022-12-23T01:54:51.388+0100] {processor.py:743} INFO - Processing file /home/momo/.local/lib/python3.8/site-packages/airflow/example_dags/subdags/subdag.py for tasks to queue
[2022-12-23T01:54:51.389+0100] {logging_mixin.py:137} INFO - [2022-12-23T01:54:51.388+0100] {dagbag.py:538} INFO - Filling up the DagBag from /home/momo/.local/lib/python3.8/site-packages/airflow/example_dags/subdags/subdag.py
[2022-12-23T01:54:51.395+0100] {processor.py:755} WARNING - No viable dags retrieved from /home/momo/.local/lib/python3.8/site-packages/airflow/example_dags/subdags/subdag.py
[2022-12-23T01:54:51.413+0100] {processor.py:175} INFO - Processing /home/momo/.local/lib/python3.8/site-packages/airflow/example_dags/subdags/subdag.py took 0.032 seconds
[2022-12-23T01:55:44.456+0100] {processor.py:153} INFO - Started process (PID=5816) to work on /home/momo/.local/lib/python3.8/site-packages/airflow/example_dags/subdags/subdag.py
[2022-12-23T01:55:44.462+0100] {processor.py:743} INFO - Processing file /home/momo/.local/lib/python3.8/site-packages/airflow/example_dags/subdags/subdag.py for tasks to queue
[2022-12-23T01:55:44.467+0100] {logging_mixin.py:137} INFO - [2022-12-23T01:55:44.466+0100] {dagbag.py:538} INFO - Filling up the DagBag from /home/momo/.local/lib/python3.8/site-packages/airflow/example_dags/subdags/subdag.py
[2022-12-23T01:55:44.478+0100] {processor.py:755} WARNING - No viable dags retrieved from /home/momo/.local/lib/python3.8/site-packages/airflow/example_dags/subdags/subdag.py
[2022-12-23T01:55:44.498+0100] {processor.py:175} INFO - Processing /home/momo/.local/lib/python3.8/site-packages/airflow/example_dags/subdags/subdag.py took 0.061 seconds
[2022-12-23T01:56:43.441+0100] {processor.py:153} INFO - Started process (PID=5865) to work on /home/momo/.local/lib/python3.8/site-packages/airflow/example_dags/subdags/subdag.py
[2022-12-23T01:56:43.444+0100] {processor.py:743} INFO - Processing file /home/momo/.local/lib/python3.8/site-packages/airflow/example_dags/subdags/subdag.py for tasks to queue
[2022-12-23T01:56:43.445+0100] {logging_mixin.py:137} INFO - [2022-12-23T01:56:43.445+0100] {dagbag.py:538} INFO - Filling up the DagBag from /home/momo/.local/lib/python3.8/site-packages/airflow/example_dags/subdags/subdag.py
[2022-12-23T01:56:43.451+0100] {processor.py:755} WARNING - No viable dags retrieved from /home/momo/.local/lib/python3.8/site-packages/airflow/example_dags/subdags/subdag.py
[2022-12-23T01:56:43.465+0100] {processor.py:175} INFO - Processing /home/momo/.local/lib/python3.8/site-packages/airflow/example_dags/subdags/subdag.py took 0.033 seconds
[2022-12-23T01:57:24.231+0100] {processor.py:153} INFO - Started process (PID=5899) to work on /home/momo/.local/lib/python3.8/site-packages/airflow/example_dags/subdags/subdag.py
[2022-12-23T01:57:24.236+0100] {processor.py:743} INFO - Processing file /home/momo/.local/lib/python3.8/site-packages/airflow/example_dags/subdags/subdag.py for tasks to queue
[2022-12-23T01:57:24.238+0100] {logging_mixin.py:137} INFO - [2022-12-23T01:57:24.238+0100] {dagbag.py:538} INFO - Filling up the DagBag from /home/momo/.local/lib/python3.8/site-packages/airflow/example_dags/subdags/subdag.py
[2022-12-23T01:57:24.252+0100] {processor.py:755} WARNING - No viable dags retrieved from /home/momo/.local/lib/python3.8/site-packages/airflow/example_dags/subdags/subdag.py
[2022-12-23T01:57:24.271+0100] {processor.py:175} INFO - Processing /home/momo/.local/lib/python3.8/site-packages/airflow/example_dags/subdags/subdag.py took 0.053 seconds
[2022-12-23T01:58:06.270+0100] {processor.py:153} INFO - Started process (PID=5938) to work on /home/momo/.local/lib/python3.8/site-packages/airflow/example_dags/subdags/subdag.py
[2022-12-23T01:58:06.274+0100] {processor.py:743} INFO - Processing file /home/momo/.local/lib/python3.8/site-packages/airflow/example_dags/subdags/subdag.py for tasks to queue
[2022-12-23T01:58:06.277+0100] {logging_mixin.py:137} INFO - [2022-12-23T01:58:06.277+0100] {dagbag.py:538} INFO - Filling up the DagBag from /home/momo/.local/lib/python3.8/site-packages/airflow/example_dags/subdags/subdag.py
[2022-12-23T01:58:06.294+0100] {processor.py:755} WARNING - No viable dags retrieved from /home/momo/.local/lib/python3.8/site-packages/airflow/example_dags/subdags/subdag.py
[2022-12-23T01:58:06.319+0100] {processor.py:175} INFO - Processing /home/momo/.local/lib/python3.8/site-packages/airflow/example_dags/subdags/subdag.py took 0.065 seconds
[2022-12-23T01:58:49.526+0100] {processor.py:153} INFO - Started process (PID=5976) to work on /home/momo/.local/lib/python3.8/site-packages/airflow/example_dags/subdags/subdag.py
[2022-12-23T01:58:49.530+0100] {processor.py:743} INFO - Processing file /home/momo/.local/lib/python3.8/site-packages/airflow/example_dags/subdags/subdag.py for tasks to queue
[2022-12-23T01:58:49.532+0100] {logging_mixin.py:137} INFO - [2022-12-23T01:58:49.532+0100] {dagbag.py:538} INFO - Filling up the DagBag from /home/momo/.local/lib/python3.8/site-packages/airflow/example_dags/subdags/subdag.py
[2022-12-23T01:58:49.547+0100] {processor.py:755} WARNING - No viable dags retrieved from /home/momo/.local/lib/python3.8/site-packages/airflow/example_dags/subdags/subdag.py
[2022-12-23T01:58:49.567+0100] {processor.py:175} INFO - Processing /home/momo/.local/lib/python3.8/site-packages/airflow/example_dags/subdags/subdag.py took 0.053 seconds
[2022-12-23T01:59:29.826+0100] {processor.py:153} INFO - Started process (PID=6013) to work on /home/momo/.local/lib/python3.8/site-packages/airflow/example_dags/subdags/subdag.py
[2022-12-23T01:59:29.837+0100] {processor.py:743} INFO - Processing file /home/momo/.local/lib/python3.8/site-packages/airflow/example_dags/subdags/subdag.py for tasks to queue
[2022-12-23T01:59:29.839+0100] {logging_mixin.py:137} INFO - [2022-12-23T01:59:29.838+0100] {dagbag.py:538} INFO - Filling up the DagBag from /home/momo/.local/lib/python3.8/site-packages/airflow/example_dags/subdags/subdag.py
[2022-12-23T01:59:29.855+0100] {processor.py:755} WARNING - No viable dags retrieved from /home/momo/.local/lib/python3.8/site-packages/airflow/example_dags/subdags/subdag.py
[2022-12-23T01:59:29.889+0100] {processor.py:175} INFO - Processing /home/momo/.local/lib/python3.8/site-packages/airflow/example_dags/subdags/subdag.py took 0.072 seconds
[2022-12-23T02:00:12.142+0100] {processor.py:153} INFO - Started process (PID=6052) to work on /home/momo/.local/lib/python3.8/site-packages/airflow/example_dags/subdags/subdag.py
[2022-12-23T02:00:12.144+0100] {processor.py:743} INFO - Processing file /home/momo/.local/lib/python3.8/site-packages/airflow/example_dags/subdags/subdag.py for tasks to queue
[2022-12-23T02:00:12.145+0100] {logging_mixin.py:137} INFO - [2022-12-23T02:00:12.145+0100] {dagbag.py:538} INFO - Filling up the DagBag from /home/momo/.local/lib/python3.8/site-packages/airflow/example_dags/subdags/subdag.py
[2022-12-23T02:00:12.152+0100] {processor.py:755} WARNING - No viable dags retrieved from /home/momo/.local/lib/python3.8/site-packages/airflow/example_dags/subdags/subdag.py
[2022-12-23T02:00:12.173+0100] {processor.py:175} INFO - Processing /home/momo/.local/lib/python3.8/site-packages/airflow/example_dags/subdags/subdag.py took 0.040 seconds
[2022-12-23T02:01:06.370+0100] {processor.py:153} INFO - Started process (PID=6098) to work on /home/momo/.local/lib/python3.8/site-packages/airflow/example_dags/subdags/subdag.py
[2022-12-23T02:01:06.372+0100] {processor.py:743} INFO - Processing file /home/momo/.local/lib/python3.8/site-packages/airflow/example_dags/subdags/subdag.py for tasks to queue
[2022-12-23T02:01:06.373+0100] {logging_mixin.py:137} INFO - [2022-12-23T02:01:06.373+0100] {dagbag.py:538} INFO - Filling up the DagBag from /home/momo/.local/lib/python3.8/site-packages/airflow/example_dags/subdags/subdag.py
[2022-12-23T02:01:06.379+0100] {processor.py:755} WARNING - No viable dags retrieved from /home/momo/.local/lib/python3.8/site-packages/airflow/example_dags/subdags/subdag.py
[2022-12-23T02:01:06.394+0100] {processor.py:175} INFO - Processing /home/momo/.local/lib/python3.8/site-packages/airflow/example_dags/subdags/subdag.py took 0.028 seconds
[2022-12-23T02:01:50.654+0100] {processor.py:153} INFO - Started process (PID=6137) to work on /home/momo/.local/lib/python3.8/site-packages/airflow/example_dags/subdags/subdag.py
[2022-12-23T02:01:50.659+0100] {processor.py:743} INFO - Processing file /home/momo/.local/lib/python3.8/site-packages/airflow/example_dags/subdags/subdag.py for tasks to queue
[2022-12-23T02:01:50.663+0100] {logging_mixin.py:137} INFO - [2022-12-23T02:01:50.661+0100] {dagbag.py:538} INFO - Filling up the DagBag from /home/momo/.local/lib/python3.8/site-packages/airflow/example_dags/subdags/subdag.py
[2022-12-23T02:01:50.677+0100] {processor.py:755} WARNING - No viable dags retrieved from /home/momo/.local/lib/python3.8/site-packages/airflow/example_dags/subdags/subdag.py
[2022-12-23T02:01:50.698+0100] {processor.py:175} INFO - Processing /home/momo/.local/lib/python3.8/site-packages/airflow/example_dags/subdags/subdag.py took 0.057 seconds
[2022-12-23T02:02:34.331+0100] {processor.py:153} INFO - Started process (PID=6173) to work on /home/momo/.local/lib/python3.8/site-packages/airflow/example_dags/subdags/subdag.py
[2022-12-23T02:02:34.339+0100] {processor.py:743} INFO - Processing file /home/momo/.local/lib/python3.8/site-packages/airflow/example_dags/subdags/subdag.py for tasks to queue
[2022-12-23T02:02:34.341+0100] {logging_mixin.py:137} INFO - [2022-12-23T02:02:34.341+0100] {dagbag.py:538} INFO - Filling up the DagBag from /home/momo/.local/lib/python3.8/site-packages/airflow/example_dags/subdags/subdag.py
[2022-12-23T02:02:34.354+0100] {processor.py:755} WARNING - No viable dags retrieved from /home/momo/.local/lib/python3.8/site-packages/airflow/example_dags/subdags/subdag.py
[2022-12-23T02:02:34.371+0100] {processor.py:175} INFO - Processing /home/momo/.local/lib/python3.8/site-packages/airflow/example_dags/subdags/subdag.py took 0.070 seconds
[2022-12-23T02:03:33.639+0100] {processor.py:153} INFO - Started process (PID=6225) to work on /home/momo/.local/lib/python3.8/site-packages/airflow/example_dags/subdags/subdag.py
[2022-12-23T02:03:33.644+0100] {processor.py:743} INFO - Processing file /home/momo/.local/lib/python3.8/site-packages/airflow/example_dags/subdags/subdag.py for tasks to queue
[2022-12-23T02:03:33.647+0100] {logging_mixin.py:137} INFO - [2022-12-23T02:03:33.647+0100] {dagbag.py:538} INFO - Filling up the DagBag from /home/momo/.local/lib/python3.8/site-packages/airflow/example_dags/subdags/subdag.py
[2022-12-23T02:03:33.661+0100] {processor.py:755} WARNING - No viable dags retrieved from /home/momo/.local/lib/python3.8/site-packages/airflow/example_dags/subdags/subdag.py
[2022-12-23T02:03:33.679+0100] {processor.py:175} INFO - Processing /home/momo/.local/lib/python3.8/site-packages/airflow/example_dags/subdags/subdag.py took 0.053 seconds
[2022-12-23T02:04:29.646+0100] {processor.py:153} INFO - Started process (PID=6273) to work on /home/momo/.local/lib/python3.8/site-packages/airflow/example_dags/subdags/subdag.py
[2022-12-23T02:04:29.651+0100] {processor.py:743} INFO - Processing file /home/momo/.local/lib/python3.8/site-packages/airflow/example_dags/subdags/subdag.py for tasks to queue
[2022-12-23T02:04:29.654+0100] {logging_mixin.py:137} INFO - [2022-12-23T02:04:29.653+0100] {dagbag.py:538} INFO - Filling up the DagBag from /home/momo/.local/lib/python3.8/site-packages/airflow/example_dags/subdags/subdag.py
[2022-12-23T02:04:29.667+0100] {processor.py:755} WARNING - No viable dags retrieved from /home/momo/.local/lib/python3.8/site-packages/airflow/example_dags/subdags/subdag.py
[2022-12-23T02:04:29.684+0100] {processor.py:175} INFO - Processing /home/momo/.local/lib/python3.8/site-packages/airflow/example_dags/subdags/subdag.py took 0.052 seconds
[2022-12-23T02:05:10.533+0100] {processor.py:153} INFO - Started process (PID=6307) to work on /home/momo/.local/lib/python3.8/site-packages/airflow/example_dags/subdags/subdag.py
[2022-12-23T02:05:10.538+0100] {processor.py:743} INFO - Processing file /home/momo/.local/lib/python3.8/site-packages/airflow/example_dags/subdags/subdag.py for tasks to queue
[2022-12-23T02:05:10.539+0100] {logging_mixin.py:137} INFO - [2022-12-23T02:05:10.539+0100] {dagbag.py:538} INFO - Filling up the DagBag from /home/momo/.local/lib/python3.8/site-packages/airflow/example_dags/subdags/subdag.py
[2022-12-23T02:05:10.548+0100] {processor.py:755} WARNING - No viable dags retrieved from /home/momo/.local/lib/python3.8/site-packages/airflow/example_dags/subdags/subdag.py
[2022-12-23T02:05:10.573+0100] {processor.py:175} INFO - Processing /home/momo/.local/lib/python3.8/site-packages/airflow/example_dags/subdags/subdag.py took 0.049 seconds
[2022-12-23T02:05:53.272+0100] {processor.py:153} INFO - Started process (PID=6342) to work on /home/momo/.local/lib/python3.8/site-packages/airflow/example_dags/subdags/subdag.py
[2022-12-23T02:05:53.274+0100] {processor.py:743} INFO - Processing file /home/momo/.local/lib/python3.8/site-packages/airflow/example_dags/subdags/subdag.py for tasks to queue
[2022-12-23T02:05:53.275+0100] {logging_mixin.py:137} INFO - [2022-12-23T02:05:53.275+0100] {dagbag.py:538} INFO - Filling up the DagBag from /home/momo/.local/lib/python3.8/site-packages/airflow/example_dags/subdags/subdag.py
[2022-12-23T02:05:53.282+0100] {processor.py:755} WARNING - No viable dags retrieved from /home/momo/.local/lib/python3.8/site-packages/airflow/example_dags/subdags/subdag.py
[2022-12-23T02:05:53.295+0100] {processor.py:175} INFO - Processing /home/momo/.local/lib/python3.8/site-packages/airflow/example_dags/subdags/subdag.py took 0.029 seconds
[2022-12-23T02:06:50.831+0100] {processor.py:153} INFO - Started process (PID=6396) to work on /home/momo/.local/lib/python3.8/site-packages/airflow/example_dags/subdags/subdag.py
[2022-12-23T02:06:50.841+0100] {processor.py:743} INFO - Processing file /home/momo/.local/lib/python3.8/site-packages/airflow/example_dags/subdags/subdag.py for tasks to queue
[2022-12-23T02:06:50.844+0100] {logging_mixin.py:137} INFO - [2022-12-23T02:06:50.843+0100] {dagbag.py:538} INFO - Filling up the DagBag from /home/momo/.local/lib/python3.8/site-packages/airflow/example_dags/subdags/subdag.py
[2022-12-23T02:06:50.856+0100] {processor.py:755} WARNING - No viable dags retrieved from /home/momo/.local/lib/python3.8/site-packages/airflow/example_dags/subdags/subdag.py
[2022-12-23T02:06:50.899+0100] {processor.py:175} INFO - Processing /home/momo/.local/lib/python3.8/site-packages/airflow/example_dags/subdags/subdag.py took 0.080 seconds
[2022-12-23T02:07:33.337+0100] {processor.py:153} INFO - Started process (PID=6431) to work on /home/momo/.local/lib/python3.8/site-packages/airflow/example_dags/subdags/subdag.py
[2022-12-23T02:07:33.341+0100] {processor.py:743} INFO - Processing file /home/momo/.local/lib/python3.8/site-packages/airflow/example_dags/subdags/subdag.py for tasks to queue
[2022-12-23T02:07:33.344+0100] {logging_mixin.py:137} INFO - [2022-12-23T02:07:33.344+0100] {dagbag.py:538} INFO - Filling up the DagBag from /home/momo/.local/lib/python3.8/site-packages/airflow/example_dags/subdags/subdag.py
[2022-12-23T02:07:33.354+0100] {processor.py:755} WARNING - No viable dags retrieved from /home/momo/.local/lib/python3.8/site-packages/airflow/example_dags/subdags/subdag.py
[2022-12-23T02:07:33.372+0100] {processor.py:175} INFO - Processing /home/momo/.local/lib/python3.8/site-packages/airflow/example_dags/subdags/subdag.py took 0.050 seconds
[2022-12-23T02:08:14.679+0100] {processor.py:153} INFO - Started process (PID=6466) to work on /home/momo/.local/lib/python3.8/site-packages/airflow/example_dags/subdags/subdag.py
[2022-12-23T02:08:14.682+0100] {processor.py:743} INFO - Processing file /home/momo/.local/lib/python3.8/site-packages/airflow/example_dags/subdags/subdag.py for tasks to queue
[2022-12-23T02:08:14.683+0100] {logging_mixin.py:137} INFO - [2022-12-23T02:08:14.683+0100] {dagbag.py:538} INFO - Filling up the DagBag from /home/momo/.local/lib/python3.8/site-packages/airflow/example_dags/subdags/subdag.py
[2022-12-23T02:08:14.692+0100] {processor.py:755} WARNING - No viable dags retrieved from /home/momo/.local/lib/python3.8/site-packages/airflow/example_dags/subdags/subdag.py
[2022-12-23T02:08:14.715+0100] {processor.py:175} INFO - Processing /home/momo/.local/lib/python3.8/site-packages/airflow/example_dags/subdags/subdag.py took 0.044 seconds
[2022-12-23T02:08:59.283+0100] {processor.py:153} INFO - Started process (PID=6503) to work on /home/momo/.local/lib/python3.8/site-packages/airflow/example_dags/subdags/subdag.py
[2022-12-23T02:08:59.288+0100] {processor.py:743} INFO - Processing file /home/momo/.local/lib/python3.8/site-packages/airflow/example_dags/subdags/subdag.py for tasks to queue
[2022-12-23T02:08:59.291+0100] {logging_mixin.py:137} INFO - [2022-12-23T02:08:59.291+0100] {dagbag.py:538} INFO - Filling up the DagBag from /home/momo/.local/lib/python3.8/site-packages/airflow/example_dags/subdags/subdag.py
[2022-12-23T02:08:59.308+0100] {processor.py:755} WARNING - No viable dags retrieved from /home/momo/.local/lib/python3.8/site-packages/airflow/example_dags/subdags/subdag.py
[2022-12-23T02:08:59.349+0100] {processor.py:175} INFO - Processing /home/momo/.local/lib/python3.8/site-packages/airflow/example_dags/subdags/subdag.py took 0.080 seconds
[2022-12-23T02:09:38.804+0100] {processor.py:153} INFO - Started process (PID=6538) to work on /home/momo/.local/lib/python3.8/site-packages/airflow/example_dags/subdags/subdag.py
[2022-12-23T02:09:38.807+0100] {processor.py:743} INFO - Processing file /home/momo/.local/lib/python3.8/site-packages/airflow/example_dags/subdags/subdag.py for tasks to queue
[2022-12-23T02:09:38.809+0100] {logging_mixin.py:137} INFO - [2022-12-23T02:09:38.809+0100] {dagbag.py:538} INFO - Filling up the DagBag from /home/momo/.local/lib/python3.8/site-packages/airflow/example_dags/subdags/subdag.py
[2022-12-23T02:09:38.817+0100] {processor.py:755} WARNING - No viable dags retrieved from /home/momo/.local/lib/python3.8/site-packages/airflow/example_dags/subdags/subdag.py
[2022-12-23T02:09:38.837+0100] {processor.py:175} INFO - Processing /home/momo/.local/lib/python3.8/site-packages/airflow/example_dags/subdags/subdag.py took 0.040 seconds
[2022-12-23T02:10:40.068+0100] {processor.py:153} INFO - Started process (PID=6595) to work on /home/momo/.local/lib/python3.8/site-packages/airflow/example_dags/subdags/subdag.py
[2022-12-23T02:10:40.070+0100] {processor.py:743} INFO - Processing file /home/momo/.local/lib/python3.8/site-packages/airflow/example_dags/subdags/subdag.py for tasks to queue
[2022-12-23T02:10:40.071+0100] {logging_mixin.py:137} INFO - [2022-12-23T02:10:40.071+0100] {dagbag.py:538} INFO - Filling up the DagBag from /home/momo/.local/lib/python3.8/site-packages/airflow/example_dags/subdags/subdag.py
[2022-12-23T02:10:40.078+0100] {processor.py:755} WARNING - No viable dags retrieved from /home/momo/.local/lib/python3.8/site-packages/airflow/example_dags/subdags/subdag.py
[2022-12-23T02:10:40.100+0100] {processor.py:175} INFO - Processing /home/momo/.local/lib/python3.8/site-packages/airflow/example_dags/subdags/subdag.py took 0.044 seconds
[2022-12-23T02:11:22.101+0100] {processor.py:153} INFO - Started process (PID=6632) to work on /home/momo/.local/lib/python3.8/site-packages/airflow/example_dags/subdags/subdag.py
[2022-12-23T02:11:22.102+0100] {processor.py:743} INFO - Processing file /home/momo/.local/lib/python3.8/site-packages/airflow/example_dags/subdags/subdag.py for tasks to queue
[2022-12-23T02:11:22.103+0100] {logging_mixin.py:137} INFO - [2022-12-23T02:11:22.103+0100] {dagbag.py:538} INFO - Filling up the DagBag from /home/momo/.local/lib/python3.8/site-packages/airflow/example_dags/subdags/subdag.py
[2022-12-23T02:11:22.119+0100] {processor.py:755} WARNING - No viable dags retrieved from /home/momo/.local/lib/python3.8/site-packages/airflow/example_dags/subdags/subdag.py
[2022-12-23T02:11:22.141+0100] {processor.py:175} INFO - Processing /home/momo/.local/lib/python3.8/site-packages/airflow/example_dags/subdags/subdag.py took 0.044 seconds
[2022-12-23T02:12:04.089+0100] {processor.py:153} INFO - Started process (PID=6669) to work on /home/momo/.local/lib/python3.8/site-packages/airflow/example_dags/subdags/subdag.py
[2022-12-23T02:12:04.093+0100] {processor.py:743} INFO - Processing file /home/momo/.local/lib/python3.8/site-packages/airflow/example_dags/subdags/subdag.py for tasks to queue
[2022-12-23T02:12:04.096+0100] {logging_mixin.py:137} INFO - [2022-12-23T02:12:04.095+0100] {dagbag.py:538} INFO - Filling up the DagBag from /home/momo/.local/lib/python3.8/site-packages/airflow/example_dags/subdags/subdag.py
[2022-12-23T02:12:04.109+0100] {processor.py:755} WARNING - No viable dags retrieved from /home/momo/.local/lib/python3.8/site-packages/airflow/example_dags/subdags/subdag.py
[2022-12-23T02:12:04.128+0100] {processor.py:175} INFO - Processing /home/momo/.local/lib/python3.8/site-packages/airflow/example_dags/subdags/subdag.py took 0.051 seconds
[2022-12-23T02:12:43.358+0100] {processor.py:153} INFO - Started process (PID=6702) to work on /home/momo/.local/lib/python3.8/site-packages/airflow/example_dags/subdags/subdag.py
[2022-12-23T02:12:43.363+0100] {processor.py:743} INFO - Processing file /home/momo/.local/lib/python3.8/site-packages/airflow/example_dags/subdags/subdag.py for tasks to queue
[2022-12-23T02:12:43.366+0100] {logging_mixin.py:137} INFO - [2022-12-23T02:12:43.365+0100] {dagbag.py:538} INFO - Filling up the DagBag from /home/momo/.local/lib/python3.8/site-packages/airflow/example_dags/subdags/subdag.py
[2022-12-23T02:12:43.380+0100] {processor.py:755} WARNING - No viable dags retrieved from /home/momo/.local/lib/python3.8/site-packages/airflow/example_dags/subdags/subdag.py
[2022-12-23T02:12:43.398+0100] {processor.py:175} INFO - Processing /home/momo/.local/lib/python3.8/site-packages/airflow/example_dags/subdags/subdag.py took 0.053 seconds
[2022-12-23T02:13:43.834+0100] {processor.py:153} INFO - Started process (PID=6752) to work on /home/momo/.local/lib/python3.8/site-packages/airflow/example_dags/subdags/subdag.py
[2022-12-23T02:13:43.838+0100] {processor.py:743} INFO - Processing file /home/momo/.local/lib/python3.8/site-packages/airflow/example_dags/subdags/subdag.py for tasks to queue
[2022-12-23T02:13:43.841+0100] {logging_mixin.py:137} INFO - [2022-12-23T02:13:43.841+0100] {dagbag.py:538} INFO - Filling up the DagBag from /home/momo/.local/lib/python3.8/site-packages/airflow/example_dags/subdags/subdag.py
[2022-12-23T02:13:43.851+0100] {processor.py:755} WARNING - No viable dags retrieved from /home/momo/.local/lib/python3.8/site-packages/airflow/example_dags/subdags/subdag.py
[2022-12-23T02:13:43.869+0100] {processor.py:175} INFO - Processing /home/momo/.local/lib/python3.8/site-packages/airflow/example_dags/subdags/subdag.py took 0.049 seconds
[2022-12-23T02:14:27.400+0100] {processor.py:153} INFO - Started process (PID=6786) to work on /home/momo/.local/lib/python3.8/site-packages/airflow/example_dags/subdags/subdag.py
[2022-12-23T02:14:27.403+0100] {processor.py:743} INFO - Processing file /home/momo/.local/lib/python3.8/site-packages/airflow/example_dags/subdags/subdag.py for tasks to queue
[2022-12-23T02:14:27.405+0100] {logging_mixin.py:137} INFO - [2022-12-23T02:14:27.404+0100] {dagbag.py:538} INFO - Filling up the DagBag from /home/momo/.local/lib/python3.8/site-packages/airflow/example_dags/subdags/subdag.py
[2022-12-23T02:14:27.414+0100] {processor.py:755} WARNING - No viable dags retrieved from /home/momo/.local/lib/python3.8/site-packages/airflow/example_dags/subdags/subdag.py
[2022-12-23T02:14:27.430+0100] {processor.py:175} INFO - Processing /home/momo/.local/lib/python3.8/site-packages/airflow/example_dags/subdags/subdag.py took 0.050 seconds
[2022-12-23T02:15:10.822+0100] {processor.py:153} INFO - Started process (PID=6825) to work on /home/momo/.local/lib/python3.8/site-packages/airflow/example_dags/subdags/subdag.py
[2022-12-23T02:15:10.825+0100] {processor.py:743} INFO - Processing file /home/momo/.local/lib/python3.8/site-packages/airflow/example_dags/subdags/subdag.py for tasks to queue
[2022-12-23T02:15:10.827+0100] {logging_mixin.py:137} INFO - [2022-12-23T02:15:10.826+0100] {dagbag.py:538} INFO - Filling up the DagBag from /home/momo/.local/lib/python3.8/site-packages/airflow/example_dags/subdags/subdag.py
[2022-12-23T02:15:10.840+0100] {processor.py:755} WARNING - No viable dags retrieved from /home/momo/.local/lib/python3.8/site-packages/airflow/example_dags/subdags/subdag.py
[2022-12-23T02:15:10.874+0100] {processor.py:175} INFO - Processing /home/momo/.local/lib/python3.8/site-packages/airflow/example_dags/subdags/subdag.py took 0.073 seconds
[2022-12-23T02:15:53.313+0100] {processor.py:153} INFO - Started process (PID=6861) to work on /home/momo/.local/lib/python3.8/site-packages/airflow/example_dags/subdags/subdag.py
[2022-12-23T02:15:53.315+0100] {processor.py:743} INFO - Processing file /home/momo/.local/lib/python3.8/site-packages/airflow/example_dags/subdags/subdag.py for tasks to queue
[2022-12-23T02:15:53.316+0100] {logging_mixin.py:137} INFO - [2022-12-23T02:15:53.316+0100] {dagbag.py:538} INFO - Filling up the DagBag from /home/momo/.local/lib/python3.8/site-packages/airflow/example_dags/subdags/subdag.py
[2022-12-23T02:15:53.321+0100] {processor.py:755} WARNING - No viable dags retrieved from /home/momo/.local/lib/python3.8/site-packages/airflow/example_dags/subdags/subdag.py
[2022-12-23T02:15:53.338+0100] {processor.py:175} INFO - Processing /home/momo/.local/lib/python3.8/site-packages/airflow/example_dags/subdags/subdag.py took 0.031 seconds
[2022-12-23T02:16:48.185+0100] {processor.py:153} INFO - Started process (PID=6910) to work on /home/momo/.local/lib/python3.8/site-packages/airflow/example_dags/subdags/subdag.py
[2022-12-23T02:16:48.190+0100] {processor.py:743} INFO - Processing file /home/momo/.local/lib/python3.8/site-packages/airflow/example_dags/subdags/subdag.py for tasks to queue
[2022-12-23T02:16:48.193+0100] {logging_mixin.py:137} INFO - [2022-12-23T02:16:48.192+0100] {dagbag.py:538} INFO - Filling up the DagBag from /home/momo/.local/lib/python3.8/site-packages/airflow/example_dags/subdags/subdag.py
[2022-12-23T02:16:48.208+0100] {processor.py:755} WARNING - No viable dags retrieved from /home/momo/.local/lib/python3.8/site-packages/airflow/example_dags/subdags/subdag.py
[2022-12-23T02:16:48.228+0100] {processor.py:175} INFO - Processing /home/momo/.local/lib/python3.8/site-packages/airflow/example_dags/subdags/subdag.py took 0.056 seconds
[2022-12-23T02:17:49.265+0100] {processor.py:153} INFO - Started process (PID=6968) to work on /home/momo/.local/lib/python3.8/site-packages/airflow/example_dags/subdags/subdag.py
[2022-12-23T02:17:49.270+0100] {processor.py:743} INFO - Processing file /home/momo/.local/lib/python3.8/site-packages/airflow/example_dags/subdags/subdag.py for tasks to queue
[2022-12-23T02:17:49.273+0100] {logging_mixin.py:137} INFO - [2022-12-23T02:17:49.272+0100] {dagbag.py:538} INFO - Filling up the DagBag from /home/momo/.local/lib/python3.8/site-packages/airflow/example_dags/subdags/subdag.py
[2022-12-23T02:17:49.291+0100] {processor.py:755} WARNING - No viable dags retrieved from /home/momo/.local/lib/python3.8/site-packages/airflow/example_dags/subdags/subdag.py
[2022-12-23T02:17:49.343+0100] {processor.py:175} INFO - Processing /home/momo/.local/lib/python3.8/site-packages/airflow/example_dags/subdags/subdag.py took 0.095 seconds
[2022-12-23T02:18:34.669+0100] {processor.py:153} INFO - Started process (PID=7004) to work on /home/momo/.local/lib/python3.8/site-packages/airflow/example_dags/subdags/subdag.py
[2022-12-23T02:18:34.671+0100] {processor.py:743} INFO - Processing file /home/momo/.local/lib/python3.8/site-packages/airflow/example_dags/subdags/subdag.py for tasks to queue
[2022-12-23T02:18:34.672+0100] {logging_mixin.py:137} INFO - [2022-12-23T02:18:34.672+0100] {dagbag.py:538} INFO - Filling up the DagBag from /home/momo/.local/lib/python3.8/site-packages/airflow/example_dags/subdags/subdag.py
[2022-12-23T02:18:34.681+0100] {processor.py:755} WARNING - No viable dags retrieved from /home/momo/.local/lib/python3.8/site-packages/airflow/example_dags/subdags/subdag.py
[2022-12-23T02:18:34.701+0100] {processor.py:175} INFO - Processing /home/momo/.local/lib/python3.8/site-packages/airflow/example_dags/subdags/subdag.py took 0.040 seconds
[2022-12-23T02:19:13.324+0100] {processor.py:153} INFO - Started process (PID=7067) to work on /home/momo/.local/lib/python3.8/site-packages/airflow/example_dags/subdags/subdag.py
[2022-12-23T02:19:13.326+0100] {processor.py:743} INFO - Processing file /home/momo/.local/lib/python3.8/site-packages/airflow/example_dags/subdags/subdag.py for tasks to queue
[2022-12-23T02:19:13.327+0100] {logging_mixin.py:137} INFO - [2022-12-23T02:19:13.327+0100] {dagbag.py:538} INFO - Filling up the DagBag from /home/momo/.local/lib/python3.8/site-packages/airflow/example_dags/subdags/subdag.py
[2022-12-23T02:19:13.333+0100] {processor.py:755} WARNING - No viable dags retrieved from /home/momo/.local/lib/python3.8/site-packages/airflow/example_dags/subdags/subdag.py
[2022-12-23T02:19:13.346+0100] {processor.py:175} INFO - Processing /home/momo/.local/lib/python3.8/site-packages/airflow/example_dags/subdags/subdag.py took 0.025 seconds
[2022-12-23T02:20:12.302+0100] {processor.py:153} INFO - Started process (PID=7136) to work on /home/momo/.local/lib/python3.8/site-packages/airflow/example_dags/subdags/subdag.py
[2022-12-23T02:20:12.306+0100] {processor.py:743} INFO - Processing file /home/momo/.local/lib/python3.8/site-packages/airflow/example_dags/subdags/subdag.py for tasks to queue
[2022-12-23T02:20:12.309+0100] {logging_mixin.py:137} INFO - [2022-12-23T02:20:12.308+0100] {dagbag.py:538} INFO - Filling up the DagBag from /home/momo/.local/lib/python3.8/site-packages/airflow/example_dags/subdags/subdag.py
[2022-12-23T02:20:12.325+0100] {processor.py:755} WARNING - No viable dags retrieved from /home/momo/.local/lib/python3.8/site-packages/airflow/example_dags/subdags/subdag.py
[2022-12-23T02:20:12.389+0100] {processor.py:175} INFO - Processing /home/momo/.local/lib/python3.8/site-packages/airflow/example_dags/subdags/subdag.py took 0.103 seconds
[2022-12-23T02:20:57.051+0100] {processor.py:153} INFO - Started process (PID=7173) to work on /home/momo/.local/lib/python3.8/site-packages/airflow/example_dags/subdags/subdag.py
[2022-12-23T02:20:57.055+0100] {processor.py:743} INFO - Processing file /home/momo/.local/lib/python3.8/site-packages/airflow/example_dags/subdags/subdag.py for tasks to queue
[2022-12-23T02:20:57.058+0100] {logging_mixin.py:137} INFO - [2022-12-23T02:20:57.057+0100] {dagbag.py:538} INFO - Filling up the DagBag from /home/momo/.local/lib/python3.8/site-packages/airflow/example_dags/subdags/subdag.py
[2022-12-23T02:20:57.073+0100] {processor.py:755} WARNING - No viable dags retrieved from /home/momo/.local/lib/python3.8/site-packages/airflow/example_dags/subdags/subdag.py
[2022-12-23T02:20:57.091+0100] {processor.py:175} INFO - Processing /home/momo/.local/lib/python3.8/site-packages/airflow/example_dags/subdags/subdag.py took 0.052 seconds
[2022-12-23T02:21:38.789+0100] {processor.py:153} INFO - Started process (PID=7212) to work on /home/momo/.local/lib/python3.8/site-packages/airflow/example_dags/subdags/subdag.py
[2022-12-23T02:21:38.792+0100] {processor.py:743} INFO - Processing file /home/momo/.local/lib/python3.8/site-packages/airflow/example_dags/subdags/subdag.py for tasks to queue
[2022-12-23T02:21:38.794+0100] {logging_mixin.py:137} INFO - [2022-12-23T02:21:38.793+0100] {dagbag.py:538} INFO - Filling up the DagBag from /home/momo/.local/lib/python3.8/site-packages/airflow/example_dags/subdags/subdag.py
[2022-12-23T02:21:38.801+0100] {processor.py:755} WARNING - No viable dags retrieved from /home/momo/.local/lib/python3.8/site-packages/airflow/example_dags/subdags/subdag.py
[2022-12-23T02:21:38.817+0100] {processor.py:175} INFO - Processing /home/momo/.local/lib/python3.8/site-packages/airflow/example_dags/subdags/subdag.py took 0.039 seconds
