[2023-01-02T07:41:21.167+0100] {taskinstance.py:1087} INFO - Dependencies all met for <TaskInstance: spark_airflow_project.stop_spark_process manual__2023-01-02T06:37:35.274088+00:00 [queued]>
[2023-01-02T07:41:21.176+0100] {taskinstance.py:1087} INFO - Dependencies all met for <TaskInstance: spark_airflow_project.stop_spark_process manual__2023-01-02T06:37:35.274088+00:00 [queued]>
[2023-01-02T07:41:21.176+0100] {taskinstance.py:1283} INFO - 
--------------------------------------------------------------------------------
[2023-01-02T07:41:21.176+0100] {taskinstance.py:1284} INFO - Starting attempt 1 of 4
[2023-01-02T07:41:21.176+0100] {taskinstance.py:1285} INFO - 
--------------------------------------------------------------------------------
[2023-01-02T07:41:21.189+0100] {taskinstance.py:1304} INFO - Executing <Task(PythonOperator): stop_spark_process> on 2023-01-02 06:37:35.274088+00:00
[2023-01-02T07:41:21.193+0100] {standard_task_runner.py:55} INFO - Started process 9227 to run task
[2023-01-02T07:41:21.196+0100] {standard_task_runner.py:82} INFO - Running: ['airflow', 'tasks', 'run', 'spark_airflow_project', 'stop_spark_process', 'manual__2023-01-02T06:37:35.274088+00:00', '--job-id', '107', '--raw', '--subdir', 'DAGS_FOLDER/spark_airflow.py', '--cfg-path', '/tmp/tmpwzuwkqcf']
[2023-01-02T07:41:21.199+0100] {standard_task_runner.py:83} INFO - Job 107: Subtask stop_spark_process
[2023-01-02T07:41:21.238+0100] {task_command.py:389} INFO - Running <TaskInstance: spark_airflow_project.stop_spark_process manual__2023-01-02T06:37:35.274088+00:00 [running]> on host momo-VirtualBox
[2023-01-02T07:41:21.279+0100] {taskinstance.py:1511} INFO - Exporting the following env vars:
AIRFLOW_CTX_DAG_OWNER=Ranga
AIRFLOW_CTX_DAG_ID=spark_airflow_project
AIRFLOW_CTX_TASK_ID=stop_spark_process
AIRFLOW_CTX_EXECUTION_DATE=2023-01-02T06:37:35.274088+00:00
AIRFLOW_CTX_TRY_NUMBER=1
AIRFLOW_CTX_DAG_RUN_ID=manual__2023-01-02T06:37:35.274088+00:00
[2023-01-02T07:41:21.287+0100] {python.py:177} INFO - Done. Returned value was: None
[2023-01-02T07:41:21.293+0100] {taskinstance.py:1322} INFO - Marking task as SUCCESS. dag_id=spark_airflow_project, task_id=stop_spark_process, execution_date=20230102T063735, start_date=20230102T064121, end_date=20230102T064121
[2023-01-02T07:41:21.329+0100] {local_task_job.py:159} INFO - Task exited with return code 0
[2023-01-02T07:41:21.347+0100] {taskinstance.py:2582} INFO - 1 downstream tasks scheduled from follow-on schedule check
