[2023-01-02T07:38:14.748+0100] {taskinstance.py:1087} INFO - Dependencies all met for <TaskInstance: spark_airflow_project.start_spark_data manual__2023-01-02T06:37:35.274088+00:00 [queued]>
[2023-01-02T07:38:14.756+0100] {taskinstance.py:1087} INFO - Dependencies all met for <TaskInstance: spark_airflow_project.start_spark_data manual__2023-01-02T06:37:35.274088+00:00 [queued]>
[2023-01-02T07:38:14.756+0100] {taskinstance.py:1283} INFO - 
--------------------------------------------------------------------------------
[2023-01-02T07:38:14.756+0100] {taskinstance.py:1284} INFO - Starting attempt 1 of 4
[2023-01-02T07:38:14.756+0100] {taskinstance.py:1285} INFO - 
--------------------------------------------------------------------------------
[2023-01-02T07:38:14.769+0100] {taskinstance.py:1304} INFO - Executing <Task(PythonOperator): start_spark_data> on 2023-01-02 06:37:35.274088+00:00
[2023-01-02T07:38:14.774+0100] {standard_task_runner.py:55} INFO - Started process 6758 to run task
[2023-01-02T07:38:14.777+0100] {standard_task_runner.py:82} INFO - Running: ['airflow', 'tasks', 'run', 'spark_airflow_project', 'start_spark_data', 'manual__2023-01-02T06:37:35.274088+00:00', '--job-id', '96', '--raw', '--subdir', 'DAGS_FOLDER/spark_airflow.py', '--cfg-path', '/tmp/tmpajifrd3q']
[2023-01-02T07:38:14.778+0100] {standard_task_runner.py:83} INFO - Job 96: Subtask start_spark_data
[2023-01-02T07:38:14.821+0100] {task_command.py:389} INFO - Running <TaskInstance: spark_airflow_project.start_spark_data manual__2023-01-02T06:37:35.274088+00:00 [running]> on host momo-VirtualBox
[2023-01-02T07:38:14.867+0100] {taskinstance.py:1511} INFO - Exporting the following env vars:
AIRFLOW_CTX_DAG_OWNER=Ranga
AIRFLOW_CTX_DAG_ID=spark_airflow_project
AIRFLOW_CTX_TASK_ID=start_spark_data
AIRFLOW_CTX_EXECUTION_DATE=2023-01-02T06:37:35.274088+00:00
AIRFLOW_CTX_TRY_NUMBER=1
AIRFLOW_CTX_DAG_RUN_ID=manual__2023-01-02T06:37:35.274088+00:00
[2023-01-02T07:38:14.879+0100] {python.py:177} INFO - Done. Returned value was: None
[2023-01-02T07:38:14.884+0100] {taskinstance.py:1322} INFO - Marking task as SUCCESS. dag_id=spark_airflow_project, task_id=start_spark_data, execution_date=20230102T063735, start_date=20230102T063814, end_date=20230102T063814
[2023-01-02T07:38:14.911+0100] {local_task_job.py:159} INFO - Task exited with return code 0
[2023-01-02T07:38:14.931+0100] {taskinstance.py:2582} INFO - 1 downstream tasks scheduled from follow-on schedule check
