[2023-01-02T07:40:28.079+0100] {taskinstance.py:1087} INFO - Dependencies all met for <TaskInstance: spark_airflow_project.stop_spark_process scheduled__2023-01-02T05:00:00+00:00 [queued]>
[2023-01-02T07:40:28.090+0100] {taskinstance.py:1087} INFO - Dependencies all met for <TaskInstance: spark_airflow_project.stop_spark_process scheduled__2023-01-02T05:00:00+00:00 [queued]>
[2023-01-02T07:40:28.090+0100] {taskinstance.py:1283} INFO - 
--------------------------------------------------------------------------------
[2023-01-02T07:40:28.090+0100] {taskinstance.py:1284} INFO - Starting attempt 1 of 4
[2023-01-02T07:40:28.091+0100] {taskinstance.py:1285} INFO - 
--------------------------------------------------------------------------------
[2023-01-02T07:40:28.101+0100] {taskinstance.py:1304} INFO - Executing <Task(PythonOperator): stop_spark_process> on 2023-01-02 05:00:00+00:00
[2023-01-02T07:40:28.104+0100] {standard_task_runner.py:55} INFO - Started process 8597 to run task
[2023-01-02T07:40:28.109+0100] {standard_task_runner.py:82} INFO - Running: ['airflow', 'tasks', 'run', 'spark_airflow_project', 'stop_spark_process', 'scheduled__2023-01-02T05:00:00+00:00', '--job-id', '102', '--raw', '--subdir', 'DAGS_FOLDER/spark_airflow.py', '--cfg-path', '/tmp/tmp6srpo8dx']
[2023-01-02T07:40:28.110+0100] {standard_task_runner.py:83} INFO - Job 102: Subtask stop_spark_process
[2023-01-02T07:40:28.149+0100] {task_command.py:389} INFO - Running <TaskInstance: spark_airflow_project.stop_spark_process scheduled__2023-01-02T05:00:00+00:00 [running]> on host momo-VirtualBox
[2023-01-02T07:40:28.190+0100] {taskinstance.py:1511} INFO - Exporting the following env vars:
AIRFLOW_CTX_DAG_OWNER=Ranga
AIRFLOW_CTX_DAG_ID=spark_airflow_project
AIRFLOW_CTX_TASK_ID=stop_spark_process
AIRFLOW_CTX_EXECUTION_DATE=2023-01-02T05:00:00+00:00
AIRFLOW_CTX_TRY_NUMBER=1
AIRFLOW_CTX_DAG_RUN_ID=scheduled__2023-01-02T05:00:00+00:00
[2023-01-02T07:40:28.197+0100] {python.py:177} INFO - Done. Returned value was: None
[2023-01-02T07:40:28.202+0100] {taskinstance.py:1322} INFO - Marking task as SUCCESS. dag_id=spark_airflow_project, task_id=stop_spark_process, execution_date=20230102T050000, start_date=20230102T064028, end_date=20230102T064028
[2023-01-02T07:40:28.240+0100] {local_task_job.py:159} INFO - Task exited with return code 0
[2023-01-02T07:40:28.251+0100] {taskinstance.py:2582} INFO - 1 downstream tasks scheduled from follow-on schedule check
