[2022-12-29T23:58:31.549+0100] {taskinstance.py:1087} INFO - Dependencies all met for <TaskInstance: example_spark_operator.python_job manual__2022-12-29T22:58:25.281770+00:00 [queued]>
[2022-12-29T23:58:31.574+0100] {taskinstance.py:1087} INFO - Dependencies all met for <TaskInstance: example_spark_operator.python_job manual__2022-12-29T22:58:25.281770+00:00 [queued]>
[2022-12-29T23:58:31.574+0100] {taskinstance.py:1283} INFO - 
--------------------------------------------------------------------------------
[2022-12-29T23:58:31.574+0100] {taskinstance.py:1284} INFO - Starting attempt 1 of 1
[2022-12-29T23:58:31.574+0100] {taskinstance.py:1285} INFO - 
--------------------------------------------------------------------------------
[2022-12-29T23:58:31.604+0100] {taskinstance.py:1304} INFO - Executing <Task(SparkSubmitOperator): python_job> on 2022-12-29 22:58:25.281770+00:00
[2022-12-29T23:58:31.610+0100] {standard_task_runner.py:55} INFO - Started process 13754 to run task
[2022-12-29T23:58:31.621+0100] {standard_task_runner.py:82} INFO - Running: ['airflow', 'tasks', 'run', 'example_spark_operator', 'python_job', 'manual__2022-12-29T22:58:25.281770+00:00', '--job-id', '60', '--raw', '--subdir', 'DAGS_FOLDER/spark_dag.py', '--cfg-path', '/tmp/tmppac2rlby']
[2022-12-29T23:58:31.626+0100] {standard_task_runner.py:83} INFO - Job 60: Subtask python_job
[2022-12-29T23:58:31.740+0100] {task_command.py:389} INFO - Running <TaskInstance: example_spark_operator.python_job manual__2022-12-29T22:58:25.281770+00:00 [running]> on host momo-VirtualBox
[2022-12-29T23:58:31.827+0100] {taskinstance.py:1511} INFO - Exporting the following env vars:
AIRFLOW_CTX_DAG_OWNER=Airflow
AIRFLOW_CTX_DAG_ID=example_spark_operator
AIRFLOW_CTX_TASK_ID=python_job
AIRFLOW_CTX_EXECUTION_DATE=2022-12-29T22:58:25.281770+00:00
AIRFLOW_CTX_TRY_NUMBER=1
AIRFLOW_CTX_DAG_RUN_ID=manual__2022-12-29T22:58:25.281770+00:00
[2022-12-29T23:58:31.840+0100] {base.py:73} INFO - Using connection ID 'spark_default' for task execution.
[2022-12-29T23:58:31.841+0100] {spark_submit.py:344} INFO - Spark-Submit cmd: spark-submit --master spark://momo-VirtualBox:7077 --name arrow-spark --queue root.default /opt/spark/examples/src/main/python/pi.py
[2022-12-29T23:58:38.721+0100] {spark_submit.py:495} INFO - 22/12/29 23:58:38 WARN Utils: Your hostname, momo-VirtualBox resolves to a loopback address: 127.0.1.1; using 10.0.2.15 instead (on interface enp0s3)
[2022-12-29T23:58:38.726+0100] {spark_submit.py:495} INFO - 22/12/29 23:58:38 WARN Utils: Set SPARK_LOCAL_IP if you need to bind to another address
[2022-12-29T23:58:41.162+0100] {spark_submit.py:495} INFO - 22/12/29 23:58:41 INFO SparkContext: Running Spark version 3.3.1
[2022-12-29T23:58:41.475+0100] {spark_submit.py:495} INFO - 22/12/29 23:58:41 WARN NativeCodeLoader: Unable to load native-hadoop library for your platform... using builtin-java classes where applicable
[2022-12-29T23:58:41.964+0100] {spark_submit.py:495} INFO - 22/12/29 23:58:41 INFO ResourceUtils: ==============================================================
[2022-12-29T23:58:41.971+0100] {spark_submit.py:495} INFO - 22/12/29 23:58:41 INFO ResourceUtils: No custom resources configured for spark.driver.
[2022-12-29T23:58:41.977+0100] {spark_submit.py:495} INFO - 22/12/29 23:58:41 INFO ResourceUtils: ==============================================================
[2022-12-29T23:58:41.978+0100] {spark_submit.py:495} INFO - 22/12/29 23:58:41 INFO SparkContext: Submitted application: PythonPi
[2022-12-29T23:58:42.096+0100] {spark_submit.py:495} INFO - 22/12/29 23:58:42 INFO ResourceProfile: Default ResourceProfile created, executor resources: Map(cores -> name: cores, amount: 1, script: , vendor: , memory -> name: memory, amount: 1024, script: , vendor: , offHeap -> name: offHeap, amount: 0, script: , vendor: ), task resources: Map(cpus -> name: cpus, amount: 1.0)
[2022-12-29T23:58:42.127+0100] {spark_submit.py:495} INFO - 22/12/29 23:58:42 INFO ResourceProfile: Limiting resource is cpu
[2022-12-29T23:58:42.129+0100] {spark_submit.py:495} INFO - 22/12/29 23:58:42 INFO ResourceProfileManager: Added ResourceProfile id: 0
[2022-12-29T23:58:42.261+0100] {spark_submit.py:495} INFO - 22/12/29 23:58:42 INFO SecurityManager: Changing view acls to: momo
[2022-12-29T23:58:42.263+0100] {spark_submit.py:495} INFO - 22/12/29 23:58:42 INFO SecurityManager: Changing modify acls to: momo
[2022-12-29T23:58:42.269+0100] {spark_submit.py:495} INFO - 22/12/29 23:58:42 INFO SecurityManager: Changing view acls groups to:
[2022-12-29T23:58:42.276+0100] {spark_submit.py:495} INFO - 22/12/29 23:58:42 INFO SecurityManager: Changing modify acls groups to:
[2022-12-29T23:58:42.277+0100] {spark_submit.py:495} INFO - 22/12/29 23:58:42 INFO SecurityManager: SecurityManager: authentication disabled; ui acls disabled; users  with view permissions: Set(momo); groups with view permissions: Set(); users  with modify permissions: Set(momo); groups with modify permissions: Set()
[2022-12-29T23:58:43.413+0100] {spark_submit.py:495} INFO - 22/12/29 23:58:43 INFO Utils: Successfully started service 'sparkDriver' on port 44809.
[2022-12-29T23:58:43.540+0100] {spark_submit.py:495} INFO - 22/12/29 23:58:43 INFO SparkEnv: Registering MapOutputTracker
[2022-12-29T23:58:43.695+0100] {spark_submit.py:495} INFO - 22/12/29 23:58:43 INFO SparkEnv: Registering BlockManagerMaster
[2022-12-29T23:58:43.761+0100] {spark_submit.py:495} INFO - 22/12/29 23:58:43 INFO BlockManagerMasterEndpoint: Using org.apache.spark.storage.DefaultTopologyMapper for getting topology information
[2022-12-29T23:58:43.762+0100] {spark_submit.py:495} INFO - 22/12/29 23:58:43 INFO BlockManagerMasterEndpoint: BlockManagerMasterEndpoint up
[2022-12-29T23:58:43.793+0100] {spark_submit.py:495} INFO - 22/12/29 23:58:43 INFO SparkEnv: Registering BlockManagerMasterHeartbeat
[2022-12-29T23:58:43.904+0100] {spark_submit.py:495} INFO - 22/12/29 23:58:43 INFO DiskBlockManager: Created local directory at /tmp/blockmgr-2eb409cb-126f-4443-a937-dd893f95a0a9
[2022-12-29T23:58:43.995+0100] {spark_submit.py:495} INFO - 22/12/29 23:58:43 INFO MemoryStore: MemoryStore started with capacity 413.9 MiB
[2022-12-29T23:58:44.073+0100] {spark_submit.py:495} INFO - 22/12/29 23:58:44 INFO SparkEnv: Registering OutputCommitCoordinator
[2022-12-29T23:58:44.929+0100] {spark_submit.py:495} INFO - 22/12/29 23:58:44 INFO Utils: Successfully started service 'SparkUI' on port 4040.
[2022-12-29T23:58:45.492+0100] {spark_submit.py:495} INFO - 22/12/29 23:58:45 INFO StandaloneAppClient$ClientEndpoint: Connecting to master spark://momo-VirtualBox:7077...
[2022-12-29T23:58:45.702+0100] {spark_submit.py:495} INFO - 22/12/29 23:58:45 WARN StandaloneAppClient$ClientEndpoint: Failed to connect to master momo-VirtualBox:7077
[2022-12-29T23:58:45.703+0100] {spark_submit.py:495} INFO - org.apache.spark.SparkException: Exception thrown in awaitResult:
[2022-12-29T23:58:45.703+0100] {spark_submit.py:495} INFO - at org.apache.spark.util.ThreadUtils$.awaitResult(ThreadUtils.scala:301)
[2022-12-29T23:58:45.703+0100] {spark_submit.py:495} INFO - at org.apache.spark.rpc.RpcTimeout.awaitResult(RpcTimeout.scala:75)
[2022-12-29T23:58:45.703+0100] {spark_submit.py:495} INFO - at org.apache.spark.rpc.RpcEnv.setupEndpointRefByURI(RpcEnv.scala:102)
[2022-12-29T23:58:45.703+0100] {spark_submit.py:495} INFO - at org.apache.spark.rpc.RpcEnv.setupEndpointRef(RpcEnv.scala:110)
[2022-12-29T23:58:45.703+0100] {spark_submit.py:495} INFO - at org.apache.spark.deploy.client.StandaloneAppClient$ClientEndpoint$$anon$1.run(StandaloneAppClient.scala:107)
[2022-12-29T23:58:45.703+0100] {spark_submit.py:495} INFO - at java.base/java.util.concurrent.Executors$RunnableAdapter.call(Executors.java:515)
[2022-12-29T23:58:45.703+0100] {spark_submit.py:495} INFO - at java.base/java.util.concurrent.FutureTask.run(FutureTask.java:264)
[2022-12-29T23:58:45.703+0100] {spark_submit.py:495} INFO - at java.base/java.util.concurrent.ThreadPoolExecutor.runWorker(ThreadPoolExecutor.java:1128)
[2022-12-29T23:58:45.703+0100] {spark_submit.py:495} INFO - at java.base/java.util.concurrent.ThreadPoolExecutor$Worker.run(ThreadPoolExecutor.java:628)
[2022-12-29T23:58:45.703+0100] {spark_submit.py:495} INFO - at java.base/java.lang.Thread.run(Thread.java:829)
[2022-12-29T23:58:45.703+0100] {spark_submit.py:495} INFO - Caused by: java.io.IOException: Failed to connect to momo-VirtualBox/127.0.1.1:7077
[2022-12-29T23:58:45.703+0100] {spark_submit.py:495} INFO - at org.apache.spark.network.client.TransportClientFactory.createClient(TransportClientFactory.java:288)
[2022-12-29T23:58:45.703+0100] {spark_submit.py:495} INFO - at org.apache.spark.network.client.TransportClientFactory.createClient(TransportClientFactory.java:218)
[2022-12-29T23:58:45.703+0100] {spark_submit.py:495} INFO - at org.apache.spark.network.client.TransportClientFactory.createClient(TransportClientFactory.java:230)
[2022-12-29T23:58:45.703+0100] {spark_submit.py:495} INFO - at org.apache.spark.rpc.netty.NettyRpcEnv.createClient(NettyRpcEnv.scala:204)
[2022-12-29T23:58:45.704+0100] {spark_submit.py:495} INFO - at org.apache.spark.rpc.netty.Outbox$$anon$1.call(Outbox.scala:202)
[2022-12-29T23:58:45.704+0100] {spark_submit.py:495} INFO - at org.apache.spark.rpc.netty.Outbox$$anon$1.call(Outbox.scala:198)
[2022-12-29T23:58:45.705+0100] {spark_submit.py:495} INFO - ... 4 more
[2022-12-29T23:58:45.705+0100] {spark_submit.py:495} INFO - Caused by: io.netty.channel.AbstractChannel$AnnotatedConnectException: Connexion refusée: momo-VirtualBox/127.0.1.1:7077
[2022-12-29T23:58:45.705+0100] {spark_submit.py:495} INFO - Caused by: java.net.ConnectException: Connexion refusée
[2022-12-29T23:58:45.705+0100] {spark_submit.py:495} INFO - at java.base/sun.nio.ch.SocketChannelImpl.checkConnect(Native Method)
[2022-12-29T23:58:45.706+0100] {spark_submit.py:495} INFO - at java.base/sun.nio.ch.SocketChannelImpl.finishConnect(SocketChannelImpl.java:777)
[2022-12-29T23:58:45.706+0100] {spark_submit.py:495} INFO - at io.netty.channel.socket.nio.NioSocketChannel.doFinishConnect(NioSocketChannel.java:330)
[2022-12-29T23:58:45.706+0100] {spark_submit.py:495} INFO - at io.netty.channel.nio.AbstractNioChannel$AbstractNioUnsafe.finishConnect(AbstractNioChannel.java:334)
[2022-12-29T23:58:45.706+0100] {spark_submit.py:495} INFO - at io.netty.channel.nio.NioEventLoop.processSelectedKey(NioEventLoop.java:710)
[2022-12-29T23:58:45.706+0100] {spark_submit.py:495} INFO - at io.netty.channel.nio.NioEventLoop.processSelectedKeysOptimized(NioEventLoop.java:658)
[2022-12-29T23:58:45.706+0100] {spark_submit.py:495} INFO - at io.netty.channel.nio.NioEventLoop.processSelectedKeys(NioEventLoop.java:584)
[2022-12-29T23:58:45.706+0100] {spark_submit.py:495} INFO - at io.netty.channel.nio.NioEventLoop.run(NioEventLoop.java:496)
[2022-12-29T23:58:45.706+0100] {spark_submit.py:495} INFO - at io.netty.util.concurrent.SingleThreadEventExecutor$4.run(SingleThreadEventExecutor.java:986)
[2022-12-29T23:58:45.706+0100] {spark_submit.py:495} INFO - at io.netty.util.internal.ThreadExecutorMap$2.run(ThreadExecutorMap.java:74)
[2022-12-29T23:58:45.706+0100] {spark_submit.py:495} INFO - at io.netty.util.concurrent.FastThreadLocalRunnable.run(FastThreadLocalRunnable.java:30)
[2022-12-29T23:58:45.706+0100] {spark_submit.py:495} INFO - at java.base/java.lang.Thread.run(Thread.java:829)
[2022-12-29T23:59:05.461+0100] {spark_submit.py:495} INFO - 22/12/29 23:59:05 INFO StandaloneAppClient$ClientEndpoint: Connecting to master spark://momo-VirtualBox:7077...
[2022-12-29T23:59:05.475+0100] {spark_submit.py:495} INFO - 22/12/29 23:59:05 WARN StandaloneAppClient$ClientEndpoint: Failed to connect to master momo-VirtualBox:7077
[2022-12-29T23:59:05.475+0100] {spark_submit.py:495} INFO - org.apache.spark.SparkException: Exception thrown in awaitResult:
[2022-12-29T23:59:05.476+0100] {spark_submit.py:495} INFO - at org.apache.spark.util.ThreadUtils$.awaitResult(ThreadUtils.scala:301)
[2022-12-29T23:59:05.479+0100] {spark_submit.py:495} INFO - at org.apache.spark.rpc.RpcTimeout.awaitResult(RpcTimeout.scala:75)
[2022-12-29T23:59:05.479+0100] {spark_submit.py:495} INFO - at org.apache.spark.rpc.RpcEnv.setupEndpointRefByURI(RpcEnv.scala:102)
[2022-12-29T23:59:05.479+0100] {spark_submit.py:495} INFO - at org.apache.spark.rpc.RpcEnv.setupEndpointRef(RpcEnv.scala:110)
[2022-12-29T23:59:05.479+0100] {spark_submit.py:495} INFO - at org.apache.spark.deploy.client.StandaloneAppClient$ClientEndpoint$$anon$1.run(StandaloneAppClient.scala:107)
[2022-12-29T23:59:05.479+0100] {spark_submit.py:495} INFO - at java.base/java.util.concurrent.Executors$RunnableAdapter.call(Executors.java:515)
[2022-12-29T23:59:05.479+0100] {spark_submit.py:495} INFO - at java.base/java.util.concurrent.FutureTask.run(FutureTask.java:264)
[2022-12-29T23:59:05.479+0100] {spark_submit.py:495} INFO - at java.base/java.util.concurrent.ThreadPoolExecutor.runWorker(ThreadPoolExecutor.java:1128)
[2022-12-29T23:59:05.480+0100] {spark_submit.py:495} INFO - at java.base/java.util.concurrent.ThreadPoolExecutor$Worker.run(ThreadPoolExecutor.java:628)
[2022-12-29T23:59:05.480+0100] {spark_submit.py:495} INFO - at java.base/java.lang.Thread.run(Thread.java:829)
[2022-12-29T23:59:05.480+0100] {spark_submit.py:495} INFO - Caused by: java.io.IOException: Failed to connect to momo-VirtualBox/127.0.1.1:7077
[2022-12-29T23:59:05.480+0100] {spark_submit.py:495} INFO - at org.apache.spark.network.client.TransportClientFactory.createClient(TransportClientFactory.java:288)
[2022-12-29T23:59:05.480+0100] {spark_submit.py:495} INFO - at org.apache.spark.network.client.TransportClientFactory.createClient(TransportClientFactory.java:218)
[2022-12-29T23:59:05.480+0100] {spark_submit.py:495} INFO - at org.apache.spark.network.client.TransportClientFactory.createClient(TransportClientFactory.java:230)
[2022-12-29T23:59:05.480+0100] {spark_submit.py:495} INFO - at org.apache.spark.rpc.netty.NettyRpcEnv.createClient(NettyRpcEnv.scala:204)
[2022-12-29T23:59:05.480+0100] {spark_submit.py:495} INFO - at org.apache.spark.rpc.netty.Outbox$$anon$1.call(Outbox.scala:202)
[2022-12-29T23:59:05.481+0100] {spark_submit.py:495} INFO - at org.apache.spark.rpc.netty.Outbox$$anon$1.call(Outbox.scala:198)
[2022-12-29T23:59:05.481+0100] {spark_submit.py:495} INFO - ... 4 more
[2022-12-29T23:59:05.481+0100] {spark_submit.py:495} INFO - Caused by: io.netty.channel.AbstractChannel$AnnotatedConnectException: Connexion refusée: momo-VirtualBox/127.0.1.1:7077
[2022-12-29T23:59:05.481+0100] {spark_submit.py:495} INFO - Caused by: java.net.ConnectException: Connexion refusée
[2022-12-29T23:59:05.481+0100] {spark_submit.py:495} INFO - at java.base/sun.nio.ch.SocketChannelImpl.checkConnect(Native Method)
[2022-12-29T23:59:05.481+0100] {spark_submit.py:495} INFO - at java.base/sun.nio.ch.SocketChannelImpl.finishConnect(SocketChannelImpl.java:777)
[2022-12-29T23:59:05.481+0100] {spark_submit.py:495} INFO - at io.netty.channel.socket.nio.NioSocketChannel.doFinishConnect(NioSocketChannel.java:330)
[2022-12-29T23:59:05.481+0100] {spark_submit.py:495} INFO - at io.netty.channel.nio.AbstractNioChannel$AbstractNioUnsafe.finishConnect(AbstractNioChannel.java:334)
[2022-12-29T23:59:05.481+0100] {spark_submit.py:495} INFO - at io.netty.channel.nio.NioEventLoop.processSelectedKey(NioEventLoop.java:710)
[2022-12-29T23:59:05.481+0100] {spark_submit.py:495} INFO - at io.netty.channel.nio.NioEventLoop.processSelectedKeysOptimized(NioEventLoop.java:658)
[2022-12-29T23:59:05.481+0100] {spark_submit.py:495} INFO - at io.netty.channel.nio.NioEventLoop.processSelectedKeys(NioEventLoop.java:584)
[2022-12-29T23:59:05.481+0100] {spark_submit.py:495} INFO - at io.netty.channel.nio.NioEventLoop.run(NioEventLoop.java:496)
[2022-12-29T23:59:05.481+0100] {spark_submit.py:495} INFO - at io.netty.util.concurrent.SingleThreadEventExecutor$4.run(SingleThreadEventExecutor.java:986)
[2022-12-29T23:59:05.481+0100] {spark_submit.py:495} INFO - at io.netty.util.internal.ThreadExecutorMap$2.run(ThreadExecutorMap.java:74)
[2022-12-29T23:59:05.481+0100] {spark_submit.py:495} INFO - at io.netty.util.concurrent.FastThreadLocalRunnable.run(FastThreadLocalRunnable.java:30)
[2022-12-29T23:59:05.482+0100] {spark_submit.py:495} INFO - at java.base/java.lang.Thread.run(Thread.java:829)
[2022-12-29T23:59:25.464+0100] {spark_submit.py:495} INFO - 22/12/29 23:59:25 INFO StandaloneAppClient$ClientEndpoint: Connecting to master spark://momo-VirtualBox:7077...
[2022-12-29T23:59:25.473+0100] {spark_submit.py:495} INFO - 22/12/29 23:59:25 WARN StandaloneAppClient$ClientEndpoint: Failed to connect to master momo-VirtualBox:7077
[2022-12-29T23:59:25.473+0100] {spark_submit.py:495} INFO - org.apache.spark.SparkException: Exception thrown in awaitResult:
[2022-12-29T23:59:25.473+0100] {spark_submit.py:495} INFO - at org.apache.spark.util.ThreadUtils$.awaitResult(ThreadUtils.scala:301)
[2022-12-29T23:59:25.473+0100] {spark_submit.py:495} INFO - at org.apache.spark.rpc.RpcTimeout.awaitResult(RpcTimeout.scala:75)
[2022-12-29T23:59:25.473+0100] {spark_submit.py:495} INFO - at org.apache.spark.rpc.RpcEnv.setupEndpointRefByURI(RpcEnv.scala:102)
[2022-12-29T23:59:25.473+0100] {spark_submit.py:495} INFO - at org.apache.spark.rpc.RpcEnv.setupEndpointRef(RpcEnv.scala:110)
[2022-12-29T23:59:25.473+0100] {spark_submit.py:495} INFO - at org.apache.spark.deploy.client.StandaloneAppClient$ClientEndpoint$$anon$1.run(StandaloneAppClient.scala:107)
[2022-12-29T23:59:25.473+0100] {spark_submit.py:495} INFO - at java.base/java.util.concurrent.Executors$RunnableAdapter.call(Executors.java:515)
[2022-12-29T23:59:25.473+0100] {spark_submit.py:495} INFO - at java.base/java.util.concurrent.FutureTask.run(FutureTask.java:264)
[2022-12-29T23:59:25.473+0100] {spark_submit.py:495} INFO - at java.base/java.util.concurrent.ThreadPoolExecutor.runWorker(ThreadPoolExecutor.java:1128)
[2022-12-29T23:59:25.473+0100] {spark_submit.py:495} INFO - at java.base/java.util.concurrent.ThreadPoolExecutor$Worker.run(ThreadPoolExecutor.java:628)
[2022-12-29T23:59:25.474+0100] {spark_submit.py:495} INFO - at java.base/java.lang.Thread.run(Thread.java:829)
[2022-12-29T23:59:25.474+0100] {spark_submit.py:495} INFO - Caused by: java.io.IOException: Failed to connect to momo-VirtualBox/127.0.1.1:7077
[2022-12-29T23:59:25.474+0100] {spark_submit.py:495} INFO - at org.apache.spark.network.client.TransportClientFactory.createClient(TransportClientFactory.java:288)
[2022-12-29T23:59:25.474+0100] {spark_submit.py:495} INFO - at org.apache.spark.network.client.TransportClientFactory.createClient(TransportClientFactory.java:218)
[2022-12-29T23:59:25.474+0100] {spark_submit.py:495} INFO - at org.apache.spark.network.client.TransportClientFactory.createClient(TransportClientFactory.java:230)
[2022-12-29T23:59:25.474+0100] {spark_submit.py:495} INFO - at org.apache.spark.rpc.netty.NettyRpcEnv.createClient(NettyRpcEnv.scala:204)
[2022-12-29T23:59:25.474+0100] {spark_submit.py:495} INFO - at org.apache.spark.rpc.netty.Outbox$$anon$1.call(Outbox.scala:202)
[2022-12-29T23:59:25.475+0100] {spark_submit.py:495} INFO - at org.apache.spark.rpc.netty.Outbox$$anon$1.call(Outbox.scala:198)
[2022-12-29T23:59:25.475+0100] {spark_submit.py:495} INFO - ... 4 more
[2022-12-29T23:59:25.475+0100] {spark_submit.py:495} INFO - Caused by: io.netty.channel.AbstractChannel$AnnotatedConnectException: Connexion refusée: momo-VirtualBox/127.0.1.1:7077
[2022-12-29T23:59:25.475+0100] {spark_submit.py:495} INFO - Caused by: java.net.ConnectException: Connexion refusée
[2022-12-29T23:59:25.475+0100] {spark_submit.py:495} INFO - at java.base/sun.nio.ch.SocketChannelImpl.checkConnect(Native Method)
[2022-12-29T23:59:25.475+0100] {spark_submit.py:495} INFO - at java.base/sun.nio.ch.SocketChannelImpl.finishConnect(SocketChannelImpl.java:777)
[2022-12-29T23:59:25.475+0100] {spark_submit.py:495} INFO - at io.netty.channel.socket.nio.NioSocketChannel.doFinishConnect(NioSocketChannel.java:330)
[2022-12-29T23:59:25.475+0100] {spark_submit.py:495} INFO - at io.netty.channel.nio.AbstractNioChannel$AbstractNioUnsafe.finishConnect(AbstractNioChannel.java:334)
[2022-12-29T23:59:25.475+0100] {spark_submit.py:495} INFO - at io.netty.channel.nio.NioEventLoop.processSelectedKey(NioEventLoop.java:710)
[2022-12-29T23:59:25.475+0100] {spark_submit.py:495} INFO - at io.netty.channel.nio.NioEventLoop.processSelectedKeysOptimized(NioEventLoop.java:658)
[2022-12-29T23:59:25.475+0100] {spark_submit.py:495} INFO - at io.netty.channel.nio.NioEventLoop.processSelectedKeys(NioEventLoop.java:584)
[2022-12-29T23:59:25.475+0100] {spark_submit.py:495} INFO - at io.netty.channel.nio.NioEventLoop.run(NioEventLoop.java:496)
[2022-12-29T23:59:25.476+0100] {spark_submit.py:495} INFO - at io.netty.util.concurrent.SingleThreadEventExecutor$4.run(SingleThreadEventExecutor.java:986)
[2022-12-29T23:59:25.476+0100] {spark_submit.py:495} INFO - at io.netty.util.internal.ThreadExecutorMap$2.run(ThreadExecutorMap.java:74)
[2022-12-29T23:59:25.476+0100] {spark_submit.py:495} INFO - at io.netty.util.concurrent.FastThreadLocalRunnable.run(FastThreadLocalRunnable.java:30)
[2022-12-29T23:59:25.476+0100] {spark_submit.py:495} INFO - at java.base/java.lang.Thread.run(Thread.java:829)
[2022-12-29T23:59:45.464+0100] {spark_submit.py:495} INFO - 22/12/29 23:59:45 ERROR StandaloneSchedulerBackend: Application has been killed. Reason: All masters are unresponsive! Giving up.
[2022-12-29T23:59:45.467+0100] {spark_submit.py:495} INFO - 22/12/29 23:59:45 WARN StandaloneSchedulerBackend: Application ID is not initialized yet.
[2022-12-29T23:59:45.498+0100] {spark_submit.py:495} INFO - 22/12/29 23:59:45 INFO Utils: Successfully started service 'org.apache.spark.network.netty.NettyBlockTransferService' on port 44569.
[2022-12-29T23:59:45.499+0100] {spark_submit.py:495} INFO - 22/12/29 23:59:45 INFO NettyBlockTransferService: Server created on 10.0.2.15:44569
[2022-12-29T23:59:45.520+0100] {spark_submit.py:495} INFO - 22/12/29 23:59:45 INFO BlockManager: Using org.apache.spark.storage.RandomBlockReplicationPolicy for block replication policy
[2022-12-29T23:59:45.561+0100] {spark_submit.py:495} INFO - 22/12/29 23:59:45 INFO BlockManagerMaster: Registering BlockManager BlockManagerId(driver, 10.0.2.15, 44569, None)
[2022-12-29T23:59:45.567+0100] {spark_submit.py:495} INFO - 22/12/29 23:59:45 INFO SparkUI: Stopped Spark web UI at http://10.0.2.15:4040
[2022-12-29T23:59:45.588+0100] {spark_submit.py:495} INFO - 22/12/29 23:59:45 INFO BlockManagerMasterEndpoint: Registering block manager 10.0.2.15:44569 with 413.9 MiB RAM, BlockManagerId(driver, 10.0.2.15, 44569, None)
[2022-12-29T23:59:45.594+0100] {spark_submit.py:495} INFO - 22/12/29 23:59:45 INFO BlockManagerMaster: Registered BlockManager BlockManagerId(driver, 10.0.2.15, 44569, None)
[2022-12-29T23:59:45.597+0100] {spark_submit.py:495} INFO - 22/12/29 23:59:45 INFO BlockManager: Initialized BlockManager: BlockManagerId(driver, 10.0.2.15, 44569, None)
[2022-12-29T23:59:45.610+0100] {spark_submit.py:495} INFO - 22/12/29 23:59:45 INFO StandaloneSchedulerBackend: Shutting down all executors
[2022-12-29T23:59:45.618+0100] {spark_submit.py:495} INFO - 22/12/29 23:59:45 INFO CoarseGrainedSchedulerBackend$DriverEndpoint: Asking each executor to shut down
[2022-12-29T23:59:45.648+0100] {spark_submit.py:495} INFO - 22/12/29 23:59:45 WARN StandaloneAppClient$ClientEndpoint: Drop UnregisterApplication(null) because has not yet connected to master
[2022-12-29T23:59:45.750+0100] {spark_submit.py:495} INFO - 22/12/29 23:59:45 INFO MapOutputTrackerMasterEndpoint: MapOutputTrackerMasterEndpoint stopped!
[2022-12-29T23:59:45.794+0100] {spark_submit.py:495} INFO - 22/12/29 23:59:45 INFO MemoryStore: MemoryStore cleared
[2022-12-29T23:59:45.795+0100] {spark_submit.py:495} INFO - 22/12/29 23:59:45 INFO BlockManager: BlockManager stopped
[2022-12-29T23:59:45.819+0100] {spark_submit.py:495} INFO - 22/12/29 23:59:45 INFO BlockManagerMaster: BlockManagerMaster stopped
[2022-12-29T23:59:45.838+0100] {spark_submit.py:495} INFO - 22/12/29 23:59:45 INFO OutputCommitCoordinator$OutputCommitCoordinatorEndpoint: OutputCommitCoordinator stopped!
[2022-12-29T23:59:45.875+0100] {spark_submit.py:495} INFO - 22/12/29 23:59:45 INFO SparkContext: Successfully stopped SparkContext
[2022-12-29T23:59:46.306+0100] {spark_submit.py:495} INFO - 22/12/29 23:59:46 ERROR AsyncEventQueue: Listener AppStatusListener threw an exception
[2022-12-29T23:59:46.307+0100] {spark_submit.py:495} INFO - java.lang.NullPointerException
[2022-12-29T23:59:46.307+0100] {spark_submit.py:495} INFO - at org.apache.spark.status.AppStatusListener.onApplicationEnd(AppStatusListener.scala:192)
[2022-12-29T23:59:46.307+0100] {spark_submit.py:495} INFO - at org.apache.spark.scheduler.SparkListenerBus.doPostEvent(SparkListenerBus.scala:57)
[2022-12-29T23:59:46.307+0100] {spark_submit.py:495} INFO - at org.apache.spark.scheduler.SparkListenerBus.doPostEvent$(SparkListenerBus.scala:28)
[2022-12-29T23:59:46.307+0100] {spark_submit.py:495} INFO - at org.apache.spark.scheduler.AsyncEventQueue.doPostEvent(AsyncEventQueue.scala:37)
[2022-12-29T23:59:46.307+0100] {spark_submit.py:495} INFO - at org.apache.spark.scheduler.AsyncEventQueue.doPostEvent(AsyncEventQueue.scala:37)
[2022-12-29T23:59:46.307+0100] {spark_submit.py:495} INFO - at org.apache.spark.util.ListenerBus.postToAll(ListenerBus.scala:117)
[2022-12-29T23:59:46.307+0100] {spark_submit.py:495} INFO - at org.apache.spark.util.ListenerBus.postToAll$(ListenerBus.scala:101)
[2022-12-29T23:59:46.307+0100] {spark_submit.py:495} INFO - at org.apache.spark.scheduler.AsyncEventQueue.super$postToAll(AsyncEventQueue.scala:105)
[2022-12-29T23:59:46.307+0100] {spark_submit.py:495} INFO - at org.apache.spark.scheduler.AsyncEventQueue.$anonfun$dispatch$1(AsyncEventQueue.scala:105)
[2022-12-29T23:59:46.307+0100] {spark_submit.py:495} INFO - at scala.runtime.java8.JFunction0$mcJ$sp.apply(JFunction0$mcJ$sp.java:23)
[2022-12-29T23:59:46.307+0100] {spark_submit.py:495} INFO - at scala.util.DynamicVariable.withValue(DynamicVariable.scala:62)
[2022-12-29T23:59:46.307+0100] {spark_submit.py:495} INFO - at org.apache.spark.scheduler.AsyncEventQueue.org$apache$spark$scheduler$AsyncEventQueue$$dispatch(AsyncEventQueue.scala:100)
[2022-12-29T23:59:46.307+0100] {spark_submit.py:495} INFO - at org.apache.spark.scheduler.AsyncEventQueue$$anon$2.$anonfun$run$1(AsyncEventQueue.scala:96)
[2022-12-29T23:59:46.308+0100] {spark_submit.py:495} INFO - at org.apache.spark.util.Utils$.tryOrStopSparkContext(Utils.scala:1446)
[2022-12-29T23:59:46.310+0100] {spark_submit.py:495} INFO - at org.apache.spark.scheduler.AsyncEventQueue$$anon$2.run(AsyncEventQueue.scala:96)
[2022-12-29T23:59:46.436+0100] {spark_submit.py:495} INFO - 22/12/29 23:59:46 ERROR SparkContext: Error initializing SparkContext.
[2022-12-29T23:59:46.436+0100] {spark_submit.py:495} INFO - java.lang.IllegalArgumentException: requirement failed: Can only call getServletHandlers on a running MetricsSystem
[2022-12-29T23:59:46.436+0100] {spark_submit.py:495} INFO - at scala.Predef$.require(Predef.scala:281)
[2022-12-29T23:59:46.436+0100] {spark_submit.py:495} INFO - at org.apache.spark.metrics.MetricsSystem.getServletHandlers(MetricsSystem.scala:89)
[2022-12-29T23:59:46.437+0100] {spark_submit.py:495} INFO - at org.apache.spark.SparkContext.<init>(SparkContext.scala:650)
[2022-12-29T23:59:46.437+0100] {spark_submit.py:495} INFO - at org.apache.spark.api.java.JavaSparkContext.<init>(JavaSparkContext.scala:58)
[2022-12-29T23:59:46.437+0100] {spark_submit.py:495} INFO - at java.base/jdk.internal.reflect.NativeConstructorAccessorImpl.newInstance0(Native Method)
[2022-12-29T23:59:46.437+0100] {spark_submit.py:495} INFO - at java.base/jdk.internal.reflect.NativeConstructorAccessorImpl.newInstance(NativeConstructorAccessorImpl.java:62)
[2022-12-29T23:59:46.437+0100] {spark_submit.py:495} INFO - at java.base/jdk.internal.reflect.DelegatingConstructorAccessorImpl.newInstance(DelegatingConstructorAccessorImpl.java:45)
[2022-12-29T23:59:46.437+0100] {spark_submit.py:495} INFO - at java.base/java.lang.reflect.Constructor.newInstance(Constructor.java:490)
[2022-12-29T23:59:46.437+0100] {spark_submit.py:495} INFO - at py4j.reflection.MethodInvoker.invoke(MethodInvoker.java:247)
[2022-12-29T23:59:46.437+0100] {spark_submit.py:495} INFO - at py4j.reflection.ReflectionEngine.invoke(ReflectionEngine.java:357)
[2022-12-29T23:59:46.437+0100] {spark_submit.py:495} INFO - at py4j.Gateway.invoke(Gateway.java:238)
[2022-12-29T23:59:46.437+0100] {spark_submit.py:495} INFO - at py4j.commands.ConstructorCommand.invokeConstructor(ConstructorCommand.java:80)
[2022-12-29T23:59:46.437+0100] {spark_submit.py:495} INFO - at py4j.commands.ConstructorCommand.execute(ConstructorCommand.java:69)
[2022-12-29T23:59:46.437+0100] {spark_submit.py:495} INFO - at py4j.ClientServerConnection.waitForCommands(ClientServerConnection.java:182)
[2022-12-29T23:59:46.437+0100] {spark_submit.py:495} INFO - at py4j.ClientServerConnection.run(ClientServerConnection.java:106)
[2022-12-29T23:59:46.437+0100] {spark_submit.py:495} INFO - at java.base/java.lang.Thread.run(Thread.java:829)
[2022-12-29T23:59:46.443+0100] {spark_submit.py:495} INFO - 22/12/29 23:59:46 INFO SparkContext: SparkContext already stopped.
[2022-12-29T23:59:46.692+0100] {spark_submit.py:495} INFO - Traceback (most recent call last):
[2022-12-29T23:59:46.692+0100] {spark_submit.py:495} INFO - File "/opt/spark/examples/src/main/python/pi.py", line 29, in <module>
[2022-12-29T23:59:46.692+0100] {spark_submit.py:495} INFO - spark = SparkSession\
[2022-12-29T23:59:46.692+0100] {spark_submit.py:495} INFO - File "/home/momo/.local/lib/python3.8/site-packages/pyspark/python/lib/pyspark.zip/pyspark/sql/session.py", line 269, in getOrCreate
[2022-12-29T23:59:46.693+0100] {spark_submit.py:495} INFO - File "/home/momo/.local/lib/python3.8/site-packages/pyspark/python/lib/pyspark.zip/pyspark/context.py", line 483, in getOrCreate
[2022-12-29T23:59:46.693+0100] {spark_submit.py:495} INFO - File "/home/momo/.local/lib/python3.8/site-packages/pyspark/python/lib/pyspark.zip/pyspark/context.py", line 197, in __init__
[2022-12-29T23:59:46.695+0100] {spark_submit.py:495} INFO - File "/home/momo/.local/lib/python3.8/site-packages/pyspark/python/lib/pyspark.zip/pyspark/context.py", line 282, in _do_init
[2022-12-29T23:59:46.695+0100] {spark_submit.py:495} INFO - File "/home/momo/.local/lib/python3.8/site-packages/pyspark/python/lib/pyspark.zip/pyspark/context.py", line 402, in _initialize_context
[2022-12-29T23:59:46.696+0100] {spark_submit.py:495} INFO - File "/home/momo/.local/lib/python3.8/site-packages/pyspark/python/lib/py4j-0.10.9.5-src.zip/py4j/java_gateway.py", line 1585, in __call__
[2022-12-29T23:59:46.696+0100] {spark_submit.py:495} INFO - File "/home/momo/.local/lib/python3.8/site-packages/pyspark/python/lib/py4j-0.10.9.5-src.zip/py4j/protocol.py", line 326, in get_return_value
[2022-12-29T23:59:46.697+0100] {spark_submit.py:495} INFO - py4j.protocol.Py4JJavaError: An error occurred while calling None.org.apache.spark.api.java.JavaSparkContext.
[2022-12-29T23:59:46.697+0100] {spark_submit.py:495} INFO - : java.lang.IllegalArgumentException: requirement failed: Can only call getServletHandlers on a running MetricsSystem
[2022-12-29T23:59:46.697+0100] {spark_submit.py:495} INFO - at scala.Predef$.require(Predef.scala:281)
[2022-12-29T23:59:46.697+0100] {spark_submit.py:495} INFO - at org.apache.spark.metrics.MetricsSystem.getServletHandlers(MetricsSystem.scala:89)
[2022-12-29T23:59:46.697+0100] {spark_submit.py:495} INFO - at org.apache.spark.SparkContext.<init>(SparkContext.scala:650)
[2022-12-29T23:59:46.697+0100] {spark_submit.py:495} INFO - at org.apache.spark.api.java.JavaSparkContext.<init>(JavaSparkContext.scala:58)
[2022-12-29T23:59:46.699+0100] {spark_submit.py:495} INFO - at java.base/jdk.internal.reflect.NativeConstructorAccessorImpl.newInstance0(Native Method)
[2022-12-29T23:59:46.699+0100] {spark_submit.py:495} INFO - at java.base/jdk.internal.reflect.NativeConstructorAccessorImpl.newInstance(NativeConstructorAccessorImpl.java:62)
[2022-12-29T23:59:46.699+0100] {spark_submit.py:495} INFO - at java.base/jdk.internal.reflect.DelegatingConstructorAccessorImpl.newInstance(DelegatingConstructorAccessorImpl.java:45)
[2022-12-29T23:59:46.699+0100] {spark_submit.py:495} INFO - at java.base/java.lang.reflect.Constructor.newInstance(Constructor.java:490)
[2022-12-29T23:59:46.699+0100] {spark_submit.py:495} INFO - at py4j.reflection.MethodInvoker.invoke(MethodInvoker.java:247)
[2022-12-29T23:59:46.699+0100] {spark_submit.py:495} INFO - at py4j.reflection.ReflectionEngine.invoke(ReflectionEngine.java:357)
[2022-12-29T23:59:46.699+0100] {spark_submit.py:495} INFO - at py4j.Gateway.invoke(Gateway.java:238)
[2022-12-29T23:59:46.699+0100] {spark_submit.py:495} INFO - at py4j.commands.ConstructorCommand.invokeConstructor(ConstructorCommand.java:80)
[2022-12-29T23:59:46.699+0100] {spark_submit.py:495} INFO - at py4j.commands.ConstructorCommand.execute(ConstructorCommand.java:69)
[2022-12-29T23:59:46.700+0100] {spark_submit.py:495} INFO - at py4j.ClientServerConnection.waitForCommands(ClientServerConnection.java:182)
[2022-12-29T23:59:46.700+0100] {spark_submit.py:495} INFO - at py4j.ClientServerConnection.run(ClientServerConnection.java:106)
[2022-12-29T23:59:46.700+0100] {spark_submit.py:495} INFO - at java.base/java.lang.Thread.run(Thread.java:829)
[2022-12-29T23:59:46.702+0100] {spark_submit.py:495} INFO - 
[2022-12-29T23:59:46.778+0100] {spark_submit.py:495} INFO - 22/12/29 23:59:46 INFO ShutdownHookManager: Shutdown hook called
[2022-12-29T23:59:46.781+0100] {spark_submit.py:495} INFO - 22/12/29 23:59:46 INFO ShutdownHookManager: Deleting directory /tmp/spark-b6919ac0-05cc-479d-aaee-925be57fc14e
[2022-12-29T23:59:46.791+0100] {spark_submit.py:495} INFO - 22/12/29 23:59:46 INFO ShutdownHookManager: Deleting directory /tmp/spark-ff0d5e3d-7a21-480c-ab11-31760852b30c
[2022-12-29T23:59:46.886+0100] {taskinstance.py:1772} ERROR - Task failed with exception
Traceback (most recent call last):
  File "/home/momo/.local/lib/python3.8/site-packages/airflow/providers/apache/spark/operators/spark_submit.py", line 157, in execute
    self._hook.submit(self._application)
  File "/home/momo/.local/lib/python3.8/site-packages/airflow/providers/apache/spark/hooks/spark_submit.py", line 426, in submit
    raise AirflowException(
airflow.exceptions.AirflowException: Cannot execute: spark-submit --master spark://momo-VirtualBox:7077 --name arrow-spark --queue root.default /opt/spark/examples/src/main/python/pi.py. Error code is: 1.
[2022-12-29T23:59:46.893+0100] {taskinstance.py:1322} INFO - Marking task as FAILED. dag_id=example_spark_operator, task_id=python_job, execution_date=20221229T225825, start_date=20221229T225831, end_date=20221229T225946
[2022-12-29T23:59:46.917+0100] {standard_task_runner.py:100} ERROR - Failed to execute job 60 for task python_job (Cannot execute: spark-submit --master spark://momo-VirtualBox:7077 --name arrow-spark --queue root.default /opt/spark/examples/src/main/python/pi.py. Error code is: 1.; 13754)
[2022-12-29T23:59:46.933+0100] {local_task_job.py:159} INFO - Task exited with return code 1
[2022-12-29T23:59:46.947+0100] {taskinstance.py:2582} INFO - 0 downstream tasks scheduled from follow-on schedule check
