[2022-12-23T01:00:36.422+0100] {processor.py:153} INFO - Started process (PID=27038) to work on /home/momo/.local/lib/python3.8/site-packages/airflow/example_dags/example_latest_only_with_trigger.py
[2022-12-23T01:00:36.430+0100] {processor.py:743} INFO - Processing file /home/momo/.local/lib/python3.8/site-packages/airflow/example_dags/example_latest_only_with_trigger.py for tasks to queue
[2022-12-23T01:00:36.435+0100] {logging_mixin.py:137} INFO - [2022-12-23T01:00:36.432+0100] {dagbag.py:538} INFO - Filling up the DagBag from /home/momo/.local/lib/python3.8/site-packages/airflow/example_dags/example_latest_only_with_trigger.py
[2022-12-23T01:00:36.492+0100] {processor.py:753} INFO - DAG(s) dict_keys(['latest_only_with_trigger']) retrieved from /home/momo/.local/lib/python3.8/site-packages/airflow/example_dags/example_latest_only_with_trigger.py
[2022-12-23T01:00:36.657+0100] {logging_mixin.py:137} INFO - [2022-12-23T01:00:36.657+0100] {dag.py:2676} INFO - Sync 1 DAGs
[2022-12-23T01:00:36.720+0100] {logging_mixin.py:137} INFO - [2022-12-23T01:00:36.719+0100] {dag.py:3423} INFO - Setting next_dagrun for latest_only_with_trigger to 2022-12-22T20:00:36.719146+00:00, run_after=2022-12-23T00:00:36.719146+00:00
[2022-12-23T01:00:36.811+0100] {processor.py:175} INFO - Processing /home/momo/.local/lib/python3.8/site-packages/airflow/example_dags/example_latest_only_with_trigger.py took 0.426 seconds
[2022-12-23T01:01:45.508+0100] {processor.py:153} INFO - Started process (PID=27088) to work on /home/momo/.local/lib/python3.8/site-packages/airflow/example_dags/example_latest_only_with_trigger.py
[2022-12-23T01:01:45.526+0100] {processor.py:743} INFO - Processing file /home/momo/.local/lib/python3.8/site-packages/airflow/example_dags/example_latest_only_with_trigger.py for tasks to queue
[2022-12-23T01:01:45.535+0100] {logging_mixin.py:137} INFO - [2022-12-23T01:01:45.534+0100] {dagbag.py:538} INFO - Filling up the DagBag from /home/momo/.local/lib/python3.8/site-packages/airflow/example_dags/example_latest_only_with_trigger.py
[2022-12-23T01:01:45.615+0100] {processor.py:753} INFO - DAG(s) dict_keys(['latest_only_with_trigger']) retrieved from /home/momo/.local/lib/python3.8/site-packages/airflow/example_dags/example_latest_only_with_trigger.py
[2022-12-23T01:01:45.767+0100] {logging_mixin.py:137} INFO - [2022-12-23T01:01:45.766+0100] {dag.py:2676} INFO - Sync 1 DAGs
[2022-12-23T01:01:45.816+0100] {logging_mixin.py:137} INFO - [2022-12-23T01:01:45.815+0100] {dag.py:3423} INFO - Setting next_dagrun for latest_only_with_trigger to 2022-12-22T20:01:45.815051+00:00, run_after=2022-12-23T00:01:45.815051+00:00
[2022-12-23T01:01:45.872+0100] {processor.py:175} INFO - Processing /home/momo/.local/lib/python3.8/site-packages/airflow/example_dags/example_latest_only_with_trigger.py took 0.396 seconds
[2022-12-23T01:02:35.007+0100] {processor.py:153} INFO - Started process (PID=27124) to work on /home/momo/.local/lib/python3.8/site-packages/airflow/example_dags/example_latest_only_with_trigger.py
[2022-12-23T01:02:35.012+0100] {processor.py:743} INFO - Processing file /home/momo/.local/lib/python3.8/site-packages/airflow/example_dags/example_latest_only_with_trigger.py for tasks to queue
[2022-12-23T01:02:35.016+0100] {logging_mixin.py:137} INFO - [2022-12-23T01:02:35.015+0100] {dagbag.py:538} INFO - Filling up the DagBag from /home/momo/.local/lib/python3.8/site-packages/airflow/example_dags/example_latest_only_with_trigger.py
[2022-12-23T01:02:35.094+0100] {processor.py:753} INFO - DAG(s) dict_keys(['latest_only_with_trigger']) retrieved from /home/momo/.local/lib/python3.8/site-packages/airflow/example_dags/example_latest_only_with_trigger.py
[2022-12-23T01:02:35.159+0100] {logging_mixin.py:137} INFO - [2022-12-23T01:02:35.159+0100] {dag.py:2676} INFO - Sync 1 DAGs
[2022-12-23T01:02:35.211+0100] {logging_mixin.py:137} INFO - [2022-12-23T01:02:35.211+0100] {dag.py:3423} INFO - Setting next_dagrun for latest_only_with_trigger to 2022-12-22T20:02:35.210407+00:00, run_after=2022-12-23T00:02:35.210407+00:00
[2022-12-23T01:02:35.262+0100] {processor.py:175} INFO - Processing /home/momo/.local/lib/python3.8/site-packages/airflow/example_dags/example_latest_only_with_trigger.py took 0.271 seconds
[2022-12-23T01:03:45.001+0100] {processor.py:153} INFO - Started process (PID=27177) to work on /home/momo/.local/lib/python3.8/site-packages/airflow/example_dags/example_latest_only_with_trigger.py
[2022-12-23T01:03:45.003+0100] {processor.py:743} INFO - Processing file /home/momo/.local/lib/python3.8/site-packages/airflow/example_dags/example_latest_only_with_trigger.py for tasks to queue
[2022-12-23T01:03:45.005+0100] {logging_mixin.py:137} INFO - [2022-12-23T01:03:45.005+0100] {dagbag.py:538} INFO - Filling up the DagBag from /home/momo/.local/lib/python3.8/site-packages/airflow/example_dags/example_latest_only_with_trigger.py
[2022-12-23T01:03:45.035+0100] {processor.py:753} INFO - DAG(s) dict_keys(['latest_only_with_trigger']) retrieved from /home/momo/.local/lib/python3.8/site-packages/airflow/example_dags/example_latest_only_with_trigger.py
[2022-12-23T01:03:45.095+0100] {logging_mixin.py:137} INFO - [2022-12-23T01:03:45.094+0100] {dag.py:2676} INFO - Sync 1 DAGs
[2022-12-23T01:03:45.155+0100] {logging_mixin.py:137} INFO - [2022-12-23T01:03:45.154+0100] {dag.py:3423} INFO - Setting next_dagrun for latest_only_with_trigger to 2022-12-22T20:03:45.153633+00:00, run_after=2022-12-23T00:03:45.153633+00:00
[2022-12-23T01:03:45.235+0100] {processor.py:175} INFO - Processing /home/momo/.local/lib/python3.8/site-packages/airflow/example_dags/example_latest_only_with_trigger.py took 0.241 seconds
[2022-12-23T01:05:01.087+0100] {processor.py:153} INFO - Started process (PID=27228) to work on /home/momo/.local/lib/python3.8/site-packages/airflow/example_dags/example_latest_only_with_trigger.py
[2022-12-23T01:05:01.093+0100] {processor.py:743} INFO - Processing file /home/momo/.local/lib/python3.8/site-packages/airflow/example_dags/example_latest_only_with_trigger.py for tasks to queue
[2022-12-23T01:05:01.095+0100] {logging_mixin.py:137} INFO - [2022-12-23T01:05:01.095+0100] {dagbag.py:538} INFO - Filling up the DagBag from /home/momo/.local/lib/python3.8/site-packages/airflow/example_dags/example_latest_only_with_trigger.py
[2022-12-23T01:05:01.131+0100] {processor.py:753} INFO - DAG(s) dict_keys(['latest_only_with_trigger']) retrieved from /home/momo/.local/lib/python3.8/site-packages/airflow/example_dags/example_latest_only_with_trigger.py
[2022-12-23T01:05:01.191+0100] {logging_mixin.py:137} INFO - [2022-12-23T01:05:01.190+0100] {dag.py:2676} INFO - Sync 1 DAGs
[2022-12-23T01:05:01.238+0100] {logging_mixin.py:137} INFO - [2022-12-23T01:05:01.238+0100] {dag.py:3423} INFO - Setting next_dagrun for latest_only_with_trigger to 2022-12-22T20:05:01.237529+00:00, run_after=2022-12-23T00:05:01.237529+00:00
[2022-12-23T01:05:01.573+0100] {processor.py:175} INFO - Processing /home/momo/.local/lib/python3.8/site-packages/airflow/example_dags/example_latest_only_with_trigger.py took 0.503 seconds
[2022-12-23T01:05:56.353+0100] {processor.py:153} INFO - Started process (PID=27266) to work on /home/momo/.local/lib/python3.8/site-packages/airflow/example_dags/example_latest_only_with_trigger.py
[2022-12-23T01:05:56.356+0100] {processor.py:743} INFO - Processing file /home/momo/.local/lib/python3.8/site-packages/airflow/example_dags/example_latest_only_with_trigger.py for tasks to queue
[2022-12-23T01:05:56.358+0100] {logging_mixin.py:137} INFO - [2022-12-23T01:05:56.358+0100] {dagbag.py:538} INFO - Filling up the DagBag from /home/momo/.local/lib/python3.8/site-packages/airflow/example_dags/example_latest_only_with_trigger.py
[2022-12-23T01:05:56.394+0100] {processor.py:753} INFO - DAG(s) dict_keys(['latest_only_with_trigger']) retrieved from /home/momo/.local/lib/python3.8/site-packages/airflow/example_dags/example_latest_only_with_trigger.py
[2022-12-23T01:05:56.454+0100] {logging_mixin.py:137} INFO - [2022-12-23T01:05:56.454+0100] {dag.py:2676} INFO - Sync 1 DAGs
[2022-12-23T01:05:56.507+0100] {logging_mixin.py:137} INFO - [2022-12-23T01:05:56.507+0100] {dag.py:3423} INFO - Setting next_dagrun for latest_only_with_trigger to 2022-12-22T20:05:56.506905+00:00, run_after=2022-12-23T00:05:56.506905+00:00
[2022-12-23T01:05:56.559+0100] {processor.py:175} INFO - Processing /home/momo/.local/lib/python3.8/site-packages/airflow/example_dags/example_latest_only_with_trigger.py took 0.221 seconds
[2022-12-23T01:06:44.500+0100] {processor.py:153} INFO - Started process (PID=27300) to work on /home/momo/.local/lib/python3.8/site-packages/airflow/example_dags/example_latest_only_with_trigger.py
[2022-12-23T01:06:44.505+0100] {processor.py:743} INFO - Processing file /home/momo/.local/lib/python3.8/site-packages/airflow/example_dags/example_latest_only_with_trigger.py for tasks to queue
[2022-12-23T01:06:44.509+0100] {logging_mixin.py:137} INFO - [2022-12-23T01:06:44.508+0100] {dagbag.py:538} INFO - Filling up the DagBag from /home/momo/.local/lib/python3.8/site-packages/airflow/example_dags/example_latest_only_with_trigger.py
[2022-12-23T01:06:44.571+0100] {processor.py:753} INFO - DAG(s) dict_keys(['latest_only_with_trigger']) retrieved from /home/momo/.local/lib/python3.8/site-packages/airflow/example_dags/example_latest_only_with_trigger.py
[2022-12-23T01:06:44.668+0100] {logging_mixin.py:137} INFO - [2022-12-23T01:06:44.667+0100] {dag.py:2676} INFO - Sync 1 DAGs
[2022-12-23T01:06:44.724+0100] {logging_mixin.py:137} INFO - [2022-12-23T01:06:44.723+0100] {dag.py:3423} INFO - Setting next_dagrun for latest_only_with_trigger to 2022-12-22T20:06:44.722597+00:00, run_after=2022-12-23T00:06:44.722597+00:00
[2022-12-23T01:06:44.778+0100] {processor.py:175} INFO - Processing /home/momo/.local/lib/python3.8/site-packages/airflow/example_dags/example_latest_only_with_trigger.py took 0.294 seconds
[2022-12-23T01:07:51.087+0100] {processor.py:153} INFO - Started process (PID=27348) to work on /home/momo/.local/lib/python3.8/site-packages/airflow/example_dags/example_latest_only_with_trigger.py
[2022-12-23T01:07:51.095+0100] {processor.py:743} INFO - Processing file /home/momo/.local/lib/python3.8/site-packages/airflow/example_dags/example_latest_only_with_trigger.py for tasks to queue
[2022-12-23T01:07:51.097+0100] {logging_mixin.py:137} INFO - [2022-12-23T01:07:51.096+0100] {dagbag.py:538} INFO - Filling up the DagBag from /home/momo/.local/lib/python3.8/site-packages/airflow/example_dags/example_latest_only_with_trigger.py
[2022-12-23T01:07:51.136+0100] {processor.py:753} INFO - DAG(s) dict_keys(['latest_only_with_trigger']) retrieved from /home/momo/.local/lib/python3.8/site-packages/airflow/example_dags/example_latest_only_with_trigger.py
[2022-12-23T01:07:51.218+0100] {logging_mixin.py:137} INFO - [2022-12-23T01:07:51.218+0100] {dag.py:2676} INFO - Sync 1 DAGs
[2022-12-23T01:07:51.274+0100] {logging_mixin.py:137} INFO - [2022-12-23T01:07:51.273+0100] {dag.py:3423} INFO - Setting next_dagrun for latest_only_with_trigger to 2022-12-22T20:07:51.273187+00:00, run_after=2022-12-23T00:07:51.273187+00:00
[2022-12-23T01:07:51.328+0100] {processor.py:175} INFO - Processing /home/momo/.local/lib/python3.8/site-packages/airflow/example_dags/example_latest_only_with_trigger.py took 0.251 seconds
[2022-12-23T01:09:01.394+0100] {processor.py:153} INFO - Started process (PID=27406) to work on /home/momo/.local/lib/python3.8/site-packages/airflow/example_dags/example_latest_only_with_trigger.py
[2022-12-23T01:09:01.397+0100] {processor.py:743} INFO - Processing file /home/momo/.local/lib/python3.8/site-packages/airflow/example_dags/example_latest_only_with_trigger.py for tasks to queue
[2022-12-23T01:09:01.398+0100] {logging_mixin.py:137} INFO - [2022-12-23T01:09:01.398+0100] {dagbag.py:538} INFO - Filling up the DagBag from /home/momo/.local/lib/python3.8/site-packages/airflow/example_dags/example_latest_only_with_trigger.py
[2022-12-23T01:09:01.434+0100] {processor.py:753} INFO - DAG(s) dict_keys(['latest_only_with_trigger']) retrieved from /home/momo/.local/lib/python3.8/site-packages/airflow/example_dags/example_latest_only_with_trigger.py
[2022-12-23T01:09:01.495+0100] {logging_mixin.py:137} INFO - [2022-12-23T01:09:01.494+0100] {dag.py:2676} INFO - Sync 1 DAGs
[2022-12-23T01:09:01.545+0100] {logging_mixin.py:137} INFO - [2022-12-23T01:09:01.545+0100] {dag.py:3423} INFO - Setting next_dagrun for latest_only_with_trigger to 2022-12-22T20:09:01.543955+00:00, run_after=2022-12-23T00:09:01.543955+00:00
[2022-12-23T01:09:01.602+0100] {processor.py:175} INFO - Processing /home/momo/.local/lib/python3.8/site-packages/airflow/example_dags/example_latest_only_with_trigger.py took 0.215 seconds
[2022-12-23T01:09:59.278+0100] {processor.py:153} INFO - Started process (PID=27442) to work on /home/momo/.local/lib/python3.8/site-packages/airflow/example_dags/example_latest_only_with_trigger.py
[2022-12-23T01:09:59.283+0100] {processor.py:743} INFO - Processing file /home/momo/.local/lib/python3.8/site-packages/airflow/example_dags/example_latest_only_with_trigger.py for tasks to queue
[2022-12-23T01:09:59.287+0100] {logging_mixin.py:137} INFO - [2022-12-23T01:09:59.286+0100] {dagbag.py:538} INFO - Filling up the DagBag from /home/momo/.local/lib/python3.8/site-packages/airflow/example_dags/example_latest_only_with_trigger.py
[2022-12-23T01:09:59.386+0100] {processor.py:753} INFO - DAG(s) dict_keys(['latest_only_with_trigger']) retrieved from /home/momo/.local/lib/python3.8/site-packages/airflow/example_dags/example_latest_only_with_trigger.py
[2022-12-23T01:09:59.558+0100] {logging_mixin.py:137} INFO - [2022-12-23T01:09:59.557+0100] {dag.py:2676} INFO - Sync 1 DAGs
[2022-12-23T01:09:59.667+0100] {logging_mixin.py:137} INFO - [2022-12-23T01:09:59.667+0100] {dag.py:3423} INFO - Setting next_dagrun for latest_only_with_trigger to 2022-12-22T20:09:59.665777+00:00, run_after=2022-12-23T00:09:59.665777+00:00
[2022-12-23T01:09:59.786+0100] {processor.py:175} INFO - Processing /home/momo/.local/lib/python3.8/site-packages/airflow/example_dags/example_latest_only_with_trigger.py took 0.525 seconds
[2022-12-23T01:11:01.053+0100] {processor.py:153} INFO - Started process (PID=27481) to work on /home/momo/.local/lib/python3.8/site-packages/airflow/example_dags/example_latest_only_with_trigger.py
[2022-12-23T01:11:01.063+0100] {processor.py:743} INFO - Processing file /home/momo/.local/lib/python3.8/site-packages/airflow/example_dags/example_latest_only_with_trigger.py for tasks to queue
[2022-12-23T01:11:01.067+0100] {logging_mixin.py:137} INFO - [2022-12-23T01:11:01.066+0100] {dagbag.py:538} INFO - Filling up the DagBag from /home/momo/.local/lib/python3.8/site-packages/airflow/example_dags/example_latest_only_with_trigger.py
[2022-12-23T01:11:01.149+0100] {processor.py:753} INFO - DAG(s) dict_keys(['latest_only_with_trigger']) retrieved from /home/momo/.local/lib/python3.8/site-packages/airflow/example_dags/example_latest_only_with_trigger.py
[2022-12-23T01:11:01.253+0100] {logging_mixin.py:137} INFO - [2022-12-23T01:11:01.252+0100] {dag.py:2676} INFO - Sync 1 DAGs
[2022-12-23T01:11:01.323+0100] {logging_mixin.py:137} INFO - [2022-12-23T01:11:01.323+0100] {dag.py:3423} INFO - Setting next_dagrun for latest_only_with_trigger to 2022-12-22T20:11:01.322156+00:00, run_after=2022-12-23T00:11:01.322156+00:00
[2022-12-23T01:11:01.391+0100] {processor.py:175} INFO - Processing /home/momo/.local/lib/python3.8/site-packages/airflow/example_dags/example_latest_only_with_trigger.py took 0.357 seconds
[2022-12-23T01:11:50.984+0100] {processor.py:153} INFO - Started process (PID=27518) to work on /home/momo/.local/lib/python3.8/site-packages/airflow/example_dags/example_latest_only_with_trigger.py
[2022-12-23T01:11:50.988+0100] {processor.py:743} INFO - Processing file /home/momo/.local/lib/python3.8/site-packages/airflow/example_dags/example_latest_only_with_trigger.py for tasks to queue
[2022-12-23T01:11:50.990+0100] {logging_mixin.py:137} INFO - [2022-12-23T01:11:50.990+0100] {dagbag.py:538} INFO - Filling up the DagBag from /home/momo/.local/lib/python3.8/site-packages/airflow/example_dags/example_latest_only_with_trigger.py
[2022-12-23T01:11:51.028+0100] {processor.py:753} INFO - DAG(s) dict_keys(['latest_only_with_trigger']) retrieved from /home/momo/.local/lib/python3.8/site-packages/airflow/example_dags/example_latest_only_with_trigger.py
[2022-12-23T01:11:51.098+0100] {logging_mixin.py:137} INFO - [2022-12-23T01:11:51.098+0100] {dag.py:2676} INFO - Sync 1 DAGs
[2022-12-23T01:11:51.166+0100] {logging_mixin.py:137} INFO - [2022-12-23T01:11:51.166+0100] {dag.py:3423} INFO - Setting next_dagrun for latest_only_with_trigger to 2022-12-22T20:11:51.165510+00:00, run_after=2022-12-23T00:11:51.165510+00:00
[2022-12-23T01:11:51.234+0100] {processor.py:175} INFO - Processing /home/momo/.local/lib/python3.8/site-packages/airflow/example_dags/example_latest_only_with_trigger.py took 0.264 seconds
[2022-12-23T01:12:59.910+0100] {processor.py:153} INFO - Started process (PID=27569) to work on /home/momo/.local/lib/python3.8/site-packages/airflow/example_dags/example_latest_only_with_trigger.py
[2022-12-23T01:12:59.913+0100] {processor.py:743} INFO - Processing file /home/momo/.local/lib/python3.8/site-packages/airflow/example_dags/example_latest_only_with_trigger.py for tasks to queue
[2022-12-23T01:12:59.915+0100] {logging_mixin.py:137} INFO - [2022-12-23T01:12:59.914+0100] {dagbag.py:538} INFO - Filling up the DagBag from /home/momo/.local/lib/python3.8/site-packages/airflow/example_dags/example_latest_only_with_trigger.py
[2022-12-23T01:12:59.949+0100] {processor.py:753} INFO - DAG(s) dict_keys(['latest_only_with_trigger']) retrieved from /home/momo/.local/lib/python3.8/site-packages/airflow/example_dags/example_latest_only_with_trigger.py
[2022-12-23T01:13:00.029+0100] {logging_mixin.py:137} INFO - [2022-12-23T01:13:00.029+0100] {dag.py:2676} INFO - Sync 1 DAGs
[2022-12-23T01:13:00.098+0100] {logging_mixin.py:137} INFO - [2022-12-23T01:13:00.097+0100] {dag.py:3423} INFO - Setting next_dagrun for latest_only_with_trigger to 2022-12-22T20:13:00.097158+00:00, run_after=2022-12-23T00:13:00.097158+00:00
[2022-12-23T01:13:00.150+0100] {processor.py:175} INFO - Processing /home/momo/.local/lib/python3.8/site-packages/airflow/example_dags/example_latest_only_with_trigger.py took 0.250 seconds
[2022-12-23T01:14:09.370+0100] {processor.py:153} INFO - Started process (PID=27622) to work on /home/momo/.local/lib/python3.8/site-packages/airflow/example_dags/example_latest_only_with_trigger.py
[2022-12-23T01:14:09.374+0100] {processor.py:743} INFO - Processing file /home/momo/.local/lib/python3.8/site-packages/airflow/example_dags/example_latest_only_with_trigger.py for tasks to queue
[2022-12-23T01:14:09.378+0100] {logging_mixin.py:137} INFO - [2022-12-23T01:14:09.377+0100] {dagbag.py:538} INFO - Filling up the DagBag from /home/momo/.local/lib/python3.8/site-packages/airflow/example_dags/example_latest_only_with_trigger.py
[2022-12-23T01:14:09.434+0100] {processor.py:753} INFO - DAG(s) dict_keys(['latest_only_with_trigger']) retrieved from /home/momo/.local/lib/python3.8/site-packages/airflow/example_dags/example_latest_only_with_trigger.py
[2022-12-23T01:14:09.493+0100] {logging_mixin.py:137} INFO - [2022-12-23T01:14:09.492+0100] {dag.py:2676} INFO - Sync 1 DAGs
[2022-12-23T01:14:09.543+0100] {logging_mixin.py:137} INFO - [2022-12-23T01:14:09.542+0100] {dag.py:3423} INFO - Setting next_dagrun for latest_only_with_trigger to 2022-12-22T20:14:09.542023+00:00, run_after=2022-12-23T00:14:09.542023+00:00
[2022-12-23T01:14:09.598+0100] {processor.py:175} INFO - Processing /home/momo/.local/lib/python3.8/site-packages/airflow/example_dags/example_latest_only_with_trigger.py took 0.245 seconds
[2022-12-23T01:15:03.112+0100] {processor.py:153} INFO - Started process (PID=27658) to work on /home/momo/.local/lib/python3.8/site-packages/airflow/example_dags/example_latest_only_with_trigger.py
[2022-12-23T01:15:03.115+0100] {processor.py:743} INFO - Processing file /home/momo/.local/lib/python3.8/site-packages/airflow/example_dags/example_latest_only_with_trigger.py for tasks to queue
[2022-12-23T01:15:03.117+0100] {logging_mixin.py:137} INFO - [2022-12-23T01:15:03.116+0100] {dagbag.py:538} INFO - Filling up the DagBag from /home/momo/.local/lib/python3.8/site-packages/airflow/example_dags/example_latest_only_with_trigger.py
[2022-12-23T01:15:03.154+0100] {processor.py:753} INFO - DAG(s) dict_keys(['latest_only_with_trigger']) retrieved from /home/momo/.local/lib/python3.8/site-packages/airflow/example_dags/example_latest_only_with_trigger.py
[2022-12-23T01:15:03.213+0100] {logging_mixin.py:137} INFO - [2022-12-23T01:15:03.213+0100] {dag.py:2676} INFO - Sync 1 DAGs
[2022-12-23T01:15:03.263+0100] {logging_mixin.py:137} INFO - [2022-12-23T01:15:03.262+0100] {dag.py:3423} INFO - Setting next_dagrun for latest_only_with_trigger to 2022-12-22T20:15:03.262179+00:00, run_after=2022-12-23T00:15:03.262179+00:00
[2022-12-23T01:15:03.346+0100] {processor.py:175} INFO - Processing /home/momo/.local/lib/python3.8/site-packages/airflow/example_dags/example_latest_only_with_trigger.py took 0.250 seconds
[2022-12-23T01:16:01.015+0100] {processor.py:153} INFO - Started process (PID=27694) to work on /home/momo/.local/lib/python3.8/site-packages/airflow/example_dags/example_latest_only_with_trigger.py
[2022-12-23T01:16:01.020+0100] {processor.py:743} INFO - Processing file /home/momo/.local/lib/python3.8/site-packages/airflow/example_dags/example_latest_only_with_trigger.py for tasks to queue
[2022-12-23T01:16:01.024+0100] {logging_mixin.py:137} INFO - [2022-12-23T01:16:01.023+0100] {dagbag.py:538} INFO - Filling up the DagBag from /home/momo/.local/lib/python3.8/site-packages/airflow/example_dags/example_latest_only_with_trigger.py
[2022-12-23T01:16:01.103+0100] {processor.py:753} INFO - DAG(s) dict_keys(['latest_only_with_trigger']) retrieved from /home/momo/.local/lib/python3.8/site-packages/airflow/example_dags/example_latest_only_with_trigger.py
[2022-12-23T01:16:01.164+0100] {logging_mixin.py:137} INFO - [2022-12-23T01:16:01.163+0100] {dag.py:2676} INFO - Sync 1 DAGs
[2022-12-23T01:16:01.218+0100] {logging_mixin.py:137} INFO - [2022-12-23T01:16:01.218+0100] {dag.py:3423} INFO - Setting next_dagrun for latest_only_with_trigger to 2022-12-22T20:16:01.217478+00:00, run_after=2022-12-23T00:16:01.217478+00:00
[2022-12-23T01:16:01.652+0100] {processor.py:175} INFO - Processing /home/momo/.local/lib/python3.8/site-packages/airflow/example_dags/example_latest_only_with_trigger.py took 0.657 seconds
[2022-12-23T01:16:59.112+0100] {processor.py:153} INFO - Started process (PID=27734) to work on /home/momo/.local/lib/python3.8/site-packages/airflow/example_dags/example_latest_only_with_trigger.py
[2022-12-23T01:16:59.114+0100] {processor.py:743} INFO - Processing file /home/momo/.local/lib/python3.8/site-packages/airflow/example_dags/example_latest_only_with_trigger.py for tasks to queue
[2022-12-23T01:16:59.115+0100] {logging_mixin.py:137} INFO - [2022-12-23T01:16:59.115+0100] {dagbag.py:538} INFO - Filling up the DagBag from /home/momo/.local/lib/python3.8/site-packages/airflow/example_dags/example_latest_only_with_trigger.py
[2022-12-23T01:16:59.151+0100] {processor.py:753} INFO - DAG(s) dict_keys(['latest_only_with_trigger']) retrieved from /home/momo/.local/lib/python3.8/site-packages/airflow/example_dags/example_latest_only_with_trigger.py
[2022-12-23T01:16:59.210+0100] {logging_mixin.py:137} INFO - [2022-12-23T01:16:59.210+0100] {dag.py:2676} INFO - Sync 1 DAGs
[2022-12-23T01:16:59.250+0100] {logging_mixin.py:137} INFO - [2022-12-23T01:16:59.250+0100] {dag.py:3423} INFO - Setting next_dagrun for latest_only_with_trigger to 2022-12-22T20:16:59.249898+00:00, run_after=2022-12-23T00:16:59.249898+00:00
[2022-12-23T01:16:59.289+0100] {processor.py:175} INFO - Processing /home/momo/.local/lib/python3.8/site-packages/airflow/example_dags/example_latest_only_with_trigger.py took 0.184 seconds
[2022-12-23T01:17:46.295+0100] {processor.py:153} INFO - Started process (PID=27875) to work on /home/momo/.local/lib/python3.8/site-packages/airflow/example_dags/example_latest_only_with_trigger.py
[2022-12-23T01:17:46.297+0100] {processor.py:743} INFO - Processing file /home/momo/.local/lib/python3.8/site-packages/airflow/example_dags/example_latest_only_with_trigger.py for tasks to queue
[2022-12-23T01:17:46.298+0100] {logging_mixin.py:137} INFO - [2022-12-23T01:17:46.298+0100] {dagbag.py:538} INFO - Filling up the DagBag from /home/momo/.local/lib/python3.8/site-packages/airflow/example_dags/example_latest_only_with_trigger.py
[2022-12-23T01:17:46.382+0100] {processor.py:753} INFO - DAG(s) dict_keys(['latest_only_with_trigger']) retrieved from /home/momo/.local/lib/python3.8/site-packages/airflow/example_dags/example_latest_only_with_trigger.py
[2022-12-23T01:17:46.460+0100] {logging_mixin.py:137} INFO - [2022-12-23T01:17:46.460+0100] {dag.py:2676} INFO - Sync 1 DAGs
[2022-12-23T01:17:46.525+0100] {logging_mixin.py:137} INFO - [2022-12-23T01:17:46.525+0100] {dag.py:3423} INFO - Setting next_dagrun for latest_only_with_trigger to 2022-12-22T20:17:46.525140+00:00, run_after=2022-12-23T00:17:46.525140+00:00
[2022-12-23T01:17:46.587+0100] {processor.py:175} INFO - Processing /home/momo/.local/lib/python3.8/site-packages/airflow/example_dags/example_latest_only_with_trigger.py took 0.303 seconds
[2022-12-23T01:18:54.140+0100] {processor.py:153} INFO - Started process (PID=27941) to work on /home/momo/.local/lib/python3.8/site-packages/airflow/example_dags/example_latest_only_with_trigger.py
[2022-12-23T01:18:54.145+0100] {processor.py:743} INFO - Processing file /home/momo/.local/lib/python3.8/site-packages/airflow/example_dags/example_latest_only_with_trigger.py for tasks to queue
[2022-12-23T01:18:54.146+0100] {logging_mixin.py:137} INFO - [2022-12-23T01:18:54.146+0100] {dagbag.py:538} INFO - Filling up the DagBag from /home/momo/.local/lib/python3.8/site-packages/airflow/example_dags/example_latest_only_with_trigger.py
[2022-12-23T01:18:54.217+0100] {processor.py:753} INFO - DAG(s) dict_keys(['latest_only_with_trigger']) retrieved from /home/momo/.local/lib/python3.8/site-packages/airflow/example_dags/example_latest_only_with_trigger.py
[2022-12-23T01:18:54.302+0100] {logging_mixin.py:137} INFO - [2022-12-23T01:18:54.302+0100] {dag.py:2676} INFO - Sync 1 DAGs
[2022-12-23T01:18:54.345+0100] {logging_mixin.py:137} INFO - [2022-12-23T01:18:54.345+0100] {dag.py:3423} INFO - Setting next_dagrun for latest_only_with_trigger to 2022-12-22T20:18:54.344587+00:00, run_after=2022-12-23T00:18:54.344587+00:00
[2022-12-23T01:18:54.390+0100] {processor.py:175} INFO - Processing /home/momo/.local/lib/python3.8/site-packages/airflow/example_dags/example_latest_only_with_trigger.py took 0.260 seconds
[2022-12-23T01:20:02.577+0100] {processor.py:153} INFO - Started process (PID=28092) to work on /home/momo/.local/lib/python3.8/site-packages/airflow/example_dags/example_latest_only_with_trigger.py
[2022-12-23T01:20:02.585+0100] {processor.py:743} INFO - Processing file /home/momo/.local/lib/python3.8/site-packages/airflow/example_dags/example_latest_only_with_trigger.py for tasks to queue
[2022-12-23T01:20:02.586+0100] {logging_mixin.py:137} INFO - [2022-12-23T01:20:02.586+0100] {dagbag.py:538} INFO - Filling up the DagBag from /home/momo/.local/lib/python3.8/site-packages/airflow/example_dags/example_latest_only_with_trigger.py
[2022-12-23T01:20:02.640+0100] {processor.py:753} INFO - DAG(s) dict_keys(['latest_only_with_trigger']) retrieved from /home/momo/.local/lib/python3.8/site-packages/airflow/example_dags/example_latest_only_with_trigger.py
[2022-12-23T01:20:02.723+0100] {logging_mixin.py:137} INFO - [2022-12-23T01:20:02.723+0100] {dag.py:2676} INFO - Sync 1 DAGs
[2022-12-23T01:20:02.795+0100] {logging_mixin.py:137} INFO - [2022-12-23T01:20:02.795+0100] {dag.py:3423} INFO - Setting next_dagrun for latest_only_with_trigger to 2022-12-22T20:20:02.794544+00:00, run_after=2022-12-23T00:20:02.794544+00:00
[2022-12-23T01:20:02.851+0100] {processor.py:175} INFO - Processing /home/momo/.local/lib/python3.8/site-packages/airflow/example_dags/example_latest_only_with_trigger.py took 0.286 seconds
[2022-12-23T01:21:00.882+0100] {processor.py:153} INFO - Started process (PID=28133) to work on /home/momo/.local/lib/python3.8/site-packages/airflow/example_dags/example_latest_only_with_trigger.py
[2022-12-23T01:21:00.884+0100] {processor.py:743} INFO - Processing file /home/momo/.local/lib/python3.8/site-packages/airflow/example_dags/example_latest_only_with_trigger.py for tasks to queue
[2022-12-23T01:21:00.885+0100] {logging_mixin.py:137} INFO - [2022-12-23T01:21:00.885+0100] {dagbag.py:538} INFO - Filling up the DagBag from /home/momo/.local/lib/python3.8/site-packages/airflow/example_dags/example_latest_only_with_trigger.py
[2022-12-23T01:21:00.934+0100] {processor.py:753} INFO - DAG(s) dict_keys(['latest_only_with_trigger']) retrieved from /home/momo/.local/lib/python3.8/site-packages/airflow/example_dags/example_latest_only_with_trigger.py
[2022-12-23T01:21:00.981+0100] {logging_mixin.py:137} INFO - [2022-12-23T01:21:00.981+0100] {dag.py:2676} INFO - Sync 1 DAGs
[2022-12-23T01:21:01.026+0100] {logging_mixin.py:137} INFO - [2022-12-23T01:21:01.026+0100] {dag.py:3423} INFO - Setting next_dagrun for latest_only_with_trigger to 2022-12-22T20:21:01.026178+00:00, run_after=2022-12-23T00:21:01.026178+00:00
[2022-12-23T01:21:01.565+0100] {processor.py:175} INFO - Processing /home/momo/.local/lib/python3.8/site-packages/airflow/example_dags/example_latest_only_with_trigger.py took 0.690 seconds
[2022-12-23T01:21:59.560+0100] {processor.py:153} INFO - Started process (PID=28186) to work on /home/momo/.local/lib/python3.8/site-packages/airflow/example_dags/example_latest_only_with_trigger.py
[2022-12-23T01:21:59.563+0100] {processor.py:743} INFO - Processing file /home/momo/.local/lib/python3.8/site-packages/airflow/example_dags/example_latest_only_with_trigger.py for tasks to queue
[2022-12-23T01:21:59.567+0100] {logging_mixin.py:137} INFO - [2022-12-23T01:21:59.567+0100] {dagbag.py:538} INFO - Filling up the DagBag from /home/momo/.local/lib/python3.8/site-packages/airflow/example_dags/example_latest_only_with_trigger.py
[2022-12-23T01:21:59.626+0100] {processor.py:753} INFO - DAG(s) dict_keys(['latest_only_with_trigger']) retrieved from /home/momo/.local/lib/python3.8/site-packages/airflow/example_dags/example_latest_only_with_trigger.py
[2022-12-23T01:21:59.721+0100] {logging_mixin.py:137} INFO - [2022-12-23T01:21:59.721+0100] {dag.py:2676} INFO - Sync 1 DAGs
[2022-12-23T01:21:59.805+0100] {logging_mixin.py:137} INFO - [2022-12-23T01:21:59.805+0100] {dag.py:3423} INFO - Setting next_dagrun for latest_only_with_trigger to 2022-12-22T20:21:59.804942+00:00, run_after=2022-12-23T00:21:59.804942+00:00
[2022-12-23T01:21:59.883+0100] {processor.py:175} INFO - Processing /home/momo/.local/lib/python3.8/site-packages/airflow/example_dags/example_latest_only_with_trigger.py took 0.339 seconds
[2022-12-23T01:22:48.742+0100] {processor.py:153} INFO - Started process (PID=28228) to work on /home/momo/.local/lib/python3.8/site-packages/airflow/example_dags/example_latest_only_with_trigger.py
[2022-12-23T01:22:48.745+0100] {processor.py:743} INFO - Processing file /home/momo/.local/lib/python3.8/site-packages/airflow/example_dags/example_latest_only_with_trigger.py for tasks to queue
[2022-12-23T01:22:48.746+0100] {logging_mixin.py:137} INFO - [2022-12-23T01:22:48.746+0100] {dagbag.py:538} INFO - Filling up the DagBag from /home/momo/.local/lib/python3.8/site-packages/airflow/example_dags/example_latest_only_with_trigger.py
[2022-12-23T01:22:48.785+0100] {processor.py:753} INFO - DAG(s) dict_keys(['latest_only_with_trigger']) retrieved from /home/momo/.local/lib/python3.8/site-packages/airflow/example_dags/example_latest_only_with_trigger.py
[2022-12-23T01:22:48.868+0100] {logging_mixin.py:137} INFO - [2022-12-23T01:22:48.867+0100] {dag.py:2676} INFO - Sync 1 DAGs
[2022-12-23T01:22:48.919+0100] {logging_mixin.py:137} INFO - [2022-12-23T01:22:48.918+0100] {dag.py:3423} INFO - Setting next_dagrun for latest_only_with_trigger to 2022-12-22T20:22:48.914245+00:00, run_after=2022-12-23T00:22:48.914245+00:00
[2022-12-23T01:22:48.985+0100] {processor.py:175} INFO - Processing /home/momo/.local/lib/python3.8/site-packages/airflow/example_dags/example_latest_only_with_trigger.py took 0.269 seconds
[2022-12-23T01:24:00.219+0100] {processor.py:153} INFO - Started process (PID=28343) to work on /home/momo/.local/lib/python3.8/site-packages/airflow/example_dags/example_latest_only_with_trigger.py
[2022-12-23T01:24:00.229+0100] {processor.py:743} INFO - Processing file /home/momo/.local/lib/python3.8/site-packages/airflow/example_dags/example_latest_only_with_trigger.py for tasks to queue
[2022-12-23T01:24:00.230+0100] {logging_mixin.py:137} INFO - [2022-12-23T01:24:00.230+0100] {dagbag.py:538} INFO - Filling up the DagBag from /home/momo/.local/lib/python3.8/site-packages/airflow/example_dags/example_latest_only_with_trigger.py
[2022-12-23T01:24:00.292+0100] {processor.py:753} INFO - DAG(s) dict_keys(['latest_only_with_trigger']) retrieved from /home/momo/.local/lib/python3.8/site-packages/airflow/example_dags/example_latest_only_with_trigger.py
[2022-12-23T01:24:00.378+0100] {logging_mixin.py:137} INFO - [2022-12-23T01:24:00.377+0100] {dag.py:2676} INFO - Sync 1 DAGs
[2022-12-23T01:24:00.450+0100] {logging_mixin.py:137} INFO - [2022-12-23T01:24:00.449+0100] {dag.py:3423} INFO - Setting next_dagrun for latest_only_with_trigger to 2022-12-22T20:24:00.449391+00:00, run_after=2022-12-23T00:24:00.449391+00:00
[2022-12-23T01:24:00.539+0100] {processor.py:175} INFO - Processing /home/momo/.local/lib/python3.8/site-packages/airflow/example_dags/example_latest_only_with_trigger.py took 0.338 seconds
[2022-12-23T01:43:54.693+0100] {processor.py:153} INFO - Started process (PID=5159) to work on /home/momo/.local/lib/python3.8/site-packages/airflow/example_dags/example_latest_only_with_trigger.py
[2022-12-23T01:43:54.703+0100] {processor.py:743} INFO - Processing file /home/momo/.local/lib/python3.8/site-packages/airflow/example_dags/example_latest_only_with_trigger.py for tasks to queue
[2022-12-23T01:43:54.705+0100] {logging_mixin.py:137} INFO - [2022-12-23T01:43:54.704+0100] {dagbag.py:538} INFO - Filling up the DagBag from /home/momo/.local/lib/python3.8/site-packages/airflow/example_dags/example_latest_only_with_trigger.py
[2022-12-23T01:43:54.749+0100] {processor.py:753} INFO - DAG(s) dict_keys(['latest_only_with_trigger']) retrieved from /home/momo/.local/lib/python3.8/site-packages/airflow/example_dags/example_latest_only_with_trigger.py
[2022-12-23T01:43:54.783+0100] {logging_mixin.py:137} INFO - [2022-12-23T01:43:54.783+0100] {dag.py:2676} INFO - Sync 1 DAGs
[2022-12-23T01:43:54.843+0100] {logging_mixin.py:137} INFO - [2022-12-23T01:43:54.843+0100] {dag.py:3423} INFO - Setting next_dagrun for latest_only_with_trigger to 2022-12-22T20:43:54.842651+00:00, run_after=2022-12-23T00:43:54.842651+00:00
[2022-12-23T01:43:54.904+0100] {processor.py:175} INFO - Processing /home/momo/.local/lib/python3.8/site-packages/airflow/example_dags/example_latest_only_with_trigger.py took 0.227 seconds
[2022-12-23T01:44:43.214+0100] {processor.py:153} INFO - Started process (PID=5209) to work on /home/momo/.local/lib/python3.8/site-packages/airflow/example_dags/example_latest_only_with_trigger.py
[2022-12-23T01:44:43.219+0100] {processor.py:743} INFO - Processing file /home/momo/.local/lib/python3.8/site-packages/airflow/example_dags/example_latest_only_with_trigger.py for tasks to queue
[2022-12-23T01:44:43.221+0100] {logging_mixin.py:137} INFO - [2022-12-23T01:44:43.221+0100] {dagbag.py:538} INFO - Filling up the DagBag from /home/momo/.local/lib/python3.8/site-packages/airflow/example_dags/example_latest_only_with_trigger.py
[2022-12-23T01:44:43.257+0100] {processor.py:753} INFO - DAG(s) dict_keys(['latest_only_with_trigger']) retrieved from /home/momo/.local/lib/python3.8/site-packages/airflow/example_dags/example_latest_only_with_trigger.py
[2022-12-23T01:44:43.296+0100] {logging_mixin.py:137} INFO - [2022-12-23T01:44:43.296+0100] {dag.py:2676} INFO - Sync 1 DAGs
[2022-12-23T01:44:43.325+0100] {logging_mixin.py:137} INFO - [2022-12-23T01:44:43.325+0100] {dag.py:3423} INFO - Setting next_dagrun for latest_only_with_trigger to 2022-12-22T20:44:43.325151+00:00, run_after=2022-12-23T00:44:43.325151+00:00
[2022-12-23T01:44:43.357+0100] {processor.py:175} INFO - Processing /home/momo/.local/lib/python3.8/site-packages/airflow/example_dags/example_latest_only_with_trigger.py took 0.159 seconds
[2022-12-23T01:45:37.514+0100] {processor.py:153} INFO - Started process (PID=5255) to work on /home/momo/.local/lib/python3.8/site-packages/airflow/example_dags/example_latest_only_with_trigger.py
[2022-12-23T01:45:37.517+0100] {processor.py:743} INFO - Processing file /home/momo/.local/lib/python3.8/site-packages/airflow/example_dags/example_latest_only_with_trigger.py for tasks to queue
[2022-12-23T01:45:37.519+0100] {logging_mixin.py:137} INFO - [2022-12-23T01:45:37.519+0100] {dagbag.py:538} INFO - Filling up the DagBag from /home/momo/.local/lib/python3.8/site-packages/airflow/example_dags/example_latest_only_with_trigger.py
[2022-12-23T01:45:37.565+0100] {processor.py:753} INFO - DAG(s) dict_keys(['latest_only_with_trigger']) retrieved from /home/momo/.local/lib/python3.8/site-packages/airflow/example_dags/example_latest_only_with_trigger.py
[2022-12-23T01:45:37.639+0100] {logging_mixin.py:137} INFO - [2022-12-23T01:45:37.638+0100] {dag.py:2676} INFO - Sync 1 DAGs
[2022-12-23T01:45:37.698+0100] {logging_mixin.py:137} INFO - [2022-12-23T01:45:37.697+0100] {dag.py:3423} INFO - Setting next_dagrun for latest_only_with_trigger to 2022-12-22T20:45:37.697264+00:00, run_after=2022-12-23T00:45:37.697264+00:00
[2022-12-23T01:45:37.762+0100] {processor.py:175} INFO - Processing /home/momo/.local/lib/python3.8/site-packages/airflow/example_dags/example_latest_only_with_trigger.py took 0.262 seconds
[2022-12-23T01:46:33.735+0100] {processor.py:153} INFO - Started process (PID=5304) to work on /home/momo/.local/lib/python3.8/site-packages/airflow/example_dags/example_latest_only_with_trigger.py
[2022-12-23T01:46:33.737+0100] {processor.py:743} INFO - Processing file /home/momo/.local/lib/python3.8/site-packages/airflow/example_dags/example_latest_only_with_trigger.py for tasks to queue
[2022-12-23T01:46:33.738+0100] {logging_mixin.py:137} INFO - [2022-12-23T01:46:33.738+0100] {dagbag.py:538} INFO - Filling up the DagBag from /home/momo/.local/lib/python3.8/site-packages/airflow/example_dags/example_latest_only_with_trigger.py
[2022-12-23T01:46:33.767+0100] {processor.py:753} INFO - DAG(s) dict_keys(['latest_only_with_trigger']) retrieved from /home/momo/.local/lib/python3.8/site-packages/airflow/example_dags/example_latest_only_with_trigger.py
[2022-12-23T01:46:33.835+0100] {logging_mixin.py:137} INFO - [2022-12-23T01:46:33.835+0100] {dag.py:2676} INFO - Sync 1 DAGs
[2022-12-23T01:46:33.878+0100] {logging_mixin.py:137} INFO - [2022-12-23T01:46:33.878+0100] {dag.py:3423} INFO - Setting next_dagrun for latest_only_with_trigger to 2022-12-22T20:46:33.877907+00:00, run_after=2022-12-23T00:46:33.877907+00:00
[2022-12-23T01:46:33.935+0100] {processor.py:175} INFO - Processing /home/momo/.local/lib/python3.8/site-packages/airflow/example_dags/example_latest_only_with_trigger.py took 0.204 seconds
[2022-12-23T01:47:34.121+0100] {processor.py:153} INFO - Started process (PID=5353) to work on /home/momo/.local/lib/python3.8/site-packages/airflow/example_dags/example_latest_only_with_trigger.py
[2022-12-23T01:47:34.123+0100] {processor.py:743} INFO - Processing file /home/momo/.local/lib/python3.8/site-packages/airflow/example_dags/example_latest_only_with_trigger.py for tasks to queue
[2022-12-23T01:47:34.124+0100] {logging_mixin.py:137} INFO - [2022-12-23T01:47:34.124+0100] {dagbag.py:538} INFO - Filling up the DagBag from /home/momo/.local/lib/python3.8/site-packages/airflow/example_dags/example_latest_only_with_trigger.py
[2022-12-23T01:47:34.153+0100] {processor.py:753} INFO - DAG(s) dict_keys(['latest_only_with_trigger']) retrieved from /home/momo/.local/lib/python3.8/site-packages/airflow/example_dags/example_latest_only_with_trigger.py
[2022-12-23T01:47:34.250+0100] {logging_mixin.py:137} INFO - [2022-12-23T01:47:34.250+0100] {dag.py:2676} INFO - Sync 1 DAGs
[2022-12-23T01:47:34.291+0100] {logging_mixin.py:137} INFO - [2022-12-23T01:47:34.291+0100] {dag.py:3423} INFO - Setting next_dagrun for latest_only_with_trigger to 2022-12-22T20:47:34.291251+00:00, run_after=2022-12-23T00:47:34.291251+00:00
[2022-12-23T01:47:34.342+0100] {processor.py:175} INFO - Processing /home/momo/.local/lib/python3.8/site-packages/airflow/example_dags/example_latest_only_with_trigger.py took 0.227 seconds
[2022-12-23T01:48:36.479+0100] {processor.py:153} INFO - Started process (PID=5404) to work on /home/momo/.local/lib/python3.8/site-packages/airflow/example_dags/example_latest_only_with_trigger.py
[2022-12-23T01:48:36.482+0100] {processor.py:743} INFO - Processing file /home/momo/.local/lib/python3.8/site-packages/airflow/example_dags/example_latest_only_with_trigger.py for tasks to queue
[2022-12-23T01:48:36.484+0100] {logging_mixin.py:137} INFO - [2022-12-23T01:48:36.483+0100] {dagbag.py:538} INFO - Filling up the DagBag from /home/momo/.local/lib/python3.8/site-packages/airflow/example_dags/example_latest_only_with_trigger.py
[2022-12-23T01:48:36.533+0100] {processor.py:753} INFO - DAG(s) dict_keys(['latest_only_with_trigger']) retrieved from /home/momo/.local/lib/python3.8/site-packages/airflow/example_dags/example_latest_only_with_trigger.py
[2022-12-23T01:48:36.633+0100] {logging_mixin.py:137} INFO - [2022-12-23T01:48:36.632+0100] {dag.py:2676} INFO - Sync 1 DAGs
[2022-12-23T01:48:36.688+0100] {logging_mixin.py:137} INFO - [2022-12-23T01:48:36.687+0100] {dag.py:3423} INFO - Setting next_dagrun for latest_only_with_trigger to 2022-12-22T20:48:36.687377+00:00, run_after=2022-12-23T00:48:36.687377+00:00
[2022-12-23T01:48:36.743+0100] {processor.py:175} INFO - Processing /home/momo/.local/lib/python3.8/site-packages/airflow/example_dags/example_latest_only_with_trigger.py took 0.276 seconds
[2022-12-23T01:49:36.858+0100] {processor.py:153} INFO - Started process (PID=5453) to work on /home/momo/.local/lib/python3.8/site-packages/airflow/example_dags/example_latest_only_with_trigger.py
[2022-12-23T01:49:36.861+0100] {processor.py:743} INFO - Processing file /home/momo/.local/lib/python3.8/site-packages/airflow/example_dags/example_latest_only_with_trigger.py for tasks to queue
[2022-12-23T01:49:36.862+0100] {logging_mixin.py:137} INFO - [2022-12-23T01:49:36.862+0100] {dagbag.py:538} INFO - Filling up the DagBag from /home/momo/.local/lib/python3.8/site-packages/airflow/example_dags/example_latest_only_with_trigger.py
[2022-12-23T01:49:36.888+0100] {processor.py:753} INFO - DAG(s) dict_keys(['latest_only_with_trigger']) retrieved from /home/momo/.local/lib/python3.8/site-packages/airflow/example_dags/example_latest_only_with_trigger.py
[2022-12-23T01:49:36.946+0100] {logging_mixin.py:137} INFO - [2022-12-23T01:49:36.945+0100] {dag.py:2676} INFO - Sync 1 DAGs
[2022-12-23T01:49:36.988+0100] {logging_mixin.py:137} INFO - [2022-12-23T01:49:36.987+0100] {dag.py:3423} INFO - Setting next_dagrun for latest_only_with_trigger to 2022-12-22T20:49:36.987317+00:00, run_after=2022-12-23T00:49:36.987317+00:00
[2022-12-23T01:49:37.024+0100] {processor.py:175} INFO - Processing /home/momo/.local/lib/python3.8/site-packages/airflow/example_dags/example_latest_only_with_trigger.py took 0.177 seconds
[2022-12-23T01:50:39.833+0100] {processor.py:153} INFO - Started process (PID=5505) to work on /home/momo/.local/lib/python3.8/site-packages/airflow/example_dags/example_latest_only_with_trigger.py
[2022-12-23T01:50:39.835+0100] {processor.py:743} INFO - Processing file /home/momo/.local/lib/python3.8/site-packages/airflow/example_dags/example_latest_only_with_trigger.py for tasks to queue
[2022-12-23T01:50:39.836+0100] {logging_mixin.py:137} INFO - [2022-12-23T01:50:39.835+0100] {dagbag.py:538} INFO - Filling up the DagBag from /home/momo/.local/lib/python3.8/site-packages/airflow/example_dags/example_latest_only_with_trigger.py
[2022-12-23T01:50:39.859+0100] {processor.py:753} INFO - DAG(s) dict_keys(['latest_only_with_trigger']) retrieved from /home/momo/.local/lib/python3.8/site-packages/airflow/example_dags/example_latest_only_with_trigger.py
[2022-12-23T01:50:39.904+0100] {logging_mixin.py:137} INFO - [2022-12-23T01:50:39.903+0100] {dag.py:2676} INFO - Sync 1 DAGs
[2022-12-23T01:50:39.936+0100] {logging_mixin.py:137} INFO - [2022-12-23T01:50:39.935+0100] {dag.py:3423} INFO - Setting next_dagrun for latest_only_with_trigger to 2022-12-22T20:50:39.935417+00:00, run_after=2022-12-23T00:50:39.935417+00:00
[2022-12-23T01:50:39.985+0100] {processor.py:175} INFO - Processing /home/momo/.local/lib/python3.8/site-packages/airflow/example_dags/example_latest_only_with_trigger.py took 0.157 seconds
[2022-12-23T01:51:39.588+0100] {processor.py:153} INFO - Started process (PID=5559) to work on /home/momo/.local/lib/python3.8/site-packages/airflow/example_dags/example_latest_only_with_trigger.py
[2022-12-23T01:51:39.597+0100] {processor.py:743} INFO - Processing file /home/momo/.local/lib/python3.8/site-packages/airflow/example_dags/example_latest_only_with_trigger.py for tasks to queue
[2022-12-23T01:51:39.600+0100] {logging_mixin.py:137} INFO - [2022-12-23T01:51:39.599+0100] {dagbag.py:538} INFO - Filling up the DagBag from /home/momo/.local/lib/python3.8/site-packages/airflow/example_dags/example_latest_only_with_trigger.py
[2022-12-23T01:51:39.639+0100] {processor.py:753} INFO - DAG(s) dict_keys(['latest_only_with_trigger']) retrieved from /home/momo/.local/lib/python3.8/site-packages/airflow/example_dags/example_latest_only_with_trigger.py
[2022-12-23T01:51:39.707+0100] {logging_mixin.py:137} INFO - [2022-12-23T01:51:39.706+0100] {dag.py:2676} INFO - Sync 1 DAGs
[2022-12-23T01:51:39.760+0100] {logging_mixin.py:137} INFO - [2022-12-23T01:51:39.760+0100] {dag.py:3423} INFO - Setting next_dagrun for latest_only_with_trigger to 2022-12-22T20:51:39.759350+00:00, run_after=2022-12-23T00:51:39.759350+00:00
[2022-12-23T01:51:39.810+0100] {processor.py:175} INFO - Processing /home/momo/.local/lib/python3.8/site-packages/airflow/example_dags/example_latest_only_with_trigger.py took 0.247 seconds
[2022-12-23T01:52:40.258+0100] {processor.py:153} INFO - Started process (PID=5661) to work on /home/momo/.local/lib/python3.8/site-packages/airflow/example_dags/example_latest_only_with_trigger.py
[2022-12-23T01:52:40.262+0100] {processor.py:743} INFO - Processing file /home/momo/.local/lib/python3.8/site-packages/airflow/example_dags/example_latest_only_with_trigger.py for tasks to queue
[2022-12-23T01:52:40.264+0100] {logging_mixin.py:137} INFO - [2022-12-23T01:52:40.264+0100] {dagbag.py:538} INFO - Filling up the DagBag from /home/momo/.local/lib/python3.8/site-packages/airflow/example_dags/example_latest_only_with_trigger.py
[2022-12-23T01:52:40.302+0100] {processor.py:753} INFO - DAG(s) dict_keys(['latest_only_with_trigger']) retrieved from /home/momo/.local/lib/python3.8/site-packages/airflow/example_dags/example_latest_only_with_trigger.py
[2022-12-23T01:52:40.337+0100] {logging_mixin.py:137} INFO - [2022-12-23T01:52:40.337+0100] {dag.py:2676} INFO - Sync 1 DAGs
[2022-12-23T01:52:40.364+0100] {logging_mixin.py:137} INFO - [2022-12-23T01:52:40.364+0100] {dag.py:3423} INFO - Setting next_dagrun for latest_only_with_trigger to 2022-12-22T20:52:40.363656+00:00, run_after=2022-12-23T00:52:40.363656+00:00
[2022-12-23T01:52:40.401+0100] {processor.py:175} INFO - Processing /home/momo/.local/lib/python3.8/site-packages/airflow/example_dags/example_latest_only_with_trigger.py took 0.158 seconds
[2022-12-23T01:53:43.152+0100] {processor.py:153} INFO - Started process (PID=5711) to work on /home/momo/.local/lib/python3.8/site-packages/airflow/example_dags/example_latest_only_with_trigger.py
[2022-12-23T01:53:43.156+0100] {processor.py:743} INFO - Processing file /home/momo/.local/lib/python3.8/site-packages/airflow/example_dags/example_latest_only_with_trigger.py for tasks to queue
[2022-12-23T01:53:43.159+0100] {logging_mixin.py:137} INFO - [2022-12-23T01:53:43.159+0100] {dagbag.py:538} INFO - Filling up the DagBag from /home/momo/.local/lib/python3.8/site-packages/airflow/example_dags/example_latest_only_with_trigger.py
[2022-12-23T01:53:43.217+0100] {processor.py:753} INFO - DAG(s) dict_keys(['latest_only_with_trigger']) retrieved from /home/momo/.local/lib/python3.8/site-packages/airflow/example_dags/example_latest_only_with_trigger.py
[2022-12-23T01:53:43.306+0100] {logging_mixin.py:137} INFO - [2022-12-23T01:53:43.306+0100] {dag.py:2676} INFO - Sync 1 DAGs
[2022-12-23T01:53:43.335+0100] {logging_mixin.py:137} INFO - [2022-12-23T01:53:43.335+0100] {dag.py:3423} INFO - Setting next_dagrun for latest_only_with_trigger to 2022-12-22T20:53:43.334924+00:00, run_after=2022-12-23T00:53:43.334924+00:00
[2022-12-23T01:53:43.363+0100] {processor.py:175} INFO - Processing /home/momo/.local/lib/python3.8/site-packages/airflow/example_dags/example_latest_only_with_trigger.py took 0.226 seconds
[2022-12-23T01:54:38.871+0100] {processor.py:153} INFO - Started process (PID=5758) to work on /home/momo/.local/lib/python3.8/site-packages/airflow/example_dags/example_latest_only_with_trigger.py
[2022-12-23T01:54:38.873+0100] {processor.py:743} INFO - Processing file /home/momo/.local/lib/python3.8/site-packages/airflow/example_dags/example_latest_only_with_trigger.py for tasks to queue
[2022-12-23T01:54:38.874+0100] {logging_mixin.py:137} INFO - [2022-12-23T01:54:38.874+0100] {dagbag.py:538} INFO - Filling up the DagBag from /home/momo/.local/lib/python3.8/site-packages/airflow/example_dags/example_latest_only_with_trigger.py
[2022-12-23T01:54:38.895+0100] {processor.py:753} INFO - DAG(s) dict_keys(['latest_only_with_trigger']) retrieved from /home/momo/.local/lib/python3.8/site-packages/airflow/example_dags/example_latest_only_with_trigger.py
[2022-12-23T01:54:38.931+0100] {logging_mixin.py:137} INFO - [2022-12-23T01:54:38.931+0100] {dag.py:2676} INFO - Sync 1 DAGs
[2022-12-23T01:54:38.959+0100] {logging_mixin.py:137} INFO - [2022-12-23T01:54:38.959+0100] {dag.py:3423} INFO - Setting next_dagrun for latest_only_with_trigger to 2022-12-22T20:54:38.958969+00:00, run_after=2022-12-23T00:54:38.958969+00:00
[2022-12-23T01:54:38.997+0100] {processor.py:175} INFO - Processing /home/momo/.local/lib/python3.8/site-packages/airflow/example_dags/example_latest_only_with_trigger.py took 0.133 seconds
[2022-12-23T01:55:31.552+0100] {processor.py:153} INFO - Started process (PID=5804) to work on /home/momo/.local/lib/python3.8/site-packages/airflow/example_dags/example_latest_only_with_trigger.py
[2022-12-23T01:55:31.560+0100] {processor.py:743} INFO - Processing file /home/momo/.local/lib/python3.8/site-packages/airflow/example_dags/example_latest_only_with_trigger.py for tasks to queue
[2022-12-23T01:55:31.563+0100] {logging_mixin.py:137} INFO - [2022-12-23T01:55:31.562+0100] {dagbag.py:538} INFO - Filling up the DagBag from /home/momo/.local/lib/python3.8/site-packages/airflow/example_dags/example_latest_only_with_trigger.py
[2022-12-23T01:55:31.608+0100] {processor.py:753} INFO - DAG(s) dict_keys(['latest_only_with_trigger']) retrieved from /home/momo/.local/lib/python3.8/site-packages/airflow/example_dags/example_latest_only_with_trigger.py
[2022-12-23T01:55:31.642+0100] {logging_mixin.py:137} INFO - [2022-12-23T01:55:31.642+0100] {dag.py:2676} INFO - Sync 1 DAGs
[2022-12-23T01:55:31.669+0100] {logging_mixin.py:137} INFO - [2022-12-23T01:55:31.669+0100] {dag.py:3423} INFO - Setting next_dagrun for latest_only_with_trigger to 2022-12-22T20:55:31.668904+00:00, run_after=2022-12-23T00:55:31.668904+00:00
[2022-12-23T01:55:31.706+0100] {processor.py:175} INFO - Processing /home/momo/.local/lib/python3.8/site-packages/airflow/example_dags/example_latest_only_with_trigger.py took 0.175 seconds
[2022-12-23T01:56:26.135+0100] {processor.py:153} INFO - Started process (PID=5852) to work on /home/momo/.local/lib/python3.8/site-packages/airflow/example_dags/example_latest_only_with_trigger.py
[2022-12-23T01:56:26.138+0100] {processor.py:743} INFO - Processing file /home/momo/.local/lib/python3.8/site-packages/airflow/example_dags/example_latest_only_with_trigger.py for tasks to queue
[2022-12-23T01:56:26.140+0100] {logging_mixin.py:137} INFO - [2022-12-23T01:56:26.139+0100] {dagbag.py:538} INFO - Filling up the DagBag from /home/momo/.local/lib/python3.8/site-packages/airflow/example_dags/example_latest_only_with_trigger.py
[2022-12-23T01:56:26.166+0100] {processor.py:753} INFO - DAG(s) dict_keys(['latest_only_with_trigger']) retrieved from /home/momo/.local/lib/python3.8/site-packages/airflow/example_dags/example_latest_only_with_trigger.py
[2022-12-23T01:56:26.201+0100] {logging_mixin.py:137} INFO - [2022-12-23T01:56:26.201+0100] {dag.py:2676} INFO - Sync 1 DAGs
[2022-12-23T01:56:26.229+0100] {logging_mixin.py:137} INFO - [2022-12-23T01:56:26.229+0100] {dag.py:3423} INFO - Setting next_dagrun for latest_only_with_trigger to 2022-12-22T20:56:26.229147+00:00, run_after=2022-12-23T00:56:26.229147+00:00
[2022-12-23T01:56:26.278+0100] {processor.py:175} INFO - Processing /home/momo/.local/lib/python3.8/site-packages/airflow/example_dags/example_latest_only_with_trigger.py took 0.156 seconds
[2022-12-23T01:57:27.193+0100] {processor.py:153} INFO - Started process (PID=5902) to work on /home/momo/.local/lib/python3.8/site-packages/airflow/example_dags/example_latest_only_with_trigger.py
[2022-12-23T01:57:27.198+0100] {processor.py:743} INFO - Processing file /home/momo/.local/lib/python3.8/site-packages/airflow/example_dags/example_latest_only_with_trigger.py for tasks to queue
[2022-12-23T01:57:27.202+0100] {logging_mixin.py:137} INFO - [2022-12-23T01:57:27.201+0100] {dagbag.py:538} INFO - Filling up the DagBag from /home/momo/.local/lib/python3.8/site-packages/airflow/example_dags/example_latest_only_with_trigger.py
[2022-12-23T01:57:27.261+0100] {processor.py:753} INFO - DAG(s) dict_keys(['latest_only_with_trigger']) retrieved from /home/momo/.local/lib/python3.8/site-packages/airflow/example_dags/example_latest_only_with_trigger.py
[2022-12-23T01:57:27.301+0100] {logging_mixin.py:137} INFO - [2022-12-23T01:57:27.301+0100] {dag.py:2676} INFO - Sync 1 DAGs
[2022-12-23T01:57:27.331+0100] {logging_mixin.py:137} INFO - [2022-12-23T01:57:27.330+0100] {dag.py:3423} INFO - Setting next_dagrun for latest_only_with_trigger to 2022-12-22T20:57:27.330593+00:00, run_after=2022-12-23T00:57:27.330593+00:00
[2022-12-23T01:57:27.366+0100] {processor.py:175} INFO - Processing /home/momo/.local/lib/python3.8/site-packages/airflow/example_dags/example_latest_only_with_trigger.py took 0.187 seconds
[2022-12-23T01:58:32.896+0100] {processor.py:153} INFO - Started process (PID=5961) to work on /home/momo/.local/lib/python3.8/site-packages/airflow/example_dags/example_latest_only_with_trigger.py
[2022-12-23T01:58:32.910+0100] {processor.py:743} INFO - Processing file /home/momo/.local/lib/python3.8/site-packages/airflow/example_dags/example_latest_only_with_trigger.py for tasks to queue
[2022-12-23T01:58:32.911+0100] {logging_mixin.py:137} INFO - [2022-12-23T01:58:32.911+0100] {dagbag.py:538} INFO - Filling up the DagBag from /home/momo/.local/lib/python3.8/site-packages/airflow/example_dags/example_latest_only_with_trigger.py
[2022-12-23T01:58:32.969+0100] {processor.py:753} INFO - DAG(s) dict_keys(['latest_only_with_trigger']) retrieved from /home/momo/.local/lib/python3.8/site-packages/airflow/example_dags/example_latest_only_with_trigger.py
[2022-12-23T01:58:33.039+0100] {logging_mixin.py:137} INFO - [2022-12-23T01:58:33.039+0100] {dag.py:2676} INFO - Sync 1 DAGs
[2022-12-23T01:58:33.100+0100] {logging_mixin.py:137} INFO - [2022-12-23T01:58:33.100+0100] {dag.py:3423} INFO - Setting next_dagrun for latest_only_with_trigger to 2022-12-22T20:58:33.100035+00:00, run_after=2022-12-23T00:58:33.100035+00:00
[2022-12-23T01:58:33.150+0100] {processor.py:175} INFO - Processing /home/momo/.local/lib/python3.8/site-packages/airflow/example_dags/example_latest_only_with_trigger.py took 0.261 seconds
[2022-12-23T01:59:33.960+0100] {processor.py:153} INFO - Started process (PID=6016) to work on /home/momo/.local/lib/python3.8/site-packages/airflow/example_dags/example_latest_only_with_trigger.py
[2022-12-23T01:59:33.966+0100] {processor.py:743} INFO - Processing file /home/momo/.local/lib/python3.8/site-packages/airflow/example_dags/example_latest_only_with_trigger.py for tasks to queue
[2022-12-23T01:59:33.967+0100] {logging_mixin.py:137} INFO - [2022-12-23T01:59:33.967+0100] {dagbag.py:538} INFO - Filling up the DagBag from /home/momo/.local/lib/python3.8/site-packages/airflow/example_dags/example_latest_only_with_trigger.py
[2022-12-23T01:59:34.027+0100] {processor.py:753} INFO - DAG(s) dict_keys(['latest_only_with_trigger']) retrieved from /home/momo/.local/lib/python3.8/site-packages/airflow/example_dags/example_latest_only_with_trigger.py
[2022-12-23T01:59:34.144+0100] {logging_mixin.py:137} INFO - [2022-12-23T01:59:34.143+0100] {dag.py:2676} INFO - Sync 1 DAGs
[2022-12-23T01:59:34.250+0100] {logging_mixin.py:137} INFO - [2022-12-23T01:59:34.250+0100] {dag.py:3423} INFO - Setting next_dagrun for latest_only_with_trigger to 2022-12-22T20:59:34.249945+00:00, run_after=2022-12-23T00:59:34.249945+00:00
[2022-12-23T01:59:34.306+0100] {processor.py:175} INFO - Processing /home/momo/.local/lib/python3.8/site-packages/airflow/example_dags/example_latest_only_with_trigger.py took 0.359 seconds
[2022-12-23T02:00:32.831+0100] {processor.py:153} INFO - Started process (PID=6070) to work on /home/momo/.local/lib/python3.8/site-packages/airflow/example_dags/example_latest_only_with_trigger.py
[2022-12-23T02:00:32.841+0100] {processor.py:743} INFO - Processing file /home/momo/.local/lib/python3.8/site-packages/airflow/example_dags/example_latest_only_with_trigger.py for tasks to queue
[2022-12-23T02:00:32.844+0100] {logging_mixin.py:137} INFO - [2022-12-23T02:00:32.843+0100] {dagbag.py:538} INFO - Filling up the DagBag from /home/momo/.local/lib/python3.8/site-packages/airflow/example_dags/example_latest_only_with_trigger.py
[2022-12-23T02:00:32.904+0100] {processor.py:753} INFO - DAG(s) dict_keys(['latest_only_with_trigger']) retrieved from /home/momo/.local/lib/python3.8/site-packages/airflow/example_dags/example_latest_only_with_trigger.py
[2022-12-23T02:00:32.979+0100] {logging_mixin.py:137} INFO - [2022-12-23T02:00:32.979+0100] {dag.py:2676} INFO - Sync 1 DAGs
[2022-12-23T02:00:33.007+0100] {logging_mixin.py:137} INFO - [2022-12-23T02:00:33.007+0100] {dag.py:3423} INFO - Setting next_dagrun for latest_only_with_trigger to 2022-12-22T21:00:33.007212+00:00, run_after=2022-12-23T01:00:33.007212+00:00
[2022-12-23T02:00:33.051+0100] {processor.py:175} INFO - Processing /home/momo/.local/lib/python3.8/site-packages/airflow/example_dags/example_latest_only_with_trigger.py took 0.236 seconds
[2022-12-23T02:01:32.106+0100] {processor.py:153} INFO - Started process (PID=6123) to work on /home/momo/.local/lib/python3.8/site-packages/airflow/example_dags/example_latest_only_with_trigger.py
[2022-12-23T02:01:32.116+0100] {processor.py:743} INFO - Processing file /home/momo/.local/lib/python3.8/site-packages/airflow/example_dags/example_latest_only_with_trigger.py for tasks to queue
[2022-12-23T02:01:32.119+0100] {logging_mixin.py:137} INFO - [2022-12-23T02:01:32.119+0100] {dagbag.py:538} INFO - Filling up the DagBag from /home/momo/.local/lib/python3.8/site-packages/airflow/example_dags/example_latest_only_with_trigger.py
[2022-12-23T02:01:32.179+0100] {processor.py:753} INFO - DAG(s) dict_keys(['latest_only_with_trigger']) retrieved from /home/momo/.local/lib/python3.8/site-packages/airflow/example_dags/example_latest_only_with_trigger.py
[2022-12-23T02:01:32.243+0100] {logging_mixin.py:137} INFO - [2022-12-23T02:01:32.242+0100] {dag.py:2676} INFO - Sync 1 DAGs
[2022-12-23T02:01:32.271+0100] {logging_mixin.py:137} INFO - [2022-12-23T02:01:32.270+0100] {dag.py:3423} INFO - Setting next_dagrun for latest_only_with_trigger to 2022-12-22T21:01:32.270188+00:00, run_after=2022-12-23T01:01:32.270188+00:00
[2022-12-23T02:01:32.314+0100] {processor.py:175} INFO - Processing /home/momo/.local/lib/python3.8/site-packages/airflow/example_dags/example_latest_only_with_trigger.py took 0.221 seconds
[2022-12-23T02:02:23.116+0100] {processor.py:153} INFO - Started process (PID=6163) to work on /home/momo/.local/lib/python3.8/site-packages/airflow/example_dags/example_latest_only_with_trigger.py
[2022-12-23T02:02:23.120+0100] {processor.py:743} INFO - Processing file /home/momo/.local/lib/python3.8/site-packages/airflow/example_dags/example_latest_only_with_trigger.py for tasks to queue
[2022-12-23T02:02:23.123+0100] {logging_mixin.py:137} INFO - [2022-12-23T02:02:23.123+0100] {dagbag.py:538} INFO - Filling up the DagBag from /home/momo/.local/lib/python3.8/site-packages/airflow/example_dags/example_latest_only_with_trigger.py
[2022-12-23T02:02:23.191+0100] {processor.py:753} INFO - DAG(s) dict_keys(['latest_only_with_trigger']) retrieved from /home/momo/.local/lib/python3.8/site-packages/airflow/example_dags/example_latest_only_with_trigger.py
[2022-12-23T02:02:23.246+0100] {logging_mixin.py:137} INFO - [2022-12-23T02:02:23.246+0100] {dag.py:2676} INFO - Sync 1 DAGs
[2022-12-23T02:02:23.290+0100] {logging_mixin.py:137} INFO - [2022-12-23T02:02:23.290+0100] {dag.py:3423} INFO - Setting next_dagrun for latest_only_with_trigger to 2022-12-22T21:02:23.289731+00:00, run_after=2022-12-23T01:02:23.289731+00:00
[2022-12-23T02:02:23.326+0100] {processor.py:175} INFO - Processing /home/momo/.local/lib/python3.8/site-packages/airflow/example_dags/example_latest_only_with_trigger.py took 0.224 seconds
[2022-12-23T02:03:23.332+0100] {processor.py:153} INFO - Started process (PID=6212) to work on /home/momo/.local/lib/python3.8/site-packages/airflow/example_dags/example_latest_only_with_trigger.py
[2022-12-23T02:03:23.336+0100] {processor.py:743} INFO - Processing file /home/momo/.local/lib/python3.8/site-packages/airflow/example_dags/example_latest_only_with_trigger.py for tasks to queue
[2022-12-23T02:03:23.340+0100] {logging_mixin.py:137} INFO - [2022-12-23T02:03:23.339+0100] {dagbag.py:538} INFO - Filling up the DagBag from /home/momo/.local/lib/python3.8/site-packages/airflow/example_dags/example_latest_only_with_trigger.py
[2022-12-23T02:03:23.373+0100] {processor.py:753} INFO - DAG(s) dict_keys(['latest_only_with_trigger']) retrieved from /home/momo/.local/lib/python3.8/site-packages/airflow/example_dags/example_latest_only_with_trigger.py
[2022-12-23T02:03:23.410+0100] {logging_mixin.py:137} INFO - [2022-12-23T02:03:23.410+0100] {dag.py:2676} INFO - Sync 1 DAGs
[2022-12-23T02:03:23.438+0100] {logging_mixin.py:137} INFO - [2022-12-23T02:03:23.438+0100] {dag.py:3423} INFO - Setting next_dagrun for latest_only_with_trigger to 2022-12-22T21:03:23.437899+00:00, run_after=2022-12-23T01:03:23.437899+00:00
[2022-12-23T02:03:23.481+0100] {processor.py:175} INFO - Processing /home/momo/.local/lib/python3.8/site-packages/airflow/example_dags/example_latest_only_with_trigger.py took 0.162 seconds
[2022-12-23T02:04:17.499+0100] {processor.py:153} INFO - Started process (PID=6263) to work on /home/momo/.local/lib/python3.8/site-packages/airflow/example_dags/example_latest_only_with_trigger.py
[2022-12-23T02:04:17.505+0100] {processor.py:743} INFO - Processing file /home/momo/.local/lib/python3.8/site-packages/airflow/example_dags/example_latest_only_with_trigger.py for tasks to queue
[2022-12-23T02:04:17.508+0100] {logging_mixin.py:137} INFO - [2022-12-23T02:04:17.508+0100] {dagbag.py:538} INFO - Filling up the DagBag from /home/momo/.local/lib/python3.8/site-packages/airflow/example_dags/example_latest_only_with_trigger.py
[2022-12-23T02:04:17.544+0100] {processor.py:753} INFO - DAG(s) dict_keys(['latest_only_with_trigger']) retrieved from /home/momo/.local/lib/python3.8/site-packages/airflow/example_dags/example_latest_only_with_trigger.py
[2022-12-23T02:04:17.597+0100] {logging_mixin.py:137} INFO - [2022-12-23T02:04:17.597+0100] {dag.py:2676} INFO - Sync 1 DAGs
[2022-12-23T02:04:17.627+0100] {logging_mixin.py:137} INFO - [2022-12-23T02:04:17.627+0100] {dag.py:3423} INFO - Setting next_dagrun for latest_only_with_trigger to 2022-12-22T21:04:17.626688+00:00, run_after=2022-12-23T01:04:17.626688+00:00
[2022-12-23T02:04:17.660+0100] {processor.py:175} INFO - Processing /home/momo/.local/lib/python3.8/site-packages/airflow/example_dags/example_latest_only_with_trigger.py took 0.175 seconds
[2022-12-23T02:05:19.864+0100] {processor.py:153} INFO - Started process (PID=6314) to work on /home/momo/.local/lib/python3.8/site-packages/airflow/example_dags/example_latest_only_with_trigger.py
[2022-12-23T02:05:19.870+0100] {processor.py:743} INFO - Processing file /home/momo/.local/lib/python3.8/site-packages/airflow/example_dags/example_latest_only_with_trigger.py for tasks to queue
[2022-12-23T02:05:19.871+0100] {logging_mixin.py:137} INFO - [2022-12-23T02:05:19.871+0100] {dagbag.py:538} INFO - Filling up the DagBag from /home/momo/.local/lib/python3.8/site-packages/airflow/example_dags/example_latest_only_with_trigger.py
[2022-12-23T02:05:19.938+0100] {processor.py:753} INFO - DAG(s) dict_keys(['latest_only_with_trigger']) retrieved from /home/momo/.local/lib/python3.8/site-packages/airflow/example_dags/example_latest_only_with_trigger.py
[2022-12-23T02:05:20.023+0100] {logging_mixin.py:137} INFO - [2022-12-23T02:05:20.006+0100] {dag.py:2676} INFO - Sync 1 DAGs
[2022-12-23T02:05:20.095+0100] {logging_mixin.py:137} INFO - [2022-12-23T02:05:20.095+0100] {dag.py:3423} INFO - Setting next_dagrun for latest_only_with_trigger to 2022-12-22T21:05:20.094707+00:00, run_after=2022-12-23T01:05:20.094707+00:00
[2022-12-23T02:05:20.148+0100] {processor.py:175} INFO - Processing /home/momo/.local/lib/python3.8/site-packages/airflow/example_dags/example_latest_only_with_trigger.py took 0.292 seconds
[2022-12-23T02:06:18.653+0100] {processor.py:153} INFO - Started process (PID=6363) to work on /home/momo/.local/lib/python3.8/site-packages/airflow/example_dags/example_latest_only_with_trigger.py
[2022-12-23T02:06:18.660+0100] {processor.py:743} INFO - Processing file /home/momo/.local/lib/python3.8/site-packages/airflow/example_dags/example_latest_only_with_trigger.py for tasks to queue
[2022-12-23T02:06:18.662+0100] {logging_mixin.py:137} INFO - [2022-12-23T02:06:18.662+0100] {dagbag.py:538} INFO - Filling up the DagBag from /home/momo/.local/lib/python3.8/site-packages/airflow/example_dags/example_latest_only_with_trigger.py
[2022-12-23T02:06:18.730+0100] {processor.py:753} INFO - DAG(s) dict_keys(['latest_only_with_trigger']) retrieved from /home/momo/.local/lib/python3.8/site-packages/airflow/example_dags/example_latest_only_with_trigger.py
[2022-12-23T02:06:18.836+0100] {logging_mixin.py:137} INFO - [2022-12-23T02:06:18.835+0100] {dag.py:2676} INFO - Sync 1 DAGs
[2022-12-23T02:06:18.902+0100] {logging_mixin.py:137} INFO - [2022-12-23T02:06:18.902+0100] {dag.py:3423} INFO - Setting next_dagrun for latest_only_with_trigger to 2022-12-22T21:06:18.901640+00:00, run_after=2022-12-23T01:06:18.901640+00:00
[2022-12-23T02:06:18.945+0100] {processor.py:175} INFO - Processing /home/momo/.local/lib/python3.8/site-packages/airflow/example_dags/example_latest_only_with_trigger.py took 0.301 seconds
[2022-12-23T02:07:22.271+0100] {processor.py:153} INFO - Started process (PID=6421) to work on /home/momo/.local/lib/python3.8/site-packages/airflow/example_dags/example_latest_only_with_trigger.py
[2022-12-23T02:07:22.275+0100] {processor.py:743} INFO - Processing file /home/momo/.local/lib/python3.8/site-packages/airflow/example_dags/example_latest_only_with_trigger.py for tasks to queue
[2022-12-23T02:07:22.277+0100] {logging_mixin.py:137} INFO - [2022-12-23T02:07:22.277+0100] {dagbag.py:538} INFO - Filling up the DagBag from /home/momo/.local/lib/python3.8/site-packages/airflow/example_dags/example_latest_only_with_trigger.py
[2022-12-23T02:07:22.317+0100] {processor.py:753} INFO - DAG(s) dict_keys(['latest_only_with_trigger']) retrieved from /home/momo/.local/lib/python3.8/site-packages/airflow/example_dags/example_latest_only_with_trigger.py
[2022-12-23T02:07:22.351+0100] {logging_mixin.py:137} INFO - [2022-12-23T02:07:22.351+0100] {dag.py:2676} INFO - Sync 1 DAGs
[2022-12-23T02:07:22.380+0100] {logging_mixin.py:137} INFO - [2022-12-23T02:07:22.380+0100] {dag.py:3423} INFO - Setting next_dagrun for latest_only_with_trigger to 2022-12-22T21:07:22.380316+00:00, run_after=2022-12-23T01:07:22.380316+00:00
[2022-12-23T02:07:22.419+0100] {processor.py:175} INFO - Processing /home/momo/.local/lib/python3.8/site-packages/airflow/example_dags/example_latest_only_with_trigger.py took 0.161 seconds
[2022-12-23T02:08:23.502+0100] {processor.py:153} INFO - Started process (PID=6474) to work on /home/momo/.local/lib/python3.8/site-packages/airflow/example_dags/example_latest_only_with_trigger.py
[2022-12-23T02:08:23.506+0100] {processor.py:743} INFO - Processing file /home/momo/.local/lib/python3.8/site-packages/airflow/example_dags/example_latest_only_with_trigger.py for tasks to queue
[2022-12-23T02:08:23.509+0100] {logging_mixin.py:137} INFO - [2022-12-23T02:08:23.508+0100] {dagbag.py:538} INFO - Filling up the DagBag from /home/momo/.local/lib/python3.8/site-packages/airflow/example_dags/example_latest_only_with_trigger.py
[2022-12-23T02:08:23.564+0100] {processor.py:753} INFO - DAG(s) dict_keys(['latest_only_with_trigger']) retrieved from /home/momo/.local/lib/python3.8/site-packages/airflow/example_dags/example_latest_only_with_trigger.py
[2022-12-23T02:08:23.721+0100] {logging_mixin.py:137} INFO - [2022-12-23T02:08:23.720+0100] {dag.py:2676} INFO - Sync 1 DAGs
[2022-12-23T02:08:23.787+0100] {logging_mixin.py:137} INFO - [2022-12-23T02:08:23.787+0100] {dag.py:3423} INFO - Setting next_dagrun for latest_only_with_trigger to 2022-12-22T21:08:23.787280+00:00, run_after=2022-12-23T01:08:23.787280+00:00
[2022-12-23T02:08:23.848+0100] {processor.py:175} INFO - Processing /home/momo/.local/lib/python3.8/site-packages/airflow/example_dags/example_latest_only_with_trigger.py took 0.358 seconds
[2022-12-23T02:09:27.241+0100] {processor.py:153} INFO - Started process (PID=6528) to work on /home/momo/.local/lib/python3.8/site-packages/airflow/example_dags/example_latest_only_with_trigger.py
[2022-12-23T02:09:27.245+0100] {processor.py:743} INFO - Processing file /home/momo/.local/lib/python3.8/site-packages/airflow/example_dags/example_latest_only_with_trigger.py for tasks to queue
[2022-12-23T02:09:27.248+0100] {logging_mixin.py:137} INFO - [2022-12-23T02:09:27.247+0100] {dagbag.py:538} INFO - Filling up the DagBag from /home/momo/.local/lib/python3.8/site-packages/airflow/example_dags/example_latest_only_with_trigger.py
[2022-12-23T02:09:27.349+0100] {processor.py:753} INFO - DAG(s) dict_keys(['latest_only_with_trigger']) retrieved from /home/momo/.local/lib/python3.8/site-packages/airflow/example_dags/example_latest_only_with_trigger.py
[2022-12-23T02:09:27.386+0100] {logging_mixin.py:137} INFO - [2022-12-23T02:09:27.386+0100] {dag.py:2676} INFO - Sync 1 DAGs
[2022-12-23T02:09:27.413+0100] {logging_mixin.py:137} INFO - [2022-12-23T02:09:27.413+0100] {dag.py:3423} INFO - Setting next_dagrun for latest_only_with_trigger to 2022-12-22T21:09:27.412952+00:00, run_after=2022-12-23T01:09:27.412952+00:00
[2022-12-23T02:09:27.445+0100] {processor.py:175} INFO - Processing /home/momo/.local/lib/python3.8/site-packages/airflow/example_dags/example_latest_only_with_trigger.py took 0.219 seconds
[2022-12-23T02:10:29.129+0100] {processor.py:153} INFO - Started process (PID=6586) to work on /home/momo/.local/lib/python3.8/site-packages/airflow/example_dags/example_latest_only_with_trigger.py
[2022-12-23T02:10:29.141+0100] {processor.py:743} INFO - Processing file /home/momo/.local/lib/python3.8/site-packages/airflow/example_dags/example_latest_only_with_trigger.py for tasks to queue
[2022-12-23T02:10:29.142+0100] {logging_mixin.py:137} INFO - [2022-12-23T02:10:29.142+0100] {dagbag.py:538} INFO - Filling up the DagBag from /home/momo/.local/lib/python3.8/site-packages/airflow/example_dags/example_latest_only_with_trigger.py
[2022-12-23T02:10:29.163+0100] {processor.py:753} INFO - DAG(s) dict_keys(['latest_only_with_trigger']) retrieved from /home/momo/.local/lib/python3.8/site-packages/airflow/example_dags/example_latest_only_with_trigger.py
[2022-12-23T02:10:29.198+0100] {logging_mixin.py:137} INFO - [2022-12-23T02:10:29.198+0100] {dag.py:2676} INFO - Sync 1 DAGs
[2022-12-23T02:10:29.225+0100] {logging_mixin.py:137} INFO - [2022-12-23T02:10:29.225+0100] {dag.py:3423} INFO - Setting next_dagrun for latest_only_with_trigger to 2022-12-22T21:10:29.225389+00:00, run_after=2022-12-23T01:10:29.225389+00:00
[2022-12-23T02:10:29.301+0100] {processor.py:175} INFO - Processing /home/momo/.local/lib/python3.8/site-packages/airflow/example_dags/example_latest_only_with_trigger.py took 0.182 seconds
[2022-12-23T02:11:32.318+0100] {processor.py:153} INFO - Started process (PID=6642) to work on /home/momo/.local/lib/python3.8/site-packages/airflow/example_dags/example_latest_only_with_trigger.py
[2022-12-23T02:11:32.321+0100] {processor.py:743} INFO - Processing file /home/momo/.local/lib/python3.8/site-packages/airflow/example_dags/example_latest_only_with_trigger.py for tasks to queue
[2022-12-23T02:11:32.323+0100] {logging_mixin.py:137} INFO - [2022-12-23T02:11:32.322+0100] {dagbag.py:538} INFO - Filling up the DagBag from /home/momo/.local/lib/python3.8/site-packages/airflow/example_dags/example_latest_only_with_trigger.py
[2022-12-23T02:11:32.346+0100] {processor.py:753} INFO - DAG(s) dict_keys(['latest_only_with_trigger']) retrieved from /home/momo/.local/lib/python3.8/site-packages/airflow/example_dags/example_latest_only_with_trigger.py
[2022-12-23T02:11:32.380+0100] {logging_mixin.py:137} INFO - [2022-12-23T02:11:32.380+0100] {dag.py:2676} INFO - Sync 1 DAGs
[2022-12-23T02:11:32.409+0100] {logging_mixin.py:137} INFO - [2022-12-23T02:11:32.409+0100] {dag.py:3423} INFO - Setting next_dagrun for latest_only_with_trigger to 2022-12-22T21:11:32.409251+00:00, run_after=2022-12-23T01:11:32.409251+00:00
[2022-12-23T02:11:32.447+0100] {processor.py:175} INFO - Processing /home/momo/.local/lib/python3.8/site-packages/airflow/example_dags/example_latest_only_with_trigger.py took 0.141 seconds
[2022-12-23T02:12:32.327+0100] {processor.py:153} INFO - Started process (PID=6693) to work on /home/momo/.local/lib/python3.8/site-packages/airflow/example_dags/example_latest_only_with_trigger.py
[2022-12-23T02:12:32.333+0100] {processor.py:743} INFO - Processing file /home/momo/.local/lib/python3.8/site-packages/airflow/example_dags/example_latest_only_with_trigger.py for tasks to queue
[2022-12-23T02:12:32.339+0100] {logging_mixin.py:137} INFO - [2022-12-23T02:12:32.338+0100] {dagbag.py:538} INFO - Filling up the DagBag from /home/momo/.local/lib/python3.8/site-packages/airflow/example_dags/example_latest_only_with_trigger.py
[2022-12-23T02:12:32.418+0100] {processor.py:753} INFO - DAG(s) dict_keys(['latest_only_with_trigger']) retrieved from /home/momo/.local/lib/python3.8/site-packages/airflow/example_dags/example_latest_only_with_trigger.py
[2022-12-23T02:12:32.470+0100] {logging_mixin.py:137} INFO - [2022-12-23T02:12:32.470+0100] {dag.py:2676} INFO - Sync 1 DAGs
[2022-12-23T02:12:32.521+0100] {logging_mixin.py:137} INFO - [2022-12-23T02:12:32.520+0100] {dag.py:3423} INFO - Setting next_dagrun for latest_only_with_trigger to 2022-12-22T21:12:32.520342+00:00, run_after=2022-12-23T01:12:32.520342+00:00
[2022-12-23T02:12:32.569+0100] {processor.py:175} INFO - Processing /home/momo/.local/lib/python3.8/site-packages/airflow/example_dags/example_latest_only_with_trigger.py took 0.256 seconds
[2022-12-23T02:13:32.204+0100] {processor.py:153} INFO - Started process (PID=6742) to work on /home/momo/.local/lib/python3.8/site-packages/airflow/example_dags/example_latest_only_with_trigger.py
[2022-12-23T02:13:32.211+0100] {processor.py:743} INFO - Processing file /home/momo/.local/lib/python3.8/site-packages/airflow/example_dags/example_latest_only_with_trigger.py for tasks to queue
[2022-12-23T02:13:32.211+0100] {logging_mixin.py:137} INFO - [2022-12-23T02:13:32.211+0100] {dagbag.py:538} INFO - Filling up the DagBag from /home/momo/.local/lib/python3.8/site-packages/airflow/example_dags/example_latest_only_with_trigger.py
[2022-12-23T02:13:32.257+0100] {processor.py:753} INFO - DAG(s) dict_keys(['latest_only_with_trigger']) retrieved from /home/momo/.local/lib/python3.8/site-packages/airflow/example_dags/example_latest_only_with_trigger.py
[2022-12-23T02:13:32.335+0100] {logging_mixin.py:137} INFO - [2022-12-23T02:13:32.335+0100] {dag.py:2676} INFO - Sync 1 DAGs
[2022-12-23T02:13:32.395+0100] {logging_mixin.py:137} INFO - [2022-12-23T02:13:32.395+0100] {dag.py:3423} INFO - Setting next_dagrun for latest_only_with_trigger to 2022-12-22T21:13:32.395116+00:00, run_after=2022-12-23T01:13:32.395116+00:00
[2022-12-23T02:13:32.456+0100] {processor.py:175} INFO - Processing /home/momo/.local/lib/python3.8/site-packages/airflow/example_dags/example_latest_only_with_trigger.py took 0.264 seconds
[2022-12-23T02:14:36.894+0100] {processor.py:153} INFO - Started process (PID=6795) to work on /home/momo/.local/lib/python3.8/site-packages/airflow/example_dags/example_latest_only_with_trigger.py
[2022-12-23T02:14:36.914+0100] {processor.py:743} INFO - Processing file /home/momo/.local/lib/python3.8/site-packages/airflow/example_dags/example_latest_only_with_trigger.py for tasks to queue
[2022-12-23T02:14:36.915+0100] {logging_mixin.py:137} INFO - [2022-12-23T02:14:36.915+0100] {dagbag.py:538} INFO - Filling up the DagBag from /home/momo/.local/lib/python3.8/site-packages/airflow/example_dags/example_latest_only_with_trigger.py
[2022-12-23T02:14:37.098+0100] {processor.py:753} INFO - DAG(s) dict_keys(['latest_only_with_trigger']) retrieved from /home/momo/.local/lib/python3.8/site-packages/airflow/example_dags/example_latest_only_with_trigger.py
[2022-12-23T02:14:37.232+0100] {logging_mixin.py:137} INFO - [2022-12-23T02:14:37.229+0100] {dag.py:2676} INFO - Sync 1 DAGs
[2022-12-23T02:14:37.294+0100] {logging_mixin.py:137} INFO - [2022-12-23T02:14:37.293+0100] {dag.py:3423} INFO - Setting next_dagrun for latest_only_with_trigger to 2022-12-22T21:14:37.293620+00:00, run_after=2022-12-23T01:14:37.293620+00:00
[2022-12-23T02:14:37.360+0100] {processor.py:175} INFO - Processing /home/momo/.local/lib/python3.8/site-packages/airflow/example_dags/example_latest_only_with_trigger.py took 0.535 seconds
[2022-12-23T02:15:41.193+0100] {processor.py:153} INFO - Started process (PID=6851) to work on /home/momo/.local/lib/python3.8/site-packages/airflow/example_dags/example_latest_only_with_trigger.py
[2022-12-23T02:15:41.198+0100] {processor.py:743} INFO - Processing file /home/momo/.local/lib/python3.8/site-packages/airflow/example_dags/example_latest_only_with_trigger.py for tasks to queue
[2022-12-23T02:15:41.200+0100] {logging_mixin.py:137} INFO - [2022-12-23T02:15:41.200+0100] {dagbag.py:538} INFO - Filling up the DagBag from /home/momo/.local/lib/python3.8/site-packages/airflow/example_dags/example_latest_only_with_trigger.py
[2022-12-23T02:15:41.227+0100] {processor.py:753} INFO - DAG(s) dict_keys(['latest_only_with_trigger']) retrieved from /home/momo/.local/lib/python3.8/site-packages/airflow/example_dags/example_latest_only_with_trigger.py
[2022-12-23T02:15:41.262+0100] {logging_mixin.py:137} INFO - [2022-12-23T02:15:41.261+0100] {dag.py:2676} INFO - Sync 1 DAGs
[2022-12-23T02:15:41.289+0100] {logging_mixin.py:137} INFO - [2022-12-23T02:15:41.289+0100] {dag.py:3423} INFO - Setting next_dagrun for latest_only_with_trigger to 2022-12-22T21:15:41.288663+00:00, run_after=2022-12-23T01:15:41.288663+00:00
[2022-12-23T02:15:41.325+0100] {processor.py:175} INFO - Processing /home/momo/.local/lib/python3.8/site-packages/airflow/example_dags/example_latest_only_with_trigger.py took 0.148 seconds
[2022-12-23T02:16:36.779+0100] {processor.py:153} INFO - Started process (PID=6900) to work on /home/momo/.local/lib/python3.8/site-packages/airflow/example_dags/example_latest_only_with_trigger.py
[2022-12-23T02:16:36.783+0100] {processor.py:743} INFO - Processing file /home/momo/.local/lib/python3.8/site-packages/airflow/example_dags/example_latest_only_with_trigger.py for tasks to queue
[2022-12-23T02:16:36.786+0100] {logging_mixin.py:137} INFO - [2022-12-23T02:16:36.785+0100] {dagbag.py:538} INFO - Filling up the DagBag from /home/momo/.local/lib/python3.8/site-packages/airflow/example_dags/example_latest_only_with_trigger.py
[2022-12-23T02:16:36.875+0100] {processor.py:753} INFO - DAG(s) dict_keys(['latest_only_with_trigger']) retrieved from /home/momo/.local/lib/python3.8/site-packages/airflow/example_dags/example_latest_only_with_trigger.py
[2022-12-23T02:16:36.921+0100] {logging_mixin.py:137} INFO - [2022-12-23T02:16:36.921+0100] {dag.py:2676} INFO - Sync 1 DAGs
[2022-12-23T02:16:36.952+0100] {logging_mixin.py:137} INFO - [2022-12-23T02:16:36.952+0100] {dag.py:3423} INFO - Setting next_dagrun for latest_only_with_trigger to 2022-12-22T21:16:36.952281+00:00, run_after=2022-12-23T01:16:36.952281+00:00
[2022-12-23T02:16:36.995+0100] {processor.py:175} INFO - Processing /home/momo/.local/lib/python3.8/site-packages/airflow/example_dags/example_latest_only_with_trigger.py took 0.231 seconds
[2022-12-23T02:17:36.980+0100] {processor.py:153} INFO - Started process (PID=6957) to work on /home/momo/.local/lib/python3.8/site-packages/airflow/example_dags/example_latest_only_with_trigger.py
[2022-12-23T02:17:36.985+0100] {processor.py:743} INFO - Processing file /home/momo/.local/lib/python3.8/site-packages/airflow/example_dags/example_latest_only_with_trigger.py for tasks to queue
[2022-12-23T02:17:36.986+0100] {logging_mixin.py:137} INFO - [2022-12-23T02:17:36.985+0100] {dagbag.py:538} INFO - Filling up the DagBag from /home/momo/.local/lib/python3.8/site-packages/airflow/example_dags/example_latest_only_with_trigger.py
[2022-12-23T02:17:37.047+0100] {processor.py:753} INFO - DAG(s) dict_keys(['latest_only_with_trigger']) retrieved from /home/momo/.local/lib/python3.8/site-packages/airflow/example_dags/example_latest_only_with_trigger.py
[2022-12-23T02:17:37.167+0100] {logging_mixin.py:137} INFO - [2022-12-23T02:17:37.167+0100] {dag.py:2676} INFO - Sync 1 DAGs
[2022-12-23T02:17:37.234+0100] {logging_mixin.py:137} INFO - [2022-12-23T02:17:37.226+0100] {dag.py:3423} INFO - Setting next_dagrun for latest_only_with_trigger to 2022-12-22T21:17:37.225836+00:00, run_after=2022-12-23T01:17:37.225836+00:00
[2022-12-23T02:17:37.289+0100] {processor.py:175} INFO - Processing /home/momo/.local/lib/python3.8/site-packages/airflow/example_dags/example_latest_only_with_trigger.py took 0.318 seconds
[2022-12-23T02:18:44.122+0100] {processor.py:153} INFO - Started process (PID=7012) to work on /home/momo/.local/lib/python3.8/site-packages/airflow/example_dags/example_latest_only_with_trigger.py
[2022-12-23T02:18:44.124+0100] {processor.py:743} INFO - Processing file /home/momo/.local/lib/python3.8/site-packages/airflow/example_dags/example_latest_only_with_trigger.py for tasks to queue
[2022-12-23T02:18:44.125+0100] {logging_mixin.py:137} INFO - [2022-12-23T02:18:44.125+0100] {dagbag.py:538} INFO - Filling up the DagBag from /home/momo/.local/lib/python3.8/site-packages/airflow/example_dags/example_latest_only_with_trigger.py
[2022-12-23T02:18:44.148+0100] {processor.py:753} INFO - DAG(s) dict_keys(['latest_only_with_trigger']) retrieved from /home/momo/.local/lib/python3.8/site-packages/airflow/example_dags/example_latest_only_with_trigger.py
[2022-12-23T02:18:44.183+0100] {logging_mixin.py:137} INFO - [2022-12-23T02:18:44.183+0100] {dag.py:2676} INFO - Sync 1 DAGs
[2022-12-23T02:18:44.211+0100] {logging_mixin.py:137} INFO - [2022-12-23T02:18:44.210+0100] {dag.py:3423} INFO - Setting next_dagrun for latest_only_with_trigger to 2022-12-22T21:18:44.210439+00:00, run_after=2022-12-23T01:18:44.210439+00:00
[2022-12-23T02:18:44.251+0100] {processor.py:175} INFO - Processing /home/momo/.local/lib/python3.8/site-packages/airflow/example_dags/example_latest_only_with_trigger.py took 0.142 seconds
[2022-12-23T02:19:40.322+0100] {processor.py:153} INFO - Started process (PID=7110) to work on /home/momo/.local/lib/python3.8/site-packages/airflow/example_dags/example_latest_only_with_trigger.py
[2022-12-23T02:19:40.326+0100] {processor.py:743} INFO - Processing file /home/momo/.local/lib/python3.8/site-packages/airflow/example_dags/example_latest_only_with_trigger.py for tasks to queue
[2022-12-23T02:19:40.328+0100] {logging_mixin.py:137} INFO - [2022-12-23T02:19:40.327+0100] {dagbag.py:538} INFO - Filling up the DagBag from /home/momo/.local/lib/python3.8/site-packages/airflow/example_dags/example_latest_only_with_trigger.py
[2022-12-23T02:19:40.353+0100] {processor.py:753} INFO - DAG(s) dict_keys(['latest_only_with_trigger']) retrieved from /home/momo/.local/lib/python3.8/site-packages/airflow/example_dags/example_latest_only_with_trigger.py
[2022-12-23T02:19:40.391+0100] {logging_mixin.py:137} INFO - [2022-12-23T02:19:40.391+0100] {dag.py:2676} INFO - Sync 1 DAGs
[2022-12-23T02:19:40.421+0100] {logging_mixin.py:137} INFO - [2022-12-23T02:19:40.420+0100] {dag.py:3423} INFO - Setting next_dagrun for latest_only_with_trigger to 2022-12-22T21:19:40.420570+00:00, run_after=2022-12-23T01:19:40.420570+00:00
[2022-12-23T02:19:40.475+0100] {processor.py:175} INFO - Processing /home/momo/.local/lib/python3.8/site-packages/airflow/example_dags/example_latest_only_with_trigger.py took 0.164 seconds
[2022-12-23T02:20:46.931+0100] {processor.py:153} INFO - Started process (PID=7164) to work on /home/momo/.local/lib/python3.8/site-packages/airflow/example_dags/example_latest_only_with_trigger.py
[2022-12-23T02:20:46.934+0100] {processor.py:743} INFO - Processing file /home/momo/.local/lib/python3.8/site-packages/airflow/example_dags/example_latest_only_with_trigger.py for tasks to queue
[2022-12-23T02:20:46.935+0100] {logging_mixin.py:137} INFO - [2022-12-23T02:20:46.935+0100] {dagbag.py:538} INFO - Filling up the DagBag from /home/momo/.local/lib/python3.8/site-packages/airflow/example_dags/example_latest_only_with_trigger.py
[2022-12-23T02:20:46.977+0100] {processor.py:753} INFO - DAG(s) dict_keys(['latest_only_with_trigger']) retrieved from /home/momo/.local/lib/python3.8/site-packages/airflow/example_dags/example_latest_only_with_trigger.py
[2022-12-23T02:20:47.069+0100] {logging_mixin.py:137} INFO - [2022-12-23T02:20:47.069+0100] {dag.py:2676} INFO - Sync 1 DAGs
[2022-12-23T02:20:47.184+0100] {logging_mixin.py:137} INFO - [2022-12-23T02:20:47.184+0100] {dag.py:3423} INFO - Setting next_dagrun for latest_only_with_trigger to 2022-12-22T21:20:47.183651+00:00, run_after=2022-12-23T01:20:47.183651+00:00
[2022-12-23T02:20:47.247+0100] {processor.py:175} INFO - Processing /home/momo/.local/lib/python3.8/site-packages/airflow/example_dags/example_latest_only_with_trigger.py took 0.326 seconds
[2022-12-23T02:21:46.679+0100] {processor.py:153} INFO - Started process (PID=7220) to work on /home/momo/.local/lib/python3.8/site-packages/airflow/example_dags/example_latest_only_with_trigger.py
[2022-12-23T02:21:46.682+0100] {processor.py:743} INFO - Processing file /home/momo/.local/lib/python3.8/site-packages/airflow/example_dags/example_latest_only_with_trigger.py for tasks to queue
[2022-12-23T02:21:46.683+0100] {logging_mixin.py:137} INFO - [2022-12-23T02:21:46.683+0100] {dagbag.py:538} INFO - Filling up the DagBag from /home/momo/.local/lib/python3.8/site-packages/airflow/example_dags/example_latest_only_with_trigger.py
[2022-12-23T02:21:46.728+0100] {processor.py:753} INFO - DAG(s) dict_keys(['latest_only_with_trigger']) retrieved from /home/momo/.local/lib/python3.8/site-packages/airflow/example_dags/example_latest_only_with_trigger.py
[2022-12-23T02:21:46.808+0100] {logging_mixin.py:137} INFO - [2022-12-23T02:21:46.808+0100] {dag.py:2676} INFO - Sync 1 DAGs
[2022-12-23T02:21:46.869+0100] {logging_mixin.py:137} INFO - [2022-12-23T02:21:46.869+0100] {dag.py:3423} INFO - Setting next_dagrun for latest_only_with_trigger to 2022-12-22T21:21:46.869224+00:00, run_after=2022-12-23T01:21:46.869224+00:00
[2022-12-23T02:21:46.942+0100] {processor.py:175} INFO - Processing /home/momo/.local/lib/python3.8/site-packages/airflow/example_dags/example_latest_only_with_trigger.py took 0.275 seconds
