[2022-12-23T01:00:10.187+0100] {processor.py:153} INFO - Started process (PID=27019) to work on /home/momo/.local/lib/python3.8/site-packages/airflow/example_dags/example_branch_python_dop_operator_3.py
[2022-12-23T01:00:10.192+0100] {processor.py:743} INFO - Processing file /home/momo/.local/lib/python3.8/site-packages/airflow/example_dags/example_branch_python_dop_operator_3.py for tasks to queue
[2022-12-23T01:00:10.196+0100] {logging_mixin.py:137} INFO - [2022-12-23T01:00:10.195+0100] {dagbag.py:538} INFO - Filling up the DagBag from /home/momo/.local/lib/python3.8/site-packages/airflow/example_dags/example_branch_python_dop_operator_3.py
[2022-12-23T01:00:10.305+0100] {processor.py:753} INFO - DAG(s) dict_keys(['example_branch_dop_operator_v3']) retrieved from /home/momo/.local/lib/python3.8/site-packages/airflow/example_dags/example_branch_python_dop_operator_3.py
[2022-12-23T01:00:10.363+0100] {logging_mixin.py:137} INFO - [2022-12-23T01:00:10.363+0100] {dag.py:2676} INFO - Sync 1 DAGs
[2022-12-23T01:00:10.437+0100] {logging_mixin.py:137} INFO - [2022-12-23T01:00:10.437+0100] {dag.py:3423} INFO - Setting next_dagrun for example_branch_dop_operator_v3 to 2022-12-22T23:59:00+00:00, run_after=2022-12-23T00:00:00+00:00
[2022-12-23T01:00:10.504+0100] {processor.py:175} INFO - Processing /home/momo/.local/lib/python3.8/site-packages/airflow/example_dags/example_branch_python_dop_operator_3.py took 0.333 seconds
[2022-12-23T01:01:00.886+0100] {processor.py:153} INFO - Started process (PID=27056) to work on /home/momo/.local/lib/python3.8/site-packages/airflow/example_dags/example_branch_python_dop_operator_3.py
[2022-12-23T01:01:00.895+0100] {processor.py:743} INFO - Processing file /home/momo/.local/lib/python3.8/site-packages/airflow/example_dags/example_branch_python_dop_operator_3.py for tasks to queue
[2022-12-23T01:01:00.902+0100] {logging_mixin.py:137} INFO - [2022-12-23T01:01:00.901+0100] {dagbag.py:538} INFO - Filling up the DagBag from /home/momo/.local/lib/python3.8/site-packages/airflow/example_dags/example_branch_python_dop_operator_3.py
[2022-12-23T01:01:01.042+0100] {processor.py:753} INFO - DAG(s) dict_keys(['example_branch_dop_operator_v3']) retrieved from /home/momo/.local/lib/python3.8/site-packages/airflow/example_dags/example_branch_python_dop_operator_3.py
[2022-12-23T01:01:01.120+0100] {logging_mixin.py:137} INFO - [2022-12-23T01:01:01.120+0100] {dag.py:2676} INFO - Sync 1 DAGs
[2022-12-23T01:01:01.187+0100] {logging_mixin.py:137} INFO - [2022-12-23T01:01:01.187+0100] {dag.py:3423} INFO - Setting next_dagrun for example_branch_dop_operator_v3 to 2022-12-23T00:00:00+00:00, run_after=2022-12-23T00:01:00+00:00
[2022-12-23T01:01:01.242+0100] {processor.py:175} INFO - Processing /home/momo/.local/lib/python3.8/site-packages/airflow/example_dags/example_branch_python_dop_operator_3.py took 0.397 seconds
[2022-12-23T01:02:11.128+0100] {processor.py:153} INFO - Started process (PID=27106) to work on /home/momo/.local/lib/python3.8/site-packages/airflow/example_dags/example_branch_python_dop_operator_3.py
[2022-12-23T01:02:11.149+0100] {processor.py:743} INFO - Processing file /home/momo/.local/lib/python3.8/site-packages/airflow/example_dags/example_branch_python_dop_operator_3.py for tasks to queue
[2022-12-23T01:02:11.151+0100] {logging_mixin.py:137} INFO - [2022-12-23T01:02:11.150+0100] {dagbag.py:538} INFO - Filling up the DagBag from /home/momo/.local/lib/python3.8/site-packages/airflow/example_dags/example_branch_python_dop_operator_3.py
[2022-12-23T01:02:11.251+0100] {processor.py:753} INFO - DAG(s) dict_keys(['example_branch_dop_operator_v3']) retrieved from /home/momo/.local/lib/python3.8/site-packages/airflow/example_dags/example_branch_python_dop_operator_3.py
[2022-12-23T01:02:11.332+0100] {logging_mixin.py:137} INFO - [2022-12-23T01:02:11.331+0100] {dag.py:2676} INFO - Sync 1 DAGs
[2022-12-23T01:02:11.438+0100] {logging_mixin.py:137} INFO - [2022-12-23T01:02:11.438+0100] {dag.py:3423} INFO - Setting next_dagrun for example_branch_dop_operator_v3 to 2022-12-23T00:01:00+00:00, run_after=2022-12-23T00:02:00+00:00
[2022-12-23T01:02:11.549+0100] {processor.py:175} INFO - Processing /home/momo/.local/lib/python3.8/site-packages/airflow/example_dags/example_branch_python_dop_operator_3.py took 0.448 seconds
[2022-12-23T01:03:19.588+0100] {processor.py:153} INFO - Started process (PID=27160) to work on /home/momo/.local/lib/python3.8/site-packages/airflow/example_dags/example_branch_python_dop_operator_3.py
[2022-12-23T01:03:19.593+0100] {processor.py:743} INFO - Processing file /home/momo/.local/lib/python3.8/site-packages/airflow/example_dags/example_branch_python_dop_operator_3.py for tasks to queue
[2022-12-23T01:03:19.597+0100] {logging_mixin.py:137} INFO - [2022-12-23T01:03:19.596+0100] {dagbag.py:538} INFO - Filling up the DagBag from /home/momo/.local/lib/python3.8/site-packages/airflow/example_dags/example_branch_python_dop_operator_3.py
[2022-12-23T01:03:19.663+0100] {processor.py:753} INFO - DAG(s) dict_keys(['example_branch_dop_operator_v3']) retrieved from /home/momo/.local/lib/python3.8/site-packages/airflow/example_dags/example_branch_python_dop_operator_3.py
[2022-12-23T01:03:19.719+0100] {logging_mixin.py:137} INFO - [2022-12-23T01:03:19.718+0100] {dag.py:2676} INFO - Sync 1 DAGs
[2022-12-23T01:03:19.782+0100] {logging_mixin.py:137} INFO - [2022-12-23T01:03:19.782+0100] {dag.py:3423} INFO - Setting next_dagrun for example_branch_dop_operator_v3 to 2022-12-23T00:02:00+00:00, run_after=2022-12-23T00:03:00+00:00
[2022-12-23T01:03:19.839+0100] {processor.py:175} INFO - Processing /home/momo/.local/lib/python3.8/site-packages/airflow/example_dags/example_branch_python_dop_operator_3.py took 0.268 seconds
[2022-12-23T01:04:30.071+0100] {processor.py:153} INFO - Started process (PID=27209) to work on /home/momo/.local/lib/python3.8/site-packages/airflow/example_dags/example_branch_python_dop_operator_3.py
[2022-12-23T01:04:30.079+0100] {processor.py:743} INFO - Processing file /home/momo/.local/lib/python3.8/site-packages/airflow/example_dags/example_branch_python_dop_operator_3.py for tasks to queue
[2022-12-23T01:04:30.081+0100] {logging_mixin.py:137} INFO - [2022-12-23T01:04:30.081+0100] {dagbag.py:538} INFO - Filling up the DagBag from /home/momo/.local/lib/python3.8/site-packages/airflow/example_dags/example_branch_python_dop_operator_3.py
[2022-12-23T01:04:30.164+0100] {processor.py:753} INFO - DAG(s) dict_keys(['example_branch_dop_operator_v3']) retrieved from /home/momo/.local/lib/python3.8/site-packages/airflow/example_dags/example_branch_python_dop_operator_3.py
[2022-12-23T01:04:30.258+0100] {logging_mixin.py:137} INFO - [2022-12-23T01:04:30.258+0100] {dag.py:2676} INFO - Sync 1 DAGs
[2022-12-23T01:04:30.368+0100] {logging_mixin.py:137} INFO - [2022-12-23T01:04:30.368+0100] {dag.py:3423} INFO - Setting next_dagrun for example_branch_dop_operator_v3 to 2022-12-23T00:03:00+00:00, run_after=2022-12-23T00:04:00+00:00
[2022-12-23T01:04:30.646+0100] {processor.py:175} INFO - Processing /home/momo/.local/lib/python3.8/site-packages/airflow/example_dags/example_branch_python_dop_operator_3.py took 0.583 seconds
[2022-12-23T01:05:27.161+0100] {processor.py:153} INFO - Started process (PID=27245) to work on /home/momo/.local/lib/python3.8/site-packages/airflow/example_dags/example_branch_python_dop_operator_3.py
[2022-12-23T01:05:27.167+0100] {processor.py:743} INFO - Processing file /home/momo/.local/lib/python3.8/site-packages/airflow/example_dags/example_branch_python_dop_operator_3.py for tasks to queue
[2022-12-23T01:05:27.170+0100] {logging_mixin.py:137} INFO - [2022-12-23T01:05:27.169+0100] {dagbag.py:538} INFO - Filling up the DagBag from /home/momo/.local/lib/python3.8/site-packages/airflow/example_dags/example_branch_python_dop_operator_3.py
[2022-12-23T01:05:27.294+0100] {processor.py:753} INFO - DAG(s) dict_keys(['example_branch_dop_operator_v3']) retrieved from /home/momo/.local/lib/python3.8/site-packages/airflow/example_dags/example_branch_python_dop_operator_3.py
[2022-12-23T01:05:27.377+0100] {logging_mixin.py:137} INFO - [2022-12-23T01:05:27.376+0100] {dag.py:2676} INFO - Sync 1 DAGs
[2022-12-23T01:05:27.439+0100] {logging_mixin.py:137} INFO - [2022-12-23T01:05:27.439+0100] {dag.py:3423} INFO - Setting next_dagrun for example_branch_dop_operator_v3 to 2022-12-23T00:04:00+00:00, run_after=2022-12-23T00:05:00+00:00
[2022-12-23T01:05:27.491+0100] {processor.py:175} INFO - Processing /home/momo/.local/lib/python3.8/site-packages/airflow/example_dags/example_branch_python_dop_operator_3.py took 0.346 seconds
[2022-12-23T01:06:19.620+0100] {processor.py:153} INFO - Started process (PID=27282) to work on /home/momo/.local/lib/python3.8/site-packages/airflow/example_dags/example_branch_python_dop_operator_3.py
[2022-12-23T01:06:19.622+0100] {processor.py:743} INFO - Processing file /home/momo/.local/lib/python3.8/site-packages/airflow/example_dags/example_branch_python_dop_operator_3.py for tasks to queue
[2022-12-23T01:06:19.623+0100] {logging_mixin.py:137} INFO - [2022-12-23T01:06:19.623+0100] {dagbag.py:538} INFO - Filling up the DagBag from /home/momo/.local/lib/python3.8/site-packages/airflow/example_dags/example_branch_python_dop_operator_3.py
[2022-12-23T01:06:19.685+0100] {processor.py:753} INFO - DAG(s) dict_keys(['example_branch_dop_operator_v3']) retrieved from /home/momo/.local/lib/python3.8/site-packages/airflow/example_dags/example_branch_python_dop_operator_3.py
[2022-12-23T01:06:19.751+0100] {logging_mixin.py:137} INFO - [2022-12-23T01:06:19.751+0100] {dag.py:2676} INFO - Sync 1 DAGs
[2022-12-23T01:06:19.808+0100] {logging_mixin.py:137} INFO - [2022-12-23T01:06:19.807+0100] {dag.py:3423} INFO - Setting next_dagrun for example_branch_dop_operator_v3 to 2022-12-23T00:05:00+00:00, run_after=2022-12-23T00:06:00+00:00
[2022-12-23T01:06:19.859+0100] {processor.py:175} INFO - Processing /home/momo/.local/lib/python3.8/site-packages/airflow/example_dags/example_branch_python_dop_operator_3.py took 0.248 seconds
[2022-12-23T01:07:08.991+0100] {processor.py:153} INFO - Started process (PID=27317) to work on /home/momo/.local/lib/python3.8/site-packages/airflow/example_dags/example_branch_python_dop_operator_3.py
[2022-12-23T01:07:08.992+0100] {processor.py:743} INFO - Processing file /home/momo/.local/lib/python3.8/site-packages/airflow/example_dags/example_branch_python_dop_operator_3.py for tasks to queue
[2022-12-23T01:07:08.994+0100] {logging_mixin.py:137} INFO - [2022-12-23T01:07:08.993+0100] {dagbag.py:538} INFO - Filling up the DagBag from /home/momo/.local/lib/python3.8/site-packages/airflow/example_dags/example_branch_python_dop_operator_3.py
[2022-12-23T01:07:09.053+0100] {processor.py:753} INFO - DAG(s) dict_keys(['example_branch_dop_operator_v3']) retrieved from /home/momo/.local/lib/python3.8/site-packages/airflow/example_dags/example_branch_python_dop_operator_3.py
[2022-12-23T01:07:09.098+0100] {logging_mixin.py:137} INFO - [2022-12-23T01:07:09.097+0100] {dag.py:2676} INFO - Sync 1 DAGs
[2022-12-23T01:07:09.141+0100] {logging_mixin.py:137} INFO - [2022-12-23T01:07:09.141+0100] {dag.py:3423} INFO - Setting next_dagrun for example_branch_dop_operator_v3 to 2022-12-23T00:06:00+00:00, run_after=2022-12-23T00:07:00+00:00
[2022-12-23T01:07:09.199+0100] {processor.py:175} INFO - Processing /home/momo/.local/lib/python3.8/site-packages/airflow/example_dags/example_branch_python_dop_operator_3.py took 0.214 seconds
[2022-12-23T01:08:14.444+0100] {processor.py:153} INFO - Started process (PID=27372) to work on /home/momo/.local/lib/python3.8/site-packages/airflow/example_dags/example_branch_python_dop_operator_3.py
[2022-12-23T01:08:14.449+0100] {processor.py:743} INFO - Processing file /home/momo/.local/lib/python3.8/site-packages/airflow/example_dags/example_branch_python_dop_operator_3.py for tasks to queue
[2022-12-23T01:08:14.453+0100] {logging_mixin.py:137} INFO - [2022-12-23T01:08:14.451+0100] {dagbag.py:538} INFO - Filling up the DagBag from /home/momo/.local/lib/python3.8/site-packages/airflow/example_dags/example_branch_python_dop_operator_3.py
[2022-12-23T01:08:14.595+0100] {processor.py:753} INFO - DAG(s) dict_keys(['example_branch_dop_operator_v3']) retrieved from /home/momo/.local/lib/python3.8/site-packages/airflow/example_dags/example_branch_python_dop_operator_3.py
[2022-12-23T01:08:14.675+0100] {logging_mixin.py:137} INFO - [2022-12-23T01:08:14.674+0100] {dag.py:2676} INFO - Sync 1 DAGs
[2022-12-23T01:08:14.780+0100] {logging_mixin.py:137} INFO - [2022-12-23T01:08:14.778+0100] {dag.py:3423} INFO - Setting next_dagrun for example_branch_dop_operator_v3 to 2022-12-23T00:07:00+00:00, run_after=2022-12-23T00:08:00+00:00
[2022-12-23T01:08:14.828+0100] {processor.py:175} INFO - Processing /home/momo/.local/lib/python3.8/site-packages/airflow/example_dags/example_branch_python_dop_operator_3.py took 0.402 seconds
[2022-12-23T01:09:30.796+0100] {processor.py:153} INFO - Started process (PID=27424) to work on /home/momo/.local/lib/python3.8/site-packages/airflow/example_dags/example_branch_python_dop_operator_3.py
[2022-12-23T01:09:30.799+0100] {processor.py:743} INFO - Processing file /home/momo/.local/lib/python3.8/site-packages/airflow/example_dags/example_branch_python_dop_operator_3.py for tasks to queue
[2022-12-23T01:09:30.801+0100] {logging_mixin.py:137} INFO - [2022-12-23T01:09:30.801+0100] {dagbag.py:538} INFO - Filling up the DagBag from /home/momo/.local/lib/python3.8/site-packages/airflow/example_dags/example_branch_python_dop_operator_3.py
[2022-12-23T01:09:30.864+0100] {processor.py:753} INFO - DAG(s) dict_keys(['example_branch_dop_operator_v3']) retrieved from /home/momo/.local/lib/python3.8/site-packages/airflow/example_dags/example_branch_python_dop_operator_3.py
[2022-12-23T01:09:30.921+0100] {logging_mixin.py:137} INFO - [2022-12-23T01:09:30.921+0100] {dag.py:2676} INFO - Sync 1 DAGs
[2022-12-23T01:09:30.979+0100] {logging_mixin.py:137} INFO - [2022-12-23T01:09:30.979+0100] {dag.py:3423} INFO - Setting next_dagrun for example_branch_dop_operator_v3 to 2022-12-23T00:08:00+00:00, run_after=2022-12-23T00:09:00+00:00
[2022-12-23T01:09:31.301+0100] {processor.py:175} INFO - Processing /home/momo/.local/lib/python3.8/site-packages/airflow/example_dags/example_branch_python_dop_operator_3.py took 0.522 seconds
[2022-12-23T01:10:35.715+0100] {processor.py:153} INFO - Started process (PID=27464) to work on /home/momo/.local/lib/python3.8/site-packages/airflow/example_dags/example_branch_python_dop_operator_3.py
[2022-12-23T01:10:35.718+0100] {processor.py:743} INFO - Processing file /home/momo/.local/lib/python3.8/site-packages/airflow/example_dags/example_branch_python_dop_operator_3.py for tasks to queue
[2022-12-23T01:10:35.720+0100] {logging_mixin.py:137} INFO - [2022-12-23T01:10:35.720+0100] {dagbag.py:538} INFO - Filling up the DagBag from /home/momo/.local/lib/python3.8/site-packages/airflow/example_dags/example_branch_python_dop_operator_3.py
[2022-12-23T01:10:35.784+0100] {processor.py:753} INFO - DAG(s) dict_keys(['example_branch_dop_operator_v3']) retrieved from /home/momo/.local/lib/python3.8/site-packages/airflow/example_dags/example_branch_python_dop_operator_3.py
[2022-12-23T01:10:35.888+0100] {logging_mixin.py:137} INFO - [2022-12-23T01:10:35.888+0100] {dag.py:2676} INFO - Sync 1 DAGs
[2022-12-23T01:10:36.217+0100] {logging_mixin.py:137} INFO - [2022-12-23T01:10:36.217+0100] {dag.py:3423} INFO - Setting next_dagrun for example_branch_dop_operator_v3 to 2022-12-23T00:09:00+00:00, run_after=2022-12-23T00:10:00+00:00
[2022-12-23T01:10:36.273+0100] {processor.py:175} INFO - Processing /home/momo/.local/lib/python3.8/site-packages/airflow/example_dags/example_branch_python_dop_operator_3.py took 0.567 seconds
[2022-12-23T01:11:30.432+0100] {processor.py:153} INFO - Started process (PID=27502) to work on /home/momo/.local/lib/python3.8/site-packages/airflow/example_dags/example_branch_python_dop_operator_3.py
[2022-12-23T01:11:30.437+0100] {processor.py:743} INFO - Processing file /home/momo/.local/lib/python3.8/site-packages/airflow/example_dags/example_branch_python_dop_operator_3.py for tasks to queue
[2022-12-23T01:11:30.438+0100] {logging_mixin.py:137} INFO - [2022-12-23T01:11:30.438+0100] {dagbag.py:538} INFO - Filling up the DagBag from /home/momo/.local/lib/python3.8/site-packages/airflow/example_dags/example_branch_python_dop_operator_3.py
[2022-12-23T01:11:30.516+0100] {processor.py:753} INFO - DAG(s) dict_keys(['example_branch_dop_operator_v3']) retrieved from /home/momo/.local/lib/python3.8/site-packages/airflow/example_dags/example_branch_python_dop_operator_3.py
[2022-12-23T01:11:30.598+0100] {logging_mixin.py:137} INFO - [2022-12-23T01:11:30.598+0100] {dag.py:2676} INFO - Sync 1 DAGs
[2022-12-23T01:11:30.685+0100] {logging_mixin.py:137} INFO - [2022-12-23T01:11:30.685+0100] {dag.py:3423} INFO - Setting next_dagrun for example_branch_dop_operator_v3 to 2022-12-23T00:10:00+00:00, run_after=2022-12-23T00:11:00+00:00
[2022-12-23T01:11:30.747+0100] {processor.py:175} INFO - Processing /home/momo/.local/lib/python3.8/site-packages/airflow/example_dags/example_branch_python_dop_operator_3.py took 0.341 seconds
[2022-12-23T01:12:38.638+0100] {processor.py:153} INFO - Started process (PID=27554) to work on /home/momo/.local/lib/python3.8/site-packages/airflow/example_dags/example_branch_python_dop_operator_3.py
[2022-12-23T01:12:38.651+0100] {processor.py:743} INFO - Processing file /home/momo/.local/lib/python3.8/site-packages/airflow/example_dags/example_branch_python_dop_operator_3.py for tasks to queue
[2022-12-23T01:12:38.655+0100] {logging_mixin.py:137} INFO - [2022-12-23T01:12:38.654+0100] {dagbag.py:538} INFO - Filling up the DagBag from /home/momo/.local/lib/python3.8/site-packages/airflow/example_dags/example_branch_python_dop_operator_3.py
[2022-12-23T01:12:38.806+0100] {processor.py:753} INFO - DAG(s) dict_keys(['example_branch_dop_operator_v3']) retrieved from /home/momo/.local/lib/python3.8/site-packages/airflow/example_dags/example_branch_python_dop_operator_3.py
[2022-12-23T01:12:38.866+0100] {logging_mixin.py:137} INFO - [2022-12-23T01:12:38.866+0100] {dag.py:2676} INFO - Sync 1 DAGs
[2022-12-23T01:12:38.927+0100] {logging_mixin.py:137} INFO - [2022-12-23T01:12:38.926+0100] {dag.py:3423} INFO - Setting next_dagrun for example_branch_dop_operator_v3 to 2022-12-23T00:11:00+00:00, run_after=2022-12-23T00:12:00+00:00
[2022-12-23T01:12:39.001+0100] {processor.py:175} INFO - Processing /home/momo/.local/lib/python3.8/site-packages/airflow/example_dags/example_branch_python_dop_operator_3.py took 0.402 seconds
[2022-12-23T01:13:45.370+0100] {processor.py:153} INFO - Started process (PID=27605) to work on /home/momo/.local/lib/python3.8/site-packages/airflow/example_dags/example_branch_python_dop_operator_3.py
[2022-12-23T01:13:45.375+0100] {processor.py:743} INFO - Processing file /home/momo/.local/lib/python3.8/site-packages/airflow/example_dags/example_branch_python_dop_operator_3.py for tasks to queue
[2022-12-23T01:13:45.378+0100] {logging_mixin.py:137} INFO - [2022-12-23T01:13:45.377+0100] {dagbag.py:538} INFO - Filling up the DagBag from /home/momo/.local/lib/python3.8/site-packages/airflow/example_dags/example_branch_python_dop_operator_3.py
[2022-12-23T01:13:45.499+0100] {processor.py:753} INFO - DAG(s) dict_keys(['example_branch_dop_operator_v3']) retrieved from /home/momo/.local/lib/python3.8/site-packages/airflow/example_dags/example_branch_python_dop_operator_3.py
[2022-12-23T01:13:45.651+0100] {logging_mixin.py:137} INFO - [2022-12-23T01:13:45.651+0100] {dag.py:2676} INFO - Sync 1 DAGs
[2022-12-23T01:13:45.709+0100] {logging_mixin.py:137} INFO - [2022-12-23T01:13:45.708+0100] {dag.py:3423} INFO - Setting next_dagrun for example_branch_dop_operator_v3 to 2022-12-23T00:12:00+00:00, run_after=2022-12-23T00:13:00+00:00
[2022-12-23T01:13:45.778+0100] {processor.py:175} INFO - Processing /home/momo/.local/lib/python3.8/site-packages/airflow/example_dags/example_branch_python_dop_operator_3.py took 0.422 seconds
[2022-12-23T01:14:37.074+0100] {processor.py:153} INFO - Started process (PID=27640) to work on /home/momo/.local/lib/python3.8/site-packages/airflow/example_dags/example_branch_python_dop_operator_3.py
[2022-12-23T01:14:37.080+0100] {processor.py:743} INFO - Processing file /home/momo/.local/lib/python3.8/site-packages/airflow/example_dags/example_branch_python_dop_operator_3.py for tasks to queue
[2022-12-23T01:14:37.083+0100] {logging_mixin.py:137} INFO - [2022-12-23T01:14:37.082+0100] {dagbag.py:538} INFO - Filling up the DagBag from /home/momo/.local/lib/python3.8/site-packages/airflow/example_dags/example_branch_python_dop_operator_3.py
[2022-12-23T01:14:37.203+0100] {processor.py:753} INFO - DAG(s) dict_keys(['example_branch_dop_operator_v3']) retrieved from /home/momo/.local/lib/python3.8/site-packages/airflow/example_dags/example_branch_python_dop_operator_3.py
[2022-12-23T01:14:37.263+0100] {logging_mixin.py:137} INFO - [2022-12-23T01:14:37.262+0100] {dag.py:2676} INFO - Sync 1 DAGs
[2022-12-23T01:14:37.322+0100] {logging_mixin.py:137} INFO - [2022-12-23T01:14:37.321+0100] {dag.py:3423} INFO - Setting next_dagrun for example_branch_dop_operator_v3 to 2022-12-23T00:13:00+00:00, run_after=2022-12-23T00:14:00+00:00
[2022-12-23T01:14:37.453+0100] {processor.py:175} INFO - Processing /home/momo/.local/lib/python3.8/site-packages/airflow/example_dags/example_branch_python_dop_operator_3.py took 0.395 seconds
[2022-12-23T01:15:30.866+0100] {processor.py:153} INFO - Started process (PID=27676) to work on /home/momo/.local/lib/python3.8/site-packages/airflow/example_dags/example_branch_python_dop_operator_3.py
[2022-12-23T01:15:30.871+0100] {processor.py:743} INFO - Processing file /home/momo/.local/lib/python3.8/site-packages/airflow/example_dags/example_branch_python_dop_operator_3.py for tasks to queue
[2022-12-23T01:15:30.875+0100] {logging_mixin.py:137} INFO - [2022-12-23T01:15:30.874+0100] {dagbag.py:538} INFO - Filling up the DagBag from /home/momo/.local/lib/python3.8/site-packages/airflow/example_dags/example_branch_python_dop_operator_3.py
[2022-12-23T01:15:30.974+0100] {processor.py:753} INFO - DAG(s) dict_keys(['example_branch_dop_operator_v3']) retrieved from /home/momo/.local/lib/python3.8/site-packages/airflow/example_dags/example_branch_python_dop_operator_3.py
[2022-12-23T01:15:31.033+0100] {logging_mixin.py:137} INFO - [2022-12-23T01:15:31.032+0100] {dag.py:2676} INFO - Sync 1 DAGs
[2022-12-23T01:15:31.094+0100] {logging_mixin.py:137} INFO - [2022-12-23T01:15:31.093+0100] {dag.py:3423} INFO - Setting next_dagrun for example_branch_dop_operator_v3 to 2022-12-23T00:14:00+00:00, run_after=2022-12-23T00:15:00+00:00
[2022-12-23T01:15:31.392+0100] {processor.py:175} INFO - Processing /home/momo/.local/lib/python3.8/site-packages/airflow/example_dags/example_branch_python_dop_operator_3.py took 0.542 seconds
[2022-12-23T01:16:33.080+0100] {processor.py:153} INFO - Started process (PID=27714) to work on /home/momo/.local/lib/python3.8/site-packages/airflow/example_dags/example_branch_python_dop_operator_3.py
[2022-12-23T01:16:33.085+0100] {processor.py:743} INFO - Processing file /home/momo/.local/lib/python3.8/site-packages/airflow/example_dags/example_branch_python_dop_operator_3.py for tasks to queue
[2022-12-23T01:16:33.089+0100] {logging_mixin.py:137} INFO - [2022-12-23T01:16:33.088+0100] {dagbag.py:538} INFO - Filling up the DagBag from /home/momo/.local/lib/python3.8/site-packages/airflow/example_dags/example_branch_python_dop_operator_3.py
[2022-12-23T01:16:33.169+0100] {processor.py:753} INFO - DAG(s) dict_keys(['example_branch_dop_operator_v3']) retrieved from /home/momo/.local/lib/python3.8/site-packages/airflow/example_dags/example_branch_python_dop_operator_3.py
[2022-12-23T01:16:33.227+0100] {logging_mixin.py:137} INFO - [2022-12-23T01:16:33.226+0100] {dag.py:2676} INFO - Sync 1 DAGs
[2022-12-23T01:16:33.289+0100] {logging_mixin.py:137} INFO - [2022-12-23T01:16:33.288+0100] {dag.py:3423} INFO - Setting next_dagrun for example_branch_dop_operator_v3 to 2022-12-23T00:15:00+00:00, run_after=2022-12-23T00:16:00+00:00
[2022-12-23T01:16:33.343+0100] {processor.py:175} INFO - Processing /home/momo/.local/lib/python3.8/site-packages/airflow/example_dags/example_branch_python_dop_operator_3.py took 0.278 seconds
[2022-12-23T01:17:25.644+0100] {processor.py:153} INFO - Started process (PID=27790) to work on /home/momo/.local/lib/python3.8/site-packages/airflow/example_dags/example_branch_python_dop_operator_3.py
[2022-12-23T01:17:25.653+0100] {processor.py:743} INFO - Processing file /home/momo/.local/lib/python3.8/site-packages/airflow/example_dags/example_branch_python_dop_operator_3.py for tasks to queue
[2022-12-23T01:17:25.654+0100] {logging_mixin.py:137} INFO - [2022-12-23T01:17:25.654+0100] {dagbag.py:538} INFO - Filling up the DagBag from /home/momo/.local/lib/python3.8/site-packages/airflow/example_dags/example_branch_python_dop_operator_3.py
[2022-12-23T01:17:25.759+0100] {processor.py:753} INFO - DAG(s) dict_keys(['example_branch_dop_operator_v3']) retrieved from /home/momo/.local/lib/python3.8/site-packages/airflow/example_dags/example_branch_python_dop_operator_3.py
[2022-12-23T01:17:25.845+0100] {logging_mixin.py:137} INFO - [2022-12-23T01:17:25.844+0100] {dag.py:2676} INFO - Sync 1 DAGs
[2022-12-23T01:17:25.890+0100] {logging_mixin.py:137} INFO - [2022-12-23T01:17:25.890+0100] {dag.py:3423} INFO - Setting next_dagrun for example_branch_dop_operator_v3 to 2022-12-23T00:16:00+00:00, run_after=2022-12-23T00:17:00+00:00
[2022-12-23T01:17:25.942+0100] {processor.py:175} INFO - Processing /home/momo/.local/lib/python3.8/site-packages/airflow/example_dags/example_branch_python_dop_operator_3.py took 0.309 seconds
[2022-12-23T01:18:33.319+0100] {processor.py:153} INFO - Started process (PID=27920) to work on /home/momo/.local/lib/python3.8/site-packages/airflow/example_dags/example_branch_python_dop_operator_3.py
[2022-12-23T01:18:33.323+0100] {processor.py:743} INFO - Processing file /home/momo/.local/lib/python3.8/site-packages/airflow/example_dags/example_branch_python_dop_operator_3.py for tasks to queue
[2022-12-23T01:18:33.326+0100] {logging_mixin.py:137} INFO - [2022-12-23T01:18:33.325+0100] {dagbag.py:538} INFO - Filling up the DagBag from /home/momo/.local/lib/python3.8/site-packages/airflow/example_dags/example_branch_python_dop_operator_3.py
[2022-12-23T01:18:33.430+0100] {processor.py:753} INFO - DAG(s) dict_keys(['example_branch_dop_operator_v3']) retrieved from /home/momo/.local/lib/python3.8/site-packages/airflow/example_dags/example_branch_python_dop_operator_3.py
[2022-12-23T01:18:33.522+0100] {logging_mixin.py:137} INFO - [2022-12-23T01:18:33.522+0100] {dag.py:2676} INFO - Sync 1 DAGs
[2022-12-23T01:18:33.648+0100] {logging_mixin.py:137} INFO - [2022-12-23T01:18:33.648+0100] {dag.py:3423} INFO - Setting next_dagrun for example_branch_dop_operator_v3 to 2022-12-23T00:17:00+00:00, run_after=2022-12-23T00:18:00+00:00
[2022-12-23T01:18:33.798+0100] {processor.py:175} INFO - Processing /home/momo/.local/lib/python3.8/site-packages/airflow/example_dags/example_branch_python_dop_operator_3.py took 0.496 seconds
[2022-12-23T01:19:38.260+0100] {processor.py:153} INFO - Started process (PID=27985) to work on /home/momo/.local/lib/python3.8/site-packages/airflow/example_dags/example_branch_python_dop_operator_3.py
[2022-12-23T01:19:38.270+0100] {processor.py:743} INFO - Processing file /home/momo/.local/lib/python3.8/site-packages/airflow/example_dags/example_branch_python_dop_operator_3.py for tasks to queue
[2022-12-23T01:19:38.271+0100] {logging_mixin.py:137} INFO - [2022-12-23T01:19:38.271+0100] {dagbag.py:538} INFO - Filling up the DagBag from /home/momo/.local/lib/python3.8/site-packages/airflow/example_dags/example_branch_python_dop_operator_3.py
[2022-12-23T01:19:38.350+0100] {processor.py:753} INFO - DAG(s) dict_keys(['example_branch_dop_operator_v3']) retrieved from /home/momo/.local/lib/python3.8/site-packages/airflow/example_dags/example_branch_python_dop_operator_3.py
[2022-12-23T01:19:38.445+0100] {logging_mixin.py:137} INFO - [2022-12-23T01:19:38.444+0100] {dag.py:2676} INFO - Sync 1 DAGs
[2022-12-23T01:19:38.515+0100] {logging_mixin.py:137} INFO - [2022-12-23T01:19:38.515+0100] {dag.py:3423} INFO - Setting next_dagrun for example_branch_dop_operator_v3 to 2022-12-23T00:18:00+00:00, run_after=2022-12-23T00:19:00+00:00
[2022-12-23T01:19:38.580+0100] {processor.py:175} INFO - Processing /home/momo/.local/lib/python3.8/site-packages/airflow/example_dags/example_branch_python_dop_operator_3.py took 0.332 seconds
[2022-12-23T01:20:57.284+0100] {processor.py:153} INFO - Started process (PID=28131) to work on /home/momo/.local/lib/python3.8/site-packages/airflow/example_dags/example_branch_python_dop_operator_3.py
[2022-12-23T01:20:57.291+0100] {processor.py:743} INFO - Processing file /home/momo/.local/lib/python3.8/site-packages/airflow/example_dags/example_branch_python_dop_operator_3.py for tasks to queue
[2022-12-23T01:20:57.299+0100] {logging_mixin.py:137} INFO - [2022-12-23T01:20:57.299+0100] {dagbag.py:538} INFO - Filling up the DagBag from /home/momo/.local/lib/python3.8/site-packages/airflow/example_dags/example_branch_python_dop_operator_3.py
[2022-12-23T01:20:57.401+0100] {processor.py:753} INFO - DAG(s) dict_keys(['example_branch_dop_operator_v3']) retrieved from /home/momo/.local/lib/python3.8/site-packages/airflow/example_dags/example_branch_python_dop_operator_3.py
[2022-12-23T01:20:57.476+0100] {logging_mixin.py:137} INFO - [2022-12-23T01:20:57.476+0100] {dag.py:2676} INFO - Sync 1 DAGs
[2022-12-23T01:20:57.885+0100] {logging_mixin.py:137} INFO - [2022-12-23T01:20:57.885+0100] {dag.py:3423} INFO - Setting next_dagrun for example_branch_dop_operator_v3 to 2022-12-23T00:19:00+00:00, run_after=2022-12-23T00:20:00+00:00
[2022-12-23T01:20:57.930+0100] {processor.py:175} INFO - Processing /home/momo/.local/lib/python3.8/site-packages/airflow/example_dags/example_branch_python_dop_operator_3.py took 0.659 seconds
[2022-12-23T01:21:57.239+0100] {processor.py:153} INFO - Started process (PID=28184) to work on /home/momo/.local/lib/python3.8/site-packages/airflow/example_dags/example_branch_python_dop_operator_3.py
[2022-12-23T01:21:57.242+0100] {processor.py:743} INFO - Processing file /home/momo/.local/lib/python3.8/site-packages/airflow/example_dags/example_branch_python_dop_operator_3.py for tasks to queue
[2022-12-23T01:21:57.244+0100] {logging_mixin.py:137} INFO - [2022-12-23T01:21:57.244+0100] {dagbag.py:538} INFO - Filling up the DagBag from /home/momo/.local/lib/python3.8/site-packages/airflow/example_dags/example_branch_python_dop_operator_3.py
[2022-12-23T01:21:57.303+0100] {processor.py:753} INFO - DAG(s) dict_keys(['example_branch_dop_operator_v3']) retrieved from /home/momo/.local/lib/python3.8/site-packages/airflow/example_dags/example_branch_python_dop_operator_3.py
[2022-12-23T01:21:57.376+0100] {logging_mixin.py:137} INFO - [2022-12-23T01:21:57.375+0100] {dag.py:2676} INFO - Sync 1 DAGs
[2022-12-23T01:21:57.465+0100] {logging_mixin.py:137} INFO - [2022-12-23T01:21:57.465+0100] {dag.py:3423} INFO - Setting next_dagrun for example_branch_dop_operator_v3 to 2022-12-23T00:20:00+00:00, run_after=2022-12-23T00:21:00+00:00
[2022-12-23T01:21:57.527+0100] {processor.py:175} INFO - Processing /home/momo/.local/lib/python3.8/site-packages/airflow/example_dags/example_branch_python_dop_operator_3.py took 0.297 seconds
[2022-12-23T01:22:45.478+0100] {processor.py:153} INFO - Started process (PID=28226) to work on /home/momo/.local/lib/python3.8/site-packages/airflow/example_dags/example_branch_python_dop_operator_3.py
[2022-12-23T01:22:45.498+0100] {processor.py:743} INFO - Processing file /home/momo/.local/lib/python3.8/site-packages/airflow/example_dags/example_branch_python_dop_operator_3.py for tasks to queue
[2022-12-23T01:22:45.499+0100] {logging_mixin.py:137} INFO - [2022-12-23T01:22:45.499+0100] {dagbag.py:538} INFO - Filling up the DagBag from /home/momo/.local/lib/python3.8/site-packages/airflow/example_dags/example_branch_python_dop_operator_3.py
[2022-12-23T01:22:45.656+0100] {processor.py:753} INFO - DAG(s) dict_keys(['example_branch_dop_operator_v3']) retrieved from /home/momo/.local/lib/python3.8/site-packages/airflow/example_dags/example_branch_python_dop_operator_3.py
[2022-12-23T01:22:45.738+0100] {logging_mixin.py:137} INFO - [2022-12-23T01:22:45.738+0100] {dag.py:2676} INFO - Sync 1 DAGs
[2022-12-23T01:22:45.826+0100] {logging_mixin.py:137} INFO - [2022-12-23T01:22:45.826+0100] {dag.py:3423} INFO - Setting next_dagrun for example_branch_dop_operator_v3 to 2022-12-23T00:21:00+00:00, run_after=2022-12-23T00:22:00+00:00
[2022-12-23T01:22:45.867+0100] {processor.py:175} INFO - Processing /home/momo/.local/lib/python3.8/site-packages/airflow/example_dags/example_branch_python_dop_operator_3.py took 0.416 seconds
[2022-12-23T01:23:38.092+0100] {processor.py:153} INFO - Started process (PID=28327) to work on /home/momo/.local/lib/python3.8/site-packages/airflow/example_dags/example_branch_python_dop_operator_3.py
[2022-12-23T01:23:38.099+0100] {processor.py:743} INFO - Processing file /home/momo/.local/lib/python3.8/site-packages/airflow/example_dags/example_branch_python_dop_operator_3.py for tasks to queue
[2022-12-23T01:23:38.100+0100] {logging_mixin.py:137} INFO - [2022-12-23T01:23:38.100+0100] {dagbag.py:538} INFO - Filling up the DagBag from /home/momo/.local/lib/python3.8/site-packages/airflow/example_dags/example_branch_python_dop_operator_3.py
[2022-12-23T01:23:38.231+0100] {processor.py:753} INFO - DAG(s) dict_keys(['example_branch_dop_operator_v3']) retrieved from /home/momo/.local/lib/python3.8/site-packages/airflow/example_dags/example_branch_python_dop_operator_3.py
[2022-12-23T01:23:38.317+0100] {logging_mixin.py:137} INFO - [2022-12-23T01:23:38.316+0100] {dag.py:2676} INFO - Sync 1 DAGs
[2022-12-23T01:23:38.405+0100] {logging_mixin.py:137} INFO - [2022-12-23T01:23:38.405+0100] {dag.py:3423} INFO - Setting next_dagrun for example_branch_dop_operator_v3 to 2022-12-23T00:22:00+00:00, run_after=2022-12-23T00:23:00+00:00
[2022-12-23T01:23:38.476+0100] {processor.py:175} INFO - Processing /home/momo/.local/lib/python3.8/site-packages/airflow/example_dags/example_branch_python_dop_operator_3.py took 0.393 seconds
[2022-12-23T01:43:51.928+0100] {processor.py:153} INFO - Started process (PID=5157) to work on /home/momo/.local/lib/python3.8/site-packages/airflow/example_dags/example_branch_python_dop_operator_3.py
[2022-12-23T01:43:51.931+0100] {processor.py:743} INFO - Processing file /home/momo/.local/lib/python3.8/site-packages/airflow/example_dags/example_branch_python_dop_operator_3.py for tasks to queue
[2022-12-23T01:43:51.932+0100] {logging_mixin.py:137} INFO - [2022-12-23T01:43:51.932+0100] {dagbag.py:538} INFO - Filling up the DagBag from /home/momo/.local/lib/python3.8/site-packages/airflow/example_dags/example_branch_python_dop_operator_3.py
[2022-12-23T01:43:51.996+0100] {processor.py:753} INFO - DAG(s) dict_keys(['example_branch_dop_operator_v3']) retrieved from /home/momo/.local/lib/python3.8/site-packages/airflow/example_dags/example_branch_python_dop_operator_3.py
[2022-12-23T01:43:52.043+0100] {logging_mixin.py:137} INFO - [2022-12-23T01:43:52.043+0100] {dag.py:2676} INFO - Sync 1 DAGs
[2022-12-23T01:43:52.107+0100] {logging_mixin.py:137} INFO - [2022-12-23T01:43:52.107+0100] {dag.py:3423} INFO - Setting next_dagrun for example_branch_dop_operator_v3 to 2022-12-23T00:42:00+00:00, run_after=2022-12-23T00:43:00+00:00
[2022-12-23T01:43:52.170+0100] {processor.py:175} INFO - Processing /home/momo/.local/lib/python3.8/site-packages/airflow/example_dags/example_branch_python_dop_operator_3.py took 0.245 seconds
[2022-12-23T01:44:40.341+0100] {processor.py:153} INFO - Started process (PID=5207) to work on /home/momo/.local/lib/python3.8/site-packages/airflow/example_dags/example_branch_python_dop_operator_3.py
[2022-12-23T01:44:40.345+0100] {processor.py:743} INFO - Processing file /home/momo/.local/lib/python3.8/site-packages/airflow/example_dags/example_branch_python_dop_operator_3.py for tasks to queue
[2022-12-23T01:44:40.348+0100] {logging_mixin.py:137} INFO - [2022-12-23T01:44:40.347+0100] {dagbag.py:538} INFO - Filling up the DagBag from /home/momo/.local/lib/python3.8/site-packages/airflow/example_dags/example_branch_python_dop_operator_3.py
[2022-12-23T01:44:40.401+0100] {processor.py:753} INFO - DAG(s) dict_keys(['example_branch_dop_operator_v3']) retrieved from /home/momo/.local/lib/python3.8/site-packages/airflow/example_dags/example_branch_python_dop_operator_3.py
[2022-12-23T01:44:40.442+0100] {logging_mixin.py:137} INFO - [2022-12-23T01:44:40.442+0100] {dag.py:2676} INFO - Sync 1 DAGs
[2022-12-23T01:44:40.479+0100] {logging_mixin.py:137} INFO - [2022-12-23T01:44:40.479+0100] {dag.py:3423} INFO - Setting next_dagrun for example_branch_dop_operator_v3 to 2022-12-23T00:43:00+00:00, run_after=2022-12-23T00:44:00+00:00
[2022-12-23T01:44:40.517+0100] {processor.py:175} INFO - Processing /home/momo/.local/lib/python3.8/site-packages/airflow/example_dags/example_branch_python_dop_operator_3.py took 0.188 seconds
[2022-12-23T01:45:35.092+0100] {processor.py:153} INFO - Started process (PID=5253) to work on /home/momo/.local/lib/python3.8/site-packages/airflow/example_dags/example_branch_python_dop_operator_3.py
[2022-12-23T01:45:35.094+0100] {processor.py:743} INFO - Processing file /home/momo/.local/lib/python3.8/site-packages/airflow/example_dags/example_branch_python_dop_operator_3.py for tasks to queue
[2022-12-23T01:45:35.096+0100] {logging_mixin.py:137} INFO - [2022-12-23T01:45:35.095+0100] {dagbag.py:538} INFO - Filling up the DagBag from /home/momo/.local/lib/python3.8/site-packages/airflow/example_dags/example_branch_python_dop_operator_3.py
[2022-12-23T01:45:35.165+0100] {processor.py:753} INFO - DAG(s) dict_keys(['example_branch_dop_operator_v3']) retrieved from /home/momo/.local/lib/python3.8/site-packages/airflow/example_dags/example_branch_python_dop_operator_3.py
[2022-12-23T01:45:35.233+0100] {logging_mixin.py:137} INFO - [2022-12-23T01:45:35.232+0100] {dag.py:2676} INFO - Sync 1 DAGs
[2022-12-23T01:45:35.296+0100] {logging_mixin.py:137} INFO - [2022-12-23T01:45:35.295+0100] {dag.py:3423} INFO - Setting next_dagrun for example_branch_dop_operator_v3 to 2022-12-23T00:44:00+00:00, run_after=2022-12-23T00:45:00+00:00
[2022-12-23T01:45:35.347+0100] {processor.py:175} INFO - Processing /home/momo/.local/lib/python3.8/site-packages/airflow/example_dags/example_branch_python_dop_operator_3.py took 0.262 seconds
[2022-12-23T01:46:31.011+0100] {processor.py:153} INFO - Started process (PID=5302) to work on /home/momo/.local/lib/python3.8/site-packages/airflow/example_dags/example_branch_python_dop_operator_3.py
[2022-12-23T01:46:31.015+0100] {processor.py:743} INFO - Processing file /home/momo/.local/lib/python3.8/site-packages/airflow/example_dags/example_branch_python_dop_operator_3.py for tasks to queue
[2022-12-23T01:46:31.017+0100] {logging_mixin.py:137} INFO - [2022-12-23T01:46:31.017+0100] {dagbag.py:538} INFO - Filling up the DagBag from /home/momo/.local/lib/python3.8/site-packages/airflow/example_dags/example_branch_python_dop_operator_3.py
[2022-12-23T01:46:31.088+0100] {processor.py:753} INFO - DAG(s) dict_keys(['example_branch_dop_operator_v3']) retrieved from /home/momo/.local/lib/python3.8/site-packages/airflow/example_dags/example_branch_python_dop_operator_3.py
[2022-12-23T01:46:31.160+0100] {logging_mixin.py:137} INFO - [2022-12-23T01:46:31.159+0100] {dag.py:2676} INFO - Sync 1 DAGs
[2022-12-23T01:46:31.232+0100] {logging_mixin.py:137} INFO - [2022-12-23T01:46:31.232+0100] {dag.py:3423} INFO - Setting next_dagrun for example_branch_dop_operator_v3 to 2022-12-23T00:45:00+00:00, run_after=2022-12-23T00:46:00+00:00
[2022-12-23T01:46:31.275+0100] {processor.py:175} INFO - Processing /home/momo/.local/lib/python3.8/site-packages/airflow/example_dags/example_branch_python_dop_operator_3.py took 0.275 seconds
[2022-12-23T01:47:31.522+0100] {processor.py:153} INFO - Started process (PID=5351) to work on /home/momo/.local/lib/python3.8/site-packages/airflow/example_dags/example_branch_python_dop_operator_3.py
[2022-12-23T01:47:31.525+0100] {processor.py:743} INFO - Processing file /home/momo/.local/lib/python3.8/site-packages/airflow/example_dags/example_branch_python_dop_operator_3.py for tasks to queue
[2022-12-23T01:47:31.529+0100] {logging_mixin.py:137} INFO - [2022-12-23T01:47:31.526+0100] {dagbag.py:538} INFO - Filling up the DagBag from /home/momo/.local/lib/python3.8/site-packages/airflow/example_dags/example_branch_python_dop_operator_3.py
[2022-12-23T01:47:31.609+0100] {processor.py:753} INFO - DAG(s) dict_keys(['example_branch_dop_operator_v3']) retrieved from /home/momo/.local/lib/python3.8/site-packages/airflow/example_dags/example_branch_python_dop_operator_3.py
[2022-12-23T01:47:31.686+0100] {logging_mixin.py:137} INFO - [2022-12-23T01:47:31.686+0100] {dag.py:2676} INFO - Sync 1 DAGs
[2022-12-23T01:47:31.831+0100] {logging_mixin.py:137} INFO - [2022-12-23T01:47:31.830+0100] {dag.py:3423} INFO - Setting next_dagrun for example_branch_dop_operator_v3 to 2022-12-23T00:46:00+00:00, run_after=2022-12-23T00:47:00+00:00
[2022-12-23T01:47:31.890+0100] {processor.py:175} INFO - Processing /home/momo/.local/lib/python3.8/site-packages/airflow/example_dags/example_branch_python_dop_operator_3.py took 0.383 seconds
[2022-12-23T01:48:33.499+0100] {processor.py:153} INFO - Started process (PID=5402) to work on /home/momo/.local/lib/python3.8/site-packages/airflow/example_dags/example_branch_python_dop_operator_3.py
[2022-12-23T01:48:33.507+0100] {processor.py:743} INFO - Processing file /home/momo/.local/lib/python3.8/site-packages/airflow/example_dags/example_branch_python_dop_operator_3.py for tasks to queue
[2022-12-23T01:48:33.510+0100] {logging_mixin.py:137} INFO - [2022-12-23T01:48:33.509+0100] {dagbag.py:538} INFO - Filling up the DagBag from /home/momo/.local/lib/python3.8/site-packages/airflow/example_dags/example_branch_python_dop_operator_3.py
[2022-12-23T01:48:33.592+0100] {processor.py:753} INFO - DAG(s) dict_keys(['example_branch_dop_operator_v3']) retrieved from /home/momo/.local/lib/python3.8/site-packages/airflow/example_dags/example_branch_python_dop_operator_3.py
[2022-12-23T01:48:33.656+0100] {logging_mixin.py:137} INFO - [2022-12-23T01:48:33.655+0100] {dag.py:2676} INFO - Sync 1 DAGs
[2022-12-23T01:48:33.769+0100] {logging_mixin.py:137} INFO - [2022-12-23T01:48:33.769+0100] {dag.py:3423} INFO - Setting next_dagrun for example_branch_dop_operator_v3 to 2022-12-23T00:47:00+00:00, run_after=2022-12-23T00:48:00+00:00
[2022-12-23T01:48:33.848+0100] {processor.py:175} INFO - Processing /home/momo/.local/lib/python3.8/site-packages/airflow/example_dags/example_branch_python_dop_operator_3.py took 0.367 seconds
[2022-12-23T01:49:34.238+0100] {processor.py:153} INFO - Started process (PID=5451) to work on /home/momo/.local/lib/python3.8/site-packages/airflow/example_dags/example_branch_python_dop_operator_3.py
[2022-12-23T01:49:34.240+0100] {processor.py:743} INFO - Processing file /home/momo/.local/lib/python3.8/site-packages/airflow/example_dags/example_branch_python_dop_operator_3.py for tasks to queue
[2022-12-23T01:49:34.241+0100] {logging_mixin.py:137} INFO - [2022-12-23T01:49:34.241+0100] {dagbag.py:538} INFO - Filling up the DagBag from /home/momo/.local/lib/python3.8/site-packages/airflow/example_dags/example_branch_python_dop_operator_3.py
[2022-12-23T01:49:34.285+0100] {processor.py:753} INFO - DAG(s) dict_keys(['example_branch_dop_operator_v3']) retrieved from /home/momo/.local/lib/python3.8/site-packages/airflow/example_dags/example_branch_python_dop_operator_3.py
[2022-12-23T01:49:34.327+0100] {logging_mixin.py:137} INFO - [2022-12-23T01:49:34.326+0100] {dag.py:2676} INFO - Sync 1 DAGs
[2022-12-23T01:49:34.370+0100] {logging_mixin.py:137} INFO - [2022-12-23T01:49:34.370+0100] {dag.py:3423} INFO - Setting next_dagrun for example_branch_dop_operator_v3 to 2022-12-23T00:48:00+00:00, run_after=2022-12-23T00:49:00+00:00
[2022-12-23T01:49:34.403+0100] {processor.py:175} INFO - Processing /home/momo/.local/lib/python3.8/site-packages/airflow/example_dags/example_branch_python_dop_operator_3.py took 0.170 seconds
[2022-12-23T01:50:37.027+0100] {processor.py:153} INFO - Started process (PID=5503) to work on /home/momo/.local/lib/python3.8/site-packages/airflow/example_dags/example_branch_python_dop_operator_3.py
[2022-12-23T01:50:37.035+0100] {processor.py:743} INFO - Processing file /home/momo/.local/lib/python3.8/site-packages/airflow/example_dags/example_branch_python_dop_operator_3.py for tasks to queue
[2022-12-23T01:50:37.042+0100] {logging_mixin.py:137} INFO - [2022-12-23T01:50:37.042+0100] {dagbag.py:538} INFO - Filling up the DagBag from /home/momo/.local/lib/python3.8/site-packages/airflow/example_dags/example_branch_python_dop_operator_3.py
[2022-12-23T01:50:37.174+0100] {processor.py:753} INFO - DAG(s) dict_keys(['example_branch_dop_operator_v3']) retrieved from /home/momo/.local/lib/python3.8/site-packages/airflow/example_dags/example_branch_python_dop_operator_3.py
[2022-12-23T01:50:37.233+0100] {logging_mixin.py:137} INFO - [2022-12-23T01:50:37.232+0100] {dag.py:2676} INFO - Sync 1 DAGs
[2022-12-23T01:50:37.300+0100] {logging_mixin.py:137} INFO - [2022-12-23T01:50:37.300+0100] {dag.py:3423} INFO - Setting next_dagrun for example_branch_dop_operator_v3 to 2022-12-23T00:49:00+00:00, run_after=2022-12-23T00:50:00+00:00
[2022-12-23T01:50:37.357+0100] {processor.py:175} INFO - Processing /home/momo/.local/lib/python3.8/site-packages/airflow/example_dags/example_branch_python_dop_operator_3.py took 0.359 seconds
[2022-12-23T01:51:36.623+0100] {processor.py:153} INFO - Started process (PID=5557) to work on /home/momo/.local/lib/python3.8/site-packages/airflow/example_dags/example_branch_python_dop_operator_3.py
[2022-12-23T01:51:36.624+0100] {processor.py:743} INFO - Processing file /home/momo/.local/lib/python3.8/site-packages/airflow/example_dags/example_branch_python_dop_operator_3.py for tasks to queue
[2022-12-23T01:51:36.625+0100] {logging_mixin.py:137} INFO - [2022-12-23T01:51:36.625+0100] {dagbag.py:538} INFO - Filling up the DagBag from /home/momo/.local/lib/python3.8/site-packages/airflow/example_dags/example_branch_python_dop_operator_3.py
[2022-12-23T01:51:36.667+0100] {processor.py:753} INFO - DAG(s) dict_keys(['example_branch_dop_operator_v3']) retrieved from /home/momo/.local/lib/python3.8/site-packages/airflow/example_dags/example_branch_python_dop_operator_3.py
[2022-12-23T01:51:36.728+0100] {logging_mixin.py:137} INFO - [2022-12-23T01:51:36.727+0100] {dag.py:2676} INFO - Sync 1 DAGs
[2022-12-23T01:51:36.785+0100] {logging_mixin.py:137} INFO - [2022-12-23T01:51:36.785+0100] {dag.py:3423} INFO - Setting next_dagrun for example_branch_dop_operator_v3 to 2022-12-23T00:50:00+00:00, run_after=2022-12-23T00:51:00+00:00
[2022-12-23T01:51:36.824+0100] {processor.py:175} INFO - Processing /home/momo/.local/lib/python3.8/site-packages/airflow/example_dags/example_branch_python_dop_operator_3.py took 0.212 seconds
[2022-12-23T01:52:37.403+0100] {processor.py:153} INFO - Started process (PID=5658) to work on /home/momo/.local/lib/python3.8/site-packages/airflow/example_dags/example_branch_python_dop_operator_3.py
[2022-12-23T01:52:37.407+0100] {processor.py:743} INFO - Processing file /home/momo/.local/lib/python3.8/site-packages/airflow/example_dags/example_branch_python_dop_operator_3.py for tasks to queue
[2022-12-23T01:52:37.410+0100] {logging_mixin.py:137} INFO - [2022-12-23T01:52:37.409+0100] {dagbag.py:538} INFO - Filling up the DagBag from /home/momo/.local/lib/python3.8/site-packages/airflow/example_dags/example_branch_python_dop_operator_3.py
[2022-12-23T01:52:37.464+0100] {processor.py:753} INFO - DAG(s) dict_keys(['example_branch_dop_operator_v3']) retrieved from /home/momo/.local/lib/python3.8/site-packages/airflow/example_dags/example_branch_python_dop_operator_3.py
[2022-12-23T01:52:37.497+0100] {logging_mixin.py:137} INFO - [2022-12-23T01:52:37.497+0100] {dag.py:2676} INFO - Sync 1 DAGs
[2022-12-23T01:52:37.550+0100] {logging_mixin.py:137} INFO - [2022-12-23T01:52:37.550+0100] {dag.py:3423} INFO - Setting next_dagrun for example_branch_dop_operator_v3 to 2022-12-23T00:51:00+00:00, run_after=2022-12-23T00:52:00+00:00
[2022-12-23T01:52:37.589+0100] {processor.py:175} INFO - Processing /home/momo/.local/lib/python3.8/site-packages/airflow/example_dags/example_branch_python_dop_operator_3.py took 0.198 seconds
[2022-12-23T01:53:28.267+0100] {processor.py:153} INFO - Started process (PID=5699) to work on /home/momo/.local/lib/python3.8/site-packages/airflow/example_dags/example_branch_python_dop_operator_3.py
[2022-12-23T01:53:28.278+0100] {processor.py:743} INFO - Processing file /home/momo/.local/lib/python3.8/site-packages/airflow/example_dags/example_branch_python_dop_operator_3.py for tasks to queue
[2022-12-23T01:53:28.280+0100] {logging_mixin.py:137} INFO - [2022-12-23T01:53:28.280+0100] {dagbag.py:538} INFO - Filling up the DagBag from /home/momo/.local/lib/python3.8/site-packages/airflow/example_dags/example_branch_python_dop_operator_3.py
[2022-12-23T01:53:28.331+0100] {processor.py:753} INFO - DAG(s) dict_keys(['example_branch_dop_operator_v3']) retrieved from /home/momo/.local/lib/python3.8/site-packages/airflow/example_dags/example_branch_python_dop_operator_3.py
[2022-12-23T01:53:28.367+0100] {logging_mixin.py:137} INFO - [2022-12-23T01:53:28.367+0100] {dag.py:2676} INFO - Sync 1 DAGs
[2022-12-23T01:53:28.401+0100] {logging_mixin.py:137} INFO - [2022-12-23T01:53:28.400+0100] {dag.py:3423} INFO - Setting next_dagrun for example_branch_dop_operator_v3 to 2022-12-23T00:52:00+00:00, run_after=2022-12-23T00:53:00+00:00
[2022-12-23T01:53:28.440+0100] {processor.py:175} INFO - Processing /home/momo/.local/lib/python3.8/site-packages/airflow/example_dags/example_branch_python_dop_operator_3.py took 0.190 seconds
[2022-12-23T01:54:26.998+0100] {processor.py:153} INFO - Started process (PID=5748) to work on /home/momo/.local/lib/python3.8/site-packages/airflow/example_dags/example_branch_python_dop_operator_3.py
[2022-12-23T01:54:27.000+0100] {processor.py:743} INFO - Processing file /home/momo/.local/lib/python3.8/site-packages/airflow/example_dags/example_branch_python_dop_operator_3.py for tasks to queue
[2022-12-23T01:54:27.001+0100] {logging_mixin.py:137} INFO - [2022-12-23T01:54:27.001+0100] {dagbag.py:538} INFO - Filling up the DagBag from /home/momo/.local/lib/python3.8/site-packages/airflow/example_dags/example_branch_python_dop_operator_3.py
[2022-12-23T01:54:27.039+0100] {processor.py:753} INFO - DAG(s) dict_keys(['example_branch_dop_operator_v3']) retrieved from /home/momo/.local/lib/python3.8/site-packages/airflow/example_dags/example_branch_python_dop_operator_3.py
[2022-12-23T01:54:27.074+0100] {logging_mixin.py:137} INFO - [2022-12-23T01:54:27.074+0100] {dag.py:2676} INFO - Sync 1 DAGs
[2022-12-23T01:54:27.109+0100] {logging_mixin.py:137} INFO - [2022-12-23T01:54:27.109+0100] {dag.py:3423} INFO - Setting next_dagrun for example_branch_dop_operator_v3 to 2022-12-23T00:53:00+00:00, run_after=2022-12-23T00:54:00+00:00
[2022-12-23T01:54:27.138+0100] {processor.py:175} INFO - Processing /home/momo/.local/lib/python3.8/site-packages/airflow/example_dags/example_branch_python_dop_operator_3.py took 0.156 seconds
[2022-12-23T01:55:18.143+0100] {processor.py:153} INFO - Started process (PID=5793) to work on /home/momo/.local/lib/python3.8/site-packages/airflow/example_dags/example_branch_python_dop_operator_3.py
[2022-12-23T01:55:18.153+0100] {processor.py:743} INFO - Processing file /home/momo/.local/lib/python3.8/site-packages/airflow/example_dags/example_branch_python_dop_operator_3.py for tasks to queue
[2022-12-23T01:55:18.157+0100] {logging_mixin.py:137} INFO - [2022-12-23T01:55:18.156+0100] {dagbag.py:538} INFO - Filling up the DagBag from /home/momo/.local/lib/python3.8/site-packages/airflow/example_dags/example_branch_python_dop_operator_3.py
[2022-12-23T01:55:18.207+0100] {processor.py:753} INFO - DAG(s) dict_keys(['example_branch_dop_operator_v3']) retrieved from /home/momo/.local/lib/python3.8/site-packages/airflow/example_dags/example_branch_python_dop_operator_3.py
[2022-12-23T01:55:18.240+0100] {logging_mixin.py:137} INFO - [2022-12-23T01:55:18.240+0100] {dag.py:2676} INFO - Sync 1 DAGs
[2022-12-23T01:55:18.273+0100] {logging_mixin.py:137} INFO - [2022-12-23T01:55:18.273+0100] {dag.py:3423} INFO - Setting next_dagrun for example_branch_dop_operator_v3 to 2022-12-23T00:54:00+00:00, run_after=2022-12-23T00:55:00+00:00
[2022-12-23T01:55:18.309+0100] {processor.py:175} INFO - Processing /home/momo/.local/lib/python3.8/site-packages/airflow/example_dags/example_branch_python_dop_operator_3.py took 0.185 seconds
[2022-12-23T01:56:11.131+0100] {processor.py:153} INFO - Started process (PID=5837) to work on /home/momo/.local/lib/python3.8/site-packages/airflow/example_dags/example_branch_python_dop_operator_3.py
[2022-12-23T01:56:11.135+0100] {processor.py:743} INFO - Processing file /home/momo/.local/lib/python3.8/site-packages/airflow/example_dags/example_branch_python_dop_operator_3.py for tasks to queue
[2022-12-23T01:56:11.138+0100] {logging_mixin.py:137} INFO - [2022-12-23T01:56:11.138+0100] {dagbag.py:538} INFO - Filling up the DagBag from /home/momo/.local/lib/python3.8/site-packages/airflow/example_dags/example_branch_python_dop_operator_3.py
[2022-12-23T01:56:11.188+0100] {processor.py:753} INFO - DAG(s) dict_keys(['example_branch_dop_operator_v3']) retrieved from /home/momo/.local/lib/python3.8/site-packages/airflow/example_dags/example_branch_python_dop_operator_3.py
[2022-12-23T01:56:11.220+0100] {logging_mixin.py:137} INFO - [2022-12-23T01:56:11.219+0100] {dag.py:2676} INFO - Sync 1 DAGs
[2022-12-23T01:56:11.250+0100] {logging_mixin.py:137} INFO - [2022-12-23T01:56:11.250+0100] {dag.py:3423} INFO - Setting next_dagrun for example_branch_dop_operator_v3 to 2022-12-23T00:55:00+00:00, run_after=2022-12-23T00:56:00+00:00
[2022-12-23T01:56:11.287+0100] {processor.py:175} INFO - Processing /home/momo/.local/lib/python3.8/site-packages/airflow/example_dags/example_branch_python_dop_operator_3.py took 0.170 seconds
[2022-12-23T01:57:12.793+0100] {processor.py:153} INFO - Started process (PID=5890) to work on /home/momo/.local/lib/python3.8/site-packages/airflow/example_dags/example_branch_python_dop_operator_3.py
[2022-12-23T01:57:12.797+0100] {processor.py:743} INFO - Processing file /home/momo/.local/lib/python3.8/site-packages/airflow/example_dags/example_branch_python_dop_operator_3.py for tasks to queue
[2022-12-23T01:57:12.799+0100] {logging_mixin.py:137} INFO - [2022-12-23T01:57:12.799+0100] {dagbag.py:538} INFO - Filling up the DagBag from /home/momo/.local/lib/python3.8/site-packages/airflow/example_dags/example_branch_python_dop_operator_3.py
[2022-12-23T01:57:12.840+0100] {processor.py:753} INFO - DAG(s) dict_keys(['example_branch_dop_operator_v3']) retrieved from /home/momo/.local/lib/python3.8/site-packages/airflow/example_dags/example_branch_python_dop_operator_3.py
[2022-12-23T01:57:12.873+0100] {logging_mixin.py:137} INFO - [2022-12-23T01:57:12.873+0100] {dag.py:2676} INFO - Sync 1 DAGs
[2022-12-23T01:57:12.908+0100] {logging_mixin.py:137} INFO - [2022-12-23T01:57:12.908+0100] {dag.py:3423} INFO - Setting next_dagrun for example_branch_dop_operator_v3 to 2022-12-23T00:56:00+00:00, run_after=2022-12-23T00:57:00+00:00
[2022-12-23T01:57:12.956+0100] {processor.py:175} INFO - Processing /home/momo/.local/lib/python3.8/site-packages/airflow/example_dags/example_branch_python_dop_operator_3.py took 0.176 seconds
[2022-12-23T01:58:16.651+0100] {processor.py:153} INFO - Started process (PID=5946) to work on /home/momo/.local/lib/python3.8/site-packages/airflow/example_dags/example_branch_python_dop_operator_3.py
[2022-12-23T01:58:16.656+0100] {processor.py:743} INFO - Processing file /home/momo/.local/lib/python3.8/site-packages/airflow/example_dags/example_branch_python_dop_operator_3.py for tasks to queue
[2022-12-23T01:58:16.657+0100] {logging_mixin.py:137} INFO - [2022-12-23T01:58:16.657+0100] {dagbag.py:538} INFO - Filling up the DagBag from /home/momo/.local/lib/python3.8/site-packages/airflow/example_dags/example_branch_python_dop_operator_3.py
[2022-12-23T01:58:16.763+0100] {processor.py:753} INFO - DAG(s) dict_keys(['example_branch_dop_operator_v3']) retrieved from /home/momo/.local/lib/python3.8/site-packages/airflow/example_dags/example_branch_python_dop_operator_3.py
[2022-12-23T01:58:16.848+0100] {logging_mixin.py:137} INFO - [2022-12-23T01:58:16.848+0100] {dag.py:2676} INFO - Sync 1 DAGs
[2022-12-23T01:58:16.923+0100] {logging_mixin.py:137} INFO - [2022-12-23T01:58:16.923+0100] {dag.py:3423} INFO - Setting next_dagrun for example_branch_dop_operator_v3 to 2022-12-23T00:57:00+00:00, run_after=2022-12-23T00:58:00+00:00
[2022-12-23T01:58:16.977+0100] {processor.py:175} INFO - Processing /home/momo/.local/lib/python3.8/site-packages/airflow/example_dags/example_branch_python_dop_operator_3.py took 0.334 seconds
[2022-12-23T01:59:18.756+0100] {processor.py:153} INFO - Started process (PID=6002) to work on /home/momo/.local/lib/python3.8/site-packages/airflow/example_dags/example_branch_python_dop_operator_3.py
[2022-12-23T01:59:18.769+0100] {processor.py:743} INFO - Processing file /home/momo/.local/lib/python3.8/site-packages/airflow/example_dags/example_branch_python_dop_operator_3.py for tasks to queue
[2022-12-23T01:59:18.770+0100] {logging_mixin.py:137} INFO - [2022-12-23T01:59:18.770+0100] {dagbag.py:538} INFO - Filling up the DagBag from /home/momo/.local/lib/python3.8/site-packages/airflow/example_dags/example_branch_python_dop_operator_3.py
[2022-12-23T01:59:18.859+0100] {processor.py:753} INFO - DAG(s) dict_keys(['example_branch_dop_operator_v3']) retrieved from /home/momo/.local/lib/python3.8/site-packages/airflow/example_dags/example_branch_python_dop_operator_3.py
[2022-12-23T01:59:18.945+0100] {logging_mixin.py:137} INFO - [2022-12-23T01:59:18.945+0100] {dag.py:2676} INFO - Sync 1 DAGs
[2022-12-23T01:59:19.015+0100] {logging_mixin.py:137} INFO - [2022-12-23T01:59:19.015+0100] {dag.py:3423} INFO - Setting next_dagrun for example_branch_dop_operator_v3 to 2022-12-23T00:58:00+00:00, run_after=2022-12-23T00:59:00+00:00
[2022-12-23T01:59:19.083+0100] {processor.py:175} INFO - Processing /home/momo/.local/lib/python3.8/site-packages/airflow/example_dags/example_branch_python_dop_operator_3.py took 0.335 seconds
[2022-12-23T02:00:19.586+0100] {processor.py:153} INFO - Started process (PID=6059) to work on /home/momo/.local/lib/python3.8/site-packages/airflow/example_dags/example_branch_python_dop_operator_3.py
[2022-12-23T02:00:19.591+0100] {processor.py:743} INFO - Processing file /home/momo/.local/lib/python3.8/site-packages/airflow/example_dags/example_branch_python_dop_operator_3.py for tasks to queue
[2022-12-23T02:00:19.594+0100] {logging_mixin.py:137} INFO - [2022-12-23T02:00:19.593+0100] {dagbag.py:538} INFO - Filling up the DagBag from /home/momo/.local/lib/python3.8/site-packages/airflow/example_dags/example_branch_python_dop_operator_3.py
[2022-12-23T02:00:19.649+0100] {processor.py:753} INFO - DAG(s) dict_keys(['example_branch_dop_operator_v3']) retrieved from /home/momo/.local/lib/python3.8/site-packages/airflow/example_dags/example_branch_python_dop_operator_3.py
[2022-12-23T02:00:19.682+0100] {logging_mixin.py:137} INFO - [2022-12-23T02:00:19.682+0100] {dag.py:2676} INFO - Sync 1 DAGs
[2022-12-23T02:00:19.715+0100] {logging_mixin.py:137} INFO - [2022-12-23T02:00:19.715+0100] {dag.py:3423} INFO - Setting next_dagrun for example_branch_dop_operator_v3 to 2022-12-23T00:59:00+00:00, run_after=2022-12-23T01:00:00+00:00
[2022-12-23T02:00:19.750+0100] {processor.py:175} INFO - Processing /home/momo/.local/lib/python3.8/site-packages/airflow/example_dags/example_branch_python_dop_operator_3.py took 0.179 seconds
[2022-12-23T02:01:15.134+0100] {processor.py:153} INFO - Started process (PID=6107) to work on /home/momo/.local/lib/python3.8/site-packages/airflow/example_dags/example_branch_python_dop_operator_3.py
[2022-12-23T02:01:15.136+0100] {processor.py:743} INFO - Processing file /home/momo/.local/lib/python3.8/site-packages/airflow/example_dags/example_branch_python_dop_operator_3.py for tasks to queue
[2022-12-23T02:01:15.137+0100] {logging_mixin.py:137} INFO - [2022-12-23T02:01:15.137+0100] {dagbag.py:538} INFO - Filling up the DagBag from /home/momo/.local/lib/python3.8/site-packages/airflow/example_dags/example_branch_python_dop_operator_3.py
[2022-12-23T02:01:15.191+0100] {processor.py:753} INFO - DAG(s) dict_keys(['example_branch_dop_operator_v3']) retrieved from /home/momo/.local/lib/python3.8/site-packages/airflow/example_dags/example_branch_python_dop_operator_3.py
[2022-12-23T02:01:15.247+0100] {logging_mixin.py:137} INFO - [2022-12-23T02:01:15.247+0100] {dag.py:2676} INFO - Sync 1 DAGs
[2022-12-23T02:01:15.311+0100] {logging_mixin.py:137} INFO - [2022-12-23T02:01:15.311+0100] {dag.py:3423} INFO - Setting next_dagrun for example_branch_dop_operator_v3 to 2022-12-23T01:00:00+00:00, run_after=2022-12-23T01:01:00+00:00
[2022-12-23T02:01:15.360+0100] {processor.py:175} INFO - Processing /home/momo/.local/lib/python3.8/site-packages/airflow/example_dags/example_branch_python_dop_operator_3.py took 0.233 seconds
[2022-12-23T02:02:20.251+0100] {processor.py:153} INFO - Started process (PID=6161) to work on /home/momo/.local/lib/python3.8/site-packages/airflow/example_dags/example_branch_python_dop_operator_3.py
[2022-12-23T02:02:20.255+0100] {processor.py:743} INFO - Processing file /home/momo/.local/lib/python3.8/site-packages/airflow/example_dags/example_branch_python_dop_operator_3.py for tasks to queue
[2022-12-23T02:02:20.258+0100] {logging_mixin.py:137} INFO - [2022-12-23T02:02:20.257+0100] {dagbag.py:538} INFO - Filling up the DagBag from /home/momo/.local/lib/python3.8/site-packages/airflow/example_dags/example_branch_python_dop_operator_3.py
[2022-12-23T02:02:20.308+0100] {processor.py:753} INFO - DAG(s) dict_keys(['example_branch_dop_operator_v3']) retrieved from /home/momo/.local/lib/python3.8/site-packages/airflow/example_dags/example_branch_python_dop_operator_3.py
[2022-12-23T02:02:20.342+0100] {logging_mixin.py:137} INFO - [2022-12-23T02:02:20.342+0100] {dag.py:2676} INFO - Sync 1 DAGs
[2022-12-23T02:02:20.375+0100] {logging_mixin.py:137} INFO - [2022-12-23T02:02:20.375+0100] {dag.py:3423} INFO - Setting next_dagrun for example_branch_dop_operator_v3 to 2022-12-23T01:01:00+00:00, run_after=2022-12-23T01:02:00+00:00
[2022-12-23T02:02:20.429+0100] {processor.py:175} INFO - Processing /home/momo/.local/lib/python3.8/site-packages/airflow/example_dags/example_branch_python_dop_operator_3.py took 0.191 seconds
[2022-12-23T02:03:20.583+0100] {processor.py:153} INFO - Started process (PID=6210) to work on /home/momo/.local/lib/python3.8/site-packages/airflow/example_dags/example_branch_python_dop_operator_3.py
[2022-12-23T02:03:20.584+0100] {processor.py:743} INFO - Processing file /home/momo/.local/lib/python3.8/site-packages/airflow/example_dags/example_branch_python_dop_operator_3.py for tasks to queue
[2022-12-23T02:03:20.585+0100] {logging_mixin.py:137} INFO - [2022-12-23T02:03:20.585+0100] {dagbag.py:538} INFO - Filling up the DagBag from /home/momo/.local/lib/python3.8/site-packages/airflow/example_dags/example_branch_python_dop_operator_3.py
[2022-12-23T02:03:20.628+0100] {processor.py:753} INFO - DAG(s) dict_keys(['example_branch_dop_operator_v3']) retrieved from /home/momo/.local/lib/python3.8/site-packages/airflow/example_dags/example_branch_python_dop_operator_3.py
[2022-12-23T02:03:20.677+0100] {logging_mixin.py:137} INFO - [2022-12-23T02:03:20.677+0100] {dag.py:2676} INFO - Sync 1 DAGs
[2022-12-23T02:03:20.722+0100] {logging_mixin.py:137} INFO - [2022-12-23T02:03:20.722+0100] {dag.py:3423} INFO - Setting next_dagrun for example_branch_dop_operator_v3 to 2022-12-23T01:02:00+00:00, run_after=2022-12-23T01:03:00+00:00
[2022-12-23T02:03:20.761+0100] {processor.py:175} INFO - Processing /home/momo/.local/lib/python3.8/site-packages/airflow/example_dags/example_branch_python_dop_operator_3.py took 0.183 seconds
[2022-12-23T02:04:14.942+0100] {processor.py:153} INFO - Started process (PID=6261) to work on /home/momo/.local/lib/python3.8/site-packages/airflow/example_dags/example_branch_python_dop_operator_3.py
[2022-12-23T02:04:14.947+0100] {processor.py:743} INFO - Processing file /home/momo/.local/lib/python3.8/site-packages/airflow/example_dags/example_branch_python_dop_operator_3.py for tasks to queue
[2022-12-23T02:04:14.949+0100] {logging_mixin.py:137} INFO - [2022-12-23T02:04:14.949+0100] {dagbag.py:538} INFO - Filling up the DagBag from /home/momo/.local/lib/python3.8/site-packages/airflow/example_dags/example_branch_python_dop_operator_3.py
[2022-12-23T02:04:14.997+0100] {processor.py:753} INFO - DAG(s) dict_keys(['example_branch_dop_operator_v3']) retrieved from /home/momo/.local/lib/python3.8/site-packages/airflow/example_dags/example_branch_python_dop_operator_3.py
[2022-12-23T02:04:15.030+0100] {logging_mixin.py:137} INFO - [2022-12-23T02:04:15.029+0100] {dag.py:2676} INFO - Sync 1 DAGs
[2022-12-23T02:04:15.074+0100] {logging_mixin.py:137} INFO - [2022-12-23T02:04:15.074+0100] {dag.py:3423} INFO - Setting next_dagrun for example_branch_dop_operator_v3 to 2022-12-23T01:03:00+00:00, run_after=2022-12-23T01:04:00+00:00
[2022-12-23T02:04:15.108+0100] {processor.py:175} INFO - Processing /home/momo/.local/lib/python3.8/site-packages/airflow/example_dags/example_branch_python_dop_operator_3.py took 0.179 seconds
[2022-12-23T02:05:17.624+0100] {processor.py:153} INFO - Started process (PID=6312) to work on /home/momo/.local/lib/python3.8/site-packages/airflow/example_dags/example_branch_python_dop_operator_3.py
[2022-12-23T02:05:17.636+0100] {processor.py:743} INFO - Processing file /home/momo/.local/lib/python3.8/site-packages/airflow/example_dags/example_branch_python_dop_operator_3.py for tasks to queue
[2022-12-23T02:05:17.637+0100] {logging_mixin.py:137} INFO - [2022-12-23T02:05:17.637+0100] {dagbag.py:538} INFO - Filling up the DagBag from /home/momo/.local/lib/python3.8/site-packages/airflow/example_dags/example_branch_python_dop_operator_3.py
[2022-12-23T02:05:17.714+0100] {processor.py:753} INFO - DAG(s) dict_keys(['example_branch_dop_operator_v3']) retrieved from /home/momo/.local/lib/python3.8/site-packages/airflow/example_dags/example_branch_python_dop_operator_3.py
[2022-12-23T02:05:17.809+0100] {logging_mixin.py:137} INFO - [2022-12-23T02:05:17.809+0100] {dag.py:2676} INFO - Sync 1 DAGs
[2022-12-23T02:05:17.917+0100] {logging_mixin.py:137} INFO - [2022-12-23T02:05:17.917+0100] {dag.py:3423} INFO - Setting next_dagrun for example_branch_dop_operator_v3 to 2022-12-23T01:04:00+00:00, run_after=2022-12-23T01:05:00+00:00
[2022-12-23T02:05:18.008+0100] {processor.py:175} INFO - Processing /home/momo/.local/lib/python3.8/site-packages/airflow/example_dags/example_branch_python_dop_operator_3.py took 0.398 seconds
[2022-12-23T02:06:15.697+0100] {processor.py:153} INFO - Started process (PID=6361) to work on /home/momo/.local/lib/python3.8/site-packages/airflow/example_dags/example_branch_python_dop_operator_3.py
[2022-12-23T02:06:15.702+0100] {processor.py:743} INFO - Processing file /home/momo/.local/lib/python3.8/site-packages/airflow/example_dags/example_branch_python_dop_operator_3.py for tasks to queue
[2022-12-23T02:06:15.703+0100] {logging_mixin.py:137} INFO - [2022-12-23T02:06:15.703+0100] {dagbag.py:538} INFO - Filling up the DagBag from /home/momo/.local/lib/python3.8/site-packages/airflow/example_dags/example_branch_python_dop_operator_3.py
[2022-12-23T02:06:15.779+0100] {processor.py:753} INFO - DAG(s) dict_keys(['example_branch_dop_operator_v3']) retrieved from /home/momo/.local/lib/python3.8/site-packages/airflow/example_dags/example_branch_python_dop_operator_3.py
[2022-12-23T02:06:15.858+0100] {logging_mixin.py:137} INFO - [2022-12-23T02:06:15.857+0100] {dag.py:2676} INFO - Sync 1 DAGs
[2022-12-23T02:06:15.941+0100] {logging_mixin.py:137} INFO - [2022-12-23T02:06:15.941+0100] {dag.py:3423} INFO - Setting next_dagrun for example_branch_dop_operator_v3 to 2022-12-23T01:05:00+00:00, run_after=2022-12-23T01:06:00+00:00
[2022-12-23T02:06:16.021+0100] {processor.py:175} INFO - Processing /home/momo/.local/lib/python3.8/site-packages/airflow/example_dags/example_branch_python_dop_operator_3.py took 0.334 seconds
[2022-12-23T02:07:20.008+0100] {processor.py:153} INFO - Started process (PID=6419) to work on /home/momo/.local/lib/python3.8/site-packages/airflow/example_dags/example_branch_python_dop_operator_3.py
[2022-12-23T02:07:20.014+0100] {processor.py:743} INFO - Processing file /home/momo/.local/lib/python3.8/site-packages/airflow/example_dags/example_branch_python_dop_operator_3.py for tasks to queue
[2022-12-23T02:07:20.017+0100] {logging_mixin.py:137} INFO - [2022-12-23T02:07:20.016+0100] {dagbag.py:538} INFO - Filling up the DagBag from /home/momo/.local/lib/python3.8/site-packages/airflow/example_dags/example_branch_python_dop_operator_3.py
[2022-12-23T02:07:20.084+0100] {processor.py:753} INFO - DAG(s) dict_keys(['example_branch_dop_operator_v3']) retrieved from /home/momo/.local/lib/python3.8/site-packages/airflow/example_dags/example_branch_python_dop_operator_3.py
[2022-12-23T02:07:20.132+0100] {logging_mixin.py:137} INFO - [2022-12-23T02:07:20.131+0100] {dag.py:2676} INFO - Sync 1 DAGs
[2022-12-23T02:07:20.164+0100] {logging_mixin.py:137} INFO - [2022-12-23T02:07:20.164+0100] {dag.py:3423} INFO - Setting next_dagrun for example_branch_dop_operator_v3 to 2022-12-23T01:06:00+00:00, run_after=2022-12-23T01:07:00+00:00
[2022-12-23T02:07:20.201+0100] {processor.py:175} INFO - Processing /home/momo/.local/lib/python3.8/site-packages/airflow/example_dags/example_branch_python_dop_operator_3.py took 0.206 seconds
[2022-12-23T02:08:21.078+0100] {processor.py:153} INFO - Started process (PID=6472) to work on /home/momo/.local/lib/python3.8/site-packages/airflow/example_dags/example_branch_python_dop_operator_3.py
[2022-12-23T02:08:21.088+0100] {processor.py:743} INFO - Processing file /home/momo/.local/lib/python3.8/site-packages/airflow/example_dags/example_branch_python_dop_operator_3.py for tasks to queue
[2022-12-23T02:08:21.091+0100] {logging_mixin.py:137} INFO - [2022-12-23T02:08:21.091+0100] {dagbag.py:538} INFO - Filling up the DagBag from /home/momo/.local/lib/python3.8/site-packages/airflow/example_dags/example_branch_python_dop_operator_3.py
[2022-12-23T02:08:21.152+0100] {processor.py:753} INFO - DAG(s) dict_keys(['example_branch_dop_operator_v3']) retrieved from /home/momo/.local/lib/python3.8/site-packages/airflow/example_dags/example_branch_python_dop_operator_3.py
[2022-12-23T02:08:21.184+0100] {logging_mixin.py:137} INFO - [2022-12-23T02:08:21.184+0100] {dag.py:2676} INFO - Sync 1 DAGs
[2022-12-23T02:08:21.216+0100] {logging_mixin.py:137} INFO - [2022-12-23T02:08:21.216+0100] {dag.py:3423} INFO - Setting next_dagrun for example_branch_dop_operator_v3 to 2022-12-23T01:07:00+00:00, run_after=2022-12-23T01:08:00+00:00
[2022-12-23T02:08:21.259+0100] {processor.py:175} INFO - Processing /home/momo/.local/lib/python3.8/site-packages/airflow/example_dags/example_branch_python_dop_operator_3.py took 0.192 seconds
[2022-12-23T02:09:26.256+0100] {processor.py:153} INFO - Started process (PID=6526) to work on /home/momo/.local/lib/python3.8/site-packages/airflow/example_dags/example_branch_python_dop_operator_3.py
[2022-12-23T02:09:26.259+0100] {processor.py:743} INFO - Processing file /home/momo/.local/lib/python3.8/site-packages/airflow/example_dags/example_branch_python_dop_operator_3.py for tasks to queue
[2022-12-23T02:09:26.260+0100] {logging_mixin.py:137} INFO - [2022-12-23T02:09:26.260+0100] {dagbag.py:538} INFO - Filling up the DagBag from /home/momo/.local/lib/python3.8/site-packages/airflow/example_dags/example_branch_python_dop_operator_3.py
[2022-12-23T02:09:26.297+0100] {processor.py:753} INFO - DAG(s) dict_keys(['example_branch_dop_operator_v3']) retrieved from /home/momo/.local/lib/python3.8/site-packages/airflow/example_dags/example_branch_python_dop_operator_3.py
[2022-12-23T02:09:26.330+0100] {logging_mixin.py:137} INFO - [2022-12-23T02:09:26.329+0100] {dag.py:2676} INFO - Sync 1 DAGs
[2022-12-23T02:09:26.363+0100] {logging_mixin.py:137} INFO - [2022-12-23T02:09:26.362+0100] {dag.py:3423} INFO - Setting next_dagrun for example_branch_dop_operator_v3 to 2022-12-23T01:08:00+00:00, run_after=2022-12-23T01:09:00+00:00
[2022-12-23T02:09:26.392+0100] {processor.py:175} INFO - Processing /home/momo/.local/lib/python3.8/site-packages/airflow/example_dags/example_branch_python_dop_operator_3.py took 0.152 seconds
[2022-12-23T02:10:26.351+0100] {processor.py:153} INFO - Started process (PID=6583) to work on /home/momo/.local/lib/python3.8/site-packages/airflow/example_dags/example_branch_python_dop_operator_3.py
[2022-12-23T02:10:26.354+0100] {processor.py:743} INFO - Processing file /home/momo/.local/lib/python3.8/site-packages/airflow/example_dags/example_branch_python_dop_operator_3.py for tasks to queue
[2022-12-23T02:10:26.355+0100] {logging_mixin.py:137} INFO - [2022-12-23T02:10:26.355+0100] {dagbag.py:538} INFO - Filling up the DagBag from /home/momo/.local/lib/python3.8/site-packages/airflow/example_dags/example_branch_python_dop_operator_3.py
[2022-12-23T02:10:26.418+0100] {processor.py:753} INFO - DAG(s) dict_keys(['example_branch_dop_operator_v3']) retrieved from /home/momo/.local/lib/python3.8/site-packages/airflow/example_dags/example_branch_python_dop_operator_3.py
[2022-12-23T02:10:26.468+0100] {logging_mixin.py:137} INFO - [2022-12-23T02:10:26.468+0100] {dag.py:2676} INFO - Sync 1 DAGs
[2022-12-23T02:10:26.525+0100] {logging_mixin.py:137} INFO - [2022-12-23T02:10:26.525+0100] {dag.py:3423} INFO - Setting next_dagrun for example_branch_dop_operator_v3 to 2022-12-23T01:09:00+00:00, run_after=2022-12-23T01:10:00+00:00
[2022-12-23T02:10:26.607+0100] {processor.py:175} INFO - Processing /home/momo/.local/lib/python3.8/site-packages/airflow/example_dags/example_branch_python_dop_operator_3.py took 0.272 seconds
[2022-12-23T02:11:29.468+0100] {processor.py:153} INFO - Started process (PID=6640) to work on /home/momo/.local/lib/python3.8/site-packages/airflow/example_dags/example_branch_python_dop_operator_3.py
[2022-12-23T02:11:29.470+0100] {processor.py:743} INFO - Processing file /home/momo/.local/lib/python3.8/site-packages/airflow/example_dags/example_branch_python_dop_operator_3.py for tasks to queue
[2022-12-23T02:11:29.472+0100] {logging_mixin.py:137} INFO - [2022-12-23T02:11:29.471+0100] {dagbag.py:538} INFO - Filling up the DagBag from /home/momo/.local/lib/python3.8/site-packages/airflow/example_dags/example_branch_python_dop_operator_3.py
[2022-12-23T02:11:29.511+0100] {processor.py:753} INFO - DAG(s) dict_keys(['example_branch_dop_operator_v3']) retrieved from /home/momo/.local/lib/python3.8/site-packages/airflow/example_dags/example_branch_python_dop_operator_3.py
[2022-12-23T02:11:29.547+0100] {logging_mixin.py:137} INFO - [2022-12-23T02:11:29.547+0100] {dag.py:2676} INFO - Sync 1 DAGs
[2022-12-23T02:11:29.613+0100] {logging_mixin.py:137} INFO - [2022-12-23T02:11:29.613+0100] {dag.py:3423} INFO - Setting next_dagrun for example_branch_dop_operator_v3 to 2022-12-23T01:10:00+00:00, run_after=2022-12-23T01:11:00+00:00
[2022-12-23T02:11:29.653+0100] {processor.py:175} INFO - Processing /home/momo/.local/lib/python3.8/site-packages/airflow/example_dags/example_branch_python_dop_operator_3.py took 0.194 seconds
[2022-12-23T02:12:29.787+0100] {processor.py:153} INFO - Started process (PID=6691) to work on /home/momo/.local/lib/python3.8/site-packages/airflow/example_dags/example_branch_python_dop_operator_3.py
[2022-12-23T02:12:29.791+0100] {processor.py:743} INFO - Processing file /home/momo/.local/lib/python3.8/site-packages/airflow/example_dags/example_branch_python_dop_operator_3.py for tasks to queue
[2022-12-23T02:12:29.794+0100] {logging_mixin.py:137} INFO - [2022-12-23T02:12:29.794+0100] {dagbag.py:538} INFO - Filling up the DagBag from /home/momo/.local/lib/python3.8/site-packages/airflow/example_dags/example_branch_python_dop_operator_3.py
[2022-12-23T02:12:29.915+0100] {processor.py:753} INFO - DAG(s) dict_keys(['example_branch_dop_operator_v3']) retrieved from /home/momo/.local/lib/python3.8/site-packages/airflow/example_dags/example_branch_python_dop_operator_3.py
[2022-12-23T02:12:29.953+0100] {logging_mixin.py:137} INFO - [2022-12-23T02:12:29.953+0100] {dag.py:2676} INFO - Sync 1 DAGs
[2022-12-23T02:12:29.988+0100] {logging_mixin.py:137} INFO - [2022-12-23T02:12:29.988+0100] {dag.py:3423} INFO - Setting next_dagrun for example_branch_dop_operator_v3 to 2022-12-23T01:11:00+00:00, run_after=2022-12-23T01:12:00+00:00
[2022-12-23T02:12:30.023+0100] {processor.py:175} INFO - Processing /home/momo/.local/lib/python3.8/site-packages/airflow/example_dags/example_branch_python_dop_operator_3.py took 0.253 seconds
[2022-12-23T02:13:28.859+0100] {processor.py:153} INFO - Started process (PID=6739) to work on /home/momo/.local/lib/python3.8/site-packages/airflow/example_dags/example_branch_python_dop_operator_3.py
[2022-12-23T02:13:28.865+0100] {processor.py:743} INFO - Processing file /home/momo/.local/lib/python3.8/site-packages/airflow/example_dags/example_branch_python_dop_operator_3.py for tasks to queue
[2022-12-23T02:13:28.867+0100] {logging_mixin.py:137} INFO - [2022-12-23T02:13:28.866+0100] {dagbag.py:538} INFO - Filling up the DagBag from /home/momo/.local/lib/python3.8/site-packages/airflow/example_dags/example_branch_python_dop_operator_3.py
[2022-12-23T02:13:28.957+0100] {processor.py:753} INFO - DAG(s) dict_keys(['example_branch_dop_operator_v3']) retrieved from /home/momo/.local/lib/python3.8/site-packages/airflow/example_dags/example_branch_python_dop_operator_3.py
[2022-12-23T02:13:29.020+0100] {logging_mixin.py:137} INFO - [2022-12-23T02:13:29.020+0100] {dag.py:2676} INFO - Sync 1 DAGs
[2022-12-23T02:13:29.064+0100] {logging_mixin.py:137} INFO - [2022-12-23T02:13:29.064+0100] {dag.py:3423} INFO - Setting next_dagrun for example_branch_dop_operator_v3 to 2022-12-23T01:12:00+00:00, run_after=2022-12-23T01:13:00+00:00
[2022-12-23T02:13:29.108+0100] {processor.py:175} INFO - Processing /home/momo/.local/lib/python3.8/site-packages/airflow/example_dags/example_branch_python_dop_operator_3.py took 0.263 seconds
[2022-12-23T02:14:33.528+0100] {processor.py:153} INFO - Started process (PID=6792) to work on /home/momo/.local/lib/python3.8/site-packages/airflow/example_dags/example_branch_python_dop_operator_3.py
[2022-12-23T02:14:33.530+0100] {processor.py:743} INFO - Processing file /home/momo/.local/lib/python3.8/site-packages/airflow/example_dags/example_branch_python_dop_operator_3.py for tasks to queue
[2022-12-23T02:14:33.531+0100] {logging_mixin.py:137} INFO - [2022-12-23T02:14:33.530+0100] {dagbag.py:538} INFO - Filling up the DagBag from /home/momo/.local/lib/python3.8/site-packages/airflow/example_dags/example_branch_python_dop_operator_3.py
[2022-12-23T02:14:33.596+0100] {processor.py:753} INFO - DAG(s) dict_keys(['example_branch_dop_operator_v3']) retrieved from /home/momo/.local/lib/python3.8/site-packages/airflow/example_dags/example_branch_python_dop_operator_3.py
[2022-12-23T02:14:33.676+0100] {logging_mixin.py:137} INFO - [2022-12-23T02:14:33.676+0100] {dag.py:2676} INFO - Sync 1 DAGs
[2022-12-23T02:14:33.813+0100] {logging_mixin.py:137} INFO - [2022-12-23T02:14:33.813+0100] {dag.py:3423} INFO - Setting next_dagrun for example_branch_dop_operator_v3 to 2022-12-23T01:13:00+00:00, run_after=2022-12-23T01:14:00+00:00
[2022-12-23T02:14:33.937+0100] {processor.py:175} INFO - Processing /home/momo/.local/lib/python3.8/site-packages/airflow/example_dags/example_branch_python_dop_operator_3.py took 0.418 seconds
[2022-12-23T02:15:38.866+0100] {processor.py:153} INFO - Started process (PID=6849) to work on /home/momo/.local/lib/python3.8/site-packages/airflow/example_dags/example_branch_python_dop_operator_3.py
[2022-12-23T02:15:38.875+0100] {processor.py:743} INFO - Processing file /home/momo/.local/lib/python3.8/site-packages/airflow/example_dags/example_branch_python_dop_operator_3.py for tasks to queue
[2022-12-23T02:15:38.876+0100] {logging_mixin.py:137} INFO - [2022-12-23T02:15:38.876+0100] {dagbag.py:538} INFO - Filling up the DagBag from /home/momo/.local/lib/python3.8/site-packages/airflow/example_dags/example_branch_python_dop_operator_3.py
[2022-12-23T02:15:38.959+0100] {processor.py:753} INFO - DAG(s) dict_keys(['example_branch_dop_operator_v3']) retrieved from /home/momo/.local/lib/python3.8/site-packages/airflow/example_dags/example_branch_python_dop_operator_3.py
[2022-12-23T02:15:38.996+0100] {logging_mixin.py:137} INFO - [2022-12-23T02:15:38.996+0100] {dag.py:2676} INFO - Sync 1 DAGs
[2022-12-23T02:15:39.032+0100] {logging_mixin.py:137} INFO - [2022-12-23T02:15:39.031+0100] {dag.py:3423} INFO - Setting next_dagrun for example_branch_dop_operator_v3 to 2022-12-23T01:14:00+00:00, run_after=2022-12-23T01:15:00+00:00
[2022-12-23T02:15:39.070+0100] {processor.py:175} INFO - Processing /home/momo/.local/lib/python3.8/site-packages/airflow/example_dags/example_branch_python_dop_operator_3.py took 0.214 seconds
[2022-12-23T02:16:34.932+0100] {processor.py:153} INFO - Started process (PID=6898) to work on /home/momo/.local/lib/python3.8/site-packages/airflow/example_dags/example_branch_python_dop_operator_3.py
[2022-12-23T02:16:34.934+0100] {processor.py:743} INFO - Processing file /home/momo/.local/lib/python3.8/site-packages/airflow/example_dags/example_branch_python_dop_operator_3.py for tasks to queue
[2022-12-23T02:16:34.935+0100] {logging_mixin.py:137} INFO - [2022-12-23T02:16:34.935+0100] {dagbag.py:538} INFO - Filling up the DagBag from /home/momo/.local/lib/python3.8/site-packages/airflow/example_dags/example_branch_python_dop_operator_3.py
[2022-12-23T02:16:34.973+0100] {processor.py:753} INFO - DAG(s) dict_keys(['example_branch_dop_operator_v3']) retrieved from /home/momo/.local/lib/python3.8/site-packages/airflow/example_dags/example_branch_python_dop_operator_3.py
[2022-12-23T02:16:35.009+0100] {logging_mixin.py:137} INFO - [2022-12-23T02:16:35.009+0100] {dag.py:2676} INFO - Sync 1 DAGs
[2022-12-23T02:16:35.046+0100] {logging_mixin.py:137} INFO - [2022-12-23T02:16:35.046+0100] {dag.py:3423} INFO - Setting next_dagrun for example_branch_dop_operator_v3 to 2022-12-23T01:15:00+00:00, run_after=2022-12-23T01:16:00+00:00
[2022-12-23T02:16:35.080+0100] {processor.py:175} INFO - Processing /home/momo/.local/lib/python3.8/site-packages/airflow/example_dags/example_branch_python_dop_operator_3.py took 0.153 seconds
[2022-12-23T02:17:33.314+0100] {processor.py:153} INFO - Started process (PID=6955) to work on /home/momo/.local/lib/python3.8/site-packages/airflow/example_dags/example_branch_python_dop_operator_3.py
[2022-12-23T02:17:33.318+0100] {processor.py:743} INFO - Processing file /home/momo/.local/lib/python3.8/site-packages/airflow/example_dags/example_branch_python_dop_operator_3.py for tasks to queue
[2022-12-23T02:17:33.320+0100] {logging_mixin.py:137} INFO - [2022-12-23T02:17:33.319+0100] {dagbag.py:538} INFO - Filling up the DagBag from /home/momo/.local/lib/python3.8/site-packages/airflow/example_dags/example_branch_python_dop_operator_3.py
[2022-12-23T02:17:33.440+0100] {processor.py:753} INFO - DAG(s) dict_keys(['example_branch_dop_operator_v3']) retrieved from /home/momo/.local/lib/python3.8/site-packages/airflow/example_dags/example_branch_python_dop_operator_3.py
[2022-12-23T02:17:33.523+0100] {logging_mixin.py:137} INFO - [2022-12-23T02:17:33.523+0100] {dag.py:2676} INFO - Sync 1 DAGs
[2022-12-23T02:17:33.600+0100] {logging_mixin.py:137} INFO - [2022-12-23T02:17:33.599+0100] {dag.py:3423} INFO - Setting next_dagrun for example_branch_dop_operator_v3 to 2022-12-23T01:16:00+00:00, run_after=2022-12-23T01:17:00+00:00
[2022-12-23T02:17:33.669+0100] {processor.py:175} INFO - Processing /home/momo/.local/lib/python3.8/site-packages/airflow/example_dags/example_branch_python_dop_operator_3.py took 0.370 seconds
[2022-12-23T02:18:42.283+0100] {processor.py:153} INFO - Started process (PID=7010) to work on /home/momo/.local/lib/python3.8/site-packages/airflow/example_dags/example_branch_python_dop_operator_3.py
[2022-12-23T02:18:42.286+0100] {processor.py:743} INFO - Processing file /home/momo/.local/lib/python3.8/site-packages/airflow/example_dags/example_branch_python_dop_operator_3.py for tasks to queue
[2022-12-23T02:18:42.287+0100] {logging_mixin.py:137} INFO - [2022-12-23T02:18:42.287+0100] {dagbag.py:538} INFO - Filling up the DagBag from /home/momo/.local/lib/python3.8/site-packages/airflow/example_dags/example_branch_python_dop_operator_3.py
[2022-12-23T02:18:42.357+0100] {processor.py:753} INFO - DAG(s) dict_keys(['example_branch_dop_operator_v3']) retrieved from /home/momo/.local/lib/python3.8/site-packages/airflow/example_dags/example_branch_python_dop_operator_3.py
[2022-12-23T02:18:42.424+0100] {logging_mixin.py:137} INFO - [2022-12-23T02:18:42.424+0100] {dag.py:2676} INFO - Sync 1 DAGs
[2022-12-23T02:18:42.479+0100] {logging_mixin.py:137} INFO - [2022-12-23T02:18:42.479+0100] {dag.py:3423} INFO - Setting next_dagrun for example_branch_dop_operator_v3 to 2022-12-23T01:17:00+00:00, run_after=2022-12-23T01:18:00+00:00
[2022-12-23T02:18:42.527+0100] {processor.py:175} INFO - Processing /home/momo/.local/lib/python3.8/site-packages/airflow/example_dags/example_branch_python_dop_operator_3.py took 0.257 seconds
[2022-12-23T02:19:37.581+0100] {processor.py:153} INFO - Started process (PID=7108) to work on /home/momo/.local/lib/python3.8/site-packages/airflow/example_dags/example_branch_python_dop_operator_3.py
[2022-12-23T02:19:37.587+0100] {processor.py:743} INFO - Processing file /home/momo/.local/lib/python3.8/site-packages/airflow/example_dags/example_branch_python_dop_operator_3.py for tasks to queue
[2022-12-23T02:19:37.589+0100] {logging_mixin.py:137} INFO - [2022-12-23T02:19:37.588+0100] {dagbag.py:538} INFO - Filling up the DagBag from /home/momo/.local/lib/python3.8/site-packages/airflow/example_dags/example_branch_python_dop_operator_3.py
[2022-12-23T02:19:37.670+0100] {processor.py:753} INFO - DAG(s) dict_keys(['example_branch_dop_operator_v3']) retrieved from /home/momo/.local/lib/python3.8/site-packages/airflow/example_dags/example_branch_python_dop_operator_3.py
[2022-12-23T02:19:37.719+0100] {logging_mixin.py:137} INFO - [2022-12-23T02:19:37.719+0100] {dag.py:2676} INFO - Sync 1 DAGs
[2022-12-23T02:19:37.755+0100] {logging_mixin.py:137} INFO - [2022-12-23T02:19:37.755+0100] {dag.py:3423} INFO - Setting next_dagrun for example_branch_dop_operator_v3 to 2022-12-23T01:18:00+00:00, run_after=2022-12-23T01:19:00+00:00
[2022-12-23T02:19:37.792+0100] {processor.py:175} INFO - Processing /home/momo/.local/lib/python3.8/site-packages/airflow/example_dags/example_branch_python_dop_operator_3.py took 0.226 seconds
[2022-12-23T02:20:44.329+0100] {processor.py:153} INFO - Started process (PID=7162) to work on /home/momo/.local/lib/python3.8/site-packages/airflow/example_dags/example_branch_python_dop_operator_3.py
[2022-12-23T02:20:44.333+0100] {processor.py:743} INFO - Processing file /home/momo/.local/lib/python3.8/site-packages/airflow/example_dags/example_branch_python_dop_operator_3.py for tasks to queue
[2022-12-23T02:20:44.335+0100] {logging_mixin.py:137} INFO - [2022-12-23T02:20:44.335+0100] {dagbag.py:538} INFO - Filling up the DagBag from /home/momo/.local/lib/python3.8/site-packages/airflow/example_dags/example_branch_python_dop_operator_3.py
[2022-12-23T02:20:44.396+0100] {processor.py:753} INFO - DAG(s) dict_keys(['example_branch_dop_operator_v3']) retrieved from /home/momo/.local/lib/python3.8/site-packages/airflow/example_dags/example_branch_python_dop_operator_3.py
[2022-12-23T02:20:44.429+0100] {logging_mixin.py:137} INFO - [2022-12-23T02:20:44.429+0100] {dag.py:2676} INFO - Sync 1 DAGs
[2022-12-23T02:20:44.462+0100] {logging_mixin.py:137} INFO - [2022-12-23T02:20:44.462+0100] {dag.py:3423} INFO - Setting next_dagrun for example_branch_dop_operator_v3 to 2022-12-23T01:19:00+00:00, run_after=2022-12-23T01:20:00+00:00
[2022-12-23T02:20:44.496+0100] {processor.py:175} INFO - Processing /home/momo/.local/lib/python3.8/site-packages/airflow/example_dags/example_branch_python_dop_operator_3.py took 0.179 seconds
[2022-12-23T02:21:44.140+0100] {processor.py:153} INFO - Started process (PID=7218) to work on /home/momo/.local/lib/python3.8/site-packages/airflow/example_dags/example_branch_python_dop_operator_3.py
[2022-12-23T02:21:44.143+0100] {processor.py:743} INFO - Processing file /home/momo/.local/lib/python3.8/site-packages/airflow/example_dags/example_branch_python_dop_operator_3.py for tasks to queue
[2022-12-23T02:21:44.144+0100] {logging_mixin.py:137} INFO - [2022-12-23T02:21:44.144+0100] {dagbag.py:538} INFO - Filling up the DagBag from /home/momo/.local/lib/python3.8/site-packages/airflow/example_dags/example_branch_python_dop_operator_3.py
[2022-12-23T02:21:44.192+0100] {processor.py:753} INFO - DAG(s) dict_keys(['example_branch_dop_operator_v3']) retrieved from /home/momo/.local/lib/python3.8/site-packages/airflow/example_dags/example_branch_python_dop_operator_3.py
[2022-12-23T02:21:44.236+0100] {logging_mixin.py:137} INFO - [2022-12-23T02:21:44.236+0100] {dag.py:2676} INFO - Sync 1 DAGs
[2022-12-23T02:21:44.275+0100] {logging_mixin.py:137} INFO - [2022-12-23T02:21:44.275+0100] {dag.py:3423} INFO - Setting next_dagrun for example_branch_dop_operator_v3 to 2022-12-23T01:20:00+00:00, run_after=2022-12-23T01:21:00+00:00
[2022-12-23T02:21:44.315+0100] {processor.py:175} INFO - Processing /home/momo/.local/lib/python3.8/site-packages/airflow/example_dags/example_branch_python_dop_operator_3.py took 0.184 seconds
