[2022-12-23T01:00:34.744+0100] {processor.py:153} INFO - Started process (PID=27037) to work on /home/momo/.local/lib/python3.8/site-packages/airflow/example_dags/example_short_circuit_decorator.py
[2022-12-23T01:00:34.749+0100] {processor.py:743} INFO - Processing file /home/momo/.local/lib/python3.8/site-packages/airflow/example_dags/example_short_circuit_decorator.py for tasks to queue
[2022-12-23T01:00:34.753+0100] {logging_mixin.py:137} INFO - [2022-12-23T01:00:34.752+0100] {dagbag.py:538} INFO - Filling up the DagBag from /home/momo/.local/lib/python3.8/site-packages/airflow/example_dags/example_short_circuit_decorator.py
[2022-12-23T01:00:34.842+0100] {processor.py:753} INFO - DAG(s) dict_keys(['example_short_circuit_decorator']) retrieved from /home/momo/.local/lib/python3.8/site-packages/airflow/example_dags/example_short_circuit_decorator.py
[2022-12-23T01:00:34.903+0100] {logging_mixin.py:137} INFO - [2022-12-23T01:00:34.903+0100] {dag.py:2676} INFO - Sync 1 DAGs
[2022-12-23T01:00:34.954+0100] {logging_mixin.py:137} INFO - [2022-12-23T01:00:34.954+0100] {dag.py:3423} INFO - Setting next_dagrun for example_short_circuit_decorator to 2022-12-22T00:00:34.953958+00:00, run_after=2022-12-23T00:00:34.953958+00:00
[2022-12-23T01:00:35.007+0100] {processor.py:175} INFO - Processing /home/momo/.local/lib/python3.8/site-packages/airflow/example_dags/example_short_circuit_decorator.py took 0.279 seconds
[2022-12-23T01:01:23.288+0100] {processor.py:153} INFO - Started process (PID=27072) to work on /home/momo/.local/lib/python3.8/site-packages/airflow/example_dags/example_short_circuit_decorator.py
[2022-12-23T01:01:23.294+0100] {processor.py:743} INFO - Processing file /home/momo/.local/lib/python3.8/site-packages/airflow/example_dags/example_short_circuit_decorator.py for tasks to queue
[2022-12-23T01:01:23.297+0100] {logging_mixin.py:137} INFO - [2022-12-23T01:01:23.297+0100] {dagbag.py:538} INFO - Filling up the DagBag from /home/momo/.local/lib/python3.8/site-packages/airflow/example_dags/example_short_circuit_decorator.py
[2022-12-23T01:01:23.365+0100] {processor.py:753} INFO - DAG(s) dict_keys(['example_short_circuit_decorator']) retrieved from /home/momo/.local/lib/python3.8/site-packages/airflow/example_dags/example_short_circuit_decorator.py
[2022-12-23T01:01:23.455+0100] {logging_mixin.py:137} INFO - [2022-12-23T01:01:23.454+0100] {dag.py:2676} INFO - Sync 1 DAGs
[2022-12-23T01:01:23.506+0100] {logging_mixin.py:137} INFO - [2022-12-23T01:01:23.505+0100] {dag.py:3423} INFO - Setting next_dagrun for example_short_circuit_decorator to 2022-12-22T00:01:23.505307+00:00, run_after=2022-12-23T00:01:23.505307+00:00
[2022-12-23T01:01:23.554+0100] {processor.py:175} INFO - Processing /home/momo/.local/lib/python3.8/site-packages/airflow/example_dags/example_short_circuit_decorator.py took 0.283 seconds
[2022-12-23T01:02:33.642+0100] {processor.py:153} INFO - Started process (PID=27123) to work on /home/momo/.local/lib/python3.8/site-packages/airflow/example_dags/example_short_circuit_decorator.py
[2022-12-23T01:02:33.651+0100] {processor.py:743} INFO - Processing file /home/momo/.local/lib/python3.8/site-packages/airflow/example_dags/example_short_circuit_decorator.py for tasks to queue
[2022-12-23T01:02:33.654+0100] {logging_mixin.py:137} INFO - [2022-12-23T01:02:33.653+0100] {dagbag.py:538} INFO - Filling up the DagBag from /home/momo/.local/lib/python3.8/site-packages/airflow/example_dags/example_short_circuit_decorator.py
[2022-12-23T01:02:33.720+0100] {processor.py:753} INFO - DAG(s) dict_keys(['example_short_circuit_decorator']) retrieved from /home/momo/.local/lib/python3.8/site-packages/airflow/example_dags/example_short_circuit_decorator.py
[2022-12-23T01:02:33.781+0100] {logging_mixin.py:137} INFO - [2022-12-23T01:02:33.781+0100] {dag.py:2676} INFO - Sync 1 DAGs
[2022-12-23T01:02:33.835+0100] {logging_mixin.py:137} INFO - [2022-12-23T01:02:33.834+0100] {dag.py:3423} INFO - Setting next_dagrun for example_short_circuit_decorator to 2022-12-22T00:02:33.834077+00:00, run_after=2022-12-23T00:02:33.834077+00:00
[2022-12-23T01:02:33.888+0100] {processor.py:175} INFO - Processing /home/momo/.local/lib/python3.8/site-packages/airflow/example_dags/example_short_circuit_decorator.py took 0.266 seconds
[2022-12-23T01:03:20.974+0100] {processor.py:153} INFO - Started process (PID=27161) to work on /home/momo/.local/lib/python3.8/site-packages/airflow/example_dags/example_short_circuit_decorator.py
[2022-12-23T01:03:20.979+0100] {processor.py:743} INFO - Processing file /home/momo/.local/lib/python3.8/site-packages/airflow/example_dags/example_short_circuit_decorator.py for tasks to queue
[2022-12-23T01:03:20.982+0100] {logging_mixin.py:137} INFO - [2022-12-23T01:03:20.981+0100] {dagbag.py:538} INFO - Filling up the DagBag from /home/momo/.local/lib/python3.8/site-packages/airflow/example_dags/example_short_circuit_decorator.py
[2022-12-23T01:03:21.128+0100] {processor.py:753} INFO - DAG(s) dict_keys(['example_short_circuit_decorator']) retrieved from /home/momo/.local/lib/python3.8/site-packages/airflow/example_dags/example_short_circuit_decorator.py
[2022-12-23T01:03:21.223+0100] {logging_mixin.py:137} INFO - [2022-12-23T01:03:21.223+0100] {dag.py:2676} INFO - Sync 1 DAGs
[2022-12-23T01:03:21.281+0100] {logging_mixin.py:137} INFO - [2022-12-23T01:03:21.280+0100] {dag.py:3423} INFO - Setting next_dagrun for example_short_circuit_decorator to 2022-12-22T00:03:21.279984+00:00, run_after=2022-12-23T00:03:21.279984+00:00
[2022-12-23T01:03:21.333+0100] {processor.py:175} INFO - Processing /home/momo/.local/lib/python3.8/site-packages/airflow/example_dags/example_short_circuit_decorator.py took 0.375 seconds
[2022-12-23T01:04:31.994+0100] {processor.py:153} INFO - Started process (PID=27210) to work on /home/momo/.local/lib/python3.8/site-packages/airflow/example_dags/example_short_circuit_decorator.py
[2022-12-23T01:04:32.005+0100] {processor.py:743} INFO - Processing file /home/momo/.local/lib/python3.8/site-packages/airflow/example_dags/example_short_circuit_decorator.py for tasks to queue
[2022-12-23T01:04:32.009+0100] {logging_mixin.py:137} INFO - [2022-12-23T01:04:32.008+0100] {dagbag.py:538} INFO - Filling up the DagBag from /home/momo/.local/lib/python3.8/site-packages/airflow/example_dags/example_short_circuit_decorator.py
[2022-12-23T01:04:32.177+0100] {processor.py:753} INFO - DAG(s) dict_keys(['example_short_circuit_decorator']) retrieved from /home/momo/.local/lib/python3.8/site-packages/airflow/example_dags/example_short_circuit_decorator.py
[2022-12-23T01:04:32.266+0100] {logging_mixin.py:137} INFO - [2022-12-23T01:04:32.265+0100] {dag.py:2676} INFO - Sync 1 DAGs
[2022-12-23T01:04:32.610+0100] {logging_mixin.py:137} INFO - [2022-12-23T01:04:32.609+0100] {dag.py:3423} INFO - Setting next_dagrun for example_short_circuit_decorator to 2022-12-22T00:04:32.607466+00:00, run_after=2022-12-23T00:04:32.607466+00:00
[2022-12-23T01:04:32.702+0100] {processor.py:175} INFO - Processing /home/momo/.local/lib/python3.8/site-packages/airflow/example_dags/example_short_circuit_decorator.py took 0.724 seconds
[2022-12-23T01:05:28.575+0100] {processor.py:153} INFO - Started process (PID=27246) to work on /home/momo/.local/lib/python3.8/site-packages/airflow/example_dags/example_short_circuit_decorator.py
[2022-12-23T01:05:28.580+0100] {processor.py:743} INFO - Processing file /home/momo/.local/lib/python3.8/site-packages/airflow/example_dags/example_short_circuit_decorator.py for tasks to queue
[2022-12-23T01:05:28.584+0100] {logging_mixin.py:137} INFO - [2022-12-23T01:05:28.583+0100] {dagbag.py:538} INFO - Filling up the DagBag from /home/momo/.local/lib/python3.8/site-packages/airflow/example_dags/example_short_circuit_decorator.py
[2022-12-23T01:05:28.722+0100] {processor.py:753} INFO - DAG(s) dict_keys(['example_short_circuit_decorator']) retrieved from /home/momo/.local/lib/python3.8/site-packages/airflow/example_dags/example_short_circuit_decorator.py
[2022-12-23T01:05:28.814+0100] {logging_mixin.py:137} INFO - [2022-12-23T01:05:28.814+0100] {dag.py:2676} INFO - Sync 1 DAGs
[2022-12-23T01:05:28.878+0100] {logging_mixin.py:137} INFO - [2022-12-23T01:05:28.878+0100] {dag.py:3423} INFO - Setting next_dagrun for example_short_circuit_decorator to 2022-12-22T00:05:28.877871+00:00, run_after=2022-12-23T00:05:28.877871+00:00
[2022-12-23T01:05:28.941+0100] {processor.py:175} INFO - Processing /home/momo/.local/lib/python3.8/site-packages/airflow/example_dags/example_short_circuit_decorator.py took 0.385 seconds
[2022-12-23T01:06:21.120+0100] {processor.py:153} INFO - Started process (PID=27283) to work on /home/momo/.local/lib/python3.8/site-packages/airflow/example_dags/example_short_circuit_decorator.py
[2022-12-23T01:06:21.126+0100] {processor.py:743} INFO - Processing file /home/momo/.local/lib/python3.8/site-packages/airflow/example_dags/example_short_circuit_decorator.py for tasks to queue
[2022-12-23T01:06:21.130+0100] {logging_mixin.py:137} INFO - [2022-12-23T01:06:21.129+0100] {dagbag.py:538} INFO - Filling up the DagBag from /home/momo/.local/lib/python3.8/site-packages/airflow/example_dags/example_short_circuit_decorator.py
[2022-12-23T01:06:21.267+0100] {processor.py:753} INFO - DAG(s) dict_keys(['example_short_circuit_decorator']) retrieved from /home/momo/.local/lib/python3.8/site-packages/airflow/example_dags/example_short_circuit_decorator.py
[2022-12-23T01:06:21.330+0100] {logging_mixin.py:137} INFO - [2022-12-23T01:06:21.330+0100] {dag.py:2676} INFO - Sync 1 DAGs
[2022-12-23T01:06:21.381+0100] {logging_mixin.py:137} INFO - [2022-12-23T01:06:21.381+0100] {dag.py:3423} INFO - Setting next_dagrun for example_short_circuit_decorator to 2022-12-22T00:06:21.380460+00:00, run_after=2022-12-23T00:06:21.380460+00:00
[2022-12-23T01:06:21.435+0100] {processor.py:175} INFO - Processing /home/momo/.local/lib/python3.8/site-packages/airflow/example_dags/example_short_circuit_decorator.py took 0.334 seconds
[2022-12-23T01:07:31.371+0100] {processor.py:153} INFO - Started process (PID=27334) to work on /home/momo/.local/lib/python3.8/site-packages/airflow/example_dags/example_short_circuit_decorator.py
[2022-12-23T01:07:31.380+0100] {processor.py:743} INFO - Processing file /home/momo/.local/lib/python3.8/site-packages/airflow/example_dags/example_short_circuit_decorator.py for tasks to queue
[2022-12-23T01:07:31.386+0100] {logging_mixin.py:137} INFO - [2022-12-23T01:07:31.385+0100] {dagbag.py:538} INFO - Filling up the DagBag from /home/momo/.local/lib/python3.8/site-packages/airflow/example_dags/example_short_circuit_decorator.py
[2022-12-23T01:07:31.546+0100] {processor.py:753} INFO - DAG(s) dict_keys(['example_short_circuit_decorator']) retrieved from /home/momo/.local/lib/python3.8/site-packages/airflow/example_dags/example_short_circuit_decorator.py
[2022-12-23T01:07:31.642+0100] {logging_mixin.py:137} INFO - [2022-12-23T01:07:31.641+0100] {dag.py:2676} INFO - Sync 1 DAGs
[2022-12-23T01:07:31.763+0100] {logging_mixin.py:137} INFO - [2022-12-23T01:07:31.763+0100] {dag.py:3423} INFO - Setting next_dagrun for example_short_circuit_decorator to 2022-12-22T00:07:31.762350+00:00, run_after=2022-12-23T00:07:31.762350+00:00
[2022-12-23T01:07:31.818+0100] {processor.py:175} INFO - Processing /home/momo/.local/lib/python3.8/site-packages/airflow/example_dags/example_short_circuit_decorator.py took 0.472 seconds
[2022-12-23T01:08:37.843+0100] {processor.py:153} INFO - Started process (PID=27389) to work on /home/momo/.local/lib/python3.8/site-packages/airflow/example_dags/example_short_circuit_decorator.py
[2022-12-23T01:08:37.846+0100] {processor.py:743} INFO - Processing file /home/momo/.local/lib/python3.8/site-packages/airflow/example_dags/example_short_circuit_decorator.py for tasks to queue
[2022-12-23T01:08:37.848+0100] {logging_mixin.py:137} INFO - [2022-12-23T01:08:37.847+0100] {dagbag.py:538} INFO - Filling up the DagBag from /home/momo/.local/lib/python3.8/site-packages/airflow/example_dags/example_short_circuit_decorator.py
[2022-12-23T01:08:37.910+0100] {processor.py:753} INFO - DAG(s) dict_keys(['example_short_circuit_decorator']) retrieved from /home/momo/.local/lib/python3.8/site-packages/airflow/example_dags/example_short_circuit_decorator.py
[2022-12-23T01:08:37.970+0100] {logging_mixin.py:137} INFO - [2022-12-23T01:08:37.969+0100] {dag.py:2676} INFO - Sync 1 DAGs
[2022-12-23T01:08:38.018+0100] {logging_mixin.py:137} INFO - [2022-12-23T01:08:38.018+0100] {dag.py:3423} INFO - Setting next_dagrun for example_short_circuit_decorator to 2022-12-22T00:08:38.017544+00:00, run_after=2022-12-23T00:08:38.017544+00:00
[2022-12-23T01:08:38.069+0100] {processor.py:175} INFO - Processing /home/momo/.local/lib/python3.8/site-packages/airflow/example_dags/example_short_circuit_decorator.py took 0.237 seconds
[2022-12-23T01:09:32.643+0100] {processor.py:153} INFO - Started process (PID=27425) to work on /home/momo/.local/lib/python3.8/site-packages/airflow/example_dags/example_short_circuit_decorator.py
[2022-12-23T01:09:32.650+0100] {processor.py:743} INFO - Processing file /home/momo/.local/lib/python3.8/site-packages/airflow/example_dags/example_short_circuit_decorator.py for tasks to queue
[2022-12-23T01:09:32.657+0100] {logging_mixin.py:137} INFO - [2022-12-23T01:09:32.656+0100] {dagbag.py:538} INFO - Filling up the DagBag from /home/momo/.local/lib/python3.8/site-packages/airflow/example_dags/example_short_circuit_decorator.py
[2022-12-23T01:09:32.729+0100] {processor.py:753} INFO - DAG(s) dict_keys(['example_short_circuit_decorator']) retrieved from /home/momo/.local/lib/python3.8/site-packages/airflow/example_dags/example_short_circuit_decorator.py
[2022-12-23T01:09:32.792+0100] {logging_mixin.py:137} INFO - [2022-12-23T01:09:32.792+0100] {dag.py:2676} INFO - Sync 1 DAGs
[2022-12-23T01:09:32.846+0100] {logging_mixin.py:137} INFO - [2022-12-23T01:09:32.845+0100] {dag.py:3423} INFO - Setting next_dagrun for example_short_circuit_decorator to 2022-12-22T00:09:32.845008+00:00, run_after=2022-12-23T00:09:32.845008+00:00
[2022-12-23T01:09:33.165+0100] {processor.py:175} INFO - Processing /home/momo/.local/lib/python3.8/site-packages/airflow/example_dags/example_short_circuit_decorator.py took 0.548 seconds
[2022-12-23T01:10:37.508+0100] {processor.py:153} INFO - Started process (PID=27465) to work on /home/momo/.local/lib/python3.8/site-packages/airflow/example_dags/example_short_circuit_decorator.py
[2022-12-23T01:10:37.519+0100] {processor.py:743} INFO - Processing file /home/momo/.local/lib/python3.8/site-packages/airflow/example_dags/example_short_circuit_decorator.py for tasks to queue
[2022-12-23T01:10:37.525+0100] {logging_mixin.py:137} INFO - [2022-12-23T01:10:37.524+0100] {dagbag.py:538} INFO - Filling up the DagBag from /home/momo/.local/lib/python3.8/site-packages/airflow/example_dags/example_short_circuit_decorator.py
[2022-12-23T01:10:37.641+0100] {processor.py:753} INFO - DAG(s) dict_keys(['example_short_circuit_decorator']) retrieved from /home/momo/.local/lib/python3.8/site-packages/airflow/example_dags/example_short_circuit_decorator.py
[2022-12-23T01:10:37.702+0100] {logging_mixin.py:137} INFO - [2022-12-23T01:10:37.701+0100] {dag.py:2676} INFO - Sync 1 DAGs
[2022-12-23T01:10:38.088+0100] {logging_mixin.py:137} INFO - [2022-12-23T01:10:38.087+0100] {dag.py:3423} INFO - Setting next_dagrun for example_short_circuit_decorator to 2022-12-22T00:10:38.087248+00:00, run_after=2022-12-23T00:10:38.087248+00:00
[2022-12-23T01:10:38.131+0100] {processor.py:175} INFO - Processing /home/momo/.local/lib/python3.8/site-packages/airflow/example_dags/example_short_circuit_decorator.py took 0.640 seconds
[2022-12-23T01:11:31.341+0100] {processor.py:153} INFO - Started process (PID=27503) to work on /home/momo/.local/lib/python3.8/site-packages/airflow/example_dags/example_short_circuit_decorator.py
[2022-12-23T01:11:31.346+0100] {processor.py:743} INFO - Processing file /home/momo/.local/lib/python3.8/site-packages/airflow/example_dags/example_short_circuit_decorator.py for tasks to queue
[2022-12-23T01:11:31.349+0100] {logging_mixin.py:137} INFO - [2022-12-23T01:11:31.349+0100] {dagbag.py:538} INFO - Filling up the DagBag from /home/momo/.local/lib/python3.8/site-packages/airflow/example_dags/example_short_circuit_decorator.py
[2022-12-23T01:11:31.477+0100] {processor.py:753} INFO - DAG(s) dict_keys(['example_short_circuit_decorator']) retrieved from /home/momo/.local/lib/python3.8/site-packages/airflow/example_dags/example_short_circuit_decorator.py
[2022-12-23T01:11:31.550+0100] {logging_mixin.py:137} INFO - [2022-12-23T01:11:31.549+0100] {dag.py:2676} INFO - Sync 1 DAGs
[2022-12-23T01:11:31.598+0100] {logging_mixin.py:137} INFO - [2022-12-23T01:11:31.598+0100] {dag.py:3423} INFO - Setting next_dagrun for example_short_circuit_decorator to 2022-12-22T00:11:31.597563+00:00, run_after=2022-12-23T00:11:31.597563+00:00
[2022-12-23T01:11:31.652+0100] {processor.py:175} INFO - Processing /home/momo/.local/lib/python3.8/site-packages/airflow/example_dags/example_short_circuit_decorator.py took 0.328 seconds
[2022-12-23T01:12:40.331+0100] {processor.py:153} INFO - Started process (PID=27555) to work on /home/momo/.local/lib/python3.8/site-packages/airflow/example_dags/example_short_circuit_decorator.py
[2022-12-23T01:12:40.336+0100] {processor.py:743} INFO - Processing file /home/momo/.local/lib/python3.8/site-packages/airflow/example_dags/example_short_circuit_decorator.py for tasks to queue
[2022-12-23T01:12:40.339+0100] {logging_mixin.py:137} INFO - [2022-12-23T01:12:40.339+0100] {dagbag.py:538} INFO - Filling up the DagBag from /home/momo/.local/lib/python3.8/site-packages/airflow/example_dags/example_short_circuit_decorator.py
[2022-12-23T01:12:40.453+0100] {processor.py:753} INFO - DAG(s) dict_keys(['example_short_circuit_decorator']) retrieved from /home/momo/.local/lib/python3.8/site-packages/airflow/example_dags/example_short_circuit_decorator.py
[2022-12-23T01:12:40.522+0100] {logging_mixin.py:137} INFO - [2022-12-23T01:12:40.522+0100] {dag.py:2676} INFO - Sync 1 DAGs
[2022-12-23T01:12:40.572+0100] {logging_mixin.py:137} INFO - [2022-12-23T01:12:40.572+0100] {dag.py:3423} INFO - Setting next_dagrun for example_short_circuit_decorator to 2022-12-22T00:12:40.571584+00:00, run_after=2022-12-23T00:12:40.571584+00:00
[2022-12-23T01:12:40.626+0100] {processor.py:175} INFO - Processing /home/momo/.local/lib/python3.8/site-packages/airflow/example_dags/example_short_circuit_decorator.py took 0.312 seconds
[2022-12-23T01:13:47.083+0100] {processor.py:153} INFO - Started process (PID=27606) to work on /home/momo/.local/lib/python3.8/site-packages/airflow/example_dags/example_short_circuit_decorator.py
[2022-12-23T01:13:47.087+0100] {processor.py:743} INFO - Processing file /home/momo/.local/lib/python3.8/site-packages/airflow/example_dags/example_short_circuit_decorator.py for tasks to queue
[2022-12-23T01:13:47.090+0100] {logging_mixin.py:137} INFO - [2022-12-23T01:13:47.090+0100] {dagbag.py:538} INFO - Filling up the DagBag from /home/momo/.local/lib/python3.8/site-packages/airflow/example_dags/example_short_circuit_decorator.py
[2022-12-23T01:13:47.212+0100] {processor.py:753} INFO - DAG(s) dict_keys(['example_short_circuit_decorator']) retrieved from /home/momo/.local/lib/python3.8/site-packages/airflow/example_dags/example_short_circuit_decorator.py
[2022-12-23T01:13:47.337+0100] {logging_mixin.py:137} INFO - [2022-12-23T01:13:47.335+0100] {dag.py:2676} INFO - Sync 1 DAGs
[2022-12-23T01:13:47.432+0100] {logging_mixin.py:137} INFO - [2022-12-23T01:13:47.432+0100] {dag.py:3423} INFO - Setting next_dagrun for example_short_circuit_decorator to 2022-12-22T00:13:47.430913+00:00, run_after=2022-12-23T00:13:47.430913+00:00
[2022-12-23T01:13:47.532+0100] {processor.py:175} INFO - Processing /home/momo/.local/lib/python3.8/site-packages/airflow/example_dags/example_short_circuit_decorator.py took 0.463 seconds
[2022-12-23T01:15:01.955+0100] {processor.py:153} INFO - Started process (PID=27657) to work on /home/momo/.local/lib/python3.8/site-packages/airflow/example_dags/example_short_circuit_decorator.py
[2022-12-23T01:15:01.966+0100] {processor.py:743} INFO - Processing file /home/momo/.local/lib/python3.8/site-packages/airflow/example_dags/example_short_circuit_decorator.py for tasks to queue
[2022-12-23T01:15:01.972+0100] {logging_mixin.py:137} INFO - [2022-12-23T01:15:01.971+0100] {dagbag.py:538} INFO - Filling up the DagBag from /home/momo/.local/lib/python3.8/site-packages/airflow/example_dags/example_short_circuit_decorator.py
[2022-12-23T01:15:02.047+0100] {processor.py:753} INFO - DAG(s) dict_keys(['example_short_circuit_decorator']) retrieved from /home/momo/.local/lib/python3.8/site-packages/airflow/example_dags/example_short_circuit_decorator.py
[2022-12-23T01:15:02.107+0100] {logging_mixin.py:137} INFO - [2022-12-23T01:15:02.106+0100] {dag.py:2676} INFO - Sync 1 DAGs
[2022-12-23T01:15:02.162+0100] {logging_mixin.py:137} INFO - [2022-12-23T01:15:02.161+0100] {dag.py:3423} INFO - Setting next_dagrun for example_short_circuit_decorator to 2022-12-22T00:15:02.160753+00:00, run_after=2022-12-23T00:15:02.160753+00:00
[2022-12-23T01:15:02.488+0100] {processor.py:175} INFO - Processing /home/momo/.local/lib/python3.8/site-packages/airflow/example_dags/example_short_circuit_decorator.py took 0.565 seconds
[2022-12-23T01:15:58.966+0100] {processor.py:153} INFO - Started process (PID=27693) to work on /home/momo/.local/lib/python3.8/site-packages/airflow/example_dags/example_short_circuit_decorator.py
[2022-12-23T01:15:58.971+0100] {processor.py:743} INFO - Processing file /home/momo/.local/lib/python3.8/site-packages/airflow/example_dags/example_short_circuit_decorator.py for tasks to queue
[2022-12-23T01:15:58.975+0100] {logging_mixin.py:137} INFO - [2022-12-23T01:15:58.974+0100] {dagbag.py:538} INFO - Filling up the DagBag from /home/momo/.local/lib/python3.8/site-packages/airflow/example_dags/example_short_circuit_decorator.py
[2022-12-23T01:15:59.189+0100] {processor.py:753} INFO - DAG(s) dict_keys(['example_short_circuit_decorator']) retrieved from /home/momo/.local/lib/python3.8/site-packages/airflow/example_dags/example_short_circuit_decorator.py
[2022-12-23T01:15:59.266+0100] {logging_mixin.py:137} INFO - [2022-12-23T01:15:59.266+0100] {dag.py:2676} INFO - Sync 1 DAGs
[2022-12-23T01:15:59.671+0100] {logging_mixin.py:137} INFO - [2022-12-23T01:15:59.671+0100] {dag.py:3423} INFO - Setting next_dagrun for example_short_circuit_decorator to 2022-12-22T00:15:59.671040+00:00, run_after=2022-12-23T00:15:59.671040+00:00
[2022-12-23T01:15:59.731+0100] {processor.py:175} INFO - Processing /home/momo/.local/lib/python3.8/site-packages/airflow/example_dags/example_short_circuit_decorator.py took 0.780 seconds
[2022-12-23T01:16:57.874+0100] {processor.py:153} INFO - Started process (PID=27733) to work on /home/momo/.local/lib/python3.8/site-packages/airflow/example_dags/example_short_circuit_decorator.py
[2022-12-23T01:16:57.889+0100] {processor.py:743} INFO - Processing file /home/momo/.local/lib/python3.8/site-packages/airflow/example_dags/example_short_circuit_decorator.py for tasks to queue
[2022-12-23T01:16:57.896+0100] {logging_mixin.py:137} INFO - [2022-12-23T01:16:57.891+0100] {dagbag.py:538} INFO - Filling up the DagBag from /home/momo/.local/lib/python3.8/site-packages/airflow/example_dags/example_short_circuit_decorator.py
[2022-12-23T01:16:58.036+0100] {processor.py:753} INFO - DAG(s) dict_keys(['example_short_circuit_decorator']) retrieved from /home/momo/.local/lib/python3.8/site-packages/airflow/example_dags/example_short_circuit_decorator.py
[2022-12-23T01:16:58.122+0100] {logging_mixin.py:137} INFO - [2022-12-23T01:16:58.122+0100] {dag.py:2676} INFO - Sync 1 DAGs
[2022-12-23T01:16:58.177+0100] {logging_mixin.py:137} INFO - [2022-12-23T01:16:58.177+0100] {dag.py:3423} INFO - Setting next_dagrun for example_short_circuit_decorator to 2022-12-22T00:16:58.176368+00:00, run_after=2022-12-23T00:16:58.176368+00:00
[2022-12-23T01:16:58.225+0100] {processor.py:175} INFO - Processing /home/momo/.local/lib/python3.8/site-packages/airflow/example_dags/example_short_circuit_decorator.py took 0.377 seconds
[2022-12-23T01:17:45.372+0100] {processor.py:153} INFO - Started process (PID=27874) to work on /home/momo/.local/lib/python3.8/site-packages/airflow/example_dags/example_short_circuit_decorator.py
[2022-12-23T01:17:45.378+0100] {processor.py:743} INFO - Processing file /home/momo/.local/lib/python3.8/site-packages/airflow/example_dags/example_short_circuit_decorator.py for tasks to queue
[2022-12-23T01:17:45.383+0100] {logging_mixin.py:137} INFO - [2022-12-23T01:17:45.382+0100] {dagbag.py:538} INFO - Filling up the DagBag from /home/momo/.local/lib/python3.8/site-packages/airflow/example_dags/example_short_circuit_decorator.py
[2022-12-23T01:17:45.478+0100] {processor.py:753} INFO - DAG(s) dict_keys(['example_short_circuit_decorator']) retrieved from /home/momo/.local/lib/python3.8/site-packages/airflow/example_dags/example_short_circuit_decorator.py
[2022-12-23T01:17:45.563+0100] {logging_mixin.py:137} INFO - [2022-12-23T01:17:45.563+0100] {dag.py:2676} INFO - Sync 1 DAGs
[2022-12-23T01:17:45.626+0100] {logging_mixin.py:137} INFO - [2022-12-23T01:17:45.626+0100] {dag.py:3423} INFO - Setting next_dagrun for example_short_circuit_decorator to 2022-12-22T00:17:45.625884+00:00, run_after=2022-12-23T00:17:45.625884+00:00
[2022-12-23T01:17:45.691+0100] {processor.py:175} INFO - Processing /home/momo/.local/lib/python3.8/site-packages/airflow/example_dags/example_short_circuit_decorator.py took 0.329 seconds
[2022-12-23T01:18:52.647+0100] {processor.py:153} INFO - Started process (PID=27940) to work on /home/momo/.local/lib/python3.8/site-packages/airflow/example_dags/example_short_circuit_decorator.py
[2022-12-23T01:18:52.653+0100] {processor.py:743} INFO - Processing file /home/momo/.local/lib/python3.8/site-packages/airflow/example_dags/example_short_circuit_decorator.py for tasks to queue
[2022-12-23T01:18:52.654+0100] {logging_mixin.py:137} INFO - [2022-12-23T01:18:52.654+0100] {dagbag.py:538} INFO - Filling up the DagBag from /home/momo/.local/lib/python3.8/site-packages/airflow/example_dags/example_short_circuit_decorator.py
[2022-12-23T01:18:52.722+0100] {processor.py:753} INFO - DAG(s) dict_keys(['example_short_circuit_decorator']) retrieved from /home/momo/.local/lib/python3.8/site-packages/airflow/example_dags/example_short_circuit_decorator.py
[2022-12-23T01:18:52.780+0100] {logging_mixin.py:137} INFO - [2022-12-23T01:18:52.780+0100] {dag.py:2676} INFO - Sync 1 DAGs
[2022-12-23T01:18:52.822+0100] {logging_mixin.py:137} INFO - [2022-12-23T01:18:52.822+0100] {dag.py:3423} INFO - Setting next_dagrun for example_short_circuit_decorator to 2022-12-22T00:18:52.821661+00:00, run_after=2022-12-23T00:18:52.821661+00:00
[2022-12-23T01:18:52.876+0100] {processor.py:175} INFO - Processing /home/momo/.local/lib/python3.8/site-packages/airflow/example_dags/example_short_circuit_decorator.py took 0.239 seconds
[2022-12-23T01:19:39.756+0100] {processor.py:153} INFO - Started process (PID=27990) to work on /home/momo/.local/lib/python3.8/site-packages/airflow/example_dags/example_short_circuit_decorator.py
[2022-12-23T01:19:39.761+0100] {processor.py:743} INFO - Processing file /home/momo/.local/lib/python3.8/site-packages/airflow/example_dags/example_short_circuit_decorator.py for tasks to queue
[2022-12-23T01:19:39.763+0100] {logging_mixin.py:137} INFO - [2022-12-23T01:19:39.762+0100] {dagbag.py:538} INFO - Filling up the DagBag from /home/momo/.local/lib/python3.8/site-packages/airflow/example_dags/example_short_circuit_decorator.py
[2022-12-23T01:19:39.840+0100] {processor.py:753} INFO - DAG(s) dict_keys(['example_short_circuit_decorator']) retrieved from /home/momo/.local/lib/python3.8/site-packages/airflow/example_dags/example_short_circuit_decorator.py
[2022-12-23T01:19:39.917+0100] {logging_mixin.py:137} INFO - [2022-12-23T01:19:39.917+0100] {dag.py:2676} INFO - Sync 1 DAGs
[2022-12-23T01:19:39.978+0100] {logging_mixin.py:137} INFO - [2022-12-23T01:19:39.978+0100] {dag.py:3423} INFO - Setting next_dagrun for example_short_circuit_decorator to 2022-12-22T00:19:39.978027+00:00, run_after=2022-12-23T00:19:39.978027+00:00
[2022-12-23T01:19:40.099+0100] {processor.py:175} INFO - Processing /home/momo/.local/lib/python3.8/site-packages/airflow/example_dags/example_short_circuit_decorator.py took 0.355 seconds
[2022-12-23T01:20:59.139+0100] {processor.py:153} INFO - Started process (PID=28132) to work on /home/momo/.local/lib/python3.8/site-packages/airflow/example_dags/example_short_circuit_decorator.py
[2022-12-23T01:20:59.147+0100] {processor.py:743} INFO - Processing file /home/momo/.local/lib/python3.8/site-packages/airflow/example_dags/example_short_circuit_decorator.py for tasks to queue
[2022-12-23T01:20:59.148+0100] {logging_mixin.py:137} INFO - [2022-12-23T01:20:59.148+0100] {dagbag.py:538} INFO - Filling up the DagBag from /home/momo/.local/lib/python3.8/site-packages/airflow/example_dags/example_short_circuit_decorator.py
[2022-12-23T01:20:59.234+0100] {processor.py:753} INFO - DAG(s) dict_keys(['example_short_circuit_decorator']) retrieved from /home/momo/.local/lib/python3.8/site-packages/airflow/example_dags/example_short_circuit_decorator.py
[2022-12-23T01:20:59.346+0100] {logging_mixin.py:137} INFO - [2022-12-23T01:20:59.346+0100] {dag.py:2676} INFO - Sync 1 DAGs
[2022-12-23T01:20:59.589+0100] {logging_mixin.py:137} INFO - [2022-12-23T01:20:59.588+0100] {dag.py:3423} INFO - Setting next_dagrun for example_short_circuit_decorator to 2022-12-22T00:20:59.588360+00:00, run_after=2022-12-23T00:20:59.588360+00:00
[2022-12-23T01:20:59.636+0100] {processor.py:175} INFO - Processing /home/momo/.local/lib/python3.8/site-packages/airflow/example_dags/example_short_circuit_decorator.py took 0.510 seconds
[2022-12-23T01:21:58.303+0100] {processor.py:153} INFO - Started process (PID=28185) to work on /home/momo/.local/lib/python3.8/site-packages/airflow/example_dags/example_short_circuit_decorator.py
[2022-12-23T01:21:58.311+0100] {processor.py:743} INFO - Processing file /home/momo/.local/lib/python3.8/site-packages/airflow/example_dags/example_short_circuit_decorator.py for tasks to queue
[2022-12-23T01:21:58.314+0100] {logging_mixin.py:137} INFO - [2022-12-23T01:21:58.314+0100] {dagbag.py:538} INFO - Filling up the DagBag from /home/momo/.local/lib/python3.8/site-packages/airflow/example_dags/example_short_circuit_decorator.py
[2022-12-23T01:21:58.426+0100] {processor.py:753} INFO - DAG(s) dict_keys(['example_short_circuit_decorator']) retrieved from /home/momo/.local/lib/python3.8/site-packages/airflow/example_dags/example_short_circuit_decorator.py
[2022-12-23T01:21:58.531+0100] {logging_mixin.py:137} INFO - [2022-12-23T01:21:58.531+0100] {dag.py:2676} INFO - Sync 1 DAGs
[2022-12-23T01:21:58.621+0100] {logging_mixin.py:137} INFO - [2022-12-23T01:21:58.620+0100] {dag.py:3423} INFO - Setting next_dagrun for example_short_circuit_decorator to 2022-12-22T00:21:58.617917+00:00, run_after=2022-12-23T00:21:58.617917+00:00
[2022-12-23T01:21:58.711+0100] {processor.py:175} INFO - Processing /home/momo/.local/lib/python3.8/site-packages/airflow/example_dags/example_short_circuit_decorator.py took 0.419 seconds
[2022-12-23T01:22:47.153+0100] {processor.py:153} INFO - Started process (PID=28227) to work on /home/momo/.local/lib/python3.8/site-packages/airflow/example_dags/example_short_circuit_decorator.py
[2022-12-23T01:22:47.161+0100] {processor.py:743} INFO - Processing file /home/momo/.local/lib/python3.8/site-packages/airflow/example_dags/example_short_circuit_decorator.py for tasks to queue
[2022-12-23T01:22:47.163+0100] {logging_mixin.py:137} INFO - [2022-12-23T01:22:47.162+0100] {dagbag.py:538} INFO - Filling up the DagBag from /home/momo/.local/lib/python3.8/site-packages/airflow/example_dags/example_short_circuit_decorator.py
[2022-12-23T01:22:47.243+0100] {processor.py:753} INFO - DAG(s) dict_keys(['example_short_circuit_decorator']) retrieved from /home/momo/.local/lib/python3.8/site-packages/airflow/example_dags/example_short_circuit_decorator.py
[2022-12-23T01:22:47.316+0100] {logging_mixin.py:137} INFO - [2022-12-23T01:22:47.315+0100] {dag.py:2676} INFO - Sync 1 DAGs
[2022-12-23T01:22:47.394+0100] {logging_mixin.py:137} INFO - [2022-12-23T01:22:47.394+0100] {dag.py:3423} INFO - Setting next_dagrun for example_short_circuit_decorator to 2022-12-22T00:22:47.393736+00:00, run_after=2022-12-23T00:22:47.393736+00:00
[2022-12-23T01:22:47.466+0100] {processor.py:175} INFO - Processing /home/momo/.local/lib/python3.8/site-packages/airflow/example_dags/example_short_circuit_decorator.py took 0.326 seconds
[2022-12-23T01:23:39.725+0100] {processor.py:153} INFO - Started process (PID=28328) to work on /home/momo/.local/lib/python3.8/site-packages/airflow/example_dags/example_short_circuit_decorator.py
[2022-12-23T01:23:39.732+0100] {processor.py:743} INFO - Processing file /home/momo/.local/lib/python3.8/site-packages/airflow/example_dags/example_short_circuit_decorator.py for tasks to queue
[2022-12-23T01:23:39.733+0100] {logging_mixin.py:137} INFO - [2022-12-23T01:23:39.733+0100] {dagbag.py:538} INFO - Filling up the DagBag from /home/momo/.local/lib/python3.8/site-packages/airflow/example_dags/example_short_circuit_decorator.py
[2022-12-23T01:23:39.857+0100] {processor.py:753} INFO - DAG(s) dict_keys(['example_short_circuit_decorator']) retrieved from /home/momo/.local/lib/python3.8/site-packages/airflow/example_dags/example_short_circuit_decorator.py
[2022-12-23T01:23:39.944+0100] {logging_mixin.py:137} INFO - [2022-12-23T01:23:39.944+0100] {dag.py:2676} INFO - Sync 1 DAGs
[2022-12-23T01:23:40.011+0100] {logging_mixin.py:137} INFO - [2022-12-23T01:23:40.011+0100] {dag.py:3423} INFO - Setting next_dagrun for example_short_circuit_decorator to 2022-12-22T00:23:40.003465+00:00, run_after=2022-12-23T00:23:40.003465+00:00
[2022-12-23T01:23:40.075+0100] {processor.py:175} INFO - Processing /home/momo/.local/lib/python3.8/site-packages/airflow/example_dags/example_short_circuit_decorator.py took 0.365 seconds
[2022-12-23T01:43:53.410+0100] {processor.py:153} INFO - Started process (PID=5158) to work on /home/momo/.local/lib/python3.8/site-packages/airflow/example_dags/example_short_circuit_decorator.py
[2022-12-23T01:43:53.424+0100] {processor.py:743} INFO - Processing file /home/momo/.local/lib/python3.8/site-packages/airflow/example_dags/example_short_circuit_decorator.py for tasks to queue
[2022-12-23T01:43:53.425+0100] {logging_mixin.py:137} INFO - [2022-12-23T01:43:53.425+0100] {dagbag.py:538} INFO - Filling up the DagBag from /home/momo/.local/lib/python3.8/site-packages/airflow/example_dags/example_short_circuit_decorator.py
[2022-12-23T01:43:53.577+0100] {processor.py:753} INFO - DAG(s) dict_keys(['example_short_circuit_decorator']) retrieved from /home/momo/.local/lib/python3.8/site-packages/airflow/example_dags/example_short_circuit_decorator.py
[2022-12-23T01:43:53.657+0100] {logging_mixin.py:137} INFO - [2022-12-23T01:43:53.656+0100] {dag.py:2676} INFO - Sync 1 DAGs
[2022-12-23T01:43:53.718+0100] {logging_mixin.py:137} INFO - [2022-12-23T01:43:53.718+0100] {dag.py:3423} INFO - Setting next_dagrun for example_short_circuit_decorator to 2022-12-22T00:43:53.717687+00:00, run_after=2022-12-23T00:43:53.717687+00:00
[2022-12-23T01:43:53.780+0100] {processor.py:175} INFO - Processing /home/momo/.local/lib/python3.8/site-packages/airflow/example_dags/example_short_circuit_decorator.py took 0.374 seconds
[2022-12-23T01:44:41.793+0100] {processor.py:153} INFO - Started process (PID=5208) to work on /home/momo/.local/lib/python3.8/site-packages/airflow/example_dags/example_short_circuit_decorator.py
[2022-12-23T01:44:41.801+0100] {processor.py:743} INFO - Processing file /home/momo/.local/lib/python3.8/site-packages/airflow/example_dags/example_short_circuit_decorator.py for tasks to queue
[2022-12-23T01:44:41.806+0100] {logging_mixin.py:137} INFO - [2022-12-23T01:44:41.802+0100] {dagbag.py:538} INFO - Filling up the DagBag from /home/momo/.local/lib/python3.8/site-packages/airflow/example_dags/example_short_circuit_decorator.py
[2022-12-23T01:44:41.857+0100] {processor.py:753} INFO - DAG(s) dict_keys(['example_short_circuit_decorator']) retrieved from /home/momo/.local/lib/python3.8/site-packages/airflow/example_dags/example_short_circuit_decorator.py
[2022-12-23T01:44:41.894+0100] {logging_mixin.py:137} INFO - [2022-12-23T01:44:41.894+0100] {dag.py:2676} INFO - Sync 1 DAGs
[2022-12-23T01:44:41.922+0100] {logging_mixin.py:137} INFO - [2022-12-23T01:44:41.922+0100] {dag.py:3423} INFO - Setting next_dagrun for example_short_circuit_decorator to 2022-12-22T00:44:41.921986+00:00, run_after=2022-12-23T00:44:41.921986+00:00
[2022-12-23T01:44:41.958+0100] {processor.py:175} INFO - Processing /home/momo/.local/lib/python3.8/site-packages/airflow/example_dags/example_short_circuit_decorator.py took 0.190 seconds
[2022-12-23T01:45:36.093+0100] {processor.py:153} INFO - Started process (PID=5254) to work on /home/momo/.local/lib/python3.8/site-packages/airflow/example_dags/example_short_circuit_decorator.py
[2022-12-23T01:45:36.096+0100] {processor.py:743} INFO - Processing file /home/momo/.local/lib/python3.8/site-packages/airflow/example_dags/example_short_circuit_decorator.py for tasks to queue
[2022-12-23T01:45:36.098+0100] {logging_mixin.py:137} INFO - [2022-12-23T01:45:36.097+0100] {dagbag.py:538} INFO - Filling up the DagBag from /home/momo/.local/lib/python3.8/site-packages/airflow/example_dags/example_short_circuit_decorator.py
[2022-12-23T01:45:36.182+0100] {processor.py:753} INFO - DAG(s) dict_keys(['example_short_circuit_decorator']) retrieved from /home/momo/.local/lib/python3.8/site-packages/airflow/example_dags/example_short_circuit_decorator.py
[2022-12-23T01:45:36.262+0100] {logging_mixin.py:137} INFO - [2022-12-23T01:45:36.262+0100] {dag.py:2676} INFO - Sync 1 DAGs
[2022-12-23T01:45:36.316+0100] {logging_mixin.py:137} INFO - [2022-12-23T01:45:36.316+0100] {dag.py:3423} INFO - Setting next_dagrun for example_short_circuit_decorator to 2022-12-22T00:45:36.316019+00:00, run_after=2022-12-23T00:45:36.316019+00:00
[2022-12-23T01:45:36.370+0100] {processor.py:175} INFO - Processing /home/momo/.local/lib/python3.8/site-packages/airflow/example_dags/example_short_circuit_decorator.py took 0.285 seconds
[2022-12-23T01:46:32.408+0100] {processor.py:153} INFO - Started process (PID=5303) to work on /home/momo/.local/lib/python3.8/site-packages/airflow/example_dags/example_short_circuit_decorator.py
[2022-12-23T01:46:32.415+0100] {processor.py:743} INFO - Processing file /home/momo/.local/lib/python3.8/site-packages/airflow/example_dags/example_short_circuit_decorator.py for tasks to queue
[2022-12-23T01:46:32.424+0100] {logging_mixin.py:137} INFO - [2022-12-23T01:46:32.423+0100] {dagbag.py:538} INFO - Filling up the DagBag from /home/momo/.local/lib/python3.8/site-packages/airflow/example_dags/example_short_circuit_decorator.py
[2022-12-23T01:46:32.538+0100] {processor.py:753} INFO - DAG(s) dict_keys(['example_short_circuit_decorator']) retrieved from /home/momo/.local/lib/python3.8/site-packages/airflow/example_dags/example_short_circuit_decorator.py
[2022-12-23T01:46:32.578+0100] {logging_mixin.py:137} INFO - [2022-12-23T01:46:32.578+0100] {dag.py:2676} INFO - Sync 1 DAGs
[2022-12-23T01:46:32.612+0100] {logging_mixin.py:137} INFO - [2022-12-23T01:46:32.612+0100] {dag.py:3423} INFO - Setting next_dagrun for example_short_circuit_decorator to 2022-12-22T00:46:32.612104+00:00, run_after=2022-12-23T00:46:32.612104+00:00
[2022-12-23T01:46:32.647+0100] {processor.py:175} INFO - Processing /home/momo/.local/lib/python3.8/site-packages/airflow/example_dags/example_short_circuit_decorator.py took 0.259 seconds
[2022-12-23T01:47:32.999+0100] {processor.py:153} INFO - Started process (PID=5352) to work on /home/momo/.local/lib/python3.8/site-packages/airflow/example_dags/example_short_circuit_decorator.py
[2022-12-23T01:47:33.002+0100] {processor.py:743} INFO - Processing file /home/momo/.local/lib/python3.8/site-packages/airflow/example_dags/example_short_circuit_decorator.py for tasks to queue
[2022-12-23T01:47:33.005+0100] {logging_mixin.py:137} INFO - [2022-12-23T01:47:33.004+0100] {dagbag.py:538} INFO - Filling up the DagBag from /home/momo/.local/lib/python3.8/site-packages/airflow/example_dags/example_short_circuit_decorator.py
[2022-12-23T01:47:33.090+0100] {processor.py:753} INFO - DAG(s) dict_keys(['example_short_circuit_decorator']) retrieved from /home/momo/.local/lib/python3.8/site-packages/airflow/example_dags/example_short_circuit_decorator.py
[2022-12-23T01:47:33.211+0100] {logging_mixin.py:137} INFO - [2022-12-23T01:47:33.211+0100] {dag.py:2676} INFO - Sync 1 DAGs
[2022-12-23T01:47:33.289+0100] {logging_mixin.py:137} INFO - [2022-12-23T01:47:33.289+0100] {dag.py:3423} INFO - Setting next_dagrun for example_short_circuit_decorator to 2022-12-22T00:47:33.288377+00:00, run_after=2022-12-23T00:47:33.288377+00:00
[2022-12-23T01:47:33.347+0100] {processor.py:175} INFO - Processing /home/momo/.local/lib/python3.8/site-packages/airflow/example_dags/example_short_circuit_decorator.py took 0.360 seconds
[2022-12-23T01:48:35.009+0100] {processor.py:153} INFO - Started process (PID=5403) to work on /home/momo/.local/lib/python3.8/site-packages/airflow/example_dags/example_short_circuit_decorator.py
[2022-12-23T01:48:35.012+0100] {processor.py:743} INFO - Processing file /home/momo/.local/lib/python3.8/site-packages/airflow/example_dags/example_short_circuit_decorator.py for tasks to queue
[2022-12-23T01:48:35.014+0100] {logging_mixin.py:137} INFO - [2022-12-23T01:48:35.014+0100] {dagbag.py:538} INFO - Filling up the DagBag from /home/momo/.local/lib/python3.8/site-packages/airflow/example_dags/example_short_circuit_decorator.py
[2022-12-23T01:48:35.097+0100] {processor.py:753} INFO - DAG(s) dict_keys(['example_short_circuit_decorator']) retrieved from /home/momo/.local/lib/python3.8/site-packages/airflow/example_dags/example_short_circuit_decorator.py
[2022-12-23T01:48:35.171+0100] {logging_mixin.py:137} INFO - [2022-12-23T01:48:35.171+0100] {dag.py:2676} INFO - Sync 1 DAGs
[2022-12-23T01:48:35.238+0100] {logging_mixin.py:137} INFO - [2022-12-23T01:48:35.238+0100] {dag.py:3423} INFO - Setting next_dagrun for example_short_circuit_decorator to 2022-12-22T00:48:35.237454+00:00, run_after=2022-12-23T00:48:35.237454+00:00
[2022-12-23T01:48:35.294+0100] {processor.py:175} INFO - Processing /home/momo/.local/lib/python3.8/site-packages/airflow/example_dags/example_short_circuit_decorator.py took 0.294 seconds
[2022-12-23T01:49:35.507+0100] {processor.py:153} INFO - Started process (PID=5452) to work on /home/momo/.local/lib/python3.8/site-packages/airflow/example_dags/example_short_circuit_decorator.py
[2022-12-23T01:49:35.509+0100] {processor.py:743} INFO - Processing file /home/momo/.local/lib/python3.8/site-packages/airflow/example_dags/example_short_circuit_decorator.py for tasks to queue
[2022-12-23T01:49:35.511+0100] {logging_mixin.py:137} INFO - [2022-12-23T01:49:35.511+0100] {dagbag.py:538} INFO - Filling up the DagBag from /home/momo/.local/lib/python3.8/site-packages/airflow/example_dags/example_short_circuit_decorator.py
[2022-12-23T01:49:35.602+0100] {processor.py:753} INFO - DAG(s) dict_keys(['example_short_circuit_decorator']) retrieved from /home/momo/.local/lib/python3.8/site-packages/airflow/example_dags/example_short_circuit_decorator.py
[2022-12-23T01:49:35.652+0100] {logging_mixin.py:137} INFO - [2022-12-23T01:49:35.651+0100] {dag.py:2676} INFO - Sync 1 DAGs
[2022-12-23T01:49:35.710+0100] {logging_mixin.py:137} INFO - [2022-12-23T01:49:35.710+0100] {dag.py:3423} INFO - Setting next_dagrun for example_short_circuit_decorator to 2022-12-22T00:49:35.709633+00:00, run_after=2022-12-23T00:49:35.709633+00:00
[2022-12-23T01:49:35.754+0100] {processor.py:175} INFO - Processing /home/momo/.local/lib/python3.8/site-packages/airflow/example_dags/example_short_circuit_decorator.py took 0.256 seconds
[2022-12-23T01:50:38.512+0100] {processor.py:153} INFO - Started process (PID=5504) to work on /home/momo/.local/lib/python3.8/site-packages/airflow/example_dags/example_short_circuit_decorator.py
[2022-12-23T01:50:38.517+0100] {processor.py:743} INFO - Processing file /home/momo/.local/lib/python3.8/site-packages/airflow/example_dags/example_short_circuit_decorator.py for tasks to queue
[2022-12-23T01:50:38.520+0100] {logging_mixin.py:137} INFO - [2022-12-23T01:50:38.520+0100] {dagbag.py:538} INFO - Filling up the DagBag from /home/momo/.local/lib/python3.8/site-packages/airflow/example_dags/example_short_circuit_decorator.py
[2022-12-23T01:50:38.611+0100] {processor.py:753} INFO - DAG(s) dict_keys(['example_short_circuit_decorator']) retrieved from /home/momo/.local/lib/python3.8/site-packages/airflow/example_dags/example_short_circuit_decorator.py
[2022-12-23T01:50:38.675+0100] {logging_mixin.py:137} INFO - [2022-12-23T01:50:38.675+0100] {dag.py:2676} INFO - Sync 1 DAGs
[2022-12-23T01:50:38.715+0100] {logging_mixin.py:137} INFO - [2022-12-23T01:50:38.715+0100] {dag.py:3423} INFO - Setting next_dagrun for example_short_circuit_decorator to 2022-12-22T00:50:38.715015+00:00, run_after=2022-12-23T00:50:38.715015+00:00
[2022-12-23T01:50:38.753+0100] {processor.py:175} INFO - Processing /home/momo/.local/lib/python3.8/site-packages/airflow/example_dags/example_short_circuit_decorator.py took 0.257 seconds
[2022-12-23T01:51:38.036+0100] {processor.py:153} INFO - Started process (PID=5558) to work on /home/momo/.local/lib/python3.8/site-packages/airflow/example_dags/example_short_circuit_decorator.py
[2022-12-23T01:51:38.039+0100] {processor.py:743} INFO - Processing file /home/momo/.local/lib/python3.8/site-packages/airflow/example_dags/example_short_circuit_decorator.py for tasks to queue
[2022-12-23T01:51:38.041+0100] {logging_mixin.py:137} INFO - [2022-12-23T01:51:38.041+0100] {dagbag.py:538} INFO - Filling up the DagBag from /home/momo/.local/lib/python3.8/site-packages/airflow/example_dags/example_short_circuit_decorator.py
[2022-12-23T01:51:38.118+0100] {processor.py:753} INFO - DAG(s) dict_keys(['example_short_circuit_decorator']) retrieved from /home/momo/.local/lib/python3.8/site-packages/airflow/example_dags/example_short_circuit_decorator.py
[2022-12-23T01:51:38.195+0100] {logging_mixin.py:137} INFO - [2022-12-23T01:51:38.195+0100] {dag.py:2676} INFO - Sync 1 DAGs
[2022-12-23T01:51:38.265+0100] {logging_mixin.py:137} INFO - [2022-12-23T01:51:38.265+0100] {dag.py:3423} INFO - Setting next_dagrun for example_short_circuit_decorator to 2022-12-22T00:51:38.264725+00:00, run_after=2022-12-23T00:51:38.264725+00:00
[2022-12-23T01:51:38.345+0100] {processor.py:175} INFO - Processing /home/momo/.local/lib/python3.8/site-packages/airflow/example_dags/example_short_circuit_decorator.py took 0.317 seconds
[2022-12-23T01:52:38.846+0100] {processor.py:153} INFO - Started process (PID=5659) to work on /home/momo/.local/lib/python3.8/site-packages/airflow/example_dags/example_short_circuit_decorator.py
[2022-12-23T01:52:38.850+0100] {processor.py:743} INFO - Processing file /home/momo/.local/lib/python3.8/site-packages/airflow/example_dags/example_short_circuit_decorator.py for tasks to queue
[2022-12-23T01:52:38.852+0100] {logging_mixin.py:137} INFO - [2022-12-23T01:52:38.852+0100] {dagbag.py:538} INFO - Filling up the DagBag from /home/momo/.local/lib/python3.8/site-packages/airflow/example_dags/example_short_circuit_decorator.py
[2022-12-23T01:52:38.898+0100] {processor.py:753} INFO - DAG(s) dict_keys(['example_short_circuit_decorator']) retrieved from /home/momo/.local/lib/python3.8/site-packages/airflow/example_dags/example_short_circuit_decorator.py
[2022-12-23T01:52:38.933+0100] {logging_mixin.py:137} INFO - [2022-12-23T01:52:38.933+0100] {dag.py:2676} INFO - Sync 1 DAGs
[2022-12-23T01:52:38.964+0100] {logging_mixin.py:137} INFO - [2022-12-23T01:52:38.964+0100] {dag.py:3423} INFO - Setting next_dagrun for example_short_circuit_decorator to 2022-12-22T00:52:38.964305+00:00, run_after=2022-12-23T00:52:38.964305+00:00
[2022-12-23T01:52:39.051+0100] {processor.py:175} INFO - Processing /home/momo/.local/lib/python3.8/site-packages/airflow/example_dags/example_short_circuit_decorator.py took 0.221 seconds
[2022-12-23T01:53:41.732+0100] {processor.py:153} INFO - Started process (PID=5710) to work on /home/momo/.local/lib/python3.8/site-packages/airflow/example_dags/example_short_circuit_decorator.py
[2022-12-23T01:53:41.739+0100] {processor.py:743} INFO - Processing file /home/momo/.local/lib/python3.8/site-packages/airflow/example_dags/example_short_circuit_decorator.py for tasks to queue
[2022-12-23T01:53:41.741+0100] {logging_mixin.py:137} INFO - [2022-12-23T01:53:41.740+0100] {dagbag.py:538} INFO - Filling up the DagBag from /home/momo/.local/lib/python3.8/site-packages/airflow/example_dags/example_short_circuit_decorator.py
[2022-12-23T01:53:41.788+0100] {processor.py:753} INFO - DAG(s) dict_keys(['example_short_circuit_decorator']) retrieved from /home/momo/.local/lib/python3.8/site-packages/airflow/example_dags/example_short_circuit_decorator.py
[2022-12-23T01:53:41.825+0100] {logging_mixin.py:137} INFO - [2022-12-23T01:53:41.824+0100] {dag.py:2676} INFO - Sync 1 DAGs
[2022-12-23T01:53:41.852+0100] {logging_mixin.py:137} INFO - [2022-12-23T01:53:41.852+0100] {dag.py:3423} INFO - Setting next_dagrun for example_short_circuit_decorator to 2022-12-22T00:53:41.851878+00:00, run_after=2022-12-23T00:53:41.851878+00:00
[2022-12-23T01:53:41.901+0100] {processor.py:175} INFO - Processing /home/momo/.local/lib/python3.8/site-packages/airflow/example_dags/example_short_circuit_decorator.py took 0.197 seconds
[2022-12-23T01:54:37.847+0100] {processor.py:153} INFO - Started process (PID=5757) to work on /home/momo/.local/lib/python3.8/site-packages/airflow/example_dags/example_short_circuit_decorator.py
[2022-12-23T01:54:37.850+0100] {processor.py:743} INFO - Processing file /home/momo/.local/lib/python3.8/site-packages/airflow/example_dags/example_short_circuit_decorator.py for tasks to queue
[2022-12-23T01:54:37.851+0100] {logging_mixin.py:137} INFO - [2022-12-23T01:54:37.851+0100] {dagbag.py:538} INFO - Filling up the DagBag from /home/momo/.local/lib/python3.8/site-packages/airflow/example_dags/example_short_circuit_decorator.py
[2022-12-23T01:54:37.899+0100] {processor.py:753} INFO - DAG(s) dict_keys(['example_short_circuit_decorator']) retrieved from /home/momo/.local/lib/python3.8/site-packages/airflow/example_dags/example_short_circuit_decorator.py
[2022-12-23T01:54:37.936+0100] {logging_mixin.py:137} INFO - [2022-12-23T01:54:37.936+0100] {dag.py:2676} INFO - Sync 1 DAGs
[2022-12-23T01:54:37.965+0100] {logging_mixin.py:137} INFO - [2022-12-23T01:54:37.964+0100] {dag.py:3423} INFO - Setting next_dagrun for example_short_circuit_decorator to 2022-12-22T00:54:37.964481+00:00, run_after=2022-12-23T00:54:37.964481+00:00
[2022-12-23T01:54:38.002+0100] {processor.py:175} INFO - Processing /home/momo/.local/lib/python3.8/site-packages/airflow/example_dags/example_short_circuit_decorator.py took 0.162 seconds
[2022-12-23T01:55:30.087+0100] {processor.py:153} INFO - Started process (PID=5803) to work on /home/momo/.local/lib/python3.8/site-packages/airflow/example_dags/example_short_circuit_decorator.py
[2022-12-23T01:55:30.093+0100] {processor.py:743} INFO - Processing file /home/momo/.local/lib/python3.8/site-packages/airflow/example_dags/example_short_circuit_decorator.py for tasks to queue
[2022-12-23T01:55:30.096+0100] {logging_mixin.py:137} INFO - [2022-12-23T01:55:30.095+0100] {dagbag.py:538} INFO - Filling up the DagBag from /home/momo/.local/lib/python3.8/site-packages/airflow/example_dags/example_short_circuit_decorator.py
[2022-12-23T01:55:30.211+0100] {processor.py:753} INFO - DAG(s) dict_keys(['example_short_circuit_decorator']) retrieved from /home/momo/.local/lib/python3.8/site-packages/airflow/example_dags/example_short_circuit_decorator.py
[2022-12-23T01:55:30.255+0100] {logging_mixin.py:137} INFO - [2022-12-23T01:55:30.255+0100] {dag.py:2676} INFO - Sync 1 DAGs
[2022-12-23T01:55:30.293+0100] {logging_mixin.py:137} INFO - [2022-12-23T01:55:30.293+0100] {dag.py:3423} INFO - Setting next_dagrun for example_short_circuit_decorator to 2022-12-22T00:55:30.292673+00:00, run_after=2022-12-23T00:55:30.292673+00:00
[2022-12-23T01:55:30.342+0100] {processor.py:175} INFO - Processing /home/momo/.local/lib/python3.8/site-packages/airflow/example_dags/example_short_circuit_decorator.py took 0.279 seconds
[2022-12-23T01:56:25.234+0100] {processor.py:153} INFO - Started process (PID=5851) to work on /home/momo/.local/lib/python3.8/site-packages/airflow/example_dags/example_short_circuit_decorator.py
[2022-12-23T01:56:25.238+0100] {processor.py:743} INFO - Processing file /home/momo/.local/lib/python3.8/site-packages/airflow/example_dags/example_short_circuit_decorator.py for tasks to queue
[2022-12-23T01:56:25.241+0100] {logging_mixin.py:137} INFO - [2022-12-23T01:56:25.240+0100] {dagbag.py:538} INFO - Filling up the DagBag from /home/momo/.local/lib/python3.8/site-packages/airflow/example_dags/example_short_circuit_decorator.py
[2022-12-23T01:56:25.292+0100] {processor.py:753} INFO - DAG(s) dict_keys(['example_short_circuit_decorator']) retrieved from /home/momo/.local/lib/python3.8/site-packages/airflow/example_dags/example_short_circuit_decorator.py
[2022-12-23T01:56:25.327+0100] {logging_mixin.py:137} INFO - [2022-12-23T01:56:25.326+0100] {dag.py:2676} INFO - Sync 1 DAGs
[2022-12-23T01:56:25.354+0100] {logging_mixin.py:137} INFO - [2022-12-23T01:56:25.353+0100] {dag.py:3423} INFO - Setting next_dagrun for example_short_circuit_decorator to 2022-12-22T00:56:25.353564+00:00, run_after=2022-12-23T00:56:25.353564+00:00
[2022-12-23T01:56:25.430+0100] {processor.py:175} INFO - Processing /home/momo/.local/lib/python3.8/site-packages/airflow/example_dags/example_short_circuit_decorator.py took 0.209 seconds
[2022-12-23T01:57:25.745+0100] {processor.py:153} INFO - Started process (PID=5901) to work on /home/momo/.local/lib/python3.8/site-packages/airflow/example_dags/example_short_circuit_decorator.py
[2022-12-23T01:57:25.747+0100] {processor.py:743} INFO - Processing file /home/momo/.local/lib/python3.8/site-packages/airflow/example_dags/example_short_circuit_decorator.py for tasks to queue
[2022-12-23T01:57:25.748+0100] {logging_mixin.py:137} INFO - [2022-12-23T01:57:25.748+0100] {dagbag.py:538} INFO - Filling up the DagBag from /home/momo/.local/lib/python3.8/site-packages/airflow/example_dags/example_short_circuit_decorator.py
[2022-12-23T01:57:25.806+0100] {processor.py:753} INFO - DAG(s) dict_keys(['example_short_circuit_decorator']) retrieved from /home/momo/.local/lib/python3.8/site-packages/airflow/example_dags/example_short_circuit_decorator.py
[2022-12-23T01:57:25.860+0100] {logging_mixin.py:137} INFO - [2022-12-23T01:57:25.860+0100] {dag.py:2676} INFO - Sync 1 DAGs
[2022-12-23T01:57:25.889+0100] {logging_mixin.py:137} INFO - [2022-12-23T01:57:25.889+0100] {dag.py:3423} INFO - Setting next_dagrun for example_short_circuit_decorator to 2022-12-22T00:57:25.888994+00:00, run_after=2022-12-23T00:57:25.888994+00:00
[2022-12-23T01:57:25.925+0100] {processor.py:175} INFO - Processing /home/momo/.local/lib/python3.8/site-packages/airflow/example_dags/example_short_circuit_decorator.py took 0.187 seconds
[2022-12-23T01:58:17.383+0100] {processor.py:153} INFO - Started process (PID=5947) to work on /home/momo/.local/lib/python3.8/site-packages/airflow/example_dags/example_short_circuit_decorator.py
[2022-12-23T01:58:17.390+0100] {processor.py:743} INFO - Processing file /home/momo/.local/lib/python3.8/site-packages/airflow/example_dags/example_short_circuit_decorator.py for tasks to queue
[2022-12-23T01:58:17.391+0100] {logging_mixin.py:137} INFO - [2022-12-23T01:58:17.390+0100] {dagbag.py:538} INFO - Filling up the DagBag from /home/momo/.local/lib/python3.8/site-packages/airflow/example_dags/example_short_circuit_decorator.py
[2022-12-23T01:58:17.459+0100] {processor.py:753} INFO - DAG(s) dict_keys(['example_short_circuit_decorator']) retrieved from /home/momo/.local/lib/python3.8/site-packages/airflow/example_dags/example_short_circuit_decorator.py
[2022-12-23T01:58:17.532+0100] {logging_mixin.py:137} INFO - [2022-12-23T01:58:17.532+0100] {dag.py:2676} INFO - Sync 1 DAGs
[2022-12-23T01:58:17.582+0100] {logging_mixin.py:137} INFO - [2022-12-23T01:58:17.582+0100] {dag.py:3423} INFO - Setting next_dagrun for example_short_circuit_decorator to 2022-12-22T00:58:17.581697+00:00, run_after=2022-12-23T00:58:17.581697+00:00
[2022-12-23T01:58:17.653+0100] {processor.py:175} INFO - Processing /home/momo/.local/lib/python3.8/site-packages/airflow/example_dags/example_short_circuit_decorator.py took 0.276 seconds
[2022-12-23T01:59:20.387+0100] {processor.py:153} INFO - Started process (PID=6003) to work on /home/momo/.local/lib/python3.8/site-packages/airflow/example_dags/example_short_circuit_decorator.py
[2022-12-23T01:59:20.392+0100] {processor.py:743} INFO - Processing file /home/momo/.local/lib/python3.8/site-packages/airflow/example_dags/example_short_circuit_decorator.py for tasks to queue
[2022-12-23T01:59:20.395+0100] {logging_mixin.py:137} INFO - [2022-12-23T01:59:20.394+0100] {dagbag.py:538} INFO - Filling up the DagBag from /home/momo/.local/lib/python3.8/site-packages/airflow/example_dags/example_short_circuit_decorator.py
[2022-12-23T01:59:20.441+0100] {processor.py:753} INFO - DAG(s) dict_keys(['example_short_circuit_decorator']) retrieved from /home/momo/.local/lib/python3.8/site-packages/airflow/example_dags/example_short_circuit_decorator.py
[2022-12-23T01:59:20.476+0100] {logging_mixin.py:137} INFO - [2022-12-23T01:59:20.476+0100] {dag.py:2676} INFO - Sync 1 DAGs
[2022-12-23T01:59:20.503+0100] {logging_mixin.py:137} INFO - [2022-12-23T01:59:20.503+0100] {dag.py:3423} INFO - Setting next_dagrun for example_short_circuit_decorator to 2022-12-22T00:59:20.503244+00:00, run_after=2022-12-23T00:59:20.503244+00:00
[2022-12-23T01:59:20.543+0100] {processor.py:175} INFO - Processing /home/momo/.local/lib/python3.8/site-packages/airflow/example_dags/example_short_circuit_decorator.py took 0.178 seconds
[2022-12-23T02:00:20.930+0100] {processor.py:153} INFO - Started process (PID=6060) to work on /home/momo/.local/lib/python3.8/site-packages/airflow/example_dags/example_short_circuit_decorator.py
[2022-12-23T02:00:20.941+0100] {processor.py:743} INFO - Processing file /home/momo/.local/lib/python3.8/site-packages/airflow/example_dags/example_short_circuit_decorator.py for tasks to queue
[2022-12-23T02:00:20.946+0100] {logging_mixin.py:137} INFO - [2022-12-23T02:00:20.944+0100] {dagbag.py:538} INFO - Filling up the DagBag from /home/momo/.local/lib/python3.8/site-packages/airflow/example_dags/example_short_circuit_decorator.py
[2022-12-23T02:00:21.058+0100] {processor.py:753} INFO - DAG(s) dict_keys(['example_short_circuit_decorator']) retrieved from /home/momo/.local/lib/python3.8/site-packages/airflow/example_dags/example_short_circuit_decorator.py
[2022-12-23T02:00:21.096+0100] {logging_mixin.py:137} INFO - [2022-12-23T02:00:21.096+0100] {dag.py:2676} INFO - Sync 1 DAGs
[2022-12-23T02:00:21.125+0100] {logging_mixin.py:137} INFO - [2022-12-23T02:00:21.125+0100] {dag.py:3423} INFO - Setting next_dagrun for example_short_circuit_decorator to 2022-12-22T01:00:21.124994+00:00, run_after=2022-12-23T01:00:21.124994+00:00
[2022-12-23T02:00:21.169+0100] {processor.py:175} INFO - Processing /home/momo/.local/lib/python3.8/site-packages/airflow/example_dags/example_short_circuit_decorator.py took 0.268 seconds
[2022-12-23T02:01:16.564+0100] {processor.py:153} INFO - Started process (PID=6108) to work on /home/momo/.local/lib/python3.8/site-packages/airflow/example_dags/example_short_circuit_decorator.py
[2022-12-23T02:01:16.577+0100] {processor.py:743} INFO - Processing file /home/momo/.local/lib/python3.8/site-packages/airflow/example_dags/example_short_circuit_decorator.py for tasks to queue
[2022-12-23T02:01:16.578+0100] {logging_mixin.py:137} INFO - [2022-12-23T02:01:16.578+0100] {dagbag.py:538} INFO - Filling up the DagBag from /home/momo/.local/lib/python3.8/site-packages/airflow/example_dags/example_short_circuit_decorator.py
[2022-12-23T02:01:16.647+0100] {processor.py:753} INFO - DAG(s) dict_keys(['example_short_circuit_decorator']) retrieved from /home/momo/.local/lib/python3.8/site-packages/airflow/example_dags/example_short_circuit_decorator.py
[2022-12-23T02:01:16.691+0100] {logging_mixin.py:137} INFO - [2022-12-23T02:01:16.691+0100] {dag.py:2676} INFO - Sync 1 DAGs
[2022-12-23T02:01:16.744+0100] {logging_mixin.py:137} INFO - [2022-12-23T02:01:16.743+0100] {dag.py:3423} INFO - Setting next_dagrun for example_short_circuit_decorator to 2022-12-22T01:01:16.743467+00:00, run_after=2022-12-23T01:01:16.743467+00:00
[2022-12-23T02:01:16.852+0100] {processor.py:175} INFO - Processing /home/momo/.local/lib/python3.8/site-packages/airflow/example_dags/example_short_circuit_decorator.py took 0.297 seconds
[2022-12-23T02:02:21.681+0100] {processor.py:153} INFO - Started process (PID=6162) to work on /home/momo/.local/lib/python3.8/site-packages/airflow/example_dags/example_short_circuit_decorator.py
[2022-12-23T02:02:21.685+0100] {processor.py:743} INFO - Processing file /home/momo/.local/lib/python3.8/site-packages/airflow/example_dags/example_short_circuit_decorator.py for tasks to queue
[2022-12-23T02:02:21.688+0100] {logging_mixin.py:137} INFO - [2022-12-23T02:02:21.688+0100] {dagbag.py:538} INFO - Filling up the DagBag from /home/momo/.local/lib/python3.8/site-packages/airflow/example_dags/example_short_circuit_decorator.py
[2022-12-23T02:02:21.796+0100] {processor.py:753} INFO - DAG(s) dict_keys(['example_short_circuit_decorator']) retrieved from /home/momo/.local/lib/python3.8/site-packages/airflow/example_dags/example_short_circuit_decorator.py
[2022-12-23T02:02:21.831+0100] {logging_mixin.py:137} INFO - [2022-12-23T02:02:21.831+0100] {dag.py:2676} INFO - Sync 1 DAGs
[2022-12-23T02:02:21.861+0100] {logging_mixin.py:137} INFO - [2022-12-23T02:02:21.861+0100] {dag.py:3423} INFO - Setting next_dagrun for example_short_circuit_decorator to 2022-12-22T01:02:21.860624+00:00, run_after=2022-12-23T01:02:21.860624+00:00
[2022-12-23T02:02:21.901+0100] {processor.py:175} INFO - Processing /home/momo/.local/lib/python3.8/site-packages/airflow/example_dags/example_short_circuit_decorator.py took 0.234 seconds
[2022-12-23T02:03:21.901+0100] {processor.py:153} INFO - Started process (PID=6211) to work on /home/momo/.local/lib/python3.8/site-packages/airflow/example_dags/example_short_circuit_decorator.py
[2022-12-23T02:03:21.906+0100] {processor.py:743} INFO - Processing file /home/momo/.local/lib/python3.8/site-packages/airflow/example_dags/example_short_circuit_decorator.py for tasks to queue
[2022-12-23T02:03:21.909+0100] {logging_mixin.py:137} INFO - [2022-12-23T02:03:21.908+0100] {dagbag.py:538} INFO - Filling up the DagBag from /home/momo/.local/lib/python3.8/site-packages/airflow/example_dags/example_short_circuit_decorator.py
[2022-12-23T02:03:21.992+0100] {processor.py:753} INFO - DAG(s) dict_keys(['example_short_circuit_decorator']) retrieved from /home/momo/.local/lib/python3.8/site-packages/airflow/example_dags/example_short_circuit_decorator.py
[2022-12-23T02:03:22.026+0100] {logging_mixin.py:137} INFO - [2022-12-23T02:03:22.026+0100] {dag.py:2676} INFO - Sync 1 DAGs
[2022-12-23T02:03:22.055+0100] {logging_mixin.py:137} INFO - [2022-12-23T02:03:22.054+0100] {dag.py:3423} INFO - Setting next_dagrun for example_short_circuit_decorator to 2022-12-22T01:03:22.054466+00:00, run_after=2022-12-23T01:03:22.054466+00:00
[2022-12-23T02:03:22.084+0100] {processor.py:175} INFO - Processing /home/momo/.local/lib/python3.8/site-packages/airflow/example_dags/example_short_circuit_decorator.py took 0.198 seconds
[2022-12-23T02:04:16.385+0100] {processor.py:153} INFO - Started process (PID=6262) to work on /home/momo/.local/lib/python3.8/site-packages/airflow/example_dags/example_short_circuit_decorator.py
[2022-12-23T02:04:16.390+0100] {processor.py:743} INFO - Processing file /home/momo/.local/lib/python3.8/site-packages/airflow/example_dags/example_short_circuit_decorator.py for tasks to queue
[2022-12-23T02:04:16.393+0100] {logging_mixin.py:137} INFO - [2022-12-23T02:04:16.393+0100] {dagbag.py:538} INFO - Filling up the DagBag from /home/momo/.local/lib/python3.8/site-packages/airflow/example_dags/example_short_circuit_decorator.py
[2022-12-23T02:04:16.438+0100] {processor.py:753} INFO - DAG(s) dict_keys(['example_short_circuit_decorator']) retrieved from /home/momo/.local/lib/python3.8/site-packages/airflow/example_dags/example_short_circuit_decorator.py
[2022-12-23T02:04:16.474+0100] {logging_mixin.py:137} INFO - [2022-12-23T02:04:16.474+0100] {dag.py:2676} INFO - Sync 1 DAGs
[2022-12-23T02:04:16.501+0100] {logging_mixin.py:137} INFO - [2022-12-23T02:04:16.501+0100] {dag.py:3423} INFO - Setting next_dagrun for example_short_circuit_decorator to 2022-12-22T01:04:16.501130+00:00, run_after=2022-12-23T01:04:16.501130+00:00
[2022-12-23T02:04:16.536+0100] {processor.py:175} INFO - Processing /home/momo/.local/lib/python3.8/site-packages/airflow/example_dags/example_short_circuit_decorator.py took 0.165 seconds
[2022-12-23T02:05:19.186+0100] {processor.py:153} INFO - Started process (PID=6313) to work on /home/momo/.local/lib/python3.8/site-packages/airflow/example_dags/example_short_circuit_decorator.py
[2022-12-23T02:05:19.193+0100] {processor.py:743} INFO - Processing file /home/momo/.local/lib/python3.8/site-packages/airflow/example_dags/example_short_circuit_decorator.py for tasks to queue
[2022-12-23T02:05:19.194+0100] {logging_mixin.py:137} INFO - [2022-12-23T02:05:19.194+0100] {dagbag.py:538} INFO - Filling up the DagBag from /home/momo/.local/lib/python3.8/site-packages/airflow/example_dags/example_short_circuit_decorator.py
[2022-12-23T02:05:19.286+0100] {processor.py:753} INFO - DAG(s) dict_keys(['example_short_circuit_decorator']) retrieved from /home/momo/.local/lib/python3.8/site-packages/airflow/example_dags/example_short_circuit_decorator.py
[2022-12-23T02:05:19.371+0100] {logging_mixin.py:137} INFO - [2022-12-23T02:05:19.371+0100] {dag.py:2676} INFO - Sync 1 DAGs
[2022-12-23T02:05:19.430+0100] {logging_mixin.py:137} INFO - [2022-12-23T02:05:19.429+0100] {dag.py:3423} INFO - Setting next_dagrun for example_short_circuit_decorator to 2022-12-22T01:05:19.429348+00:00, run_after=2022-12-23T01:05:19.429348+00:00
[2022-12-23T02:05:19.489+0100] {processor.py:175} INFO - Processing /home/momo/.local/lib/python3.8/site-packages/airflow/example_dags/example_short_circuit_decorator.py took 0.312 seconds
[2022-12-23T02:06:17.242+0100] {processor.py:153} INFO - Started process (PID=6362) to work on /home/momo/.local/lib/python3.8/site-packages/airflow/example_dags/example_short_circuit_decorator.py
[2022-12-23T02:06:17.248+0100] {processor.py:743} INFO - Processing file /home/momo/.local/lib/python3.8/site-packages/airflow/example_dags/example_short_circuit_decorator.py for tasks to queue
[2022-12-23T02:06:17.251+0100] {logging_mixin.py:137} INFO - [2022-12-23T02:06:17.250+0100] {dagbag.py:538} INFO - Filling up the DagBag from /home/momo/.local/lib/python3.8/site-packages/airflow/example_dags/example_short_circuit_decorator.py
[2022-12-23T02:06:17.309+0100] {processor.py:753} INFO - DAG(s) dict_keys(['example_short_circuit_decorator']) retrieved from /home/momo/.local/lib/python3.8/site-packages/airflow/example_dags/example_short_circuit_decorator.py
[2022-12-23T02:06:17.367+0100] {logging_mixin.py:137} INFO - [2022-12-23T02:06:17.366+0100] {dag.py:2676} INFO - Sync 1 DAGs
[2022-12-23T02:06:17.398+0100] {logging_mixin.py:137} INFO - [2022-12-23T02:06:17.398+0100] {dag.py:3423} INFO - Setting next_dagrun for example_short_circuit_decorator to 2022-12-22T01:06:17.398232+00:00, run_after=2022-12-23T01:06:17.398232+00:00
[2022-12-23T02:06:17.436+0100] {processor.py:175} INFO - Processing /home/momo/.local/lib/python3.8/site-packages/airflow/example_dags/example_short_circuit_decorator.py took 0.212 seconds
[2022-12-23T02:07:21.404+0100] {processor.py:153} INFO - Started process (PID=6420) to work on /home/momo/.local/lib/python3.8/site-packages/airflow/example_dags/example_short_circuit_decorator.py
[2022-12-23T02:07:21.411+0100] {processor.py:743} INFO - Processing file /home/momo/.local/lib/python3.8/site-packages/airflow/example_dags/example_short_circuit_decorator.py for tasks to queue
[2022-12-23T02:07:21.413+0100] {logging_mixin.py:137} INFO - [2022-12-23T02:07:21.412+0100] {dagbag.py:538} INFO - Filling up the DagBag from /home/momo/.local/lib/python3.8/site-packages/airflow/example_dags/example_short_circuit_decorator.py
[2022-12-23T02:07:21.450+0100] {processor.py:753} INFO - DAG(s) dict_keys(['example_short_circuit_decorator']) retrieved from /home/momo/.local/lib/python3.8/site-packages/airflow/example_dags/example_short_circuit_decorator.py
[2022-12-23T02:07:21.484+0100] {logging_mixin.py:137} INFO - [2022-12-23T02:07:21.484+0100] {dag.py:2676} INFO - Sync 1 DAGs
[2022-12-23T02:07:21.515+0100] {logging_mixin.py:137} INFO - [2022-12-23T02:07:21.515+0100] {dag.py:3423} INFO - Setting next_dagrun for example_short_circuit_decorator to 2022-12-22T01:07:21.514162+00:00, run_after=2022-12-23T01:07:21.514162+00:00
[2022-12-23T02:07:21.547+0100] {processor.py:175} INFO - Processing /home/momo/.local/lib/python3.8/site-packages/airflow/example_dags/example_short_circuit_decorator.py took 0.147 seconds
[2022-12-23T02:08:22.511+0100] {processor.py:153} INFO - Started process (PID=6473) to work on /home/momo/.local/lib/python3.8/site-packages/airflow/example_dags/example_short_circuit_decorator.py
[2022-12-23T02:08:22.514+0100] {processor.py:743} INFO - Processing file /home/momo/.local/lib/python3.8/site-packages/airflow/example_dags/example_short_circuit_decorator.py for tasks to queue
[2022-12-23T02:08:22.515+0100] {logging_mixin.py:137} INFO - [2022-12-23T02:08:22.515+0100] {dagbag.py:538} INFO - Filling up the DagBag from /home/momo/.local/lib/python3.8/site-packages/airflow/example_dags/example_short_circuit_decorator.py
[2022-12-23T02:08:22.608+0100] {processor.py:753} INFO - DAG(s) dict_keys(['example_short_circuit_decorator']) retrieved from /home/momo/.local/lib/python3.8/site-packages/airflow/example_dags/example_short_circuit_decorator.py
[2022-12-23T02:08:22.643+0100] {logging_mixin.py:137} INFO - [2022-12-23T02:08:22.643+0100] {dag.py:2676} INFO - Sync 1 DAGs
[2022-12-23T02:08:22.673+0100] {logging_mixin.py:137} INFO - [2022-12-23T02:08:22.673+0100] {dag.py:3423} INFO - Setting next_dagrun for example_short_circuit_decorator to 2022-12-22T01:08:22.672657+00:00, run_after=2022-12-23T01:08:22.672657+00:00
[2022-12-23T02:08:22.735+0100] {processor.py:175} INFO - Processing /home/momo/.local/lib/python3.8/site-packages/airflow/example_dags/example_short_circuit_decorator.py took 0.234 seconds
[2022-12-23T02:09:26.760+0100] {processor.py:153} INFO - Started process (PID=6527) to work on /home/momo/.local/lib/python3.8/site-packages/airflow/example_dags/example_short_circuit_decorator.py
[2022-12-23T02:09:26.767+0100] {processor.py:743} INFO - Processing file /home/momo/.local/lib/python3.8/site-packages/airflow/example_dags/example_short_circuit_decorator.py for tasks to queue
[2022-12-23T02:09:26.768+0100] {logging_mixin.py:137} INFO - [2022-12-23T02:09:26.768+0100] {dagbag.py:538} INFO - Filling up the DagBag from /home/momo/.local/lib/python3.8/site-packages/airflow/example_dags/example_short_circuit_decorator.py
[2022-12-23T02:09:26.808+0100] {processor.py:753} INFO - DAG(s) dict_keys(['example_short_circuit_decorator']) retrieved from /home/momo/.local/lib/python3.8/site-packages/airflow/example_dags/example_short_circuit_decorator.py
[2022-12-23T02:09:26.842+0100] {logging_mixin.py:137} INFO - [2022-12-23T02:09:26.841+0100] {dag.py:2676} INFO - Sync 1 DAGs
[2022-12-23T02:09:26.868+0100] {logging_mixin.py:137} INFO - [2022-12-23T02:09:26.868+0100] {dag.py:3423} INFO - Setting next_dagrun for example_short_circuit_decorator to 2022-12-22T01:09:26.867705+00:00, run_after=2022-12-23T01:09:26.867705+00:00
[2022-12-23T02:09:26.899+0100] {processor.py:175} INFO - Processing /home/momo/.local/lib/python3.8/site-packages/airflow/example_dags/example_short_circuit_decorator.py took 0.171 seconds
[2022-12-23T02:10:27.703+0100] {processor.py:153} INFO - Started process (PID=6584) to work on /home/momo/.local/lib/python3.8/site-packages/airflow/example_dags/example_short_circuit_decorator.py
[2022-12-23T02:10:27.707+0100] {processor.py:743} INFO - Processing file /home/momo/.local/lib/python3.8/site-packages/airflow/example_dags/example_short_circuit_decorator.py for tasks to queue
[2022-12-23T02:10:27.709+0100] {logging_mixin.py:137} INFO - [2022-12-23T02:10:27.708+0100] {dagbag.py:538} INFO - Filling up the DagBag from /home/momo/.local/lib/python3.8/site-packages/airflow/example_dags/example_short_circuit_decorator.py
[2022-12-23T02:10:27.758+0100] {processor.py:753} INFO - DAG(s) dict_keys(['example_short_circuit_decorator']) retrieved from /home/momo/.local/lib/python3.8/site-packages/airflow/example_dags/example_short_circuit_decorator.py
[2022-12-23T02:10:27.792+0100] {logging_mixin.py:137} INFO - [2022-12-23T02:10:27.792+0100] {dag.py:2676} INFO - Sync 1 DAGs
[2022-12-23T02:10:27.823+0100] {logging_mixin.py:137} INFO - [2022-12-23T02:10:27.823+0100] {dag.py:3423} INFO - Setting next_dagrun for example_short_circuit_decorator to 2022-12-22T01:10:27.823018+00:00, run_after=2022-12-23T01:10:27.823018+00:00
[2022-12-23T02:10:27.860+0100] {processor.py:175} INFO - Processing /home/momo/.local/lib/python3.8/site-packages/airflow/example_dags/example_short_circuit_decorator.py took 0.188 seconds
[2022-12-23T02:11:30.936+0100] {processor.py:153} INFO - Started process (PID=6641) to work on /home/momo/.local/lib/python3.8/site-packages/airflow/example_dags/example_short_circuit_decorator.py
[2022-12-23T02:11:30.949+0100] {processor.py:743} INFO - Processing file /home/momo/.local/lib/python3.8/site-packages/airflow/example_dags/example_short_circuit_decorator.py for tasks to queue
[2022-12-23T02:11:30.953+0100] {logging_mixin.py:137} INFO - [2022-12-23T02:11:30.952+0100] {dagbag.py:538} INFO - Filling up the DagBag from /home/momo/.local/lib/python3.8/site-packages/airflow/example_dags/example_short_circuit_decorator.py
[2022-12-23T02:11:31.080+0100] {processor.py:753} INFO - DAG(s) dict_keys(['example_short_circuit_decorator']) retrieved from /home/momo/.local/lib/python3.8/site-packages/airflow/example_dags/example_short_circuit_decorator.py
[2022-12-23T02:11:31.116+0100] {logging_mixin.py:137} INFO - [2022-12-23T02:11:31.116+0100] {dag.py:2676} INFO - Sync 1 DAGs
[2022-12-23T02:11:31.149+0100] {logging_mixin.py:137} INFO - [2022-12-23T02:11:31.149+0100] {dag.py:3423} INFO - Setting next_dagrun for example_short_circuit_decorator to 2022-12-22T01:11:31.148694+00:00, run_after=2022-12-23T01:11:31.148694+00:00
[2022-12-23T02:11:31.182+0100] {processor.py:175} INFO - Processing /home/momo/.local/lib/python3.8/site-packages/airflow/example_dags/example_short_circuit_decorator.py took 0.260 seconds
[2022-12-23T02:12:31.039+0100] {processor.py:153} INFO - Started process (PID=6692) to work on /home/momo/.local/lib/python3.8/site-packages/airflow/example_dags/example_short_circuit_decorator.py
[2022-12-23T02:12:31.040+0100] {processor.py:743} INFO - Processing file /home/momo/.local/lib/python3.8/site-packages/airflow/example_dags/example_short_circuit_decorator.py for tasks to queue
[2022-12-23T02:12:31.041+0100] {logging_mixin.py:137} INFO - [2022-12-23T02:12:31.041+0100] {dagbag.py:538} INFO - Filling up the DagBag from /home/momo/.local/lib/python3.8/site-packages/airflow/example_dags/example_short_circuit_decorator.py
[2022-12-23T02:12:31.078+0100] {processor.py:753} INFO - DAG(s) dict_keys(['example_short_circuit_decorator']) retrieved from /home/momo/.local/lib/python3.8/site-packages/airflow/example_dags/example_short_circuit_decorator.py
[2022-12-23T02:12:31.114+0100] {logging_mixin.py:137} INFO - [2022-12-23T02:12:31.114+0100] {dag.py:2676} INFO - Sync 1 DAGs
[2022-12-23T02:12:31.142+0100] {logging_mixin.py:137} INFO - [2022-12-23T02:12:31.142+0100] {dag.py:3423} INFO - Setting next_dagrun for example_short_circuit_decorator to 2022-12-22T01:12:31.141686+00:00, run_after=2022-12-23T01:12:31.141686+00:00
[2022-12-23T02:12:31.177+0100] {processor.py:175} INFO - Processing /home/momo/.local/lib/python3.8/site-packages/airflow/example_dags/example_short_circuit_decorator.py took 0.145 seconds
[2022-12-23T02:13:30.265+0100] {processor.py:153} INFO - Started process (PID=6741) to work on /home/momo/.local/lib/python3.8/site-packages/airflow/example_dags/example_short_circuit_decorator.py
[2022-12-23T02:13:30.301+0100] {processor.py:743} INFO - Processing file /home/momo/.local/lib/python3.8/site-packages/airflow/example_dags/example_short_circuit_decorator.py for tasks to queue
[2022-12-23T02:13:30.302+0100] {logging_mixin.py:137} INFO - [2022-12-23T02:13:30.302+0100] {dagbag.py:538} INFO - Filling up the DagBag from /home/momo/.local/lib/python3.8/site-packages/airflow/example_dags/example_short_circuit_decorator.py
[2022-12-23T02:13:30.804+0100] {processor.py:753} INFO - DAG(s) dict_keys(['example_short_circuit_decorator']) retrieved from /home/momo/.local/lib/python3.8/site-packages/airflow/example_dags/example_short_circuit_decorator.py
[2022-12-23T02:13:31.135+0100] {logging_mixin.py:137} INFO - [2022-12-23T02:13:31.134+0100] {dag.py:2676} INFO - Sync 1 DAGs
[2022-12-23T02:13:31.197+0100] {logging_mixin.py:137} INFO - [2022-12-23T02:13:31.197+0100] {dag.py:3423} INFO - Setting next_dagrun for example_short_circuit_decorator to 2022-12-22T01:13:31.197141+00:00, run_after=2022-12-23T01:13:31.197141+00:00
[2022-12-23T02:13:31.256+0100] {processor.py:175} INFO - Processing /home/momo/.local/lib/python3.8/site-packages/airflow/example_dags/example_short_circuit_decorator.py took 1.035 seconds
[2022-12-23T02:14:35.468+0100] {processor.py:153} INFO - Started process (PID=6794) to work on /home/momo/.local/lib/python3.8/site-packages/airflow/example_dags/example_short_circuit_decorator.py
[2022-12-23T02:14:35.473+0100] {processor.py:743} INFO - Processing file /home/momo/.local/lib/python3.8/site-packages/airflow/example_dags/example_short_circuit_decorator.py for tasks to queue
[2022-12-23T02:14:35.475+0100] {logging_mixin.py:137} INFO - [2022-12-23T02:14:35.474+0100] {dagbag.py:538} INFO - Filling up the DagBag from /home/momo/.local/lib/python3.8/site-packages/airflow/example_dags/example_short_circuit_decorator.py
[2022-12-23T02:14:35.719+0100] {processor.py:753} INFO - DAG(s) dict_keys(['example_short_circuit_decorator']) retrieved from /home/momo/.local/lib/python3.8/site-packages/airflow/example_dags/example_short_circuit_decorator.py
[2022-12-23T02:14:35.806+0100] {logging_mixin.py:137} INFO - [2022-12-23T02:14:35.806+0100] {dag.py:2676} INFO - Sync 1 DAGs
[2022-12-23T02:14:35.892+0100] {logging_mixin.py:137} INFO - [2022-12-23T02:14:35.887+0100] {dag.py:3423} INFO - Setting next_dagrun for example_short_circuit_decorator to 2022-12-22T01:14:35.886671+00:00, run_after=2022-12-23T01:14:35.886671+00:00
[2022-12-23T02:14:35.970+0100] {processor.py:175} INFO - Processing /home/momo/.local/lib/python3.8/site-packages/airflow/example_dags/example_short_circuit_decorator.py took 0.576 seconds
[2022-12-23T02:15:40.289+0100] {processor.py:153} INFO - Started process (PID=6850) to work on /home/momo/.local/lib/python3.8/site-packages/airflow/example_dags/example_short_circuit_decorator.py
[2022-12-23T02:15:40.296+0100] {processor.py:743} INFO - Processing file /home/momo/.local/lib/python3.8/site-packages/airflow/example_dags/example_short_circuit_decorator.py for tasks to queue
[2022-12-23T02:15:40.299+0100] {logging_mixin.py:137} INFO - [2022-12-23T02:15:40.298+0100] {dagbag.py:538} INFO - Filling up the DagBag from /home/momo/.local/lib/python3.8/site-packages/airflow/example_dags/example_short_circuit_decorator.py
[2022-12-23T02:15:40.415+0100] {processor.py:753} INFO - DAG(s) dict_keys(['example_short_circuit_decorator']) retrieved from /home/momo/.local/lib/python3.8/site-packages/airflow/example_dags/example_short_circuit_decorator.py
[2022-12-23T02:15:40.455+0100] {logging_mixin.py:137} INFO - [2022-12-23T02:15:40.455+0100] {dag.py:2676} INFO - Sync 1 DAGs
[2022-12-23T02:15:40.485+0100] {logging_mixin.py:137} INFO - [2022-12-23T02:15:40.485+0100] {dag.py:3423} INFO - Setting next_dagrun for example_short_circuit_decorator to 2022-12-22T01:15:40.485328+00:00, run_after=2022-12-23T01:15:40.485328+00:00
[2022-12-23T02:15:40.519+0100] {processor.py:175} INFO - Processing /home/momo/.local/lib/python3.8/site-packages/airflow/example_dags/example_short_circuit_decorator.py took 0.247 seconds
[2022-12-23T02:16:36.253+0100] {processor.py:153} INFO - Started process (PID=6899) to work on /home/momo/.local/lib/python3.8/site-packages/airflow/example_dags/example_short_circuit_decorator.py
[2022-12-23T02:16:36.258+0100] {processor.py:743} INFO - Processing file /home/momo/.local/lib/python3.8/site-packages/airflow/example_dags/example_short_circuit_decorator.py for tasks to queue
[2022-12-23T02:16:36.261+0100] {logging_mixin.py:137} INFO - [2022-12-23T02:16:36.260+0100] {dagbag.py:538} INFO - Filling up the DagBag from /home/momo/.local/lib/python3.8/site-packages/airflow/example_dags/example_short_circuit_decorator.py
[2022-12-23T02:16:36.367+0100] {processor.py:753} INFO - DAG(s) dict_keys(['example_short_circuit_decorator']) retrieved from /home/momo/.local/lib/python3.8/site-packages/airflow/example_dags/example_short_circuit_decorator.py
[2022-12-23T02:16:36.406+0100] {logging_mixin.py:137} INFO - [2022-12-23T02:16:36.405+0100] {dag.py:2676} INFO - Sync 1 DAGs
[2022-12-23T02:16:36.432+0100] {logging_mixin.py:137} INFO - [2022-12-23T02:16:36.431+0100] {dag.py:3423} INFO - Setting next_dagrun for example_short_circuit_decorator to 2022-12-22T01:16:36.431471+00:00, run_after=2022-12-23T01:16:36.431471+00:00
[2022-12-23T02:16:36.461+0100] {processor.py:175} INFO - Processing /home/momo/.local/lib/python3.8/site-packages/airflow/example_dags/example_short_circuit_decorator.py took 0.221 seconds
[2022-12-23T02:17:35.292+0100] {processor.py:153} INFO - Started process (PID=6956) to work on /home/momo/.local/lib/python3.8/site-packages/airflow/example_dags/example_short_circuit_decorator.py
[2022-12-23T02:17:35.299+0100] {processor.py:743} INFO - Processing file /home/momo/.local/lib/python3.8/site-packages/airflow/example_dags/example_short_circuit_decorator.py for tasks to queue
[2022-12-23T02:17:35.300+0100] {logging_mixin.py:137} INFO - [2022-12-23T02:17:35.299+0100] {dagbag.py:538} INFO - Filling up the DagBag from /home/momo/.local/lib/python3.8/site-packages/airflow/example_dags/example_short_circuit_decorator.py
[2022-12-23T02:17:35.364+0100] {processor.py:753} INFO - DAG(s) dict_keys(['example_short_circuit_decorator']) retrieved from /home/momo/.local/lib/python3.8/site-packages/airflow/example_dags/example_short_circuit_decorator.py
[2022-12-23T02:17:35.639+0100] {logging_mixin.py:137} INFO - [2022-12-23T02:17:35.639+0100] {dag.py:2676} INFO - Sync 1 DAGs
[2022-12-23T02:17:35.820+0100] {logging_mixin.py:137} INFO - [2022-12-23T02:17:35.819+0100] {dag.py:3423} INFO - Setting next_dagrun for example_short_circuit_decorator to 2022-12-22T01:17:35.819449+00:00, run_after=2022-12-23T01:17:35.819449+00:00
[2022-12-23T02:17:35.874+0100] {processor.py:175} INFO - Processing /home/momo/.local/lib/python3.8/site-packages/airflow/example_dags/example_short_circuit_decorator.py took 0.588 seconds
[2022-12-23T02:18:43.647+0100] {processor.py:153} INFO - Started process (PID=7011) to work on /home/momo/.local/lib/python3.8/site-packages/airflow/example_dags/example_short_circuit_decorator.py
[2022-12-23T02:18:43.650+0100] {processor.py:743} INFO - Processing file /home/momo/.local/lib/python3.8/site-packages/airflow/example_dags/example_short_circuit_decorator.py for tasks to queue
[2022-12-23T02:18:43.652+0100] {logging_mixin.py:137} INFO - [2022-12-23T02:18:43.651+0100] {dagbag.py:538} INFO - Filling up the DagBag from /home/momo/.local/lib/python3.8/site-packages/airflow/example_dags/example_short_circuit_decorator.py
[2022-12-23T02:18:43.708+0100] {processor.py:753} INFO - DAG(s) dict_keys(['example_short_circuit_decorator']) retrieved from /home/momo/.local/lib/python3.8/site-packages/airflow/example_dags/example_short_circuit_decorator.py
[2022-12-23T02:18:43.744+0100] {logging_mixin.py:137} INFO - [2022-12-23T02:18:43.744+0100] {dag.py:2676} INFO - Sync 1 DAGs
[2022-12-23T02:18:43.774+0100] {logging_mixin.py:137} INFO - [2022-12-23T02:18:43.774+0100] {dag.py:3423} INFO - Setting next_dagrun for example_short_circuit_decorator to 2022-12-22T01:18:43.773612+00:00, run_after=2022-12-23T01:18:43.773612+00:00
[2022-12-23T02:18:43.815+0100] {processor.py:175} INFO - Processing /home/momo/.local/lib/python3.8/site-packages/airflow/example_dags/example_short_circuit_decorator.py took 0.176 seconds
[2022-12-23T02:19:38.949+0100] {processor.py:153} INFO - Started process (PID=7109) to work on /home/momo/.local/lib/python3.8/site-packages/airflow/example_dags/example_short_circuit_decorator.py
[2022-12-23T02:19:38.951+0100] {processor.py:743} INFO - Processing file /home/momo/.local/lib/python3.8/site-packages/airflow/example_dags/example_short_circuit_decorator.py for tasks to queue
[2022-12-23T02:19:38.952+0100] {logging_mixin.py:137} INFO - [2022-12-23T02:19:38.952+0100] {dagbag.py:538} INFO - Filling up the DagBag from /home/momo/.local/lib/python3.8/site-packages/airflow/example_dags/example_short_circuit_decorator.py
[2022-12-23T02:19:38.990+0100] {processor.py:753} INFO - DAG(s) dict_keys(['example_short_circuit_decorator']) retrieved from /home/momo/.local/lib/python3.8/site-packages/airflow/example_dags/example_short_circuit_decorator.py
[2022-12-23T02:19:39.026+0100] {logging_mixin.py:137} INFO - [2022-12-23T02:19:39.025+0100] {dag.py:2676} INFO - Sync 1 DAGs
[2022-12-23T02:19:39.056+0100] {logging_mixin.py:137} INFO - [2022-12-23T02:19:39.056+0100] {dag.py:3423} INFO - Setting next_dagrun for example_short_circuit_decorator to 2022-12-22T01:19:39.055883+00:00, run_after=2022-12-23T01:19:39.055883+00:00
[2022-12-23T02:19:39.091+0100] {processor.py:175} INFO - Processing /home/momo/.local/lib/python3.8/site-packages/airflow/example_dags/example_short_circuit_decorator.py took 0.146 seconds
[2022-12-23T02:20:45.609+0100] {processor.py:153} INFO - Started process (PID=7163) to work on /home/momo/.local/lib/python3.8/site-packages/airflow/example_dags/example_short_circuit_decorator.py
[2022-12-23T02:20:45.614+0100] {processor.py:743} INFO - Processing file /home/momo/.local/lib/python3.8/site-packages/airflow/example_dags/example_short_circuit_decorator.py for tasks to queue
[2022-12-23T02:20:45.616+0100] {logging_mixin.py:137} INFO - [2022-12-23T02:20:45.616+0100] {dagbag.py:538} INFO - Filling up the DagBag from /home/momo/.local/lib/python3.8/site-packages/airflow/example_dags/example_short_circuit_decorator.py
[2022-12-23T02:20:45.691+0100] {processor.py:753} INFO - DAG(s) dict_keys(['example_short_circuit_decorator']) retrieved from /home/momo/.local/lib/python3.8/site-packages/airflow/example_dags/example_short_circuit_decorator.py
[2022-12-23T02:20:45.731+0100] {logging_mixin.py:137} INFO - [2022-12-23T02:20:45.731+0100] {dag.py:2676} INFO - Sync 1 DAGs
[2022-12-23T02:20:45.766+0100] {logging_mixin.py:137} INFO - [2022-12-23T02:20:45.765+0100] {dag.py:3423} INFO - Setting next_dagrun for example_short_circuit_decorator to 2022-12-22T01:20:45.765498+00:00, run_after=2022-12-23T01:20:45.765498+00:00
[2022-12-23T02:20:45.802+0100] {processor.py:175} INFO - Processing /home/momo/.local/lib/python3.8/site-packages/airflow/example_dags/example_short_circuit_decorator.py took 0.204 seconds
[2022-12-23T02:21:45.526+0100] {processor.py:153} INFO - Started process (PID=7219) to work on /home/momo/.local/lib/python3.8/site-packages/airflow/example_dags/example_short_circuit_decorator.py
[2022-12-23T02:21:45.527+0100] {processor.py:743} INFO - Processing file /home/momo/.local/lib/python3.8/site-packages/airflow/example_dags/example_short_circuit_decorator.py for tasks to queue
[2022-12-23T02:21:45.529+0100] {logging_mixin.py:137} INFO - [2022-12-23T02:21:45.528+0100] {dagbag.py:538} INFO - Filling up the DagBag from /home/momo/.local/lib/python3.8/site-packages/airflow/example_dags/example_short_circuit_decorator.py
[2022-12-23T02:21:45.577+0100] {processor.py:753} INFO - DAG(s) dict_keys(['example_short_circuit_decorator']) retrieved from /home/momo/.local/lib/python3.8/site-packages/airflow/example_dags/example_short_circuit_decorator.py
[2022-12-23T02:21:45.627+0100] {logging_mixin.py:137} INFO - [2022-12-23T02:21:45.627+0100] {dag.py:2676} INFO - Sync 1 DAGs
[2022-12-23T02:21:45.691+0100] {logging_mixin.py:137} INFO - [2022-12-23T02:21:45.691+0100] {dag.py:3423} INFO - Setting next_dagrun for example_short_circuit_decorator to 2022-12-22T01:21:45.690647+00:00, run_after=2022-12-23T01:21:45.690647+00:00
[2022-12-23T02:21:45.739+0100] {processor.py:175} INFO - Processing /home/momo/.local/lib/python3.8/site-packages/airflow/example_dags/example_short_circuit_decorator.py took 0.219 seconds
