[2022-12-23T01:00:08.837+0100] {processor.py:153} INFO - Started process (PID=27018) to work on /home/momo/.local/lib/python3.8/site-packages/airflow/example_dags/example_short_circuit_operator.py
[2022-12-23T01:00:08.839+0100] {processor.py:743} INFO - Processing file /home/momo/.local/lib/python3.8/site-packages/airflow/example_dags/example_short_circuit_operator.py for tasks to queue
[2022-12-23T01:00:08.840+0100] {logging_mixin.py:137} INFO - [2022-12-23T01:00:08.840+0100] {dagbag.py:538} INFO - Filling up the DagBag from /home/momo/.local/lib/python3.8/site-packages/airflow/example_dags/example_short_circuit_operator.py
[2022-12-23T01:00:08.881+0100] {processor.py:753} INFO - DAG(s) dict_keys(['example_short_circuit_operator']) retrieved from /home/momo/.local/lib/python3.8/site-packages/airflow/example_dags/example_short_circuit_operator.py
[2022-12-23T01:00:08.949+0100] {logging_mixin.py:137} INFO - [2022-12-23T01:00:08.949+0100] {dag.py:2676} INFO - Sync 1 DAGs
[2022-12-23T01:00:09.021+0100] {logging_mixin.py:137} INFO - [2022-12-23T01:00:09.021+0100] {dag.py:3423} INFO - Setting next_dagrun for example_short_circuit_operator to 2022-12-22T00:00:09.019867+00:00, run_after=2022-12-23T00:00:09.019867+00:00
[2022-12-23T01:00:09.117+0100] {processor.py:175} INFO - Processing /home/momo/.local/lib/python3.8/site-packages/airflow/example_dags/example_short_circuit_operator.py took 0.288 seconds
[2022-12-23T01:00:59.217+0100] {processor.py:153} INFO - Started process (PID=27055) to work on /home/momo/.local/lib/python3.8/site-packages/airflow/example_dags/example_short_circuit_operator.py
[2022-12-23T01:00:59.222+0100] {processor.py:743} INFO - Processing file /home/momo/.local/lib/python3.8/site-packages/airflow/example_dags/example_short_circuit_operator.py for tasks to queue
[2022-12-23T01:00:59.225+0100] {logging_mixin.py:137} INFO - [2022-12-23T01:00:59.225+0100] {dagbag.py:538} INFO - Filling up the DagBag from /home/momo/.local/lib/python3.8/site-packages/airflow/example_dags/example_short_circuit_operator.py
[2022-12-23T01:00:59.299+0100] {processor.py:753} INFO - DAG(s) dict_keys(['example_short_circuit_operator']) retrieved from /home/momo/.local/lib/python3.8/site-packages/airflow/example_dags/example_short_circuit_operator.py
[2022-12-23T01:00:59.378+0100] {logging_mixin.py:137} INFO - [2022-12-23T01:00:59.377+0100] {dag.py:2676} INFO - Sync 1 DAGs
[2022-12-23T01:00:59.429+0100] {logging_mixin.py:137} INFO - [2022-12-23T01:00:59.429+0100] {dag.py:3423} INFO - Setting next_dagrun for example_short_circuit_operator to 2022-12-22T00:00:59.428345+00:00, run_after=2022-12-23T00:00:59.428345+00:00
[2022-12-23T01:00:59.482+0100] {processor.py:175} INFO - Processing /home/momo/.local/lib/python3.8/site-packages/airflow/example_dags/example_short_circuit_operator.py took 0.283 seconds
[2022-12-23T01:02:09.395+0100] {processor.py:153} INFO - Started process (PID=27105) to work on /home/momo/.local/lib/python3.8/site-packages/airflow/example_dags/example_short_circuit_operator.py
[2022-12-23T01:02:09.406+0100] {processor.py:743} INFO - Processing file /home/momo/.local/lib/python3.8/site-packages/airflow/example_dags/example_short_circuit_operator.py for tasks to queue
[2022-12-23T01:02:09.410+0100] {logging_mixin.py:137} INFO - [2022-12-23T01:02:09.409+0100] {dagbag.py:538} INFO - Filling up the DagBag from /home/momo/.local/lib/python3.8/site-packages/airflow/example_dags/example_short_circuit_operator.py
[2022-12-23T01:02:09.506+0100] {processor.py:753} INFO - DAG(s) dict_keys(['example_short_circuit_operator']) retrieved from /home/momo/.local/lib/python3.8/site-packages/airflow/example_dags/example_short_circuit_operator.py
[2022-12-23T01:02:09.594+0100] {logging_mixin.py:137} INFO - [2022-12-23T01:02:09.593+0100] {dag.py:2676} INFO - Sync 1 DAGs
[2022-12-23T01:02:09.641+0100] {logging_mixin.py:137} INFO - [2022-12-23T01:02:09.641+0100] {dag.py:3423} INFO - Setting next_dagrun for example_short_circuit_operator to 2022-12-22T00:02:09.640051+00:00, run_after=2022-12-23T00:02:09.640051+00:00
[2022-12-23T01:02:09.731+0100] {processor.py:175} INFO - Processing /home/momo/.local/lib/python3.8/site-packages/airflow/example_dags/example_short_circuit_operator.py took 0.351 seconds
[2022-12-23T01:02:57.080+0100] {processor.py:153} INFO - Started process (PID=27140) to work on /home/momo/.local/lib/python3.8/site-packages/airflow/example_dags/example_short_circuit_operator.py
[2022-12-23T01:02:57.089+0100] {processor.py:743} INFO - Processing file /home/momo/.local/lib/python3.8/site-packages/airflow/example_dags/example_short_circuit_operator.py for tasks to queue
[2022-12-23T01:02:57.091+0100] {logging_mixin.py:137} INFO - [2022-12-23T01:02:57.090+0100] {dagbag.py:538} INFO - Filling up the DagBag from /home/momo/.local/lib/python3.8/site-packages/airflow/example_dags/example_short_circuit_operator.py
[2022-12-23T01:02:57.134+0100] {processor.py:753} INFO - DAG(s) dict_keys(['example_short_circuit_operator']) retrieved from /home/momo/.local/lib/python3.8/site-packages/airflow/example_dags/example_short_circuit_operator.py
[2022-12-23T01:02:57.227+0100] {logging_mixin.py:137} INFO - [2022-12-23T01:02:57.226+0100] {dag.py:2676} INFO - Sync 1 DAGs
[2022-12-23T01:02:57.278+0100] {logging_mixin.py:137} INFO - [2022-12-23T01:02:57.277+0100] {dag.py:3423} INFO - Setting next_dagrun for example_short_circuit_operator to 2022-12-22T00:02:57.277169+00:00, run_after=2022-12-23T00:02:57.277169+00:00
[2022-12-23T01:02:57.353+0100] {processor.py:175} INFO - Processing /home/momo/.local/lib/python3.8/site-packages/airflow/example_dags/example_short_circuit_operator.py took 0.283 seconds
[2022-12-23T01:04:06.068+0100] {processor.py:153} INFO - Started process (PID=27193) to work on /home/momo/.local/lib/python3.8/site-packages/airflow/example_dags/example_short_circuit_operator.py
[2022-12-23T01:04:06.079+0100] {processor.py:743} INFO - Processing file /home/momo/.local/lib/python3.8/site-packages/airflow/example_dags/example_short_circuit_operator.py for tasks to queue
[2022-12-23T01:04:06.083+0100] {logging_mixin.py:137} INFO - [2022-12-23T01:04:06.082+0100] {dagbag.py:538} INFO - Filling up the DagBag from /home/momo/.local/lib/python3.8/site-packages/airflow/example_dags/example_short_circuit_operator.py
[2022-12-23T01:04:06.181+0100] {processor.py:753} INFO - DAG(s) dict_keys(['example_short_circuit_operator']) retrieved from /home/momo/.local/lib/python3.8/site-packages/airflow/example_dags/example_short_circuit_operator.py
[2022-12-23T01:04:06.280+0100] {logging_mixin.py:137} INFO - [2022-12-23T01:04:06.279+0100] {dag.py:2676} INFO - Sync 1 DAGs
[2022-12-23T01:04:06.329+0100] {logging_mixin.py:137} INFO - [2022-12-23T01:04:06.329+0100] {dag.py:3423} INFO - Setting next_dagrun for example_short_circuit_operator to 2022-12-22T00:04:06.328783+00:00, run_after=2022-12-23T00:04:06.328783+00:00
[2022-12-23T01:04:06.379+0100] {processor.py:175} INFO - Processing /home/momo/.local/lib/python3.8/site-packages/airflow/example_dags/example_short_circuit_operator.py took 0.328 seconds
[2022-12-23T01:04:59.272+0100] {processor.py:153} INFO - Started process (PID=27227) to work on /home/momo/.local/lib/python3.8/site-packages/airflow/example_dags/example_short_circuit_operator.py
[2022-12-23T01:04:59.277+0100] {processor.py:743} INFO - Processing file /home/momo/.local/lib/python3.8/site-packages/airflow/example_dags/example_short_circuit_operator.py for tasks to queue
[2022-12-23T01:04:59.281+0100] {logging_mixin.py:137} INFO - [2022-12-23T01:04:59.280+0100] {dagbag.py:538} INFO - Filling up the DagBag from /home/momo/.local/lib/python3.8/site-packages/airflow/example_dags/example_short_circuit_operator.py
[2022-12-23T01:04:59.367+0100] {processor.py:753} INFO - DAG(s) dict_keys(['example_short_circuit_operator']) retrieved from /home/momo/.local/lib/python3.8/site-packages/airflow/example_dags/example_short_circuit_operator.py
[2022-12-23T01:04:59.428+0100] {logging_mixin.py:137} INFO - [2022-12-23T01:04:59.428+0100] {dag.py:2676} INFO - Sync 1 DAGs
[2022-12-23T01:04:59.481+0100] {logging_mixin.py:137} INFO - [2022-12-23T01:04:59.480+0100] {dag.py:3423} INFO - Setting next_dagrun for example_short_circuit_operator to 2022-12-22T00:04:59.479975+00:00, run_after=2022-12-23T00:04:59.479975+00:00
[2022-12-23T01:04:59.841+0100] {processor.py:175} INFO - Processing /home/momo/.local/lib/python3.8/site-packages/airflow/example_dags/example_short_circuit_operator.py took 0.586 seconds
[2022-12-23T01:05:55.373+0100] {processor.py:153} INFO - Started process (PID=27265) to work on /home/momo/.local/lib/python3.8/site-packages/airflow/example_dags/example_short_circuit_operator.py
[2022-12-23T01:05:55.378+0100] {processor.py:743} INFO - Processing file /home/momo/.local/lib/python3.8/site-packages/airflow/example_dags/example_short_circuit_operator.py for tasks to queue
[2022-12-23T01:05:55.382+0100] {logging_mixin.py:137} INFO - [2022-12-23T01:05:55.381+0100] {dagbag.py:538} INFO - Filling up the DagBag from /home/momo/.local/lib/python3.8/site-packages/airflow/example_dags/example_short_circuit_operator.py
[2022-12-23T01:05:55.475+0100] {processor.py:753} INFO - DAG(s) dict_keys(['example_short_circuit_operator']) retrieved from /home/momo/.local/lib/python3.8/site-packages/airflow/example_dags/example_short_circuit_operator.py
[2022-12-23T01:05:55.642+0100] {logging_mixin.py:137} INFO - [2022-12-23T01:05:55.642+0100] {dag.py:2676} INFO - Sync 1 DAGs
[2022-12-23T01:05:55.696+0100] {logging_mixin.py:137} INFO - [2022-12-23T01:05:55.695+0100] {dag.py:3423} INFO - Setting next_dagrun for example_short_circuit_operator to 2022-12-22T00:05:55.695093+00:00, run_after=2022-12-23T00:05:55.695093+00:00
[2022-12-23T01:05:55.783+0100] {processor.py:175} INFO - Processing /home/momo/.local/lib/python3.8/site-packages/airflow/example_dags/example_short_circuit_operator.py took 0.425 seconds
[2022-12-23T01:06:43.035+0100] {processor.py:153} INFO - Started process (PID=27299) to work on /home/momo/.local/lib/python3.8/site-packages/airflow/example_dags/example_short_circuit_operator.py
[2022-12-23T01:06:43.038+0100] {processor.py:743} INFO - Processing file /home/momo/.local/lib/python3.8/site-packages/airflow/example_dags/example_short_circuit_operator.py for tasks to queue
[2022-12-23T01:06:43.040+0100] {logging_mixin.py:137} INFO - [2022-12-23T01:06:43.040+0100] {dagbag.py:538} INFO - Filling up the DagBag from /home/momo/.local/lib/python3.8/site-packages/airflow/example_dags/example_short_circuit_operator.py
[2022-12-23T01:06:43.094+0100] {processor.py:753} INFO - DAG(s) dict_keys(['example_short_circuit_operator']) retrieved from /home/momo/.local/lib/python3.8/site-packages/airflow/example_dags/example_short_circuit_operator.py
[2022-12-23T01:06:43.169+0100] {logging_mixin.py:137} INFO - [2022-12-23T01:06:43.168+0100] {dag.py:2676} INFO - Sync 1 DAGs
[2022-12-23T01:06:43.226+0100] {logging_mixin.py:137} INFO - [2022-12-23T01:06:43.226+0100] {dag.py:3423} INFO - Setting next_dagrun for example_short_circuit_operator to 2022-12-22T00:06:43.225458+00:00, run_after=2022-12-23T00:06:43.225458+00:00
[2022-12-23T01:06:43.292+0100] {processor.py:175} INFO - Processing /home/momo/.local/lib/python3.8/site-packages/airflow/example_dags/example_short_circuit_operator.py took 0.266 seconds
[2022-12-23T01:07:30.006+0100] {processor.py:153} INFO - Started process (PID=27333) to work on /home/momo/.local/lib/python3.8/site-packages/airflow/example_dags/example_short_circuit_operator.py
[2022-12-23T01:07:30.008+0100] {processor.py:743} INFO - Processing file /home/momo/.local/lib/python3.8/site-packages/airflow/example_dags/example_short_circuit_operator.py for tasks to queue
[2022-12-23T01:07:30.010+0100] {logging_mixin.py:137} INFO - [2022-12-23T01:07:30.009+0100] {dagbag.py:538} INFO - Filling up the DagBag from /home/momo/.local/lib/python3.8/site-packages/airflow/example_dags/example_short_circuit_operator.py
[2022-12-23T01:07:30.039+0100] {processor.py:753} INFO - DAG(s) dict_keys(['example_short_circuit_operator']) retrieved from /home/momo/.local/lib/python3.8/site-packages/airflow/example_dags/example_short_circuit_operator.py
[2022-12-23T01:07:30.089+0100] {logging_mixin.py:137} INFO - [2022-12-23T01:07:30.088+0100] {dag.py:2676} INFO - Sync 1 DAGs
[2022-12-23T01:07:30.121+0100] {logging_mixin.py:137} INFO - [2022-12-23T01:07:30.121+0100] {dag.py:3423} INFO - Setting next_dagrun for example_short_circuit_operator to 2022-12-22T00:07:30.120739+00:00, run_after=2022-12-23T00:07:30.120739+00:00
[2022-12-23T01:07:30.174+0100] {processor.py:175} INFO - Processing /home/momo/.local/lib/python3.8/site-packages/airflow/example_dags/example_short_circuit_operator.py took 0.174 seconds
[2022-12-23T01:08:36.406+0100] {processor.py:153} INFO - Started process (PID=27388) to work on /home/momo/.local/lib/python3.8/site-packages/airflow/example_dags/example_short_circuit_operator.py
[2022-12-23T01:08:36.408+0100] {processor.py:743} INFO - Processing file /home/momo/.local/lib/python3.8/site-packages/airflow/example_dags/example_short_circuit_operator.py for tasks to queue
[2022-12-23T01:08:36.410+0100] {logging_mixin.py:137} INFO - [2022-12-23T01:08:36.409+0100] {dagbag.py:538} INFO - Filling up the DagBag from /home/momo/.local/lib/python3.8/site-packages/airflow/example_dags/example_short_circuit_operator.py
[2022-12-23T01:08:36.475+0100] {processor.py:753} INFO - DAG(s) dict_keys(['example_short_circuit_operator']) retrieved from /home/momo/.local/lib/python3.8/site-packages/airflow/example_dags/example_short_circuit_operator.py
[2022-12-23T01:08:36.539+0100] {logging_mixin.py:137} INFO - [2022-12-23T01:08:36.539+0100] {dag.py:2676} INFO - Sync 1 DAGs
[2022-12-23T01:08:36.590+0100] {logging_mixin.py:137} INFO - [2022-12-23T01:08:36.589+0100] {dag.py:3423} INFO - Setting next_dagrun for example_short_circuit_operator to 2022-12-22T00:08:36.589080+00:00, run_after=2022-12-23T00:08:36.589080+00:00
[2022-12-23T01:08:36.644+0100] {processor.py:175} INFO - Processing /home/momo/.local/lib/python3.8/site-packages/airflow/example_dags/example_short_circuit_operator.py took 0.251 seconds
[2022-12-23T01:09:29.396+0100] {processor.py:153} INFO - Started process (PID=27423) to work on /home/momo/.local/lib/python3.8/site-packages/airflow/example_dags/example_short_circuit_operator.py
[2022-12-23T01:09:29.401+0100] {processor.py:743} INFO - Processing file /home/momo/.local/lib/python3.8/site-packages/airflow/example_dags/example_short_circuit_operator.py for tasks to queue
[2022-12-23T01:09:29.405+0100] {logging_mixin.py:137} INFO - [2022-12-23T01:09:29.404+0100] {dagbag.py:538} INFO - Filling up the DagBag from /home/momo/.local/lib/python3.8/site-packages/airflow/example_dags/example_short_circuit_operator.py
[2022-12-23T01:09:29.472+0100] {processor.py:753} INFO - DAG(s) dict_keys(['example_short_circuit_operator']) retrieved from /home/momo/.local/lib/python3.8/site-packages/airflow/example_dags/example_short_circuit_operator.py
[2022-12-23T01:09:29.531+0100] {logging_mixin.py:137} INFO - [2022-12-23T01:09:29.531+0100] {dag.py:2676} INFO - Sync 1 DAGs
[2022-12-23T01:09:29.582+0100] {logging_mixin.py:137} INFO - [2022-12-23T01:09:29.581+0100] {dag.py:3423} INFO - Setting next_dagrun for example_short_circuit_operator to 2022-12-22T00:09:29.581152+00:00, run_after=2022-12-23T00:09:29.581152+00:00
[2022-12-23T01:09:29.636+0100] {processor.py:175} INFO - Processing /home/momo/.local/lib/python3.8/site-packages/airflow/example_dags/example_short_circuit_operator.py took 0.256 seconds
[2022-12-23T01:10:34.862+0100] {processor.py:153} INFO - Started process (PID=27463) to work on /home/momo/.local/lib/python3.8/site-packages/airflow/example_dags/example_short_circuit_operator.py
[2022-12-23T01:10:34.873+0100] {processor.py:743} INFO - Processing file /home/momo/.local/lib/python3.8/site-packages/airflow/example_dags/example_short_circuit_operator.py for tasks to queue
[2022-12-23T01:10:34.874+0100] {logging_mixin.py:137} INFO - [2022-12-23T01:10:34.874+0100] {dagbag.py:538} INFO - Filling up the DagBag from /home/momo/.local/lib/python3.8/site-packages/airflow/example_dags/example_short_circuit_operator.py
[2022-12-23T01:10:34.915+0100] {processor.py:753} INFO - DAG(s) dict_keys(['example_short_circuit_operator']) retrieved from /home/momo/.local/lib/python3.8/site-packages/airflow/example_dags/example_short_circuit_operator.py
[2022-12-23T01:10:35.009+0100] {logging_mixin.py:137} INFO - [2022-12-23T01:10:35.008+0100] {dag.py:2676} INFO - Sync 1 DAGs
[2022-12-23T01:10:35.060+0100] {logging_mixin.py:137} INFO - [2022-12-23T01:10:35.060+0100] {dag.py:3423} INFO - Setting next_dagrun for example_short_circuit_operator to 2022-12-22T00:10:35.059497+00:00, run_after=2022-12-23T00:10:35.059497+00:00
[2022-12-23T01:10:35.372+0100] {processor.py:175} INFO - Processing /home/momo/.local/lib/python3.8/site-packages/airflow/example_dags/example_short_circuit_operator.py took 0.534 seconds
[2022-12-23T01:11:29.004+0100] {processor.py:153} INFO - Started process (PID=27501) to work on /home/momo/.local/lib/python3.8/site-packages/airflow/example_dags/example_short_circuit_operator.py
[2022-12-23T01:11:29.007+0100] {processor.py:743} INFO - Processing file /home/momo/.local/lib/python3.8/site-packages/airflow/example_dags/example_short_circuit_operator.py for tasks to queue
[2022-12-23T01:11:29.009+0100] {logging_mixin.py:137} INFO - [2022-12-23T01:11:29.009+0100] {dagbag.py:538} INFO - Filling up the DagBag from /home/momo/.local/lib/python3.8/site-packages/airflow/example_dags/example_short_circuit_operator.py
[2022-12-23T01:11:29.060+0100] {processor.py:753} INFO - DAG(s) dict_keys(['example_short_circuit_operator']) retrieved from /home/momo/.local/lib/python3.8/site-packages/airflow/example_dags/example_short_circuit_operator.py
[2022-12-23T01:11:29.147+0100] {logging_mixin.py:137} INFO - [2022-12-23T01:11:29.147+0100] {dag.py:2676} INFO - Sync 1 DAGs
[2022-12-23T01:11:29.200+0100] {logging_mixin.py:137} INFO - [2022-12-23T01:11:29.200+0100] {dag.py:3423} INFO - Setting next_dagrun for example_short_circuit_operator to 2022-12-22T00:11:29.199410+00:00, run_after=2022-12-23T00:11:29.199410+00:00
[2022-12-23T01:11:29.254+0100] {processor.py:175} INFO - Processing /home/momo/.local/lib/python3.8/site-packages/airflow/example_dags/example_short_circuit_operator.py took 0.264 seconds
[2022-12-23T01:12:37.042+0100] {processor.py:153} INFO - Started process (PID=27553) to work on /home/momo/.local/lib/python3.8/site-packages/airflow/example_dags/example_short_circuit_operator.py
[2022-12-23T01:12:37.053+0100] {processor.py:743} INFO - Processing file /home/momo/.local/lib/python3.8/site-packages/airflow/example_dags/example_short_circuit_operator.py for tasks to queue
[2022-12-23T01:12:37.057+0100] {logging_mixin.py:137} INFO - [2022-12-23T01:12:37.057+0100] {dagbag.py:538} INFO - Filling up the DagBag from /home/momo/.local/lib/python3.8/site-packages/airflow/example_dags/example_short_circuit_operator.py
[2022-12-23T01:12:37.161+0100] {processor.py:753} INFO - DAG(s) dict_keys(['example_short_circuit_operator']) retrieved from /home/momo/.local/lib/python3.8/site-packages/airflow/example_dags/example_short_circuit_operator.py
[2022-12-23T01:12:37.310+0100] {logging_mixin.py:137} INFO - [2022-12-23T01:12:37.310+0100] {dag.py:2676} INFO - Sync 1 DAGs
[2022-12-23T01:12:37.360+0100] {logging_mixin.py:137} INFO - [2022-12-23T01:12:37.360+0100] {dag.py:3423} INFO - Setting next_dagrun for example_short_circuit_operator to 2022-12-22T00:12:37.359363+00:00, run_after=2022-12-23T00:12:37.359363+00:00
[2022-12-23T01:12:37.417+0100] {processor.py:175} INFO - Processing /home/momo/.local/lib/python3.8/site-packages/airflow/example_dags/example_short_circuit_operator.py took 0.390 seconds
[2022-12-23T01:13:43.897+0100] {processor.py:153} INFO - Started process (PID=27604) to work on /home/momo/.local/lib/python3.8/site-packages/airflow/example_dags/example_short_circuit_operator.py
[2022-12-23T01:13:43.900+0100] {processor.py:743} INFO - Processing file /home/momo/.local/lib/python3.8/site-packages/airflow/example_dags/example_short_circuit_operator.py for tasks to queue
[2022-12-23T01:13:43.901+0100] {logging_mixin.py:137} INFO - [2022-12-23T01:13:43.901+0100] {dagbag.py:538} INFO - Filling up the DagBag from /home/momo/.local/lib/python3.8/site-packages/airflow/example_dags/example_short_circuit_operator.py
[2022-12-23T01:13:43.945+0100] {processor.py:753} INFO - DAG(s) dict_keys(['example_short_circuit_operator']) retrieved from /home/momo/.local/lib/python3.8/site-packages/airflow/example_dags/example_short_circuit_operator.py
[2022-12-23T01:13:44.006+0100] {logging_mixin.py:137} INFO - [2022-12-23T01:13:44.006+0100] {dag.py:2676} INFO - Sync 1 DAGs
[2022-12-23T01:13:44.071+0100] {logging_mixin.py:137} INFO - [2022-12-23T01:13:44.070+0100] {dag.py:3423} INFO - Setting next_dagrun for example_short_circuit_operator to 2022-12-22T00:13:44.069434+00:00, run_after=2022-12-23T00:13:44.069434+00:00
[2022-12-23T01:13:44.166+0100] {processor.py:175} INFO - Processing /home/momo/.local/lib/python3.8/site-packages/airflow/example_dags/example_short_circuit_operator.py took 0.276 seconds
[2022-12-23T01:14:35.559+0100] {processor.py:153} INFO - Started process (PID=27639) to work on /home/momo/.local/lib/python3.8/site-packages/airflow/example_dags/example_short_circuit_operator.py
[2022-12-23T01:14:35.567+0100] {processor.py:743} INFO - Processing file /home/momo/.local/lib/python3.8/site-packages/airflow/example_dags/example_short_circuit_operator.py for tasks to queue
[2022-12-23T01:14:35.571+0100] {logging_mixin.py:137} INFO - [2022-12-23T01:14:35.570+0100] {dagbag.py:538} INFO - Filling up the DagBag from /home/momo/.local/lib/python3.8/site-packages/airflow/example_dags/example_short_circuit_operator.py
[2022-12-23T01:14:35.637+0100] {processor.py:753} INFO - DAG(s) dict_keys(['example_short_circuit_operator']) retrieved from /home/momo/.local/lib/python3.8/site-packages/airflow/example_dags/example_short_circuit_operator.py
[2022-12-23T01:14:35.704+0100] {logging_mixin.py:137} INFO - [2022-12-23T01:14:35.704+0100] {dag.py:2676} INFO - Sync 1 DAGs
[2022-12-23T01:14:35.751+0100] {logging_mixin.py:137} INFO - [2022-12-23T01:14:35.751+0100] {dag.py:3423} INFO - Setting next_dagrun for example_short_circuit_operator to 2022-12-22T00:14:35.750905+00:00, run_after=2022-12-23T00:14:35.750905+00:00
[2022-12-23T01:14:35.803+0100] {processor.py:175} INFO - Processing /home/momo/.local/lib/python3.8/site-packages/airflow/example_dags/example_short_circuit_operator.py took 0.263 seconds
[2022-12-23T01:15:29.380+0100] {processor.py:153} INFO - Started process (PID=27675) to work on /home/momo/.local/lib/python3.8/site-packages/airflow/example_dags/example_short_circuit_operator.py
[2022-12-23T01:15:29.388+0100] {processor.py:743} INFO - Processing file /home/momo/.local/lib/python3.8/site-packages/airflow/example_dags/example_short_circuit_operator.py for tasks to queue
[2022-12-23T01:15:29.391+0100] {logging_mixin.py:137} INFO - [2022-12-23T01:15:29.391+0100] {dagbag.py:538} INFO - Filling up the DagBag from /home/momo/.local/lib/python3.8/site-packages/airflow/example_dags/example_short_circuit_operator.py
[2022-12-23T01:15:29.453+0100] {processor.py:753} INFO - DAG(s) dict_keys(['example_short_circuit_operator']) retrieved from /home/momo/.local/lib/python3.8/site-packages/airflow/example_dags/example_short_circuit_operator.py
[2022-12-23T01:15:29.514+0100] {logging_mixin.py:137} INFO - [2022-12-23T01:15:29.514+0100] {dag.py:2676} INFO - Sync 1 DAGs
[2022-12-23T01:15:29.566+0100] {logging_mixin.py:137} INFO - [2022-12-23T01:15:29.565+0100] {dag.py:3423} INFO - Setting next_dagrun for example_short_circuit_operator to 2022-12-22T00:15:29.565204+00:00, run_after=2022-12-23T00:15:29.565204+00:00
[2022-12-23T01:15:30.018+0100] {processor.py:175} INFO - Processing /home/momo/.local/lib/python3.8/site-packages/airflow/example_dags/example_short_circuit_operator.py took 0.653 seconds
[2022-12-23T01:16:31.686+0100] {processor.py:153} INFO - Started process (PID=27713) to work on /home/momo/.local/lib/python3.8/site-packages/airflow/example_dags/example_short_circuit_operator.py
[2022-12-23T01:16:31.688+0100] {processor.py:743} INFO - Processing file /home/momo/.local/lib/python3.8/site-packages/airflow/example_dags/example_short_circuit_operator.py for tasks to queue
[2022-12-23T01:16:31.690+0100] {logging_mixin.py:137} INFO - [2022-12-23T01:16:31.690+0100] {dagbag.py:538} INFO - Filling up the DagBag from /home/momo/.local/lib/python3.8/site-packages/airflow/example_dags/example_short_circuit_operator.py
[2022-12-23T01:16:31.743+0100] {processor.py:753} INFO - DAG(s) dict_keys(['example_short_circuit_operator']) retrieved from /home/momo/.local/lib/python3.8/site-packages/airflow/example_dags/example_short_circuit_operator.py
[2022-12-23T01:16:31.810+0100] {logging_mixin.py:137} INFO - [2022-12-23T01:16:31.810+0100] {dag.py:2676} INFO - Sync 1 DAGs
[2022-12-23T01:16:31.863+0100] {logging_mixin.py:137} INFO - [2022-12-23T01:16:31.863+0100] {dag.py:3423} INFO - Setting next_dagrun for example_short_circuit_operator to 2022-12-22T00:16:31.862362+00:00, run_after=2022-12-23T00:16:31.862362+00:00
[2022-12-23T01:16:31.914+0100] {processor.py:175} INFO - Processing /home/momo/.local/lib/python3.8/site-packages/airflow/example_dags/example_short_circuit_operator.py took 0.237 seconds
[2022-12-23T01:17:24.093+0100] {processor.py:153} INFO - Started process (PID=27787) to work on /home/momo/.local/lib/python3.8/site-packages/airflow/example_dags/example_short_circuit_operator.py
[2022-12-23T01:17:24.099+0100] {processor.py:743} INFO - Processing file /home/momo/.local/lib/python3.8/site-packages/airflow/example_dags/example_short_circuit_operator.py for tasks to queue
[2022-12-23T01:17:24.099+0100] {logging_mixin.py:137} INFO - [2022-12-23T01:17:24.099+0100] {dagbag.py:538} INFO - Filling up the DagBag from /home/momo/.local/lib/python3.8/site-packages/airflow/example_dags/example_short_circuit_operator.py
[2022-12-23T01:17:24.178+0100] {processor.py:753} INFO - DAG(s) dict_keys(['example_short_circuit_operator']) retrieved from /home/momo/.local/lib/python3.8/site-packages/airflow/example_dags/example_short_circuit_operator.py
[2022-12-23T01:17:24.298+0100] {logging_mixin.py:137} INFO - [2022-12-23T01:17:24.298+0100] {dag.py:2676} INFO - Sync 1 DAGs
[2022-12-23T01:17:24.337+0100] {logging_mixin.py:137} INFO - [2022-12-23T01:17:24.335+0100] {dag.py:3423} INFO - Setting next_dagrun for example_short_circuit_operator to 2022-12-22T00:17:24.334902+00:00, run_after=2022-12-23T00:17:24.334902+00:00
[2022-12-23T01:17:24.401+0100] {processor.py:175} INFO - Processing /home/momo/.local/lib/python3.8/site-packages/airflow/example_dags/example_short_circuit_operator.py took 0.316 seconds
[2022-12-23T01:18:31.833+0100] {processor.py:153} INFO - Started process (PID=27919) to work on /home/momo/.local/lib/python3.8/site-packages/airflow/example_dags/example_short_circuit_operator.py
[2022-12-23T01:18:31.840+0100] {processor.py:743} INFO - Processing file /home/momo/.local/lib/python3.8/site-packages/airflow/example_dags/example_short_circuit_operator.py for tasks to queue
[2022-12-23T01:18:31.842+0100] {logging_mixin.py:137} INFO - [2022-12-23T01:18:31.842+0100] {dagbag.py:538} INFO - Filling up the DagBag from /home/momo/.local/lib/python3.8/site-packages/airflow/example_dags/example_short_circuit_operator.py
[2022-12-23T01:18:31.908+0100] {processor.py:753} INFO - DAG(s) dict_keys(['example_short_circuit_operator']) retrieved from /home/momo/.local/lib/python3.8/site-packages/airflow/example_dags/example_short_circuit_operator.py
[2022-12-23T01:18:32.019+0100] {logging_mixin.py:137} INFO - [2022-12-23T01:18:32.016+0100] {dag.py:2676} INFO - Sync 1 DAGs
[2022-12-23T01:18:32.087+0100] {logging_mixin.py:137} INFO - [2022-12-23T01:18:32.087+0100] {dag.py:3423} INFO - Setting next_dagrun for example_short_circuit_operator to 2022-12-22T00:18:32.086747+00:00, run_after=2022-12-23T00:18:32.086747+00:00
[2022-12-23T01:18:32.152+0100] {processor.py:175} INFO - Processing /home/momo/.local/lib/python3.8/site-packages/airflow/example_dags/example_short_circuit_operator.py took 0.347 seconds
[2022-12-23T01:19:37.330+0100] {processor.py:153} INFO - Started process (PID=27984) to work on /home/momo/.local/lib/python3.8/site-packages/airflow/example_dags/example_short_circuit_operator.py
[2022-12-23T01:19:37.348+0100] {processor.py:743} INFO - Processing file /home/momo/.local/lib/python3.8/site-packages/airflow/example_dags/example_short_circuit_operator.py for tasks to queue
[2022-12-23T01:19:37.349+0100] {logging_mixin.py:137} INFO - [2022-12-23T01:19:37.349+0100] {dagbag.py:538} INFO - Filling up the DagBag from /home/momo/.local/lib/python3.8/site-packages/airflow/example_dags/example_short_circuit_operator.py
[2022-12-23T01:19:37.408+0100] {processor.py:753} INFO - DAG(s) dict_keys(['example_short_circuit_operator']) retrieved from /home/momo/.local/lib/python3.8/site-packages/airflow/example_dags/example_short_circuit_operator.py
[2022-12-23T01:19:37.478+0100] {logging_mixin.py:137} INFO - [2022-12-23T01:19:37.478+0100] {dag.py:2676} INFO - Sync 1 DAGs
[2022-12-23T01:19:37.529+0100] {logging_mixin.py:137} INFO - [2022-12-23T01:19:37.528+0100] {dag.py:3423} INFO - Setting next_dagrun for example_short_circuit_operator to 2022-12-22T00:19:37.527634+00:00, run_after=2022-12-23T00:19:37.527634+00:00
[2022-12-23T01:19:37.575+0100] {processor.py:175} INFO - Processing /home/momo/.local/lib/python3.8/site-packages/airflow/example_dags/example_short_circuit_operator.py took 0.268 seconds
[2022-12-23T01:20:29.188+0100] {processor.py:153} INFO - Started process (PID=28110) to work on /home/momo/.local/lib/python3.8/site-packages/airflow/example_dags/example_short_circuit_operator.py
[2022-12-23T01:20:29.194+0100] {processor.py:743} INFO - Processing file /home/momo/.local/lib/python3.8/site-packages/airflow/example_dags/example_short_circuit_operator.py for tasks to queue
[2022-12-23T01:20:29.195+0100] {logging_mixin.py:137} INFO - [2022-12-23T01:20:29.195+0100] {dagbag.py:538} INFO - Filling up the DagBag from /home/momo/.local/lib/python3.8/site-packages/airflow/example_dags/example_short_circuit_operator.py
[2022-12-23T01:20:29.229+0100] {processor.py:753} INFO - DAG(s) dict_keys(['example_short_circuit_operator']) retrieved from /home/momo/.local/lib/python3.8/site-packages/airflow/example_dags/example_short_circuit_operator.py
[2022-12-23T01:20:29.287+0100] {logging_mixin.py:137} INFO - [2022-12-23T01:20:29.285+0100] {dag.py:2676} INFO - Sync 1 DAGs
[2022-12-23T01:20:29.320+0100] {logging_mixin.py:137} INFO - [2022-12-23T01:20:29.319+0100] {dag.py:3423} INFO - Setting next_dagrun for example_short_circuit_operator to 2022-12-22T00:20:29.318830+00:00, run_after=2022-12-23T00:20:29.318830+00:00
[2022-12-23T01:20:29.355+0100] {processor.py:175} INFO - Processing /home/momo/.local/lib/python3.8/site-packages/airflow/example_dags/example_short_circuit_operator.py took 0.174 seconds
[2022-12-23T01:21:31.419+0100] {processor.py:153} INFO - Started process (PID=28163) to work on /home/momo/.local/lib/python3.8/site-packages/airflow/example_dags/example_short_circuit_operator.py
[2022-12-23T01:21:31.434+0100] {processor.py:743} INFO - Processing file /home/momo/.local/lib/python3.8/site-packages/airflow/example_dags/example_short_circuit_operator.py for tasks to queue
[2022-12-23T01:21:31.436+0100] {logging_mixin.py:137} INFO - [2022-12-23T01:21:31.435+0100] {dagbag.py:538} INFO - Filling up the DagBag from /home/momo/.local/lib/python3.8/site-packages/airflow/example_dags/example_short_circuit_operator.py
[2022-12-23T01:21:31.483+0100] {processor.py:753} INFO - DAG(s) dict_keys(['example_short_circuit_operator']) retrieved from /home/momo/.local/lib/python3.8/site-packages/airflow/example_dags/example_short_circuit_operator.py
[2022-12-23T01:21:31.566+0100] {logging_mixin.py:137} INFO - [2022-12-23T01:21:31.566+0100] {dag.py:2676} INFO - Sync 1 DAGs
[2022-12-23T01:21:31.631+0100] {logging_mixin.py:137} INFO - [2022-12-23T01:21:31.630+0100] {dag.py:3423} INFO - Setting next_dagrun for example_short_circuit_operator to 2022-12-22T00:21:31.630609+00:00, run_after=2022-12-23T00:21:31.630609+00:00
[2022-12-23T01:21:32.111+0100] {processor.py:175} INFO - Processing /home/momo/.local/lib/python3.8/site-packages/airflow/example_dags/example_short_circuit_operator.py took 0.698 seconds
[2022-12-23T01:22:26.018+0100] {processor.py:153} INFO - Started process (PID=28210) to work on /home/momo/.local/lib/python3.8/site-packages/airflow/example_dags/example_short_circuit_operator.py
[2022-12-23T01:22:26.024+0100] {processor.py:743} INFO - Processing file /home/momo/.local/lib/python3.8/site-packages/airflow/example_dags/example_short_circuit_operator.py for tasks to queue
[2022-12-23T01:22:26.025+0100] {logging_mixin.py:137} INFO - [2022-12-23T01:22:26.025+0100] {dagbag.py:538} INFO - Filling up the DagBag from /home/momo/.local/lib/python3.8/site-packages/airflow/example_dags/example_short_circuit_operator.py
[2022-12-23T01:22:26.078+0100] {processor.py:753} INFO - DAG(s) dict_keys(['example_short_circuit_operator']) retrieved from /home/momo/.local/lib/python3.8/site-packages/airflow/example_dags/example_short_circuit_operator.py
[2022-12-23T01:22:26.166+0100] {logging_mixin.py:137} INFO - [2022-12-23T01:22:26.165+0100] {dag.py:2676} INFO - Sync 1 DAGs
[2022-12-23T01:22:26.238+0100] {logging_mixin.py:137} INFO - [2022-12-23T01:22:26.238+0100] {dag.py:3423} INFO - Setting next_dagrun for example_short_circuit_operator to 2022-12-22T00:22:26.238076+00:00, run_after=2022-12-23T00:22:26.238076+00:00
[2022-12-23T01:22:26.298+0100] {processor.py:175} INFO - Processing /home/momo/.local/lib/python3.8/site-packages/airflow/example_dags/example_short_circuit_operator.py took 0.288 seconds
[2022-12-23T01:23:37.134+0100] {processor.py:153} INFO - Started process (PID=28326) to work on /home/momo/.local/lib/python3.8/site-packages/airflow/example_dags/example_short_circuit_operator.py
[2022-12-23T01:23:37.137+0100] {processor.py:743} INFO - Processing file /home/momo/.local/lib/python3.8/site-packages/airflow/example_dags/example_short_circuit_operator.py for tasks to queue
[2022-12-23T01:23:37.138+0100] {logging_mixin.py:137} INFO - [2022-12-23T01:23:37.138+0100] {dagbag.py:538} INFO - Filling up the DagBag from /home/momo/.local/lib/python3.8/site-packages/airflow/example_dags/example_short_circuit_operator.py
[2022-12-23T01:23:37.197+0100] {processor.py:753} INFO - DAG(s) dict_keys(['example_short_circuit_operator']) retrieved from /home/momo/.local/lib/python3.8/site-packages/airflow/example_dags/example_short_circuit_operator.py
[2022-12-23T01:23:37.288+0100] {logging_mixin.py:137} INFO - [2022-12-23T01:23:37.288+0100] {dag.py:2676} INFO - Sync 1 DAGs
[2022-12-23T01:23:37.371+0100] {logging_mixin.py:137} INFO - [2022-12-23T01:23:37.371+0100] {dag.py:3423} INFO - Setting next_dagrun for example_short_circuit_operator to 2022-12-22T00:23:37.367958+00:00, run_after=2022-12-23T00:23:37.367958+00:00
[2022-12-23T01:23:37.451+0100] {processor.py:175} INFO - Processing /home/momo/.local/lib/python3.8/site-packages/airflow/example_dags/example_short_circuit_operator.py took 0.330 seconds
[2022-12-23T01:43:50.671+0100] {processor.py:153} INFO - Started process (PID=5156) to work on /home/momo/.local/lib/python3.8/site-packages/airflow/example_dags/example_short_circuit_operator.py
[2022-12-23T01:43:50.675+0100] {processor.py:743} INFO - Processing file /home/momo/.local/lib/python3.8/site-packages/airflow/example_dags/example_short_circuit_operator.py for tasks to queue
[2022-12-23T01:43:50.676+0100] {logging_mixin.py:137} INFO - [2022-12-23T01:43:50.676+0100] {dagbag.py:538} INFO - Filling up the DagBag from /home/momo/.local/lib/python3.8/site-packages/airflow/example_dags/example_short_circuit_operator.py
[2022-12-23T01:43:50.718+0100] {processor.py:753} INFO - DAG(s) dict_keys(['example_short_circuit_operator']) retrieved from /home/momo/.local/lib/python3.8/site-packages/airflow/example_dags/example_short_circuit_operator.py
[2022-12-23T01:43:50.759+0100] {logging_mixin.py:137} INFO - [2022-12-23T01:43:50.758+0100] {dag.py:2676} INFO - Sync 1 DAGs
[2022-12-23T01:43:50.790+0100] {logging_mixin.py:137} INFO - [2022-12-23T01:43:50.790+0100] {dag.py:3423} INFO - Setting next_dagrun for example_short_circuit_operator to 2022-12-22T00:43:50.789965+00:00, run_after=2022-12-23T00:43:50.789965+00:00
[2022-12-23T01:43:50.814+0100] {processor.py:175} INFO - Processing /home/momo/.local/lib/python3.8/site-packages/airflow/example_dags/example_short_circuit_operator.py took 0.150 seconds
[2022-12-23T01:44:39.287+0100] {processor.py:153} INFO - Started process (PID=5206) to work on /home/momo/.local/lib/python3.8/site-packages/airflow/example_dags/example_short_circuit_operator.py
[2022-12-23T01:44:39.292+0100] {processor.py:743} INFO - Processing file /home/momo/.local/lib/python3.8/site-packages/airflow/example_dags/example_short_circuit_operator.py for tasks to queue
[2022-12-23T01:44:39.295+0100] {logging_mixin.py:137} INFO - [2022-12-23T01:44:39.294+0100] {dagbag.py:538} INFO - Filling up the DagBag from /home/momo/.local/lib/python3.8/site-packages/airflow/example_dags/example_short_circuit_operator.py
[2022-12-23T01:44:39.328+0100] {processor.py:753} INFO - DAG(s) dict_keys(['example_short_circuit_operator']) retrieved from /home/momo/.local/lib/python3.8/site-packages/airflow/example_dags/example_short_circuit_operator.py
[2022-12-23T01:44:39.363+0100] {logging_mixin.py:137} INFO - [2022-12-23T01:44:39.362+0100] {dag.py:2676} INFO - Sync 1 DAGs
[2022-12-23T01:44:39.392+0100] {logging_mixin.py:137} INFO - [2022-12-23T01:44:39.392+0100] {dag.py:3423} INFO - Setting next_dagrun for example_short_circuit_operator to 2022-12-22T00:44:39.391964+00:00, run_after=2022-12-23T00:44:39.391964+00:00
[2022-12-23T01:44:39.424+0100] {processor.py:175} INFO - Processing /home/momo/.local/lib/python3.8/site-packages/airflow/example_dags/example_short_circuit_operator.py took 0.150 seconds
[2022-12-23T01:45:34.454+0100] {processor.py:153} INFO - Started process (PID=5252) to work on /home/momo/.local/lib/python3.8/site-packages/airflow/example_dags/example_short_circuit_operator.py
[2022-12-23T01:45:34.456+0100] {processor.py:743} INFO - Processing file /home/momo/.local/lib/python3.8/site-packages/airflow/example_dags/example_short_circuit_operator.py for tasks to queue
[2022-12-23T01:45:34.458+0100] {logging_mixin.py:137} INFO - [2022-12-23T01:45:34.458+0100] {dagbag.py:538} INFO - Filling up the DagBag from /home/momo/.local/lib/python3.8/site-packages/airflow/example_dags/example_short_circuit_operator.py
[2022-12-23T01:45:34.503+0100] {processor.py:753} INFO - DAG(s) dict_keys(['example_short_circuit_operator']) retrieved from /home/momo/.local/lib/python3.8/site-packages/airflow/example_dags/example_short_circuit_operator.py
[2022-12-23T01:45:34.565+0100] {logging_mixin.py:137} INFO - [2022-12-23T01:45:34.565+0100] {dag.py:2676} INFO - Sync 1 DAGs
[2022-12-23T01:45:34.614+0100] {logging_mixin.py:137} INFO - [2022-12-23T01:45:34.614+0100] {dag.py:3423} INFO - Setting next_dagrun for example_short_circuit_operator to 2022-12-22T00:45:34.613339+00:00, run_after=2022-12-23T00:45:34.613339+00:00
[2022-12-23T01:45:34.669+0100] {processor.py:175} INFO - Processing /home/momo/.local/lib/python3.8/site-packages/airflow/example_dags/example_short_circuit_operator.py took 0.224 seconds
[2022-12-23T01:46:29.625+0100] {processor.py:153} INFO - Started process (PID=5301) to work on /home/momo/.local/lib/python3.8/site-packages/airflow/example_dags/example_short_circuit_operator.py
[2022-12-23T01:46:29.631+0100] {processor.py:743} INFO - Processing file /home/momo/.local/lib/python3.8/site-packages/airflow/example_dags/example_short_circuit_operator.py for tasks to queue
[2022-12-23T01:46:29.634+0100] {logging_mixin.py:137} INFO - [2022-12-23T01:46:29.633+0100] {dagbag.py:538} INFO - Filling up the DagBag from /home/momo/.local/lib/python3.8/site-packages/airflow/example_dags/example_short_circuit_operator.py
[2022-12-23T01:46:29.683+0100] {processor.py:753} INFO - DAG(s) dict_keys(['example_short_circuit_operator']) retrieved from /home/momo/.local/lib/python3.8/site-packages/airflow/example_dags/example_short_circuit_operator.py
[2022-12-23T01:46:29.742+0100] {logging_mixin.py:137} INFO - [2022-12-23T01:46:29.741+0100] {dag.py:2676} INFO - Sync 1 DAGs
[2022-12-23T01:46:29.786+0100] {logging_mixin.py:137} INFO - [2022-12-23T01:46:29.786+0100] {dag.py:3423} INFO - Setting next_dagrun for example_short_circuit_operator to 2022-12-22T00:46:29.785560+00:00, run_after=2022-12-23T00:46:29.785560+00:00
[2022-12-23T01:46:29.840+0100] {processor.py:175} INFO - Processing /home/momo/.local/lib/python3.8/site-packages/airflow/example_dags/example_short_circuit_operator.py took 0.243 seconds
[2022-12-23T01:47:30.132+0100] {processor.py:153} INFO - Started process (PID=5350) to work on /home/momo/.local/lib/python3.8/site-packages/airflow/example_dags/example_short_circuit_operator.py
[2022-12-23T01:47:30.135+0100] {processor.py:743} INFO - Processing file /home/momo/.local/lib/python3.8/site-packages/airflow/example_dags/example_short_circuit_operator.py for tasks to queue
[2022-12-23T01:47:30.137+0100] {logging_mixin.py:137} INFO - [2022-12-23T01:47:30.137+0100] {dagbag.py:538} INFO - Filling up the DagBag from /home/momo/.local/lib/python3.8/site-packages/airflow/example_dags/example_short_circuit_operator.py
[2022-12-23T01:47:30.184+0100] {processor.py:753} INFO - DAG(s) dict_keys(['example_short_circuit_operator']) retrieved from /home/momo/.local/lib/python3.8/site-packages/airflow/example_dags/example_short_circuit_operator.py
[2022-12-23T01:47:30.235+0100] {logging_mixin.py:137} INFO - [2022-12-23T01:47:30.235+0100] {dag.py:2676} INFO - Sync 1 DAGs
[2022-12-23T01:47:30.279+0100] {logging_mixin.py:137} INFO - [2022-12-23T01:47:30.279+0100] {dag.py:3423} INFO - Setting next_dagrun for example_short_circuit_operator to 2022-12-22T00:47:30.278891+00:00, run_after=2022-12-23T00:47:30.278891+00:00
[2022-12-23T01:47:30.324+0100] {processor.py:175} INFO - Processing /home/momo/.local/lib/python3.8/site-packages/airflow/example_dags/example_short_circuit_operator.py took 0.201 seconds
[2022-12-23T01:48:32.394+0100] {processor.py:153} INFO - Started process (PID=5401) to work on /home/momo/.local/lib/python3.8/site-packages/airflow/example_dags/example_short_circuit_operator.py
[2022-12-23T01:48:32.397+0100] {processor.py:743} INFO - Processing file /home/momo/.local/lib/python3.8/site-packages/airflow/example_dags/example_short_circuit_operator.py for tasks to queue
[2022-12-23T01:48:32.399+0100] {logging_mixin.py:137} INFO - [2022-12-23T01:48:32.399+0100] {dagbag.py:538} INFO - Filling up the DagBag from /home/momo/.local/lib/python3.8/site-packages/airflow/example_dags/example_short_circuit_operator.py
[2022-12-23T01:48:32.499+0100] {processor.py:753} INFO - DAG(s) dict_keys(['example_short_circuit_operator']) retrieved from /home/momo/.local/lib/python3.8/site-packages/airflow/example_dags/example_short_circuit_operator.py
[2022-12-23T01:48:32.570+0100] {logging_mixin.py:137} INFO - [2022-12-23T01:48:32.569+0100] {dag.py:2676} INFO - Sync 1 DAGs
[2022-12-23T01:48:32.648+0100] {logging_mixin.py:137} INFO - [2022-12-23T01:48:32.647+0100] {dag.py:3423} INFO - Setting next_dagrun for example_short_circuit_operator to 2022-12-22T00:48:32.646982+00:00, run_after=2022-12-23T00:48:32.646982+00:00
[2022-12-23T01:48:32.754+0100] {processor.py:175} INFO - Processing /home/momo/.local/lib/python3.8/site-packages/airflow/example_dags/example_short_circuit_operator.py took 0.372 seconds
[2022-12-23T01:49:32.870+0100] {processor.py:153} INFO - Started process (PID=5450) to work on /home/momo/.local/lib/python3.8/site-packages/airflow/example_dags/example_short_circuit_operator.py
[2022-12-23T01:49:32.873+0100] {processor.py:743} INFO - Processing file /home/momo/.local/lib/python3.8/site-packages/airflow/example_dags/example_short_circuit_operator.py for tasks to queue
[2022-12-23T01:49:32.875+0100] {logging_mixin.py:137} INFO - [2022-12-23T01:49:32.875+0100] {dagbag.py:538} INFO - Filling up the DagBag from /home/momo/.local/lib/python3.8/site-packages/airflow/example_dags/example_short_circuit_operator.py
[2022-12-23T01:49:32.920+0100] {processor.py:753} INFO - DAG(s) dict_keys(['example_short_circuit_operator']) retrieved from /home/momo/.local/lib/python3.8/site-packages/airflow/example_dags/example_short_circuit_operator.py
[2022-12-23T01:49:32.974+0100] {logging_mixin.py:137} INFO - [2022-12-23T01:49:32.974+0100] {dag.py:2676} INFO - Sync 1 DAGs
[2022-12-23T01:49:33.010+0100] {logging_mixin.py:137} INFO - [2022-12-23T01:49:33.010+0100] {dag.py:3423} INFO - Setting next_dagrun for example_short_circuit_operator to 2022-12-22T00:49:33.009571+00:00, run_after=2022-12-23T00:49:33.009571+00:00
[2022-12-23T01:49:33.049+0100] {processor.py:175} INFO - Processing /home/momo/.local/lib/python3.8/site-packages/airflow/example_dags/example_short_circuit_operator.py took 0.189 seconds
[2022-12-23T01:50:26.075+0100] {processor.py:153} INFO - Started process (PID=5493) to work on /home/momo/.local/lib/python3.8/site-packages/airflow/example_dags/example_short_circuit_operator.py
[2022-12-23T01:50:26.077+0100] {processor.py:743} INFO - Processing file /home/momo/.local/lib/python3.8/site-packages/airflow/example_dags/example_short_circuit_operator.py for tasks to queue
[2022-12-23T01:50:26.078+0100] {logging_mixin.py:137} INFO - [2022-12-23T01:50:26.078+0100] {dagbag.py:538} INFO - Filling up the DagBag from /home/momo/.local/lib/python3.8/site-packages/airflow/example_dags/example_short_circuit_operator.py
[2022-12-23T01:50:26.121+0100] {processor.py:753} INFO - DAG(s) dict_keys(['example_short_circuit_operator']) retrieved from /home/momo/.local/lib/python3.8/site-packages/airflow/example_dags/example_short_circuit_operator.py
[2022-12-23T01:50:26.178+0100] {logging_mixin.py:137} INFO - [2022-12-23T01:50:26.178+0100] {dag.py:2676} INFO - Sync 1 DAGs
[2022-12-23T01:50:26.213+0100] {logging_mixin.py:137} INFO - [2022-12-23T01:50:26.213+0100] {dag.py:3423} INFO - Setting next_dagrun for example_short_circuit_operator to 2022-12-22T00:50:26.212846+00:00, run_after=2022-12-23T00:50:26.212846+00:00
[2022-12-23T01:50:26.255+0100] {processor.py:175} INFO - Processing /home/momo/.local/lib/python3.8/site-packages/airflow/example_dags/example_short_circuit_operator.py took 0.185 seconds
[2022-12-23T01:51:24.603+0100] {processor.py:153} INFO - Started process (PID=5545) to work on /home/momo/.local/lib/python3.8/site-packages/airflow/example_dags/example_short_circuit_operator.py
[2022-12-23T01:51:24.611+0100] {processor.py:743} INFO - Processing file /home/momo/.local/lib/python3.8/site-packages/airflow/example_dags/example_short_circuit_operator.py for tasks to queue
[2022-12-23T01:51:24.613+0100] {logging_mixin.py:137} INFO - [2022-12-23T01:51:24.612+0100] {dagbag.py:538} INFO - Filling up the DagBag from /home/momo/.local/lib/python3.8/site-packages/airflow/example_dags/example_short_circuit_operator.py
[2022-12-23T01:51:24.674+0100] {processor.py:753} INFO - DAG(s) dict_keys(['example_short_circuit_operator']) retrieved from /home/momo/.local/lib/python3.8/site-packages/airflow/example_dags/example_short_circuit_operator.py
[2022-12-23T01:51:24.733+0100] {logging_mixin.py:137} INFO - [2022-12-23T01:51:24.732+0100] {dag.py:2676} INFO - Sync 1 DAGs
[2022-12-23T01:51:24.791+0100] {logging_mixin.py:137} INFO - [2022-12-23T01:51:24.790+0100] {dag.py:3423} INFO - Setting next_dagrun for example_short_circuit_operator to 2022-12-22T00:51:24.790136+00:00, run_after=2022-12-23T00:51:24.790136+00:00
[2022-12-23T01:51:24.848+0100] {processor.py:175} INFO - Processing /home/momo/.local/lib/python3.8/site-packages/airflow/example_dags/example_short_circuit_operator.py took 0.275 seconds
[2022-12-23T01:52:23.738+0100] {processor.py:153} INFO - Started process (PID=5647) to work on /home/momo/.local/lib/python3.8/site-packages/airflow/example_dags/example_short_circuit_operator.py
[2022-12-23T01:52:23.740+0100] {processor.py:743} INFO - Processing file /home/momo/.local/lib/python3.8/site-packages/airflow/example_dags/example_short_circuit_operator.py for tasks to queue
[2022-12-23T01:52:23.741+0100] {logging_mixin.py:137} INFO - [2022-12-23T01:52:23.741+0100] {dagbag.py:538} INFO - Filling up the DagBag from /home/momo/.local/lib/python3.8/site-packages/airflow/example_dags/example_short_circuit_operator.py
[2022-12-23T01:52:23.783+0100] {processor.py:753} INFO - DAG(s) dict_keys(['example_short_circuit_operator']) retrieved from /home/momo/.local/lib/python3.8/site-packages/airflow/example_dags/example_short_circuit_operator.py
[2022-12-23T01:52:23.848+0100] {logging_mixin.py:137} INFO - [2022-12-23T01:52:23.847+0100] {dag.py:2676} INFO - Sync 1 DAGs
[2022-12-23T01:52:23.905+0100] {logging_mixin.py:137} INFO - [2022-12-23T01:52:23.904+0100] {dag.py:3423} INFO - Setting next_dagrun for example_short_circuit_operator to 2022-12-22T00:52:23.904584+00:00, run_after=2022-12-23T00:52:23.904584+00:00
[2022-12-23T01:52:23.956+0100] {processor.py:175} INFO - Processing /home/momo/.local/lib/python3.8/site-packages/airflow/example_dags/example_short_circuit_operator.py took 0.224 seconds
[2022-12-23T01:53:26.841+0100] {processor.py:153} INFO - Started process (PID=5698) to work on /home/momo/.local/lib/python3.8/site-packages/airflow/example_dags/example_short_circuit_operator.py
[2022-12-23T01:53:26.843+0100] {processor.py:743} INFO - Processing file /home/momo/.local/lib/python3.8/site-packages/airflow/example_dags/example_short_circuit_operator.py for tasks to queue
[2022-12-23T01:53:26.847+0100] {logging_mixin.py:137} INFO - [2022-12-23T01:53:26.847+0100] {dagbag.py:538} INFO - Filling up the DagBag from /home/momo/.local/lib/python3.8/site-packages/airflow/example_dags/example_short_circuit_operator.py
[2022-12-23T01:53:26.886+0100] {processor.py:753} INFO - DAG(s) dict_keys(['example_short_circuit_operator']) retrieved from /home/momo/.local/lib/python3.8/site-packages/airflow/example_dags/example_short_circuit_operator.py
[2022-12-23T01:53:26.948+0100] {logging_mixin.py:137} INFO - [2022-12-23T01:53:26.948+0100] {dag.py:2676} INFO - Sync 1 DAGs
[2022-12-23T01:53:26.992+0100] {logging_mixin.py:137} INFO - [2022-12-23T01:53:26.989+0100] {dag.py:3423} INFO - Setting next_dagrun for example_short_circuit_operator to 2022-12-22T00:53:26.988689+00:00, run_after=2022-12-23T00:53:26.988689+00:00
[2022-12-23T01:53:27.051+0100] {processor.py:175} INFO - Processing /home/momo/.local/lib/python3.8/site-packages/airflow/example_dags/example_short_circuit_operator.py took 0.224 seconds
[2022-12-23T01:54:25.642+0100] {processor.py:153} INFO - Started process (PID=5747) to work on /home/momo/.local/lib/python3.8/site-packages/airflow/example_dags/example_short_circuit_operator.py
[2022-12-23T01:54:25.644+0100] {processor.py:743} INFO - Processing file /home/momo/.local/lib/python3.8/site-packages/airflow/example_dags/example_short_circuit_operator.py for tasks to queue
[2022-12-23T01:54:25.645+0100] {logging_mixin.py:137} INFO - [2022-12-23T01:54:25.645+0100] {dagbag.py:538} INFO - Filling up the DagBag from /home/momo/.local/lib/python3.8/site-packages/airflow/example_dags/example_short_circuit_operator.py
[2022-12-23T01:54:25.674+0100] {processor.py:753} INFO - DAG(s) dict_keys(['example_short_circuit_operator']) retrieved from /home/momo/.local/lib/python3.8/site-packages/airflow/example_dags/example_short_circuit_operator.py
[2022-12-23T01:54:25.716+0100] {logging_mixin.py:137} INFO - [2022-12-23T01:54:25.716+0100] {dag.py:2676} INFO - Sync 1 DAGs
[2022-12-23T01:54:25.752+0100] {logging_mixin.py:137} INFO - [2022-12-23T01:54:25.752+0100] {dag.py:3423} INFO - Setting next_dagrun for example_short_circuit_operator to 2022-12-22T00:54:25.752158+00:00, run_after=2022-12-23T00:54:25.752158+00:00
[2022-12-23T01:54:25.793+0100] {processor.py:175} INFO - Processing /home/momo/.local/lib/python3.8/site-packages/airflow/example_dags/example_short_circuit_operator.py took 0.156 seconds
[2022-12-23T01:55:16.739+0100] {processor.py:153} INFO - Started process (PID=5792) to work on /home/momo/.local/lib/python3.8/site-packages/airflow/example_dags/example_short_circuit_operator.py
[2022-12-23T01:55:16.742+0100] {processor.py:743} INFO - Processing file /home/momo/.local/lib/python3.8/site-packages/airflow/example_dags/example_short_circuit_operator.py for tasks to queue
[2022-12-23T01:55:16.743+0100] {logging_mixin.py:137} INFO - [2022-12-23T01:55:16.743+0100] {dagbag.py:538} INFO - Filling up the DagBag from /home/momo/.local/lib/python3.8/site-packages/airflow/example_dags/example_short_circuit_operator.py
[2022-12-23T01:55:16.768+0100] {processor.py:753} INFO - DAG(s) dict_keys(['example_short_circuit_operator']) retrieved from /home/momo/.local/lib/python3.8/site-packages/airflow/example_dags/example_short_circuit_operator.py
[2022-12-23T01:55:16.802+0100] {logging_mixin.py:137} INFO - [2022-12-23T01:55:16.802+0100] {dag.py:2676} INFO - Sync 1 DAGs
[2022-12-23T01:55:16.828+0100] {logging_mixin.py:137} INFO - [2022-12-23T01:55:16.828+0100] {dag.py:3423} INFO - Setting next_dagrun for example_short_circuit_operator to 2022-12-22T00:55:16.827873+00:00, run_after=2022-12-23T00:55:16.827873+00:00
[2022-12-23T01:55:16.861+0100] {processor.py:175} INFO - Processing /home/momo/.local/lib/python3.8/site-packages/airflow/example_dags/example_short_circuit_operator.py took 0.148 seconds
[2022-12-23T01:56:09.854+0100] {processor.py:153} INFO - Started process (PID=5836) to work on /home/momo/.local/lib/python3.8/site-packages/airflow/example_dags/example_short_circuit_operator.py
[2022-12-23T01:56:09.860+0100] {processor.py:743} INFO - Processing file /home/momo/.local/lib/python3.8/site-packages/airflow/example_dags/example_short_circuit_operator.py for tasks to queue
[2022-12-23T01:56:09.862+0100] {logging_mixin.py:137} INFO - [2022-12-23T01:56:09.862+0100] {dagbag.py:538} INFO - Filling up the DagBag from /home/momo/.local/lib/python3.8/site-packages/airflow/example_dags/example_short_circuit_operator.py
[2022-12-23T01:56:09.893+0100] {processor.py:753} INFO - DAG(s) dict_keys(['example_short_circuit_operator']) retrieved from /home/momo/.local/lib/python3.8/site-packages/airflow/example_dags/example_short_circuit_operator.py
[2022-12-23T01:56:09.929+0100] {logging_mixin.py:137} INFO - [2022-12-23T01:56:09.929+0100] {dag.py:2676} INFO - Sync 1 DAGs
[2022-12-23T01:56:09.958+0100] {logging_mixin.py:137} INFO - [2022-12-23T01:56:09.958+0100] {dag.py:3423} INFO - Setting next_dagrun for example_short_circuit_operator to 2022-12-22T00:56:09.958126+00:00, run_after=2022-12-23T00:56:09.958126+00:00
[2022-12-23T01:56:09.994+0100] {processor.py:175} INFO - Processing /home/momo/.local/lib/python3.8/site-packages/airflow/example_dags/example_short_circuit_operator.py took 0.161 seconds
[2022-12-23T01:57:11.511+0100] {processor.py:153} INFO - Started process (PID=5889) to work on /home/momo/.local/lib/python3.8/site-packages/airflow/example_dags/example_short_circuit_operator.py
[2022-12-23T01:57:11.516+0100] {processor.py:743} INFO - Processing file /home/momo/.local/lib/python3.8/site-packages/airflow/example_dags/example_short_circuit_operator.py for tasks to queue
[2022-12-23T01:57:11.519+0100] {logging_mixin.py:137} INFO - [2022-12-23T01:57:11.518+0100] {dagbag.py:538} INFO - Filling up the DagBag from /home/momo/.local/lib/python3.8/site-packages/airflow/example_dags/example_short_circuit_operator.py
[2022-12-23T01:57:11.551+0100] {processor.py:753} INFO - DAG(s) dict_keys(['example_short_circuit_operator']) retrieved from /home/momo/.local/lib/python3.8/site-packages/airflow/example_dags/example_short_circuit_operator.py
[2022-12-23T01:57:11.587+0100] {logging_mixin.py:137} INFO - [2022-12-23T01:57:11.587+0100] {dag.py:2676} INFO - Sync 1 DAGs
[2022-12-23T01:57:11.617+0100] {logging_mixin.py:137} INFO - [2022-12-23T01:57:11.616+0100] {dag.py:3423} INFO - Setting next_dagrun for example_short_circuit_operator to 2022-12-22T00:57:11.616518+00:00, run_after=2022-12-23T00:57:11.616518+00:00
[2022-12-23T01:57:11.654+0100] {processor.py:175} INFO - Processing /home/momo/.local/lib/python3.8/site-packages/airflow/example_dags/example_short_circuit_operator.py took 0.157 seconds
[2022-12-23T01:58:14.998+0100] {processor.py:153} INFO - Started process (PID=5945) to work on /home/momo/.local/lib/python3.8/site-packages/airflow/example_dags/example_short_circuit_operator.py
[2022-12-23T01:58:15.001+0100] {processor.py:743} INFO - Processing file /home/momo/.local/lib/python3.8/site-packages/airflow/example_dags/example_short_circuit_operator.py for tasks to queue
[2022-12-23T01:58:15.002+0100] {logging_mixin.py:137} INFO - [2022-12-23T01:58:15.002+0100] {dagbag.py:538} INFO - Filling up the DagBag from /home/momo/.local/lib/python3.8/site-packages/airflow/example_dags/example_short_circuit_operator.py
[2022-12-23T01:58:15.126+0100] {processor.py:753} INFO - DAG(s) dict_keys(['example_short_circuit_operator']) retrieved from /home/momo/.local/lib/python3.8/site-packages/airflow/example_dags/example_short_circuit_operator.py
[2022-12-23T01:58:15.270+0100] {logging_mixin.py:137} INFO - [2022-12-23T01:58:15.261+0100] {dag.py:2676} INFO - Sync 1 DAGs
[2022-12-23T01:58:15.381+0100] {logging_mixin.py:137} INFO - [2022-12-23T01:58:15.381+0100] {dag.py:3423} INFO - Setting next_dagrun for example_short_circuit_operator to 2022-12-22T00:58:15.381052+00:00, run_after=2022-12-23T00:58:15.381052+00:00
[2022-12-23T01:58:15.451+0100] {processor.py:175} INFO - Processing /home/momo/.local/lib/python3.8/site-packages/airflow/example_dags/example_short_circuit_operator.py took 0.480 seconds
[2022-12-23T01:59:17.706+0100] {processor.py:153} INFO - Started process (PID=6001) to work on /home/momo/.local/lib/python3.8/site-packages/airflow/example_dags/example_short_circuit_operator.py
[2022-12-23T01:59:17.712+0100] {processor.py:743} INFO - Processing file /home/momo/.local/lib/python3.8/site-packages/airflow/example_dags/example_short_circuit_operator.py for tasks to queue
[2022-12-23T01:59:17.713+0100] {logging_mixin.py:137} INFO - [2022-12-23T01:59:17.713+0100] {dagbag.py:538} INFO - Filling up the DagBag from /home/momo/.local/lib/python3.8/site-packages/airflow/example_dags/example_short_circuit_operator.py
[2022-12-23T01:59:17.753+0100] {processor.py:753} INFO - DAG(s) dict_keys(['example_short_circuit_operator']) retrieved from /home/momo/.local/lib/python3.8/site-packages/airflow/example_dags/example_short_circuit_operator.py
[2022-12-23T01:59:17.811+0100] {logging_mixin.py:137} INFO - [2022-12-23T01:59:17.811+0100] {dag.py:2676} INFO - Sync 1 DAGs
[2022-12-23T01:59:17.852+0100] {logging_mixin.py:137} INFO - [2022-12-23T01:59:17.852+0100] {dag.py:3423} INFO - Setting next_dagrun for example_short_circuit_operator to 2022-12-22T00:59:17.852130+00:00, run_after=2022-12-23T00:59:17.852130+00:00
[2022-12-23T01:59:17.899+0100] {processor.py:175} INFO - Processing /home/momo/.local/lib/python3.8/site-packages/airflow/example_dags/example_short_circuit_operator.py took 0.203 seconds
[2022-12-23T02:00:18.124+0100] {processor.py:153} INFO - Started process (PID=6058) to work on /home/momo/.local/lib/python3.8/site-packages/airflow/example_dags/example_short_circuit_operator.py
[2022-12-23T02:00:18.128+0100] {processor.py:743} INFO - Processing file /home/momo/.local/lib/python3.8/site-packages/airflow/example_dags/example_short_circuit_operator.py for tasks to queue
[2022-12-23T02:00:18.131+0100] {logging_mixin.py:137} INFO - [2022-12-23T02:00:18.130+0100] {dagbag.py:538} INFO - Filling up the DagBag from /home/momo/.local/lib/python3.8/site-packages/airflow/example_dags/example_short_circuit_operator.py
[2022-12-23T02:00:18.177+0100] {processor.py:753} INFO - DAG(s) dict_keys(['example_short_circuit_operator']) retrieved from /home/momo/.local/lib/python3.8/site-packages/airflow/example_dags/example_short_circuit_operator.py
[2022-12-23T02:00:18.249+0100] {logging_mixin.py:137} INFO - [2022-12-23T02:00:18.249+0100] {dag.py:2676} INFO - Sync 1 DAGs
[2022-12-23T02:00:18.287+0100] {logging_mixin.py:137} INFO - [2022-12-23T02:00:18.287+0100] {dag.py:3423} INFO - Setting next_dagrun for example_short_circuit_operator to 2022-12-22T01:00:18.287092+00:00, run_after=2022-12-23T01:00:18.287092+00:00
[2022-12-23T02:00:18.330+0100] {processor.py:175} INFO - Processing /home/momo/.local/lib/python3.8/site-packages/airflow/example_dags/example_short_circuit_operator.py took 0.218 seconds
[2022-12-23T02:01:13.762+0100] {processor.py:153} INFO - Started process (PID=6106) to work on /home/momo/.local/lib/python3.8/site-packages/airflow/example_dags/example_short_circuit_operator.py
[2022-12-23T02:01:13.770+0100] {processor.py:743} INFO - Processing file /home/momo/.local/lib/python3.8/site-packages/airflow/example_dags/example_short_circuit_operator.py for tasks to queue
[2022-12-23T02:01:13.771+0100] {logging_mixin.py:137} INFO - [2022-12-23T02:01:13.770+0100] {dagbag.py:538} INFO - Filling up the DagBag from /home/momo/.local/lib/python3.8/site-packages/airflow/example_dags/example_short_circuit_operator.py
[2022-12-23T02:01:13.822+0100] {processor.py:753} INFO - DAG(s) dict_keys(['example_short_circuit_operator']) retrieved from /home/momo/.local/lib/python3.8/site-packages/airflow/example_dags/example_short_circuit_operator.py
[2022-12-23T02:01:13.889+0100] {logging_mixin.py:137} INFO - [2022-12-23T02:01:13.889+0100] {dag.py:2676} INFO - Sync 1 DAGs
[2022-12-23T02:01:13.943+0100] {logging_mixin.py:137} INFO - [2022-12-23T02:01:13.943+0100] {dag.py:3423} INFO - Setting next_dagrun for example_short_circuit_operator to 2022-12-22T01:01:13.942926+00:00, run_after=2022-12-23T01:01:13.942926+00:00
[2022-12-23T02:01:13.997+0100] {processor.py:175} INFO - Processing /home/momo/.local/lib/python3.8/site-packages/airflow/example_dags/example_short_circuit_operator.py took 0.243 seconds
[2022-12-23T02:02:18.931+0100] {processor.py:153} INFO - Started process (PID=6160) to work on /home/momo/.local/lib/python3.8/site-packages/airflow/example_dags/example_short_circuit_operator.py
[2022-12-23T02:02:18.934+0100] {processor.py:743} INFO - Processing file /home/momo/.local/lib/python3.8/site-packages/airflow/example_dags/example_short_circuit_operator.py for tasks to queue
[2022-12-23T02:02:18.935+0100] {logging_mixin.py:137} INFO - [2022-12-23T02:02:18.935+0100] {dagbag.py:538} INFO - Filling up the DagBag from /home/momo/.local/lib/python3.8/site-packages/airflow/example_dags/example_short_circuit_operator.py
[2022-12-23T02:02:18.966+0100] {processor.py:753} INFO - DAG(s) dict_keys(['example_short_circuit_operator']) retrieved from /home/momo/.local/lib/python3.8/site-packages/airflow/example_dags/example_short_circuit_operator.py
[2022-12-23T02:02:19.006+0100] {logging_mixin.py:137} INFO - [2022-12-23T02:02:19.005+0100] {dag.py:2676} INFO - Sync 1 DAGs
[2022-12-23T02:02:19.038+0100] {logging_mixin.py:137} INFO - [2022-12-23T02:02:19.038+0100] {dag.py:3423} INFO - Setting next_dagrun for example_short_circuit_operator to 2022-12-22T01:02:19.037789+00:00, run_after=2022-12-23T01:02:19.037789+00:00
[2022-12-23T02:02:19.093+0100] {processor.py:175} INFO - Processing /home/momo/.local/lib/python3.8/site-packages/airflow/example_dags/example_short_circuit_operator.py took 0.170 seconds
[2022-12-23T02:03:19.209+0100] {processor.py:153} INFO - Started process (PID=6209) to work on /home/momo/.local/lib/python3.8/site-packages/airflow/example_dags/example_short_circuit_operator.py
[2022-12-23T02:03:19.211+0100] {processor.py:743} INFO - Processing file /home/momo/.local/lib/python3.8/site-packages/airflow/example_dags/example_short_circuit_operator.py for tasks to queue
[2022-12-23T02:03:19.212+0100] {logging_mixin.py:137} INFO - [2022-12-23T02:03:19.212+0100] {dagbag.py:538} INFO - Filling up the DagBag from /home/momo/.local/lib/python3.8/site-packages/airflow/example_dags/example_short_circuit_operator.py
[2022-12-23T02:03:19.246+0100] {processor.py:753} INFO - DAG(s) dict_keys(['example_short_circuit_operator']) retrieved from /home/momo/.local/lib/python3.8/site-packages/airflow/example_dags/example_short_circuit_operator.py
[2022-12-23T02:03:19.308+0100] {logging_mixin.py:137} INFO - [2022-12-23T02:03:19.307+0100] {dag.py:2676} INFO - Sync 1 DAGs
[2022-12-23T02:03:19.397+0100] {logging_mixin.py:137} INFO - [2022-12-23T02:03:19.396+0100] {dag.py:3423} INFO - Setting next_dagrun for example_short_circuit_operator to 2022-12-22T01:03:19.396510+00:00, run_after=2022-12-23T01:03:19.396510+00:00
[2022-12-23T02:03:19.423+0100] {processor.py:175} INFO - Processing /home/momo/.local/lib/python3.8/site-packages/airflow/example_dags/example_short_circuit_operator.py took 0.219 seconds
[2022-12-23T02:04:13.512+0100] {processor.py:153} INFO - Started process (PID=6260) to work on /home/momo/.local/lib/python3.8/site-packages/airflow/example_dags/example_short_circuit_operator.py
[2022-12-23T02:04:13.515+0100] {processor.py:743} INFO - Processing file /home/momo/.local/lib/python3.8/site-packages/airflow/example_dags/example_short_circuit_operator.py for tasks to queue
[2022-12-23T02:04:13.518+0100] {logging_mixin.py:137} INFO - [2022-12-23T02:04:13.517+0100] {dagbag.py:538} INFO - Filling up the DagBag from /home/momo/.local/lib/python3.8/site-packages/airflow/example_dags/example_short_circuit_operator.py
[2022-12-23T02:04:13.547+0100] {processor.py:753} INFO - DAG(s) dict_keys(['example_short_circuit_operator']) retrieved from /home/momo/.local/lib/python3.8/site-packages/airflow/example_dags/example_short_circuit_operator.py
[2022-12-23T02:04:13.596+0100] {logging_mixin.py:137} INFO - [2022-12-23T02:04:13.595+0100] {dag.py:2676} INFO - Sync 1 DAGs
[2022-12-23T02:04:13.626+0100] {logging_mixin.py:137} INFO - [2022-12-23T02:04:13.625+0100] {dag.py:3423} INFO - Setting next_dagrun for example_short_circuit_operator to 2022-12-22T01:04:13.625437+00:00, run_after=2022-12-23T01:04:13.625437+00:00
[2022-12-23T02:04:13.680+0100] {processor.py:175} INFO - Processing /home/momo/.local/lib/python3.8/site-packages/airflow/example_dags/example_short_circuit_operator.py took 0.184 seconds
[2022-12-23T02:05:15.775+0100] {processor.py:153} INFO - Started process (PID=6311) to work on /home/momo/.local/lib/python3.8/site-packages/airflow/example_dags/example_short_circuit_operator.py
[2022-12-23T02:05:15.797+0100] {processor.py:743} INFO - Processing file /home/momo/.local/lib/python3.8/site-packages/airflow/example_dags/example_short_circuit_operator.py for tasks to queue
[2022-12-23T02:05:15.830+0100] {logging_mixin.py:137} INFO - [2022-12-23T02:05:15.798+0100] {dagbag.py:538} INFO - Filling up the DagBag from /home/momo/.local/lib/python3.8/site-packages/airflow/example_dags/example_short_circuit_operator.py
[2022-12-23T02:05:16.139+0100] {processor.py:753} INFO - DAG(s) dict_keys(['example_short_circuit_operator']) retrieved from /home/momo/.local/lib/python3.8/site-packages/airflow/example_dags/example_short_circuit_operator.py
[2022-12-23T02:05:16.312+0100] {logging_mixin.py:137} INFO - [2022-12-23T02:05:16.312+0100] {dag.py:2676} INFO - Sync 1 DAGs
[2022-12-23T02:05:16.394+0100] {logging_mixin.py:137} INFO - [2022-12-23T02:05:16.393+0100] {dag.py:3423} INFO - Setting next_dagrun for example_short_circuit_operator to 2022-12-22T01:05:16.390165+00:00, run_after=2022-12-23T01:05:16.390165+00:00
[2022-12-23T02:05:16.457+0100] {processor.py:175} INFO - Processing /home/momo/.local/lib/python3.8/site-packages/airflow/example_dags/example_short_circuit_operator.py took 0.745 seconds
[2022-12-23T02:06:14.268+0100] {processor.py:153} INFO - Started process (PID=6360) to work on /home/momo/.local/lib/python3.8/site-packages/airflow/example_dags/example_short_circuit_operator.py
[2022-12-23T02:06:14.274+0100] {processor.py:743} INFO - Processing file /home/momo/.local/lib/python3.8/site-packages/airflow/example_dags/example_short_circuit_operator.py for tasks to queue
[2022-12-23T02:06:14.275+0100] {logging_mixin.py:137} INFO - [2022-12-23T02:06:14.275+0100] {dagbag.py:538} INFO - Filling up the DagBag from /home/momo/.local/lib/python3.8/site-packages/airflow/example_dags/example_short_circuit_operator.py
[2022-12-23T02:06:14.321+0100] {processor.py:753} INFO - DAG(s) dict_keys(['example_short_circuit_operator']) retrieved from /home/momo/.local/lib/python3.8/site-packages/airflow/example_dags/example_short_circuit_operator.py
[2022-12-23T02:06:14.357+0100] {logging_mixin.py:137} INFO - [2022-12-23T02:06:14.356+0100] {dag.py:2676} INFO - Sync 1 DAGs
[2022-12-23T02:06:14.408+0100] {logging_mixin.py:137} INFO - [2022-12-23T02:06:14.408+0100] {dag.py:3423} INFO - Setting next_dagrun for example_short_circuit_operator to 2022-12-22T01:06:14.408364+00:00, run_after=2022-12-23T01:06:14.408364+00:00
[2022-12-23T02:06:14.481+0100] {processor.py:175} INFO - Processing /home/momo/.local/lib/python3.8/site-packages/airflow/example_dags/example_short_circuit_operator.py took 0.221 seconds
[2022-12-23T02:07:18.651+0100] {processor.py:153} INFO - Started process (PID=6418) to work on /home/momo/.local/lib/python3.8/site-packages/airflow/example_dags/example_short_circuit_operator.py
[2022-12-23T02:07:18.655+0100] {processor.py:743} INFO - Processing file /home/momo/.local/lib/python3.8/site-packages/airflow/example_dags/example_short_circuit_operator.py for tasks to queue
[2022-12-23T02:07:18.657+0100] {logging_mixin.py:137} INFO - [2022-12-23T02:07:18.657+0100] {dagbag.py:538} INFO - Filling up the DagBag from /home/momo/.local/lib/python3.8/site-packages/airflow/example_dags/example_short_circuit_operator.py
[2022-12-23T02:07:18.703+0100] {processor.py:753} INFO - DAG(s) dict_keys(['example_short_circuit_operator']) retrieved from /home/momo/.local/lib/python3.8/site-packages/airflow/example_dags/example_short_circuit_operator.py
[2022-12-23T02:07:18.737+0100] {logging_mixin.py:137} INFO - [2022-12-23T02:07:18.737+0100] {dag.py:2676} INFO - Sync 1 DAGs
[2022-12-23T02:07:18.764+0100] {logging_mixin.py:137} INFO - [2022-12-23T02:07:18.764+0100] {dag.py:3423} INFO - Setting next_dagrun for example_short_circuit_operator to 2022-12-22T01:07:18.763747+00:00, run_after=2022-12-23T01:07:18.763747+00:00
[2022-12-23T02:07:18.812+0100] {processor.py:175} INFO - Processing /home/momo/.local/lib/python3.8/site-packages/airflow/example_dags/example_short_circuit_operator.py took 0.173 seconds
[2022-12-23T02:08:19.665+0100] {processor.py:153} INFO - Started process (PID=6471) to work on /home/momo/.local/lib/python3.8/site-packages/airflow/example_dags/example_short_circuit_operator.py
[2022-12-23T02:08:19.667+0100] {processor.py:743} INFO - Processing file /home/momo/.local/lib/python3.8/site-packages/airflow/example_dags/example_short_circuit_operator.py for tasks to queue
[2022-12-23T02:08:19.668+0100] {logging_mixin.py:137} INFO - [2022-12-23T02:08:19.668+0100] {dagbag.py:538} INFO - Filling up the DagBag from /home/momo/.local/lib/python3.8/site-packages/airflow/example_dags/example_short_circuit_operator.py
[2022-12-23T02:08:19.721+0100] {processor.py:753} INFO - DAG(s) dict_keys(['example_short_circuit_operator']) retrieved from /home/momo/.local/lib/python3.8/site-packages/airflow/example_dags/example_short_circuit_operator.py
[2022-12-23T02:08:19.792+0100] {logging_mixin.py:137} INFO - [2022-12-23T02:08:19.792+0100] {dag.py:2676} INFO - Sync 1 DAGs
[2022-12-23T02:08:19.848+0100] {logging_mixin.py:137} INFO - [2022-12-23T02:08:19.848+0100] {dag.py:3423} INFO - Setting next_dagrun for example_short_circuit_operator to 2022-12-22T01:08:19.848386+00:00, run_after=2022-12-23T01:08:19.848386+00:00
[2022-12-23T02:08:19.913+0100] {processor.py:175} INFO - Processing /home/momo/.local/lib/python3.8/site-packages/airflow/example_dags/example_short_circuit_operator.py took 0.261 seconds
[2022-12-23T02:09:24.933+0100] {processor.py:153} INFO - Started process (PID=6525) to work on /home/momo/.local/lib/python3.8/site-packages/airflow/example_dags/example_short_circuit_operator.py
[2022-12-23T02:09:24.939+0100] {processor.py:743} INFO - Processing file /home/momo/.local/lib/python3.8/site-packages/airflow/example_dags/example_short_circuit_operator.py for tasks to queue
[2022-12-23T02:09:24.942+0100] {logging_mixin.py:137} INFO - [2022-12-23T02:09:24.941+0100] {dagbag.py:538} INFO - Filling up the DagBag from /home/momo/.local/lib/python3.8/site-packages/airflow/example_dags/example_short_circuit_operator.py
[2022-12-23T02:09:24.979+0100] {processor.py:753} INFO - DAG(s) dict_keys(['example_short_circuit_operator']) retrieved from /home/momo/.local/lib/python3.8/site-packages/airflow/example_dags/example_short_circuit_operator.py
[2022-12-23T02:09:25.016+0100] {logging_mixin.py:137} INFO - [2022-12-23T02:09:25.016+0100] {dag.py:2676} INFO - Sync 1 DAGs
[2022-12-23T02:09:25.043+0100] {logging_mixin.py:137} INFO - [2022-12-23T02:09:25.043+0100] {dag.py:3423} INFO - Setting next_dagrun for example_short_circuit_operator to 2022-12-22T01:09:25.043153+00:00, run_after=2022-12-23T01:09:25.043153+00:00
[2022-12-23T02:09:25.084+0100] {processor.py:175} INFO - Processing /home/momo/.local/lib/python3.8/site-packages/airflow/example_dags/example_short_circuit_operator.py took 0.165 seconds
[2022-12-23T02:10:25.202+0100] {processor.py:153} INFO - Started process (PID=6582) to work on /home/momo/.local/lib/python3.8/site-packages/airflow/example_dags/example_short_circuit_operator.py
[2022-12-23T02:10:25.209+0100] {processor.py:743} INFO - Processing file /home/momo/.local/lib/python3.8/site-packages/airflow/example_dags/example_short_circuit_operator.py for tasks to queue
[2022-12-23T02:10:25.211+0100] {logging_mixin.py:137} INFO - [2022-12-23T02:10:25.211+0100] {dagbag.py:538} INFO - Filling up the DagBag from /home/momo/.local/lib/python3.8/site-packages/airflow/example_dags/example_short_circuit_operator.py
[2022-12-23T02:10:25.249+0100] {processor.py:753} INFO - DAG(s) dict_keys(['example_short_circuit_operator']) retrieved from /home/momo/.local/lib/python3.8/site-packages/airflow/example_dags/example_short_circuit_operator.py
[2022-12-23T02:10:25.311+0100] {logging_mixin.py:137} INFO - [2022-12-23T02:10:25.311+0100] {dag.py:2676} INFO - Sync 1 DAGs
[2022-12-23T02:10:25.346+0100] {logging_mixin.py:137} INFO - [2022-12-23T02:10:25.346+0100] {dag.py:3423} INFO - Setting next_dagrun for example_short_circuit_operator to 2022-12-22T01:10:25.345509+00:00, run_after=2022-12-23T01:10:25.345509+00:00
[2022-12-23T02:10:25.387+0100] {processor.py:175} INFO - Processing /home/momo/.local/lib/python3.8/site-packages/airflow/example_dags/example_short_circuit_operator.py took 0.202 seconds
[2022-12-23T02:11:28.116+0100] {processor.py:153} INFO - Started process (PID=6639) to work on /home/momo/.local/lib/python3.8/site-packages/airflow/example_dags/example_short_circuit_operator.py
[2022-12-23T02:11:28.121+0100] {processor.py:743} INFO - Processing file /home/momo/.local/lib/python3.8/site-packages/airflow/example_dags/example_short_circuit_operator.py for tasks to queue
[2022-12-23T02:11:28.125+0100] {logging_mixin.py:137} INFO - [2022-12-23T02:11:28.124+0100] {dagbag.py:538} INFO - Filling up the DagBag from /home/momo/.local/lib/python3.8/site-packages/airflow/example_dags/example_short_circuit_operator.py
[2022-12-23T02:11:28.173+0100] {processor.py:753} INFO - DAG(s) dict_keys(['example_short_circuit_operator']) retrieved from /home/momo/.local/lib/python3.8/site-packages/airflow/example_dags/example_short_circuit_operator.py
[2022-12-23T02:11:28.261+0100] {logging_mixin.py:137} INFO - [2022-12-23T02:11:28.260+0100] {dag.py:2676} INFO - Sync 1 DAGs
[2022-12-23T02:11:28.319+0100] {logging_mixin.py:137} INFO - [2022-12-23T02:11:28.318+0100] {dag.py:3423} INFO - Setting next_dagrun for example_short_circuit_operator to 2022-12-22T01:11:28.317849+00:00, run_after=2022-12-23T01:11:28.317849+00:00
[2022-12-23T02:11:28.360+0100] {processor.py:175} INFO - Processing /home/momo/.local/lib/python3.8/site-packages/airflow/example_dags/example_short_circuit_operator.py took 0.263 seconds
[2022-12-23T02:12:28.299+0100] {processor.py:153} INFO - Started process (PID=6690) to work on /home/momo/.local/lib/python3.8/site-packages/airflow/example_dags/example_short_circuit_operator.py
[2022-12-23T02:12:28.304+0100] {processor.py:743} INFO - Processing file /home/momo/.local/lib/python3.8/site-packages/airflow/example_dags/example_short_circuit_operator.py for tasks to queue
[2022-12-23T02:12:28.307+0100] {logging_mixin.py:137} INFO - [2022-12-23T02:12:28.307+0100] {dagbag.py:538} INFO - Filling up the DagBag from /home/momo/.local/lib/python3.8/site-packages/airflow/example_dags/example_short_circuit_operator.py
[2022-12-23T02:12:28.363+0100] {processor.py:753} INFO - DAG(s) dict_keys(['example_short_circuit_operator']) retrieved from /home/momo/.local/lib/python3.8/site-packages/airflow/example_dags/example_short_circuit_operator.py
[2022-12-23T02:12:28.401+0100] {logging_mixin.py:137} INFO - [2022-12-23T02:12:28.401+0100] {dag.py:2676} INFO - Sync 1 DAGs
[2022-12-23T02:12:28.430+0100] {logging_mixin.py:137} INFO - [2022-12-23T02:12:28.430+0100] {dag.py:3423} INFO - Setting next_dagrun for example_short_circuit_operator to 2022-12-22T01:12:28.429953+00:00, run_after=2022-12-23T01:12:28.429953+00:00
[2022-12-23T02:12:28.460+0100] {processor.py:175} INFO - Processing /home/momo/.local/lib/python3.8/site-packages/airflow/example_dags/example_short_circuit_operator.py took 0.175 seconds
[2022-12-23T02:13:27.610+0100] {processor.py:153} INFO - Started process (PID=6738) to work on /home/momo/.local/lib/python3.8/site-packages/airflow/example_dags/example_short_circuit_operator.py
[2022-12-23T02:13:27.612+0100] {processor.py:743} INFO - Processing file /home/momo/.local/lib/python3.8/site-packages/airflow/example_dags/example_short_circuit_operator.py for tasks to queue
[2022-12-23T02:13:27.614+0100] {logging_mixin.py:137} INFO - [2022-12-23T02:13:27.614+0100] {dagbag.py:538} INFO - Filling up the DagBag from /home/momo/.local/lib/python3.8/site-packages/airflow/example_dags/example_short_circuit_operator.py
[2022-12-23T02:13:27.640+0100] {processor.py:753} INFO - DAG(s) dict_keys(['example_short_circuit_operator']) retrieved from /home/momo/.local/lib/python3.8/site-packages/airflow/example_dags/example_short_circuit_operator.py
[2022-12-23T02:13:27.680+0100] {logging_mixin.py:137} INFO - [2022-12-23T02:13:27.679+0100] {dag.py:2676} INFO - Sync 1 DAGs
[2022-12-23T02:13:27.709+0100] {logging_mixin.py:137} INFO - [2022-12-23T02:13:27.709+0100] {dag.py:3423} INFO - Setting next_dagrun for example_short_circuit_operator to 2022-12-22T01:13:27.708879+00:00, run_after=2022-12-23T01:13:27.708879+00:00
[2022-12-23T02:13:27.739+0100] {processor.py:175} INFO - Processing /home/momo/.local/lib/python3.8/site-packages/airflow/example_dags/example_short_circuit_operator.py took 0.134 seconds
[2022-12-23T02:14:32.870+0100] {processor.py:153} INFO - Started process (PID=6791) to work on /home/momo/.local/lib/python3.8/site-packages/airflow/example_dags/example_short_circuit_operator.py
[2022-12-23T02:14:32.873+0100] {processor.py:743} INFO - Processing file /home/momo/.local/lib/python3.8/site-packages/airflow/example_dags/example_short_circuit_operator.py for tasks to queue
[2022-12-23T02:14:32.879+0100] {logging_mixin.py:137} INFO - [2022-12-23T02:14:32.878+0100] {dagbag.py:538} INFO - Filling up the DagBag from /home/momo/.local/lib/python3.8/site-packages/airflow/example_dags/example_short_circuit_operator.py
[2022-12-23T02:14:32.953+0100] {processor.py:753} INFO - DAG(s) dict_keys(['example_short_circuit_operator']) retrieved from /home/momo/.local/lib/python3.8/site-packages/airflow/example_dags/example_short_circuit_operator.py
[2022-12-23T02:14:33.018+0100] {logging_mixin.py:137} INFO - [2022-12-23T02:14:33.018+0100] {dag.py:2676} INFO - Sync 1 DAGs
[2022-12-23T02:14:33.062+0100] {logging_mixin.py:137} INFO - [2022-12-23T02:14:33.062+0100] {dag.py:3423} INFO - Setting next_dagrun for example_short_circuit_operator to 2022-12-22T01:14:33.062040+00:00, run_after=2022-12-23T01:14:33.062040+00:00
[2022-12-23T02:14:33.103+0100] {processor.py:175} INFO - Processing /home/momo/.local/lib/python3.8/site-packages/airflow/example_dags/example_short_circuit_operator.py took 0.241 seconds
[2022-12-23T02:15:18.413+0100] {processor.py:153} INFO - Started process (PID=6831) to work on /home/momo/.local/lib/python3.8/site-packages/airflow/example_dags/example_short_circuit_operator.py
[2022-12-23T02:15:18.417+0100] {processor.py:743} INFO - Processing file /home/momo/.local/lib/python3.8/site-packages/airflow/example_dags/example_short_circuit_operator.py for tasks to queue
[2022-12-23T02:15:18.420+0100] {logging_mixin.py:137} INFO - [2022-12-23T02:15:18.419+0100] {dagbag.py:538} INFO - Filling up the DagBag from /home/momo/.local/lib/python3.8/site-packages/airflow/example_dags/example_short_circuit_operator.py
[2022-12-23T02:15:18.451+0100] {processor.py:753} INFO - DAG(s) dict_keys(['example_short_circuit_operator']) retrieved from /home/momo/.local/lib/python3.8/site-packages/airflow/example_dags/example_short_circuit_operator.py
[2022-12-23T02:15:18.487+0100] {logging_mixin.py:137} INFO - [2022-12-23T02:15:18.487+0100] {dag.py:2676} INFO - Sync 1 DAGs
[2022-12-23T02:15:18.514+0100] {logging_mixin.py:137} INFO - [2022-12-23T02:15:18.514+0100] {dag.py:3423} INFO - Setting next_dagrun for example_short_circuit_operator to 2022-12-22T01:15:18.514190+00:00, run_after=2022-12-23T01:15:18.514190+00:00
[2022-12-23T02:15:18.552+0100] {processor.py:175} INFO - Processing /home/momo/.local/lib/python3.8/site-packages/airflow/example_dags/example_short_circuit_operator.py took 0.155 seconds
[2022-12-23T02:16:12.238+0100] {processor.py:153} INFO - Started process (PID=6877) to work on /home/momo/.local/lib/python3.8/site-packages/airflow/example_dags/example_short_circuit_operator.py
[2022-12-23T02:16:12.243+0100] {processor.py:743} INFO - Processing file /home/momo/.local/lib/python3.8/site-packages/airflow/example_dags/example_short_circuit_operator.py for tasks to queue
[2022-12-23T02:16:12.247+0100] {logging_mixin.py:137} INFO - [2022-12-23T02:16:12.246+0100] {dagbag.py:538} INFO - Filling up the DagBag from /home/momo/.local/lib/python3.8/site-packages/airflow/example_dags/example_short_circuit_operator.py
[2022-12-23T02:16:12.358+0100] {processor.py:753} INFO - DAG(s) dict_keys(['example_short_circuit_operator']) retrieved from /home/momo/.local/lib/python3.8/site-packages/airflow/example_dags/example_short_circuit_operator.py
[2022-12-23T02:16:12.489+0100] {logging_mixin.py:137} INFO - [2022-12-23T02:16:12.488+0100] {dag.py:2676} INFO - Sync 1 DAGs
[2022-12-23T02:16:12.532+0100] {logging_mixin.py:137} INFO - [2022-12-23T02:16:12.532+0100] {dag.py:3423} INFO - Setting next_dagrun for example_short_circuit_operator to 2022-12-22T01:16:12.531740+00:00, run_after=2022-12-23T01:16:12.531740+00:00
[2022-12-23T02:16:12.567+0100] {processor.py:175} INFO - Processing /home/momo/.local/lib/python3.8/site-packages/airflow/example_dags/example_short_circuit_operator.py took 0.343 seconds
[2022-12-23T02:17:09.729+0100] {processor.py:153} INFO - Started process (PID=6932) to work on /home/momo/.local/lib/python3.8/site-packages/airflow/example_dags/example_short_circuit_operator.py
[2022-12-23T02:17:09.733+0100] {processor.py:743} INFO - Processing file /home/momo/.local/lib/python3.8/site-packages/airflow/example_dags/example_short_circuit_operator.py for tasks to queue
[2022-12-23T02:17:09.737+0100] {logging_mixin.py:137} INFO - [2022-12-23T02:17:09.736+0100] {dagbag.py:538} INFO - Filling up the DagBag from /home/momo/.local/lib/python3.8/site-packages/airflow/example_dags/example_short_circuit_operator.py
[2022-12-23T02:17:09.777+0100] {processor.py:753} INFO - DAG(s) dict_keys(['example_short_circuit_operator']) retrieved from /home/momo/.local/lib/python3.8/site-packages/airflow/example_dags/example_short_circuit_operator.py
[2022-12-23T02:17:09.818+0100] {logging_mixin.py:137} INFO - [2022-12-23T02:17:09.817+0100] {dag.py:2676} INFO - Sync 1 DAGs
[2022-12-23T02:17:09.862+0100] {logging_mixin.py:137} INFO - [2022-12-23T02:17:09.861+0100] {dag.py:3423} INFO - Setting next_dagrun for example_short_circuit_operator to 2022-12-22T01:17:09.861298+00:00, run_after=2022-12-23T01:17:09.861298+00:00
[2022-12-23T02:17:09.913+0100] {processor.py:175} INFO - Processing /home/momo/.local/lib/python3.8/site-packages/airflow/example_dags/example_short_circuit_operator.py took 0.199 seconds
[2022-12-23T02:18:18.601+0100] {processor.py:153} INFO - Started process (PID=6991) to work on /home/momo/.local/lib/python3.8/site-packages/airflow/example_dags/example_short_circuit_operator.py
[2022-12-23T02:18:18.616+0100] {processor.py:743} INFO - Processing file /home/momo/.local/lib/python3.8/site-packages/airflow/example_dags/example_short_circuit_operator.py for tasks to queue
[2022-12-23T02:18:18.627+0100] {logging_mixin.py:137} INFO - [2022-12-23T02:18:18.626+0100] {dagbag.py:538} INFO - Filling up the DagBag from /home/momo/.local/lib/python3.8/site-packages/airflow/example_dags/example_short_circuit_operator.py
[2022-12-23T02:18:18.740+0100] {processor.py:753} INFO - DAG(s) dict_keys(['example_short_circuit_operator']) retrieved from /home/momo/.local/lib/python3.8/site-packages/airflow/example_dags/example_short_circuit_operator.py
[2022-12-23T02:18:18.785+0100] {logging_mixin.py:137} INFO - [2022-12-23T02:18:18.785+0100] {dag.py:2676} INFO - Sync 1 DAGs
[2022-12-23T02:18:18.816+0100] {logging_mixin.py:137} INFO - [2022-12-23T02:18:18.815+0100] {dag.py:3423} INFO - Setting next_dagrun for example_short_circuit_operator to 2022-12-22T01:18:18.815414+00:00, run_after=2022-12-23T01:18:18.815414+00:00
[2022-12-23T02:18:18.852+0100] {processor.py:175} INFO - Processing /home/momo/.local/lib/python3.8/site-packages/airflow/example_dags/example_short_circuit_operator.py took 0.300 seconds
[2022-12-23T02:19:16.090+0100] {processor.py:153} INFO - Started process (PID=7069) to work on /home/momo/.local/lib/python3.8/site-packages/airflow/example_dags/example_short_circuit_operator.py
[2022-12-23T02:19:16.097+0100] {processor.py:743} INFO - Processing file /home/momo/.local/lib/python3.8/site-packages/airflow/example_dags/example_short_circuit_operator.py for tasks to queue
[2022-12-23T02:19:16.098+0100] {logging_mixin.py:137} INFO - [2022-12-23T02:19:16.097+0100] {dagbag.py:538} INFO - Filling up the DagBag from /home/momo/.local/lib/python3.8/site-packages/airflow/example_dags/example_short_circuit_operator.py
[2022-12-23T02:19:16.135+0100] {processor.py:753} INFO - DAG(s) dict_keys(['example_short_circuit_operator']) retrieved from /home/momo/.local/lib/python3.8/site-packages/airflow/example_dags/example_short_circuit_operator.py
[2022-12-23T02:19:16.196+0100] {logging_mixin.py:137} INFO - [2022-12-23T02:19:16.195+0100] {dag.py:2676} INFO - Sync 1 DAGs
[2022-12-23T02:19:16.255+0100] {logging_mixin.py:137} INFO - [2022-12-23T02:19:16.254+0100] {dag.py:3423} INFO - Setting next_dagrun for example_short_circuit_operator to 2022-12-22T01:19:16.250203+00:00, run_after=2022-12-23T01:19:16.250203+00:00
[2022-12-23T02:19:16.302+0100] {processor.py:175} INFO - Processing /home/momo/.local/lib/python3.8/site-packages/airflow/example_dags/example_short_circuit_operator.py took 0.218 seconds
[2022-12-23T02:20:18.522+0100] {processor.py:153} INFO - Started process (PID=7142) to work on /home/momo/.local/lib/python3.8/site-packages/airflow/example_dags/example_short_circuit_operator.py
[2022-12-23T02:20:18.526+0100] {processor.py:743} INFO - Processing file /home/momo/.local/lib/python3.8/site-packages/airflow/example_dags/example_short_circuit_operator.py for tasks to queue
[2022-12-23T02:20:18.528+0100] {logging_mixin.py:137} INFO - [2022-12-23T02:20:18.528+0100] {dagbag.py:538} INFO - Filling up the DagBag from /home/momo/.local/lib/python3.8/site-packages/airflow/example_dags/example_short_circuit_operator.py
[2022-12-23T02:20:18.557+0100] {processor.py:753} INFO - DAG(s) dict_keys(['example_short_circuit_operator']) retrieved from /home/momo/.local/lib/python3.8/site-packages/airflow/example_dags/example_short_circuit_operator.py
[2022-12-23T02:20:18.594+0100] {logging_mixin.py:137} INFO - [2022-12-23T02:20:18.594+0100] {dag.py:2676} INFO - Sync 1 DAGs
[2022-12-23T02:20:18.625+0100] {logging_mixin.py:137} INFO - [2022-12-23T02:20:18.625+0100] {dag.py:3423} INFO - Setting next_dagrun for example_short_circuit_operator to 2022-12-22T01:20:18.625200+00:00, run_after=2022-12-23T01:20:18.625200+00:00
[2022-12-23T02:20:18.660+0100] {processor.py:175} INFO - Processing /home/momo/.local/lib/python3.8/site-packages/airflow/example_dags/example_short_circuit_operator.py took 0.150 seconds
[2022-12-23T02:21:06.034+0100] {processor.py:153} INFO - Started process (PID=7180) to work on /home/momo/.local/lib/python3.8/site-packages/airflow/example_dags/example_short_circuit_operator.py
[2022-12-23T02:21:06.036+0100] {processor.py:743} INFO - Processing file /home/momo/.local/lib/python3.8/site-packages/airflow/example_dags/example_short_circuit_operator.py for tasks to queue
[2022-12-23T02:21:06.037+0100] {logging_mixin.py:137} INFO - [2022-12-23T02:21:06.037+0100] {dagbag.py:538} INFO - Filling up the DagBag from /home/momo/.local/lib/python3.8/site-packages/airflow/example_dags/example_short_circuit_operator.py
[2022-12-23T02:21:06.109+0100] {processor.py:753} INFO - DAG(s) dict_keys(['example_short_circuit_operator']) retrieved from /home/momo/.local/lib/python3.8/site-packages/airflow/example_dags/example_short_circuit_operator.py
[2022-12-23T02:21:06.161+0100] {logging_mixin.py:137} INFO - [2022-12-23T02:21:06.161+0100] {dag.py:2676} INFO - Sync 1 DAGs
[2022-12-23T02:21:06.225+0100] {logging_mixin.py:137} INFO - [2022-12-23T02:21:06.225+0100] {dag.py:3423} INFO - Setting next_dagrun for example_short_circuit_operator to 2022-12-22T01:21:06.224729+00:00, run_after=2022-12-23T01:21:06.224729+00:00
[2022-12-23T02:21:06.270+0100] {processor.py:175} INFO - Processing /home/momo/.local/lib/python3.8/site-packages/airflow/example_dags/example_short_circuit_operator.py took 0.261 seconds
[2022-12-23T02:22:06.088+0100] {processor.py:153} INFO - Started process (PID=7238) to work on /home/momo/.local/lib/python3.8/site-packages/airflow/example_dags/example_short_circuit_operator.py
[2022-12-23T02:22:06.097+0100] {processor.py:743} INFO - Processing file /home/momo/.local/lib/python3.8/site-packages/airflow/example_dags/example_short_circuit_operator.py for tasks to queue
[2022-12-23T02:22:06.102+0100] {logging_mixin.py:137} INFO - [2022-12-23T02:22:06.101+0100] {dagbag.py:538} INFO - Filling up the DagBag from /home/momo/.local/lib/python3.8/site-packages/airflow/example_dags/example_short_circuit_operator.py
[2022-12-23T02:22:06.175+0100] {processor.py:753} INFO - DAG(s) dict_keys(['example_short_circuit_operator']) retrieved from /home/momo/.local/lib/python3.8/site-packages/airflow/example_dags/example_short_circuit_operator.py
[2022-12-23T02:22:06.260+0100] {logging_mixin.py:137} INFO - [2022-12-23T02:22:06.260+0100] {dag.py:2676} INFO - Sync 1 DAGs
[2022-12-23T02:22:06.304+0100] {logging_mixin.py:137} INFO - [2022-12-23T02:22:06.304+0100] {dag.py:3423} INFO - Setting next_dagrun for example_short_circuit_operator to 2022-12-22T01:22:06.303792+00:00, run_after=2022-12-23T01:22:06.303792+00:00
[2022-12-23T02:22:06.338+0100] {processor.py:175} INFO - Processing /home/momo/.local/lib/python3.8/site-packages/airflow/example_dags/example_short_circuit_operator.py took 0.286 seconds
