[2022-12-23T01:00:11.727+0100] {processor.py:153} INFO - Started process (PID=27020) to work on /home/momo/.local/lib/python3.8/site-packages/airflow/example_dags/example_kubernetes_executor.py
[2022-12-23T01:00:11.731+0100] {processor.py:743} INFO - Processing file /home/momo/.local/lib/python3.8/site-packages/airflow/example_dags/example_kubernetes_executor.py for tasks to queue
[2022-12-23T01:00:11.735+0100] {logging_mixin.py:137} INFO - [2022-12-23T01:00:11.735+0100] {dagbag.py:538} INFO - Filling up the DagBag from /home/momo/.local/lib/python3.8/site-packages/airflow/example_dags/example_kubernetes_executor.py
[2022-12-23T01:00:11.836+0100] {logging_mixin.py:137} INFO - [2022-12-23T01:00:11.835+0100] {example_kubernetes_executor.py:41} WARNING - The example_kubernetes_executor example DAG requires the kubernetes provider. Please install it with: pip install apache-airflow[cncf.kubernetes]
[2022-12-23T01:00:11.837+0100] {processor.py:755} WARNING - No viable dags retrieved from /home/momo/.local/lib/python3.8/site-packages/airflow/example_dags/example_kubernetes_executor.py
[2022-12-23T01:00:11.870+0100] {processor.py:175} INFO - Processing /home/momo/.local/lib/python3.8/site-packages/airflow/example_dags/example_kubernetes_executor.py took 0.160 seconds
[2022-12-23T01:01:01.886+0100] {processor.py:153} INFO - Started process (PID=27057) to work on /home/momo/.local/lib/python3.8/site-packages/airflow/example_dags/example_kubernetes_executor.py
[2022-12-23T01:01:01.895+0100] {processor.py:743} INFO - Processing file /home/momo/.local/lib/python3.8/site-packages/airflow/example_dags/example_kubernetes_executor.py for tasks to queue
[2022-12-23T01:01:01.898+0100] {logging_mixin.py:137} INFO - [2022-12-23T01:01:01.897+0100] {dagbag.py:538} INFO - Filling up the DagBag from /home/momo/.local/lib/python3.8/site-packages/airflow/example_dags/example_kubernetes_executor.py
[2022-12-23T01:01:02.010+0100] {logging_mixin.py:137} INFO - [2022-12-23T01:01:02.010+0100] {example_kubernetes_executor.py:41} WARNING - The example_kubernetes_executor example DAG requires the kubernetes provider. Please install it with: pip install apache-airflow[cncf.kubernetes]
[2022-12-23T01:01:02.011+0100] {processor.py:755} WARNING - No viable dags retrieved from /home/momo/.local/lib/python3.8/site-packages/airflow/example_dags/example_kubernetes_executor.py
[2022-12-23T01:01:02.035+0100] {processor.py:175} INFO - Processing /home/momo/.local/lib/python3.8/site-packages/airflow/example_dags/example_kubernetes_executor.py took 0.183 seconds
[2022-12-23T01:02:12.763+0100] {processor.py:153} INFO - Started process (PID=27107) to work on /home/momo/.local/lib/python3.8/site-packages/airflow/example_dags/example_kubernetes_executor.py
[2022-12-23T01:02:12.774+0100] {processor.py:743} INFO - Processing file /home/momo/.local/lib/python3.8/site-packages/airflow/example_dags/example_kubernetes_executor.py for tasks to queue
[2022-12-23T01:02:12.777+0100] {logging_mixin.py:137} INFO - [2022-12-23T01:02:12.777+0100] {dagbag.py:538} INFO - Filling up the DagBag from /home/momo/.local/lib/python3.8/site-packages/airflow/example_dags/example_kubernetes_executor.py
[2022-12-23T01:02:12.880+0100] {logging_mixin.py:137} INFO - [2022-12-23T01:02:12.879+0100] {example_kubernetes_executor.py:41} WARNING - The example_kubernetes_executor example DAG requires the kubernetes provider. Please install it with: pip install apache-airflow[cncf.kubernetes]
[2022-12-23T01:02:12.881+0100] {processor.py:755} WARNING - No viable dags retrieved from /home/momo/.local/lib/python3.8/site-packages/airflow/example_dags/example_kubernetes_executor.py
[2022-12-23T01:02:12.925+0100] {processor.py:175} INFO - Processing /home/momo/.local/lib/python3.8/site-packages/airflow/example_dags/example_kubernetes_executor.py took 0.179 seconds
[2022-12-23T01:03:22.544+0100] {processor.py:153} INFO - Started process (PID=27162) to work on /home/momo/.local/lib/python3.8/site-packages/airflow/example_dags/example_kubernetes_executor.py
[2022-12-23T01:03:22.549+0100] {processor.py:743} INFO - Processing file /home/momo/.local/lib/python3.8/site-packages/airflow/example_dags/example_kubernetes_executor.py for tasks to queue
[2022-12-23T01:03:22.557+0100] {logging_mixin.py:137} INFO - [2022-12-23T01:03:22.556+0100] {dagbag.py:538} INFO - Filling up the DagBag from /home/momo/.local/lib/python3.8/site-packages/airflow/example_dags/example_kubernetes_executor.py
[2022-12-23T01:03:22.608+0100] {logging_mixin.py:137} INFO - [2022-12-23T01:03:22.608+0100] {example_kubernetes_executor.py:41} WARNING - The example_kubernetes_executor example DAG requires the kubernetes provider. Please install it with: pip install apache-airflow[cncf.kubernetes]
[2022-12-23T01:03:22.609+0100] {processor.py:755} WARNING - No viable dags retrieved from /home/momo/.local/lib/python3.8/site-packages/airflow/example_dags/example_kubernetes_executor.py
[2022-12-23T01:03:22.630+0100] {processor.py:175} INFO - Processing /home/momo/.local/lib/python3.8/site-packages/airflow/example_dags/example_kubernetes_executor.py took 0.101 seconds
[2022-12-23T01:04:33.962+0100] {processor.py:153} INFO - Started process (PID=27211) to work on /home/momo/.local/lib/python3.8/site-packages/airflow/example_dags/example_kubernetes_executor.py
[2022-12-23T01:04:33.972+0100] {processor.py:743} INFO - Processing file /home/momo/.local/lib/python3.8/site-packages/airflow/example_dags/example_kubernetes_executor.py for tasks to queue
[2022-12-23T01:04:33.989+0100] {logging_mixin.py:137} INFO - [2022-12-23T01:04:33.977+0100] {dagbag.py:538} INFO - Filling up the DagBag from /home/momo/.local/lib/python3.8/site-packages/airflow/example_dags/example_kubernetes_executor.py
[2022-12-23T01:04:34.040+0100] {logging_mixin.py:137} INFO - [2022-12-23T01:04:34.040+0100] {example_kubernetes_executor.py:41} WARNING - The example_kubernetes_executor example DAG requires the kubernetes provider. Please install it with: pip install apache-airflow[cncf.kubernetes]
[2022-12-23T01:04:34.041+0100] {processor.py:755} WARNING - No viable dags retrieved from /home/momo/.local/lib/python3.8/site-packages/airflow/example_dags/example_kubernetes_executor.py
[2022-12-23T01:04:34.062+0100] {processor.py:175} INFO - Processing /home/momo/.local/lib/python3.8/site-packages/airflow/example_dags/example_kubernetes_executor.py took 0.120 seconds
[2022-12-23T01:05:30.281+0100] {processor.py:153} INFO - Started process (PID=27247) to work on /home/momo/.local/lib/python3.8/site-packages/airflow/example_dags/example_kubernetes_executor.py
[2022-12-23T01:05:30.289+0100] {processor.py:743} INFO - Processing file /home/momo/.local/lib/python3.8/site-packages/airflow/example_dags/example_kubernetes_executor.py for tasks to queue
[2022-12-23T01:05:30.291+0100] {logging_mixin.py:137} INFO - [2022-12-23T01:05:30.291+0100] {dagbag.py:538} INFO - Filling up the DagBag from /home/momo/.local/lib/python3.8/site-packages/airflow/example_dags/example_kubernetes_executor.py
[2022-12-23T01:05:30.331+0100] {logging_mixin.py:137} INFO - [2022-12-23T01:05:30.331+0100] {example_kubernetes_executor.py:41} WARNING - The example_kubernetes_executor example DAG requires the kubernetes provider. Please install it with: pip install apache-airflow[cncf.kubernetes]
[2022-12-23T01:05:30.332+0100] {processor.py:755} WARNING - No viable dags retrieved from /home/momo/.local/lib/python3.8/site-packages/airflow/example_dags/example_kubernetes_executor.py
[2022-12-23T01:05:30.353+0100] {processor.py:175} INFO - Processing /home/momo/.local/lib/python3.8/site-packages/airflow/example_dags/example_kubernetes_executor.py took 0.087 seconds
[2022-12-23T01:06:22.683+0100] {processor.py:153} INFO - Started process (PID=27284) to work on /home/momo/.local/lib/python3.8/site-packages/airflow/example_dags/example_kubernetes_executor.py
[2022-12-23T01:06:22.688+0100] {processor.py:743} INFO - Processing file /home/momo/.local/lib/python3.8/site-packages/airflow/example_dags/example_kubernetes_executor.py for tasks to queue
[2022-12-23T01:06:22.690+0100] {logging_mixin.py:137} INFO - [2022-12-23T01:06:22.689+0100] {dagbag.py:538} INFO - Filling up the DagBag from /home/momo/.local/lib/python3.8/site-packages/airflow/example_dags/example_kubernetes_executor.py
[2022-12-23T01:06:22.734+0100] {logging_mixin.py:137} INFO - [2022-12-23T01:06:22.734+0100] {example_kubernetes_executor.py:41} WARNING - The example_kubernetes_executor example DAG requires the kubernetes provider. Please install it with: pip install apache-airflow[cncf.kubernetes]
[2022-12-23T01:06:22.735+0100] {processor.py:755} WARNING - No viable dags retrieved from /home/momo/.local/lib/python3.8/site-packages/airflow/example_dags/example_kubernetes_executor.py
[2022-12-23T01:06:22.757+0100] {processor.py:175} INFO - Processing /home/momo/.local/lib/python3.8/site-packages/airflow/example_dags/example_kubernetes_executor.py took 0.089 seconds
[2022-12-23T01:07:32.294+0100] {processor.py:153} INFO - Started process (PID=27335) to work on /home/momo/.local/lib/python3.8/site-packages/airflow/example_dags/example_kubernetes_executor.py
[2022-12-23T01:07:32.298+0100] {processor.py:743} INFO - Processing file /home/momo/.local/lib/python3.8/site-packages/airflow/example_dags/example_kubernetes_executor.py for tasks to queue
[2022-12-23T01:07:32.299+0100] {logging_mixin.py:137} INFO - [2022-12-23T01:07:32.299+0100] {dagbag.py:538} INFO - Filling up the DagBag from /home/momo/.local/lib/python3.8/site-packages/airflow/example_dags/example_kubernetes_executor.py
[2022-12-23T01:07:32.330+0100] {logging_mixin.py:137} INFO - [2022-12-23T01:07:32.330+0100] {example_kubernetes_executor.py:41} WARNING - The example_kubernetes_executor example DAG requires the kubernetes provider. Please install it with: pip install apache-airflow[cncf.kubernetes]
[2022-12-23T01:07:32.331+0100] {processor.py:755} WARNING - No viable dags retrieved from /home/momo/.local/lib/python3.8/site-packages/airflow/example_dags/example_kubernetes_executor.py
[2022-12-23T01:07:32.347+0100] {processor.py:175} INFO - Processing /home/momo/.local/lib/python3.8/site-packages/airflow/example_dags/example_kubernetes_executor.py took 0.066 seconds
[2022-12-23T01:08:39.349+0100] {processor.py:153} INFO - Started process (PID=27390) to work on /home/momo/.local/lib/python3.8/site-packages/airflow/example_dags/example_kubernetes_executor.py
[2022-12-23T01:08:39.351+0100] {processor.py:743} INFO - Processing file /home/momo/.local/lib/python3.8/site-packages/airflow/example_dags/example_kubernetes_executor.py for tasks to queue
[2022-12-23T01:08:39.353+0100] {logging_mixin.py:137} INFO - [2022-12-23T01:08:39.352+0100] {dagbag.py:538} INFO - Filling up the DagBag from /home/momo/.local/lib/python3.8/site-packages/airflow/example_dags/example_kubernetes_executor.py
[2022-12-23T01:08:39.394+0100] {logging_mixin.py:137} INFO - [2022-12-23T01:08:39.394+0100] {example_kubernetes_executor.py:41} WARNING - The example_kubernetes_executor example DAG requires the kubernetes provider. Please install it with: pip install apache-airflow[cncf.kubernetes]
[2022-12-23T01:08:39.394+0100] {processor.py:755} WARNING - No viable dags retrieved from /home/momo/.local/lib/python3.8/site-packages/airflow/example_dags/example_kubernetes_executor.py
[2022-12-23T01:08:39.415+0100] {processor.py:175} INFO - Processing /home/momo/.local/lib/python3.8/site-packages/airflow/example_dags/example_kubernetes_executor.py took 0.080 seconds
[2022-12-23T01:10:01.062+0100] {processor.py:153} INFO - Started process (PID=27443) to work on /home/momo/.local/lib/python3.8/site-packages/airflow/example_dags/example_kubernetes_executor.py
[2022-12-23T01:10:01.068+0100] {processor.py:743} INFO - Processing file /home/momo/.local/lib/python3.8/site-packages/airflow/example_dags/example_kubernetes_executor.py for tasks to queue
[2022-12-23T01:10:01.072+0100] {logging_mixin.py:137} INFO - [2022-12-23T01:10:01.071+0100] {dagbag.py:538} INFO - Filling up the DagBag from /home/momo/.local/lib/python3.8/site-packages/airflow/example_dags/example_kubernetes_executor.py
[2022-12-23T01:10:01.167+0100] {logging_mixin.py:137} INFO - [2022-12-23T01:10:01.164+0100] {example_kubernetes_executor.py:41} WARNING - The example_kubernetes_executor example DAG requires the kubernetes provider. Please install it with: pip install apache-airflow[cncf.kubernetes]
[2022-12-23T01:10:01.167+0100] {processor.py:755} WARNING - No viable dags retrieved from /home/momo/.local/lib/python3.8/site-packages/airflow/example_dags/example_kubernetes_executor.py
[2022-12-23T01:10:01.197+0100] {processor.py:175} INFO - Processing /home/momo/.local/lib/python3.8/site-packages/airflow/example_dags/example_kubernetes_executor.py took 0.153 seconds
[2022-12-23T01:11:01.730+0100] {processor.py:153} INFO - Started process (PID=27482) to work on /home/momo/.local/lib/python3.8/site-packages/airflow/example_dags/example_kubernetes_executor.py
[2022-12-23T01:11:01.733+0100] {processor.py:743} INFO - Processing file /home/momo/.local/lib/python3.8/site-packages/airflow/example_dags/example_kubernetes_executor.py for tasks to queue
[2022-12-23T01:11:01.735+0100] {logging_mixin.py:137} INFO - [2022-12-23T01:11:01.734+0100] {dagbag.py:538} INFO - Filling up the DagBag from /home/momo/.local/lib/python3.8/site-packages/airflow/example_dags/example_kubernetes_executor.py
[2022-12-23T01:11:01.775+0100] {logging_mixin.py:137} INFO - [2022-12-23T01:11:01.775+0100] {example_kubernetes_executor.py:41} WARNING - The example_kubernetes_executor example DAG requires the kubernetes provider. Please install it with: pip install apache-airflow[cncf.kubernetes]
[2022-12-23T01:11:01.776+0100] {processor.py:755} WARNING - No viable dags retrieved from /home/momo/.local/lib/python3.8/site-packages/airflow/example_dags/example_kubernetes_executor.py
[2022-12-23T01:11:01.802+0100] {processor.py:175} INFO - Processing /home/momo/.local/lib/python3.8/site-packages/airflow/example_dags/example_kubernetes_executor.py took 0.084 seconds
[2022-12-23T01:11:52.407+0100] {processor.py:153} INFO - Started process (PID=27519) to work on /home/momo/.local/lib/python3.8/site-packages/airflow/example_dags/example_kubernetes_executor.py
[2022-12-23T01:11:52.419+0100] {processor.py:743} INFO - Processing file /home/momo/.local/lib/python3.8/site-packages/airflow/example_dags/example_kubernetes_executor.py for tasks to queue
[2022-12-23T01:11:52.421+0100] {logging_mixin.py:137} INFO - [2022-12-23T01:11:52.421+0100] {dagbag.py:538} INFO - Filling up the DagBag from /home/momo/.local/lib/python3.8/site-packages/airflow/example_dags/example_kubernetes_executor.py
[2022-12-23T01:11:52.466+0100] {logging_mixin.py:137} INFO - [2022-12-23T01:11:52.465+0100] {example_kubernetes_executor.py:41} WARNING - The example_kubernetes_executor example DAG requires the kubernetes provider. Please install it with: pip install apache-airflow[cncf.kubernetes]
[2022-12-23T01:11:52.467+0100] {processor.py:755} WARNING - No viable dags retrieved from /home/momo/.local/lib/python3.8/site-packages/airflow/example_dags/example_kubernetes_executor.py
[2022-12-23T01:11:52.494+0100] {processor.py:175} INFO - Processing /home/momo/.local/lib/python3.8/site-packages/airflow/example_dags/example_kubernetes_executor.py took 0.104 seconds
[2022-12-23T01:13:01.362+0100] {processor.py:153} INFO - Started process (PID=27573) to work on /home/momo/.local/lib/python3.8/site-packages/airflow/example_dags/example_kubernetes_executor.py
[2022-12-23T01:13:01.365+0100] {processor.py:743} INFO - Processing file /home/momo/.local/lib/python3.8/site-packages/airflow/example_dags/example_kubernetes_executor.py for tasks to queue
[2022-12-23T01:13:01.366+0100] {logging_mixin.py:137} INFO - [2022-12-23T01:13:01.366+0100] {dagbag.py:538} INFO - Filling up the DagBag from /home/momo/.local/lib/python3.8/site-packages/airflow/example_dags/example_kubernetes_executor.py
[2022-12-23T01:13:01.409+0100] {logging_mixin.py:137} INFO - [2022-12-23T01:13:01.409+0100] {example_kubernetes_executor.py:41} WARNING - The example_kubernetes_executor example DAG requires the kubernetes provider. Please install it with: pip install apache-airflow[cncf.kubernetes]
[2022-12-23T01:13:01.410+0100] {processor.py:755} WARNING - No viable dags retrieved from /home/momo/.local/lib/python3.8/site-packages/airflow/example_dags/example_kubernetes_executor.py
[2022-12-23T01:13:01.431+0100] {processor.py:175} INFO - Processing /home/momo/.local/lib/python3.8/site-packages/airflow/example_dags/example_kubernetes_executor.py took 0.079 seconds
[2022-12-23T01:14:10.890+0100] {processor.py:153} INFO - Started process (PID=27623) to work on /home/momo/.local/lib/python3.8/site-packages/airflow/example_dags/example_kubernetes_executor.py
[2022-12-23T01:14:10.895+0100] {processor.py:743} INFO - Processing file /home/momo/.local/lib/python3.8/site-packages/airflow/example_dags/example_kubernetes_executor.py for tasks to queue
[2022-12-23T01:14:10.899+0100] {logging_mixin.py:137} INFO - [2022-12-23T01:14:10.898+0100] {dagbag.py:538} INFO - Filling up the DagBag from /home/momo/.local/lib/python3.8/site-packages/airflow/example_dags/example_kubernetes_executor.py
[2022-12-23T01:14:11.007+0100] {logging_mixin.py:137} INFO - [2022-12-23T01:14:11.007+0100] {example_kubernetes_executor.py:41} WARNING - The example_kubernetes_executor example DAG requires the kubernetes provider. Please install it with: pip install apache-airflow[cncf.kubernetes]
[2022-12-23T01:14:11.014+0100] {processor.py:755} WARNING - No viable dags retrieved from /home/momo/.local/lib/python3.8/site-packages/airflow/example_dags/example_kubernetes_executor.py
[2022-12-23T01:14:11.055+0100] {processor.py:175} INFO - Processing /home/momo/.local/lib/python3.8/site-packages/airflow/example_dags/example_kubernetes_executor.py took 0.182 seconds
[2022-12-23T01:15:04.621+0100] {processor.py:153} INFO - Started process (PID=27659) to work on /home/momo/.local/lib/python3.8/site-packages/airflow/example_dags/example_kubernetes_executor.py
[2022-12-23T01:15:04.626+0100] {processor.py:743} INFO - Processing file /home/momo/.local/lib/python3.8/site-packages/airflow/example_dags/example_kubernetes_executor.py for tasks to queue
[2022-12-23T01:15:04.631+0100] {logging_mixin.py:137} INFO - [2022-12-23T01:15:04.630+0100] {dagbag.py:538} INFO - Filling up the DagBag from /home/momo/.local/lib/python3.8/site-packages/airflow/example_dags/example_kubernetes_executor.py
[2022-12-23T01:15:04.710+0100] {logging_mixin.py:137} INFO - [2022-12-23T01:15:04.709+0100] {example_kubernetes_executor.py:41} WARNING - The example_kubernetes_executor example DAG requires the kubernetes provider. Please install it with: pip install apache-airflow[cncf.kubernetes]
[2022-12-23T01:15:04.710+0100] {processor.py:755} WARNING - No viable dags retrieved from /home/momo/.local/lib/python3.8/site-packages/airflow/example_dags/example_kubernetes_executor.py
[2022-12-23T01:15:04.731+0100] {processor.py:175} INFO - Processing /home/momo/.local/lib/python3.8/site-packages/airflow/example_dags/example_kubernetes_executor.py took 0.126 seconds
[2022-12-23T01:16:02.230+0100] {processor.py:153} INFO - Started process (PID=27695) to work on /home/momo/.local/lib/python3.8/site-packages/airflow/example_dags/example_kubernetes_executor.py
[2022-12-23T01:16:02.233+0100] {processor.py:743} INFO - Processing file /home/momo/.local/lib/python3.8/site-packages/airflow/example_dags/example_kubernetes_executor.py for tasks to queue
[2022-12-23T01:16:02.235+0100] {logging_mixin.py:137} INFO - [2022-12-23T01:16:02.234+0100] {dagbag.py:538} INFO - Filling up the DagBag from /home/momo/.local/lib/python3.8/site-packages/airflow/example_dags/example_kubernetes_executor.py
[2022-12-23T01:16:02.276+0100] {logging_mixin.py:137} INFO - [2022-12-23T01:16:02.276+0100] {example_kubernetes_executor.py:41} WARNING - The example_kubernetes_executor example DAG requires the kubernetes provider. Please install it with: pip install apache-airflow[cncf.kubernetes]
[2022-12-23T01:16:02.277+0100] {processor.py:755} WARNING - No viable dags retrieved from /home/momo/.local/lib/python3.8/site-packages/airflow/example_dags/example_kubernetes_executor.py
[2022-12-23T01:16:02.298+0100] {processor.py:175} INFO - Processing /home/momo/.local/lib/python3.8/site-packages/airflow/example_dags/example_kubernetes_executor.py took 0.082 seconds
[2022-12-23T01:17:00.434+0100] {processor.py:153} INFO - Started process (PID=27735) to work on /home/momo/.local/lib/python3.8/site-packages/airflow/example_dags/example_kubernetes_executor.py
[2022-12-23T01:17:00.437+0100] {processor.py:743} INFO - Processing file /home/momo/.local/lib/python3.8/site-packages/airflow/example_dags/example_kubernetes_executor.py for tasks to queue
[2022-12-23T01:17:00.439+0100] {logging_mixin.py:137} INFO - [2022-12-23T01:17:00.438+0100] {dagbag.py:538} INFO - Filling up the DagBag from /home/momo/.local/lib/python3.8/site-packages/airflow/example_dags/example_kubernetes_executor.py
[2022-12-23T01:17:00.481+0100] {logging_mixin.py:137} INFO - [2022-12-23T01:17:00.480+0100] {example_kubernetes_executor.py:41} WARNING - The example_kubernetes_executor example DAG requires the kubernetes provider. Please install it with: pip install apache-airflow[cncf.kubernetes]
[2022-12-23T01:17:00.481+0100] {processor.py:755} WARNING - No viable dags retrieved from /home/momo/.local/lib/python3.8/site-packages/airflow/example_dags/example_kubernetes_executor.py
[2022-12-23T01:17:00.501+0100] {processor.py:175} INFO - Processing /home/momo/.local/lib/python3.8/site-packages/airflow/example_dags/example_kubernetes_executor.py took 0.074 seconds
[2022-12-23T01:18:08.284+0100] {processor.py:153} INFO - Started process (PID=27897) to work on /home/momo/.local/lib/python3.8/site-packages/airflow/example_dags/example_kubernetes_executor.py
[2022-12-23T01:18:08.292+0100] {processor.py:743} INFO - Processing file /home/momo/.local/lib/python3.8/site-packages/airflow/example_dags/example_kubernetes_executor.py for tasks to queue
[2022-12-23T01:18:08.293+0100] {logging_mixin.py:137} INFO - [2022-12-23T01:18:08.293+0100] {dagbag.py:538} INFO - Filling up the DagBag from /home/momo/.local/lib/python3.8/site-packages/airflow/example_dags/example_kubernetes_executor.py
[2022-12-23T01:18:08.347+0100] {logging_mixin.py:137} INFO - [2022-12-23T01:18:08.346+0100] {example_kubernetes_executor.py:41} WARNING - The example_kubernetes_executor example DAG requires the kubernetes provider. Please install it with: pip install apache-airflow[cncf.kubernetes]
[2022-12-23T01:18:08.347+0100] {processor.py:755} WARNING - No viable dags retrieved from /home/momo/.local/lib/python3.8/site-packages/airflow/example_dags/example_kubernetes_executor.py
[2022-12-23T01:18:08.377+0100] {processor.py:175} INFO - Processing /home/momo/.local/lib/python3.8/site-packages/airflow/example_dags/example_kubernetes_executor.py took 0.099 seconds
[2022-12-23T01:19:16.235+0100] {processor.py:153} INFO - Started process (PID=27962) to work on /home/momo/.local/lib/python3.8/site-packages/airflow/example_dags/example_kubernetes_executor.py
[2022-12-23T01:19:16.243+0100] {processor.py:743} INFO - Processing file /home/momo/.local/lib/python3.8/site-packages/airflow/example_dags/example_kubernetes_executor.py for tasks to queue
[2022-12-23T01:19:16.245+0100] {logging_mixin.py:137} INFO - [2022-12-23T01:19:16.244+0100] {dagbag.py:538} INFO - Filling up the DagBag from /home/momo/.local/lib/python3.8/site-packages/airflow/example_dags/example_kubernetes_executor.py
[2022-12-23T01:19:16.297+0100] {logging_mixin.py:137} INFO - [2022-12-23T01:19:16.297+0100] {example_kubernetes_executor.py:41} WARNING - The example_kubernetes_executor example DAG requires the kubernetes provider. Please install it with: pip install apache-airflow[cncf.kubernetes]
[2022-12-23T01:19:16.297+0100] {processor.py:755} WARNING - No viable dags retrieved from /home/momo/.local/lib/python3.8/site-packages/airflow/example_dags/example_kubernetes_executor.py
[2022-12-23T01:19:16.329+0100] {processor.py:175} INFO - Processing /home/momo/.local/lib/python3.8/site-packages/airflow/example_dags/example_kubernetes_executor.py took 0.111 seconds
[2022-12-23T01:20:29.833+0100] {processor.py:153} INFO - Started process (PID=28111) to work on /home/momo/.local/lib/python3.8/site-packages/airflow/example_dags/example_kubernetes_executor.py
[2022-12-23T01:20:29.841+0100] {processor.py:743} INFO - Processing file /home/momo/.local/lib/python3.8/site-packages/airflow/example_dags/example_kubernetes_executor.py for tasks to queue
[2022-12-23T01:20:29.842+0100] {logging_mixin.py:137} INFO - [2022-12-23T01:20:29.842+0100] {dagbag.py:538} INFO - Filling up the DagBag from /home/momo/.local/lib/python3.8/site-packages/airflow/example_dags/example_kubernetes_executor.py
[2022-12-23T01:20:29.903+0100] {logging_mixin.py:137} INFO - [2022-12-23T01:20:29.903+0100] {example_kubernetes_executor.py:41} WARNING - The example_kubernetes_executor example DAG requires the kubernetes provider. Please install it with: pip install apache-airflow[cncf.kubernetes]
[2022-12-23T01:20:29.903+0100] {processor.py:755} WARNING - No viable dags retrieved from /home/momo/.local/lib/python3.8/site-packages/airflow/example_dags/example_kubernetes_executor.py
[2022-12-23T01:20:29.935+0100] {processor.py:175} INFO - Processing /home/momo/.local/lib/python3.8/site-packages/airflow/example_dags/example_kubernetes_executor.py took 0.116 seconds
[2022-12-23T01:21:33.278+0100] {processor.py:153} INFO - Started process (PID=28164) to work on /home/momo/.local/lib/python3.8/site-packages/airflow/example_dags/example_kubernetes_executor.py
[2022-12-23T01:21:33.292+0100] {processor.py:743} INFO - Processing file /home/momo/.local/lib/python3.8/site-packages/airflow/example_dags/example_kubernetes_executor.py for tasks to queue
[2022-12-23T01:21:33.293+0100] {logging_mixin.py:137} INFO - [2022-12-23T01:21:33.293+0100] {dagbag.py:538} INFO - Filling up the DagBag from /home/momo/.local/lib/python3.8/site-packages/airflow/example_dags/example_kubernetes_executor.py
[2022-12-23T01:21:33.349+0100] {logging_mixin.py:137} INFO - [2022-12-23T01:21:33.349+0100] {example_kubernetes_executor.py:41} WARNING - The example_kubernetes_executor example DAG requires the kubernetes provider. Please install it with: pip install apache-airflow[cncf.kubernetes]
[2022-12-23T01:21:33.349+0100] {processor.py:755} WARNING - No viable dags retrieved from /home/momo/.local/lib/python3.8/site-packages/airflow/example_dags/example_kubernetes_executor.py
[2022-12-23T01:21:33.376+0100] {processor.py:175} INFO - Processing /home/momo/.local/lib/python3.8/site-packages/airflow/example_dags/example_kubernetes_executor.py took 0.106 seconds
[2022-12-23T01:22:27.310+0100] {processor.py:153} INFO - Started process (PID=28211) to work on /home/momo/.local/lib/python3.8/site-packages/airflow/example_dags/example_kubernetes_executor.py
[2022-12-23T01:22:27.318+0100] {processor.py:743} INFO - Processing file /home/momo/.local/lib/python3.8/site-packages/airflow/example_dags/example_kubernetes_executor.py for tasks to queue
[2022-12-23T01:22:27.319+0100] {logging_mixin.py:137} INFO - [2022-12-23T01:22:27.319+0100] {dagbag.py:538} INFO - Filling up the DagBag from /home/momo/.local/lib/python3.8/site-packages/airflow/example_dags/example_kubernetes_executor.py
[2022-12-23T01:22:27.404+0100] {logging_mixin.py:137} INFO - [2022-12-23T01:22:27.400+0100] {example_kubernetes_executor.py:41} WARNING - The example_kubernetes_executor example DAG requires the kubernetes provider. Please install it with: pip install apache-airflow[cncf.kubernetes]
[2022-12-23T01:22:27.405+0100] {processor.py:755} WARNING - No viable dags retrieved from /home/momo/.local/lib/python3.8/site-packages/airflow/example_dags/example_kubernetes_executor.py
[2022-12-23T01:22:27.434+0100] {processor.py:175} INFO - Processing /home/momo/.local/lib/python3.8/site-packages/airflow/example_dags/example_kubernetes_executor.py took 0.145 seconds
[2022-12-23T01:23:40.801+0100] {processor.py:153} INFO - Started process (PID=28329) to work on /home/momo/.local/lib/python3.8/site-packages/airflow/example_dags/example_kubernetes_executor.py
[2022-12-23T01:23:40.810+0100] {processor.py:743} INFO - Processing file /home/momo/.local/lib/python3.8/site-packages/airflow/example_dags/example_kubernetes_executor.py for tasks to queue
[2022-12-23T01:23:40.811+0100] {logging_mixin.py:137} INFO - [2022-12-23T01:23:40.811+0100] {dagbag.py:538} INFO - Filling up the DagBag from /home/momo/.local/lib/python3.8/site-packages/airflow/example_dags/example_kubernetes_executor.py
[2022-12-23T01:23:40.887+0100] {logging_mixin.py:137} INFO - [2022-12-23T01:23:40.886+0100] {example_kubernetes_executor.py:41} WARNING - The example_kubernetes_executor example DAG requires the kubernetes provider. Please install it with: pip install apache-airflow[cncf.kubernetes]
[2022-12-23T01:23:40.887+0100] {processor.py:755} WARNING - No viable dags retrieved from /home/momo/.local/lib/python3.8/site-packages/airflow/example_dags/example_kubernetes_executor.py
[2022-12-23T01:23:40.915+0100] {processor.py:175} INFO - Processing /home/momo/.local/lib/python3.8/site-packages/airflow/example_dags/example_kubernetes_executor.py took 0.128 seconds
[2022-12-23T01:43:56.111+0100] {processor.py:153} INFO - Started process (PID=5160) to work on /home/momo/.local/lib/python3.8/site-packages/airflow/example_dags/example_kubernetes_executor.py
[2022-12-23T01:43:56.119+0100] {processor.py:743} INFO - Processing file /home/momo/.local/lib/python3.8/site-packages/airflow/example_dags/example_kubernetes_executor.py for tasks to queue
[2022-12-23T01:43:56.121+0100] {logging_mixin.py:137} INFO - [2022-12-23T01:43:56.120+0100] {dagbag.py:538} INFO - Filling up the DagBag from /home/momo/.local/lib/python3.8/site-packages/airflow/example_dags/example_kubernetes_executor.py
[2022-12-23T01:43:56.180+0100] {logging_mixin.py:137} INFO - [2022-12-23T01:43:56.180+0100] {example_kubernetes_executor.py:41} WARNING - The example_kubernetes_executor example DAG requires the kubernetes provider. Please install it with: pip install apache-airflow[cncf.kubernetes]
[2022-12-23T01:43:56.181+0100] {processor.py:755} WARNING - No viable dags retrieved from /home/momo/.local/lib/python3.8/site-packages/airflow/example_dags/example_kubernetes_executor.py
[2022-12-23T01:43:56.234+0100] {processor.py:175} INFO - Processing /home/momo/.local/lib/python3.8/site-packages/airflow/example_dags/example_kubernetes_executor.py took 0.135 seconds
[2022-12-23T01:44:44.491+0100] {processor.py:153} INFO - Started process (PID=5210) to work on /home/momo/.local/lib/python3.8/site-packages/airflow/example_dags/example_kubernetes_executor.py
[2022-12-23T01:44:44.493+0100] {processor.py:743} INFO - Processing file /home/momo/.local/lib/python3.8/site-packages/airflow/example_dags/example_kubernetes_executor.py for tasks to queue
[2022-12-23T01:44:44.495+0100] {logging_mixin.py:137} INFO - [2022-12-23T01:44:44.494+0100] {dagbag.py:538} INFO - Filling up the DagBag from /home/momo/.local/lib/python3.8/site-packages/airflow/example_dags/example_kubernetes_executor.py
[2022-12-23T01:44:44.521+0100] {logging_mixin.py:137} INFO - [2022-12-23T01:44:44.521+0100] {example_kubernetes_executor.py:41} WARNING - The example_kubernetes_executor example DAG requires the kubernetes provider. Please install it with: pip install apache-airflow[cncf.kubernetes]
[2022-12-23T01:44:44.521+0100] {processor.py:755} WARNING - No viable dags retrieved from /home/momo/.local/lib/python3.8/site-packages/airflow/example_dags/example_kubernetes_executor.py
[2022-12-23T01:44:44.536+0100] {processor.py:175} INFO - Processing /home/momo/.local/lib/python3.8/site-packages/airflow/example_dags/example_kubernetes_executor.py took 0.050 seconds
[2022-12-23T01:45:38.866+0100] {processor.py:153} INFO - Started process (PID=5256) to work on /home/momo/.local/lib/python3.8/site-packages/airflow/example_dags/example_kubernetes_executor.py
[2022-12-23T01:45:38.870+0100] {processor.py:743} INFO - Processing file /home/momo/.local/lib/python3.8/site-packages/airflow/example_dags/example_kubernetes_executor.py for tasks to queue
[2022-12-23T01:45:38.871+0100] {logging_mixin.py:137} INFO - [2022-12-23T01:45:38.871+0100] {dagbag.py:538} INFO - Filling up the DagBag from /home/momo/.local/lib/python3.8/site-packages/airflow/example_dags/example_kubernetes_executor.py
[2022-12-23T01:45:38.912+0100] {logging_mixin.py:137} INFO - [2022-12-23T01:45:38.911+0100] {example_kubernetes_executor.py:41} WARNING - The example_kubernetes_executor example DAG requires the kubernetes provider. Please install it with: pip install apache-airflow[cncf.kubernetes]
[2022-12-23T01:45:38.912+0100] {processor.py:755} WARNING - No viable dags retrieved from /home/momo/.local/lib/python3.8/site-packages/airflow/example_dags/example_kubernetes_executor.py
[2022-12-23T01:45:38.930+0100] {processor.py:175} INFO - Processing /home/momo/.local/lib/python3.8/site-packages/airflow/example_dags/example_kubernetes_executor.py took 0.074 seconds
[2022-12-23T01:46:34.989+0100] {processor.py:153} INFO - Started process (PID=5305) to work on /home/momo/.local/lib/python3.8/site-packages/airflow/example_dags/example_kubernetes_executor.py
[2022-12-23T01:46:34.992+0100] {processor.py:743} INFO - Processing file /home/momo/.local/lib/python3.8/site-packages/airflow/example_dags/example_kubernetes_executor.py for tasks to queue
[2022-12-23T01:46:34.994+0100] {logging_mixin.py:137} INFO - [2022-12-23T01:46:34.994+0100] {dagbag.py:538} INFO - Filling up the DagBag from /home/momo/.local/lib/python3.8/site-packages/airflow/example_dags/example_kubernetes_executor.py
[2022-12-23T01:46:35.045+0100] {logging_mixin.py:137} INFO - [2022-12-23T01:46:35.045+0100] {example_kubernetes_executor.py:41} WARNING - The example_kubernetes_executor example DAG requires the kubernetes provider. Please install it with: pip install apache-airflow[cncf.kubernetes]
[2022-12-23T01:46:35.046+0100] {processor.py:755} WARNING - No viable dags retrieved from /home/momo/.local/lib/python3.8/site-packages/airflow/example_dags/example_kubernetes_executor.py
[2022-12-23T01:46:35.067+0100] {processor.py:175} INFO - Processing /home/momo/.local/lib/python3.8/site-packages/airflow/example_dags/example_kubernetes_executor.py took 0.085 seconds
[2022-12-23T01:47:35.525+0100] {processor.py:153} INFO - Started process (PID=5354) to work on /home/momo/.local/lib/python3.8/site-packages/airflow/example_dags/example_kubernetes_executor.py
[2022-12-23T01:47:35.528+0100] {processor.py:743} INFO - Processing file /home/momo/.local/lib/python3.8/site-packages/airflow/example_dags/example_kubernetes_executor.py for tasks to queue
[2022-12-23T01:47:35.530+0100] {logging_mixin.py:137} INFO - [2022-12-23T01:47:35.529+0100] {dagbag.py:538} INFO - Filling up the DagBag from /home/momo/.local/lib/python3.8/site-packages/airflow/example_dags/example_kubernetes_executor.py
[2022-12-23T01:47:35.567+0100] {logging_mixin.py:137} INFO - [2022-12-23T01:47:35.567+0100] {example_kubernetes_executor.py:41} WARNING - The example_kubernetes_executor example DAG requires the kubernetes provider. Please install it with: pip install apache-airflow[cncf.kubernetes]
[2022-12-23T01:47:35.568+0100] {processor.py:755} WARNING - No viable dags retrieved from /home/momo/.local/lib/python3.8/site-packages/airflow/example_dags/example_kubernetes_executor.py
[2022-12-23T01:47:35.591+0100] {processor.py:175} INFO - Processing /home/momo/.local/lib/python3.8/site-packages/airflow/example_dags/example_kubernetes_executor.py took 0.074 seconds
[2022-12-23T01:48:37.851+0100] {processor.py:153} INFO - Started process (PID=5405) to work on /home/momo/.local/lib/python3.8/site-packages/airflow/example_dags/example_kubernetes_executor.py
[2022-12-23T01:48:37.854+0100] {processor.py:743} INFO - Processing file /home/momo/.local/lib/python3.8/site-packages/airflow/example_dags/example_kubernetes_executor.py for tasks to queue
[2022-12-23T01:48:37.856+0100] {logging_mixin.py:137} INFO - [2022-12-23T01:48:37.855+0100] {dagbag.py:538} INFO - Filling up the DagBag from /home/momo/.local/lib/python3.8/site-packages/airflow/example_dags/example_kubernetes_executor.py
[2022-12-23T01:48:37.926+0100] {logging_mixin.py:137} INFO - [2022-12-23T01:48:37.922+0100] {example_kubernetes_executor.py:41} WARNING - The example_kubernetes_executor example DAG requires the kubernetes provider. Please install it with: pip install apache-airflow[cncf.kubernetes]
[2022-12-23T01:48:37.929+0100] {processor.py:755} WARNING - No viable dags retrieved from /home/momo/.local/lib/python3.8/site-packages/airflow/example_dags/example_kubernetes_executor.py
[2022-12-23T01:48:37.977+0100] {processor.py:175} INFO - Processing /home/momo/.local/lib/python3.8/site-packages/airflow/example_dags/example_kubernetes_executor.py took 0.135 seconds
[2022-12-23T01:49:38.170+0100] {processor.py:153} INFO - Started process (PID=5454) to work on /home/momo/.local/lib/python3.8/site-packages/airflow/example_dags/example_kubernetes_executor.py
[2022-12-23T01:49:38.176+0100] {processor.py:743} INFO - Processing file /home/momo/.local/lib/python3.8/site-packages/airflow/example_dags/example_kubernetes_executor.py for tasks to queue
[2022-12-23T01:49:38.180+0100] {logging_mixin.py:137} INFO - [2022-12-23T01:49:38.179+0100] {dagbag.py:538} INFO - Filling up the DagBag from /home/momo/.local/lib/python3.8/site-packages/airflow/example_dags/example_kubernetes_executor.py
[2022-12-23T01:49:38.266+0100] {logging_mixin.py:137} INFO - [2022-12-23T01:49:38.265+0100] {example_kubernetes_executor.py:41} WARNING - The example_kubernetes_executor example DAG requires the kubernetes provider. Please install it with: pip install apache-airflow[cncf.kubernetes]
[2022-12-23T01:49:38.266+0100] {processor.py:755} WARNING - No viable dags retrieved from /home/momo/.local/lib/python3.8/site-packages/airflow/example_dags/example_kubernetes_executor.py
[2022-12-23T01:49:38.288+0100] {processor.py:175} INFO - Processing /home/momo/.local/lib/python3.8/site-packages/airflow/example_dags/example_kubernetes_executor.py took 0.134 seconds
[2022-12-23T01:50:41.151+0100] {processor.py:153} INFO - Started process (PID=5506) to work on /home/momo/.local/lib/python3.8/site-packages/airflow/example_dags/example_kubernetes_executor.py
[2022-12-23T01:50:41.156+0100] {processor.py:743} INFO - Processing file /home/momo/.local/lib/python3.8/site-packages/airflow/example_dags/example_kubernetes_executor.py for tasks to queue
[2022-12-23T01:50:41.159+0100] {logging_mixin.py:137} INFO - [2022-12-23T01:50:41.159+0100] {dagbag.py:538} INFO - Filling up the DagBag from /home/momo/.local/lib/python3.8/site-packages/airflow/example_dags/example_kubernetes_executor.py
[2022-12-23T01:50:41.298+0100] {logging_mixin.py:137} INFO - [2022-12-23T01:50:41.297+0100] {example_kubernetes_executor.py:41} WARNING - The example_kubernetes_executor example DAG requires the kubernetes provider. Please install it with: pip install apache-airflow[cncf.kubernetes]
[2022-12-23T01:50:41.303+0100] {processor.py:755} WARNING - No viable dags retrieved from /home/momo/.local/lib/python3.8/site-packages/airflow/example_dags/example_kubernetes_executor.py
[2022-12-23T01:50:41.343+0100] {processor.py:175} INFO - Processing /home/momo/.local/lib/python3.8/site-packages/airflow/example_dags/example_kubernetes_executor.py took 0.208 seconds
[2022-12-23T01:51:40.968+0100] {processor.py:153} INFO - Started process (PID=5560) to work on /home/momo/.local/lib/python3.8/site-packages/airflow/example_dags/example_kubernetes_executor.py
[2022-12-23T01:51:40.972+0100] {processor.py:743} INFO - Processing file /home/momo/.local/lib/python3.8/site-packages/airflow/example_dags/example_kubernetes_executor.py for tasks to queue
[2022-12-23T01:51:40.974+0100] {logging_mixin.py:137} INFO - [2022-12-23T01:51:40.973+0100] {dagbag.py:538} INFO - Filling up the DagBag from /home/momo/.local/lib/python3.8/site-packages/airflow/example_dags/example_kubernetes_executor.py
[2022-12-23T01:51:41.036+0100] {logging_mixin.py:137} INFO - [2022-12-23T01:51:41.036+0100] {example_kubernetes_executor.py:41} WARNING - The example_kubernetes_executor example DAG requires the kubernetes provider. Please install it with: pip install apache-airflow[cncf.kubernetes]
[2022-12-23T01:51:41.037+0100] {processor.py:755} WARNING - No viable dags retrieved from /home/momo/.local/lib/python3.8/site-packages/airflow/example_dags/example_kubernetes_executor.py
[2022-12-23T01:51:41.064+0100] {processor.py:175} INFO - Processing /home/momo/.local/lib/python3.8/site-packages/airflow/example_dags/example_kubernetes_executor.py took 0.107 seconds
[2022-12-23T01:52:41.470+0100] {processor.py:153} INFO - Started process (PID=5662) to work on /home/momo/.local/lib/python3.8/site-packages/airflow/example_dags/example_kubernetes_executor.py
[2022-12-23T01:52:41.475+0100] {processor.py:743} INFO - Processing file /home/momo/.local/lib/python3.8/site-packages/airflow/example_dags/example_kubernetes_executor.py for tasks to queue
[2022-12-23T01:52:41.478+0100] {logging_mixin.py:137} INFO - [2022-12-23T01:52:41.477+0100] {dagbag.py:538} INFO - Filling up the DagBag from /home/momo/.local/lib/python3.8/site-packages/airflow/example_dags/example_kubernetes_executor.py
[2022-12-23T01:52:41.513+0100] {logging_mixin.py:137} INFO - [2022-12-23T01:52:41.512+0100] {example_kubernetes_executor.py:41} WARNING - The example_kubernetes_executor example DAG requires the kubernetes provider. Please install it with: pip install apache-airflow[cncf.kubernetes]
[2022-12-23T01:52:41.513+0100] {processor.py:755} WARNING - No viable dags retrieved from /home/momo/.local/lib/python3.8/site-packages/airflow/example_dags/example_kubernetes_executor.py
[2022-12-23T01:52:41.525+0100] {processor.py:175} INFO - Processing /home/momo/.local/lib/python3.8/site-packages/airflow/example_dags/example_kubernetes_executor.py took 0.069 seconds
[2022-12-23T01:53:44.565+0100] {processor.py:153} INFO - Started process (PID=5712) to work on /home/momo/.local/lib/python3.8/site-packages/airflow/example_dags/example_kubernetes_executor.py
[2022-12-23T01:53:44.570+0100] {processor.py:743} INFO - Processing file /home/momo/.local/lib/python3.8/site-packages/airflow/example_dags/example_kubernetes_executor.py for tasks to queue
[2022-12-23T01:53:44.572+0100] {logging_mixin.py:137} INFO - [2022-12-23T01:53:44.572+0100] {dagbag.py:538} INFO - Filling up the DagBag from /home/momo/.local/lib/python3.8/site-packages/airflow/example_dags/example_kubernetes_executor.py
[2022-12-23T01:53:44.641+0100] {logging_mixin.py:137} INFO - [2022-12-23T01:53:44.640+0100] {example_kubernetes_executor.py:41} WARNING - The example_kubernetes_executor example DAG requires the kubernetes provider. Please install it with: pip install apache-airflow[cncf.kubernetes]
[2022-12-23T01:53:44.641+0100] {processor.py:755} WARNING - No viable dags retrieved from /home/momo/.local/lib/python3.8/site-packages/airflow/example_dags/example_kubernetes_executor.py
[2022-12-23T01:53:44.658+0100] {processor.py:175} INFO - Processing /home/momo/.local/lib/python3.8/site-packages/airflow/example_dags/example_kubernetes_executor.py took 0.110 seconds
[2022-12-23T01:54:40.218+0100] {processor.py:153} INFO - Started process (PID=5759) to work on /home/momo/.local/lib/python3.8/site-packages/airflow/example_dags/example_kubernetes_executor.py
[2022-12-23T01:54:40.222+0100] {processor.py:743} INFO - Processing file /home/momo/.local/lib/python3.8/site-packages/airflow/example_dags/example_kubernetes_executor.py for tasks to queue
[2022-12-23T01:54:40.225+0100] {logging_mixin.py:137} INFO - [2022-12-23T01:54:40.225+0100] {dagbag.py:538} INFO - Filling up the DagBag from /home/momo/.local/lib/python3.8/site-packages/airflow/example_dags/example_kubernetes_executor.py
[2022-12-23T01:54:40.293+0100] {logging_mixin.py:137} INFO - [2022-12-23T01:54:40.293+0100] {example_kubernetes_executor.py:41} WARNING - The example_kubernetes_executor example DAG requires the kubernetes provider. Please install it with: pip install apache-airflow[cncf.kubernetes]
[2022-12-23T01:54:40.295+0100] {processor.py:755} WARNING - No viable dags retrieved from /home/momo/.local/lib/python3.8/site-packages/airflow/example_dags/example_kubernetes_executor.py
[2022-12-23T01:54:40.328+0100] {processor.py:175} INFO - Processing /home/momo/.local/lib/python3.8/site-packages/airflow/example_dags/example_kubernetes_executor.py took 0.123 seconds
[2022-12-23T01:55:32.493+0100] {processor.py:153} INFO - Started process (PID=5805) to work on /home/momo/.local/lib/python3.8/site-packages/airflow/example_dags/example_kubernetes_executor.py
[2022-12-23T01:55:32.495+0100] {processor.py:743} INFO - Processing file /home/momo/.local/lib/python3.8/site-packages/airflow/example_dags/example_kubernetes_executor.py for tasks to queue
[2022-12-23T01:55:32.498+0100] {logging_mixin.py:137} INFO - [2022-12-23T01:55:32.497+0100] {dagbag.py:538} INFO - Filling up the DagBag from /home/momo/.local/lib/python3.8/site-packages/airflow/example_dags/example_kubernetes_executor.py
[2022-12-23T01:55:32.527+0100] {logging_mixin.py:137} INFO - [2022-12-23T01:55:32.527+0100] {example_kubernetes_executor.py:41} WARNING - The example_kubernetes_executor example DAG requires the kubernetes provider. Please install it with: pip install apache-airflow[cncf.kubernetes]
[2022-12-23T01:55:32.527+0100] {processor.py:755} WARNING - No viable dags retrieved from /home/momo/.local/lib/python3.8/site-packages/airflow/example_dags/example_kubernetes_executor.py
[2022-12-23T01:55:32.540+0100] {processor.py:175} INFO - Processing /home/momo/.local/lib/python3.8/site-packages/airflow/example_dags/example_kubernetes_executor.py took 0.059 seconds
[2022-12-23T01:56:27.478+0100] {processor.py:153} INFO - Started process (PID=5853) to work on /home/momo/.local/lib/python3.8/site-packages/airflow/example_dags/example_kubernetes_executor.py
[2022-12-23T01:56:27.483+0100] {processor.py:743} INFO - Processing file /home/momo/.local/lib/python3.8/site-packages/airflow/example_dags/example_kubernetes_executor.py for tasks to queue
[2022-12-23T01:56:27.486+0100] {logging_mixin.py:137} INFO - [2022-12-23T01:56:27.485+0100] {dagbag.py:538} INFO - Filling up the DagBag from /home/momo/.local/lib/python3.8/site-packages/airflow/example_dags/example_kubernetes_executor.py
[2022-12-23T01:56:27.561+0100] {logging_mixin.py:137} INFO - [2022-12-23T01:56:27.558+0100] {example_kubernetes_executor.py:41} WARNING - The example_kubernetes_executor example DAG requires the kubernetes provider. Please install it with: pip install apache-airflow[cncf.kubernetes]
[2022-12-23T01:56:27.563+0100] {processor.py:755} WARNING - No viable dags retrieved from /home/momo/.local/lib/python3.8/site-packages/airflow/example_dags/example_kubernetes_executor.py
[2022-12-23T01:56:27.596+0100] {processor.py:175} INFO - Processing /home/momo/.local/lib/python3.8/site-packages/airflow/example_dags/example_kubernetes_executor.py took 0.132 seconds
[2022-12-23T01:57:28.627+0100] {processor.py:153} INFO - Started process (PID=5903) to work on /home/momo/.local/lib/python3.8/site-packages/airflow/example_dags/example_kubernetes_executor.py
[2022-12-23T01:57:28.632+0100] {processor.py:743} INFO - Processing file /home/momo/.local/lib/python3.8/site-packages/airflow/example_dags/example_kubernetes_executor.py for tasks to queue
[2022-12-23T01:57:28.635+0100] {logging_mixin.py:137} INFO - [2022-12-23T01:57:28.634+0100] {dagbag.py:538} INFO - Filling up the DagBag from /home/momo/.local/lib/python3.8/site-packages/airflow/example_dags/example_kubernetes_executor.py
[2022-12-23T01:57:28.686+0100] {logging_mixin.py:137} INFO - [2022-12-23T01:57:28.686+0100] {example_kubernetes_executor.py:41} WARNING - The example_kubernetes_executor example DAG requires the kubernetes provider. Please install it with: pip install apache-airflow[cncf.kubernetes]
[2022-12-23T01:57:28.687+0100] {processor.py:755} WARNING - No viable dags retrieved from /home/momo/.local/lib/python3.8/site-packages/airflow/example_dags/example_kubernetes_executor.py
[2022-12-23T01:57:28.700+0100] {processor.py:175} INFO - Processing /home/momo/.local/lib/python3.8/site-packages/airflow/example_dags/example_kubernetes_executor.py took 0.087 seconds
[2022-12-23T01:58:34.350+0100] {processor.py:153} INFO - Started process (PID=5962) to work on /home/momo/.local/lib/python3.8/site-packages/airflow/example_dags/example_kubernetes_executor.py
[2022-12-23T01:58:34.357+0100] {processor.py:743} INFO - Processing file /home/momo/.local/lib/python3.8/site-packages/airflow/example_dags/example_kubernetes_executor.py for tasks to queue
[2022-12-23T01:58:34.358+0100] {logging_mixin.py:137} INFO - [2022-12-23T01:58:34.358+0100] {dagbag.py:538} INFO - Filling up the DagBag from /home/momo/.local/lib/python3.8/site-packages/airflow/example_dags/example_kubernetes_executor.py
[2022-12-23T01:58:34.388+0100] {logging_mixin.py:137} INFO - [2022-12-23T01:58:34.387+0100] {example_kubernetes_executor.py:41} WARNING - The example_kubernetes_executor example DAG requires the kubernetes provider. Please install it with: pip install apache-airflow[cncf.kubernetes]
[2022-12-23T01:58:34.388+0100] {processor.py:755} WARNING - No viable dags retrieved from /home/momo/.local/lib/python3.8/site-packages/airflow/example_dags/example_kubernetes_executor.py
[2022-12-23T01:58:34.405+0100] {processor.py:175} INFO - Processing /home/momo/.local/lib/python3.8/site-packages/airflow/example_dags/example_kubernetes_executor.py took 0.061 seconds
[2022-12-23T01:59:35.212+0100] {processor.py:153} INFO - Started process (PID=6018) to work on /home/momo/.local/lib/python3.8/site-packages/airflow/example_dags/example_kubernetes_executor.py
[2022-12-23T01:59:35.238+0100] {processor.py:743} INFO - Processing file /home/momo/.local/lib/python3.8/site-packages/airflow/example_dags/example_kubernetes_executor.py for tasks to queue
[2022-12-23T01:59:35.239+0100] {logging_mixin.py:137} INFO - [2022-12-23T01:59:35.239+0100] {dagbag.py:538} INFO - Filling up the DagBag from /home/momo/.local/lib/python3.8/site-packages/airflow/example_dags/example_kubernetes_executor.py
[2022-12-23T01:59:35.472+0100] {logging_mixin.py:137} INFO - [2022-12-23T01:59:35.471+0100] {example_kubernetes_executor.py:41} WARNING - The example_kubernetes_executor example DAG requires the kubernetes provider. Please install it with: pip install apache-airflow[cncf.kubernetes]
[2022-12-23T01:59:35.472+0100] {processor.py:755} WARNING - No viable dags retrieved from /home/momo/.local/lib/python3.8/site-packages/airflow/example_dags/example_kubernetes_executor.py
[2022-12-23T01:59:35.654+0100] {processor.py:175} INFO - Processing /home/momo/.local/lib/python3.8/site-packages/airflow/example_dags/example_kubernetes_executor.py took 0.513 seconds
[2022-12-23T02:00:34.224+0100] {processor.py:153} INFO - Started process (PID=6071) to work on /home/momo/.local/lib/python3.8/site-packages/airflow/example_dags/example_kubernetes_executor.py
[2022-12-23T02:00:34.230+0100] {processor.py:743} INFO - Processing file /home/momo/.local/lib/python3.8/site-packages/airflow/example_dags/example_kubernetes_executor.py for tasks to queue
[2022-12-23T02:00:34.233+0100] {logging_mixin.py:137} INFO - [2022-12-23T02:00:34.232+0100] {dagbag.py:538} INFO - Filling up the DagBag from /home/momo/.local/lib/python3.8/site-packages/airflow/example_dags/example_kubernetes_executor.py
[2022-12-23T02:00:34.301+0100] {logging_mixin.py:137} INFO - [2022-12-23T02:00:34.300+0100] {example_kubernetes_executor.py:41} WARNING - The example_kubernetes_executor example DAG requires the kubernetes provider. Please install it with: pip install apache-airflow[cncf.kubernetes]
[2022-12-23T02:00:34.301+0100] {processor.py:755} WARNING - No viable dags retrieved from /home/momo/.local/lib/python3.8/site-packages/airflow/example_dags/example_kubernetes_executor.py
[2022-12-23T02:00:34.320+0100] {processor.py:175} INFO - Processing /home/momo/.local/lib/python3.8/site-packages/airflow/example_dags/example_kubernetes_executor.py took 0.111 seconds
[2022-12-23T02:01:33.526+0100] {processor.py:153} INFO - Started process (PID=6124) to work on /home/momo/.local/lib/python3.8/site-packages/airflow/example_dags/example_kubernetes_executor.py
[2022-12-23T02:01:33.544+0100] {processor.py:743} INFO - Processing file /home/momo/.local/lib/python3.8/site-packages/airflow/example_dags/example_kubernetes_executor.py for tasks to queue
[2022-12-23T02:01:33.548+0100] {logging_mixin.py:137} INFO - [2022-12-23T02:01:33.547+0100] {dagbag.py:538} INFO - Filling up the DagBag from /home/momo/.local/lib/python3.8/site-packages/airflow/example_dags/example_kubernetes_executor.py
[2022-12-23T02:01:33.654+0100] {logging_mixin.py:137} INFO - [2022-12-23T02:01:33.654+0100] {example_kubernetes_executor.py:41} WARNING - The example_kubernetes_executor example DAG requires the kubernetes provider. Please install it with: pip install apache-airflow[cncf.kubernetes]
[2022-12-23T02:01:33.654+0100] {processor.py:755} WARNING - No viable dags retrieved from /home/momo/.local/lib/python3.8/site-packages/airflow/example_dags/example_kubernetes_executor.py
[2022-12-23T02:01:33.668+0100] {processor.py:175} INFO - Processing /home/momo/.local/lib/python3.8/site-packages/airflow/example_dags/example_kubernetes_executor.py took 0.157 seconds
[2022-12-23T02:02:24.262+0100] {processor.py:153} INFO - Started process (PID=6164) to work on /home/momo/.local/lib/python3.8/site-packages/airflow/example_dags/example_kubernetes_executor.py
[2022-12-23T02:02:24.268+0100] {processor.py:743} INFO - Processing file /home/momo/.local/lib/python3.8/site-packages/airflow/example_dags/example_kubernetes_executor.py for tasks to queue
[2022-12-23T02:02:24.271+0100] {logging_mixin.py:137} INFO - [2022-12-23T02:02:24.271+0100] {dagbag.py:538} INFO - Filling up the DagBag from /home/momo/.local/lib/python3.8/site-packages/airflow/example_dags/example_kubernetes_executor.py
[2022-12-23T02:02:24.327+0100] {logging_mixin.py:137} INFO - [2022-12-23T02:02:24.327+0100] {example_kubernetes_executor.py:41} WARNING - The example_kubernetes_executor example DAG requires the kubernetes provider. Please install it with: pip install apache-airflow[cncf.kubernetes]
[2022-12-23T02:02:24.327+0100] {processor.py:755} WARNING - No viable dags retrieved from /home/momo/.local/lib/python3.8/site-packages/airflow/example_dags/example_kubernetes_executor.py
[2022-12-23T02:02:24.341+0100] {processor.py:175} INFO - Processing /home/momo/.local/lib/python3.8/site-packages/airflow/example_dags/example_kubernetes_executor.py took 0.094 seconds
[2022-12-23T02:03:23.714+0100] {processor.py:153} INFO - Started process (PID=6213) to work on /home/momo/.local/lib/python3.8/site-packages/airflow/example_dags/example_kubernetes_executor.py
[2022-12-23T02:03:23.722+0100] {processor.py:743} INFO - Processing file /home/momo/.local/lib/python3.8/site-packages/airflow/example_dags/example_kubernetes_executor.py for tasks to queue
[2022-12-23T02:03:23.723+0100] {logging_mixin.py:137} INFO - [2022-12-23T02:03:23.723+0100] {dagbag.py:538} INFO - Filling up the DagBag from /home/momo/.local/lib/python3.8/site-packages/airflow/example_dags/example_kubernetes_executor.py
[2022-12-23T02:03:23.764+0100] {logging_mixin.py:137} INFO - [2022-12-23T02:03:23.764+0100] {example_kubernetes_executor.py:41} WARNING - The example_kubernetes_executor example DAG requires the kubernetes provider. Please install it with: pip install apache-airflow[cncf.kubernetes]
[2022-12-23T02:03:23.765+0100] {processor.py:755} WARNING - No viable dags retrieved from /home/momo/.local/lib/python3.8/site-packages/airflow/example_dags/example_kubernetes_executor.py
[2022-12-23T02:03:23.790+0100] {processor.py:175} INFO - Processing /home/momo/.local/lib/python3.8/site-packages/airflow/example_dags/example_kubernetes_executor.py took 0.090 seconds
[2022-12-23T02:04:18.237+0100] {processor.py:153} INFO - Started process (PID=6264) to work on /home/momo/.local/lib/python3.8/site-packages/airflow/example_dags/example_kubernetes_executor.py
[2022-12-23T02:04:18.238+0100] {processor.py:743} INFO - Processing file /home/momo/.local/lib/python3.8/site-packages/airflow/example_dags/example_kubernetes_executor.py for tasks to queue
[2022-12-23T02:04:18.239+0100] {logging_mixin.py:137} INFO - [2022-12-23T02:04:18.239+0100] {dagbag.py:538} INFO - Filling up the DagBag from /home/momo/.local/lib/python3.8/site-packages/airflow/example_dags/example_kubernetes_executor.py
[2022-12-23T02:04:18.264+0100] {logging_mixin.py:137} INFO - [2022-12-23T02:04:18.264+0100] {example_kubernetes_executor.py:41} WARNING - The example_kubernetes_executor example DAG requires the kubernetes provider. Please install it with: pip install apache-airflow[cncf.kubernetes]
[2022-12-23T02:04:18.265+0100] {processor.py:755} WARNING - No viable dags retrieved from /home/momo/.local/lib/python3.8/site-packages/airflow/example_dags/example_kubernetes_executor.py
[2022-12-23T02:04:18.277+0100] {processor.py:175} INFO - Processing /home/momo/.local/lib/python3.8/site-packages/airflow/example_dags/example_kubernetes_executor.py took 0.045 seconds
[2022-12-23T02:05:21.367+0100] {processor.py:153} INFO - Started process (PID=6315) to work on /home/momo/.local/lib/python3.8/site-packages/airflow/example_dags/example_kubernetes_executor.py
[2022-12-23T02:05:21.375+0100] {processor.py:743} INFO - Processing file /home/momo/.local/lib/python3.8/site-packages/airflow/example_dags/example_kubernetes_executor.py for tasks to queue
[2022-12-23T02:05:21.378+0100] {logging_mixin.py:137} INFO - [2022-12-23T02:05:21.377+0100] {dagbag.py:538} INFO - Filling up the DagBag from /home/momo/.local/lib/python3.8/site-packages/airflow/example_dags/example_kubernetes_executor.py
[2022-12-23T02:05:21.424+0100] {logging_mixin.py:137} INFO - [2022-12-23T02:05:21.423+0100] {example_kubernetes_executor.py:41} WARNING - The example_kubernetes_executor example DAG requires the kubernetes provider. Please install it with: pip install apache-airflow[cncf.kubernetes]
[2022-12-23T02:05:21.424+0100] {processor.py:755} WARNING - No viable dags retrieved from /home/momo/.local/lib/python3.8/site-packages/airflow/example_dags/example_kubernetes_executor.py
[2022-12-23T02:05:21.438+0100] {processor.py:175} INFO - Processing /home/momo/.local/lib/python3.8/site-packages/airflow/example_dags/example_kubernetes_executor.py took 0.081 seconds
[2022-12-23T02:06:19.686+0100] {processor.py:153} INFO - Started process (PID=6364) to work on /home/momo/.local/lib/python3.8/site-packages/airflow/example_dags/example_kubernetes_executor.py
[2022-12-23T02:06:19.688+0100] {processor.py:743} INFO - Processing file /home/momo/.local/lib/python3.8/site-packages/airflow/example_dags/example_kubernetes_executor.py for tasks to queue
[2022-12-23T02:06:19.690+0100] {logging_mixin.py:137} INFO - [2022-12-23T02:06:19.689+0100] {dagbag.py:538} INFO - Filling up the DagBag from /home/momo/.local/lib/python3.8/site-packages/airflow/example_dags/example_kubernetes_executor.py
[2022-12-23T02:06:19.749+0100] {logging_mixin.py:137} INFO - [2022-12-23T02:06:19.749+0100] {example_kubernetes_executor.py:41} WARNING - The example_kubernetes_executor example DAG requires the kubernetes provider. Please install it with: pip install apache-airflow[cncf.kubernetes]
[2022-12-23T02:06:19.750+0100] {processor.py:755} WARNING - No viable dags retrieved from /home/momo/.local/lib/python3.8/site-packages/airflow/example_dags/example_kubernetes_executor.py
[2022-12-23T02:06:19.788+0100] {processor.py:175} INFO - Processing /home/momo/.local/lib/python3.8/site-packages/airflow/example_dags/example_kubernetes_executor.py took 0.109 seconds
[2022-12-23T02:07:22.657+0100] {processor.py:153} INFO - Started process (PID=6422) to work on /home/momo/.local/lib/python3.8/site-packages/airflow/example_dags/example_kubernetes_executor.py
[2022-12-23T02:07:22.671+0100] {processor.py:743} INFO - Processing file /home/momo/.local/lib/python3.8/site-packages/airflow/example_dags/example_kubernetes_executor.py for tasks to queue
[2022-12-23T02:07:22.678+0100] {logging_mixin.py:137} INFO - [2022-12-23T02:07:22.673+0100] {dagbag.py:538} INFO - Filling up the DagBag from /home/momo/.local/lib/python3.8/site-packages/airflow/example_dags/example_kubernetes_executor.py
[2022-12-23T02:07:22.768+0100] {logging_mixin.py:137} INFO - [2022-12-23T02:07:22.767+0100] {example_kubernetes_executor.py:41} WARNING - The example_kubernetes_executor example DAG requires the kubernetes provider. Please install it with: pip install apache-airflow[cncf.kubernetes]
[2022-12-23T02:07:22.768+0100] {processor.py:755} WARNING - No viable dags retrieved from /home/momo/.local/lib/python3.8/site-packages/airflow/example_dags/example_kubernetes_executor.py
[2022-12-23T02:07:22.783+0100] {processor.py:175} INFO - Processing /home/momo/.local/lib/python3.8/site-packages/airflow/example_dags/example_kubernetes_executor.py took 0.138 seconds
[2022-12-23T02:08:25.019+0100] {processor.py:153} INFO - Started process (PID=6475) to work on /home/momo/.local/lib/python3.8/site-packages/airflow/example_dags/example_kubernetes_executor.py
[2022-12-23T02:08:25.024+0100] {processor.py:743} INFO - Processing file /home/momo/.local/lib/python3.8/site-packages/airflow/example_dags/example_kubernetes_executor.py for tasks to queue
[2022-12-23T02:08:25.027+0100] {logging_mixin.py:137} INFO - [2022-12-23T02:08:25.027+0100] {dagbag.py:538} INFO - Filling up the DagBag from /home/momo/.local/lib/python3.8/site-packages/airflow/example_dags/example_kubernetes_executor.py
[2022-12-23T02:08:25.105+0100] {logging_mixin.py:137} INFO - [2022-12-23T02:08:25.104+0100] {example_kubernetes_executor.py:41} WARNING - The example_kubernetes_executor example DAG requires the kubernetes provider. Please install it with: pip install apache-airflow[cncf.kubernetes]
[2022-12-23T02:08:25.106+0100] {processor.py:755} WARNING - No viable dags retrieved from /home/momo/.local/lib/python3.8/site-packages/airflow/example_dags/example_kubernetes_executor.py
[2022-12-23T02:08:25.128+0100] {processor.py:175} INFO - Processing /home/momo/.local/lib/python3.8/site-packages/airflow/example_dags/example_kubernetes_executor.py took 0.125 seconds
[2022-12-23T02:09:28.688+0100] {processor.py:153} INFO - Started process (PID=6529) to work on /home/momo/.local/lib/python3.8/site-packages/airflow/example_dags/example_kubernetes_executor.py
[2022-12-23T02:09:28.691+0100] {processor.py:743} INFO - Processing file /home/momo/.local/lib/python3.8/site-packages/airflow/example_dags/example_kubernetes_executor.py for tasks to queue
[2022-12-23T02:09:28.694+0100] {logging_mixin.py:137} INFO - [2022-12-23T02:09:28.693+0100] {dagbag.py:538} INFO - Filling up the DagBag from /home/momo/.local/lib/python3.8/site-packages/airflow/example_dags/example_kubernetes_executor.py
[2022-12-23T02:09:28.738+0100] {logging_mixin.py:137} INFO - [2022-12-23T02:09:28.738+0100] {example_kubernetes_executor.py:41} WARNING - The example_kubernetes_executor example DAG requires the kubernetes provider. Please install it with: pip install apache-airflow[cncf.kubernetes]
[2022-12-23T02:09:28.739+0100] {processor.py:755} WARNING - No viable dags retrieved from /home/momo/.local/lib/python3.8/site-packages/airflow/example_dags/example_kubernetes_executor.py
[2022-12-23T02:09:28.751+0100] {processor.py:175} INFO - Processing /home/momo/.local/lib/python3.8/site-packages/airflow/example_dags/example_kubernetes_executor.py took 0.076 seconds
[2022-12-23T02:10:30.537+0100] {processor.py:153} INFO - Started process (PID=6587) to work on /home/momo/.local/lib/python3.8/site-packages/airflow/example_dags/example_kubernetes_executor.py
[2022-12-23T02:10:30.541+0100] {processor.py:743} INFO - Processing file /home/momo/.local/lib/python3.8/site-packages/airflow/example_dags/example_kubernetes_executor.py for tasks to queue
[2022-12-23T02:10:30.544+0100] {logging_mixin.py:137} INFO - [2022-12-23T02:10:30.543+0100] {dagbag.py:538} INFO - Filling up the DagBag from /home/momo/.local/lib/python3.8/site-packages/airflow/example_dags/example_kubernetes_executor.py
[2022-12-23T02:10:30.621+0100] {logging_mixin.py:137} INFO - [2022-12-23T02:10:30.621+0100] {example_kubernetes_executor.py:41} WARNING - The example_kubernetes_executor example DAG requires the kubernetes provider. Please install it with: pip install apache-airflow[cncf.kubernetes]
[2022-12-23T02:10:30.623+0100] {processor.py:755} WARNING - No viable dags retrieved from /home/momo/.local/lib/python3.8/site-packages/airflow/example_dags/example_kubernetes_executor.py
[2022-12-23T02:10:30.653+0100] {processor.py:175} INFO - Processing /home/momo/.local/lib/python3.8/site-packages/airflow/example_dags/example_kubernetes_executor.py took 0.128 seconds
[2022-12-23T02:11:33.642+0100] {processor.py:153} INFO - Started process (PID=6643) to work on /home/momo/.local/lib/python3.8/site-packages/airflow/example_dags/example_kubernetes_executor.py
[2022-12-23T02:11:33.646+0100] {processor.py:743} INFO - Processing file /home/momo/.local/lib/python3.8/site-packages/airflow/example_dags/example_kubernetes_executor.py for tasks to queue
[2022-12-23T02:11:33.649+0100] {logging_mixin.py:137} INFO - [2022-12-23T02:11:33.649+0100] {dagbag.py:538} INFO - Filling up the DagBag from /home/momo/.local/lib/python3.8/site-packages/airflow/example_dags/example_kubernetes_executor.py
[2022-12-23T02:11:33.684+0100] {logging_mixin.py:137} INFO - [2022-12-23T02:11:33.684+0100] {example_kubernetes_executor.py:41} WARNING - The example_kubernetes_executor example DAG requires the kubernetes provider. Please install it with: pip install apache-airflow[cncf.kubernetes]
[2022-12-23T02:11:33.684+0100] {processor.py:755} WARNING - No viable dags retrieved from /home/momo/.local/lib/python3.8/site-packages/airflow/example_dags/example_kubernetes_executor.py
[2022-12-23T02:11:33.696+0100] {processor.py:175} INFO - Processing /home/momo/.local/lib/python3.8/site-packages/airflow/example_dags/example_kubernetes_executor.py took 0.069 seconds
[2022-12-23T02:12:33.673+0100] {processor.py:153} INFO - Started process (PID=6694) to work on /home/momo/.local/lib/python3.8/site-packages/airflow/example_dags/example_kubernetes_executor.py
[2022-12-23T02:12:33.676+0100] {processor.py:743} INFO - Processing file /home/momo/.local/lib/python3.8/site-packages/airflow/example_dags/example_kubernetes_executor.py for tasks to queue
[2022-12-23T02:12:33.678+0100] {logging_mixin.py:137} INFO - [2022-12-23T02:12:33.677+0100] {dagbag.py:538} INFO - Filling up the DagBag from /home/momo/.local/lib/python3.8/site-packages/airflow/example_dags/example_kubernetes_executor.py
[2022-12-23T02:12:33.716+0100] {logging_mixin.py:137} INFO - [2022-12-23T02:12:33.716+0100] {example_kubernetes_executor.py:41} WARNING - The example_kubernetes_executor example DAG requires the kubernetes provider. Please install it with: pip install apache-airflow[cncf.kubernetes]
[2022-12-23T02:12:33.716+0100] {processor.py:755} WARNING - No viable dags retrieved from /home/momo/.local/lib/python3.8/site-packages/airflow/example_dags/example_kubernetes_executor.py
[2022-12-23T02:12:33.735+0100] {processor.py:175} INFO - Processing /home/momo/.local/lib/python3.8/site-packages/airflow/example_dags/example_kubernetes_executor.py took 0.068 seconds
[2022-12-23T02:13:32.989+0100] {processor.py:153} INFO - Started process (PID=6743) to work on /home/momo/.local/lib/python3.8/site-packages/airflow/example_dags/example_kubernetes_executor.py
[2022-12-23T02:13:32.999+0100] {processor.py:743} INFO - Processing file /home/momo/.local/lib/python3.8/site-packages/airflow/example_dags/example_kubernetes_executor.py for tasks to queue
[2022-12-23T02:13:33.000+0100] {logging_mixin.py:137} INFO - [2022-12-23T02:13:32.999+0100] {dagbag.py:538} INFO - Filling up the DagBag from /home/momo/.local/lib/python3.8/site-packages/airflow/example_dags/example_kubernetes_executor.py
[2022-12-23T02:13:33.054+0100] {logging_mixin.py:137} INFO - [2022-12-23T02:13:33.054+0100] {example_kubernetes_executor.py:41} WARNING - The example_kubernetes_executor example DAG requires the kubernetes provider. Please install it with: pip install apache-airflow[cncf.kubernetes]
[2022-12-23T02:13:33.055+0100] {processor.py:755} WARNING - No viable dags retrieved from /home/momo/.local/lib/python3.8/site-packages/airflow/example_dags/example_kubernetes_executor.py
[2022-12-23T02:13:33.078+0100] {processor.py:175} INFO - Processing /home/momo/.local/lib/python3.8/site-packages/airflow/example_dags/example_kubernetes_executor.py took 0.093 seconds
[2022-12-23T02:14:38.500+0100] {processor.py:153} INFO - Started process (PID=6796) to work on /home/momo/.local/lib/python3.8/site-packages/airflow/example_dags/example_kubernetes_executor.py
[2022-12-23T02:14:38.504+0100] {processor.py:743} INFO - Processing file /home/momo/.local/lib/python3.8/site-packages/airflow/example_dags/example_kubernetes_executor.py for tasks to queue
[2022-12-23T02:14:38.505+0100] {logging_mixin.py:137} INFO - [2022-12-23T02:14:38.505+0100] {dagbag.py:538} INFO - Filling up the DagBag from /home/momo/.local/lib/python3.8/site-packages/airflow/example_dags/example_kubernetes_executor.py
[2022-12-23T02:14:38.577+0100] {logging_mixin.py:137} INFO - [2022-12-23T02:14:38.577+0100] {example_kubernetes_executor.py:41} WARNING - The example_kubernetes_executor example DAG requires the kubernetes provider. Please install it with: pip install apache-airflow[cncf.kubernetes]
[2022-12-23T02:14:38.577+0100] {processor.py:755} WARNING - No viable dags retrieved from /home/momo/.local/lib/python3.8/site-packages/airflow/example_dags/example_kubernetes_executor.py
[2022-12-23T02:14:38.601+0100] {processor.py:175} INFO - Processing /home/momo/.local/lib/python3.8/site-packages/airflow/example_dags/example_kubernetes_executor.py took 0.109 seconds
[2022-12-23T02:15:42.567+0100] {processor.py:153} INFO - Started process (PID=6852) to work on /home/momo/.local/lib/python3.8/site-packages/airflow/example_dags/example_kubernetes_executor.py
[2022-12-23T02:15:42.570+0100] {processor.py:743} INFO - Processing file /home/momo/.local/lib/python3.8/site-packages/airflow/example_dags/example_kubernetes_executor.py for tasks to queue
[2022-12-23T02:15:42.572+0100] {logging_mixin.py:137} INFO - [2022-12-23T02:15:42.572+0100] {dagbag.py:538} INFO - Filling up the DagBag from /home/momo/.local/lib/python3.8/site-packages/airflow/example_dags/example_kubernetes_executor.py
[2022-12-23T02:15:42.601+0100] {logging_mixin.py:137} INFO - [2022-12-23T02:15:42.601+0100] {example_kubernetes_executor.py:41} WARNING - The example_kubernetes_executor example DAG requires the kubernetes provider. Please install it with: pip install apache-airflow[cncf.kubernetes]
[2022-12-23T02:15:42.602+0100] {processor.py:755} WARNING - No viable dags retrieved from /home/momo/.local/lib/python3.8/site-packages/airflow/example_dags/example_kubernetes_executor.py
[2022-12-23T02:15:42.614+0100] {processor.py:175} INFO - Processing /home/momo/.local/lib/python3.8/site-packages/airflow/example_dags/example_kubernetes_executor.py took 0.064 seconds
[2022-12-23T02:16:38.204+0100] {processor.py:153} INFO - Started process (PID=6901) to work on /home/momo/.local/lib/python3.8/site-packages/airflow/example_dags/example_kubernetes_executor.py
[2022-12-23T02:16:38.208+0100] {processor.py:743} INFO - Processing file /home/momo/.local/lib/python3.8/site-packages/airflow/example_dags/example_kubernetes_executor.py for tasks to queue
[2022-12-23T02:16:38.212+0100] {logging_mixin.py:137} INFO - [2022-12-23T02:16:38.211+0100] {dagbag.py:538} INFO - Filling up the DagBag from /home/momo/.local/lib/python3.8/site-packages/airflow/example_dags/example_kubernetes_executor.py
[2022-12-23T02:16:38.289+0100] {logging_mixin.py:137} INFO - [2022-12-23T02:16:38.289+0100] {example_kubernetes_executor.py:41} WARNING - The example_kubernetes_executor example DAG requires the kubernetes provider. Please install it with: pip install apache-airflow[cncf.kubernetes]
[2022-12-23T02:16:38.290+0100] {processor.py:755} WARNING - No viable dags retrieved from /home/momo/.local/lib/python3.8/site-packages/airflow/example_dags/example_kubernetes_executor.py
[2022-12-23T02:16:38.310+0100] {processor.py:175} INFO - Processing /home/momo/.local/lib/python3.8/site-packages/airflow/example_dags/example_kubernetes_executor.py took 0.121 seconds
[2022-12-23T02:17:38.327+0100] {processor.py:153} INFO - Started process (PID=6958) to work on /home/momo/.local/lib/python3.8/site-packages/airflow/example_dags/example_kubernetes_executor.py
[2022-12-23T02:17:38.332+0100] {processor.py:743} INFO - Processing file /home/momo/.local/lib/python3.8/site-packages/airflow/example_dags/example_kubernetes_executor.py for tasks to queue
[2022-12-23T02:17:38.333+0100] {logging_mixin.py:137} INFO - [2022-12-23T02:17:38.332+0100] {dagbag.py:538} INFO - Filling up the DagBag from /home/momo/.local/lib/python3.8/site-packages/airflow/example_dags/example_kubernetes_executor.py
[2022-12-23T02:17:38.380+0100] {logging_mixin.py:137} INFO - [2022-12-23T02:17:38.380+0100] {example_kubernetes_executor.py:41} WARNING - The example_kubernetes_executor example DAG requires the kubernetes provider. Please install it with: pip install apache-airflow[cncf.kubernetes]
[2022-12-23T02:17:38.381+0100] {processor.py:755} WARNING - No viable dags retrieved from /home/momo/.local/lib/python3.8/site-packages/airflow/example_dags/example_kubernetes_executor.py
[2022-12-23T02:17:38.411+0100] {processor.py:175} INFO - Processing /home/momo/.local/lib/python3.8/site-packages/airflow/example_dags/example_kubernetes_executor.py took 0.093 seconds
[2022-12-23T02:18:45.425+0100] {processor.py:153} INFO - Started process (PID=7013) to work on /home/momo/.local/lib/python3.8/site-packages/airflow/example_dags/example_kubernetes_executor.py
[2022-12-23T02:18:45.436+0100] {processor.py:743} INFO - Processing file /home/momo/.local/lib/python3.8/site-packages/airflow/example_dags/example_kubernetes_executor.py for tasks to queue
[2022-12-23T02:18:45.440+0100] {logging_mixin.py:137} INFO - [2022-12-23T02:18:45.439+0100] {dagbag.py:538} INFO - Filling up the DagBag from /home/momo/.local/lib/python3.8/site-packages/airflow/example_dags/example_kubernetes_executor.py
[2022-12-23T02:18:45.530+0100] {logging_mixin.py:137} INFO - [2022-12-23T02:18:45.530+0100] {example_kubernetes_executor.py:41} WARNING - The example_kubernetes_executor example DAG requires the kubernetes provider. Please install it with: pip install apache-airflow[cncf.kubernetes]
[2022-12-23T02:18:45.531+0100] {processor.py:755} WARNING - No viable dags retrieved from /home/momo/.local/lib/python3.8/site-packages/airflow/example_dags/example_kubernetes_executor.py
[2022-12-23T02:18:45.549+0100] {processor.py:175} INFO - Processing /home/momo/.local/lib/python3.8/site-packages/airflow/example_dags/example_kubernetes_executor.py took 0.141 seconds
[2022-12-23T02:19:41.612+0100] {processor.py:153} INFO - Started process (PID=7111) to work on /home/momo/.local/lib/python3.8/site-packages/airflow/example_dags/example_kubernetes_executor.py
[2022-12-23T02:19:41.616+0100] {processor.py:743} INFO - Processing file /home/momo/.local/lib/python3.8/site-packages/airflow/example_dags/example_kubernetes_executor.py for tasks to queue
[2022-12-23T02:19:41.618+0100] {logging_mixin.py:137} INFO - [2022-12-23T02:19:41.618+0100] {dagbag.py:538} INFO - Filling up the DagBag from /home/momo/.local/lib/python3.8/site-packages/airflow/example_dags/example_kubernetes_executor.py
[2022-12-23T02:19:41.693+0100] {logging_mixin.py:137} INFO - [2022-12-23T02:19:41.693+0100] {example_kubernetes_executor.py:41} WARNING - The example_kubernetes_executor example DAG requires the kubernetes provider. Please install it with: pip install apache-airflow[cncf.kubernetes]
[2022-12-23T02:19:41.694+0100] {processor.py:755} WARNING - No viable dags retrieved from /home/momo/.local/lib/python3.8/site-packages/airflow/example_dags/example_kubernetes_executor.py
[2022-12-23T02:19:41.720+0100] {processor.py:175} INFO - Processing /home/momo/.local/lib/python3.8/site-packages/airflow/example_dags/example_kubernetes_executor.py took 0.121 seconds
[2022-12-23T02:20:48.479+0100] {processor.py:153} INFO - Started process (PID=7166) to work on /home/momo/.local/lib/python3.8/site-packages/airflow/example_dags/example_kubernetes_executor.py
[2022-12-23T02:20:48.483+0100] {processor.py:743} INFO - Processing file /home/momo/.local/lib/python3.8/site-packages/airflow/example_dags/example_kubernetes_executor.py for tasks to queue
[2022-12-23T02:20:48.486+0100] {logging_mixin.py:137} INFO - [2022-12-23T02:20:48.485+0100] {dagbag.py:538} INFO - Filling up the DagBag from /home/momo/.local/lib/python3.8/site-packages/airflow/example_dags/example_kubernetes_executor.py
[2022-12-23T02:20:48.526+0100] {logging_mixin.py:137} INFO - [2022-12-23T02:20:48.526+0100] {example_kubernetes_executor.py:41} WARNING - The example_kubernetes_executor example DAG requires the kubernetes provider. Please install it with: pip install apache-airflow[cncf.kubernetes]
[2022-12-23T02:20:48.526+0100] {processor.py:755} WARNING - No viable dags retrieved from /home/momo/.local/lib/python3.8/site-packages/airflow/example_dags/example_kubernetes_executor.py
[2022-12-23T02:20:48.538+0100] {processor.py:175} INFO - Processing /home/momo/.local/lib/python3.8/site-packages/airflow/example_dags/example_kubernetes_executor.py took 0.071 seconds
[2022-12-23T02:21:48.520+0100] {processor.py:153} INFO - Started process (PID=7221) to work on /home/momo/.local/lib/python3.8/site-packages/airflow/example_dags/example_kubernetes_executor.py
[2022-12-23T02:21:48.526+0100] {processor.py:743} INFO - Processing file /home/momo/.local/lib/python3.8/site-packages/airflow/example_dags/example_kubernetes_executor.py for tasks to queue
[2022-12-23T02:21:48.529+0100] {logging_mixin.py:137} INFO - [2022-12-23T02:21:48.527+0100] {dagbag.py:538} INFO - Filling up the DagBag from /home/momo/.local/lib/python3.8/site-packages/airflow/example_dags/example_kubernetes_executor.py
[2022-12-23T02:21:48.596+0100] {logging_mixin.py:137} INFO - [2022-12-23T02:21:48.595+0100] {example_kubernetes_executor.py:41} WARNING - The example_kubernetes_executor example DAG requires the kubernetes provider. Please install it with: pip install apache-airflow[cncf.kubernetes]
[2022-12-23T02:21:48.599+0100] {processor.py:755} WARNING - No viable dags retrieved from /home/momo/.local/lib/python3.8/site-packages/airflow/example_dags/example_kubernetes_executor.py
[2022-12-23T02:21:48.628+0100] {processor.py:175} INFO - Processing /home/momo/.local/lib/python3.8/site-packages/airflow/example_dags/example_kubernetes_executor.py took 0.117 seconds
