[2022-12-23T01:00:41.488+0100] {processor.py:153} INFO - Started process (PID=27041) to work on /home/momo/.local/lib/python3.8/site-packages/airflow/example_dags/example_branch_day_of_week_operator.py
[2022-12-23T01:00:41.493+0100] {processor.py:743} INFO - Processing file /home/momo/.local/lib/python3.8/site-packages/airflow/example_dags/example_branch_day_of_week_operator.py for tasks to queue
[2022-12-23T01:00:41.497+0100] {logging_mixin.py:137} INFO - [2022-12-23T01:00:41.496+0100] {dagbag.py:538} INFO - Filling up the DagBag from /home/momo/.local/lib/python3.8/site-packages/airflow/example_dags/example_branch_day_of_week_operator.py
[2022-12-23T01:00:41.574+0100] {processor.py:753} INFO - DAG(s) dict_keys(['example_weekday_branch_operator']) retrieved from /home/momo/.local/lib/python3.8/site-packages/airflow/example_dags/example_branch_day_of_week_operator.py
[2022-12-23T01:00:41.634+0100] {logging_mixin.py:137} INFO - [2022-12-23T01:00:41.634+0100] {dag.py:2676} INFO - Sync 1 DAGs
[2022-12-23T01:00:41.693+0100] {logging_mixin.py:137} INFO - [2022-12-23T01:00:41.693+0100] {dag.py:3423} INFO - Setting next_dagrun for example_weekday_branch_operator to 2022-12-22T00:00:00+00:00, run_after=2022-12-23T00:00:00+00:00
[2022-12-23T01:00:41.759+0100] {processor.py:175} INFO - Processing /home/momo/.local/lib/python3.8/site-packages/airflow/example_dags/example_branch_day_of_week_operator.py took 0.287 seconds
[2022-12-23T01:01:49.982+0100] {processor.py:153} INFO - Started process (PID=27091) to work on /home/momo/.local/lib/python3.8/site-packages/airflow/example_dags/example_branch_day_of_week_operator.py
[2022-12-23T01:01:49.987+0100] {processor.py:743} INFO - Processing file /home/momo/.local/lib/python3.8/site-packages/airflow/example_dags/example_branch_day_of_week_operator.py for tasks to queue
[2022-12-23T01:01:49.991+0100] {logging_mixin.py:137} INFO - [2022-12-23T01:01:49.990+0100] {dagbag.py:538} INFO - Filling up the DagBag from /home/momo/.local/lib/python3.8/site-packages/airflow/example_dags/example_branch_day_of_week_operator.py
[2022-12-23T01:01:50.050+0100] {processor.py:753} INFO - DAG(s) dict_keys(['example_weekday_branch_operator']) retrieved from /home/momo/.local/lib/python3.8/site-packages/airflow/example_dags/example_branch_day_of_week_operator.py
[2022-12-23T01:01:50.126+0100] {logging_mixin.py:137} INFO - [2022-12-23T01:01:50.125+0100] {dag.py:2676} INFO - Sync 1 DAGs
[2022-12-23T01:01:50.179+0100] {logging_mixin.py:137} INFO - [2022-12-23T01:01:50.179+0100] {dag.py:3423} INFO - Setting next_dagrun for example_weekday_branch_operator to 2022-12-22T00:00:00+00:00, run_after=2022-12-23T00:00:00+00:00
[2022-12-23T01:01:50.232+0100] {processor.py:175} INFO - Processing /home/momo/.local/lib/python3.8/site-packages/airflow/example_dags/example_branch_day_of_week_operator.py took 0.266 seconds
[2022-12-23T01:03:02.071+0100] {processor.py:153} INFO - Started process (PID=27146) to work on /home/momo/.local/lib/python3.8/site-packages/airflow/example_dags/example_branch_day_of_week_operator.py
[2022-12-23T01:03:02.076+0100] {processor.py:743} INFO - Processing file /home/momo/.local/lib/python3.8/site-packages/airflow/example_dags/example_branch_day_of_week_operator.py for tasks to queue
[2022-12-23T01:03:02.080+0100] {logging_mixin.py:137} INFO - [2022-12-23T01:03:02.079+0100] {dagbag.py:538} INFO - Filling up the DagBag from /home/momo/.local/lib/python3.8/site-packages/airflow/example_dags/example_branch_day_of_week_operator.py
[2022-12-23T01:03:02.172+0100] {processor.py:753} INFO - DAG(s) dict_keys(['example_weekday_branch_operator']) retrieved from /home/momo/.local/lib/python3.8/site-packages/airflow/example_dags/example_branch_day_of_week_operator.py
[2022-12-23T01:03:02.315+0100] {logging_mixin.py:137} INFO - [2022-12-23T01:03:02.314+0100] {dag.py:2676} INFO - Sync 1 DAGs
[2022-12-23T01:03:02.486+0100] {logging_mixin.py:137} INFO - [2022-12-23T01:03:02.485+0100] {dag.py:3423} INFO - Setting next_dagrun for example_weekday_branch_operator to 2022-12-22T00:00:00+00:00, run_after=2022-12-23T00:00:00+00:00
[2022-12-23T01:03:02.580+0100] {processor.py:175} INFO - Processing /home/momo/.local/lib/python3.8/site-packages/airflow/example_dags/example_branch_day_of_week_operator.py took 0.525 seconds
[2022-12-23T01:04:11.073+0100] {processor.py:153} INFO - Started process (PID=27196) to work on /home/momo/.local/lib/python3.8/site-packages/airflow/example_dags/example_branch_day_of_week_operator.py
[2022-12-23T01:04:11.078+0100] {processor.py:743} INFO - Processing file /home/momo/.local/lib/python3.8/site-packages/airflow/example_dags/example_branch_day_of_week_operator.py for tasks to queue
[2022-12-23T01:04:11.082+0100] {logging_mixin.py:137} INFO - [2022-12-23T01:04:11.081+0100] {dagbag.py:538} INFO - Filling up the DagBag from /home/momo/.local/lib/python3.8/site-packages/airflow/example_dags/example_branch_day_of_week_operator.py
[2022-12-23T01:04:11.127+0100] {processor.py:753} INFO - DAG(s) dict_keys(['example_weekday_branch_operator']) retrieved from /home/momo/.local/lib/python3.8/site-packages/airflow/example_dags/example_branch_day_of_week_operator.py
[2022-12-23T01:04:11.190+0100] {logging_mixin.py:137} INFO - [2022-12-23T01:04:11.190+0100] {dag.py:2676} INFO - Sync 1 DAGs
[2022-12-23T01:04:11.254+0100] {logging_mixin.py:137} INFO - [2022-12-23T01:04:11.253+0100] {dag.py:3423} INFO - Setting next_dagrun for example_weekday_branch_operator to 2022-12-22T00:00:00+00:00, run_after=2022-12-23T00:00:00+00:00
[2022-12-23T01:04:11.312+0100] {processor.py:175} INFO - Processing /home/momo/.local/lib/python3.8/site-packages/airflow/example_dags/example_branch_day_of_week_operator.py took 0.255 seconds
[2022-12-23T01:05:34.305+0100] {processor.py:153} INFO - Started process (PID=27250) to work on /home/momo/.local/lib/python3.8/site-packages/airflow/example_dags/example_branch_day_of_week_operator.py
[2022-12-23T01:05:34.314+0100] {processor.py:743} INFO - Processing file /home/momo/.local/lib/python3.8/site-packages/airflow/example_dags/example_branch_day_of_week_operator.py for tasks to queue
[2022-12-23T01:05:34.316+0100] {logging_mixin.py:137} INFO - [2022-12-23T01:05:34.315+0100] {dagbag.py:538} INFO - Filling up the DagBag from /home/momo/.local/lib/python3.8/site-packages/airflow/example_dags/example_branch_day_of_week_operator.py
[2022-12-23T01:05:34.358+0100] {processor.py:753} INFO - DAG(s) dict_keys(['example_weekday_branch_operator']) retrieved from /home/momo/.local/lib/python3.8/site-packages/airflow/example_dags/example_branch_day_of_week_operator.py
[2022-12-23T01:05:34.446+0100] {logging_mixin.py:137} INFO - [2022-12-23T01:05:34.446+0100] {dag.py:2676} INFO - Sync 1 DAGs
[2022-12-23T01:05:34.503+0100] {logging_mixin.py:137} INFO - [2022-12-23T01:05:34.503+0100] {dag.py:3423} INFO - Setting next_dagrun for example_weekday_branch_operator to 2022-12-22T00:00:00+00:00, run_after=2022-12-23T00:00:00+00:00
[2022-12-23T01:05:34.567+0100] {processor.py:175} INFO - Processing /home/momo/.local/lib/python3.8/site-packages/airflow/example_dags/example_branch_day_of_week_operator.py took 0.272 seconds
[2022-12-23T01:06:47.194+0100] {processor.py:153} INFO - Started process (PID=27302) to work on /home/momo/.local/lib/python3.8/site-packages/airflow/example_dags/example_branch_day_of_week_operator.py
[2022-12-23T01:06:47.201+0100] {processor.py:743} INFO - Processing file /home/momo/.local/lib/python3.8/site-packages/airflow/example_dags/example_branch_day_of_week_operator.py for tasks to queue
[2022-12-23T01:06:47.203+0100] {logging_mixin.py:137} INFO - [2022-12-23T01:06:47.203+0100] {dagbag.py:538} INFO - Filling up the DagBag from /home/momo/.local/lib/python3.8/site-packages/airflow/example_dags/example_branch_day_of_week_operator.py
[2022-12-23T01:06:47.245+0100] {processor.py:753} INFO - DAG(s) dict_keys(['example_weekday_branch_operator']) retrieved from /home/momo/.local/lib/python3.8/site-packages/airflow/example_dags/example_branch_day_of_week_operator.py
[2022-12-23T01:06:47.310+0100] {logging_mixin.py:137} INFO - [2022-12-23T01:06:47.309+0100] {dag.py:2676} INFO - Sync 1 DAGs
[2022-12-23T01:06:47.362+0100] {logging_mixin.py:137} INFO - [2022-12-23T01:06:47.362+0100] {dag.py:3423} INFO - Setting next_dagrun for example_weekday_branch_operator to 2022-12-22T00:00:00+00:00, run_after=2022-12-23T00:00:00+00:00
[2022-12-23T01:06:47.415+0100] {processor.py:175} INFO - Processing /home/momo/.local/lib/python3.8/site-packages/airflow/example_dags/example_branch_day_of_week_operator.py took 0.234 seconds
[2022-12-23T01:07:54.164+0100] {processor.py:153} INFO - Started process (PID=27350) to work on /home/momo/.local/lib/python3.8/site-packages/airflow/example_dags/example_branch_day_of_week_operator.py
[2022-12-23T01:07:54.166+0100] {processor.py:743} INFO - Processing file /home/momo/.local/lib/python3.8/site-packages/airflow/example_dags/example_branch_day_of_week_operator.py for tasks to queue
[2022-12-23T01:07:54.166+0100] {logging_mixin.py:137} INFO - [2022-12-23T01:07:54.166+0100] {dagbag.py:538} INFO - Filling up the DagBag from /home/momo/.local/lib/python3.8/site-packages/airflow/example_dags/example_branch_day_of_week_operator.py
[2022-12-23T01:07:54.189+0100] {processor.py:753} INFO - DAG(s) dict_keys(['example_weekday_branch_operator']) retrieved from /home/momo/.local/lib/python3.8/site-packages/airflow/example_dags/example_branch_day_of_week_operator.py
[2022-12-23T01:07:54.255+0100] {logging_mixin.py:137} INFO - [2022-12-23T01:07:54.255+0100] {dag.py:2676} INFO - Sync 1 DAGs
[2022-12-23T01:07:54.309+0100] {logging_mixin.py:137} INFO - [2022-12-23T01:07:54.309+0100] {dag.py:3423} INFO - Setting next_dagrun for example_weekday_branch_operator to 2022-12-22T00:00:00+00:00, run_after=2022-12-23T00:00:00+00:00
[2022-12-23T01:07:54.372+0100] {processor.py:175} INFO - Processing /home/momo/.local/lib/python3.8/site-packages/airflow/example_dags/example_branch_day_of_week_operator.py took 0.215 seconds
[2022-12-23T01:09:04.655+0100] {processor.py:153} INFO - Started process (PID=27408) to work on /home/momo/.local/lib/python3.8/site-packages/airflow/example_dags/example_branch_day_of_week_operator.py
[2022-12-23T01:09:04.663+0100] {processor.py:743} INFO - Processing file /home/momo/.local/lib/python3.8/site-packages/airflow/example_dags/example_branch_day_of_week_operator.py for tasks to queue
[2022-12-23T01:09:04.664+0100] {logging_mixin.py:137} INFO - [2022-12-23T01:09:04.664+0100] {dagbag.py:538} INFO - Filling up the DagBag from /home/momo/.local/lib/python3.8/site-packages/airflow/example_dags/example_branch_day_of_week_operator.py
[2022-12-23T01:09:04.706+0100] {processor.py:753} INFO - DAG(s) dict_keys(['example_weekday_branch_operator']) retrieved from /home/momo/.local/lib/python3.8/site-packages/airflow/example_dags/example_branch_day_of_week_operator.py
[2022-12-23T01:09:04.772+0100] {logging_mixin.py:137} INFO - [2022-12-23T01:09:04.772+0100] {dag.py:2676} INFO - Sync 1 DAGs
[2022-12-23T01:09:04.824+0100] {logging_mixin.py:137} INFO - [2022-12-23T01:09:04.824+0100] {dag.py:3423} INFO - Setting next_dagrun for example_weekday_branch_operator to 2022-12-22T00:00:00+00:00, run_after=2022-12-23T00:00:00+00:00
[2022-12-23T01:09:04.881+0100] {processor.py:175} INFO - Processing /home/momo/.local/lib/python3.8/site-packages/airflow/example_dags/example_branch_day_of_week_operator.py took 0.236 seconds
[2022-12-23T01:10:07.098+0100] {processor.py:153} INFO - Started process (PID=27447) to work on /home/momo/.local/lib/python3.8/site-packages/airflow/example_dags/example_branch_day_of_week_operator.py
[2022-12-23T01:10:07.103+0100] {processor.py:743} INFO - Processing file /home/momo/.local/lib/python3.8/site-packages/airflow/example_dags/example_branch_day_of_week_operator.py for tasks to queue
[2022-12-23T01:10:07.107+0100] {logging_mixin.py:137} INFO - [2022-12-23T01:10:07.106+0100] {dagbag.py:538} INFO - Filling up the DagBag from /home/momo/.local/lib/python3.8/site-packages/airflow/example_dags/example_branch_day_of_week_operator.py
[2022-12-23T01:10:07.186+0100] {processor.py:753} INFO - DAG(s) dict_keys(['example_weekday_branch_operator']) retrieved from /home/momo/.local/lib/python3.8/site-packages/airflow/example_dags/example_branch_day_of_week_operator.py
[2022-12-23T01:10:07.300+0100] {logging_mixin.py:137} INFO - [2022-12-23T01:10:07.299+0100] {dag.py:2676} INFO - Sync 1 DAGs
[2022-12-23T01:10:07.396+0100] {logging_mixin.py:137} INFO - [2022-12-23T01:10:07.396+0100] {dag.py:3423} INFO - Setting next_dagrun for example_weekday_branch_operator to 2022-12-22T00:00:00+00:00, run_after=2022-12-23T00:00:00+00:00
[2022-12-23T01:10:07.448+0100] {processor.py:175} INFO - Processing /home/momo/.local/lib/python3.8/site-packages/airflow/example_dags/example_branch_day_of_week_operator.py took 0.369 seconds
[2022-12-23T01:11:08.009+0100] {processor.py:153} INFO - Started process (PID=27486) to work on /home/momo/.local/lib/python3.8/site-packages/airflow/example_dags/example_branch_day_of_week_operator.py
[2022-12-23T01:11:08.017+0100] {processor.py:743} INFO - Processing file /home/momo/.local/lib/python3.8/site-packages/airflow/example_dags/example_branch_day_of_week_operator.py for tasks to queue
[2022-12-23T01:11:08.027+0100] {logging_mixin.py:137} INFO - [2022-12-23T01:11:08.026+0100] {dagbag.py:538} INFO - Filling up the DagBag from /home/momo/.local/lib/python3.8/site-packages/airflow/example_dags/example_branch_day_of_week_operator.py
[2022-12-23T01:11:08.133+0100] {processor.py:753} INFO - DAG(s) dict_keys(['example_weekday_branch_operator']) retrieved from /home/momo/.local/lib/python3.8/site-packages/airflow/example_dags/example_branch_day_of_week_operator.py
[2022-12-23T01:11:08.193+0100] {logging_mixin.py:137} INFO - [2022-12-23T01:11:08.193+0100] {dag.py:2676} INFO - Sync 1 DAGs
[2022-12-23T01:11:08.248+0100] {logging_mixin.py:137} INFO - [2022-12-23T01:11:08.248+0100] {dag.py:3423} INFO - Setting next_dagrun for example_weekday_branch_operator to 2022-12-22T00:00:00+00:00, run_after=2022-12-23T00:00:00+00:00
[2022-12-23T01:11:08.304+0100] {processor.py:175} INFO - Processing /home/momo/.local/lib/python3.8/site-packages/airflow/example_dags/example_branch_day_of_week_operator.py took 0.329 seconds
[2022-12-23T01:12:16.800+0100] {processor.py:153} INFO - Started process (PID=27536) to work on /home/momo/.local/lib/python3.8/site-packages/airflow/example_dags/example_branch_day_of_week_operator.py
[2022-12-23T01:12:16.802+0100] {processor.py:743} INFO - Processing file /home/momo/.local/lib/python3.8/site-packages/airflow/example_dags/example_branch_day_of_week_operator.py for tasks to queue
[2022-12-23T01:12:16.805+0100] {logging_mixin.py:137} INFO - [2022-12-23T01:12:16.804+0100] {dagbag.py:538} INFO - Filling up the DagBag from /home/momo/.local/lib/python3.8/site-packages/airflow/example_dags/example_branch_day_of_week_operator.py
[2022-12-23T01:12:16.849+0100] {processor.py:753} INFO - DAG(s) dict_keys(['example_weekday_branch_operator']) retrieved from /home/momo/.local/lib/python3.8/site-packages/airflow/example_dags/example_branch_day_of_week_operator.py
[2022-12-23T01:12:16.967+0100] {logging_mixin.py:137} INFO - [2022-12-23T01:12:16.967+0100] {dag.py:2676} INFO - Sync 1 DAGs
[2022-12-23T01:12:17.048+0100] {logging_mixin.py:137} INFO - [2022-12-23T01:12:17.043+0100] {dag.py:3423} INFO - Setting next_dagrun for example_weekday_branch_operator to 2022-12-22T00:00:00+00:00, run_after=2022-12-23T00:00:00+00:00
[2022-12-23T01:12:17.175+0100] {processor.py:175} INFO - Processing /home/momo/.local/lib/python3.8/site-packages/airflow/example_dags/example_branch_day_of_week_operator.py took 0.385 seconds
[2022-12-23T01:13:25.339+0100] {processor.py:153} INFO - Started process (PID=27590) to work on /home/momo/.local/lib/python3.8/site-packages/airflow/example_dags/example_branch_day_of_week_operator.py
[2022-12-23T01:13:25.344+0100] {processor.py:743} INFO - Processing file /home/momo/.local/lib/python3.8/site-packages/airflow/example_dags/example_branch_day_of_week_operator.py for tasks to queue
[2022-12-23T01:13:25.348+0100] {logging_mixin.py:137} INFO - [2022-12-23T01:13:25.347+0100] {dagbag.py:538} INFO - Filling up the DagBag from /home/momo/.local/lib/python3.8/site-packages/airflow/example_dags/example_branch_day_of_week_operator.py
[2022-12-23T01:13:25.493+0100] {processor.py:753} INFO - DAG(s) dict_keys(['example_weekday_branch_operator']) retrieved from /home/momo/.local/lib/python3.8/site-packages/airflow/example_dags/example_branch_day_of_week_operator.py
[2022-12-23T01:13:25.590+0100] {logging_mixin.py:137} INFO - [2022-12-23T01:13:25.590+0100] {dag.py:2676} INFO - Sync 1 DAGs
[2022-12-23T01:13:25.643+0100] {logging_mixin.py:137} INFO - [2022-12-23T01:13:25.643+0100] {dag.py:3423} INFO - Setting next_dagrun for example_weekday_branch_operator to 2022-12-22T00:00:00+00:00, run_after=2022-12-23T00:00:00+00:00
[2022-12-23T01:13:25.696+0100] {processor.py:175} INFO - Processing /home/momo/.local/lib/python3.8/site-packages/airflow/example_dags/example_branch_day_of_week_operator.py took 0.375 seconds
[2022-12-23T01:14:40.301+0100] {processor.py:153} INFO - Started process (PID=27642) to work on /home/momo/.local/lib/python3.8/site-packages/airflow/example_dags/example_branch_day_of_week_operator.py
[2022-12-23T01:14:40.307+0100] {processor.py:743} INFO - Processing file /home/momo/.local/lib/python3.8/site-packages/airflow/example_dags/example_branch_day_of_week_operator.py for tasks to queue
[2022-12-23T01:14:40.311+0100] {logging_mixin.py:137} INFO - [2022-12-23T01:14:40.310+0100] {dagbag.py:538} INFO - Filling up the DagBag from /home/momo/.local/lib/python3.8/site-packages/airflow/example_dags/example_branch_day_of_week_operator.py
[2022-12-23T01:14:40.393+0100] {processor.py:753} INFO - DAG(s) dict_keys(['example_weekday_branch_operator']) retrieved from /home/momo/.local/lib/python3.8/site-packages/airflow/example_dags/example_branch_day_of_week_operator.py
[2022-12-23T01:14:40.454+0100] {logging_mixin.py:137} INFO - [2022-12-23T01:14:40.454+0100] {dag.py:2676} INFO - Sync 1 DAGs
[2022-12-23T01:14:40.505+0100] {logging_mixin.py:137} INFO - [2022-12-23T01:14:40.505+0100] {dag.py:3423} INFO - Setting next_dagrun for example_weekday_branch_operator to 2022-12-22T00:00:00+00:00, run_after=2022-12-23T00:00:00+00:00
[2022-12-23T01:14:40.557+0100] {processor.py:175} INFO - Processing /home/momo/.local/lib/python3.8/site-packages/airflow/example_dags/example_branch_day_of_week_operator.py took 0.271 seconds
[2022-12-23T01:15:37.729+0100] {processor.py:153} INFO - Started process (PID=27680) to work on /home/momo/.local/lib/python3.8/site-packages/airflow/example_dags/example_branch_day_of_week_operator.py
[2022-12-23T01:15:37.733+0100] {processor.py:743} INFO - Processing file /home/momo/.local/lib/python3.8/site-packages/airflow/example_dags/example_branch_day_of_week_operator.py for tasks to queue
[2022-12-23T01:15:37.735+0100] {logging_mixin.py:137} INFO - [2022-12-23T01:15:37.735+0100] {dagbag.py:538} INFO - Filling up the DagBag from /home/momo/.local/lib/python3.8/site-packages/airflow/example_dags/example_branch_day_of_week_operator.py
[2022-12-23T01:15:37.782+0100] {processor.py:753} INFO - DAG(s) dict_keys(['example_weekday_branch_operator']) retrieved from /home/momo/.local/lib/python3.8/site-packages/airflow/example_dags/example_branch_day_of_week_operator.py
[2022-12-23T01:15:37.845+0100] {logging_mixin.py:137} INFO - [2022-12-23T01:15:37.844+0100] {dag.py:2676} INFO - Sync 1 DAGs
[2022-12-23T01:15:37.899+0100] {logging_mixin.py:137} INFO - [2022-12-23T01:15:37.898+0100] {dag.py:3423} INFO - Setting next_dagrun for example_weekday_branch_operator to 2022-12-22T00:00:00+00:00, run_after=2022-12-23T00:00:00+00:00
[2022-12-23T01:15:37.999+0100] {processor.py:175} INFO - Processing /home/momo/.local/lib/python3.8/site-packages/airflow/example_dags/example_branch_day_of_week_operator.py took 0.286 seconds
[2022-12-23T01:16:39.933+0100] {processor.py:153} INFO - Started process (PID=27720) to work on /home/momo/.local/lib/python3.8/site-packages/airflow/example_dags/example_branch_day_of_week_operator.py
[2022-12-23T01:16:39.939+0100] {processor.py:743} INFO - Processing file /home/momo/.local/lib/python3.8/site-packages/airflow/example_dags/example_branch_day_of_week_operator.py for tasks to queue
[2022-12-23T01:16:39.943+0100] {logging_mixin.py:137} INFO - [2022-12-23T01:16:39.942+0100] {dagbag.py:538} INFO - Filling up the DagBag from /home/momo/.local/lib/python3.8/site-packages/airflow/example_dags/example_branch_day_of_week_operator.py
[2022-12-23T01:16:40.020+0100] {processor.py:753} INFO - DAG(s) dict_keys(['example_weekday_branch_operator']) retrieved from /home/momo/.local/lib/python3.8/site-packages/airflow/example_dags/example_branch_day_of_week_operator.py
[2022-12-23T01:16:40.081+0100] {logging_mixin.py:137} INFO - [2022-12-23T01:16:40.080+0100] {dag.py:2676} INFO - Sync 1 DAGs
[2022-12-23T01:16:40.137+0100] {logging_mixin.py:137} INFO - [2022-12-23T01:16:40.136+0100] {dag.py:3423} INFO - Setting next_dagrun for example_weekday_branch_operator to 2022-12-22T00:00:00+00:00, run_after=2022-12-23T00:00:00+00:00
[2022-12-23T01:16:40.232+0100] {processor.py:175} INFO - Processing /home/momo/.local/lib/python3.8/site-packages/airflow/example_dags/example_branch_day_of_week_operator.py took 0.314 seconds
[2022-12-23T01:17:51.673+0100] {processor.py:153} INFO - Started process (PID=27879) to work on /home/momo/.local/lib/python3.8/site-packages/airflow/example_dags/example_branch_day_of_week_operator.py
[2022-12-23T01:17:51.678+0100] {processor.py:743} INFO - Processing file /home/momo/.local/lib/python3.8/site-packages/airflow/example_dags/example_branch_day_of_week_operator.py for tasks to queue
[2022-12-23T01:17:51.680+0100] {logging_mixin.py:137} INFO - [2022-12-23T01:17:51.680+0100] {dagbag.py:538} INFO - Filling up the DagBag from /home/momo/.local/lib/python3.8/site-packages/airflow/example_dags/example_branch_day_of_week_operator.py
[2022-12-23T01:17:51.749+0100] {processor.py:753} INFO - DAG(s) dict_keys(['example_weekday_branch_operator']) retrieved from /home/momo/.local/lib/python3.8/site-packages/airflow/example_dags/example_branch_day_of_week_operator.py
[2022-12-23T01:17:51.838+0100] {logging_mixin.py:137} INFO - [2022-12-23T01:17:51.838+0100] {dag.py:2676} INFO - Sync 1 DAGs
[2022-12-23T01:17:51.902+0100] {logging_mixin.py:137} INFO - [2022-12-23T01:17:51.902+0100] {dag.py:3423} INFO - Setting next_dagrun for example_weekday_branch_operator to 2022-12-22T00:00:00+00:00, run_after=2022-12-23T00:00:00+00:00
[2022-12-23T01:17:51.963+0100] {processor.py:175} INFO - Processing /home/momo/.local/lib/python3.8/site-packages/airflow/example_dags/example_branch_day_of_week_operator.py took 0.305 seconds
[2022-12-23T01:18:58.700+0100] {processor.py:153} INFO - Started process (PID=27946) to work on /home/momo/.local/lib/python3.8/site-packages/airflow/example_dags/example_branch_day_of_week_operator.py
[2022-12-23T01:18:58.707+0100] {processor.py:743} INFO - Processing file /home/momo/.local/lib/python3.8/site-packages/airflow/example_dags/example_branch_day_of_week_operator.py for tasks to queue
[2022-12-23T01:18:58.708+0100] {logging_mixin.py:137} INFO - [2022-12-23T01:18:58.708+0100] {dagbag.py:538} INFO - Filling up the DagBag from /home/momo/.local/lib/python3.8/site-packages/airflow/example_dags/example_branch_day_of_week_operator.py
[2022-12-23T01:18:58.763+0100] {processor.py:753} INFO - DAG(s) dict_keys(['example_weekday_branch_operator']) retrieved from /home/momo/.local/lib/python3.8/site-packages/airflow/example_dags/example_branch_day_of_week_operator.py
[2022-12-23T01:18:58.831+0100] {logging_mixin.py:137} INFO - [2022-12-23T01:18:58.831+0100] {dag.py:2676} INFO - Sync 1 DAGs
[2022-12-23T01:18:58.879+0100] {logging_mixin.py:137} INFO - [2022-12-23T01:18:58.878+0100] {dag.py:3423} INFO - Setting next_dagrun for example_weekday_branch_operator to 2022-12-22T00:00:00+00:00, run_after=2022-12-23T00:00:00+00:00
[2022-12-23T01:18:58.965+0100] {processor.py:175} INFO - Processing /home/momo/.local/lib/python3.8/site-packages/airflow/example_dags/example_branch_day_of_week_operator.py took 0.278 seconds
[2022-12-23T01:20:07.715+0100] {processor.py:153} INFO - Started process (PID=28096) to work on /home/momo/.local/lib/python3.8/site-packages/airflow/example_dags/example_branch_day_of_week_operator.py
[2022-12-23T01:20:07.721+0100] {processor.py:743} INFO - Processing file /home/momo/.local/lib/python3.8/site-packages/airflow/example_dags/example_branch_day_of_week_operator.py for tasks to queue
[2022-12-23T01:20:07.722+0100] {logging_mixin.py:137} INFO - [2022-12-23T01:20:07.721+0100] {dagbag.py:538} INFO - Filling up the DagBag from /home/momo/.local/lib/python3.8/site-packages/airflow/example_dags/example_branch_day_of_week_operator.py
[2022-12-23T01:20:07.780+0100] {processor.py:753} INFO - DAG(s) dict_keys(['example_weekday_branch_operator']) retrieved from /home/momo/.local/lib/python3.8/site-packages/airflow/example_dags/example_branch_day_of_week_operator.py
[2022-12-23T01:20:07.867+0100] {logging_mixin.py:137} INFO - [2022-12-23T01:20:07.867+0100] {dag.py:2676} INFO - Sync 1 DAGs
[2022-12-23T01:20:07.944+0100] {logging_mixin.py:137} INFO - [2022-12-23T01:20:07.936+0100] {dag.py:3423} INFO - Setting next_dagrun for example_weekday_branch_operator to 2022-12-22T00:00:00+00:00, run_after=2022-12-23T00:00:00+00:00
[2022-12-23T01:20:08.008+0100] {processor.py:175} INFO - Processing /home/momo/.local/lib/python3.8/site-packages/airflow/example_dags/example_branch_day_of_week_operator.py took 0.303 seconds
[2022-12-23T01:21:09.829+0100] {processor.py:153} INFO - Started process (PID=28140) to work on /home/momo/.local/lib/python3.8/site-packages/airflow/example_dags/example_branch_day_of_week_operator.py
[2022-12-23T01:21:09.835+0100] {processor.py:743} INFO - Processing file /home/momo/.local/lib/python3.8/site-packages/airflow/example_dags/example_branch_day_of_week_operator.py for tasks to queue
[2022-12-23T01:21:09.836+0100] {logging_mixin.py:137} INFO - [2022-12-23T01:21:09.836+0100] {dagbag.py:538} INFO - Filling up the DagBag from /home/momo/.local/lib/python3.8/site-packages/airflow/example_dags/example_branch_day_of_week_operator.py
[2022-12-23T01:21:09.889+0100] {processor.py:753} INFO - DAG(s) dict_keys(['example_weekday_branch_operator']) retrieved from /home/momo/.local/lib/python3.8/site-packages/airflow/example_dags/example_branch_day_of_week_operator.py
[2022-12-23T01:21:09.973+0100] {logging_mixin.py:137} INFO - [2022-12-23T01:21:09.973+0100] {dag.py:2676} INFO - Sync 1 DAGs
[2022-12-23T01:21:10.099+0100] {logging_mixin.py:137} INFO - [2022-12-23T01:21:10.098+0100] {dag.py:3423} INFO - Setting next_dagrun for example_weekday_branch_operator to 2022-12-22T00:00:00+00:00, run_after=2022-12-23T00:00:00+00:00
[2022-12-23T01:21:10.516+0100] {processor.py:175} INFO - Processing /home/momo/.local/lib/python3.8/site-packages/airflow/example_dags/example_branch_day_of_week_operator.py took 0.696 seconds
[2022-12-23T01:22:06.810+0100] {processor.py:153} INFO - Started process (PID=28193) to work on /home/momo/.local/lib/python3.8/site-packages/airflow/example_dags/example_branch_day_of_week_operator.py
[2022-12-23T01:22:06.813+0100] {processor.py:743} INFO - Processing file /home/momo/.local/lib/python3.8/site-packages/airflow/example_dags/example_branch_day_of_week_operator.py for tasks to queue
[2022-12-23T01:22:06.816+0100] {logging_mixin.py:137} INFO - [2022-12-23T01:22:06.814+0100] {dagbag.py:538} INFO - Filling up the DagBag from /home/momo/.local/lib/python3.8/site-packages/airflow/example_dags/example_branch_day_of_week_operator.py
[2022-12-23T01:22:06.897+0100] {processor.py:753} INFO - DAG(s) dict_keys(['example_weekday_branch_operator']) retrieved from /home/momo/.local/lib/python3.8/site-packages/airflow/example_dags/example_branch_day_of_week_operator.py
[2022-12-23T01:22:06.974+0100] {logging_mixin.py:137} INFO - [2022-12-23T01:22:06.973+0100] {dag.py:2676} INFO - Sync 1 DAGs
[2022-12-23T01:22:07.023+0100] {logging_mixin.py:137} INFO - [2022-12-23T01:22:07.022+0100] {dag.py:3423} INFO - Setting next_dagrun for example_weekday_branch_operator to 2022-12-22T00:00:00+00:00, run_after=2022-12-23T00:00:00+00:00
[2022-12-23T01:22:07.059+0100] {processor.py:175} INFO - Processing /home/momo/.local/lib/python3.8/site-packages/airflow/example_dags/example_branch_day_of_week_operator.py took 0.266 seconds
[2022-12-23T01:23:16.966+0100] {processor.py:153} INFO - Started process (PID=28252) to work on /home/momo/.local/lib/python3.8/site-packages/airflow/example_dags/example_branch_day_of_week_operator.py
[2022-12-23T01:23:16.973+0100] {processor.py:743} INFO - Processing file /home/momo/.local/lib/python3.8/site-packages/airflow/example_dags/example_branch_day_of_week_operator.py for tasks to queue
[2022-12-23T01:23:16.974+0100] {logging_mixin.py:137} INFO - [2022-12-23T01:23:16.974+0100] {dagbag.py:538} INFO - Filling up the DagBag from /home/momo/.local/lib/python3.8/site-packages/airflow/example_dags/example_branch_day_of_week_operator.py
[2022-12-23T01:23:17.030+0100] {processor.py:753} INFO - DAG(s) dict_keys(['example_weekday_branch_operator']) retrieved from /home/momo/.local/lib/python3.8/site-packages/airflow/example_dags/example_branch_day_of_week_operator.py
[2022-12-23T01:23:17.169+0100] {logging_mixin.py:137} INFO - [2022-12-23T01:23:17.169+0100] {dag.py:2676} INFO - Sync 1 DAGs
[2022-12-23T01:23:17.255+0100] {logging_mixin.py:137} INFO - [2022-12-23T01:23:17.252+0100] {dag.py:3423} INFO - Setting next_dagrun for example_weekday_branch_operator to 2022-12-22T00:00:00+00:00, run_after=2022-12-23T00:00:00+00:00
[2022-12-23T01:23:17.325+0100] {processor.py:175} INFO - Processing /home/momo/.local/lib/python3.8/site-packages/airflow/example_dags/example_branch_day_of_week_operator.py took 0.370 seconds
[2022-12-23T01:44:04.964+0100] {processor.py:153} INFO - Started process (PID=5167) to work on /home/momo/.local/lib/python3.8/site-packages/airflow/example_dags/example_branch_day_of_week_operator.py
[2022-12-23T01:44:04.975+0100] {processor.py:743} INFO - Processing file /home/momo/.local/lib/python3.8/site-packages/airflow/example_dags/example_branch_day_of_week_operator.py for tasks to queue
[2022-12-23T01:44:04.977+0100] {logging_mixin.py:137} INFO - [2022-12-23T01:44:04.977+0100] {dagbag.py:538} INFO - Filling up the DagBag from /home/momo/.local/lib/python3.8/site-packages/airflow/example_dags/example_branch_day_of_week_operator.py
[2022-12-23T01:44:05.045+0100] {processor.py:753} INFO - DAG(s) dict_keys(['example_weekday_branch_operator']) retrieved from /home/momo/.local/lib/python3.8/site-packages/airflow/example_dags/example_branch_day_of_week_operator.py
[2022-12-23T01:44:05.170+0100] {logging_mixin.py:137} INFO - [2022-12-23T01:44:05.170+0100] {dag.py:2676} INFO - Sync 1 DAGs
[2022-12-23T01:44:05.265+0100] {logging_mixin.py:137} INFO - [2022-12-23T01:44:05.265+0100] {dag.py:3423} INFO - Setting next_dagrun for example_weekday_branch_operator to 2022-12-22T00:00:00+00:00, run_after=2022-12-23T00:00:00+00:00
[2022-12-23T01:44:05.349+0100] {processor.py:175} INFO - Processing /home/momo/.local/lib/python3.8/site-packages/airflow/example_dags/example_branch_day_of_week_operator.py took 0.396 seconds
[2022-12-23T01:45:00.847+0100] {processor.py:153} INFO - Started process (PID=5224) to work on /home/momo/.local/lib/python3.8/site-packages/airflow/example_dags/example_branch_day_of_week_operator.py
[2022-12-23T01:45:00.848+0100] {processor.py:743} INFO - Processing file /home/momo/.local/lib/python3.8/site-packages/airflow/example_dags/example_branch_day_of_week_operator.py for tasks to queue
[2022-12-23T01:45:00.849+0100] {logging_mixin.py:137} INFO - [2022-12-23T01:45:00.849+0100] {dagbag.py:538} INFO - Filling up the DagBag from /home/momo/.local/lib/python3.8/site-packages/airflow/example_dags/example_branch_day_of_week_operator.py
[2022-12-23T01:45:00.870+0100] {processor.py:753} INFO - DAG(s) dict_keys(['example_weekday_branch_operator']) retrieved from /home/momo/.local/lib/python3.8/site-packages/airflow/example_dags/example_branch_day_of_week_operator.py
[2022-12-23T01:45:00.902+0100] {logging_mixin.py:137} INFO - [2022-12-23T01:45:00.902+0100] {dag.py:2676} INFO - Sync 1 DAGs
[2022-12-23T01:45:00.930+0100] {logging_mixin.py:137} INFO - [2022-12-23T01:45:00.930+0100] {dag.py:3423} INFO - Setting next_dagrun for example_weekday_branch_operator to 2022-12-22T00:00:00+00:00, run_after=2022-12-23T00:00:00+00:00
[2022-12-23T01:45:00.966+0100] {processor.py:175} INFO - Processing /home/momo/.local/lib/python3.8/site-packages/airflow/example_dags/example_branch_day_of_week_operator.py took 0.122 seconds
[2022-12-23T01:45:53.860+0100] {processor.py:153} INFO - Started process (PID=5270) to work on /home/momo/.local/lib/python3.8/site-packages/airflow/example_dags/example_branch_day_of_week_operator.py
[2022-12-23T01:45:53.863+0100] {processor.py:743} INFO - Processing file /home/momo/.local/lib/python3.8/site-packages/airflow/example_dags/example_branch_day_of_week_operator.py for tasks to queue
[2022-12-23T01:45:53.865+0100] {logging_mixin.py:137} INFO - [2022-12-23T01:45:53.865+0100] {dagbag.py:538} INFO - Filling up the DagBag from /home/momo/.local/lib/python3.8/site-packages/airflow/example_dags/example_branch_day_of_week_operator.py
[2022-12-23T01:45:53.924+0100] {processor.py:753} INFO - DAG(s) dict_keys(['example_weekday_branch_operator']) retrieved from /home/momo/.local/lib/python3.8/site-packages/airflow/example_dags/example_branch_day_of_week_operator.py
[2022-12-23T01:45:54.007+0100] {logging_mixin.py:137} INFO - [2022-12-23T01:45:54.007+0100] {dag.py:2676} INFO - Sync 1 DAGs
[2022-12-23T01:45:54.086+0100] {logging_mixin.py:137} INFO - [2022-12-23T01:45:54.086+0100] {dag.py:3423} INFO - Setting next_dagrun for example_weekday_branch_operator to 2022-12-22T00:00:00+00:00, run_after=2022-12-23T00:00:00+00:00
[2022-12-23T01:45:54.152+0100] {processor.py:175} INFO - Processing /home/momo/.local/lib/python3.8/site-packages/airflow/example_dags/example_branch_day_of_week_operator.py took 0.302 seconds
[2022-12-23T01:46:53.661+0100] {processor.py:153} INFO - Started process (PID=5320) to work on /home/momo/.local/lib/python3.8/site-packages/airflow/example_dags/example_branch_day_of_week_operator.py
[2022-12-23T01:46:53.664+0100] {processor.py:743} INFO - Processing file /home/momo/.local/lib/python3.8/site-packages/airflow/example_dags/example_branch_day_of_week_operator.py for tasks to queue
[2022-12-23T01:46:53.665+0100] {logging_mixin.py:137} INFO - [2022-12-23T01:46:53.665+0100] {dagbag.py:538} INFO - Filling up the DagBag from /home/momo/.local/lib/python3.8/site-packages/airflow/example_dags/example_branch_day_of_week_operator.py
[2022-12-23T01:46:53.703+0100] {processor.py:753} INFO - DAG(s) dict_keys(['example_weekday_branch_operator']) retrieved from /home/momo/.local/lib/python3.8/site-packages/airflow/example_dags/example_branch_day_of_week_operator.py
[2022-12-23T01:46:53.761+0100] {logging_mixin.py:137} INFO - [2022-12-23T01:46:53.761+0100] {dag.py:2676} INFO - Sync 1 DAGs
[2022-12-23T01:46:53.810+0100] {logging_mixin.py:137} INFO - [2022-12-23T01:46:53.810+0100] {dag.py:3423} INFO - Setting next_dagrun for example_weekday_branch_operator to 2022-12-22T00:00:00+00:00, run_after=2022-12-23T00:00:00+00:00
[2022-12-23T01:46:53.858+0100] {processor.py:175} INFO - Processing /home/momo/.local/lib/python3.8/site-packages/airflow/example_dags/example_branch_day_of_week_operator.py took 0.206 seconds
[2022-12-23T01:47:56.568+0100] {processor.py:153} INFO - Started process (PID=5372) to work on /home/momo/.local/lib/python3.8/site-packages/airflow/example_dags/example_branch_day_of_week_operator.py
[2022-12-23T01:47:56.570+0100] {processor.py:743} INFO - Processing file /home/momo/.local/lib/python3.8/site-packages/airflow/example_dags/example_branch_day_of_week_operator.py for tasks to queue
[2022-12-23T01:47:56.572+0100] {logging_mixin.py:137} INFO - [2022-12-23T01:47:56.572+0100] {dagbag.py:538} INFO - Filling up the DagBag from /home/momo/.local/lib/python3.8/site-packages/airflow/example_dags/example_branch_day_of_week_operator.py
[2022-12-23T01:47:56.610+0100] {processor.py:753} INFO - DAG(s) dict_keys(['example_weekday_branch_operator']) retrieved from /home/momo/.local/lib/python3.8/site-packages/airflow/example_dags/example_branch_day_of_week_operator.py
[2022-12-23T01:47:56.675+0100] {logging_mixin.py:137} INFO - [2022-12-23T01:47:56.674+0100] {dag.py:2676} INFO - Sync 1 DAGs
[2022-12-23T01:47:56.752+0100] {logging_mixin.py:137} INFO - [2022-12-23T01:47:56.751+0100] {dag.py:3423} INFO - Setting next_dagrun for example_weekday_branch_operator to 2022-12-22T00:00:00+00:00, run_after=2022-12-23T00:00:00+00:00
[2022-12-23T01:47:56.845+0100] {processor.py:175} INFO - Processing /home/momo/.local/lib/python3.8/site-packages/airflow/example_dags/example_branch_day_of_week_operator.py took 0.284 seconds
[2022-12-23T01:48:58.212+0100] {processor.py:153} INFO - Started process (PID=5421) to work on /home/momo/.local/lib/python3.8/site-packages/airflow/example_dags/example_branch_day_of_week_operator.py
[2022-12-23T01:48:58.216+0100] {processor.py:743} INFO - Processing file /home/momo/.local/lib/python3.8/site-packages/airflow/example_dags/example_branch_day_of_week_operator.py for tasks to queue
[2022-12-23T01:48:58.219+0100] {logging_mixin.py:137} INFO - [2022-12-23T01:48:58.219+0100] {dagbag.py:538} INFO - Filling up the DagBag from /home/momo/.local/lib/python3.8/site-packages/airflow/example_dags/example_branch_day_of_week_operator.py
[2022-12-23T01:48:58.270+0100] {processor.py:753} INFO - DAG(s) dict_keys(['example_weekday_branch_operator']) retrieved from /home/momo/.local/lib/python3.8/site-packages/airflow/example_dags/example_branch_day_of_week_operator.py
[2022-12-23T01:48:58.343+0100] {logging_mixin.py:137} INFO - [2022-12-23T01:48:58.342+0100] {dag.py:2676} INFO - Sync 1 DAGs
[2022-12-23T01:48:58.449+0100] {logging_mixin.py:137} INFO - [2022-12-23T01:48:58.448+0100] {dag.py:3423} INFO - Setting next_dagrun for example_weekday_branch_operator to 2022-12-22T00:00:00+00:00, run_after=2022-12-23T00:00:00+00:00
[2022-12-23T01:48:58.506+0100] {processor.py:175} INFO - Processing /home/momo/.local/lib/python3.8/site-packages/airflow/example_dags/example_branch_day_of_week_operator.py took 0.305 seconds
[2022-12-23T01:49:59.702+0100] {processor.py:153} INFO - Started process (PID=5471) to work on /home/momo/.local/lib/python3.8/site-packages/airflow/example_dags/example_branch_day_of_week_operator.py
[2022-12-23T01:49:59.705+0100] {processor.py:743} INFO - Processing file /home/momo/.local/lib/python3.8/site-packages/airflow/example_dags/example_branch_day_of_week_operator.py for tasks to queue
[2022-12-23T01:49:59.706+0100] {logging_mixin.py:137} INFO - [2022-12-23T01:49:59.706+0100] {dagbag.py:538} INFO - Filling up the DagBag from /home/momo/.local/lib/python3.8/site-packages/airflow/example_dags/example_branch_day_of_week_operator.py
[2022-12-23T01:49:59.745+0100] {processor.py:753} INFO - DAG(s) dict_keys(['example_weekday_branch_operator']) retrieved from /home/momo/.local/lib/python3.8/site-packages/airflow/example_dags/example_branch_day_of_week_operator.py
[2022-12-23T01:49:59.803+0100] {logging_mixin.py:137} INFO - [2022-12-23T01:49:59.803+0100] {dag.py:2676} INFO - Sync 1 DAGs
[2022-12-23T01:49:59.856+0100] {logging_mixin.py:137} INFO - [2022-12-23T01:49:59.855+0100] {dag.py:3423} INFO - Setting next_dagrun for example_weekday_branch_operator to 2022-12-22T00:00:00+00:00, run_after=2022-12-23T00:00:00+00:00
[2022-12-23T01:49:59.908+0100] {processor.py:175} INFO - Processing /home/momo/.local/lib/python3.8/site-packages/airflow/example_dags/example_branch_day_of_week_operator.py took 0.212 seconds
[2022-12-23T01:51:01.610+0100] {processor.py:153} INFO - Started process (PID=5522) to work on /home/momo/.local/lib/python3.8/site-packages/airflow/example_dags/example_branch_day_of_week_operator.py
[2022-12-23T01:51:01.624+0100] {processor.py:743} INFO - Processing file /home/momo/.local/lib/python3.8/site-packages/airflow/example_dags/example_branch_day_of_week_operator.py for tasks to queue
[2022-12-23T01:51:01.629+0100] {logging_mixin.py:137} INFO - [2022-12-23T01:51:01.628+0100] {dagbag.py:538} INFO - Filling up the DagBag from /home/momo/.local/lib/python3.8/site-packages/airflow/example_dags/example_branch_day_of_week_operator.py
[2022-12-23T01:51:01.690+0100] {processor.py:753} INFO - DAG(s) dict_keys(['example_weekday_branch_operator']) retrieved from /home/momo/.local/lib/python3.8/site-packages/airflow/example_dags/example_branch_day_of_week_operator.py
[2022-12-23T01:51:01.760+0100] {logging_mixin.py:137} INFO - [2022-12-23T01:51:01.759+0100] {dag.py:2676} INFO - Sync 1 DAGs
[2022-12-23T01:51:01.811+0100] {logging_mixin.py:137} INFO - [2022-12-23T01:51:01.810+0100] {dag.py:3423} INFO - Setting next_dagrun for example_weekday_branch_operator to 2022-12-22T00:00:00+00:00, run_after=2022-12-23T00:00:00+00:00
[2022-12-23T01:51:01.860+0100] {processor.py:175} INFO - Processing /home/momo/.local/lib/python3.8/site-packages/airflow/example_dags/example_branch_day_of_week_operator.py took 0.291 seconds
[2022-12-23T01:52:01.471+0100] {processor.py:153} INFO - Started process (PID=5624) to work on /home/momo/.local/lib/python3.8/site-packages/airflow/example_dags/example_branch_day_of_week_operator.py
[2022-12-23T01:52:01.479+0100] {processor.py:743} INFO - Processing file /home/momo/.local/lib/python3.8/site-packages/airflow/example_dags/example_branch_day_of_week_operator.py for tasks to queue
[2022-12-23T01:52:01.480+0100] {logging_mixin.py:137} INFO - [2022-12-23T01:52:01.480+0100] {dagbag.py:538} INFO - Filling up the DagBag from /home/momo/.local/lib/python3.8/site-packages/airflow/example_dags/example_branch_day_of_week_operator.py
[2022-12-23T01:52:01.520+0100] {processor.py:753} INFO - DAG(s) dict_keys(['example_weekday_branch_operator']) retrieved from /home/momo/.local/lib/python3.8/site-packages/airflow/example_dags/example_branch_day_of_week_operator.py
[2022-12-23T01:52:01.585+0100] {logging_mixin.py:137} INFO - [2022-12-23T01:52:01.584+0100] {dag.py:2676} INFO - Sync 1 DAGs
[2022-12-23T01:52:01.617+0100] {logging_mixin.py:137} INFO - [2022-12-23T01:52:01.616+0100] {dag.py:3423} INFO - Setting next_dagrun for example_weekday_branch_operator to 2022-12-22T00:00:00+00:00, run_after=2022-12-23T00:00:00+00:00
[2022-12-23T01:52:01.662+0100] {processor.py:175} INFO - Processing /home/momo/.local/lib/python3.8/site-packages/airflow/example_dags/example_branch_day_of_week_operator.py took 0.221 seconds
[2022-12-23T01:53:04.069+0100] {processor.py:153} INFO - Started process (PID=5680) to work on /home/momo/.local/lib/python3.8/site-packages/airflow/example_dags/example_branch_day_of_week_operator.py
[2022-12-23T01:53:04.073+0100] {processor.py:743} INFO - Processing file /home/momo/.local/lib/python3.8/site-packages/airflow/example_dags/example_branch_day_of_week_operator.py for tasks to queue
[2022-12-23T01:53:04.076+0100] {logging_mixin.py:137} INFO - [2022-12-23T01:53:04.075+0100] {dagbag.py:538} INFO - Filling up the DagBag from /home/momo/.local/lib/python3.8/site-packages/airflow/example_dags/example_branch_day_of_week_operator.py
[2022-12-23T01:53:04.118+0100] {processor.py:753} INFO - DAG(s) dict_keys(['example_weekday_branch_operator']) retrieved from /home/momo/.local/lib/python3.8/site-packages/airflow/example_dags/example_branch_day_of_week_operator.py
[2022-12-23T01:53:04.154+0100] {logging_mixin.py:137} INFO - [2022-12-23T01:53:04.153+0100] {dag.py:2676} INFO - Sync 1 DAGs
[2022-12-23T01:53:04.187+0100] {logging_mixin.py:137} INFO - [2022-12-23T01:53:04.187+0100] {dag.py:3423} INFO - Setting next_dagrun for example_weekday_branch_operator to 2022-12-22T00:00:00+00:00, run_after=2022-12-23T00:00:00+00:00
[2022-12-23T01:53:04.230+0100] {processor.py:175} INFO - Processing /home/momo/.local/lib/python3.8/site-packages/airflow/example_dags/example_branch_day_of_week_operator.py took 0.176 seconds
[2022-12-23T01:54:05.973+0100] {processor.py:153} INFO - Started process (PID=5730) to work on /home/momo/.local/lib/python3.8/site-packages/airflow/example_dags/example_branch_day_of_week_operator.py
[2022-12-23T01:54:05.978+0100] {processor.py:743} INFO - Processing file /home/momo/.local/lib/python3.8/site-packages/airflow/example_dags/example_branch_day_of_week_operator.py for tasks to queue
[2022-12-23T01:54:05.980+0100] {logging_mixin.py:137} INFO - [2022-12-23T01:54:05.980+0100] {dagbag.py:538} INFO - Filling up the DagBag from /home/momo/.local/lib/python3.8/site-packages/airflow/example_dags/example_branch_day_of_week_operator.py
[2022-12-23T01:54:06.011+0100] {processor.py:753} INFO - DAG(s) dict_keys(['example_weekday_branch_operator']) retrieved from /home/momo/.local/lib/python3.8/site-packages/airflow/example_dags/example_branch_day_of_week_operator.py
[2022-12-23T01:54:06.050+0100] {logging_mixin.py:137} INFO - [2022-12-23T01:54:06.050+0100] {dag.py:2676} INFO - Sync 1 DAGs
[2022-12-23T01:54:06.080+0100] {logging_mixin.py:137} INFO - [2022-12-23T01:54:06.079+0100] {dag.py:3423} INFO - Setting next_dagrun for example_weekday_branch_operator to 2022-12-22T00:00:00+00:00, run_after=2022-12-23T00:00:00+00:00
[2022-12-23T01:54:06.108+0100] {processor.py:175} INFO - Processing /home/momo/.local/lib/python3.8/site-packages/airflow/example_dags/example_branch_day_of_week_operator.py took 0.158 seconds
[2022-12-23T01:54:57.648+0100] {processor.py:153} INFO - Started process (PID=5774) to work on /home/momo/.local/lib/python3.8/site-packages/airflow/example_dags/example_branch_day_of_week_operator.py
[2022-12-23T01:54:57.650+0100] {processor.py:743} INFO - Processing file /home/momo/.local/lib/python3.8/site-packages/airflow/example_dags/example_branch_day_of_week_operator.py for tasks to queue
[2022-12-23T01:54:57.652+0100] {logging_mixin.py:137} INFO - [2022-12-23T01:54:57.651+0100] {dagbag.py:538} INFO - Filling up the DagBag from /home/momo/.local/lib/python3.8/site-packages/airflow/example_dags/example_branch_day_of_week_operator.py
[2022-12-23T01:54:57.677+0100] {processor.py:753} INFO - DAG(s) dict_keys(['example_weekday_branch_operator']) retrieved from /home/momo/.local/lib/python3.8/site-packages/airflow/example_dags/example_branch_day_of_week_operator.py
[2022-12-23T01:54:57.714+0100] {logging_mixin.py:137} INFO - [2022-12-23T01:54:57.714+0100] {dag.py:2676} INFO - Sync 1 DAGs
[2022-12-23T01:54:57.745+0100] {logging_mixin.py:137} INFO - [2022-12-23T01:54:57.745+0100] {dag.py:3423} INFO - Setting next_dagrun for example_weekday_branch_operator to 2022-12-22T00:00:00+00:00, run_after=2022-12-23T00:00:00+00:00
[2022-12-23T01:54:57.778+0100] {processor.py:175} INFO - Processing /home/momo/.local/lib/python3.8/site-packages/airflow/example_dags/example_branch_day_of_week_operator.py took 0.138 seconds
[2022-12-23T01:55:50.763+0100] {processor.py:153} INFO - Started process (PID=5821) to work on /home/momo/.local/lib/python3.8/site-packages/airflow/example_dags/example_branch_day_of_week_operator.py
[2022-12-23T01:55:50.768+0100] {processor.py:743} INFO - Processing file /home/momo/.local/lib/python3.8/site-packages/airflow/example_dags/example_branch_day_of_week_operator.py for tasks to queue
[2022-12-23T01:55:50.774+0100] {logging_mixin.py:137} INFO - [2022-12-23T01:55:50.772+0100] {dagbag.py:538} INFO - Filling up the DagBag from /home/momo/.local/lib/python3.8/site-packages/airflow/example_dags/example_branch_day_of_week_operator.py
[2022-12-23T01:55:50.804+0100] {processor.py:753} INFO - DAG(s) dict_keys(['example_weekday_branch_operator']) retrieved from /home/momo/.local/lib/python3.8/site-packages/airflow/example_dags/example_branch_day_of_week_operator.py
[2022-12-23T01:55:50.841+0100] {logging_mixin.py:137} INFO - [2022-12-23T01:55:50.841+0100] {dag.py:2676} INFO - Sync 1 DAGs
[2022-12-23T01:55:50.871+0100] {logging_mixin.py:137} INFO - [2022-12-23T01:55:50.871+0100] {dag.py:3423} INFO - Setting next_dagrun for example_weekday_branch_operator to 2022-12-22T00:00:00+00:00, run_after=2022-12-23T00:00:00+00:00
[2022-12-23T01:55:50.941+0100] {processor.py:175} INFO - Processing /home/momo/.local/lib/python3.8/site-packages/airflow/example_dags/example_branch_day_of_week_operator.py took 0.193 seconds
[2022-12-23T01:56:51.608+0100] {processor.py:153} INFO - Started process (PID=5871) to work on /home/momo/.local/lib/python3.8/site-packages/airflow/example_dags/example_branch_day_of_week_operator.py
[2022-12-23T01:56:51.612+0100] {processor.py:743} INFO - Processing file /home/momo/.local/lib/python3.8/site-packages/airflow/example_dags/example_branch_day_of_week_operator.py for tasks to queue
[2022-12-23T01:56:51.614+0100] {logging_mixin.py:137} INFO - [2022-12-23T01:56:51.614+0100] {dagbag.py:538} INFO - Filling up the DagBag from /home/momo/.local/lib/python3.8/site-packages/airflow/example_dags/example_branch_day_of_week_operator.py
[2022-12-23T01:56:51.656+0100] {processor.py:753} INFO - DAG(s) dict_keys(['example_weekday_branch_operator']) retrieved from /home/momo/.local/lib/python3.8/site-packages/airflow/example_dags/example_branch_day_of_week_operator.py
[2022-12-23T01:56:51.714+0100] {logging_mixin.py:137} INFO - [2022-12-23T01:56:51.714+0100] {dag.py:2676} INFO - Sync 1 DAGs
[2022-12-23T01:56:51.747+0100] {logging_mixin.py:137} INFO - [2022-12-23T01:56:51.746+0100] {dag.py:3423} INFO - Setting next_dagrun for example_weekday_branch_operator to 2022-12-22T00:00:00+00:00, run_after=2022-12-23T00:00:00+00:00
[2022-12-23T01:56:51.786+0100] {processor.py:175} INFO - Processing /home/momo/.local/lib/python3.8/site-packages/airflow/example_dags/example_branch_day_of_week_operator.py took 0.186 seconds
[2022-12-23T01:57:52.922+0100] {processor.py:153} INFO - Started process (PID=5926) to work on /home/momo/.local/lib/python3.8/site-packages/airflow/example_dags/example_branch_day_of_week_operator.py
[2022-12-23T01:57:52.933+0100] {processor.py:743} INFO - Processing file /home/momo/.local/lib/python3.8/site-packages/airflow/example_dags/example_branch_day_of_week_operator.py for tasks to queue
[2022-12-23T01:57:52.935+0100] {logging_mixin.py:137} INFO - [2022-12-23T01:57:52.934+0100] {dagbag.py:538} INFO - Filling up the DagBag from /home/momo/.local/lib/python3.8/site-packages/airflow/example_dags/example_branch_day_of_week_operator.py
[2022-12-23T01:57:53.009+0100] {processor.py:753} INFO - DAG(s) dict_keys(['example_weekday_branch_operator']) retrieved from /home/momo/.local/lib/python3.8/site-packages/airflow/example_dags/example_branch_day_of_week_operator.py
[2022-12-23T01:57:53.089+0100] {logging_mixin.py:137} INFO - [2022-12-23T01:57:53.089+0100] {dag.py:2676} INFO - Sync 1 DAGs
[2022-12-23T01:57:53.163+0100] {logging_mixin.py:137} INFO - [2022-12-23T01:57:53.163+0100] {dag.py:3423} INFO - Setting next_dagrun for example_weekday_branch_operator to 2022-12-22T00:00:00+00:00, run_after=2022-12-23T00:00:00+00:00
[2022-12-23T01:57:53.217+0100] {processor.py:175} INFO - Processing /home/momo/.local/lib/python3.8/site-packages/airflow/example_dags/example_branch_day_of_week_operator.py took 0.311 seconds
[2022-12-23T01:58:57.039+0100] {processor.py:153} INFO - Started process (PID=5985) to work on /home/momo/.local/lib/python3.8/site-packages/airflow/example_dags/example_branch_day_of_week_operator.py
[2022-12-23T01:58:57.049+0100] {processor.py:743} INFO - Processing file /home/momo/.local/lib/python3.8/site-packages/airflow/example_dags/example_branch_day_of_week_operator.py for tasks to queue
[2022-12-23T01:58:57.051+0100] {logging_mixin.py:137} INFO - [2022-12-23T01:58:57.051+0100] {dagbag.py:538} INFO - Filling up the DagBag from /home/momo/.local/lib/python3.8/site-packages/airflow/example_dags/example_branch_day_of_week_operator.py
[2022-12-23T01:58:57.164+0100] {processor.py:753} INFO - DAG(s) dict_keys(['example_weekday_branch_operator']) retrieved from /home/momo/.local/lib/python3.8/site-packages/airflow/example_dags/example_branch_day_of_week_operator.py
[2022-12-23T01:58:57.208+0100] {logging_mixin.py:137} INFO - [2022-12-23T01:58:57.207+0100] {dag.py:2676} INFO - Sync 1 DAGs
[2022-12-23T01:58:57.237+0100] {logging_mixin.py:137} INFO - [2022-12-23T01:58:57.237+0100] {dag.py:3423} INFO - Setting next_dagrun for example_weekday_branch_operator to 2022-12-22T00:00:00+00:00, run_after=2022-12-23T00:00:00+00:00
[2022-12-23T01:58:57.272+0100] {processor.py:175} INFO - Processing /home/momo/.local/lib/python3.8/site-packages/airflow/example_dags/example_branch_day_of_week_operator.py took 0.249 seconds
[2022-12-23T01:59:59.639+0100] {processor.py:153} INFO - Started process (PID=6039) to work on /home/momo/.local/lib/python3.8/site-packages/airflow/example_dags/example_branch_day_of_week_operator.py
[2022-12-23T01:59:59.642+0100] {processor.py:743} INFO - Processing file /home/momo/.local/lib/python3.8/site-packages/airflow/example_dags/example_branch_day_of_week_operator.py for tasks to queue
[2022-12-23T01:59:59.645+0100] {logging_mixin.py:137} INFO - [2022-12-23T01:59:59.645+0100] {dagbag.py:538} INFO - Filling up the DagBag from /home/momo/.local/lib/python3.8/site-packages/airflow/example_dags/example_branch_day_of_week_operator.py
[2022-12-23T01:59:59.697+0100] {processor.py:753} INFO - DAG(s) dict_keys(['example_weekday_branch_operator']) retrieved from /home/momo/.local/lib/python3.8/site-packages/airflow/example_dags/example_branch_day_of_week_operator.py
[2022-12-23T01:59:59.771+0100] {logging_mixin.py:137} INFO - [2022-12-23T01:59:59.770+0100] {dag.py:2676} INFO - Sync 1 DAGs
[2022-12-23T01:59:59.826+0100] {logging_mixin.py:137} INFO - [2022-12-23T01:59:59.825+0100] {dag.py:3423} INFO - Setting next_dagrun for example_weekday_branch_operator to 2022-12-22T00:00:00+00:00, run_after=2022-12-23T00:00:00+00:00
[2022-12-23T01:59:59.874+0100] {processor.py:175} INFO - Processing /home/momo/.local/lib/python3.8/site-packages/airflow/example_dags/example_branch_day_of_week_operator.py took 0.242 seconds
[2022-12-23T02:00:55.000+0100] {processor.py:153} INFO - Started process (PID=6088) to work on /home/momo/.local/lib/python3.8/site-packages/airflow/example_dags/example_branch_day_of_week_operator.py
[2022-12-23T02:00:55.008+0100] {processor.py:743} INFO - Processing file /home/momo/.local/lib/python3.8/site-packages/airflow/example_dags/example_branch_day_of_week_operator.py for tasks to queue
[2022-12-23T02:00:55.010+0100] {logging_mixin.py:137} INFO - [2022-12-23T02:00:55.010+0100] {dagbag.py:538} INFO - Filling up the DagBag from /home/momo/.local/lib/python3.8/site-packages/airflow/example_dags/example_branch_day_of_week_operator.py
[2022-12-23T02:00:55.054+0100] {processor.py:753} INFO - DAG(s) dict_keys(['example_weekday_branch_operator']) retrieved from /home/momo/.local/lib/python3.8/site-packages/airflow/example_dags/example_branch_day_of_week_operator.py
[2022-12-23T02:00:55.115+0100] {logging_mixin.py:137} INFO - [2022-12-23T02:00:55.115+0100] {dag.py:2676} INFO - Sync 1 DAGs
[2022-12-23T02:00:55.162+0100] {logging_mixin.py:137} INFO - [2022-12-23T02:00:55.162+0100] {dag.py:3423} INFO - Setting next_dagrun for example_weekday_branch_operator to 2022-12-22T00:00:00+00:00, run_after=2022-12-23T00:00:00+00:00
[2022-12-23T02:00:55.209+0100] {processor.py:175} INFO - Processing /home/momo/.local/lib/python3.8/site-packages/airflow/example_dags/example_branch_day_of_week_operator.py took 0.218 seconds
[2022-12-23T02:01:59.701+0100] {processor.py:153} INFO - Started process (PID=6144) to work on /home/momo/.local/lib/python3.8/site-packages/airflow/example_dags/example_branch_day_of_week_operator.py
[2022-12-23T02:01:59.708+0100] {processor.py:743} INFO - Processing file /home/momo/.local/lib/python3.8/site-packages/airflow/example_dags/example_branch_day_of_week_operator.py for tasks to queue
[2022-12-23T02:01:59.711+0100] {logging_mixin.py:137} INFO - [2022-12-23T02:01:59.711+0100] {dagbag.py:538} INFO - Filling up the DagBag from /home/momo/.local/lib/python3.8/site-packages/airflow/example_dags/example_branch_day_of_week_operator.py
[2022-12-23T02:01:59.793+0100] {processor.py:753} INFO - DAG(s) dict_keys(['example_weekday_branch_operator']) retrieved from /home/momo/.local/lib/python3.8/site-packages/airflow/example_dags/example_branch_day_of_week_operator.py
[2022-12-23T02:01:59.860+0100] {logging_mixin.py:137} INFO - [2022-12-23T02:01:59.860+0100] {dag.py:2676} INFO - Sync 1 DAGs
[2022-12-23T02:01:59.945+0100] {logging_mixin.py:137} INFO - [2022-12-23T02:01:59.945+0100] {dag.py:3423} INFO - Setting next_dagrun for example_weekday_branch_operator to 2022-12-22T00:00:00+00:00, run_after=2022-12-23T00:00:00+00:00
[2022-12-23T02:01:59.995+0100] {processor.py:175} INFO - Processing /home/momo/.local/lib/python3.8/site-packages/airflow/example_dags/example_branch_day_of_week_operator.py took 0.307 seconds
[2022-12-23T02:02:59.964+0100] {processor.py:153} INFO - Started process (PID=6194) to work on /home/momo/.local/lib/python3.8/site-packages/airflow/example_dags/example_branch_day_of_week_operator.py
[2022-12-23T02:02:59.966+0100] {processor.py:743} INFO - Processing file /home/momo/.local/lib/python3.8/site-packages/airflow/example_dags/example_branch_day_of_week_operator.py for tasks to queue
[2022-12-23T02:02:59.967+0100] {logging_mixin.py:137} INFO - [2022-12-23T02:02:59.967+0100] {dagbag.py:538} INFO - Filling up the DagBag from /home/momo/.local/lib/python3.8/site-packages/airflow/example_dags/example_branch_day_of_week_operator.py
[2022-12-23T02:02:59.993+0100] {processor.py:753} INFO - DAG(s) dict_keys(['example_weekday_branch_operator']) retrieved from /home/momo/.local/lib/python3.8/site-packages/airflow/example_dags/example_branch_day_of_week_operator.py
[2022-12-23T02:03:00.044+0100] {logging_mixin.py:137} INFO - [2022-12-23T02:03:00.043+0100] {dag.py:2676} INFO - Sync 1 DAGs
[2022-12-23T02:03:00.094+0100] {logging_mixin.py:137} INFO - [2022-12-23T02:03:00.093+0100] {dag.py:3423} INFO - Setting next_dagrun for example_weekday_branch_operator to 2022-12-22T00:00:00+00:00, run_after=2022-12-23T00:00:00+00:00
[2022-12-23T02:03:00.141+0100] {processor.py:175} INFO - Processing /home/momo/.local/lib/python3.8/site-packages/airflow/example_dags/example_branch_day_of_week_operator.py took 0.184 seconds
[2022-12-23T02:03:57.444+0100] {processor.py:153} INFO - Started process (PID=6245) to work on /home/momo/.local/lib/python3.8/site-packages/airflow/example_dags/example_branch_day_of_week_operator.py
[2022-12-23T02:03:57.449+0100] {processor.py:743} INFO - Processing file /home/momo/.local/lib/python3.8/site-packages/airflow/example_dags/example_branch_day_of_week_operator.py for tasks to queue
[2022-12-23T02:03:57.452+0100] {logging_mixin.py:137} INFO - [2022-12-23T02:03:57.452+0100] {dagbag.py:538} INFO - Filling up the DagBag from /home/momo/.local/lib/python3.8/site-packages/airflow/example_dags/example_branch_day_of_week_operator.py
[2022-12-23T02:03:57.489+0100] {processor.py:753} INFO - DAG(s) dict_keys(['example_weekday_branch_operator']) retrieved from /home/momo/.local/lib/python3.8/site-packages/airflow/example_dags/example_branch_day_of_week_operator.py
[2022-12-23T02:03:57.526+0100] {logging_mixin.py:137} INFO - [2022-12-23T02:03:57.525+0100] {dag.py:2676} INFO - Sync 1 DAGs
[2022-12-23T02:03:57.556+0100] {logging_mixin.py:137} INFO - [2022-12-23T02:03:57.555+0100] {dag.py:3423} INFO - Setting next_dagrun for example_weekday_branch_operator to 2022-12-22T00:00:00+00:00, run_after=2022-12-23T00:00:00+00:00
[2022-12-23T02:03:57.588+0100] {processor.py:175} INFO - Processing /home/momo/.local/lib/python3.8/site-packages/airflow/example_dags/example_branch_day_of_week_operator.py took 0.157 seconds
[2022-12-23T02:04:56.048+0100] {processor.py:153} INFO - Started process (PID=6294) to work on /home/momo/.local/lib/python3.8/site-packages/airflow/example_dags/example_branch_day_of_week_operator.py
[2022-12-23T02:04:56.055+0100] {processor.py:743} INFO - Processing file /home/momo/.local/lib/python3.8/site-packages/airflow/example_dags/example_branch_day_of_week_operator.py for tasks to queue
[2022-12-23T02:04:56.056+0100] {logging_mixin.py:137} INFO - [2022-12-23T02:04:56.056+0100] {dagbag.py:538} INFO - Filling up the DagBag from /home/momo/.local/lib/python3.8/site-packages/airflow/example_dags/example_branch_day_of_week_operator.py
[2022-12-23T02:04:56.117+0100] {processor.py:753} INFO - DAG(s) dict_keys(['example_weekday_branch_operator']) retrieved from /home/momo/.local/lib/python3.8/site-packages/airflow/example_dags/example_branch_day_of_week_operator.py
[2022-12-23T02:04:56.208+0100] {logging_mixin.py:137} INFO - [2022-12-23T02:04:56.207+0100] {dag.py:2676} INFO - Sync 1 DAGs
[2022-12-23T02:04:56.238+0100] {logging_mixin.py:137} INFO - [2022-12-23T02:04:56.238+0100] {dag.py:3423} INFO - Setting next_dagrun for example_weekday_branch_operator to 2022-12-22T00:00:00+00:00, run_after=2022-12-23T00:00:00+00:00
[2022-12-23T02:04:56.277+0100] {processor.py:175} INFO - Processing /home/momo/.local/lib/python3.8/site-packages/airflow/example_dags/example_branch_day_of_week_operator.py took 0.243 seconds
[2022-12-23T02:05:58.518+0100] {processor.py:153} INFO - Started process (PID=6347) to work on /home/momo/.local/lib/python3.8/site-packages/airflow/example_dags/example_branch_day_of_week_operator.py
[2022-12-23T02:05:58.520+0100] {processor.py:743} INFO - Processing file /home/momo/.local/lib/python3.8/site-packages/airflow/example_dags/example_branch_day_of_week_operator.py for tasks to queue
[2022-12-23T02:05:58.521+0100] {logging_mixin.py:137} INFO - [2022-12-23T02:05:58.521+0100] {dagbag.py:538} INFO - Filling up the DagBag from /home/momo/.local/lib/python3.8/site-packages/airflow/example_dags/example_branch_day_of_week_operator.py
[2022-12-23T02:05:58.545+0100] {processor.py:753} INFO - DAG(s) dict_keys(['example_weekday_branch_operator']) retrieved from /home/momo/.local/lib/python3.8/site-packages/airflow/example_dags/example_branch_day_of_week_operator.py
[2022-12-23T02:05:58.578+0100] {logging_mixin.py:137} INFO - [2022-12-23T02:05:58.578+0100] {dag.py:2676} INFO - Sync 1 DAGs
[2022-12-23T02:05:58.607+0100] {logging_mixin.py:137} INFO - [2022-12-23T02:05:58.607+0100] {dag.py:3423} INFO - Setting next_dagrun for example_weekday_branch_operator to 2022-12-22T00:00:00+00:00, run_after=2022-12-23T00:00:00+00:00
[2022-12-23T02:05:58.644+0100] {processor.py:175} INFO - Processing /home/momo/.local/lib/python3.8/site-packages/airflow/example_dags/example_branch_day_of_week_operator.py took 0.147 seconds
[2022-12-23T02:06:56.226+0100] {processor.py:153} INFO - Started process (PID=6401) to work on /home/momo/.local/lib/python3.8/site-packages/airflow/example_dags/example_branch_day_of_week_operator.py
[2022-12-23T02:06:56.233+0100] {processor.py:743} INFO - Processing file /home/momo/.local/lib/python3.8/site-packages/airflow/example_dags/example_branch_day_of_week_operator.py for tasks to queue
[2022-12-23T02:06:56.234+0100] {logging_mixin.py:137} INFO - [2022-12-23T02:06:56.234+0100] {dagbag.py:538} INFO - Filling up the DagBag from /home/momo/.local/lib/python3.8/site-packages/airflow/example_dags/example_branch_day_of_week_operator.py
[2022-12-23T02:06:56.296+0100] {processor.py:753} INFO - DAG(s) dict_keys(['example_weekday_branch_operator']) retrieved from /home/momo/.local/lib/python3.8/site-packages/airflow/example_dags/example_branch_day_of_week_operator.py
[2022-12-23T02:06:56.381+0100] {logging_mixin.py:137} INFO - [2022-12-23T02:06:56.381+0100] {dag.py:2676} INFO - Sync 1 DAGs
[2022-12-23T02:06:56.430+0100] {logging_mixin.py:137} INFO - [2022-12-23T02:06:56.429+0100] {dag.py:3423} INFO - Setting next_dagrun for example_weekday_branch_operator to 2022-12-22T00:00:00+00:00, run_after=2022-12-23T00:00:00+00:00
[2022-12-23T02:06:56.466+0100] {processor.py:175} INFO - Processing /home/momo/.local/lib/python3.8/site-packages/airflow/example_dags/example_branch_day_of_week_operator.py took 0.247 seconds
[2022-12-23T02:07:59.544+0100] {processor.py:153} INFO - Started process (PID=6454) to work on /home/momo/.local/lib/python3.8/site-packages/airflow/example_dags/example_branch_day_of_week_operator.py
[2022-12-23T02:07:59.551+0100] {processor.py:743} INFO - Processing file /home/momo/.local/lib/python3.8/site-packages/airflow/example_dags/example_branch_day_of_week_operator.py for tasks to queue
[2022-12-23T02:07:59.554+0100] {logging_mixin.py:137} INFO - [2022-12-23T02:07:59.553+0100] {dagbag.py:538} INFO - Filling up the DagBag from /home/momo/.local/lib/python3.8/site-packages/airflow/example_dags/example_branch_day_of_week_operator.py
[2022-12-23T02:07:59.589+0100] {processor.py:753} INFO - DAG(s) dict_keys(['example_weekday_branch_operator']) retrieved from /home/momo/.local/lib/python3.8/site-packages/airflow/example_dags/example_branch_day_of_week_operator.py
[2022-12-23T02:07:59.625+0100] {logging_mixin.py:137} INFO - [2022-12-23T02:07:59.624+0100] {dag.py:2676} INFO - Sync 1 DAGs
[2022-12-23T02:07:59.654+0100] {logging_mixin.py:137} INFO - [2022-12-23T02:07:59.653+0100] {dag.py:3423} INFO - Setting next_dagrun for example_weekday_branch_operator to 2022-12-22T00:00:00+00:00, run_after=2022-12-23T00:00:00+00:00
[2022-12-23T02:07:59.694+0100] {processor.py:175} INFO - Processing /home/momo/.local/lib/python3.8/site-packages/airflow/example_dags/example_branch_day_of_week_operator.py took 0.165 seconds
[2022-12-23T02:09:06.702+0100] {processor.py:153} INFO - Started process (PID=6510) to work on /home/momo/.local/lib/python3.8/site-packages/airflow/example_dags/example_branch_day_of_week_operator.py
[2022-12-23T02:09:06.708+0100] {processor.py:743} INFO - Processing file /home/momo/.local/lib/python3.8/site-packages/airflow/example_dags/example_branch_day_of_week_operator.py for tasks to queue
[2022-12-23T02:09:06.709+0100] {logging_mixin.py:137} INFO - [2022-12-23T02:09:06.708+0100] {dagbag.py:538} INFO - Filling up the DagBag from /home/momo/.local/lib/python3.8/site-packages/airflow/example_dags/example_branch_day_of_week_operator.py
[2022-12-23T02:09:06.733+0100] {processor.py:753} INFO - DAG(s) dict_keys(['example_weekday_branch_operator']) retrieved from /home/momo/.local/lib/python3.8/site-packages/airflow/example_dags/example_branch_day_of_week_operator.py
[2022-12-23T02:09:06.769+0100] {logging_mixin.py:137} INFO - [2022-12-23T02:09:06.768+0100] {dag.py:2676} INFO - Sync 1 DAGs
[2022-12-23T02:09:06.797+0100] {logging_mixin.py:137} INFO - [2022-12-23T02:09:06.797+0100] {dag.py:3423} INFO - Setting next_dagrun for example_weekday_branch_operator to 2022-12-22T00:00:00+00:00, run_after=2022-12-23T00:00:00+00:00
[2022-12-23T02:09:06.838+0100] {processor.py:175} INFO - Processing /home/momo/.local/lib/python3.8/site-packages/airflow/example_dags/example_branch_day_of_week_operator.py took 0.142 seconds
[2022-12-23T02:10:03.934+0100] {processor.py:153} INFO - Started process (PID=6565) to work on /home/momo/.local/lib/python3.8/site-packages/airflow/example_dags/example_branch_day_of_week_operator.py
[2022-12-23T02:10:03.938+0100] {processor.py:743} INFO - Processing file /home/momo/.local/lib/python3.8/site-packages/airflow/example_dags/example_branch_day_of_week_operator.py for tasks to queue
[2022-12-23T02:10:03.939+0100] {logging_mixin.py:137} INFO - [2022-12-23T02:10:03.939+0100] {dagbag.py:538} INFO - Filling up the DagBag from /home/momo/.local/lib/python3.8/site-packages/airflow/example_dags/example_branch_day_of_week_operator.py
[2022-12-23T02:10:03.991+0100] {processor.py:753} INFO - DAG(s) dict_keys(['example_weekday_branch_operator']) retrieved from /home/momo/.local/lib/python3.8/site-packages/airflow/example_dags/example_branch_day_of_week_operator.py
[2022-12-23T02:10:04.064+0100] {logging_mixin.py:137} INFO - [2022-12-23T02:10:04.064+0100] {dag.py:2676} INFO - Sync 1 DAGs
[2022-12-23T02:10:04.152+0100] {logging_mixin.py:137} INFO - [2022-12-23T02:10:04.152+0100] {dag.py:3423} INFO - Setting next_dagrun for example_weekday_branch_operator to 2022-12-22T00:00:00+00:00, run_after=2022-12-23T00:00:00+00:00
[2022-12-23T02:10:04.220+0100] {processor.py:175} INFO - Processing /home/momo/.local/lib/python3.8/site-packages/airflow/example_dags/example_branch_day_of_week_operator.py took 0.296 seconds
[2022-12-23T02:11:08.942+0100] {processor.py:153} INFO - Started process (PID=6621) to work on /home/momo/.local/lib/python3.8/site-packages/airflow/example_dags/example_branch_day_of_week_operator.py
[2022-12-23T02:11:08.944+0100] {processor.py:743} INFO - Processing file /home/momo/.local/lib/python3.8/site-packages/airflow/example_dags/example_branch_day_of_week_operator.py for tasks to queue
[2022-12-23T02:11:08.945+0100] {logging_mixin.py:137} INFO - [2022-12-23T02:11:08.945+0100] {dagbag.py:538} INFO - Filling up the DagBag from /home/momo/.local/lib/python3.8/site-packages/airflow/example_dags/example_branch_day_of_week_operator.py
[2022-12-23T02:11:08.971+0100] {processor.py:753} INFO - DAG(s) dict_keys(['example_weekday_branch_operator']) retrieved from /home/momo/.local/lib/python3.8/site-packages/airflow/example_dags/example_branch_day_of_week_operator.py
[2022-12-23T02:11:09.012+0100] {logging_mixin.py:137} INFO - [2022-12-23T02:11:09.011+0100] {dag.py:2676} INFO - Sync 1 DAGs
[2022-12-23T02:11:09.049+0100] {logging_mixin.py:137} INFO - [2022-12-23T02:11:09.048+0100] {dag.py:3423} INFO - Setting next_dagrun for example_weekday_branch_operator to 2022-12-22T00:00:00+00:00, run_after=2022-12-23T00:00:00+00:00
[2022-12-23T02:11:09.100+0100] {processor.py:175} INFO - Processing /home/momo/.local/lib/python3.8/site-packages/airflow/example_dags/example_branch_day_of_week_operator.py took 0.162 seconds
[2022-12-23T02:12:12.148+0100] {processor.py:153} INFO - Started process (PID=6676) to work on /home/momo/.local/lib/python3.8/site-packages/airflow/example_dags/example_branch_day_of_week_operator.py
[2022-12-23T02:12:12.152+0100] {processor.py:743} INFO - Processing file /home/momo/.local/lib/python3.8/site-packages/airflow/example_dags/example_branch_day_of_week_operator.py for tasks to queue
[2022-12-23T02:12:12.155+0100] {logging_mixin.py:137} INFO - [2022-12-23T02:12:12.155+0100] {dagbag.py:538} INFO - Filling up the DagBag from /home/momo/.local/lib/python3.8/site-packages/airflow/example_dags/example_branch_day_of_week_operator.py
[2022-12-23T02:12:12.235+0100] {processor.py:753} INFO - DAG(s) dict_keys(['example_weekday_branch_operator']) retrieved from /home/momo/.local/lib/python3.8/site-packages/airflow/example_dags/example_branch_day_of_week_operator.py
[2022-12-23T02:12:12.312+0100] {logging_mixin.py:137} INFO - [2022-12-23T02:12:12.312+0100] {dag.py:2676} INFO - Sync 1 DAGs
[2022-12-23T02:12:12.346+0100] {logging_mixin.py:137} INFO - [2022-12-23T02:12:12.346+0100] {dag.py:3423} INFO - Setting next_dagrun for example_weekday_branch_operator to 2022-12-22T00:00:00+00:00, run_after=2022-12-23T00:00:00+00:00
[2022-12-23T02:12:12.384+0100] {processor.py:175} INFO - Processing /home/momo/.local/lib/python3.8/site-packages/airflow/example_dags/example_branch_day_of_week_operator.py took 0.251 seconds
[2022-12-23T02:13:09.529+0100] {processor.py:153} INFO - Started process (PID=6724) to work on /home/momo/.local/lib/python3.8/site-packages/airflow/example_dags/example_branch_day_of_week_operator.py
[2022-12-23T02:13:09.533+0100] {processor.py:743} INFO - Processing file /home/momo/.local/lib/python3.8/site-packages/airflow/example_dags/example_branch_day_of_week_operator.py for tasks to queue
[2022-12-23T02:13:09.535+0100] {logging_mixin.py:137} INFO - [2022-12-23T02:13:09.535+0100] {dagbag.py:538} INFO - Filling up the DagBag from /home/momo/.local/lib/python3.8/site-packages/airflow/example_dags/example_branch_day_of_week_operator.py
[2022-12-23T02:13:09.577+0100] {processor.py:753} INFO - DAG(s) dict_keys(['example_weekday_branch_operator']) retrieved from /home/momo/.local/lib/python3.8/site-packages/airflow/example_dags/example_branch_day_of_week_operator.py
[2022-12-23T02:13:09.613+0100] {logging_mixin.py:137} INFO - [2022-12-23T02:13:09.612+0100] {dag.py:2676} INFO - Sync 1 DAGs
[2022-12-23T02:13:09.641+0100] {logging_mixin.py:137} INFO - [2022-12-23T02:13:09.641+0100] {dag.py:3423} INFO - Setting next_dagrun for example_weekday_branch_operator to 2022-12-22T00:00:00+00:00, run_after=2022-12-23T00:00:00+00:00
[2022-12-23T02:13:09.677+0100] {processor.py:175} INFO - Processing /home/momo/.local/lib/python3.8/site-packages/airflow/example_dags/example_branch_day_of_week_operator.py took 0.160 seconds
[2022-12-23T02:14:14.192+0100] {processor.py:153} INFO - Started process (PID=6776) to work on /home/momo/.local/lib/python3.8/site-packages/airflow/example_dags/example_branch_day_of_week_operator.py
[2022-12-23T02:14:14.196+0100] {processor.py:743} INFO - Processing file /home/momo/.local/lib/python3.8/site-packages/airflow/example_dags/example_branch_day_of_week_operator.py for tasks to queue
[2022-12-23T02:14:14.199+0100] {logging_mixin.py:137} INFO - [2022-12-23T02:14:14.199+0100] {dagbag.py:538} INFO - Filling up the DagBag from /home/momo/.local/lib/python3.8/site-packages/airflow/example_dags/example_branch_day_of_week_operator.py
[2022-12-23T02:14:14.236+0100] {processor.py:753} INFO - DAG(s) dict_keys(['example_weekday_branch_operator']) retrieved from /home/momo/.local/lib/python3.8/site-packages/airflow/example_dags/example_branch_day_of_week_operator.py
[2022-12-23T02:14:14.275+0100] {logging_mixin.py:137} INFO - [2022-12-23T02:14:14.275+0100] {dag.py:2676} INFO - Sync 1 DAGs
[2022-12-23T02:14:14.306+0100] {logging_mixin.py:137} INFO - [2022-12-23T02:14:14.305+0100] {dag.py:3423} INFO - Setting next_dagrun for example_weekday_branch_operator to 2022-12-22T00:00:00+00:00, run_after=2022-12-23T00:00:00+00:00
[2022-12-23T02:14:14.340+0100] {processor.py:175} INFO - Processing /home/momo/.local/lib/python3.8/site-packages/airflow/example_dags/example_branch_day_of_week_operator.py took 0.163 seconds
[2022-12-23T02:15:22.758+0100] {processor.py:153} INFO - Started process (PID=6834) to work on /home/momo/.local/lib/python3.8/site-packages/airflow/example_dags/example_branch_day_of_week_operator.py
[2022-12-23T02:15:22.768+0100] {processor.py:743} INFO - Processing file /home/momo/.local/lib/python3.8/site-packages/airflow/example_dags/example_branch_day_of_week_operator.py for tasks to queue
[2022-12-23T02:15:22.773+0100] {logging_mixin.py:137} INFO - [2022-12-23T02:15:22.772+0100] {dagbag.py:538} INFO - Filling up the DagBag from /home/momo/.local/lib/python3.8/site-packages/airflow/example_dags/example_branch_day_of_week_operator.py
[2022-12-23T02:15:22.832+0100] {processor.py:753} INFO - DAG(s) dict_keys(['example_weekday_branch_operator']) retrieved from /home/momo/.local/lib/python3.8/site-packages/airflow/example_dags/example_branch_day_of_week_operator.py
[2022-12-23T02:15:22.881+0100] {logging_mixin.py:137} INFO - [2022-12-23T02:15:22.880+0100] {dag.py:2676} INFO - Sync 1 DAGs
[2022-12-23T02:15:22.910+0100] {logging_mixin.py:137} INFO - [2022-12-23T02:15:22.910+0100] {dag.py:3423} INFO - Setting next_dagrun for example_weekday_branch_operator to 2022-12-22T00:00:00+00:00, run_after=2022-12-23T00:00:00+00:00
[2022-12-23T02:15:22.964+0100] {processor.py:175} INFO - Processing /home/momo/.local/lib/python3.8/site-packages/airflow/example_dags/example_branch_day_of_week_operator.py took 0.221 seconds
[2022-12-23T02:16:16.521+0100] {processor.py:153} INFO - Started process (PID=6880) to work on /home/momo/.local/lib/python3.8/site-packages/airflow/example_dags/example_branch_day_of_week_operator.py
[2022-12-23T02:16:16.527+0100] {processor.py:743} INFO - Processing file /home/momo/.local/lib/python3.8/site-packages/airflow/example_dags/example_branch_day_of_week_operator.py for tasks to queue
[2022-12-23T02:16:16.530+0100] {logging_mixin.py:137} INFO - [2022-12-23T02:16:16.529+0100] {dagbag.py:538} INFO - Filling up the DagBag from /home/momo/.local/lib/python3.8/site-packages/airflow/example_dags/example_branch_day_of_week_operator.py
[2022-12-23T02:16:16.604+0100] {processor.py:753} INFO - DAG(s) dict_keys(['example_weekday_branch_operator']) retrieved from /home/momo/.local/lib/python3.8/site-packages/airflow/example_dags/example_branch_day_of_week_operator.py
[2022-12-23T02:16:16.651+0100] {logging_mixin.py:137} INFO - [2022-12-23T02:16:16.651+0100] {dag.py:2676} INFO - Sync 1 DAGs
[2022-12-23T02:16:16.680+0100] {logging_mixin.py:137} INFO - [2022-12-23T02:16:16.680+0100] {dag.py:3423} INFO - Setting next_dagrun for example_weekday_branch_operator to 2022-12-22T00:00:00+00:00, run_after=2022-12-23T00:00:00+00:00
[2022-12-23T02:16:16.705+0100] {processor.py:175} INFO - Processing /home/momo/.local/lib/python3.8/site-packages/airflow/example_dags/example_branch_day_of_week_operator.py took 0.196 seconds
[2022-12-23T02:17:13.583+0100] {processor.py:153} INFO - Started process (PID=6935) to work on /home/momo/.local/lib/python3.8/site-packages/airflow/example_dags/example_branch_day_of_week_operator.py
[2022-12-23T02:17:13.588+0100] {processor.py:743} INFO - Processing file /home/momo/.local/lib/python3.8/site-packages/airflow/example_dags/example_branch_day_of_week_operator.py for tasks to queue
[2022-12-23T02:17:13.591+0100] {logging_mixin.py:137} INFO - [2022-12-23T02:17:13.590+0100] {dagbag.py:538} INFO - Filling up the DagBag from /home/momo/.local/lib/python3.8/site-packages/airflow/example_dags/example_branch_day_of_week_operator.py
[2022-12-23T02:17:13.630+0100] {processor.py:753} INFO - DAG(s) dict_keys(['example_weekday_branch_operator']) retrieved from /home/momo/.local/lib/python3.8/site-packages/airflow/example_dags/example_branch_day_of_week_operator.py
[2022-12-23T02:17:13.664+0100] {logging_mixin.py:137} INFO - [2022-12-23T02:17:13.664+0100] {dag.py:2676} INFO - Sync 1 DAGs
[2022-12-23T02:17:13.694+0100] {logging_mixin.py:137} INFO - [2022-12-23T02:17:13.694+0100] {dag.py:3423} INFO - Setting next_dagrun for example_weekday_branch_operator to 2022-12-22T00:00:00+00:00, run_after=2022-12-23T00:00:00+00:00
[2022-12-23T02:17:13.735+0100] {processor.py:175} INFO - Processing /home/momo/.local/lib/python3.8/site-packages/airflow/example_dags/example_branch_day_of_week_operator.py took 0.168 seconds
[2022-12-23T02:18:22.025+0100] {processor.py:153} INFO - Started process (PID=6994) to work on /home/momo/.local/lib/python3.8/site-packages/airflow/example_dags/example_branch_day_of_week_operator.py
[2022-12-23T02:18:22.035+0100] {processor.py:743} INFO - Processing file /home/momo/.local/lib/python3.8/site-packages/airflow/example_dags/example_branch_day_of_week_operator.py for tasks to queue
[2022-12-23T02:18:22.038+0100] {logging_mixin.py:137} INFO - [2022-12-23T02:18:22.038+0100] {dagbag.py:538} INFO - Filling up the DagBag from /home/momo/.local/lib/python3.8/site-packages/airflow/example_dags/example_branch_day_of_week_operator.py
[2022-12-23T02:18:22.081+0100] {processor.py:753} INFO - DAG(s) dict_keys(['example_weekday_branch_operator']) retrieved from /home/momo/.local/lib/python3.8/site-packages/airflow/example_dags/example_branch_day_of_week_operator.py
[2022-12-23T02:18:22.115+0100] {logging_mixin.py:137} INFO - [2022-12-23T02:18:22.115+0100] {dag.py:2676} INFO - Sync 1 DAGs
[2022-12-23T02:18:22.144+0100] {logging_mixin.py:137} INFO - [2022-12-23T02:18:22.144+0100] {dag.py:3423} INFO - Setting next_dagrun for example_weekday_branch_operator to 2022-12-22T00:00:00+00:00, run_after=2022-12-23T00:00:00+00:00
[2022-12-23T02:18:22.176+0100] {processor.py:175} INFO - Processing /home/momo/.local/lib/python3.8/site-packages/airflow/example_dags/example_branch_day_of_week_operator.py took 0.167 seconds
[2022-12-23T02:19:20.320+0100] {processor.py:153} INFO - Started process (PID=7072) to work on /home/momo/.local/lib/python3.8/site-packages/airflow/example_dags/example_branch_day_of_week_operator.py
[2022-12-23T02:19:20.323+0100] {processor.py:743} INFO - Processing file /home/momo/.local/lib/python3.8/site-packages/airflow/example_dags/example_branch_day_of_week_operator.py for tasks to queue
[2022-12-23T02:19:20.328+0100] {logging_mixin.py:137} INFO - [2022-12-23T02:19:20.327+0100] {dagbag.py:538} INFO - Filling up the DagBag from /home/momo/.local/lib/python3.8/site-packages/airflow/example_dags/example_branch_day_of_week_operator.py
[2022-12-23T02:19:20.397+0100] {processor.py:753} INFO - DAG(s) dict_keys(['example_weekday_branch_operator']) retrieved from /home/momo/.local/lib/python3.8/site-packages/airflow/example_dags/example_branch_day_of_week_operator.py
[2022-12-23T02:19:20.503+0100] {logging_mixin.py:137} INFO - [2022-12-23T02:19:20.503+0100] {dag.py:2676} INFO - Sync 1 DAGs
[2022-12-23T02:19:20.562+0100] {logging_mixin.py:137} INFO - [2022-12-23T02:19:20.562+0100] {dag.py:3423} INFO - Setting next_dagrun for example_weekday_branch_operator to 2022-12-22T00:00:00+00:00, run_after=2022-12-23T00:00:00+00:00
[2022-12-23T02:19:20.615+0100] {processor.py:175} INFO - Processing /home/momo/.local/lib/python3.8/site-packages/airflow/example_dags/example_branch_day_of_week_operator.py took 0.313 seconds
[2022-12-23T02:20:21.753+0100] {processor.py:153} INFO - Started process (PID=7145) to work on /home/momo/.local/lib/python3.8/site-packages/airflow/example_dags/example_branch_day_of_week_operator.py
[2022-12-23T02:20:21.760+0100] {processor.py:743} INFO - Processing file /home/momo/.local/lib/python3.8/site-packages/airflow/example_dags/example_branch_day_of_week_operator.py for tasks to queue
[2022-12-23T02:20:21.763+0100] {logging_mixin.py:137} INFO - [2022-12-23T02:20:21.762+0100] {dagbag.py:538} INFO - Filling up the DagBag from /home/momo/.local/lib/python3.8/site-packages/airflow/example_dags/example_branch_day_of_week_operator.py
[2022-12-23T02:20:21.805+0100] {processor.py:753} INFO - DAG(s) dict_keys(['example_weekday_branch_operator']) retrieved from /home/momo/.local/lib/python3.8/site-packages/airflow/example_dags/example_branch_day_of_week_operator.py
[2022-12-23T02:20:21.842+0100] {logging_mixin.py:137} INFO - [2022-12-23T02:20:21.842+0100] {dag.py:2676} INFO - Sync 1 DAGs
[2022-12-23T02:20:21.887+0100] {logging_mixin.py:137} INFO - [2022-12-23T02:20:21.887+0100] {dag.py:3423} INFO - Setting next_dagrun for example_weekday_branch_operator to 2022-12-22T00:00:00+00:00, run_after=2022-12-23T00:00:00+00:00
[2022-12-23T02:20:21.921+0100] {processor.py:175} INFO - Processing /home/momo/.local/lib/python3.8/site-packages/airflow/example_dags/example_branch_day_of_week_operator.py took 0.183 seconds
[2022-12-23T02:21:26.644+0100] {processor.py:153} INFO - Started process (PID=7203) to work on /home/momo/.local/lib/python3.8/site-packages/airflow/example_dags/example_branch_day_of_week_operator.py
[2022-12-23T02:21:26.648+0100] {processor.py:743} INFO - Processing file /home/momo/.local/lib/python3.8/site-packages/airflow/example_dags/example_branch_day_of_week_operator.py for tasks to queue
[2022-12-23T02:21:26.654+0100] {logging_mixin.py:137} INFO - [2022-12-23T02:21:26.653+0100] {dagbag.py:538} INFO - Filling up the DagBag from /home/momo/.local/lib/python3.8/site-packages/airflow/example_dags/example_branch_day_of_week_operator.py
[2022-12-23T02:21:26.690+0100] {processor.py:753} INFO - DAG(s) dict_keys(['example_weekday_branch_operator']) retrieved from /home/momo/.local/lib/python3.8/site-packages/airflow/example_dags/example_branch_day_of_week_operator.py
[2022-12-23T02:21:26.724+0100] {logging_mixin.py:137} INFO - [2022-12-23T02:21:26.724+0100] {dag.py:2676} INFO - Sync 1 DAGs
[2022-12-23T02:21:26.754+0100] {logging_mixin.py:137} INFO - [2022-12-23T02:21:26.754+0100] {dag.py:3423} INFO - Setting next_dagrun for example_weekday_branch_operator to 2022-12-22T00:00:00+00:00, run_after=2022-12-23T00:00:00+00:00
[2022-12-23T02:21:26.789+0100] {processor.py:175} INFO - Processing /home/momo/.local/lib/python3.8/site-packages/airflow/example_dags/example_branch_day_of_week_operator.py took 0.157 seconds
