[2022-12-23T01:00:33.260+0100] {processor.py:153} INFO - Started process (PID=27036) to work on /home/momo/.local/lib/python3.8/site-packages/airflow/example_dags/example_nested_branch_dag.py
[2022-12-23T01:00:33.265+0100] {processor.py:743} INFO - Processing file /home/momo/.local/lib/python3.8/site-packages/airflow/example_dags/example_nested_branch_dag.py for tasks to queue
[2022-12-23T01:00:33.277+0100] {logging_mixin.py:137} INFO - [2022-12-23T01:00:33.268+0100] {dagbag.py:538} INFO - Filling up the DagBag from /home/momo/.local/lib/python3.8/site-packages/airflow/example_dags/example_nested_branch_dag.py
[2022-12-23T01:00:33.434+0100] {processor.py:753} INFO - DAG(s) dict_keys(['example_nested_branch_dag']) retrieved from /home/momo/.local/lib/python3.8/site-packages/airflow/example_dags/example_nested_branch_dag.py
[2022-12-23T01:00:33.494+0100] {logging_mixin.py:137} INFO - [2022-12-23T01:00:33.493+0100] {dag.py:2676} INFO - Sync 1 DAGs
[2022-12-23T01:00:33.549+0100] {logging_mixin.py:137} INFO - [2022-12-23T01:00:33.549+0100] {dag.py:3423} INFO - Setting next_dagrun for example_nested_branch_dag to 2022-12-22T00:00:00+00:00, run_after=2022-12-23T00:00:00+00:00
[2022-12-23T01:00:33.603+0100] {processor.py:175} INFO - Processing /home/momo/.local/lib/python3.8/site-packages/airflow/example_dags/example_nested_branch_dag.py took 0.365 seconds
[2022-12-23T01:01:21.862+0100] {processor.py:153} INFO - Started process (PID=27071) to work on /home/momo/.local/lib/python3.8/site-packages/airflow/example_dags/example_nested_branch_dag.py
[2022-12-23T01:01:21.865+0100] {processor.py:743} INFO - Processing file /home/momo/.local/lib/python3.8/site-packages/airflow/example_dags/example_nested_branch_dag.py for tasks to queue
[2022-12-23T01:01:21.866+0100] {logging_mixin.py:137} INFO - [2022-12-23T01:01:21.866+0100] {dagbag.py:538} INFO - Filling up the DagBag from /home/momo/.local/lib/python3.8/site-packages/airflow/example_dags/example_nested_branch_dag.py
[2022-12-23T01:01:21.931+0100] {processor.py:753} INFO - DAG(s) dict_keys(['example_nested_branch_dag']) retrieved from /home/momo/.local/lib/python3.8/site-packages/airflow/example_dags/example_nested_branch_dag.py
[2022-12-23T01:01:21.993+0100] {logging_mixin.py:137} INFO - [2022-12-23T01:01:21.993+0100] {dag.py:2676} INFO - Sync 1 DAGs
[2022-12-23T01:01:22.046+0100] {logging_mixin.py:137} INFO - [2022-12-23T01:01:22.045+0100] {dag.py:3423} INFO - Setting next_dagrun for example_nested_branch_dag to 2022-12-22T00:00:00+00:00, run_after=2022-12-23T00:00:00+00:00
[2022-12-23T01:01:22.096+0100] {processor.py:175} INFO - Processing /home/momo/.local/lib/python3.8/site-packages/airflow/example_dags/example_nested_branch_dag.py took 0.243 seconds
[2022-12-23T01:02:08.185+0100] {processor.py:153} INFO - Started process (PID=27104) to work on /home/momo/.local/lib/python3.8/site-packages/airflow/example_dags/example_nested_branch_dag.py
[2022-12-23T01:02:08.191+0100] {processor.py:743} INFO - Processing file /home/momo/.local/lib/python3.8/site-packages/airflow/example_dags/example_nested_branch_dag.py for tasks to queue
[2022-12-23T01:02:08.194+0100] {logging_mixin.py:137} INFO - [2022-12-23T01:02:08.193+0100] {dagbag.py:538} INFO - Filling up the DagBag from /home/momo/.local/lib/python3.8/site-packages/airflow/example_dags/example_nested_branch_dag.py
[2022-12-23T01:02:08.262+0100] {processor.py:753} INFO - DAG(s) dict_keys(['example_nested_branch_dag']) retrieved from /home/momo/.local/lib/python3.8/site-packages/airflow/example_dags/example_nested_branch_dag.py
[2022-12-23T01:02:08.324+0100] {logging_mixin.py:137} INFO - [2022-12-23T01:02:08.324+0100] {dag.py:2676} INFO - Sync 1 DAGs
[2022-12-23T01:02:08.378+0100] {logging_mixin.py:137} INFO - [2022-12-23T01:02:08.378+0100] {dag.py:3423} INFO - Setting next_dagrun for example_nested_branch_dag to 2022-12-22T00:00:00+00:00, run_after=2022-12-23T00:00:00+00:00
[2022-12-23T01:02:08.429+0100] {processor.py:175} INFO - Processing /home/momo/.local/lib/python3.8/site-packages/airflow/example_dags/example_nested_branch_dag.py took 0.259 seconds
[2022-12-23T01:02:56.271+0100] {processor.py:153} INFO - Started process (PID=27139) to work on /home/momo/.local/lib/python3.8/site-packages/airflow/example_dags/example_nested_branch_dag.py
[2022-12-23T01:02:56.276+0100] {processor.py:743} INFO - Processing file /home/momo/.local/lib/python3.8/site-packages/airflow/example_dags/example_nested_branch_dag.py for tasks to queue
[2022-12-23T01:02:56.279+0100] {logging_mixin.py:137} INFO - [2022-12-23T01:02:56.278+0100] {dagbag.py:538} INFO - Filling up the DagBag from /home/momo/.local/lib/python3.8/site-packages/airflow/example_dags/example_nested_branch_dag.py
[2022-12-23T01:02:56.433+0100] {processor.py:753} INFO - DAG(s) dict_keys(['example_nested_branch_dag']) retrieved from /home/momo/.local/lib/python3.8/site-packages/airflow/example_dags/example_nested_branch_dag.py
[2022-12-23T01:02:56.535+0100] {logging_mixin.py:137} INFO - [2022-12-23T01:02:56.534+0100] {dag.py:2676} INFO - Sync 1 DAGs
[2022-12-23T01:02:56.587+0100] {logging_mixin.py:137} INFO - [2022-12-23T01:02:56.587+0100] {dag.py:3423} INFO - Setting next_dagrun for example_nested_branch_dag to 2022-12-22T00:00:00+00:00, run_after=2022-12-23T00:00:00+00:00
[2022-12-23T01:02:56.635+0100] {processor.py:175} INFO - Processing /home/momo/.local/lib/python3.8/site-packages/airflow/example_dags/example_nested_branch_dag.py took 0.380 seconds
[2022-12-23T01:03:42.850+0100] {processor.py:153} INFO - Started process (PID=27176) to work on /home/momo/.local/lib/python3.8/site-packages/airflow/example_dags/example_nested_branch_dag.py
[2022-12-23T01:03:42.855+0100] {processor.py:743} INFO - Processing file /home/momo/.local/lib/python3.8/site-packages/airflow/example_dags/example_nested_branch_dag.py for tasks to queue
[2022-12-23T01:03:42.860+0100] {logging_mixin.py:137} INFO - [2022-12-23T01:03:42.859+0100] {dagbag.py:538} INFO - Filling up the DagBag from /home/momo/.local/lib/python3.8/site-packages/airflow/example_dags/example_nested_branch_dag.py
[2022-12-23T01:03:42.993+0100] {processor.py:753} INFO - DAG(s) dict_keys(['example_nested_branch_dag']) retrieved from /home/momo/.local/lib/python3.8/site-packages/airflow/example_dags/example_nested_branch_dag.py
[2022-12-23T01:03:43.084+0100] {logging_mixin.py:137} INFO - [2022-12-23T01:03:43.084+0100] {dag.py:2676} INFO - Sync 1 DAGs
[2022-12-23T01:03:43.135+0100] {logging_mixin.py:137} INFO - [2022-12-23T01:03:43.134+0100] {dag.py:3423} INFO - Setting next_dagrun for example_nested_branch_dag to 2022-12-22T00:00:00+00:00, run_after=2022-12-23T00:00:00+00:00
[2022-12-23T01:03:43.703+0100] {processor.py:175} INFO - Processing /home/momo/.local/lib/python3.8/site-packages/airflow/example_dags/example_nested_branch_dag.py took 0.869 seconds
[2022-12-23T01:04:54.679+0100] {processor.py:153} INFO - Started process (PID=27224) to work on /home/momo/.local/lib/python3.8/site-packages/airflow/example_dags/example_nested_branch_dag.py
[2022-12-23T01:04:54.685+0100] {processor.py:743} INFO - Processing file /home/momo/.local/lib/python3.8/site-packages/airflow/example_dags/example_nested_branch_dag.py for tasks to queue
[2022-12-23T01:04:54.688+0100] {logging_mixin.py:137} INFO - [2022-12-23T01:04:54.687+0100] {dagbag.py:538} INFO - Filling up the DagBag from /home/momo/.local/lib/python3.8/site-packages/airflow/example_dags/example_nested_branch_dag.py
[2022-12-23T01:04:54.765+0100] {processor.py:753} INFO - DAG(s) dict_keys(['example_nested_branch_dag']) retrieved from /home/momo/.local/lib/python3.8/site-packages/airflow/example_dags/example_nested_branch_dag.py
[2022-12-23T01:04:54.824+0100] {logging_mixin.py:137} INFO - [2022-12-23T01:04:54.823+0100] {dag.py:2676} INFO - Sync 1 DAGs
[2022-12-23T01:04:54.878+0100] {logging_mixin.py:137} INFO - [2022-12-23T01:04:54.878+0100] {dag.py:3423} INFO - Setting next_dagrun for example_nested_branch_dag to 2022-12-22T00:00:00+00:00, run_after=2022-12-23T00:00:00+00:00
[2022-12-23T01:04:54.925+0100] {processor.py:175} INFO - Processing /home/momo/.local/lib/python3.8/site-packages/airflow/example_dags/example_nested_branch_dag.py took 0.262 seconds
[2022-12-23T01:05:50.739+0100] {processor.py:153} INFO - Started process (PID=27262) to work on /home/momo/.local/lib/python3.8/site-packages/airflow/example_dags/example_nested_branch_dag.py
[2022-12-23T01:05:50.745+0100] {processor.py:743} INFO - Processing file /home/momo/.local/lib/python3.8/site-packages/airflow/example_dags/example_nested_branch_dag.py for tasks to queue
[2022-12-23T01:05:50.749+0100] {logging_mixin.py:137} INFO - [2022-12-23T01:05:50.748+0100] {dagbag.py:538} INFO - Filling up the DagBag from /home/momo/.local/lib/python3.8/site-packages/airflow/example_dags/example_nested_branch_dag.py
[2022-12-23T01:05:50.922+0100] {processor.py:753} INFO - DAG(s) dict_keys(['example_nested_branch_dag']) retrieved from /home/momo/.local/lib/python3.8/site-packages/airflow/example_dags/example_nested_branch_dag.py
[2022-12-23T01:05:50.982+0100] {logging_mixin.py:137} INFO - [2022-12-23T01:05:50.981+0100] {dag.py:2676} INFO - Sync 1 DAGs
[2022-12-23T01:05:51.033+0100] {logging_mixin.py:137} INFO - [2022-12-23T01:05:51.033+0100] {dag.py:3423} INFO - Setting next_dagrun for example_nested_branch_dag to 2022-12-22T00:00:00+00:00, run_after=2022-12-23T00:00:00+00:00
[2022-12-23T01:05:51.091+0100] {processor.py:175} INFO - Processing /home/momo/.local/lib/python3.8/site-packages/airflow/example_dags/example_nested_branch_dag.py took 0.372 seconds
[2022-12-23T01:06:38.695+0100] {processor.py:153} INFO - Started process (PID=27296) to work on /home/momo/.local/lib/python3.8/site-packages/airflow/example_dags/example_nested_branch_dag.py
[2022-12-23T01:06:38.698+0100] {processor.py:743} INFO - Processing file /home/momo/.local/lib/python3.8/site-packages/airflow/example_dags/example_nested_branch_dag.py for tasks to queue
[2022-12-23T01:06:38.700+0100] {logging_mixin.py:137} INFO - [2022-12-23T01:06:38.699+0100] {dagbag.py:538} INFO - Filling up the DagBag from /home/momo/.local/lib/python3.8/site-packages/airflow/example_dags/example_nested_branch_dag.py
[2022-12-23T01:06:38.769+0100] {processor.py:753} INFO - DAG(s) dict_keys(['example_nested_branch_dag']) retrieved from /home/momo/.local/lib/python3.8/site-packages/airflow/example_dags/example_nested_branch_dag.py
[2022-12-23T01:06:38.833+0100] {logging_mixin.py:137} INFO - [2022-12-23T01:06:38.833+0100] {dag.py:2676} INFO - Sync 1 DAGs
[2022-12-23T01:06:38.887+0100] {logging_mixin.py:137} INFO - [2022-12-23T01:06:38.886+0100] {dag.py:3423} INFO - Setting next_dagrun for example_nested_branch_dag to 2022-12-22T00:00:00+00:00, run_after=2022-12-23T00:00:00+00:00
[2022-12-23T01:06:38.942+0100] {processor.py:175} INFO - Processing /home/momo/.local/lib/python3.8/site-packages/airflow/example_dags/example_nested_branch_dag.py took 0.253 seconds
[2022-12-23T01:07:26.498+0100] {processor.py:153} INFO - Started process (PID=27330) to work on /home/momo/.local/lib/python3.8/site-packages/airflow/example_dags/example_nested_branch_dag.py
[2022-12-23T01:07:26.503+0100] {processor.py:743} INFO - Processing file /home/momo/.local/lib/python3.8/site-packages/airflow/example_dags/example_nested_branch_dag.py for tasks to queue
[2022-12-23T01:07:26.505+0100] {logging_mixin.py:137} INFO - [2022-12-23T01:07:26.505+0100] {dagbag.py:538} INFO - Filling up the DagBag from /home/momo/.local/lib/python3.8/site-packages/airflow/example_dags/example_nested_branch_dag.py
[2022-12-23T01:07:26.564+0100] {processor.py:753} INFO - DAG(s) dict_keys(['example_nested_branch_dag']) retrieved from /home/momo/.local/lib/python3.8/site-packages/airflow/example_dags/example_nested_branch_dag.py
[2022-12-23T01:07:26.620+0100] {logging_mixin.py:137} INFO - [2022-12-23T01:07:26.620+0100] {dag.py:2676} INFO - Sync 1 DAGs
[2022-12-23T01:07:26.678+0100] {logging_mixin.py:137} INFO - [2022-12-23T01:07:26.678+0100] {dag.py:3423} INFO - Setting next_dagrun for example_nested_branch_dag to 2022-12-22T00:00:00+00:00, run_after=2022-12-23T00:00:00+00:00
[2022-12-23T01:07:26.724+0100] {processor.py:175} INFO - Processing /home/momo/.local/lib/python3.8/site-packages/airflow/example_dags/example_nested_branch_dag.py took 0.242 seconds
[2022-12-23T01:08:12.823+0100] {processor.py:153} INFO - Started process (PID=27371) to work on /home/momo/.local/lib/python3.8/site-packages/airflow/example_dags/example_nested_branch_dag.py
[2022-12-23T01:08:12.829+0100] {processor.py:743} INFO - Processing file /home/momo/.local/lib/python3.8/site-packages/airflow/example_dags/example_nested_branch_dag.py for tasks to queue
[2022-12-23T01:08:12.832+0100] {logging_mixin.py:137} INFO - [2022-12-23T01:08:12.832+0100] {dagbag.py:538} INFO - Filling up the DagBag from /home/momo/.local/lib/python3.8/site-packages/airflow/example_dags/example_nested_branch_dag.py
[2022-12-23T01:08:12.898+0100] {processor.py:753} INFO - DAG(s) dict_keys(['example_nested_branch_dag']) retrieved from /home/momo/.local/lib/python3.8/site-packages/airflow/example_dags/example_nested_branch_dag.py
[2022-12-23T01:08:12.971+0100] {logging_mixin.py:137} INFO - [2022-12-23T01:08:12.970+0100] {dag.py:2676} INFO - Sync 1 DAGs
[2022-12-23T01:08:13.028+0100] {logging_mixin.py:137} INFO - [2022-12-23T01:08:13.027+0100] {dag.py:3423} INFO - Setting next_dagrun for example_nested_branch_dag to 2022-12-22T00:00:00+00:00, run_after=2022-12-23T00:00:00+00:00
[2022-12-23T01:08:13.084+0100] {processor.py:175} INFO - Processing /home/momo/.local/lib/python3.8/site-packages/airflow/example_dags/example_nested_branch_dag.py took 0.278 seconds
[2022-12-23T01:08:59.219+0100] {processor.py:153} INFO - Started process (PID=27405) to work on /home/momo/.local/lib/python3.8/site-packages/airflow/example_dags/example_nested_branch_dag.py
[2022-12-23T01:08:59.224+0100] {processor.py:743} INFO - Processing file /home/momo/.local/lib/python3.8/site-packages/airflow/example_dags/example_nested_branch_dag.py for tasks to queue
[2022-12-23T01:08:59.227+0100] {logging_mixin.py:137} INFO - [2022-12-23T01:08:59.226+0100] {dagbag.py:538} INFO - Filling up the DagBag from /home/momo/.local/lib/python3.8/site-packages/airflow/example_dags/example_nested_branch_dag.py
[2022-12-23T01:08:59.384+0100] {processor.py:753} INFO - DAG(s) dict_keys(['example_nested_branch_dag']) retrieved from /home/momo/.local/lib/python3.8/site-packages/airflow/example_dags/example_nested_branch_dag.py
[2022-12-23T01:08:59.517+0100] {logging_mixin.py:137} INFO - [2022-12-23T01:08:59.516+0100] {dag.py:2676} INFO - Sync 1 DAGs
[2022-12-23T01:08:59.626+0100] {logging_mixin.py:137} INFO - [2022-12-23T01:08:59.626+0100] {dag.py:3423} INFO - Setting next_dagrun for example_nested_branch_dag to 2022-12-22T00:00:00+00:00, run_after=2022-12-23T00:00:00+00:00
[2022-12-23T01:09:00.104+0100] {processor.py:175} INFO - Processing /home/momo/.local/lib/python3.8/site-packages/airflow/example_dags/example_nested_branch_dag.py took 0.903 seconds
[2022-12-23T01:09:57.512+0100] {processor.py:153} INFO - Started process (PID=27441) to work on /home/momo/.local/lib/python3.8/site-packages/airflow/example_dags/example_nested_branch_dag.py
[2022-12-23T01:09:57.516+0100] {processor.py:743} INFO - Processing file /home/momo/.local/lib/python3.8/site-packages/airflow/example_dags/example_nested_branch_dag.py for tasks to queue
[2022-12-23T01:09:57.519+0100] {logging_mixin.py:137} INFO - [2022-12-23T01:09:57.518+0100] {dagbag.py:538} INFO - Filling up the DagBag from /home/momo/.local/lib/python3.8/site-packages/airflow/example_dags/example_nested_branch_dag.py
[2022-12-23T01:09:57.621+0100] {processor.py:753} INFO - DAG(s) dict_keys(['example_nested_branch_dag']) retrieved from /home/momo/.local/lib/python3.8/site-packages/airflow/example_dags/example_nested_branch_dag.py
[2022-12-23T01:09:57.692+0100] {logging_mixin.py:137} INFO - [2022-12-23T01:09:57.691+0100] {dag.py:2676} INFO - Sync 1 DAGs
[2022-12-23T01:09:57.759+0100] {logging_mixin.py:137} INFO - [2022-12-23T01:09:57.758+0100] {dag.py:3423} INFO - Setting next_dagrun for example_nested_branch_dag to 2022-12-22T00:00:00+00:00, run_after=2022-12-23T00:00:00+00:00
[2022-12-23T01:09:58.070+0100] {processor.py:175} INFO - Processing /home/momo/.local/lib/python3.8/site-packages/airflow/example_dags/example_nested_branch_dag.py took 0.572 seconds
[2022-12-23T01:10:59.555+0100] {processor.py:153} INFO - Started process (PID=27480) to work on /home/momo/.local/lib/python3.8/site-packages/airflow/example_dags/example_nested_branch_dag.py
[2022-12-23T01:10:59.560+0100] {processor.py:743} INFO - Processing file /home/momo/.local/lib/python3.8/site-packages/airflow/example_dags/example_nested_branch_dag.py for tasks to queue
[2022-12-23T01:10:59.563+0100] {logging_mixin.py:137} INFO - [2022-12-23T01:10:59.563+0100] {dagbag.py:538} INFO - Filling up the DagBag from /home/momo/.local/lib/python3.8/site-packages/airflow/example_dags/example_nested_branch_dag.py
[2022-12-23T01:10:59.729+0100] {processor.py:753} INFO - DAG(s) dict_keys(['example_nested_branch_dag']) retrieved from /home/momo/.local/lib/python3.8/site-packages/airflow/example_dags/example_nested_branch_dag.py
[2022-12-23T01:10:59.780+0100] {logging_mixin.py:137} INFO - [2022-12-23T01:10:59.780+0100] {dag.py:2676} INFO - Sync 1 DAGs
[2022-12-23T01:10:59.849+0100] {logging_mixin.py:137} INFO - [2022-12-23T01:10:59.849+0100] {dag.py:3423} INFO - Setting next_dagrun for example_nested_branch_dag to 2022-12-22T00:00:00+00:00, run_after=2022-12-23T00:00:00+00:00
[2022-12-23T01:10:59.906+0100] {processor.py:175} INFO - Processing /home/momo/.local/lib/python3.8/site-packages/airflow/example_dags/example_nested_branch_dag.py took 0.370 seconds
[2022-12-23T01:11:49.330+0100] {processor.py:153} INFO - Started process (PID=27517) to work on /home/momo/.local/lib/python3.8/site-packages/airflow/example_dags/example_nested_branch_dag.py
[2022-12-23T01:11:49.341+0100] {processor.py:743} INFO - Processing file /home/momo/.local/lib/python3.8/site-packages/airflow/example_dags/example_nested_branch_dag.py for tasks to queue
[2022-12-23T01:11:49.344+0100] {logging_mixin.py:137} INFO - [2022-12-23T01:11:49.343+0100] {dagbag.py:538} INFO - Filling up the DagBag from /home/momo/.local/lib/python3.8/site-packages/airflow/example_dags/example_nested_branch_dag.py
[2022-12-23T01:11:49.474+0100] {processor.py:753} INFO - DAG(s) dict_keys(['example_nested_branch_dag']) retrieved from /home/momo/.local/lib/python3.8/site-packages/airflow/example_dags/example_nested_branch_dag.py
[2022-12-23T01:11:49.593+0100] {logging_mixin.py:137} INFO - [2022-12-23T01:11:49.593+0100] {dag.py:2676} INFO - Sync 1 DAGs
[2022-12-23T01:11:49.646+0100] {logging_mixin.py:137} INFO - [2022-12-23T01:11:49.645+0100] {dag.py:3423} INFO - Setting next_dagrun for example_nested_branch_dag to 2022-12-22T00:00:00+00:00, run_after=2022-12-23T00:00:00+00:00
[2022-12-23T01:11:49.696+0100] {processor.py:175} INFO - Processing /home/momo/.local/lib/python3.8/site-packages/airflow/example_dags/example_nested_branch_dag.py took 0.383 seconds
[2022-12-23T01:12:36.184+0100] {processor.py:153} INFO - Started process (PID=27552) to work on /home/momo/.local/lib/python3.8/site-packages/airflow/example_dags/example_nested_branch_dag.py
[2022-12-23T01:12:36.186+0100] {processor.py:743} INFO - Processing file /home/momo/.local/lib/python3.8/site-packages/airflow/example_dags/example_nested_branch_dag.py for tasks to queue
[2022-12-23T01:12:36.188+0100] {logging_mixin.py:137} INFO - [2022-12-23T01:12:36.188+0100] {dagbag.py:538} INFO - Filling up the DagBag from /home/momo/.local/lib/python3.8/site-packages/airflow/example_dags/example_nested_branch_dag.py
[2022-12-23T01:12:36.257+0100] {processor.py:753} INFO - DAG(s) dict_keys(['example_nested_branch_dag']) retrieved from /home/momo/.local/lib/python3.8/site-packages/airflow/example_dags/example_nested_branch_dag.py
[2022-12-23T01:12:36.324+0100] {logging_mixin.py:137} INFO - [2022-12-23T01:12:36.323+0100] {dag.py:2676} INFO - Sync 1 DAGs
[2022-12-23T01:12:36.387+0100] {logging_mixin.py:137} INFO - [2022-12-23T01:12:36.387+0100] {dag.py:3423} INFO - Setting next_dagrun for example_nested_branch_dag to 2022-12-22T00:00:00+00:00, run_after=2022-12-23T00:00:00+00:00
[2022-12-23T01:12:36.456+0100] {processor.py:175} INFO - Processing /home/momo/.local/lib/python3.8/site-packages/airflow/example_dags/example_nested_branch_dag.py took 0.280 seconds
[2022-12-23T01:13:42.446+0100] {processor.py:153} INFO - Started process (PID=27603) to work on /home/momo/.local/lib/python3.8/site-packages/airflow/example_dags/example_nested_branch_dag.py
[2022-12-23T01:13:42.448+0100] {processor.py:743} INFO - Processing file /home/momo/.local/lib/python3.8/site-packages/airflow/example_dags/example_nested_branch_dag.py for tasks to queue
[2022-12-23T01:13:42.450+0100] {logging_mixin.py:137} INFO - [2022-12-23T01:13:42.450+0100] {dagbag.py:538} INFO - Filling up the DagBag from /home/momo/.local/lib/python3.8/site-packages/airflow/example_dags/example_nested_branch_dag.py
[2022-12-23T01:13:42.516+0100] {processor.py:753} INFO - DAG(s) dict_keys(['example_nested_branch_dag']) retrieved from /home/momo/.local/lib/python3.8/site-packages/airflow/example_dags/example_nested_branch_dag.py
[2022-12-23T01:13:42.578+0100] {logging_mixin.py:137} INFO - [2022-12-23T01:13:42.577+0100] {dag.py:2676} INFO - Sync 1 DAGs
[2022-12-23T01:13:42.631+0100] {logging_mixin.py:137} INFO - [2022-12-23T01:13:42.630+0100] {dag.py:3423} INFO - Setting next_dagrun for example_nested_branch_dag to 2022-12-22T00:00:00+00:00, run_after=2022-12-23T00:00:00+00:00
[2022-12-23T01:13:42.684+0100] {processor.py:175} INFO - Processing /home/momo/.local/lib/python3.8/site-packages/airflow/example_dags/example_nested_branch_dag.py took 0.245 seconds
[2022-12-23T01:14:32.023+0100] {processor.py:153} INFO - Started process (PID=27637) to work on /home/momo/.local/lib/python3.8/site-packages/airflow/example_dags/example_nested_branch_dag.py
[2022-12-23T01:14:32.025+0100] {processor.py:743} INFO - Processing file /home/momo/.local/lib/python3.8/site-packages/airflow/example_dags/example_nested_branch_dag.py for tasks to queue
[2022-12-23T01:14:32.027+0100] {logging_mixin.py:137} INFO - [2022-12-23T01:14:32.026+0100] {dagbag.py:538} INFO - Filling up the DagBag from /home/momo/.local/lib/python3.8/site-packages/airflow/example_dags/example_nested_branch_dag.py
[2022-12-23T01:14:32.093+0100] {processor.py:753} INFO - DAG(s) dict_keys(['example_nested_branch_dag']) retrieved from /home/momo/.local/lib/python3.8/site-packages/airflow/example_dags/example_nested_branch_dag.py
[2022-12-23T01:14:32.171+0100] {logging_mixin.py:137} INFO - [2022-12-23T01:14:32.170+0100] {dag.py:2676} INFO - Sync 1 DAGs
[2022-12-23T01:14:32.238+0100] {logging_mixin.py:137} INFO - [2022-12-23T01:14:32.238+0100] {dag.py:3423} INFO - Setting next_dagrun for example_nested_branch_dag to 2022-12-22T00:00:00+00:00, run_after=2022-12-23T00:00:00+00:00
[2022-12-23T01:14:32.728+0100] {processor.py:175} INFO - Processing /home/momo/.local/lib/python3.8/site-packages/airflow/example_dags/example_nested_branch_dag.py took 0.713 seconds
[2022-12-23T01:15:25.683+0100] {processor.py:153} INFO - Started process (PID=27673) to work on /home/momo/.local/lib/python3.8/site-packages/airflow/example_dags/example_nested_branch_dag.py
[2022-12-23T01:15:25.685+0100] {processor.py:743} INFO - Processing file /home/momo/.local/lib/python3.8/site-packages/airflow/example_dags/example_nested_branch_dag.py for tasks to queue
[2022-12-23T01:15:25.687+0100] {logging_mixin.py:137} INFO - [2022-12-23T01:15:25.686+0100] {dagbag.py:538} INFO - Filling up the DagBag from /home/momo/.local/lib/python3.8/site-packages/airflow/example_dags/example_nested_branch_dag.py
[2022-12-23T01:15:25.754+0100] {processor.py:753} INFO - DAG(s) dict_keys(['example_nested_branch_dag']) retrieved from /home/momo/.local/lib/python3.8/site-packages/airflow/example_dags/example_nested_branch_dag.py
[2022-12-23T01:15:25.901+0100] {logging_mixin.py:137} INFO - [2022-12-23T01:15:25.900+0100] {dag.py:2676} INFO - Sync 1 DAGs
[2022-12-23T01:15:26.219+0100] {logging_mixin.py:137} INFO - [2022-12-23T01:15:26.218+0100] {dag.py:3423} INFO - Setting next_dagrun for example_nested_branch_dag to 2022-12-22T00:00:00+00:00, run_after=2022-12-23T00:00:00+00:00
[2022-12-23T01:15:26.270+0100] {processor.py:175} INFO - Processing /home/momo/.local/lib/python3.8/site-packages/airflow/example_dags/example_nested_branch_dag.py took 0.595 seconds
[2022-12-23T01:16:29.307+0100] {processor.py:153} INFO - Started process (PID=27711) to work on /home/momo/.local/lib/python3.8/site-packages/airflow/example_dags/example_nested_branch_dag.py
[2022-12-23T01:16:29.310+0100] {processor.py:743} INFO - Processing file /home/momo/.local/lib/python3.8/site-packages/airflow/example_dags/example_nested_branch_dag.py for tasks to queue
[2022-12-23T01:16:29.311+0100] {logging_mixin.py:137} INFO - [2022-12-23T01:16:29.311+0100] {dagbag.py:538} INFO - Filling up the DagBag from /home/momo/.local/lib/python3.8/site-packages/airflow/example_dags/example_nested_branch_dag.py
[2022-12-23T01:16:29.390+0100] {processor.py:753} INFO - DAG(s) dict_keys(['example_nested_branch_dag']) retrieved from /home/momo/.local/lib/python3.8/site-packages/airflow/example_dags/example_nested_branch_dag.py
[2022-12-23T01:16:29.458+0100] {logging_mixin.py:137} INFO - [2022-12-23T01:16:29.458+0100] {dag.py:2676} INFO - Sync 1 DAGs
[2022-12-23T01:16:29.515+0100] {logging_mixin.py:137} INFO - [2022-12-23T01:16:29.515+0100] {dag.py:3423} INFO - Setting next_dagrun for example_nested_branch_dag to 2022-12-22T00:00:00+00:00, run_after=2022-12-23T00:00:00+00:00
[2022-12-23T01:16:29.566+0100] {processor.py:175} INFO - Processing /home/momo/.local/lib/python3.8/site-packages/airflow/example_dags/example_nested_branch_dag.py took 0.266 seconds
[2022-12-23T01:17:21.047+0100] {processor.py:153} INFO - Started process (PID=27781) to work on /home/momo/.local/lib/python3.8/site-packages/airflow/example_dags/example_nested_branch_dag.py
[2022-12-23T01:17:21.059+0100] {processor.py:743} INFO - Processing file /home/momo/.local/lib/python3.8/site-packages/airflow/example_dags/example_nested_branch_dag.py for tasks to queue
[2022-12-23T01:17:21.072+0100] {logging_mixin.py:137} INFO - [2022-12-23T01:17:21.069+0100] {dagbag.py:538} INFO - Filling up the DagBag from /home/momo/.local/lib/python3.8/site-packages/airflow/example_dags/example_nested_branch_dag.py
[2022-12-23T01:17:21.231+0100] {processor.py:753} INFO - DAG(s) dict_keys(['example_nested_branch_dag']) retrieved from /home/momo/.local/lib/python3.8/site-packages/airflow/example_dags/example_nested_branch_dag.py
[2022-12-23T01:17:21.402+0100] {logging_mixin.py:137} INFO - [2022-12-23T01:17:21.402+0100] {dag.py:2676} INFO - Sync 1 DAGs
[2022-12-23T01:17:21.573+0100] {logging_mixin.py:137} INFO - [2022-12-23T01:17:21.573+0100] {dag.py:3423} INFO - Setting next_dagrun for example_nested_branch_dag to 2022-12-22T00:00:00+00:00, run_after=2022-12-23T00:00:00+00:00
[2022-12-23T01:17:21.656+0100] {processor.py:175} INFO - Processing /home/momo/.local/lib/python3.8/site-packages/airflow/example_dags/example_nested_branch_dag.py took 0.635 seconds
[2022-12-23T01:18:07.111+0100] {processor.py:153} INFO - Started process (PID=27896) to work on /home/momo/.local/lib/python3.8/site-packages/airflow/example_dags/example_nested_branch_dag.py
[2022-12-23T01:18:07.114+0100] {processor.py:743} INFO - Processing file /home/momo/.local/lib/python3.8/site-packages/airflow/example_dags/example_nested_branch_dag.py for tasks to queue
[2022-12-23T01:18:07.116+0100] {logging_mixin.py:137} INFO - [2022-12-23T01:18:07.115+0100] {dagbag.py:538} INFO - Filling up the DagBag from /home/momo/.local/lib/python3.8/site-packages/airflow/example_dags/example_nested_branch_dag.py
[2022-12-23T01:18:07.207+0100] {processor.py:753} INFO - DAG(s) dict_keys(['example_nested_branch_dag']) retrieved from /home/momo/.local/lib/python3.8/site-packages/airflow/example_dags/example_nested_branch_dag.py
[2022-12-23T01:18:07.317+0100] {logging_mixin.py:137} INFO - [2022-12-23T01:18:07.316+0100] {dag.py:2676} INFO - Sync 1 DAGs
[2022-12-23T01:18:07.417+0100] {logging_mixin.py:137} INFO - [2022-12-23T01:18:07.417+0100] {dag.py:3423} INFO - Setting next_dagrun for example_nested_branch_dag to 2022-12-22T00:00:00+00:00, run_after=2022-12-23T00:00:00+00:00
[2022-12-23T01:18:07.483+0100] {processor.py:175} INFO - Processing /home/momo/.local/lib/python3.8/site-packages/airflow/example_dags/example_nested_branch_dag.py took 0.382 seconds
[2022-12-23T01:18:51.780+0100] {processor.py:153} INFO - Started process (PID=27939) to work on /home/momo/.local/lib/python3.8/site-packages/airflow/example_dags/example_nested_branch_dag.py
[2022-12-23T01:18:51.784+0100] {processor.py:743} INFO - Processing file /home/momo/.local/lib/python3.8/site-packages/airflow/example_dags/example_nested_branch_dag.py for tasks to queue
[2022-12-23T01:18:51.785+0100] {logging_mixin.py:137} INFO - [2022-12-23T01:18:51.785+0100] {dagbag.py:538} INFO - Filling up the DagBag from /home/momo/.local/lib/python3.8/site-packages/airflow/example_dags/example_nested_branch_dag.py
[2022-12-23T01:18:51.873+0100] {processor.py:753} INFO - DAG(s) dict_keys(['example_nested_branch_dag']) retrieved from /home/momo/.local/lib/python3.8/site-packages/airflow/example_dags/example_nested_branch_dag.py
[2022-12-23T01:18:51.943+0100] {logging_mixin.py:137} INFO - [2022-12-23T01:18:51.943+0100] {dag.py:2676} INFO - Sync 1 DAGs
[2022-12-23T01:18:51.987+0100] {logging_mixin.py:137} INFO - [2022-12-23T01:18:51.986+0100] {dag.py:3423} INFO - Setting next_dagrun for example_nested_branch_dag to 2022-12-22T00:00:00+00:00, run_after=2022-12-23T00:00:00+00:00
[2022-12-23T01:18:52.047+0100] {processor.py:175} INFO - Processing /home/momo/.local/lib/python3.8/site-packages/airflow/example_dags/example_nested_branch_dag.py took 0.280 seconds
[2022-12-23T01:19:35.236+0100] {processor.py:153} INFO - Started process (PID=27982) to work on /home/momo/.local/lib/python3.8/site-packages/airflow/example_dags/example_nested_branch_dag.py
[2022-12-23T01:19:35.240+0100] {processor.py:743} INFO - Processing file /home/momo/.local/lib/python3.8/site-packages/airflow/example_dags/example_nested_branch_dag.py for tasks to queue
[2022-12-23T01:19:35.241+0100] {logging_mixin.py:137} INFO - [2022-12-23T01:19:35.241+0100] {dagbag.py:538} INFO - Filling up the DagBag from /home/momo/.local/lib/python3.8/site-packages/airflow/example_dags/example_nested_branch_dag.py
[2022-12-23T01:19:35.339+0100] {processor.py:753} INFO - DAG(s) dict_keys(['example_nested_branch_dag']) retrieved from /home/momo/.local/lib/python3.8/site-packages/airflow/example_dags/example_nested_branch_dag.py
[2022-12-23T01:19:35.385+0100] {logging_mixin.py:137} INFO - [2022-12-23T01:19:35.385+0100] {dag.py:2676} INFO - Sync 1 DAGs
[2022-12-23T01:19:35.431+0100] {logging_mixin.py:137} INFO - [2022-12-23T01:19:35.430+0100] {dag.py:3423} INFO - Setting next_dagrun for example_nested_branch_dag to 2022-12-22T00:00:00+00:00, run_after=2022-12-23T00:00:00+00:00
[2022-12-23T01:19:35.478+0100] {processor.py:175} INFO - Processing /home/momo/.local/lib/python3.8/site-packages/airflow/example_dags/example_nested_branch_dag.py took 0.256 seconds
[2022-12-23T01:20:23.848+0100] {processor.py:153} INFO - Started process (PID=28107) to work on /home/momo/.local/lib/python3.8/site-packages/airflow/example_dags/example_nested_branch_dag.py
[2022-12-23T01:20:23.855+0100] {processor.py:743} INFO - Processing file /home/momo/.local/lib/python3.8/site-packages/airflow/example_dags/example_nested_branch_dag.py for tasks to queue
[2022-12-23T01:20:23.857+0100] {logging_mixin.py:137} INFO - [2022-12-23T01:20:23.856+0100] {dagbag.py:538} INFO - Filling up the DagBag from /home/momo/.local/lib/python3.8/site-packages/airflow/example_dags/example_nested_branch_dag.py
[2022-12-23T01:20:23.944+0100] {processor.py:753} INFO - DAG(s) dict_keys(['example_nested_branch_dag']) retrieved from /home/momo/.local/lib/python3.8/site-packages/airflow/example_dags/example_nested_branch_dag.py
[2022-12-23T01:20:24.028+0100] {logging_mixin.py:137} INFO - [2022-12-23T01:20:24.023+0100] {dag.py:2676} INFO - Sync 1 DAGs
[2022-12-23T01:20:24.102+0100] {logging_mixin.py:137} INFO - [2022-12-23T01:20:24.102+0100] {dag.py:3423} INFO - Setting next_dagrun for example_nested_branch_dag to 2022-12-22T00:00:00+00:00, run_after=2022-12-23T00:00:00+00:00
[2022-12-23T01:20:24.574+0100] {processor.py:175} INFO - Processing /home/momo/.local/lib/python3.8/site-packages/airflow/example_dags/example_nested_branch_dag.py took 0.743 seconds
[2022-12-23T01:21:27.017+0100] {processor.py:153} INFO - Started process (PID=28160) to work on /home/momo/.local/lib/python3.8/site-packages/airflow/example_dags/example_nested_branch_dag.py
[2022-12-23T01:21:27.025+0100] {processor.py:743} INFO - Processing file /home/momo/.local/lib/python3.8/site-packages/airflow/example_dags/example_nested_branch_dag.py for tasks to queue
[2022-12-23T01:21:27.026+0100] {logging_mixin.py:137} INFO - [2022-12-23T01:21:27.026+0100] {dagbag.py:538} INFO - Filling up the DagBag from /home/momo/.local/lib/python3.8/site-packages/airflow/example_dags/example_nested_branch_dag.py
[2022-12-23T01:21:27.109+0100] {processor.py:753} INFO - DAG(s) dict_keys(['example_nested_branch_dag']) retrieved from /home/momo/.local/lib/python3.8/site-packages/airflow/example_dags/example_nested_branch_dag.py
[2022-12-23T01:21:27.188+0100] {logging_mixin.py:137} INFO - [2022-12-23T01:21:27.188+0100] {dag.py:2676} INFO - Sync 1 DAGs
[2022-12-23T01:21:27.673+0100] {logging_mixin.py:137} INFO - [2022-12-23T01:21:27.672+0100] {dag.py:3423} INFO - Setting next_dagrun for example_nested_branch_dag to 2022-12-22T00:00:00+00:00, run_after=2022-12-23T00:00:00+00:00
[2022-12-23T01:21:27.758+0100] {processor.py:175} INFO - Processing /home/momo/.local/lib/python3.8/site-packages/airflow/example_dags/example_nested_branch_dag.py took 0.748 seconds
[2022-12-23T01:22:21.688+0100] {processor.py:153} INFO - Started process (PID=28207) to work on /home/momo/.local/lib/python3.8/site-packages/airflow/example_dags/example_nested_branch_dag.py
[2022-12-23T01:22:21.692+0100] {processor.py:743} INFO - Processing file /home/momo/.local/lib/python3.8/site-packages/airflow/example_dags/example_nested_branch_dag.py for tasks to queue
[2022-12-23T01:22:21.693+0100] {logging_mixin.py:137} INFO - [2022-12-23T01:22:21.693+0100] {dagbag.py:538} INFO - Filling up the DagBag from /home/momo/.local/lib/python3.8/site-packages/airflow/example_dags/example_nested_branch_dag.py
[2022-12-23T01:22:21.770+0100] {processor.py:753} INFO - DAG(s) dict_keys(['example_nested_branch_dag']) retrieved from /home/momo/.local/lib/python3.8/site-packages/airflow/example_dags/example_nested_branch_dag.py
[2022-12-23T01:22:21.859+0100] {logging_mixin.py:137} INFO - [2022-12-23T01:22:21.855+0100] {dag.py:2676} INFO - Sync 1 DAGs
[2022-12-23T01:22:21.922+0100] {logging_mixin.py:137} INFO - [2022-12-23T01:22:21.922+0100] {dag.py:3423} INFO - Setting next_dagrun for example_nested_branch_dag to 2022-12-22T00:00:00+00:00, run_after=2022-12-23T00:00:00+00:00
[2022-12-23T01:22:21.989+0100] {processor.py:175} INFO - Processing /home/momo/.local/lib/python3.8/site-packages/airflow/example_dags/example_nested_branch_dag.py took 0.310 seconds
[2022-12-23T01:23:07.930+0100] {processor.py:153} INFO - Started process (PID=28245) to work on /home/momo/.local/lib/python3.8/site-packages/airflow/example_dags/example_nested_branch_dag.py
[2022-12-23T01:23:07.937+0100] {processor.py:743} INFO - Processing file /home/momo/.local/lib/python3.8/site-packages/airflow/example_dags/example_nested_branch_dag.py for tasks to queue
[2022-12-23T01:23:07.939+0100] {logging_mixin.py:137} INFO - [2022-12-23T01:23:07.938+0100] {dagbag.py:538} INFO - Filling up the DagBag from /home/momo/.local/lib/python3.8/site-packages/airflow/example_dags/example_nested_branch_dag.py
[2022-12-23T01:23:08.031+0100] {processor.py:753} INFO - DAG(s) dict_keys(['example_nested_branch_dag']) retrieved from /home/momo/.local/lib/python3.8/site-packages/airflow/example_dags/example_nested_branch_dag.py
[2022-12-23T01:23:08.117+0100] {logging_mixin.py:137} INFO - [2022-12-23T01:23:08.117+0100] {dag.py:2676} INFO - Sync 1 DAGs
[2022-12-23T01:23:08.226+0100] {logging_mixin.py:137} INFO - [2022-12-23T01:23:08.226+0100] {dag.py:3423} INFO - Setting next_dagrun for example_nested_branch_dag to 2022-12-22T00:00:00+00:00, run_after=2022-12-23T00:00:00+00:00
[2022-12-23T01:23:08.297+0100] {processor.py:175} INFO - Processing /home/momo/.local/lib/python3.8/site-packages/airflow/example_dags/example_nested_branch_dag.py took 0.377 seconds
[2022-12-23T01:23:59.257+0100] {processor.py:153} INFO - Started process (PID=28342) to work on /home/momo/.local/lib/python3.8/site-packages/airflow/example_dags/example_nested_branch_dag.py
[2022-12-23T01:23:59.265+0100] {processor.py:743} INFO - Processing file /home/momo/.local/lib/python3.8/site-packages/airflow/example_dags/example_nested_branch_dag.py for tasks to queue
[2022-12-23T01:23:59.267+0100] {logging_mixin.py:137} INFO - [2022-12-23T01:23:59.266+0100] {dagbag.py:538} INFO - Filling up the DagBag from /home/momo/.local/lib/python3.8/site-packages/airflow/example_dags/example_nested_branch_dag.py
[2022-12-23T01:23:59.363+0100] {processor.py:753} INFO - DAG(s) dict_keys(['example_nested_branch_dag']) retrieved from /home/momo/.local/lib/python3.8/site-packages/airflow/example_dags/example_nested_branch_dag.py
[2022-12-23T01:23:59.488+0100] {logging_mixin.py:137} INFO - [2022-12-23T01:23:59.488+0100] {dag.py:2676} INFO - Sync 1 DAGs
[2022-12-23T01:23:59.558+0100] {logging_mixin.py:137} INFO - [2022-12-23T01:23:59.558+0100] {dag.py:3423} INFO - Setting next_dagrun for example_nested_branch_dag to 2022-12-22T00:00:00+00:00, run_after=2022-12-23T00:00:00+00:00
[2022-12-23T01:23:59.617+0100] {processor.py:175} INFO - Processing /home/momo/.local/lib/python3.8/site-packages/airflow/example_dags/example_nested_branch_dag.py took 0.374 seconds
[2022-12-23T01:43:48.292+0100] {processor.py:153} INFO - Started process (PID=5153) to work on /home/momo/.local/lib/python3.8/site-packages/airflow/example_dags/example_nested_branch_dag.py
[2022-12-23T01:43:48.296+0100] {processor.py:743} INFO - Processing file /home/momo/.local/lib/python3.8/site-packages/airflow/example_dags/example_nested_branch_dag.py for tasks to queue
[2022-12-23T01:43:48.297+0100] {logging_mixin.py:137} INFO - [2022-12-23T01:43:48.297+0100] {dagbag.py:538} INFO - Filling up the DagBag from /home/momo/.local/lib/python3.8/site-packages/airflow/example_dags/example_nested_branch_dag.py
[2022-12-23T01:43:48.366+0100] {processor.py:753} INFO - DAG(s) dict_keys(['example_nested_branch_dag']) retrieved from /home/momo/.local/lib/python3.8/site-packages/airflow/example_dags/example_nested_branch_dag.py
[2022-12-23T01:43:48.396+0100] {logging_mixin.py:137} INFO - [2022-12-23T01:43:48.396+0100] {dag.py:2676} INFO - Sync 1 DAGs
[2022-12-23T01:43:48.420+0100] {logging_mixin.py:137} INFO - [2022-12-23T01:43:48.420+0100] {dag.py:3423} INFO - Setting next_dagrun for example_nested_branch_dag to 2022-12-22T00:00:00+00:00, run_after=2022-12-23T00:00:00+00:00
[2022-12-23T01:43:48.444+0100] {processor.py:175} INFO - Processing /home/momo/.local/lib/python3.8/site-packages/airflow/example_dags/example_nested_branch_dag.py took 0.158 seconds
[2022-12-23T01:44:35.265+0100] {processor.py:153} INFO - Started process (PID=5203) to work on /home/momo/.local/lib/python3.8/site-packages/airflow/example_dags/example_nested_branch_dag.py
[2022-12-23T01:44:35.269+0100] {processor.py:743} INFO - Processing file /home/momo/.local/lib/python3.8/site-packages/airflow/example_dags/example_nested_branch_dag.py for tasks to queue
[2022-12-23T01:44:35.272+0100] {logging_mixin.py:137} INFO - [2022-12-23T01:44:35.272+0100] {dagbag.py:538} INFO - Filling up the DagBag from /home/momo/.local/lib/python3.8/site-packages/airflow/example_dags/example_nested_branch_dag.py
[2022-12-23T01:44:35.377+0100] {processor.py:753} INFO - DAG(s) dict_keys(['example_nested_branch_dag']) retrieved from /home/momo/.local/lib/python3.8/site-packages/airflow/example_dags/example_nested_branch_dag.py
[2022-12-23T01:44:35.416+0100] {logging_mixin.py:137} INFO - [2022-12-23T01:44:35.416+0100] {dag.py:2676} INFO - Sync 1 DAGs
[2022-12-23T01:44:35.449+0100] {logging_mixin.py:137} INFO - [2022-12-23T01:44:35.448+0100] {dag.py:3423} INFO - Setting next_dagrun for example_nested_branch_dag to 2022-12-22T00:00:00+00:00, run_after=2022-12-23T00:00:00+00:00
[2022-12-23T01:44:35.493+0100] {processor.py:175} INFO - Processing /home/momo/.local/lib/python3.8/site-packages/airflow/example_dags/example_nested_branch_dag.py took 0.240 seconds
[2022-12-23T01:45:30.488+0100] {processor.py:153} INFO - Started process (PID=5249) to work on /home/momo/.local/lib/python3.8/site-packages/airflow/example_dags/example_nested_branch_dag.py
[2022-12-23T01:45:30.491+0100] {processor.py:743} INFO - Processing file /home/momo/.local/lib/python3.8/site-packages/airflow/example_dags/example_nested_branch_dag.py for tasks to queue
[2022-12-23T01:45:30.493+0100] {logging_mixin.py:137} INFO - [2022-12-23T01:45:30.492+0100] {dagbag.py:538} INFO - Filling up the DagBag from /home/momo/.local/lib/python3.8/site-packages/airflow/example_dags/example_nested_branch_dag.py
[2022-12-23T01:45:30.585+0100] {processor.py:753} INFO - DAG(s) dict_keys(['example_nested_branch_dag']) retrieved from /home/momo/.local/lib/python3.8/site-packages/airflow/example_dags/example_nested_branch_dag.py
[2022-12-23T01:45:30.742+0100] {logging_mixin.py:137} INFO - [2022-12-23T01:45:30.741+0100] {dag.py:2676} INFO - Sync 1 DAGs
[2022-12-23T01:45:30.821+0100] {logging_mixin.py:137} INFO - [2022-12-23T01:45:30.820+0100] {dag.py:3423} INFO - Setting next_dagrun for example_nested_branch_dag to 2022-12-22T00:00:00+00:00, run_after=2022-12-23T00:00:00+00:00
[2022-12-23T01:45:30.883+0100] {processor.py:175} INFO - Processing /home/momo/.local/lib/python3.8/site-packages/airflow/example_dags/example_nested_branch_dag.py took 0.405 seconds
[2022-12-23T01:46:25.590+0100] {processor.py:153} INFO - Started process (PID=5298) to work on /home/momo/.local/lib/python3.8/site-packages/airflow/example_dags/example_nested_branch_dag.py
[2022-12-23T01:46:25.593+0100] {processor.py:743} INFO - Processing file /home/momo/.local/lib/python3.8/site-packages/airflow/example_dags/example_nested_branch_dag.py for tasks to queue
[2022-12-23T01:46:25.595+0100] {logging_mixin.py:137} INFO - [2022-12-23T01:46:25.594+0100] {dagbag.py:538} INFO - Filling up the DagBag from /home/momo/.local/lib/python3.8/site-packages/airflow/example_dags/example_nested_branch_dag.py
[2022-12-23T01:46:25.682+0100] {processor.py:753} INFO - DAG(s) dict_keys(['example_nested_branch_dag']) retrieved from /home/momo/.local/lib/python3.8/site-packages/airflow/example_dags/example_nested_branch_dag.py
[2022-12-23T01:46:25.774+0100] {logging_mixin.py:137} INFO - [2022-12-23T01:46:25.772+0100] {dag.py:2676} INFO - Sync 1 DAGs
[2022-12-23T01:46:25.853+0100] {logging_mixin.py:137} INFO - [2022-12-23T01:46:25.853+0100] {dag.py:3423} INFO - Setting next_dagrun for example_nested_branch_dag to 2022-12-22T00:00:00+00:00, run_after=2022-12-23T00:00:00+00:00
[2022-12-23T01:46:25.968+0100] {processor.py:175} INFO - Processing /home/momo/.local/lib/python3.8/site-packages/airflow/example_dags/example_nested_branch_dag.py took 0.387 seconds
[2022-12-23T01:47:16.918+0100] {processor.py:153} INFO - Started process (PID=5338) to work on /home/momo/.local/lib/python3.8/site-packages/airflow/example_dags/example_nested_branch_dag.py
[2022-12-23T01:47:16.921+0100] {processor.py:743} INFO - Processing file /home/momo/.local/lib/python3.8/site-packages/airflow/example_dags/example_nested_branch_dag.py for tasks to queue
[2022-12-23T01:47:16.923+0100] {logging_mixin.py:137} INFO - [2022-12-23T01:47:16.922+0100] {dagbag.py:538} INFO - Filling up the DagBag from /home/momo/.local/lib/python3.8/site-packages/airflow/example_dags/example_nested_branch_dag.py
[2022-12-23T01:47:17.015+0100] {processor.py:753} INFO - DAG(s) dict_keys(['example_nested_branch_dag']) retrieved from /home/momo/.local/lib/python3.8/site-packages/airflow/example_dags/example_nested_branch_dag.py
[2022-12-23T01:47:17.103+0100] {logging_mixin.py:137} INFO - [2022-12-23T01:47:17.102+0100] {dag.py:2676} INFO - Sync 1 DAGs
[2022-12-23T01:47:17.175+0100] {logging_mixin.py:137} INFO - [2022-12-23T01:47:17.175+0100] {dag.py:3423} INFO - Setting next_dagrun for example_nested_branch_dag to 2022-12-22T00:00:00+00:00, run_after=2022-12-23T00:00:00+00:00
[2022-12-23T01:47:17.241+0100] {processor.py:175} INFO - Processing /home/momo/.local/lib/python3.8/site-packages/airflow/example_dags/example_nested_branch_dag.py took 0.332 seconds
[2022-12-23T01:48:17.183+0100] {processor.py:153} INFO - Started process (PID=5388) to work on /home/momo/.local/lib/python3.8/site-packages/airflow/example_dags/example_nested_branch_dag.py
[2022-12-23T01:48:17.186+0100] {processor.py:743} INFO - Processing file /home/momo/.local/lib/python3.8/site-packages/airflow/example_dags/example_nested_branch_dag.py for tasks to queue
[2022-12-23T01:48:17.188+0100] {logging_mixin.py:137} INFO - [2022-12-23T01:48:17.188+0100] {dagbag.py:538} INFO - Filling up the DagBag from /home/momo/.local/lib/python3.8/site-packages/airflow/example_dags/example_nested_branch_dag.py
[2022-12-23T01:48:17.250+0100] {processor.py:753} INFO - DAG(s) dict_keys(['example_nested_branch_dag']) retrieved from /home/momo/.local/lib/python3.8/site-packages/airflow/example_dags/example_nested_branch_dag.py
[2022-12-23T01:48:17.333+0100] {logging_mixin.py:137} INFO - [2022-12-23T01:48:17.333+0100] {dag.py:2676} INFO - Sync 1 DAGs
[2022-12-23T01:48:17.414+0100] {logging_mixin.py:137} INFO - [2022-12-23T01:48:17.414+0100] {dag.py:3423} INFO - Setting next_dagrun for example_nested_branch_dag to 2022-12-22T00:00:00+00:00, run_after=2022-12-23T00:00:00+00:00
[2022-12-23T01:48:17.471+0100] {processor.py:175} INFO - Processing /home/momo/.local/lib/python3.8/site-packages/airflow/example_dags/example_nested_branch_dag.py took 0.296 seconds
[2022-12-23T01:49:19.771+0100] {processor.py:153} INFO - Started process (PID=5438) to work on /home/momo/.local/lib/python3.8/site-packages/airflow/example_dags/example_nested_branch_dag.py
[2022-12-23T01:49:19.773+0100] {processor.py:743} INFO - Processing file /home/momo/.local/lib/python3.8/site-packages/airflow/example_dags/example_nested_branch_dag.py for tasks to queue
[2022-12-23T01:49:19.775+0100] {logging_mixin.py:137} INFO - [2022-12-23T01:49:19.775+0100] {dagbag.py:538} INFO - Filling up the DagBag from /home/momo/.local/lib/python3.8/site-packages/airflow/example_dags/example_nested_branch_dag.py
[2022-12-23T01:49:19.834+0100] {processor.py:753} INFO - DAG(s) dict_keys(['example_nested_branch_dag']) retrieved from /home/momo/.local/lib/python3.8/site-packages/airflow/example_dags/example_nested_branch_dag.py
[2022-12-23T01:49:19.891+0100] {logging_mixin.py:137} INFO - [2022-12-23T01:49:19.891+0100] {dag.py:2676} INFO - Sync 1 DAGs
[2022-12-23T01:49:19.933+0100] {logging_mixin.py:137} INFO - [2022-12-23T01:49:19.933+0100] {dag.py:3423} INFO - Setting next_dagrun for example_nested_branch_dag to 2022-12-22T00:00:00+00:00, run_after=2022-12-23T00:00:00+00:00
[2022-12-23T01:49:19.972+0100] {processor.py:175} INFO - Processing /home/momo/.local/lib/python3.8/site-packages/airflow/example_dags/example_nested_branch_dag.py took 0.206 seconds
[2022-12-23T01:50:22.465+0100] {processor.py:153} INFO - Started process (PID=5490) to work on /home/momo/.local/lib/python3.8/site-packages/airflow/example_dags/example_nested_branch_dag.py
[2022-12-23T01:50:22.468+0100] {processor.py:743} INFO - Processing file /home/momo/.local/lib/python3.8/site-packages/airflow/example_dags/example_nested_branch_dag.py for tasks to queue
[2022-12-23T01:50:22.469+0100] {logging_mixin.py:137} INFO - [2022-12-23T01:50:22.469+0100] {dagbag.py:538} INFO - Filling up the DagBag from /home/momo/.local/lib/python3.8/site-packages/airflow/example_dags/example_nested_branch_dag.py
[2022-12-23T01:50:22.527+0100] {processor.py:753} INFO - DAG(s) dict_keys(['example_nested_branch_dag']) retrieved from /home/momo/.local/lib/python3.8/site-packages/airflow/example_dags/example_nested_branch_dag.py
[2022-12-23T01:50:22.567+0100] {logging_mixin.py:137} INFO - [2022-12-23T01:50:22.567+0100] {dag.py:2676} INFO - Sync 1 DAGs
[2022-12-23T01:50:22.601+0100] {logging_mixin.py:137} INFO - [2022-12-23T01:50:22.600+0100] {dag.py:3423} INFO - Setting next_dagrun for example_nested_branch_dag to 2022-12-22T00:00:00+00:00, run_after=2022-12-23T00:00:00+00:00
[2022-12-23T01:50:22.636+0100] {processor.py:175} INFO - Processing /home/momo/.local/lib/python3.8/site-packages/airflow/example_dags/example_nested_branch_dag.py took 0.186 seconds
[2022-12-23T01:51:20.229+0100] {processor.py:153} INFO - Started process (PID=5537) to work on /home/momo/.local/lib/python3.8/site-packages/airflow/example_dags/example_nested_branch_dag.py
[2022-12-23T01:51:20.234+0100] {processor.py:743} INFO - Processing file /home/momo/.local/lib/python3.8/site-packages/airflow/example_dags/example_nested_branch_dag.py for tasks to queue
[2022-12-23T01:51:20.236+0100] {logging_mixin.py:137} INFO - [2022-12-23T01:51:20.236+0100] {dagbag.py:538} INFO - Filling up the DagBag from /home/momo/.local/lib/python3.8/site-packages/airflow/example_dags/example_nested_branch_dag.py
[2022-12-23T01:51:20.318+0100] {processor.py:753} INFO - DAG(s) dict_keys(['example_nested_branch_dag']) retrieved from /home/momo/.local/lib/python3.8/site-packages/airflow/example_dags/example_nested_branch_dag.py
[2022-12-23T01:51:20.381+0100] {logging_mixin.py:137} INFO - [2022-12-23T01:51:20.381+0100] {dag.py:2676} INFO - Sync 1 DAGs
[2022-12-23T01:51:20.450+0100] {logging_mixin.py:137} INFO - [2022-12-23T01:51:20.450+0100] {dag.py:3423} INFO - Setting next_dagrun for example_nested_branch_dag to 2022-12-22T00:00:00+00:00, run_after=2022-12-23T00:00:00+00:00
[2022-12-23T01:51:20.504+0100] {processor.py:175} INFO - Processing /home/momo/.local/lib/python3.8/site-packages/airflow/example_dags/example_nested_branch_dag.py took 0.293 seconds
[2022-12-23T01:52:19.924+0100] {processor.py:153} INFO - Started process (PID=5640) to work on /home/momo/.local/lib/python3.8/site-packages/airflow/example_dags/example_nested_branch_dag.py
[2022-12-23T01:52:19.929+0100] {processor.py:743} INFO - Processing file /home/momo/.local/lib/python3.8/site-packages/airflow/example_dags/example_nested_branch_dag.py for tasks to queue
[2022-12-23T01:52:19.930+0100] {logging_mixin.py:137} INFO - [2022-12-23T01:52:19.930+0100] {dagbag.py:538} INFO - Filling up the DagBag from /home/momo/.local/lib/python3.8/site-packages/airflow/example_dags/example_nested_branch_dag.py
[2022-12-23T01:52:19.979+0100] {processor.py:753} INFO - DAG(s) dict_keys(['example_nested_branch_dag']) retrieved from /home/momo/.local/lib/python3.8/site-packages/airflow/example_dags/example_nested_branch_dag.py
[2022-12-23T01:52:20.025+0100] {logging_mixin.py:137} INFO - [2022-12-23T01:52:20.024+0100] {dag.py:2676} INFO - Sync 1 DAGs
[2022-12-23T01:52:20.063+0100] {logging_mixin.py:137} INFO - [2022-12-23T01:52:20.063+0100] {dag.py:3423} INFO - Setting next_dagrun for example_nested_branch_dag to 2022-12-22T00:00:00+00:00, run_after=2022-12-23T00:00:00+00:00
[2022-12-23T01:52:20.120+0100] {processor.py:175} INFO - Processing /home/momo/.local/lib/python3.8/site-packages/airflow/example_dags/example_nested_branch_dag.py took 0.204 seconds
[2022-12-23T01:53:22.468+0100] {processor.py:153} INFO - Started process (PID=5695) to work on /home/momo/.local/lib/python3.8/site-packages/airflow/example_dags/example_nested_branch_dag.py
[2022-12-23T01:53:22.472+0100] {processor.py:743} INFO - Processing file /home/momo/.local/lib/python3.8/site-packages/airflow/example_dags/example_nested_branch_dag.py for tasks to queue
[2022-12-23T01:53:22.475+0100] {logging_mixin.py:137} INFO - [2022-12-23T01:53:22.474+0100] {dagbag.py:538} INFO - Filling up the DagBag from /home/momo/.local/lib/python3.8/site-packages/airflow/example_dags/example_nested_branch_dag.py
[2022-12-23T01:53:22.531+0100] {processor.py:753} INFO - DAG(s) dict_keys(['example_nested_branch_dag']) retrieved from /home/momo/.local/lib/python3.8/site-packages/airflow/example_dags/example_nested_branch_dag.py
[2022-12-23T01:53:22.573+0100] {logging_mixin.py:137} INFO - [2022-12-23T01:53:22.573+0100] {dag.py:2676} INFO - Sync 1 DAGs
[2022-12-23T01:53:22.603+0100] {logging_mixin.py:137} INFO - [2022-12-23T01:53:22.603+0100] {dag.py:3423} INFO - Setting next_dagrun for example_nested_branch_dag to 2022-12-22T00:00:00+00:00, run_after=2022-12-23T00:00:00+00:00
[2022-12-23T01:53:22.779+0100] {processor.py:175} INFO - Processing /home/momo/.local/lib/python3.8/site-packages/airflow/example_dags/example_nested_branch_dag.py took 0.324 seconds
[2022-12-23T01:54:21.485+0100] {processor.py:153} INFO - Started process (PID=5744) to work on /home/momo/.local/lib/python3.8/site-packages/airflow/example_dags/example_nested_branch_dag.py
[2022-12-23T01:54:21.491+0100] {processor.py:743} INFO - Processing file /home/momo/.local/lib/python3.8/site-packages/airflow/example_dags/example_nested_branch_dag.py for tasks to queue
[2022-12-23T01:54:21.495+0100] {logging_mixin.py:137} INFO - [2022-12-23T01:54:21.494+0100] {dagbag.py:538} INFO - Filling up the DagBag from /home/momo/.local/lib/python3.8/site-packages/airflow/example_dags/example_nested_branch_dag.py
[2022-12-23T01:54:21.640+0100] {processor.py:753} INFO - DAG(s) dict_keys(['example_nested_branch_dag']) retrieved from /home/momo/.local/lib/python3.8/site-packages/airflow/example_dags/example_nested_branch_dag.py
[2022-12-23T01:54:21.680+0100] {logging_mixin.py:137} INFO - [2022-12-23T01:54:21.679+0100] {dag.py:2676} INFO - Sync 1 DAGs
[2022-12-23T01:54:21.710+0100] {logging_mixin.py:137} INFO - [2022-12-23T01:54:21.709+0100] {dag.py:3423} INFO - Setting next_dagrun for example_nested_branch_dag to 2022-12-22T00:00:00+00:00, run_after=2022-12-23T00:00:00+00:00
[2022-12-23T01:54:21.749+0100] {processor.py:175} INFO - Processing /home/momo/.local/lib/python3.8/site-packages/airflow/example_dags/example_nested_branch_dag.py took 0.281 seconds
[2022-12-23T01:55:13.117+0100] {processor.py:153} INFO - Started process (PID=5789) to work on /home/momo/.local/lib/python3.8/site-packages/airflow/example_dags/example_nested_branch_dag.py
[2022-12-23T01:55:13.122+0100] {processor.py:743} INFO - Processing file /home/momo/.local/lib/python3.8/site-packages/airflow/example_dags/example_nested_branch_dag.py for tasks to queue
[2022-12-23T01:55:13.125+0100] {logging_mixin.py:137} INFO - [2022-12-23T01:55:13.124+0100] {dagbag.py:538} INFO - Filling up the DagBag from /home/momo/.local/lib/python3.8/site-packages/airflow/example_dags/example_nested_branch_dag.py
[2022-12-23T01:55:13.172+0100] {processor.py:753} INFO - DAG(s) dict_keys(['example_nested_branch_dag']) retrieved from /home/momo/.local/lib/python3.8/site-packages/airflow/example_dags/example_nested_branch_dag.py
[2022-12-23T01:55:13.205+0100] {logging_mixin.py:137} INFO - [2022-12-23T01:55:13.205+0100] {dag.py:2676} INFO - Sync 1 DAGs
[2022-12-23T01:55:13.233+0100] {logging_mixin.py:137} INFO - [2022-12-23T01:55:13.233+0100] {dag.py:3423} INFO - Setting next_dagrun for example_nested_branch_dag to 2022-12-22T00:00:00+00:00, run_after=2022-12-23T00:00:00+00:00
[2022-12-23T01:55:13.264+0100] {processor.py:175} INFO - Processing /home/momo/.local/lib/python3.8/site-packages/airflow/example_dags/example_nested_branch_dag.py took 0.162 seconds
[2022-12-23T01:56:05.867+0100] {processor.py:153} INFO - Started process (PID=5833) to work on /home/momo/.local/lib/python3.8/site-packages/airflow/example_dags/example_nested_branch_dag.py
[2022-12-23T01:56:05.871+0100] {processor.py:743} INFO - Processing file /home/momo/.local/lib/python3.8/site-packages/airflow/example_dags/example_nested_branch_dag.py for tasks to queue
[2022-12-23T01:56:05.874+0100] {logging_mixin.py:137} INFO - [2022-12-23T01:56:05.873+0100] {dagbag.py:538} INFO - Filling up the DagBag from /home/momo/.local/lib/python3.8/site-packages/airflow/example_dags/example_nested_branch_dag.py
[2022-12-23T01:56:05.920+0100] {processor.py:753} INFO - DAG(s) dict_keys(['example_nested_branch_dag']) retrieved from /home/momo/.local/lib/python3.8/site-packages/airflow/example_dags/example_nested_branch_dag.py
[2022-12-23T01:56:05.955+0100] {logging_mixin.py:137} INFO - [2022-12-23T01:56:05.955+0100] {dag.py:2676} INFO - Sync 1 DAGs
[2022-12-23T01:56:05.988+0100] {logging_mixin.py:137} INFO - [2022-12-23T01:56:05.988+0100] {dag.py:3423} INFO - Setting next_dagrun for example_nested_branch_dag to 2022-12-22T00:00:00+00:00, run_after=2022-12-23T00:00:00+00:00
[2022-12-23T01:56:06.037+0100] {processor.py:175} INFO - Processing /home/momo/.local/lib/python3.8/site-packages/airflow/example_dags/example_nested_branch_dag.py took 0.186 seconds
[2022-12-23T01:57:07.671+0100] {processor.py:153} INFO - Started process (PID=5886) to work on /home/momo/.local/lib/python3.8/site-packages/airflow/example_dags/example_nested_branch_dag.py
[2022-12-23T01:57:07.673+0100] {processor.py:743} INFO - Processing file /home/momo/.local/lib/python3.8/site-packages/airflow/example_dags/example_nested_branch_dag.py for tasks to queue
[2022-12-23T01:57:07.674+0100] {logging_mixin.py:137} INFO - [2022-12-23T01:57:07.674+0100] {dagbag.py:538} INFO - Filling up the DagBag from /home/momo/.local/lib/python3.8/site-packages/airflow/example_dags/example_nested_branch_dag.py
[2022-12-23T01:57:07.734+0100] {processor.py:753} INFO - DAG(s) dict_keys(['example_nested_branch_dag']) retrieved from /home/momo/.local/lib/python3.8/site-packages/airflow/example_dags/example_nested_branch_dag.py
[2022-12-23T01:57:07.819+0100] {logging_mixin.py:137} INFO - [2022-12-23T01:57:07.819+0100] {dag.py:2676} INFO - Sync 1 DAGs
[2022-12-23T01:57:07.871+0100] {logging_mixin.py:137} INFO - [2022-12-23T01:57:07.871+0100] {dag.py:3423} INFO - Setting next_dagrun for example_nested_branch_dag to 2022-12-22T00:00:00+00:00, run_after=2022-12-23T00:00:00+00:00
[2022-12-23T01:57:07.915+0100] {processor.py:175} INFO - Processing /home/momo/.local/lib/python3.8/site-packages/airflow/example_dags/example_nested_branch_dag.py took 0.252 seconds
[2022-12-23T01:58:10.760+0100] {processor.py:153} INFO - Started process (PID=5942) to work on /home/momo/.local/lib/python3.8/site-packages/airflow/example_dags/example_nested_branch_dag.py
[2022-12-23T01:58:10.762+0100] {processor.py:743} INFO - Processing file /home/momo/.local/lib/python3.8/site-packages/airflow/example_dags/example_nested_branch_dag.py for tasks to queue
[2022-12-23T01:58:10.763+0100] {logging_mixin.py:137} INFO - [2022-12-23T01:58:10.763+0100] {dagbag.py:538} INFO - Filling up the DagBag from /home/momo/.local/lib/python3.8/site-packages/airflow/example_dags/example_nested_branch_dag.py
[2022-12-23T01:58:10.840+0100] {processor.py:753} INFO - DAG(s) dict_keys(['example_nested_branch_dag']) retrieved from /home/momo/.local/lib/python3.8/site-packages/airflow/example_dags/example_nested_branch_dag.py
[2022-12-23T01:58:10.910+0100] {logging_mixin.py:137} INFO - [2022-12-23T01:58:10.909+0100] {dag.py:2676} INFO - Sync 1 DAGs
[2022-12-23T01:58:10.974+0100] {logging_mixin.py:137} INFO - [2022-12-23T01:58:10.973+0100] {dag.py:3423} INFO - Setting next_dagrun for example_nested_branch_dag to 2022-12-22T00:00:00+00:00, run_after=2022-12-23T00:00:00+00:00
[2022-12-23T01:58:11.025+0100] {processor.py:175} INFO - Processing /home/momo/.local/lib/python3.8/site-packages/airflow/example_dags/example_nested_branch_dag.py took 0.276 seconds
[2022-12-23T01:59:13.277+0100] {processor.py:153} INFO - Started process (PID=5998) to work on /home/momo/.local/lib/python3.8/site-packages/airflow/example_dags/example_nested_branch_dag.py
[2022-12-23T01:59:13.279+0100] {processor.py:743} INFO - Processing file /home/momo/.local/lib/python3.8/site-packages/airflow/example_dags/example_nested_branch_dag.py for tasks to queue
[2022-12-23T01:59:13.280+0100] {logging_mixin.py:137} INFO - [2022-12-23T01:59:13.279+0100] {dagbag.py:538} INFO - Filling up the DagBag from /home/momo/.local/lib/python3.8/site-packages/airflow/example_dags/example_nested_branch_dag.py
[2022-12-23T01:59:13.326+0100] {processor.py:753} INFO - DAG(s) dict_keys(['example_nested_branch_dag']) retrieved from /home/momo/.local/lib/python3.8/site-packages/airflow/example_dags/example_nested_branch_dag.py
[2022-12-23T01:59:13.362+0100] {logging_mixin.py:137} INFO - [2022-12-23T01:59:13.362+0100] {dag.py:2676} INFO - Sync 1 DAGs
[2022-12-23T01:59:13.394+0100] {logging_mixin.py:137} INFO - [2022-12-23T01:59:13.394+0100] {dag.py:3423} INFO - Setting next_dagrun for example_nested_branch_dag to 2022-12-22T00:00:00+00:00, run_after=2022-12-23T00:00:00+00:00
[2022-12-23T01:59:13.461+0100] {processor.py:175} INFO - Processing /home/momo/.local/lib/python3.8/site-packages/airflow/example_dags/example_nested_branch_dag.py took 0.194 seconds
[2022-12-23T02:00:14.090+0100] {processor.py:153} INFO - Started process (PID=6055) to work on /home/momo/.local/lib/python3.8/site-packages/airflow/example_dags/example_nested_branch_dag.py
[2022-12-23T02:00:14.096+0100] {processor.py:743} INFO - Processing file /home/momo/.local/lib/python3.8/site-packages/airflow/example_dags/example_nested_branch_dag.py for tasks to queue
[2022-12-23T02:00:14.097+0100] {logging_mixin.py:137} INFO - [2022-12-23T02:00:14.097+0100] {dagbag.py:538} INFO - Filling up the DagBag from /home/momo/.local/lib/python3.8/site-packages/airflow/example_dags/example_nested_branch_dag.py
[2022-12-23T02:00:14.185+0100] {processor.py:753} INFO - DAG(s) dict_keys(['example_nested_branch_dag']) retrieved from /home/momo/.local/lib/python3.8/site-packages/airflow/example_dags/example_nested_branch_dag.py
[2022-12-23T02:00:14.239+0100] {logging_mixin.py:137} INFO - [2022-12-23T02:00:14.238+0100] {dag.py:2676} INFO - Sync 1 DAGs
[2022-12-23T02:00:14.272+0100] {logging_mixin.py:137} INFO - [2022-12-23T02:00:14.272+0100] {dag.py:3423} INFO - Setting next_dagrun for example_nested_branch_dag to 2022-12-22T00:00:00+00:00, run_after=2022-12-23T00:00:00+00:00
[2022-12-23T02:00:14.306+0100] {processor.py:175} INFO - Processing /home/momo/.local/lib/python3.8/site-packages/airflow/example_dags/example_nested_branch_dag.py took 0.222 seconds
[2022-12-23T02:01:10.137+0100] {processor.py:153} INFO - Started process (PID=6101) to work on /home/momo/.local/lib/python3.8/site-packages/airflow/example_dags/example_nested_branch_dag.py
[2022-12-23T02:01:10.142+0100] {processor.py:743} INFO - Processing file /home/momo/.local/lib/python3.8/site-packages/airflow/example_dags/example_nested_branch_dag.py for tasks to queue
[2022-12-23T02:01:10.145+0100] {logging_mixin.py:137} INFO - [2022-12-23T02:01:10.144+0100] {dagbag.py:538} INFO - Filling up the DagBag from /home/momo/.local/lib/python3.8/site-packages/airflow/example_dags/example_nested_branch_dag.py
[2022-12-23T02:01:10.215+0100] {processor.py:753} INFO - DAG(s) dict_keys(['example_nested_branch_dag']) retrieved from /home/momo/.local/lib/python3.8/site-packages/airflow/example_dags/example_nested_branch_dag.py
[2022-12-23T02:01:10.248+0100] {logging_mixin.py:137} INFO - [2022-12-23T02:01:10.248+0100] {dag.py:2676} INFO - Sync 1 DAGs
[2022-12-23T02:01:10.278+0100] {logging_mixin.py:137} INFO - [2022-12-23T02:01:10.278+0100] {dag.py:3423} INFO - Setting next_dagrun for example_nested_branch_dag to 2022-12-22T00:00:00+00:00, run_after=2022-12-23T00:00:00+00:00
[2022-12-23T02:01:10.318+0100] {processor.py:175} INFO - Processing /home/momo/.local/lib/python3.8/site-packages/airflow/example_dags/example_nested_branch_dag.py took 0.194 seconds
[2022-12-23T02:02:15.450+0100] {processor.py:153} INFO - Started process (PID=6157) to work on /home/momo/.local/lib/python3.8/site-packages/airflow/example_dags/example_nested_branch_dag.py
[2022-12-23T02:02:15.457+0100] {processor.py:743} INFO - Processing file /home/momo/.local/lib/python3.8/site-packages/airflow/example_dags/example_nested_branch_dag.py for tasks to queue
[2022-12-23T02:02:15.459+0100] {logging_mixin.py:137} INFO - [2022-12-23T02:02:15.459+0100] {dagbag.py:538} INFO - Filling up the DagBag from /home/momo/.local/lib/python3.8/site-packages/airflow/example_dags/example_nested_branch_dag.py
[2022-12-23T02:02:15.548+0100] {processor.py:753} INFO - DAG(s) dict_keys(['example_nested_branch_dag']) retrieved from /home/momo/.local/lib/python3.8/site-packages/airflow/example_dags/example_nested_branch_dag.py
[2022-12-23T02:02:15.582+0100] {logging_mixin.py:137} INFO - [2022-12-23T02:02:15.581+0100] {dag.py:2676} INFO - Sync 1 DAGs
[2022-12-23T02:02:15.615+0100] {logging_mixin.py:137} INFO - [2022-12-23T02:02:15.615+0100] {dag.py:3423} INFO - Setting next_dagrun for example_nested_branch_dag to 2022-12-22T00:00:00+00:00, run_after=2022-12-23T00:00:00+00:00
[2022-12-23T02:02:15.645+0100] {processor.py:175} INFO - Processing /home/momo/.local/lib/python3.8/site-packages/airflow/example_dags/example_nested_branch_dag.py took 0.208 seconds
[2022-12-23T02:03:16.024+0100] {processor.py:153} INFO - Started process (PID=6206) to work on /home/momo/.local/lib/python3.8/site-packages/airflow/example_dags/example_nested_branch_dag.py
[2022-12-23T02:03:16.029+0100] {processor.py:743} INFO - Processing file /home/momo/.local/lib/python3.8/site-packages/airflow/example_dags/example_nested_branch_dag.py for tasks to queue
[2022-12-23T02:03:16.034+0100] {logging_mixin.py:137} INFO - [2022-12-23T02:03:16.033+0100] {dagbag.py:538} INFO - Filling up the DagBag from /home/momo/.local/lib/python3.8/site-packages/airflow/example_dags/example_nested_branch_dag.py
[2022-12-23T02:03:16.119+0100] {processor.py:753} INFO - DAG(s) dict_keys(['example_nested_branch_dag']) retrieved from /home/momo/.local/lib/python3.8/site-packages/airflow/example_dags/example_nested_branch_dag.py
[2022-12-23T02:03:16.162+0100] {logging_mixin.py:137} INFO - [2022-12-23T02:03:16.161+0100] {dag.py:2676} INFO - Sync 1 DAGs
[2022-12-23T02:03:16.193+0100] {logging_mixin.py:137} INFO - [2022-12-23T02:03:16.193+0100] {dag.py:3423} INFO - Setting next_dagrun for example_nested_branch_dag to 2022-12-22T00:00:00+00:00, run_after=2022-12-23T00:00:00+00:00
[2022-12-23T02:03:16.242+0100] {processor.py:175} INFO - Processing /home/momo/.local/lib/python3.8/site-packages/airflow/example_dags/example_nested_branch_dag.py took 0.237 seconds
[2022-12-23T02:04:10.076+0100] {processor.py:153} INFO - Started process (PID=6257) to work on /home/momo/.local/lib/python3.8/site-packages/airflow/example_dags/example_nested_branch_dag.py
[2022-12-23T02:04:10.079+0100] {processor.py:743} INFO - Processing file /home/momo/.local/lib/python3.8/site-packages/airflow/example_dags/example_nested_branch_dag.py for tasks to queue
[2022-12-23T02:04:10.081+0100] {logging_mixin.py:137} INFO - [2022-12-23T02:04:10.080+0100] {dagbag.py:538} INFO - Filling up the DagBag from /home/momo/.local/lib/python3.8/site-packages/airflow/example_dags/example_nested_branch_dag.py
[2022-12-23T02:04:10.131+0100] {processor.py:753} INFO - DAG(s) dict_keys(['example_nested_branch_dag']) retrieved from /home/momo/.local/lib/python3.8/site-packages/airflow/example_dags/example_nested_branch_dag.py
[2022-12-23T02:04:10.171+0100] {logging_mixin.py:137} INFO - [2022-12-23T02:04:10.171+0100] {dag.py:2676} INFO - Sync 1 DAGs
[2022-12-23T02:04:10.204+0100] {logging_mixin.py:137} INFO - [2022-12-23T02:04:10.204+0100] {dag.py:3423} INFO - Setting next_dagrun for example_nested_branch_dag to 2022-12-22T00:00:00+00:00, run_after=2022-12-23T00:00:00+00:00
[2022-12-23T02:04:10.242+0100] {processor.py:175} INFO - Processing /home/momo/.local/lib/python3.8/site-packages/airflow/example_dags/example_nested_branch_dag.py took 0.176 seconds
[2022-12-23T02:05:11.730+0100] {processor.py:153} INFO - Started process (PID=6308) to work on /home/momo/.local/lib/python3.8/site-packages/airflow/example_dags/example_nested_branch_dag.py
[2022-12-23T02:05:11.734+0100] {processor.py:743} INFO - Processing file /home/momo/.local/lib/python3.8/site-packages/airflow/example_dags/example_nested_branch_dag.py for tasks to queue
[2022-12-23T02:05:11.735+0100] {logging_mixin.py:137} INFO - [2022-12-23T02:05:11.735+0100] {dagbag.py:538} INFO - Filling up the DagBag from /home/momo/.local/lib/python3.8/site-packages/airflow/example_dags/example_nested_branch_dag.py
[2022-12-23T02:05:11.812+0100] {processor.py:753} INFO - DAG(s) dict_keys(['example_nested_branch_dag']) retrieved from /home/momo/.local/lib/python3.8/site-packages/airflow/example_dags/example_nested_branch_dag.py
[2022-12-23T02:05:11.879+0100] {logging_mixin.py:137} INFO - [2022-12-23T02:05:11.878+0100] {dag.py:2676} INFO - Sync 1 DAGs
[2022-12-23T02:05:11.958+0100] {logging_mixin.py:137} INFO - [2022-12-23T02:05:11.958+0100] {dag.py:3423} INFO - Setting next_dagrun for example_nested_branch_dag to 2022-12-22T00:00:00+00:00, run_after=2022-12-23T00:00:00+00:00
[2022-12-23T02:05:12.032+0100] {processor.py:175} INFO - Processing /home/momo/.local/lib/python3.8/site-packages/airflow/example_dags/example_nested_branch_dag.py took 0.318 seconds
[2022-12-23T02:05:53.686+0100] {processor.py:153} INFO - Started process (PID=6343) to work on /home/momo/.local/lib/python3.8/site-packages/airflow/example_dags/example_nested_branch_dag.py
[2022-12-23T02:05:53.691+0100] {processor.py:743} INFO - Processing file /home/momo/.local/lib/python3.8/site-packages/airflow/example_dags/example_nested_branch_dag.py for tasks to queue
[2022-12-23T02:05:53.694+0100] {logging_mixin.py:137} INFO - [2022-12-23T02:05:53.693+0100] {dagbag.py:538} INFO - Filling up the DagBag from /home/momo/.local/lib/python3.8/site-packages/airflow/example_dags/example_nested_branch_dag.py
[2022-12-23T02:05:53.747+0100] {processor.py:753} INFO - DAG(s) dict_keys(['example_nested_branch_dag']) retrieved from /home/momo/.local/lib/python3.8/site-packages/airflow/example_dags/example_nested_branch_dag.py
[2022-12-23T02:05:53.783+0100] {logging_mixin.py:137} INFO - [2022-12-23T02:05:53.783+0100] {dag.py:2676} INFO - Sync 1 DAGs
[2022-12-23T02:05:53.829+0100] {logging_mixin.py:137} INFO - [2022-12-23T02:05:53.829+0100] {dag.py:3423} INFO - Setting next_dagrun for example_nested_branch_dag to 2022-12-22T00:00:00+00:00, run_after=2022-12-23T00:00:00+00:00
[2022-12-23T02:05:53.869+0100] {processor.py:175} INFO - Processing /home/momo/.local/lib/python3.8/site-packages/airflow/example_dags/example_nested_branch_dag.py took 0.198 seconds
[2022-12-23T02:06:51.879+0100] {processor.py:153} INFO - Started process (PID=6397) to work on /home/momo/.local/lib/python3.8/site-packages/airflow/example_dags/example_nested_branch_dag.py
[2022-12-23T02:06:51.883+0100] {processor.py:743} INFO - Processing file /home/momo/.local/lib/python3.8/site-packages/airflow/example_dags/example_nested_branch_dag.py for tasks to queue
[2022-12-23T02:06:51.886+0100] {logging_mixin.py:137} INFO - [2022-12-23T02:06:51.885+0100] {dagbag.py:538} INFO - Filling up the DagBag from /home/momo/.local/lib/python3.8/site-packages/airflow/example_dags/example_nested_branch_dag.py
[2022-12-23T02:06:51.941+0100] {processor.py:753} INFO - DAG(s) dict_keys(['example_nested_branch_dag']) retrieved from /home/momo/.local/lib/python3.8/site-packages/airflow/example_dags/example_nested_branch_dag.py
[2022-12-23T02:06:51.974+0100] {logging_mixin.py:137} INFO - [2022-12-23T02:06:51.974+0100] {dag.py:2676} INFO - Sync 1 DAGs
[2022-12-23T02:06:52.004+0100] {logging_mixin.py:137} INFO - [2022-12-23T02:06:52.003+0100] {dag.py:3423} INFO - Setting next_dagrun for example_nested_branch_dag to 2022-12-22T00:00:00+00:00, run_after=2022-12-23T00:00:00+00:00
[2022-12-23T02:06:52.034+0100] {processor.py:175} INFO - Processing /home/momo/.local/lib/python3.8/site-packages/airflow/example_dags/example_nested_branch_dag.py took 0.168 seconds
[2022-12-23T02:07:37.237+0100] {processor.py:153} INFO - Started process (PID=6434) to work on /home/momo/.local/lib/python3.8/site-packages/airflow/example_dags/example_nested_branch_dag.py
[2022-12-23T02:07:37.241+0100] {processor.py:743} INFO - Processing file /home/momo/.local/lib/python3.8/site-packages/airflow/example_dags/example_nested_branch_dag.py for tasks to queue
[2022-12-23T02:07:37.243+0100] {logging_mixin.py:137} INFO - [2022-12-23T02:07:37.243+0100] {dagbag.py:538} INFO - Filling up the DagBag from /home/momo/.local/lib/python3.8/site-packages/airflow/example_dags/example_nested_branch_dag.py
[2022-12-23T02:07:37.295+0100] {processor.py:753} INFO - DAG(s) dict_keys(['example_nested_branch_dag']) retrieved from /home/momo/.local/lib/python3.8/site-packages/airflow/example_dags/example_nested_branch_dag.py
[2022-12-23T02:07:37.344+0100] {logging_mixin.py:137} INFO - [2022-12-23T02:07:37.343+0100] {dag.py:2676} INFO - Sync 1 DAGs
[2022-12-23T02:07:37.375+0100] {logging_mixin.py:137} INFO - [2022-12-23T02:07:37.374+0100] {dag.py:3423} INFO - Setting next_dagrun for example_nested_branch_dag to 2022-12-22T00:00:00+00:00, run_after=2022-12-23T00:00:00+00:00
[2022-12-23T02:07:37.407+0100] {processor.py:175} INFO - Processing /home/momo/.local/lib/python3.8/site-packages/airflow/example_dags/example_nested_branch_dag.py took 0.185 seconds
[2022-12-23T02:08:41.159+0100] {processor.py:153} INFO - Started process (PID=6489) to work on /home/momo/.local/lib/python3.8/site-packages/airflow/example_dags/example_nested_branch_dag.py
[2022-12-23T02:08:41.170+0100] {processor.py:743} INFO - Processing file /home/momo/.local/lib/python3.8/site-packages/airflow/example_dags/example_nested_branch_dag.py for tasks to queue
[2022-12-23T02:08:41.174+0100] {logging_mixin.py:137} INFO - [2022-12-23T02:08:41.173+0100] {dagbag.py:538} INFO - Filling up the DagBag from /home/momo/.local/lib/python3.8/site-packages/airflow/example_dags/example_nested_branch_dag.py
[2022-12-23T02:08:41.272+0100] {processor.py:753} INFO - DAG(s) dict_keys(['example_nested_branch_dag']) retrieved from /home/momo/.local/lib/python3.8/site-packages/airflow/example_dags/example_nested_branch_dag.py
[2022-12-23T02:08:41.311+0100] {logging_mixin.py:137} INFO - [2022-12-23T02:08:41.311+0100] {dag.py:2676} INFO - Sync 1 DAGs
[2022-12-23T02:08:41.345+0100] {logging_mixin.py:137} INFO - [2022-12-23T02:08:41.345+0100] {dag.py:3423} INFO - Setting next_dagrun for example_nested_branch_dag to 2022-12-22T00:00:00+00:00, run_after=2022-12-23T00:00:00+00:00
[2022-12-23T02:08:41.385+0100] {processor.py:175} INFO - Processing /home/momo/.local/lib/python3.8/site-packages/airflow/example_dags/example_nested_branch_dag.py took 0.242 seconds
[2022-12-23T02:09:40.063+0100] {processor.py:153} INFO - Started process (PID=6539) to work on /home/momo/.local/lib/python3.8/site-packages/airflow/example_dags/example_nested_branch_dag.py
[2022-12-23T02:09:40.068+0100] {processor.py:743} INFO - Processing file /home/momo/.local/lib/python3.8/site-packages/airflow/example_dags/example_nested_branch_dag.py for tasks to queue
[2022-12-23T02:09:40.069+0100] {logging_mixin.py:137} INFO - [2022-12-23T02:09:40.069+0100] {dagbag.py:538} INFO - Filling up the DagBag from /home/momo/.local/lib/python3.8/site-packages/airflow/example_dags/example_nested_branch_dag.py
[2022-12-23T02:09:40.180+0100] {processor.py:753} INFO - DAG(s) dict_keys(['example_nested_branch_dag']) retrieved from /home/momo/.local/lib/python3.8/site-packages/airflow/example_dags/example_nested_branch_dag.py
[2022-12-23T02:09:40.271+0100] {logging_mixin.py:137} INFO - [2022-12-23T02:09:40.270+0100] {dag.py:2676} INFO - Sync 1 DAGs
[2022-12-23T02:09:40.340+0100] {logging_mixin.py:137} INFO - [2022-12-23T02:09:40.340+0100] {dag.py:3423} INFO - Setting next_dagrun for example_nested_branch_dag to 2022-12-22T00:00:00+00:00, run_after=2022-12-23T00:00:00+00:00
[2022-12-23T02:09:40.425+0100] {processor.py:175} INFO - Processing /home/momo/.local/lib/python3.8/site-packages/airflow/example_dags/example_nested_branch_dag.py took 0.377 seconds
[2022-12-23T02:10:43.209+0100] {processor.py:153} INFO - Started process (PID=6599) to work on /home/momo/.local/lib/python3.8/site-packages/airflow/example_dags/example_nested_branch_dag.py
[2022-12-23T02:10:43.214+0100] {processor.py:743} INFO - Processing file /home/momo/.local/lib/python3.8/site-packages/airflow/example_dags/example_nested_branch_dag.py for tasks to queue
[2022-12-23T02:10:43.217+0100] {logging_mixin.py:137} INFO - [2022-12-23T02:10:43.217+0100] {dagbag.py:538} INFO - Filling up the DagBag from /home/momo/.local/lib/python3.8/site-packages/airflow/example_dags/example_nested_branch_dag.py
[2022-12-23T02:10:43.274+0100] {processor.py:753} INFO - DAG(s) dict_keys(['example_nested_branch_dag']) retrieved from /home/momo/.local/lib/python3.8/site-packages/airflow/example_dags/example_nested_branch_dag.py
[2022-12-23T02:10:43.308+0100] {logging_mixin.py:137} INFO - [2022-12-23T02:10:43.308+0100] {dag.py:2676} INFO - Sync 1 DAGs
[2022-12-23T02:10:43.339+0100] {logging_mixin.py:137} INFO - [2022-12-23T02:10:43.338+0100] {dag.py:3423} INFO - Setting next_dagrun for example_nested_branch_dag to 2022-12-22T00:00:00+00:00, run_after=2022-12-23T00:00:00+00:00
[2022-12-23T02:10:43.372+0100] {processor.py:175} INFO - Processing /home/momo/.local/lib/python3.8/site-packages/airflow/example_dags/example_nested_branch_dag.py took 0.177 seconds
[2022-12-23T02:11:46.373+0100] {processor.py:153} INFO - Started process (PID=6654) to work on /home/momo/.local/lib/python3.8/site-packages/airflow/example_dags/example_nested_branch_dag.py
[2022-12-23T02:11:46.377+0100] {processor.py:743} INFO - Processing file /home/momo/.local/lib/python3.8/site-packages/airflow/example_dags/example_nested_branch_dag.py for tasks to queue
[2022-12-23T02:11:46.379+0100] {logging_mixin.py:137} INFO - [2022-12-23T02:11:46.378+0100] {dagbag.py:538} INFO - Filling up the DagBag from /home/momo/.local/lib/python3.8/site-packages/airflow/example_dags/example_nested_branch_dag.py
[2022-12-23T02:11:46.423+0100] {processor.py:753} INFO - DAG(s) dict_keys(['example_nested_branch_dag']) retrieved from /home/momo/.local/lib/python3.8/site-packages/airflow/example_dags/example_nested_branch_dag.py
[2022-12-23T02:11:46.459+0100] {logging_mixin.py:137} INFO - [2022-12-23T02:11:46.458+0100] {dag.py:2676} INFO - Sync 1 DAGs
[2022-12-23T02:11:46.506+0100] {logging_mixin.py:137} INFO - [2022-12-23T02:11:46.506+0100] {dag.py:3423} INFO - Setting next_dagrun for example_nested_branch_dag to 2022-12-22T00:00:00+00:00, run_after=2022-12-23T00:00:00+00:00
[2022-12-23T02:11:46.543+0100] {processor.py:175} INFO - Processing /home/momo/.local/lib/python3.8/site-packages/airflow/example_dags/example_nested_branch_dag.py took 0.183 seconds
[2022-12-23T02:12:44.453+0100] {processor.py:153} INFO - Started process (PID=6703) to work on /home/momo/.local/lib/python3.8/site-packages/airflow/example_dags/example_nested_branch_dag.py
[2022-12-23T02:12:44.459+0100] {processor.py:743} INFO - Processing file /home/momo/.local/lib/python3.8/site-packages/airflow/example_dags/example_nested_branch_dag.py for tasks to queue
[2022-12-23T02:12:44.463+0100] {logging_mixin.py:137} INFO - [2022-12-23T02:12:44.462+0100] {dagbag.py:538} INFO - Filling up the DagBag from /home/momo/.local/lib/python3.8/site-packages/airflow/example_dags/example_nested_branch_dag.py
[2022-12-23T02:12:44.534+0100] {processor.py:753} INFO - DAG(s) dict_keys(['example_nested_branch_dag']) retrieved from /home/momo/.local/lib/python3.8/site-packages/airflow/example_dags/example_nested_branch_dag.py
[2022-12-23T02:12:44.569+0100] {logging_mixin.py:137} INFO - [2022-12-23T02:12:44.569+0100] {dag.py:2676} INFO - Sync 1 DAGs
[2022-12-23T02:12:44.598+0100] {logging_mixin.py:137} INFO - [2022-12-23T02:12:44.597+0100] {dag.py:3423} INFO - Setting next_dagrun for example_nested_branch_dag to 2022-12-22T00:00:00+00:00, run_after=2022-12-23T00:00:00+00:00
[2022-12-23T02:12:44.648+0100] {processor.py:175} INFO - Processing /home/momo/.local/lib/python3.8/site-packages/airflow/example_dags/example_nested_branch_dag.py took 0.210 seconds
[2022-12-23T02:13:46.435+0100] {processor.py:153} INFO - Started process (PID=6754) to work on /home/momo/.local/lib/python3.8/site-packages/airflow/example_dags/example_nested_branch_dag.py
[2022-12-23T02:13:46.438+0100] {processor.py:743} INFO - Processing file /home/momo/.local/lib/python3.8/site-packages/airflow/example_dags/example_nested_branch_dag.py for tasks to queue
[2022-12-23T02:13:46.441+0100] {logging_mixin.py:137} INFO - [2022-12-23T02:13:46.440+0100] {dagbag.py:538} INFO - Filling up the DagBag from /home/momo/.local/lib/python3.8/site-packages/airflow/example_dags/example_nested_branch_dag.py
[2022-12-23T02:13:46.493+0100] {processor.py:753} INFO - DAG(s) dict_keys(['example_nested_branch_dag']) retrieved from /home/momo/.local/lib/python3.8/site-packages/airflow/example_dags/example_nested_branch_dag.py
[2022-12-23T02:13:46.527+0100] {logging_mixin.py:137} INFO - [2022-12-23T02:13:46.527+0100] {dag.py:2676} INFO - Sync 1 DAGs
[2022-12-23T02:13:46.557+0100] {logging_mixin.py:137} INFO - [2022-12-23T02:13:46.557+0100] {dag.py:3423} INFO - Setting next_dagrun for example_nested_branch_dag to 2022-12-22T00:00:00+00:00, run_after=2022-12-23T00:00:00+00:00
[2022-12-23T02:13:46.607+0100] {processor.py:175} INFO - Processing /home/momo/.local/lib/python3.8/site-packages/airflow/example_dags/example_nested_branch_dag.py took 0.185 seconds
[2022-12-23T02:14:30.570+0100] {processor.py:153} INFO - Started process (PID=6789) to work on /home/momo/.local/lib/python3.8/site-packages/airflow/example_dags/example_nested_branch_dag.py
[2022-12-23T02:14:30.574+0100] {processor.py:743} INFO - Processing file /home/momo/.local/lib/python3.8/site-packages/airflow/example_dags/example_nested_branch_dag.py for tasks to queue
[2022-12-23T02:14:30.575+0100] {logging_mixin.py:137} INFO - [2022-12-23T02:14:30.575+0100] {dagbag.py:538} INFO - Filling up the DagBag from /home/momo/.local/lib/python3.8/site-packages/airflow/example_dags/example_nested_branch_dag.py
[2022-12-23T02:14:30.632+0100] {processor.py:753} INFO - DAG(s) dict_keys(['example_nested_branch_dag']) retrieved from /home/momo/.local/lib/python3.8/site-packages/airflow/example_dags/example_nested_branch_dag.py
[2022-12-23T02:14:30.682+0100] {logging_mixin.py:137} INFO - [2022-12-23T02:14:30.682+0100] {dag.py:2676} INFO - Sync 1 DAGs
[2022-12-23T02:14:30.724+0100] {logging_mixin.py:137} INFO - [2022-12-23T02:14:30.724+0100] {dag.py:3423} INFO - Setting next_dagrun for example_nested_branch_dag to 2022-12-22T00:00:00+00:00, run_after=2022-12-23T00:00:00+00:00
[2022-12-23T02:14:30.769+0100] {processor.py:175} INFO - Processing /home/momo/.local/lib/python3.8/site-packages/airflow/example_dags/example_nested_branch_dag.py took 0.209 seconds
[2022-12-23T02:15:15.659+0100] {processor.py:153} INFO - Started process (PID=6829) to work on /home/momo/.local/lib/python3.8/site-packages/airflow/example_dags/example_nested_branch_dag.py
[2022-12-23T02:15:15.662+0100] {processor.py:743} INFO - Processing file /home/momo/.local/lib/python3.8/site-packages/airflow/example_dags/example_nested_branch_dag.py for tasks to queue
[2022-12-23T02:15:15.663+0100] {logging_mixin.py:137} INFO - [2022-12-23T02:15:15.663+0100] {dagbag.py:538} INFO - Filling up the DagBag from /home/momo/.local/lib/python3.8/site-packages/airflow/example_dags/example_nested_branch_dag.py
[2022-12-23T02:15:15.704+0100] {processor.py:753} INFO - DAG(s) dict_keys(['example_nested_branch_dag']) retrieved from /home/momo/.local/lib/python3.8/site-packages/airflow/example_dags/example_nested_branch_dag.py
[2022-12-23T02:15:15.777+0100] {logging_mixin.py:137} INFO - [2022-12-23T02:15:15.777+0100] {dag.py:2676} INFO - Sync 1 DAGs
[2022-12-23T02:15:15.842+0100] {logging_mixin.py:137} INFO - [2022-12-23T02:15:15.841+0100] {dag.py:3423} INFO - Setting next_dagrun for example_nested_branch_dag to 2022-12-22T00:00:00+00:00, run_after=2022-12-23T00:00:00+00:00
[2022-12-23T02:15:15.888+0100] {processor.py:175} INFO - Processing /home/momo/.local/lib/python3.8/site-packages/airflow/example_dags/example_nested_branch_dag.py took 0.251 seconds
[2022-12-23T02:16:09.623+0100] {processor.py:153} INFO - Started process (PID=6875) to work on /home/momo/.local/lib/python3.8/site-packages/airflow/example_dags/example_nested_branch_dag.py
[2022-12-23T02:16:09.625+0100] {processor.py:743} INFO - Processing file /home/momo/.local/lib/python3.8/site-packages/airflow/example_dags/example_nested_branch_dag.py for tasks to queue
[2022-12-23T02:16:09.627+0100] {logging_mixin.py:137} INFO - [2022-12-23T02:16:09.626+0100] {dagbag.py:538} INFO - Filling up the DagBag from /home/momo/.local/lib/python3.8/site-packages/airflow/example_dags/example_nested_branch_dag.py
[2022-12-23T02:16:09.681+0100] {processor.py:753} INFO - DAG(s) dict_keys(['example_nested_branch_dag']) retrieved from /home/momo/.local/lib/python3.8/site-packages/airflow/example_dags/example_nested_branch_dag.py
[2022-12-23T02:16:09.715+0100] {logging_mixin.py:137} INFO - [2022-12-23T02:16:09.715+0100] {dag.py:2676} INFO - Sync 1 DAGs
[2022-12-23T02:16:09.746+0100] {logging_mixin.py:137} INFO - [2022-12-23T02:16:09.746+0100] {dag.py:3423} INFO - Setting next_dagrun for example_nested_branch_dag to 2022-12-22T00:00:00+00:00, run_after=2022-12-23T00:00:00+00:00
[2022-12-23T02:16:09.776+0100] {processor.py:175} INFO - Processing /home/momo/.local/lib/python3.8/site-packages/airflow/example_dags/example_nested_branch_dag.py took 0.161 seconds
[2022-12-23T02:17:07.463+0100] {processor.py:153} INFO - Started process (PID=6930) to work on /home/momo/.local/lib/python3.8/site-packages/airflow/example_dags/example_nested_branch_dag.py
[2022-12-23T02:17:07.467+0100] {processor.py:743} INFO - Processing file /home/momo/.local/lib/python3.8/site-packages/airflow/example_dags/example_nested_branch_dag.py for tasks to queue
[2022-12-23T02:17:07.470+0100] {logging_mixin.py:137} INFO - [2022-12-23T02:17:07.469+0100] {dagbag.py:538} INFO - Filling up the DagBag from /home/momo/.local/lib/python3.8/site-packages/airflow/example_dags/example_nested_branch_dag.py
[2022-12-23T02:17:07.574+0100] {processor.py:753} INFO - DAG(s) dict_keys(['example_nested_branch_dag']) retrieved from /home/momo/.local/lib/python3.8/site-packages/airflow/example_dags/example_nested_branch_dag.py
[2022-12-23T02:17:07.613+0100] {logging_mixin.py:137} INFO - [2022-12-23T02:17:07.613+0100] {dag.py:2676} INFO - Sync 1 DAGs
[2022-12-23T02:17:07.643+0100] {logging_mixin.py:137} INFO - [2022-12-23T02:17:07.643+0100] {dag.py:3423} INFO - Setting next_dagrun for example_nested_branch_dag to 2022-12-22T00:00:00+00:00, run_after=2022-12-23T00:00:00+00:00
[2022-12-23T02:17:07.677+0100] {processor.py:175} INFO - Processing /home/momo/.local/lib/python3.8/site-packages/airflow/example_dags/example_nested_branch_dag.py took 0.228 seconds
[2022-12-23T02:17:53.632+0100] {processor.py:153} INFO - Started process (PID=6972) to work on /home/momo/.local/lib/python3.8/site-packages/airflow/example_dags/example_nested_branch_dag.py
[2022-12-23T02:17:53.635+0100] {processor.py:743} INFO - Processing file /home/momo/.local/lib/python3.8/site-packages/airflow/example_dags/example_nested_branch_dag.py for tasks to queue
[2022-12-23T02:17:53.638+0100] {logging_mixin.py:137} INFO - [2022-12-23T02:17:53.637+0100] {dagbag.py:538} INFO - Filling up the DagBag from /home/momo/.local/lib/python3.8/site-packages/airflow/example_dags/example_nested_branch_dag.py
[2022-12-23T02:17:53.681+0100] {processor.py:753} INFO - DAG(s) dict_keys(['example_nested_branch_dag']) retrieved from /home/momo/.local/lib/python3.8/site-packages/airflow/example_dags/example_nested_branch_dag.py
[2022-12-23T02:17:53.719+0100] {logging_mixin.py:137} INFO - [2022-12-23T02:17:53.718+0100] {dag.py:2676} INFO - Sync 1 DAGs
[2022-12-23T02:17:53.750+0100] {logging_mixin.py:137} INFO - [2022-12-23T02:17:53.750+0100] {dag.py:3423} INFO - Setting next_dagrun for example_nested_branch_dag to 2022-12-22T00:00:00+00:00, run_after=2022-12-23T00:00:00+00:00
[2022-12-23T02:17:53.787+0100] {processor.py:175} INFO - Processing /home/momo/.local/lib/python3.8/site-packages/airflow/example_dags/example_nested_branch_dag.py took 0.169 seconds
[2022-12-23T02:18:39.461+0100] {processor.py:153} INFO - Started process (PID=7008) to work on /home/momo/.local/lib/python3.8/site-packages/airflow/example_dags/example_nested_branch_dag.py
[2022-12-23T02:18:39.465+0100] {processor.py:743} INFO - Processing file /home/momo/.local/lib/python3.8/site-packages/airflow/example_dags/example_nested_branch_dag.py for tasks to queue
[2022-12-23T02:18:39.468+0100] {logging_mixin.py:137} INFO - [2022-12-23T02:18:39.468+0100] {dagbag.py:538} INFO - Filling up the DagBag from /home/momo/.local/lib/python3.8/site-packages/airflow/example_dags/example_nested_branch_dag.py
[2022-12-23T02:18:39.569+0100] {processor.py:753} INFO - DAG(s) dict_keys(['example_nested_branch_dag']) retrieved from /home/momo/.local/lib/python3.8/site-packages/airflow/example_dags/example_nested_branch_dag.py
[2022-12-23T02:18:39.606+0100] {logging_mixin.py:137} INFO - [2022-12-23T02:18:39.605+0100] {dag.py:2676} INFO - Sync 1 DAGs
[2022-12-23T02:18:39.635+0100] {logging_mixin.py:137} INFO - [2022-12-23T02:18:39.634+0100] {dag.py:3423} INFO - Setting next_dagrun for example_nested_branch_dag to 2022-12-22T00:00:00+00:00, run_after=2022-12-23T00:00:00+00:00
[2022-12-23T02:18:39.663+0100] {processor.py:175} INFO - Processing /home/momo/.local/lib/python3.8/site-packages/airflow/example_dags/example_nested_branch_dag.py took 0.219 seconds
[2022-12-23T02:19:35.152+0100] {processor.py:153} INFO - Started process (PID=7106) to work on /home/momo/.local/lib/python3.8/site-packages/airflow/example_dags/example_nested_branch_dag.py
[2022-12-23T02:19:35.158+0100] {processor.py:743} INFO - Processing file /home/momo/.local/lib/python3.8/site-packages/airflow/example_dags/example_nested_branch_dag.py for tasks to queue
[2022-12-23T02:19:35.159+0100] {logging_mixin.py:137} INFO - [2022-12-23T02:19:35.159+0100] {dagbag.py:538} INFO - Filling up the DagBag from /home/momo/.local/lib/python3.8/site-packages/airflow/example_dags/example_nested_branch_dag.py
[2022-12-23T02:19:35.239+0100] {processor.py:753} INFO - DAG(s) dict_keys(['example_nested_branch_dag']) retrieved from /home/momo/.local/lib/python3.8/site-packages/airflow/example_dags/example_nested_branch_dag.py
[2022-12-23T02:19:35.275+0100] {logging_mixin.py:137} INFO - [2022-12-23T02:19:35.275+0100] {dag.py:2676} INFO - Sync 1 DAGs
[2022-12-23T02:19:35.306+0100] {logging_mixin.py:137} INFO - [2022-12-23T02:19:35.306+0100] {dag.py:3423} INFO - Setting next_dagrun for example_nested_branch_dag to 2022-12-22T00:00:00+00:00, run_after=2022-12-23T00:00:00+00:00
[2022-12-23T02:19:35.348+0100] {processor.py:175} INFO - Processing /home/momo/.local/lib/python3.8/site-packages/airflow/example_dags/example_nested_branch_dag.py took 0.202 seconds
[2022-12-23T02:20:41.492+0100] {processor.py:153} INFO - Started process (PID=7160) to work on /home/momo/.local/lib/python3.8/site-packages/airflow/example_dags/example_nested_branch_dag.py
[2022-12-23T02:20:41.494+0100] {processor.py:743} INFO - Processing file /home/momo/.local/lib/python3.8/site-packages/airflow/example_dags/example_nested_branch_dag.py for tasks to queue
[2022-12-23T02:20:41.496+0100] {logging_mixin.py:137} INFO - [2022-12-23T02:20:41.496+0100] {dagbag.py:538} INFO - Filling up the DagBag from /home/momo/.local/lib/python3.8/site-packages/airflow/example_dags/example_nested_branch_dag.py
[2022-12-23T02:20:41.574+0100] {processor.py:753} INFO - DAG(s) dict_keys(['example_nested_branch_dag']) retrieved from /home/momo/.local/lib/python3.8/site-packages/airflow/example_dags/example_nested_branch_dag.py
[2022-12-23T02:20:41.658+0100] {logging_mixin.py:137} INFO - [2022-12-23T02:20:41.654+0100] {dag.py:2676} INFO - Sync 1 DAGs
[2022-12-23T02:20:41.729+0100] {logging_mixin.py:137} INFO - [2022-12-23T02:20:41.729+0100] {dag.py:3423} INFO - Setting next_dagrun for example_nested_branch_dag to 2022-12-22T00:00:00+00:00, run_after=2022-12-23T00:00:00+00:00
[2022-12-23T02:20:41.798+0100] {processor.py:175} INFO - Processing /home/momo/.local/lib/python3.8/site-packages/airflow/example_dags/example_nested_branch_dag.py took 0.319 seconds
[2022-12-23T02:21:41.322+0100] {processor.py:153} INFO - Started process (PID=7215) to work on /home/momo/.local/lib/python3.8/site-packages/airflow/example_dags/example_nested_branch_dag.py
[2022-12-23T02:21:41.324+0100] {processor.py:743} INFO - Processing file /home/momo/.local/lib/python3.8/site-packages/airflow/example_dags/example_nested_branch_dag.py for tasks to queue
[2022-12-23T02:21:41.326+0100] {logging_mixin.py:137} INFO - [2022-12-23T02:21:41.325+0100] {dagbag.py:538} INFO - Filling up the DagBag from /home/momo/.local/lib/python3.8/site-packages/airflow/example_dags/example_nested_branch_dag.py
[2022-12-23T02:21:41.368+0100] {processor.py:753} INFO - DAG(s) dict_keys(['example_nested_branch_dag']) retrieved from /home/momo/.local/lib/python3.8/site-packages/airflow/example_dags/example_nested_branch_dag.py
[2022-12-23T02:21:41.404+0100] {logging_mixin.py:137} INFO - [2022-12-23T02:21:41.404+0100] {dag.py:2676} INFO - Sync 1 DAGs
[2022-12-23T02:21:41.435+0100] {logging_mixin.py:137} INFO - [2022-12-23T02:21:41.434+0100] {dag.py:3423} INFO - Setting next_dagrun for example_nested_branch_dag to 2022-12-22T00:00:00+00:00, run_after=2022-12-23T00:00:00+00:00
[2022-12-23T02:21:41.470+0100] {processor.py:175} INFO - Processing /home/momo/.local/lib/python3.8/site-packages/airflow/example_dags/example_nested_branch_dag.py took 0.161 seconds
