[2022-12-23T01:00:16.705+0100] {processor.py:153} INFO - Started process (PID=27024) to work on /home/momo/.local/lib/python3.8/site-packages/airflow/example_dags/example_external_task_marker_dag.py
[2022-12-23T01:00:16.710+0100] {processor.py:743} INFO - Processing file /home/momo/.local/lib/python3.8/site-packages/airflow/example_dags/example_external_task_marker_dag.py for tasks to queue
[2022-12-23T01:00:16.717+0100] {logging_mixin.py:137} INFO - [2022-12-23T01:00:16.717+0100] {dagbag.py:538} INFO - Filling up the DagBag from /home/momo/.local/lib/python3.8/site-packages/airflow/example_dags/example_external_task_marker_dag.py
[2022-12-23T01:00:16.791+0100] {processor.py:753} INFO - DAG(s) dict_keys(['example_external_task_marker_parent', 'example_external_task_marker_child']) retrieved from /home/momo/.local/lib/python3.8/site-packages/airflow/example_dags/example_external_task_marker_dag.py
[2022-12-23T01:00:16.868+0100] {logging_mixin.py:137} INFO - [2022-12-23T01:00:16.864+0100] {dag.py:2676} INFO - Sync 2 DAGs
[2022-12-23T01:00:16.955+0100] {logging_mixin.py:137} INFO - [2022-12-23T01:00:16.955+0100] {dag.py:3423} INFO - Setting next_dagrun for example_external_task_marker_child to None, run_after=None
[2022-12-23T01:00:16.962+0100] {logging_mixin.py:137} INFO - [2022-12-23T01:00:16.962+0100] {dag.py:3423} INFO - Setting next_dagrun for example_external_task_marker_parent to None, run_after=None
[2022-12-23T01:00:17.011+0100] {processor.py:175} INFO - Processing /home/momo/.local/lib/python3.8/site-packages/airflow/example_dags/example_external_task_marker_dag.py took 0.322 seconds
[2022-12-23T01:01:27.589+0100] {processor.py:153} INFO - Started process (PID=27075) to work on /home/momo/.local/lib/python3.8/site-packages/airflow/example_dags/example_external_task_marker_dag.py
[2022-12-23T01:01:27.594+0100] {processor.py:743} INFO - Processing file /home/momo/.local/lib/python3.8/site-packages/airflow/example_dags/example_external_task_marker_dag.py for tasks to queue
[2022-12-23T01:01:27.598+0100] {logging_mixin.py:137} INFO - [2022-12-23T01:01:27.597+0100] {dagbag.py:538} INFO - Filling up the DagBag from /home/momo/.local/lib/python3.8/site-packages/airflow/example_dags/example_external_task_marker_dag.py
[2022-12-23T01:01:27.683+0100] {processor.py:753} INFO - DAG(s) dict_keys(['example_external_task_marker_parent', 'example_external_task_marker_child']) retrieved from /home/momo/.local/lib/python3.8/site-packages/airflow/example_dags/example_external_task_marker_dag.py
[2022-12-23T01:01:27.844+0100] {logging_mixin.py:137} INFO - [2022-12-23T01:01:27.844+0100] {dag.py:2676} INFO - Sync 2 DAGs
[2022-12-23T01:01:27.894+0100] {logging_mixin.py:137} INFO - [2022-12-23T01:01:27.894+0100] {dag.py:3423} INFO - Setting next_dagrun for example_external_task_marker_child to None, run_after=None
[2022-12-23T01:01:27.901+0100] {logging_mixin.py:137} INFO - [2022-12-23T01:01:27.901+0100] {dag.py:3423} INFO - Setting next_dagrun for example_external_task_marker_parent to None, run_after=None
[2022-12-23T01:01:27.949+0100] {processor.py:175} INFO - Processing /home/momo/.local/lib/python3.8/site-packages/airflow/example_dags/example_external_task_marker_dag.py took 0.376 seconds
[2022-12-23T01:02:39.173+0100] {processor.py:153} INFO - Started process (PID=27127) to work on /home/momo/.local/lib/python3.8/site-packages/airflow/example_dags/example_external_task_marker_dag.py
[2022-12-23T01:02:39.177+0100] {processor.py:743} INFO - Processing file /home/momo/.local/lib/python3.8/site-packages/airflow/example_dags/example_external_task_marker_dag.py for tasks to queue
[2022-12-23T01:02:39.179+0100] {logging_mixin.py:137} INFO - [2022-12-23T01:02:39.178+0100] {dagbag.py:538} INFO - Filling up the DagBag from /home/momo/.local/lib/python3.8/site-packages/airflow/example_dags/example_external_task_marker_dag.py
[2022-12-23T01:02:39.232+0100] {processor.py:753} INFO - DAG(s) dict_keys(['example_external_task_marker_parent', 'example_external_task_marker_child']) retrieved from /home/momo/.local/lib/python3.8/site-packages/airflow/example_dags/example_external_task_marker_dag.py
[2022-12-23T01:02:39.359+0100] {logging_mixin.py:137} INFO - [2022-12-23T01:02:39.358+0100] {dag.py:2676} INFO - Sync 2 DAGs
[2022-12-23T01:02:39.467+0100] {logging_mixin.py:137} INFO - [2022-12-23T01:02:39.466+0100] {dag.py:3423} INFO - Setting next_dagrun for example_external_task_marker_child to None, run_after=None
[2022-12-23T01:02:39.475+0100] {logging_mixin.py:137} INFO - [2022-12-23T01:02:39.474+0100] {dag.py:3423} INFO - Setting next_dagrun for example_external_task_marker_parent to None, run_after=None
[2022-12-23T01:02:39.523+0100] {processor.py:175} INFO - Processing /home/momo/.local/lib/python3.8/site-packages/airflow/example_dags/example_external_task_marker_dag.py took 0.359 seconds
[2022-12-23T01:03:49.019+0100] {processor.py:153} INFO - Started process (PID=27180) to work on /home/momo/.local/lib/python3.8/site-packages/airflow/example_dags/example_external_task_marker_dag.py
[2022-12-23T01:03:49.022+0100] {processor.py:743} INFO - Processing file /home/momo/.local/lib/python3.8/site-packages/airflow/example_dags/example_external_task_marker_dag.py for tasks to queue
[2022-12-23T01:03:49.024+0100] {logging_mixin.py:137} INFO - [2022-12-23T01:03:49.024+0100] {dagbag.py:538} INFO - Filling up the DagBag from /home/momo/.local/lib/python3.8/site-packages/airflow/example_dags/example_external_task_marker_dag.py
[2022-12-23T01:03:49.065+0100] {processor.py:753} INFO - DAG(s) dict_keys(['example_external_task_marker_child', 'example_external_task_marker_parent']) retrieved from /home/momo/.local/lib/python3.8/site-packages/airflow/example_dags/example_external_task_marker_dag.py
[2022-12-23T01:03:49.134+0100] {logging_mixin.py:137} INFO - [2022-12-23T01:03:49.134+0100] {dag.py:2676} INFO - Sync 2 DAGs
[2022-12-23T01:03:49.203+0100] {logging_mixin.py:137} INFO - [2022-12-23T01:03:49.202+0100] {dag.py:3423} INFO - Setting next_dagrun for example_external_task_marker_child to None, run_after=None
[2022-12-23T01:03:49.209+0100] {logging_mixin.py:137} INFO - [2022-12-23T01:03:49.209+0100] {dag.py:3423} INFO - Setting next_dagrun for example_external_task_marker_parent to None, run_after=None
[2022-12-23T01:03:49.261+0100] {processor.py:175} INFO - Processing /home/momo/.local/lib/python3.8/site-packages/airflow/example_dags/example_external_task_marker_dag.py took 0.257 seconds
[2022-12-23T01:05:06.366+0100] {processor.py:153} INFO - Started process (PID=27231) to work on /home/momo/.local/lib/python3.8/site-packages/airflow/example_dags/example_external_task_marker_dag.py
[2022-12-23T01:05:06.369+0100] {processor.py:743} INFO - Processing file /home/momo/.local/lib/python3.8/site-packages/airflow/example_dags/example_external_task_marker_dag.py for tasks to queue
[2022-12-23T01:05:06.370+0100] {logging_mixin.py:137} INFO - [2022-12-23T01:05:06.370+0100] {dagbag.py:538} INFO - Filling up the DagBag from /home/momo/.local/lib/python3.8/site-packages/airflow/example_dags/example_external_task_marker_dag.py
[2022-12-23T01:05:06.407+0100] {processor.py:753} INFO - DAG(s) dict_keys(['example_external_task_marker_parent', 'example_external_task_marker_child']) retrieved from /home/momo/.local/lib/python3.8/site-packages/airflow/example_dags/example_external_task_marker_dag.py
[2022-12-23T01:05:06.469+0100] {logging_mixin.py:137} INFO - [2022-12-23T01:05:06.469+0100] {dag.py:2676} INFO - Sync 2 DAGs
[2022-12-23T01:05:06.519+0100] {logging_mixin.py:137} INFO - [2022-12-23T01:05:06.518+0100] {dag.py:3423} INFO - Setting next_dagrun for example_external_task_marker_child to None, run_after=None
[2022-12-23T01:05:06.528+0100] {logging_mixin.py:137} INFO - [2022-12-23T01:05:06.528+0100] {dag.py:3423} INFO - Setting next_dagrun for example_external_task_marker_parent to None, run_after=None
[2022-12-23T01:05:06.845+0100] {processor.py:175} INFO - Processing /home/momo/.local/lib/python3.8/site-packages/airflow/example_dags/example_external_task_marker_dag.py took 0.486 seconds
[2022-12-23T01:06:00.927+0100] {processor.py:153} INFO - Started process (PID=27269) to work on /home/momo/.local/lib/python3.8/site-packages/airflow/example_dags/example_external_task_marker_dag.py
[2022-12-23T01:06:00.930+0100] {processor.py:743} INFO - Processing file /home/momo/.local/lib/python3.8/site-packages/airflow/example_dags/example_external_task_marker_dag.py for tasks to queue
[2022-12-23T01:06:00.931+0100] {logging_mixin.py:137} INFO - [2022-12-23T01:06:00.931+0100] {dagbag.py:538} INFO - Filling up the DagBag from /home/momo/.local/lib/python3.8/site-packages/airflow/example_dags/example_external_task_marker_dag.py
[2022-12-23T01:06:00.968+0100] {processor.py:753} INFO - DAG(s) dict_keys(['example_external_task_marker_parent', 'example_external_task_marker_child']) retrieved from /home/momo/.local/lib/python3.8/site-packages/airflow/example_dags/example_external_task_marker_dag.py
[2022-12-23T01:06:01.074+0100] {logging_mixin.py:137} INFO - [2022-12-23T01:06:01.074+0100] {dag.py:2676} INFO - Sync 2 DAGs
[2022-12-23T01:06:01.125+0100] {logging_mixin.py:137} INFO - [2022-12-23T01:06:01.125+0100] {dag.py:3423} INFO - Setting next_dagrun for example_external_task_marker_child to None, run_after=None
[2022-12-23T01:06:01.132+0100] {logging_mixin.py:137} INFO - [2022-12-23T01:06:01.131+0100] {dag.py:3423} INFO - Setting next_dagrun for example_external_task_marker_parent to None, run_after=None
[2022-12-23T01:06:01.221+0100] {processor.py:175} INFO - Processing /home/momo/.local/lib/python3.8/site-packages/airflow/example_dags/example_external_task_marker_dag.py took 0.302 seconds
[2022-12-23T01:07:13.019+0100] {processor.py:153} INFO - Started process (PID=27320) to work on /home/momo/.local/lib/python3.8/site-packages/airflow/example_dags/example_external_task_marker_dag.py
[2022-12-23T01:07:13.023+0100] {processor.py:743} INFO - Processing file /home/momo/.local/lib/python3.8/site-packages/airflow/example_dags/example_external_task_marker_dag.py for tasks to queue
[2022-12-23T01:07:13.025+0100] {logging_mixin.py:137} INFO - [2022-12-23T01:07:13.025+0100] {dagbag.py:538} INFO - Filling up the DagBag from /home/momo/.local/lib/python3.8/site-packages/airflow/example_dags/example_external_task_marker_dag.py
[2022-12-23T01:07:13.078+0100] {processor.py:753} INFO - DAG(s) dict_keys(['example_external_task_marker_child', 'example_external_task_marker_parent']) retrieved from /home/momo/.local/lib/python3.8/site-packages/airflow/example_dags/example_external_task_marker_dag.py
[2022-12-23T01:07:13.145+0100] {logging_mixin.py:137} INFO - [2022-12-23T01:07:13.145+0100] {dag.py:2676} INFO - Sync 2 DAGs
[2022-12-23T01:07:13.193+0100] {logging_mixin.py:137} INFO - [2022-12-23T01:07:13.192+0100] {dag.py:3423} INFO - Setting next_dagrun for example_external_task_marker_child to None, run_after=None
[2022-12-23T01:07:13.199+0100] {logging_mixin.py:137} INFO - [2022-12-23T01:07:13.199+0100] {dag.py:3423} INFO - Setting next_dagrun for example_external_task_marker_parent to None, run_after=None
[2022-12-23T01:07:13.251+0100] {processor.py:175} INFO - Processing /home/momo/.local/lib/python3.8/site-packages/airflow/example_dags/example_external_task_marker_dag.py took 0.245 seconds
[2022-12-23T01:08:18.432+0100] {processor.py:153} INFO - Started process (PID=27375) to work on /home/momo/.local/lib/python3.8/site-packages/airflow/example_dags/example_external_task_marker_dag.py
[2022-12-23T01:08:18.437+0100] {processor.py:743} INFO - Processing file /home/momo/.local/lib/python3.8/site-packages/airflow/example_dags/example_external_task_marker_dag.py for tasks to queue
[2022-12-23T01:08:18.440+0100] {logging_mixin.py:137} INFO - [2022-12-23T01:08:18.439+0100] {dagbag.py:538} INFO - Filling up the DagBag from /home/momo/.local/lib/python3.8/site-packages/airflow/example_dags/example_external_task_marker_dag.py
[2022-12-23T01:08:18.489+0100] {processor.py:753} INFO - DAG(s) dict_keys(['example_external_task_marker_child', 'example_external_task_marker_parent']) retrieved from /home/momo/.local/lib/python3.8/site-packages/airflow/example_dags/example_external_task_marker_dag.py
[2022-12-23T01:08:18.552+0100] {logging_mixin.py:137} INFO - [2022-12-23T01:08:18.552+0100] {dag.py:2676} INFO - Sync 2 DAGs
[2022-12-23T01:08:18.601+0100] {logging_mixin.py:137} INFO - [2022-12-23T01:08:18.601+0100] {dag.py:3423} INFO - Setting next_dagrun for example_external_task_marker_child to None, run_after=None
[2022-12-23T01:08:18.607+0100] {logging_mixin.py:137} INFO - [2022-12-23T01:08:18.607+0100] {dag.py:3423} INFO - Setting next_dagrun for example_external_task_marker_parent to None, run_after=None
[2022-12-23T01:08:18.661+0100] {processor.py:175} INFO - Processing /home/momo/.local/lib/python3.8/site-packages/airflow/example_dags/example_external_task_marker_dag.py took 0.244 seconds
[2022-12-23T01:09:37.856+0100] {processor.py:153} INFO - Started process (PID=27428) to work on /home/momo/.local/lib/python3.8/site-packages/airflow/example_dags/example_external_task_marker_dag.py
[2022-12-23T01:09:37.862+0100] {processor.py:743} INFO - Processing file /home/momo/.local/lib/python3.8/site-packages/airflow/example_dags/example_external_task_marker_dag.py for tasks to queue
[2022-12-23T01:09:37.866+0100] {logging_mixin.py:137} INFO - [2022-12-23T01:09:37.865+0100] {dagbag.py:538} INFO - Filling up the DagBag from /home/momo/.local/lib/python3.8/site-packages/airflow/example_dags/example_external_task_marker_dag.py
[2022-12-23T01:09:37.944+0100] {processor.py:753} INFO - DAG(s) dict_keys(['example_external_task_marker_child', 'example_external_task_marker_parent']) retrieved from /home/momo/.local/lib/python3.8/site-packages/airflow/example_dags/example_external_task_marker_dag.py
[2022-12-23T01:09:38.045+0100] {logging_mixin.py:137} INFO - [2022-12-23T01:09:38.045+0100] {dag.py:2676} INFO - Sync 2 DAGs
[2022-12-23T01:09:38.081+0100] {logging_mixin.py:137} INFO - [2022-12-23T01:09:38.081+0100] {dag.py:3423} INFO - Setting next_dagrun for example_external_task_marker_child to None, run_after=None
[2022-12-23T01:09:38.088+0100] {logging_mixin.py:137} INFO - [2022-12-23T01:09:38.087+0100] {dag.py:3423} INFO - Setting next_dagrun for example_external_task_marker_parent to None, run_after=None
[2022-12-23T01:09:38.134+0100] {processor.py:175} INFO - Processing /home/momo/.local/lib/python3.8/site-packages/airflow/example_dags/example_external_task_marker_dag.py took 0.296 seconds
[2022-12-23T01:10:41.463+0100] {processor.py:153} INFO - Started process (PID=27468) to work on /home/momo/.local/lib/python3.8/site-packages/airflow/example_dags/example_external_task_marker_dag.py
[2022-12-23T01:10:41.465+0100] {processor.py:743} INFO - Processing file /home/momo/.local/lib/python3.8/site-packages/airflow/example_dags/example_external_task_marker_dag.py for tasks to queue
[2022-12-23T01:10:41.467+0100] {logging_mixin.py:137} INFO - [2022-12-23T01:10:41.466+0100] {dagbag.py:538} INFO - Filling up the DagBag from /home/momo/.local/lib/python3.8/site-packages/airflow/example_dags/example_external_task_marker_dag.py
[2022-12-23T01:10:41.503+0100] {processor.py:753} INFO - DAG(s) dict_keys(['example_external_task_marker_parent', 'example_external_task_marker_child']) retrieved from /home/momo/.local/lib/python3.8/site-packages/airflow/example_dags/example_external_task_marker_dag.py
[2022-12-23T01:10:41.597+0100] {logging_mixin.py:137} INFO - [2022-12-23T01:10:41.596+0100] {dag.py:2676} INFO - Sync 2 DAGs
[2022-12-23T01:10:41.669+0100] {logging_mixin.py:137} INFO - [2022-12-23T01:10:41.669+0100] {dag.py:3423} INFO - Setting next_dagrun for example_external_task_marker_child to None, run_after=None
[2022-12-23T01:10:41.677+0100] {logging_mixin.py:137} INFO - [2022-12-23T01:10:41.676+0100] {dag.py:3423} INFO - Setting next_dagrun for example_external_task_marker_parent to None, run_after=None
[2022-12-23T01:10:41.963+0100] {processor.py:175} INFO - Processing /home/momo/.local/lib/python3.8/site-packages/airflow/example_dags/example_external_task_marker_dag.py took 0.508 seconds
[2022-12-23T01:11:55.025+0100] {processor.py:153} INFO - Started process (PID=27521) to work on /home/momo/.local/lib/python3.8/site-packages/airflow/example_dags/example_external_task_marker_dag.py
[2022-12-23T01:11:55.030+0100] {processor.py:743} INFO - Processing file /home/momo/.local/lib/python3.8/site-packages/airflow/example_dags/example_external_task_marker_dag.py for tasks to queue
[2022-12-23T01:11:55.033+0100] {logging_mixin.py:137} INFO - [2022-12-23T01:11:55.033+0100] {dagbag.py:538} INFO - Filling up the DagBag from /home/momo/.local/lib/python3.8/site-packages/airflow/example_dags/example_external_task_marker_dag.py
[2022-12-23T01:11:55.080+0100] {processor.py:753} INFO - DAG(s) dict_keys(['example_external_task_marker_parent', 'example_external_task_marker_child']) retrieved from /home/momo/.local/lib/python3.8/site-packages/airflow/example_dags/example_external_task_marker_dag.py
[2022-12-23T01:11:55.146+0100] {logging_mixin.py:137} INFO - [2022-12-23T01:11:55.145+0100] {dag.py:2676} INFO - Sync 2 DAGs
[2022-12-23T01:11:55.196+0100] {logging_mixin.py:137} INFO - [2022-12-23T01:11:55.196+0100] {dag.py:3423} INFO - Setting next_dagrun for example_external_task_marker_child to None, run_after=None
[2022-12-23T01:11:55.203+0100] {logging_mixin.py:137} INFO - [2022-12-23T01:11:55.203+0100] {dag.py:3423} INFO - Setting next_dagrun for example_external_task_marker_parent to None, run_after=None
[2022-12-23T01:11:55.249+0100] {processor.py:175} INFO - Processing /home/momo/.local/lib/python3.8/site-packages/airflow/example_dags/example_external_task_marker_dag.py took 0.241 seconds
[2022-12-23T01:13:04.174+0100] {processor.py:153} INFO - Started process (PID=27575) to work on /home/momo/.local/lib/python3.8/site-packages/airflow/example_dags/example_external_task_marker_dag.py
[2022-12-23T01:13:04.177+0100] {processor.py:743} INFO - Processing file /home/momo/.local/lib/python3.8/site-packages/airflow/example_dags/example_external_task_marker_dag.py for tasks to queue
[2022-12-23T01:13:04.179+0100] {logging_mixin.py:137} INFO - [2022-12-23T01:13:04.178+0100] {dagbag.py:538} INFO - Filling up the DagBag from /home/momo/.local/lib/python3.8/site-packages/airflow/example_dags/example_external_task_marker_dag.py
[2022-12-23T01:13:04.218+0100] {processor.py:753} INFO - DAG(s) dict_keys(['example_external_task_marker_child', 'example_external_task_marker_parent']) retrieved from /home/momo/.local/lib/python3.8/site-packages/airflow/example_dags/example_external_task_marker_dag.py
[2022-12-23T01:13:04.281+0100] {logging_mixin.py:137} INFO - [2022-12-23T01:13:04.281+0100] {dag.py:2676} INFO - Sync 2 DAGs
[2022-12-23T01:13:04.330+0100] {logging_mixin.py:137} INFO - [2022-12-23T01:13:04.330+0100] {dag.py:3423} INFO - Setting next_dagrun for example_external_task_marker_child to None, run_after=None
[2022-12-23T01:13:04.337+0100] {logging_mixin.py:137} INFO - [2022-12-23T01:13:04.337+0100] {dag.py:3423} INFO - Setting next_dagrun for example_external_task_marker_parent to None, run_after=None
[2022-12-23T01:13:04.384+0100] {processor.py:175} INFO - Processing /home/momo/.local/lib/python3.8/site-packages/airflow/example_dags/example_external_task_marker_dag.py took 0.226 seconds
[2022-12-23T01:14:13.369+0100] {processor.py:153} INFO - Started process (PID=27625) to work on /home/momo/.local/lib/python3.8/site-packages/airflow/example_dags/example_external_task_marker_dag.py
[2022-12-23T01:14:13.374+0100] {processor.py:743} INFO - Processing file /home/momo/.local/lib/python3.8/site-packages/airflow/example_dags/example_external_task_marker_dag.py for tasks to queue
[2022-12-23T01:14:13.378+0100] {logging_mixin.py:137} INFO - [2022-12-23T01:14:13.377+0100] {dagbag.py:538} INFO - Filling up the DagBag from /home/momo/.local/lib/python3.8/site-packages/airflow/example_dags/example_external_task_marker_dag.py
[2022-12-23T01:14:13.461+0100] {processor.py:753} INFO - DAG(s) dict_keys(['example_external_task_marker_parent', 'example_external_task_marker_child']) retrieved from /home/momo/.local/lib/python3.8/site-packages/airflow/example_dags/example_external_task_marker_dag.py
[2022-12-23T01:14:13.605+0100] {logging_mixin.py:137} INFO - [2022-12-23T01:14:13.605+0100] {dag.py:2676} INFO - Sync 2 DAGs
[2022-12-23T01:14:13.668+0100] {logging_mixin.py:137} INFO - [2022-12-23T01:14:13.668+0100] {dag.py:3423} INFO - Setting next_dagrun for example_external_task_marker_child to None, run_after=None
[2022-12-23T01:14:13.677+0100] {logging_mixin.py:137} INFO - [2022-12-23T01:14:13.677+0100] {dag.py:3423} INFO - Setting next_dagrun for example_external_task_marker_parent to None, run_after=None
[2022-12-23T01:14:13.726+0100] {processor.py:175} INFO - Processing /home/momo/.local/lib/python3.8/site-packages/airflow/example_dags/example_external_task_marker_dag.py took 0.371 seconds
[2022-12-23T01:15:32.668+0100] {processor.py:153} INFO - Started process (PID=27677) to work on /home/momo/.local/lib/python3.8/site-packages/airflow/example_dags/example_external_task_marker_dag.py
[2022-12-23T01:15:32.672+0100] {processor.py:743} INFO - Processing file /home/momo/.local/lib/python3.8/site-packages/airflow/example_dags/example_external_task_marker_dag.py for tasks to queue
[2022-12-23T01:15:32.675+0100] {logging_mixin.py:137} INFO - [2022-12-23T01:15:32.674+0100] {dagbag.py:538} INFO - Filling up the DagBag from /home/momo/.local/lib/python3.8/site-packages/airflow/example_dags/example_external_task_marker_dag.py
[2022-12-23T01:15:32.746+0100] {processor.py:753} INFO - DAG(s) dict_keys(['example_external_task_marker_parent', 'example_external_task_marker_child']) retrieved from /home/momo/.local/lib/python3.8/site-packages/airflow/example_dags/example_external_task_marker_dag.py
[2022-12-23T01:15:32.840+0100] {logging_mixin.py:137} INFO - [2022-12-23T01:15:32.840+0100] {dag.py:2676} INFO - Sync 2 DAGs
[2022-12-23T01:15:32.889+0100] {logging_mixin.py:137} INFO - [2022-12-23T01:15:32.888+0100] {dag.py:3423} INFO - Setting next_dagrun for example_external_task_marker_child to None, run_after=None
[2022-12-23T01:15:32.896+0100] {logging_mixin.py:137} INFO - [2022-12-23T01:15:32.895+0100] {dag.py:3423} INFO - Setting next_dagrun for example_external_task_marker_parent to None, run_after=None
[2022-12-23T01:15:32.941+0100] {processor.py:175} INFO - Processing /home/momo/.local/lib/python3.8/site-packages/airflow/example_dags/example_external_task_marker_dag.py took 0.289 seconds
[2022-12-23T01:16:35.794+0100] {processor.py:153} INFO - Started process (PID=27717) to work on /home/momo/.local/lib/python3.8/site-packages/airflow/example_dags/example_external_task_marker_dag.py
[2022-12-23T01:16:35.803+0100] {processor.py:743} INFO - Processing file /home/momo/.local/lib/python3.8/site-packages/airflow/example_dags/example_external_task_marker_dag.py for tasks to queue
[2022-12-23T01:16:35.808+0100] {logging_mixin.py:137} INFO - [2022-12-23T01:16:35.808+0100] {dagbag.py:538} INFO - Filling up the DagBag from /home/momo/.local/lib/python3.8/site-packages/airflow/example_dags/example_external_task_marker_dag.py
[2022-12-23T01:16:35.846+0100] {processor.py:753} INFO - DAG(s) dict_keys(['example_external_task_marker_child', 'example_external_task_marker_parent']) retrieved from /home/momo/.local/lib/python3.8/site-packages/airflow/example_dags/example_external_task_marker_dag.py
[2022-12-23T01:16:35.911+0100] {logging_mixin.py:137} INFO - [2022-12-23T01:16:35.911+0100] {dag.py:2676} INFO - Sync 2 DAGs
[2022-12-23T01:16:35.966+0100] {logging_mixin.py:137} INFO - [2022-12-23T01:16:35.965+0100] {dag.py:3423} INFO - Setting next_dagrun for example_external_task_marker_child to None, run_after=None
[2022-12-23T01:16:35.980+0100] {logging_mixin.py:137} INFO - [2022-12-23T01:16:35.979+0100] {dag.py:3423} INFO - Setting next_dagrun for example_external_task_marker_parent to None, run_after=None
[2022-12-23T01:16:36.063+0100] {processor.py:175} INFO - Processing /home/momo/.local/lib/python3.8/site-packages/airflow/example_dags/example_external_task_marker_dag.py took 0.297 seconds
[2022-12-23T01:17:28.811+0100] {processor.py:153} INFO - Started process (PID=27802) to work on /home/momo/.local/lib/python3.8/site-packages/airflow/example_dags/example_external_task_marker_dag.py
[2022-12-23T01:17:28.817+0100] {processor.py:743} INFO - Processing file /home/momo/.local/lib/python3.8/site-packages/airflow/example_dags/example_external_task_marker_dag.py for tasks to queue
[2022-12-23T01:17:28.818+0100] {logging_mixin.py:137} INFO - [2022-12-23T01:17:28.817+0100] {dagbag.py:538} INFO - Filling up the DagBag from /home/momo/.local/lib/python3.8/site-packages/airflow/example_dags/example_external_task_marker_dag.py
[2022-12-23T01:17:28.875+0100] {processor.py:753} INFO - DAG(s) dict_keys(['example_external_task_marker_parent', 'example_external_task_marker_child']) retrieved from /home/momo/.local/lib/python3.8/site-packages/airflow/example_dags/example_external_task_marker_dag.py
[2022-12-23T01:17:28.976+0100] {logging_mixin.py:137} INFO - [2022-12-23T01:17:28.975+0100] {dag.py:2676} INFO - Sync 2 DAGs
[2022-12-23T01:17:29.050+0100] {logging_mixin.py:137} INFO - [2022-12-23T01:17:29.049+0100] {dag.py:3423} INFO - Setting next_dagrun for example_external_task_marker_child to None, run_after=None
[2022-12-23T01:17:29.064+0100] {logging_mixin.py:137} INFO - [2022-12-23T01:17:29.064+0100] {dag.py:3423} INFO - Setting next_dagrun for example_external_task_marker_parent to None, run_after=None
[2022-12-23T01:17:29.186+0100] {processor.py:175} INFO - Processing /home/momo/.local/lib/python3.8/site-packages/airflow/example_dags/example_external_task_marker_dag.py took 0.383 seconds
[2022-12-23T01:18:36.332+0100] {processor.py:153} INFO - Started process (PID=27922) to work on /home/momo/.local/lib/python3.8/site-packages/airflow/example_dags/example_external_task_marker_dag.py
[2022-12-23T01:18:36.337+0100] {processor.py:743} INFO - Processing file /home/momo/.local/lib/python3.8/site-packages/airflow/example_dags/example_external_task_marker_dag.py for tasks to queue
[2022-12-23T01:18:36.339+0100] {logging_mixin.py:137} INFO - [2022-12-23T01:18:36.338+0100] {dagbag.py:538} INFO - Filling up the DagBag from /home/momo/.local/lib/python3.8/site-packages/airflow/example_dags/example_external_task_marker_dag.py
[2022-12-23T01:18:36.407+0100] {processor.py:753} INFO - DAG(s) dict_keys(['example_external_task_marker_parent', 'example_external_task_marker_child']) retrieved from /home/momo/.local/lib/python3.8/site-packages/airflow/example_dags/example_external_task_marker_dag.py
[2022-12-23T01:18:36.537+0100] {logging_mixin.py:137} INFO - [2022-12-23T01:18:36.537+0100] {dag.py:2676} INFO - Sync 2 DAGs
[2022-12-23T01:18:36.599+0100] {logging_mixin.py:137} INFO - [2022-12-23T01:18:36.599+0100] {dag.py:3423} INFO - Setting next_dagrun for example_external_task_marker_child to None, run_after=None
[2022-12-23T01:18:36.610+0100] {logging_mixin.py:137} INFO - [2022-12-23T01:18:36.609+0100] {dag.py:3423} INFO - Setting next_dagrun for example_external_task_marker_parent to None, run_after=None
[2022-12-23T01:18:36.665+0100] {processor.py:175} INFO - Processing /home/momo/.local/lib/python3.8/site-packages/airflow/example_dags/example_external_task_marker_dag.py took 0.345 seconds
[2022-12-23T01:19:42.719+0100] {processor.py:153} INFO - Started process (PID=27998) to work on /home/momo/.local/lib/python3.8/site-packages/airflow/example_dags/example_external_task_marker_dag.py
[2022-12-23T01:19:42.731+0100] {processor.py:743} INFO - Processing file /home/momo/.local/lib/python3.8/site-packages/airflow/example_dags/example_external_task_marker_dag.py for tasks to queue
[2022-12-23T01:19:42.732+0100] {logging_mixin.py:137} INFO - [2022-12-23T01:19:42.732+0100] {dagbag.py:538} INFO - Filling up the DagBag from /home/momo/.local/lib/python3.8/site-packages/airflow/example_dags/example_external_task_marker_dag.py
[2022-12-23T01:19:42.777+0100] {processor.py:753} INFO - DAG(s) dict_keys(['example_external_task_marker_parent', 'example_external_task_marker_child']) retrieved from /home/momo/.local/lib/python3.8/site-packages/airflow/example_dags/example_external_task_marker_dag.py
[2022-12-23T01:19:42.859+0100] {logging_mixin.py:137} INFO - [2022-12-23T01:19:42.858+0100] {dag.py:2676} INFO - Sync 2 DAGs
[2022-12-23T01:19:42.925+0100] {logging_mixin.py:137} INFO - [2022-12-23T01:19:42.925+0100] {dag.py:3423} INFO - Setting next_dagrun for example_external_task_marker_child to None, run_after=None
[2022-12-23T01:19:42.930+0100] {logging_mixin.py:137} INFO - [2022-12-23T01:19:42.930+0100] {dag.py:3423} INFO - Setting next_dagrun for example_external_task_marker_parent to None, run_after=None
[2022-12-23T01:19:42.995+0100] {processor.py:175} INFO - Processing /home/momo/.local/lib/python3.8/site-packages/airflow/example_dags/example_external_task_marker_dag.py took 0.285 seconds
[2022-12-23T01:21:04.724+0100] {processor.py:153} INFO - Started process (PID=28137) to work on /home/momo/.local/lib/python3.8/site-packages/airflow/example_dags/example_external_task_marker_dag.py
[2022-12-23T01:21:04.744+0100] {processor.py:743} INFO - Processing file /home/momo/.local/lib/python3.8/site-packages/airflow/example_dags/example_external_task_marker_dag.py for tasks to queue
[2022-12-23T01:21:04.745+0100] {logging_mixin.py:137} INFO - [2022-12-23T01:21:04.745+0100] {dagbag.py:538} INFO - Filling up the DagBag from /home/momo/.local/lib/python3.8/site-packages/airflow/example_dags/example_external_task_marker_dag.py
[2022-12-23T01:21:04.808+0100] {processor.py:753} INFO - DAG(s) dict_keys(['example_external_task_marker_parent', 'example_external_task_marker_child']) retrieved from /home/momo/.local/lib/python3.8/site-packages/airflow/example_dags/example_external_task_marker_dag.py
[2022-12-23T01:21:04.894+0100] {logging_mixin.py:137} INFO - [2022-12-23T01:21:04.894+0100] {dag.py:2676} INFO - Sync 2 DAGs
[2022-12-23T01:21:04.963+0100] {logging_mixin.py:137} INFO - [2022-12-23T01:21:04.963+0100] {dag.py:3423} INFO - Setting next_dagrun for example_external_task_marker_child to None, run_after=None
[2022-12-23T01:21:04.975+0100] {logging_mixin.py:137} INFO - [2022-12-23T01:21:04.975+0100] {dag.py:3423} INFO - Setting next_dagrun for example_external_task_marker_parent to None, run_after=None
[2022-12-23T01:21:05.039+0100] {processor.py:175} INFO - Processing /home/momo/.local/lib/python3.8/site-packages/airflow/example_dags/example_external_task_marker_dag.py took 0.356 seconds
[2022-12-23T01:22:02.658+0100] {processor.py:153} INFO - Started process (PID=28190) to work on /home/momo/.local/lib/python3.8/site-packages/airflow/example_dags/example_external_task_marker_dag.py
[2022-12-23T01:22:02.664+0100] {processor.py:743} INFO - Processing file /home/momo/.local/lib/python3.8/site-packages/airflow/example_dags/example_external_task_marker_dag.py for tasks to queue
[2022-12-23T01:22:02.666+0100] {logging_mixin.py:137} INFO - [2022-12-23T01:22:02.665+0100] {dagbag.py:538} INFO - Filling up the DagBag from /home/momo/.local/lib/python3.8/site-packages/airflow/example_dags/example_external_task_marker_dag.py
[2022-12-23T01:22:02.746+0100] {processor.py:753} INFO - DAG(s) dict_keys(['example_external_task_marker_child', 'example_external_task_marker_parent']) retrieved from /home/momo/.local/lib/python3.8/site-packages/airflow/example_dags/example_external_task_marker_dag.py
[2022-12-23T01:22:02.846+0100] {logging_mixin.py:137} INFO - [2022-12-23T01:22:02.846+0100] {dag.py:2676} INFO - Sync 2 DAGs
[2022-12-23T01:22:02.937+0100] {logging_mixin.py:137} INFO - [2022-12-23T01:22:02.936+0100] {dag.py:3423} INFO - Setting next_dagrun for example_external_task_marker_child to None, run_after=None
[2022-12-23T01:22:02.946+0100] {logging_mixin.py:137} INFO - [2022-12-23T01:22:02.945+0100] {dag.py:3423} INFO - Setting next_dagrun for example_external_task_marker_parent to None, run_after=None
[2022-12-23T01:22:02.999+0100] {processor.py:175} INFO - Processing /home/momo/.local/lib/python3.8/site-packages/airflow/example_dags/example_external_task_marker_dag.py took 0.370 seconds
[2022-12-23T01:23:10.675+0100] {processor.py:153} INFO - Started process (PID=28249) to work on /home/momo/.local/lib/python3.8/site-packages/airflow/example_dags/example_external_task_marker_dag.py
[2022-12-23T01:23:10.681+0100] {processor.py:743} INFO - Processing file /home/momo/.local/lib/python3.8/site-packages/airflow/example_dags/example_external_task_marker_dag.py for tasks to queue
[2022-12-23T01:23:10.683+0100] {logging_mixin.py:137} INFO - [2022-12-23T01:23:10.682+0100] {dagbag.py:538} INFO - Filling up the DagBag from /home/momo/.local/lib/python3.8/site-packages/airflow/example_dags/example_external_task_marker_dag.py
[2022-12-23T01:23:10.711+0100] {processor.py:753} INFO - DAG(s) dict_keys(['example_external_task_marker_parent', 'example_external_task_marker_child']) retrieved from /home/momo/.local/lib/python3.8/site-packages/airflow/example_dags/example_external_task_marker_dag.py
[2022-12-23T01:23:10.850+0100] {logging_mixin.py:137} INFO - [2022-12-23T01:23:10.850+0100] {dag.py:2676} INFO - Sync 2 DAGs
[2022-12-23T01:23:10.918+0100] {logging_mixin.py:137} INFO - [2022-12-23T01:23:10.918+0100] {dag.py:3423} INFO - Setting next_dagrun for example_external_task_marker_child to None, run_after=None
[2022-12-23T01:23:10.935+0100] {logging_mixin.py:137} INFO - [2022-12-23T01:23:10.931+0100] {dag.py:3423} INFO - Setting next_dagrun for example_external_task_marker_parent to None, run_after=None
[2022-12-23T01:23:10.993+0100] {processor.py:175} INFO - Processing /home/momo/.local/lib/python3.8/site-packages/airflow/example_dags/example_external_task_marker_dag.py took 0.325 seconds
[2022-12-23T01:24:03.208+0100] {processor.py:153} INFO - Started process (PID=28346) to work on /home/momo/.local/lib/python3.8/site-packages/airflow/example_dags/example_external_task_marker_dag.py
[2022-12-23T01:24:03.215+0100] {processor.py:743} INFO - Processing file /home/momo/.local/lib/python3.8/site-packages/airflow/example_dags/example_external_task_marker_dag.py for tasks to queue
[2022-12-23T01:24:03.216+0100] {logging_mixin.py:137} INFO - [2022-12-23T01:24:03.215+0100] {dagbag.py:538} INFO - Filling up the DagBag from /home/momo/.local/lib/python3.8/site-packages/airflow/example_dags/example_external_task_marker_dag.py
[2022-12-23T01:24:03.259+0100] {processor.py:753} INFO - DAG(s) dict_keys(['example_external_task_marker_child', 'example_external_task_marker_parent']) retrieved from /home/momo/.local/lib/python3.8/site-packages/airflow/example_dags/example_external_task_marker_dag.py
[2022-12-23T01:24:03.385+0100] {logging_mixin.py:137} INFO - [2022-12-23T01:24:03.385+0100] {dag.py:2676} INFO - Sync 2 DAGs
[2022-12-23T01:24:03.453+0100] {logging_mixin.py:137} INFO - [2022-12-23T01:24:03.453+0100] {dag.py:3423} INFO - Setting next_dagrun for example_external_task_marker_child to None, run_after=None
[2022-12-23T01:24:03.462+0100] {logging_mixin.py:137} INFO - [2022-12-23T01:24:03.462+0100] {dag.py:3423} INFO - Setting next_dagrun for example_external_task_marker_parent to None, run_after=None
[2022-12-23T01:24:03.518+0100] {processor.py:175} INFO - Processing /home/momo/.local/lib/python3.8/site-packages/airflow/example_dags/example_external_task_marker_dag.py took 0.321 seconds
[2022-12-23T01:44:01.624+0100] {processor.py:153} INFO - Started process (PID=5164) to work on /home/momo/.local/lib/python3.8/site-packages/airflow/example_dags/example_external_task_marker_dag.py
[2022-12-23T01:44:01.632+0100] {processor.py:743} INFO - Processing file /home/momo/.local/lib/python3.8/site-packages/airflow/example_dags/example_external_task_marker_dag.py for tasks to queue
[2022-12-23T01:44:01.633+0100] {logging_mixin.py:137} INFO - [2022-12-23T01:44:01.633+0100] {dagbag.py:538} INFO - Filling up the DagBag from /home/momo/.local/lib/python3.8/site-packages/airflow/example_dags/example_external_task_marker_dag.py
[2022-12-23T01:44:01.673+0100] {processor.py:753} INFO - DAG(s) dict_keys(['example_external_task_marker_parent', 'example_external_task_marker_child']) retrieved from /home/momo/.local/lib/python3.8/site-packages/airflow/example_dags/example_external_task_marker_dag.py
[2022-12-23T01:44:01.753+0100] {logging_mixin.py:137} INFO - [2022-12-23T01:44:01.752+0100] {dag.py:2676} INFO - Sync 2 DAGs
[2022-12-23T01:44:01.821+0100] {logging_mixin.py:137} INFO - [2022-12-23T01:44:01.818+0100] {dag.py:3423} INFO - Setting next_dagrun for example_external_task_marker_child to None, run_after=None
[2022-12-23T01:44:01.826+0100] {logging_mixin.py:137} INFO - [2022-12-23T01:44:01.825+0100] {dag.py:3423} INFO - Setting next_dagrun for example_external_task_marker_parent to None, run_after=None
[2022-12-23T01:44:01.876+0100] {processor.py:175} INFO - Processing /home/momo/.local/lib/python3.8/site-packages/airflow/example_dags/example_external_task_marker_dag.py took 0.279 seconds
[2022-12-23T01:44:57.627+0100] {processor.py:153} INFO - Started process (PID=5221) to work on /home/momo/.local/lib/python3.8/site-packages/airflow/example_dags/example_external_task_marker_dag.py
[2022-12-23T01:44:57.630+0100] {processor.py:743} INFO - Processing file /home/momo/.local/lib/python3.8/site-packages/airflow/example_dags/example_external_task_marker_dag.py for tasks to queue
[2022-12-23T01:44:57.631+0100] {logging_mixin.py:137} INFO - [2022-12-23T01:44:57.631+0100] {dagbag.py:538} INFO - Filling up the DagBag from /home/momo/.local/lib/python3.8/site-packages/airflow/example_dags/example_external_task_marker_dag.py
[2022-12-23T01:44:57.667+0100] {processor.py:753} INFO - DAG(s) dict_keys(['example_external_task_marker_parent', 'example_external_task_marker_child']) retrieved from /home/momo/.local/lib/python3.8/site-packages/airflow/example_dags/example_external_task_marker_dag.py
[2022-12-23T01:44:57.727+0100] {logging_mixin.py:137} INFO - [2022-12-23T01:44:57.726+0100] {dag.py:2676} INFO - Sync 2 DAGs
[2022-12-23T01:44:57.756+0100] {logging_mixin.py:137} INFO - [2022-12-23T01:44:57.756+0100] {dag.py:3423} INFO - Setting next_dagrun for example_external_task_marker_child to None, run_after=None
[2022-12-23T01:44:57.759+0100] {logging_mixin.py:137} INFO - [2022-12-23T01:44:57.759+0100] {dag.py:3423} INFO - Setting next_dagrun for example_external_task_marker_parent to None, run_after=None
[2022-12-23T01:44:57.800+0100] {processor.py:175} INFO - Processing /home/momo/.local/lib/python3.8/site-packages/airflow/example_dags/example_external_task_marker_dag.py took 0.180 seconds
[2022-12-23T01:45:50.475+0100] {processor.py:153} INFO - Started process (PID=5267) to work on /home/momo/.local/lib/python3.8/site-packages/airflow/example_dags/example_external_task_marker_dag.py
[2022-12-23T01:45:50.477+0100] {processor.py:743} INFO - Processing file /home/momo/.local/lib/python3.8/site-packages/airflow/example_dags/example_external_task_marker_dag.py for tasks to queue
[2022-12-23T01:45:50.480+0100] {logging_mixin.py:137} INFO - [2022-12-23T01:45:50.479+0100] {dagbag.py:538} INFO - Filling up the DagBag from /home/momo/.local/lib/python3.8/site-packages/airflow/example_dags/example_external_task_marker_dag.py
[2022-12-23T01:45:50.545+0100] {processor.py:753} INFO - DAG(s) dict_keys(['example_external_task_marker_child', 'example_external_task_marker_parent']) retrieved from /home/momo/.local/lib/python3.8/site-packages/airflow/example_dags/example_external_task_marker_dag.py
[2022-12-23T01:45:50.637+0100] {logging_mixin.py:137} INFO - [2022-12-23T01:45:50.637+0100] {dag.py:2676} INFO - Sync 2 DAGs
[2022-12-23T01:45:50.706+0100] {logging_mixin.py:137} INFO - [2022-12-23T01:45:50.705+0100] {dag.py:3423} INFO - Setting next_dagrun for example_external_task_marker_child to None, run_after=None
[2022-12-23T01:45:50.718+0100] {logging_mixin.py:137} INFO - [2022-12-23T01:45:50.718+0100] {dag.py:3423} INFO - Setting next_dagrun for example_external_task_marker_parent to None, run_after=None
[2022-12-23T01:45:50.771+0100] {processor.py:175} INFO - Processing /home/momo/.local/lib/python3.8/site-packages/airflow/example_dags/example_external_task_marker_dag.py took 0.304 seconds
[2022-12-23T01:46:50.285+0100] {processor.py:153} INFO - Started process (PID=5317) to work on /home/momo/.local/lib/python3.8/site-packages/airflow/example_dags/example_external_task_marker_dag.py
[2022-12-23T01:46:50.291+0100] {processor.py:743} INFO - Processing file /home/momo/.local/lib/python3.8/site-packages/airflow/example_dags/example_external_task_marker_dag.py for tasks to queue
[2022-12-23T01:46:50.294+0100] {logging_mixin.py:137} INFO - [2022-12-23T01:46:50.293+0100] {dagbag.py:538} INFO - Filling up the DagBag from /home/momo/.local/lib/python3.8/site-packages/airflow/example_dags/example_external_task_marker_dag.py
[2022-12-23T01:46:50.340+0100] {processor.py:753} INFO - DAG(s) dict_keys(['example_external_task_marker_parent', 'example_external_task_marker_child']) retrieved from /home/momo/.local/lib/python3.8/site-packages/airflow/example_dags/example_external_task_marker_dag.py
[2022-12-23T01:46:50.401+0100] {logging_mixin.py:137} INFO - [2022-12-23T01:46:50.401+0100] {dag.py:2676} INFO - Sync 2 DAGs
[2022-12-23T01:46:50.474+0100] {logging_mixin.py:137} INFO - [2022-12-23T01:46:50.474+0100] {dag.py:3423} INFO - Setting next_dagrun for example_external_task_marker_child to None, run_after=None
[2022-12-23T01:46:50.481+0100] {logging_mixin.py:137} INFO - [2022-12-23T01:46:50.480+0100] {dag.py:3423} INFO - Setting next_dagrun for example_external_task_marker_parent to None, run_after=None
[2022-12-23T01:46:50.529+0100] {processor.py:175} INFO - Processing /home/momo/.local/lib/python3.8/site-packages/airflow/example_dags/example_external_task_marker_dag.py took 0.254 seconds
[2022-12-23T01:47:53.002+0100] {processor.py:153} INFO - Started process (PID=5369) to work on /home/momo/.local/lib/python3.8/site-packages/airflow/example_dags/example_external_task_marker_dag.py
[2022-12-23T01:47:53.005+0100] {processor.py:743} INFO - Processing file /home/momo/.local/lib/python3.8/site-packages/airflow/example_dags/example_external_task_marker_dag.py for tasks to queue
[2022-12-23T01:47:53.008+0100] {logging_mixin.py:137} INFO - [2022-12-23T01:47:53.007+0100] {dagbag.py:538} INFO - Filling up the DagBag from /home/momo/.local/lib/python3.8/site-packages/airflow/example_dags/example_external_task_marker_dag.py
[2022-12-23T01:47:53.056+0100] {processor.py:753} INFO - DAG(s) dict_keys(['example_external_task_marker_child', 'example_external_task_marker_parent']) retrieved from /home/momo/.local/lib/python3.8/site-packages/airflow/example_dags/example_external_task_marker_dag.py
[2022-12-23T01:47:53.129+0100] {logging_mixin.py:137} INFO - [2022-12-23T01:47:53.129+0100] {dag.py:2676} INFO - Sync 2 DAGs
[2022-12-23T01:47:53.188+0100] {logging_mixin.py:137} INFO - [2022-12-23T01:47:53.187+0100] {dag.py:3423} INFO - Setting next_dagrun for example_external_task_marker_child to None, run_after=None
[2022-12-23T01:47:53.198+0100] {logging_mixin.py:137} INFO - [2022-12-23T01:47:53.198+0100] {dag.py:3423} INFO - Setting next_dagrun for example_external_task_marker_parent to None, run_after=None
[2022-12-23T01:47:53.253+0100] {processor.py:175} INFO - Processing /home/momo/.local/lib/python3.8/site-packages/airflow/example_dags/example_external_task_marker_dag.py took 0.259 seconds
[2022-12-23T01:48:54.094+0100] {processor.py:153} INFO - Started process (PID=5418) to work on /home/momo/.local/lib/python3.8/site-packages/airflow/example_dags/example_external_task_marker_dag.py
[2022-12-23T01:48:54.097+0100] {processor.py:743} INFO - Processing file /home/momo/.local/lib/python3.8/site-packages/airflow/example_dags/example_external_task_marker_dag.py for tasks to queue
[2022-12-23T01:48:54.098+0100] {logging_mixin.py:137} INFO - [2022-12-23T01:48:54.098+0100] {dagbag.py:538} INFO - Filling up the DagBag from /home/momo/.local/lib/python3.8/site-packages/airflow/example_dags/example_external_task_marker_dag.py
[2022-12-23T01:48:54.133+0100] {processor.py:753} INFO - DAG(s) dict_keys(['example_external_task_marker_parent', 'example_external_task_marker_child']) retrieved from /home/momo/.local/lib/python3.8/site-packages/airflow/example_dags/example_external_task_marker_dag.py
[2022-12-23T01:48:54.212+0100] {logging_mixin.py:137} INFO - [2022-12-23T01:48:54.211+0100] {dag.py:2676} INFO - Sync 2 DAGs
[2022-12-23T01:48:54.299+0100] {logging_mixin.py:137} INFO - [2022-12-23T01:48:54.299+0100] {dag.py:3423} INFO - Setting next_dagrun for example_external_task_marker_child to None, run_after=None
[2022-12-23T01:48:54.307+0100] {logging_mixin.py:137} INFO - [2022-12-23T01:48:54.307+0100] {dag.py:3423} INFO - Setting next_dagrun for example_external_task_marker_parent to None, run_after=None
[2022-12-23T01:48:54.359+0100] {processor.py:175} INFO - Processing /home/momo/.local/lib/python3.8/site-packages/airflow/example_dags/example_external_task_marker_dag.py took 0.273 seconds
[2022-12-23T01:49:56.092+0100] {processor.py:153} INFO - Started process (PID=5468) to work on /home/momo/.local/lib/python3.8/site-packages/airflow/example_dags/example_external_task_marker_dag.py
[2022-12-23T01:49:56.104+0100] {processor.py:743} INFO - Processing file /home/momo/.local/lib/python3.8/site-packages/airflow/example_dags/example_external_task_marker_dag.py for tasks to queue
[2022-12-23T01:49:56.110+0100] {logging_mixin.py:137} INFO - [2022-12-23T01:49:56.106+0100] {dagbag.py:538} INFO - Filling up the DagBag from /home/momo/.local/lib/python3.8/site-packages/airflow/example_dags/example_external_task_marker_dag.py
[2022-12-23T01:49:56.188+0100] {processor.py:753} INFO - DAG(s) dict_keys(['example_external_task_marker_child', 'example_external_task_marker_parent']) retrieved from /home/momo/.local/lib/python3.8/site-packages/airflow/example_dags/example_external_task_marker_dag.py
[2022-12-23T01:49:56.265+0100] {logging_mixin.py:137} INFO - [2022-12-23T01:49:56.264+0100] {dag.py:2676} INFO - Sync 2 DAGs
[2022-12-23T01:49:56.312+0100] {logging_mixin.py:137} INFO - [2022-12-23T01:49:56.312+0100] {dag.py:3423} INFO - Setting next_dagrun for example_external_task_marker_child to None, run_after=None
[2022-12-23T01:49:56.321+0100] {logging_mixin.py:137} INFO - [2022-12-23T01:49:56.321+0100] {dag.py:3423} INFO - Setting next_dagrun for example_external_task_marker_parent to None, run_after=None
[2022-12-23T01:49:56.368+0100] {processor.py:175} INFO - Processing /home/momo/.local/lib/python3.8/site-packages/airflow/example_dags/example_external_task_marker_dag.py took 0.303 seconds
[2022-12-23T01:50:57.568+0100] {processor.py:153} INFO - Started process (PID=5519) to work on /home/momo/.local/lib/python3.8/site-packages/airflow/example_dags/example_external_task_marker_dag.py
[2022-12-23T01:50:57.580+0100] {processor.py:743} INFO - Processing file /home/momo/.local/lib/python3.8/site-packages/airflow/example_dags/example_external_task_marker_dag.py for tasks to queue
[2022-12-23T01:50:57.588+0100] {logging_mixin.py:137} INFO - [2022-12-23T01:50:57.587+0100] {dagbag.py:538} INFO - Filling up the DagBag from /home/momo/.local/lib/python3.8/site-packages/airflow/example_dags/example_external_task_marker_dag.py
[2022-12-23T01:50:57.645+0100] {processor.py:753} INFO - DAG(s) dict_keys(['example_external_task_marker_child', 'example_external_task_marker_parent']) retrieved from /home/momo/.local/lib/python3.8/site-packages/airflow/example_dags/example_external_task_marker_dag.py
[2022-12-23T01:50:57.692+0100] {logging_mixin.py:137} INFO - [2022-12-23T01:50:57.692+0100] {dag.py:2676} INFO - Sync 2 DAGs
[2022-12-23T01:50:57.728+0100] {logging_mixin.py:137} INFO - [2022-12-23T01:50:57.728+0100] {dag.py:3423} INFO - Setting next_dagrun for example_external_task_marker_child to None, run_after=None
[2022-12-23T01:50:57.733+0100] {logging_mixin.py:137} INFO - [2022-12-23T01:50:57.733+0100] {dag.py:3423} INFO - Setting next_dagrun for example_external_task_marker_parent to None, run_after=None
[2022-12-23T01:50:57.763+0100] {processor.py:175} INFO - Processing /home/momo/.local/lib/python3.8/site-packages/airflow/example_dags/example_external_task_marker_dag.py took 0.229 seconds
[2022-12-23T01:51:58.020+0100] {processor.py:153} INFO - Started process (PID=5621) to work on /home/momo/.local/lib/python3.8/site-packages/airflow/example_dags/example_external_task_marker_dag.py
[2022-12-23T01:51:58.025+0100] {processor.py:743} INFO - Processing file /home/momo/.local/lib/python3.8/site-packages/airflow/example_dags/example_external_task_marker_dag.py for tasks to queue
[2022-12-23T01:51:58.029+0100] {logging_mixin.py:137} INFO - [2022-12-23T01:51:58.029+0100] {dagbag.py:538} INFO - Filling up the DagBag from /home/momo/.local/lib/python3.8/site-packages/airflow/example_dags/example_external_task_marker_dag.py
[2022-12-23T01:51:58.104+0100] {processor.py:753} INFO - DAG(s) dict_keys(['example_external_task_marker_child', 'example_external_task_marker_parent']) retrieved from /home/momo/.local/lib/python3.8/site-packages/airflow/example_dags/example_external_task_marker_dag.py
[2022-12-23T01:51:58.150+0100] {logging_mixin.py:137} INFO - [2022-12-23T01:51:58.150+0100] {dag.py:2676} INFO - Sync 2 DAGs
[2022-12-23T01:51:58.180+0100] {logging_mixin.py:137} INFO - [2022-12-23T01:51:58.180+0100] {dag.py:3423} INFO - Setting next_dagrun for example_external_task_marker_child to None, run_after=None
[2022-12-23T01:51:58.185+0100] {logging_mixin.py:137} INFO - [2022-12-23T01:51:58.185+0100] {dag.py:3423} INFO - Setting next_dagrun for example_external_task_marker_parent to None, run_after=None
[2022-12-23T01:51:58.248+0100] {processor.py:175} INFO - Processing /home/momo/.local/lib/python3.8/site-packages/airflow/example_dags/example_external_task_marker_dag.py took 0.242 seconds
[2022-12-23T01:53:00.727+0100] {processor.py:153} INFO - Started process (PID=5677) to work on /home/momo/.local/lib/python3.8/site-packages/airflow/example_dags/example_external_task_marker_dag.py
[2022-12-23T01:53:00.731+0100] {processor.py:743} INFO - Processing file /home/momo/.local/lib/python3.8/site-packages/airflow/example_dags/example_external_task_marker_dag.py for tasks to queue
[2022-12-23T01:53:00.734+0100] {logging_mixin.py:137} INFO - [2022-12-23T01:53:00.733+0100] {dagbag.py:538} INFO - Filling up the DagBag from /home/momo/.local/lib/python3.8/site-packages/airflow/example_dags/example_external_task_marker_dag.py
[2022-12-23T01:53:00.769+0100] {processor.py:753} INFO - DAG(s) dict_keys(['example_external_task_marker_child', 'example_external_task_marker_parent']) retrieved from /home/momo/.local/lib/python3.8/site-packages/airflow/example_dags/example_external_task_marker_dag.py
[2022-12-23T01:53:00.806+0100] {logging_mixin.py:137} INFO - [2022-12-23T01:53:00.806+0100] {dag.py:2676} INFO - Sync 2 DAGs
[2022-12-23T01:53:00.837+0100] {logging_mixin.py:137} INFO - [2022-12-23T01:53:00.837+0100] {dag.py:3423} INFO - Setting next_dagrun for example_external_task_marker_child to None, run_after=None
[2022-12-23T01:53:00.841+0100] {logging_mixin.py:137} INFO - [2022-12-23T01:53:00.841+0100] {dag.py:3423} INFO - Setting next_dagrun for example_external_task_marker_parent to None, run_after=None
[2022-12-23T01:53:00.878+0100] {processor.py:175} INFO - Processing /home/momo/.local/lib/python3.8/site-packages/airflow/example_dags/example_external_task_marker_dag.py took 0.165 seconds
[2022-12-23T01:54:01.979+0100] {processor.py:153} INFO - Started process (PID=5727) to work on /home/momo/.local/lib/python3.8/site-packages/airflow/example_dags/example_external_task_marker_dag.py
[2022-12-23T01:54:01.980+0100] {processor.py:743} INFO - Processing file /home/momo/.local/lib/python3.8/site-packages/airflow/example_dags/example_external_task_marker_dag.py for tasks to queue
[2022-12-23T01:54:01.982+0100] {logging_mixin.py:137} INFO - [2022-12-23T01:54:01.981+0100] {dagbag.py:538} INFO - Filling up the DagBag from /home/momo/.local/lib/python3.8/site-packages/airflow/example_dags/example_external_task_marker_dag.py
[2022-12-23T01:54:02.004+0100] {processor.py:753} INFO - DAG(s) dict_keys(['example_external_task_marker_child', 'example_external_task_marker_parent']) retrieved from /home/momo/.local/lib/python3.8/site-packages/airflow/example_dags/example_external_task_marker_dag.py
[2022-12-23T01:54:02.043+0100] {logging_mixin.py:137} INFO - [2022-12-23T01:54:02.043+0100] {dag.py:2676} INFO - Sync 2 DAGs
[2022-12-23T01:54:02.074+0100] {logging_mixin.py:137} INFO - [2022-12-23T01:54:02.074+0100] {dag.py:3423} INFO - Setting next_dagrun for example_external_task_marker_child to None, run_after=None
[2022-12-23T01:54:02.078+0100] {logging_mixin.py:137} INFO - [2022-12-23T01:54:02.078+0100] {dag.py:3423} INFO - Setting next_dagrun for example_external_task_marker_parent to None, run_after=None
[2022-12-23T01:54:02.110+0100] {processor.py:175} INFO - Processing /home/momo/.local/lib/python3.8/site-packages/airflow/example_dags/example_external_task_marker_dag.py took 0.141 seconds
[2022-12-23T01:54:53.856+0100] {processor.py:153} INFO - Started process (PID=5771) to work on /home/momo/.local/lib/python3.8/site-packages/airflow/example_dags/example_external_task_marker_dag.py
[2022-12-23T01:54:53.861+0100] {processor.py:743} INFO - Processing file /home/momo/.local/lib/python3.8/site-packages/airflow/example_dags/example_external_task_marker_dag.py for tasks to queue
[2022-12-23T01:54:53.864+0100] {logging_mixin.py:137} INFO - [2022-12-23T01:54:53.864+0100] {dagbag.py:538} INFO - Filling up the DagBag from /home/momo/.local/lib/python3.8/site-packages/airflow/example_dags/example_external_task_marker_dag.py
[2022-12-23T01:54:53.923+0100] {processor.py:753} INFO - DAG(s) dict_keys(['example_external_task_marker_child', 'example_external_task_marker_parent']) retrieved from /home/momo/.local/lib/python3.8/site-packages/airflow/example_dags/example_external_task_marker_dag.py
[2022-12-23T01:54:53.984+0100] {logging_mixin.py:137} INFO - [2022-12-23T01:54:53.983+0100] {dag.py:2676} INFO - Sync 2 DAGs
[2022-12-23T01:54:54.010+0100] {logging_mixin.py:137} INFO - [2022-12-23T01:54:54.010+0100] {dag.py:3423} INFO - Setting next_dagrun for example_external_task_marker_child to None, run_after=None
[2022-12-23T01:54:54.016+0100] {logging_mixin.py:137} INFO - [2022-12-23T01:54:54.014+0100] {dag.py:3423} INFO - Setting next_dagrun for example_external_task_marker_parent to None, run_after=None
[2022-12-23T01:54:54.088+0100] {processor.py:175} INFO - Processing /home/momo/.local/lib/python3.8/site-packages/airflow/example_dags/example_external_task_marker_dag.py took 0.245 seconds
[2022-12-23T01:55:47.068+0100] {processor.py:153} INFO - Started process (PID=5818) to work on /home/momo/.local/lib/python3.8/site-packages/airflow/example_dags/example_external_task_marker_dag.py
[2022-12-23T01:55:47.073+0100] {processor.py:743} INFO - Processing file /home/momo/.local/lib/python3.8/site-packages/airflow/example_dags/example_external_task_marker_dag.py for tasks to queue
[2022-12-23T01:55:47.076+0100] {logging_mixin.py:137} INFO - [2022-12-23T01:55:47.076+0100] {dagbag.py:538} INFO - Filling up the DagBag from /home/momo/.local/lib/python3.8/site-packages/airflow/example_dags/example_external_task_marker_dag.py
[2022-12-23T01:55:47.108+0100] {processor.py:753} INFO - DAG(s) dict_keys(['example_external_task_marker_child', 'example_external_task_marker_parent']) retrieved from /home/momo/.local/lib/python3.8/site-packages/airflow/example_dags/example_external_task_marker_dag.py
[2022-12-23T01:55:47.144+0100] {logging_mixin.py:137} INFO - [2022-12-23T01:55:47.144+0100] {dag.py:2676} INFO - Sync 2 DAGs
[2022-12-23T01:55:47.171+0100] {logging_mixin.py:137} INFO - [2022-12-23T01:55:47.171+0100] {dag.py:3423} INFO - Setting next_dagrun for example_external_task_marker_child to None, run_after=None
[2022-12-23T01:55:47.175+0100] {logging_mixin.py:137} INFO - [2022-12-23T01:55:47.175+0100] {dag.py:3423} INFO - Setting next_dagrun for example_external_task_marker_parent to None, run_after=None
[2022-12-23T01:55:47.203+0100] {processor.py:175} INFO - Processing /home/momo/.local/lib/python3.8/site-packages/airflow/example_dags/example_external_task_marker_dag.py took 0.150 seconds
[2022-12-23T01:56:47.186+0100] {processor.py:153} INFO - Started process (PID=5868) to work on /home/momo/.local/lib/python3.8/site-packages/airflow/example_dags/example_external_task_marker_dag.py
[2022-12-23T01:56:47.191+0100] {processor.py:743} INFO - Processing file /home/momo/.local/lib/python3.8/site-packages/airflow/example_dags/example_external_task_marker_dag.py for tasks to queue
[2022-12-23T01:56:47.195+0100] {logging_mixin.py:137} INFO - [2022-12-23T01:56:47.194+0100] {dagbag.py:538} INFO - Filling up the DagBag from /home/momo/.local/lib/python3.8/site-packages/airflow/example_dags/example_external_task_marker_dag.py
[2022-12-23T01:56:47.228+0100] {processor.py:753} INFO - DAG(s) dict_keys(['example_external_task_marker_child', 'example_external_task_marker_parent']) retrieved from /home/momo/.local/lib/python3.8/site-packages/airflow/example_dags/example_external_task_marker_dag.py
[2022-12-23T01:56:47.277+0100] {logging_mixin.py:137} INFO - [2022-12-23T01:56:47.276+0100] {dag.py:2676} INFO - Sync 2 DAGs
[2022-12-23T01:56:47.326+0100] {logging_mixin.py:137} INFO - [2022-12-23T01:56:47.326+0100] {dag.py:3423} INFO - Setting next_dagrun for example_external_task_marker_child to None, run_after=None
[2022-12-23T01:56:47.331+0100] {logging_mixin.py:137} INFO - [2022-12-23T01:56:47.331+0100] {dag.py:3423} INFO - Setting next_dagrun for example_external_task_marker_parent to None, run_after=None
[2022-12-23T01:56:47.390+0100] {processor.py:175} INFO - Processing /home/momo/.local/lib/python3.8/site-packages/airflow/example_dags/example_external_task_marker_dag.py took 0.218 seconds
[2022-12-23T01:57:47.688+0100] {processor.py:153} INFO - Started process (PID=5920) to work on /home/momo/.local/lib/python3.8/site-packages/airflow/example_dags/example_external_task_marker_dag.py
[2022-12-23T01:57:47.704+0100] {processor.py:743} INFO - Processing file /home/momo/.local/lib/python3.8/site-packages/airflow/example_dags/example_external_task_marker_dag.py for tasks to queue
[2022-12-23T01:57:47.713+0100] {logging_mixin.py:137} INFO - [2022-12-23T01:57:47.713+0100] {dagbag.py:538} INFO - Filling up the DagBag from /home/momo/.local/lib/python3.8/site-packages/airflow/example_dags/example_external_task_marker_dag.py
[2022-12-23T01:57:47.887+0100] {processor.py:753} INFO - DAG(s) dict_keys(['example_external_task_marker_parent', 'example_external_task_marker_child']) retrieved from /home/momo/.local/lib/python3.8/site-packages/airflow/example_dags/example_external_task_marker_dag.py
[2022-12-23T01:57:48.317+0100] {logging_mixin.py:137} INFO - [2022-12-23T01:57:48.317+0100] {dag.py:2676} INFO - Sync 2 DAGs
[2022-12-23T01:57:48.596+0100] {logging_mixin.py:137} INFO - [2022-12-23T01:57:48.596+0100] {dag.py:3423} INFO - Setting next_dagrun for example_external_task_marker_child to None, run_after=None
[2022-12-23T01:57:48.616+0100] {logging_mixin.py:137} INFO - [2022-12-23T01:57:48.616+0100] {dag.py:3423} INFO - Setting next_dagrun for example_external_task_marker_parent to None, run_after=None
[2022-12-23T01:57:48.675+0100] {processor.py:175} INFO - Processing /home/momo/.local/lib/python3.8/site-packages/airflow/example_dags/example_external_task_marker_dag.py took 1.046 seconds
[2022-12-23T01:58:39.283+0100] {processor.py:153} INFO - Started process (PID=5967) to work on /home/momo/.local/lib/python3.8/site-packages/airflow/example_dags/example_external_task_marker_dag.py
[2022-12-23T01:58:39.289+0100] {processor.py:743} INFO - Processing file /home/momo/.local/lib/python3.8/site-packages/airflow/example_dags/example_external_task_marker_dag.py for tasks to queue
[2022-12-23T01:58:39.292+0100] {logging_mixin.py:137} INFO - [2022-12-23T01:58:39.292+0100] {dagbag.py:538} INFO - Filling up the DagBag from /home/momo/.local/lib/python3.8/site-packages/airflow/example_dags/example_external_task_marker_dag.py
[2022-12-23T01:58:39.324+0100] {processor.py:753} INFO - DAG(s) dict_keys(['example_external_task_marker_child', 'example_external_task_marker_parent']) retrieved from /home/momo/.local/lib/python3.8/site-packages/airflow/example_dags/example_external_task_marker_dag.py
[2022-12-23T01:58:39.361+0100] {logging_mixin.py:137} INFO - [2022-12-23T01:58:39.361+0100] {dag.py:2676} INFO - Sync 2 DAGs
[2022-12-23T01:58:39.388+0100] {logging_mixin.py:137} INFO - [2022-12-23T01:58:39.388+0100] {dag.py:3423} INFO - Setting next_dagrun for example_external_task_marker_child to None, run_after=None
[2022-12-23T01:58:39.391+0100] {logging_mixin.py:137} INFO - [2022-12-23T01:58:39.391+0100] {dag.py:3423} INFO - Setting next_dagrun for example_external_task_marker_parent to None, run_after=None
[2022-12-23T01:58:39.425+0100] {processor.py:175} INFO - Processing /home/momo/.local/lib/python3.8/site-packages/airflow/example_dags/example_external_task_marker_dag.py took 0.157 seconds
[2022-12-23T01:59:40.997+0100] {processor.py:153} INFO - Started process (PID=6022) to work on /home/momo/.local/lib/python3.8/site-packages/airflow/example_dags/example_external_task_marker_dag.py
[2022-12-23T01:59:41.004+0100] {processor.py:743} INFO - Processing file /home/momo/.local/lib/python3.8/site-packages/airflow/example_dags/example_external_task_marker_dag.py for tasks to queue
[2022-12-23T01:59:41.005+0100] {logging_mixin.py:137} INFO - [2022-12-23T01:59:41.005+0100] {dagbag.py:538} INFO - Filling up the DagBag from /home/momo/.local/lib/python3.8/site-packages/airflow/example_dags/example_external_task_marker_dag.py
[2022-12-23T01:59:41.029+0100] {processor.py:753} INFO - DAG(s) dict_keys(['example_external_task_marker_parent', 'example_external_task_marker_child']) retrieved from /home/momo/.local/lib/python3.8/site-packages/airflow/example_dags/example_external_task_marker_dag.py
[2022-12-23T01:59:41.073+0100] {logging_mixin.py:137} INFO - [2022-12-23T01:59:41.073+0100] {dag.py:2676} INFO - Sync 2 DAGs
[2022-12-23T01:59:41.100+0100] {logging_mixin.py:137} INFO - [2022-12-23T01:59:41.099+0100] {dag.py:3423} INFO - Setting next_dagrun for example_external_task_marker_child to None, run_after=None
[2022-12-23T01:59:41.103+0100] {logging_mixin.py:137} INFO - [2022-12-23T01:59:41.103+0100] {dag.py:3423} INFO - Setting next_dagrun for example_external_task_marker_parent to None, run_after=None
[2022-12-23T01:59:41.145+0100] {processor.py:175} INFO - Processing /home/momo/.local/lib/python3.8/site-packages/airflow/example_dags/example_external_task_marker_dag.py took 0.154 seconds
[2022-12-23T02:00:39.573+0100] {processor.py:153} INFO - Started process (PID=6075) to work on /home/momo/.local/lib/python3.8/site-packages/airflow/example_dags/example_external_task_marker_dag.py
[2022-12-23T02:00:39.578+0100] {processor.py:743} INFO - Processing file /home/momo/.local/lib/python3.8/site-packages/airflow/example_dags/example_external_task_marker_dag.py for tasks to queue
[2022-12-23T02:00:39.581+0100] {logging_mixin.py:137} INFO - [2022-12-23T02:00:39.581+0100] {dagbag.py:538} INFO - Filling up the DagBag from /home/momo/.local/lib/python3.8/site-packages/airflow/example_dags/example_external_task_marker_dag.py
[2022-12-23T02:00:39.620+0100] {processor.py:753} INFO - DAG(s) dict_keys(['example_external_task_marker_child', 'example_external_task_marker_parent']) retrieved from /home/momo/.local/lib/python3.8/site-packages/airflow/example_dags/example_external_task_marker_dag.py
[2022-12-23T02:00:39.657+0100] {logging_mixin.py:137} INFO - [2022-12-23T02:00:39.656+0100] {dag.py:2676} INFO - Sync 2 DAGs
[2022-12-23T02:00:39.684+0100] {logging_mixin.py:137} INFO - [2022-12-23T02:00:39.684+0100] {dag.py:3423} INFO - Setting next_dagrun for example_external_task_marker_child to None, run_after=None
[2022-12-23T02:00:39.688+0100] {logging_mixin.py:137} INFO - [2022-12-23T02:00:39.688+0100] {dag.py:3423} INFO - Setting next_dagrun for example_external_task_marker_parent to None, run_after=None
[2022-12-23T02:00:39.715+0100] {processor.py:175} INFO - Processing /home/momo/.local/lib/python3.8/site-packages/airflow/example_dags/example_external_task_marker_dag.py took 0.156 seconds
[2022-12-23T02:01:38.340+0100] {processor.py:153} INFO - Started process (PID=6128) to work on /home/momo/.local/lib/python3.8/site-packages/airflow/example_dags/example_external_task_marker_dag.py
[2022-12-23T02:01:38.352+0100] {processor.py:743} INFO - Processing file /home/momo/.local/lib/python3.8/site-packages/airflow/example_dags/example_external_task_marker_dag.py for tasks to queue
[2022-12-23T02:01:38.355+0100] {logging_mixin.py:137} INFO - [2022-12-23T02:01:38.354+0100] {dagbag.py:538} INFO - Filling up the DagBag from /home/momo/.local/lib/python3.8/site-packages/airflow/example_dags/example_external_task_marker_dag.py
[2022-12-23T02:01:38.424+0100] {processor.py:753} INFO - DAG(s) dict_keys(['example_external_task_marker_parent', 'example_external_task_marker_child']) retrieved from /home/momo/.local/lib/python3.8/site-packages/airflow/example_dags/example_external_task_marker_dag.py
[2022-12-23T02:01:38.478+0100] {logging_mixin.py:137} INFO - [2022-12-23T02:01:38.478+0100] {dag.py:2676} INFO - Sync 2 DAGs
[2022-12-23T02:01:38.505+0100] {logging_mixin.py:137} INFO - [2022-12-23T02:01:38.505+0100] {dag.py:3423} INFO - Setting next_dagrun for example_external_task_marker_child to None, run_after=None
[2022-12-23T02:01:38.509+0100] {logging_mixin.py:137} INFO - [2022-12-23T02:01:38.509+0100] {dag.py:3423} INFO - Setting next_dagrun for example_external_task_marker_parent to None, run_after=None
[2022-12-23T02:01:38.573+0100] {processor.py:175} INFO - Processing /home/momo/.local/lib/python3.8/site-packages/airflow/example_dags/example_external_task_marker_dag.py took 0.245 seconds
[2022-12-23T02:02:43.277+0100] {processor.py:153} INFO - Started process (PID=6180) to work on /home/momo/.local/lib/python3.8/site-packages/airflow/example_dags/example_external_task_marker_dag.py
[2022-12-23T02:02:43.280+0100] {processor.py:743} INFO - Processing file /home/momo/.local/lib/python3.8/site-packages/airflow/example_dags/example_external_task_marker_dag.py for tasks to queue
[2022-12-23T02:02:43.281+0100] {logging_mixin.py:137} INFO - [2022-12-23T02:02:43.281+0100] {dagbag.py:538} INFO - Filling up the DagBag from /home/momo/.local/lib/python3.8/site-packages/airflow/example_dags/example_external_task_marker_dag.py
[2022-12-23T02:02:43.308+0100] {processor.py:753} INFO - DAG(s) dict_keys(['example_external_task_marker_child', 'example_external_task_marker_parent']) retrieved from /home/momo/.local/lib/python3.8/site-packages/airflow/example_dags/example_external_task_marker_dag.py
[2022-12-23T02:02:43.349+0100] {logging_mixin.py:137} INFO - [2022-12-23T02:02:43.348+0100] {dag.py:2676} INFO - Sync 2 DAGs
[2022-12-23T02:02:43.380+0100] {logging_mixin.py:137} INFO - [2022-12-23T02:02:43.380+0100] {dag.py:3423} INFO - Setting next_dagrun for example_external_task_marker_child to None, run_after=None
[2022-12-23T02:02:43.384+0100] {logging_mixin.py:137} INFO - [2022-12-23T02:02:43.384+0100] {dag.py:3423} INFO - Setting next_dagrun for example_external_task_marker_parent to None, run_after=None
[2022-12-23T02:02:43.418+0100] {processor.py:175} INFO - Processing /home/momo/.local/lib/python3.8/site-packages/airflow/example_dags/example_external_task_marker_dag.py took 0.152 seconds
[2022-12-23T02:03:41.191+0100] {processor.py:153} INFO - Started process (PID=6232) to work on /home/momo/.local/lib/python3.8/site-packages/airflow/example_dags/example_external_task_marker_dag.py
[2022-12-23T02:03:41.198+0100] {processor.py:743} INFO - Processing file /home/momo/.local/lib/python3.8/site-packages/airflow/example_dags/example_external_task_marker_dag.py for tasks to queue
[2022-12-23T02:03:41.203+0100] {logging_mixin.py:137} INFO - [2022-12-23T02:03:41.201+0100] {dagbag.py:538} INFO - Filling up the DagBag from /home/momo/.local/lib/python3.8/site-packages/airflow/example_dags/example_external_task_marker_dag.py
[2022-12-23T02:03:41.319+0100] {processor.py:753} INFO - DAG(s) dict_keys(['example_external_task_marker_child', 'example_external_task_marker_parent']) retrieved from /home/momo/.local/lib/python3.8/site-packages/airflow/example_dags/example_external_task_marker_dag.py
[2022-12-23T02:03:41.414+0100] {logging_mixin.py:137} INFO - [2022-12-23T02:03:41.414+0100] {dag.py:2676} INFO - Sync 2 DAGs
[2022-12-23T02:03:41.450+0100] {logging_mixin.py:137} INFO - [2022-12-23T02:03:41.450+0100] {dag.py:3423} INFO - Setting next_dagrun for example_external_task_marker_child to None, run_after=None
[2022-12-23T02:03:41.455+0100] {logging_mixin.py:137} INFO - [2022-12-23T02:03:41.455+0100] {dag.py:3423} INFO - Setting next_dagrun for example_external_task_marker_parent to None, run_after=None
[2022-12-23T02:03:41.491+0100] {processor.py:175} INFO - Processing /home/momo/.local/lib/python3.8/site-packages/airflow/example_dags/example_external_task_marker_dag.py took 0.320 seconds
[2022-12-23T02:04:38.903+0100] {processor.py:153} INFO - Started process (PID=6280) to work on /home/momo/.local/lib/python3.8/site-packages/airflow/example_dags/example_external_task_marker_dag.py
[2022-12-23T02:04:38.908+0100] {processor.py:743} INFO - Processing file /home/momo/.local/lib/python3.8/site-packages/airflow/example_dags/example_external_task_marker_dag.py for tasks to queue
[2022-12-23T02:04:38.911+0100] {logging_mixin.py:137} INFO - [2022-12-23T02:04:38.910+0100] {dagbag.py:538} INFO - Filling up the DagBag from /home/momo/.local/lib/python3.8/site-packages/airflow/example_dags/example_external_task_marker_dag.py
[2022-12-23T02:04:38.945+0100] {processor.py:753} INFO - DAG(s) dict_keys(['example_external_task_marker_child', 'example_external_task_marker_parent']) retrieved from /home/momo/.local/lib/python3.8/site-packages/airflow/example_dags/example_external_task_marker_dag.py
[2022-12-23T02:04:38.980+0100] {logging_mixin.py:137} INFO - [2022-12-23T02:04:38.980+0100] {dag.py:2676} INFO - Sync 2 DAGs
[2022-12-23T02:04:39.008+0100] {logging_mixin.py:137} INFO - [2022-12-23T02:04:39.008+0100] {dag.py:3423} INFO - Setting next_dagrun for example_external_task_marker_child to None, run_after=None
[2022-12-23T02:04:39.012+0100] {logging_mixin.py:137} INFO - [2022-12-23T02:04:39.012+0100] {dag.py:3423} INFO - Setting next_dagrun for example_external_task_marker_parent to None, run_after=None
[2022-12-23T02:04:39.043+0100] {processor.py:175} INFO - Processing /home/momo/.local/lib/python3.8/site-packages/airflow/example_dags/example_external_task_marker_dag.py took 0.154 seconds
[2022-12-23T02:05:42.584+0100] {processor.py:153} INFO - Started process (PID=6333) to work on /home/momo/.local/lib/python3.8/site-packages/airflow/example_dags/example_external_task_marker_dag.py
[2022-12-23T02:05:42.588+0100] {processor.py:743} INFO - Processing file /home/momo/.local/lib/python3.8/site-packages/airflow/example_dags/example_external_task_marker_dag.py for tasks to queue
[2022-12-23T02:05:42.590+0100] {logging_mixin.py:137} INFO - [2022-12-23T02:05:42.590+0100] {dagbag.py:538} INFO - Filling up the DagBag from /home/momo/.local/lib/python3.8/site-packages/airflow/example_dags/example_external_task_marker_dag.py
[2022-12-23T02:05:42.629+0100] {processor.py:753} INFO - DAG(s) dict_keys(['example_external_task_marker_child', 'example_external_task_marker_parent']) retrieved from /home/momo/.local/lib/python3.8/site-packages/airflow/example_dags/example_external_task_marker_dag.py
[2022-12-23T02:05:42.667+0100] {logging_mixin.py:137} INFO - [2022-12-23T02:05:42.667+0100] {dag.py:2676} INFO - Sync 2 DAGs
[2022-12-23T02:05:42.695+0100] {logging_mixin.py:137} INFO - [2022-12-23T02:05:42.695+0100] {dag.py:3423} INFO - Setting next_dagrun for example_external_task_marker_child to None, run_after=None
[2022-12-23T02:05:42.698+0100] {logging_mixin.py:137} INFO - [2022-12-23T02:05:42.698+0100] {dag.py:3423} INFO - Setting next_dagrun for example_external_task_marker_parent to None, run_after=None
[2022-12-23T02:05:42.740+0100] {processor.py:175} INFO - Processing /home/momo/.local/lib/python3.8/site-packages/airflow/example_dags/example_external_task_marker_dag.py took 0.169 seconds
[2022-12-23T02:06:39.301+0100] {processor.py:153} INFO - Started process (PID=6387) to work on /home/momo/.local/lib/python3.8/site-packages/airflow/example_dags/example_external_task_marker_dag.py
[2022-12-23T02:06:39.312+0100] {processor.py:743} INFO - Processing file /home/momo/.local/lib/python3.8/site-packages/airflow/example_dags/example_external_task_marker_dag.py for tasks to queue
[2022-12-23T02:06:39.314+0100] {logging_mixin.py:137} INFO - [2022-12-23T02:06:39.314+0100] {dagbag.py:538} INFO - Filling up the DagBag from /home/momo/.local/lib/python3.8/site-packages/airflow/example_dags/example_external_task_marker_dag.py
[2022-12-23T02:06:39.353+0100] {processor.py:753} INFO - DAG(s) dict_keys(['example_external_task_marker_child', 'example_external_task_marker_parent']) retrieved from /home/momo/.local/lib/python3.8/site-packages/airflow/example_dags/example_external_task_marker_dag.py
[2022-12-23T02:06:39.403+0100] {logging_mixin.py:137} INFO - [2022-12-23T02:06:39.403+0100] {dag.py:2676} INFO - Sync 2 DAGs
[2022-12-23T02:06:39.431+0100] {logging_mixin.py:137} INFO - [2022-12-23T02:06:39.431+0100] {dag.py:3423} INFO - Setting next_dagrun for example_external_task_marker_child to None, run_after=None
[2022-12-23T02:06:39.435+0100] {logging_mixin.py:137} INFO - [2022-12-23T02:06:39.434+0100] {dag.py:3423} INFO - Setting next_dagrun for example_external_task_marker_parent to None, run_after=None
[2022-12-23T02:06:39.464+0100] {processor.py:175} INFO - Processing /home/momo/.local/lib/python3.8/site-packages/airflow/example_dags/example_external_task_marker_dag.py took 0.185 seconds
[2022-12-23T02:07:43.916+0100] {processor.py:153} INFO - Started process (PID=6440) to work on /home/momo/.local/lib/python3.8/site-packages/airflow/example_dags/example_external_task_marker_dag.py
[2022-12-23T02:07:43.918+0100] {processor.py:743} INFO - Processing file /home/momo/.local/lib/python3.8/site-packages/airflow/example_dags/example_external_task_marker_dag.py for tasks to queue
[2022-12-23T02:07:43.920+0100] {logging_mixin.py:137} INFO - [2022-12-23T02:07:43.920+0100] {dagbag.py:538} INFO - Filling up the DagBag from /home/momo/.local/lib/python3.8/site-packages/airflow/example_dags/example_external_task_marker_dag.py
[2022-12-23T02:07:43.945+0100] {processor.py:753} INFO - DAG(s) dict_keys(['example_external_task_marker_parent', 'example_external_task_marker_child']) retrieved from /home/momo/.local/lib/python3.8/site-packages/airflow/example_dags/example_external_task_marker_dag.py
[2022-12-23T02:07:44.005+0100] {logging_mixin.py:137} INFO - [2022-12-23T02:07:44.005+0100] {dag.py:2676} INFO - Sync 2 DAGs
[2022-12-23T02:07:44.053+0100] {logging_mixin.py:137} INFO - [2022-12-23T02:07:44.053+0100] {dag.py:3423} INFO - Setting next_dagrun for example_external_task_marker_child to None, run_after=None
[2022-12-23T02:07:44.057+0100] {logging_mixin.py:137} INFO - [2022-12-23T02:07:44.057+0100] {dag.py:3423} INFO - Setting next_dagrun for example_external_task_marker_parent to None, run_after=None
[2022-12-23T02:07:44.108+0100] {processor.py:175} INFO - Processing /home/momo/.local/lib/python3.8/site-packages/airflow/example_dags/example_external_task_marker_dag.py took 0.203 seconds
[2022-12-23T02:08:48.478+0100] {processor.py:153} INFO - Started process (PID=6494) to work on /home/momo/.local/lib/python3.8/site-packages/airflow/example_dags/example_external_task_marker_dag.py
[2022-12-23T02:08:48.485+0100] {processor.py:743} INFO - Processing file /home/momo/.local/lib/python3.8/site-packages/airflow/example_dags/example_external_task_marker_dag.py for tasks to queue
[2022-12-23T02:08:48.487+0100] {logging_mixin.py:137} INFO - [2022-12-23T02:08:48.487+0100] {dagbag.py:538} INFO - Filling up the DagBag from /home/momo/.local/lib/python3.8/site-packages/airflow/example_dags/example_external_task_marker_dag.py
[2022-12-23T02:08:48.519+0100] {processor.py:753} INFO - DAG(s) dict_keys(['example_external_task_marker_child', 'example_external_task_marker_parent']) retrieved from /home/momo/.local/lib/python3.8/site-packages/airflow/example_dags/example_external_task_marker_dag.py
[2022-12-23T02:08:48.592+0100] {logging_mixin.py:137} INFO - [2022-12-23T02:08:48.591+0100] {dag.py:2676} INFO - Sync 2 DAGs
[2022-12-23T02:08:48.637+0100] {logging_mixin.py:137} INFO - [2022-12-23T02:08:48.637+0100] {dag.py:3423} INFO - Setting next_dagrun for example_external_task_marker_child to None, run_after=None
[2022-12-23T02:08:48.641+0100] {logging_mixin.py:137} INFO - [2022-12-23T02:08:48.641+0100] {dag.py:3423} INFO - Setting next_dagrun for example_external_task_marker_parent to None, run_after=None
[2022-12-23T02:08:48.667+0100] {processor.py:175} INFO - Processing /home/momo/.local/lib/python3.8/site-packages/airflow/example_dags/example_external_task_marker_dag.py took 0.198 seconds
[2022-12-23T02:09:47.015+0100] {processor.py:153} INFO - Started process (PID=6545) to work on /home/momo/.local/lib/python3.8/site-packages/airflow/example_dags/example_external_task_marker_dag.py
[2022-12-23T02:09:47.017+0100] {processor.py:743} INFO - Processing file /home/momo/.local/lib/python3.8/site-packages/airflow/example_dags/example_external_task_marker_dag.py for tasks to queue
[2022-12-23T02:09:47.018+0100] {logging_mixin.py:137} INFO - [2022-12-23T02:09:47.018+0100] {dagbag.py:538} INFO - Filling up the DagBag from /home/momo/.local/lib/python3.8/site-packages/airflow/example_dags/example_external_task_marker_dag.py
[2022-12-23T02:09:47.041+0100] {processor.py:753} INFO - DAG(s) dict_keys(['example_external_task_marker_parent', 'example_external_task_marker_child']) retrieved from /home/momo/.local/lib/python3.8/site-packages/airflow/example_dags/example_external_task_marker_dag.py
[2022-12-23T02:09:47.077+0100] {logging_mixin.py:137} INFO - [2022-12-23T02:09:47.076+0100] {dag.py:2676} INFO - Sync 2 DAGs
[2022-12-23T02:09:47.109+0100] {logging_mixin.py:137} INFO - [2022-12-23T02:09:47.108+0100] {dag.py:3423} INFO - Setting next_dagrun for example_external_task_marker_child to None, run_after=None
[2022-12-23T02:09:47.117+0100] {logging_mixin.py:137} INFO - [2022-12-23T02:09:47.117+0100] {dag.py:3423} INFO - Setting next_dagrun for example_external_task_marker_parent to None, run_after=None
[2022-12-23T02:09:47.150+0100] {processor.py:175} INFO - Processing /home/momo/.local/lib/python3.8/site-packages/airflow/example_dags/example_external_task_marker_dag.py took 0.142 seconds
[2022-12-23T02:10:50.805+0100] {processor.py:153} INFO - Started process (PID=6605) to work on /home/momo/.local/lib/python3.8/site-packages/airflow/example_dags/example_external_task_marker_dag.py
[2022-12-23T02:10:50.816+0100] {processor.py:743} INFO - Processing file /home/momo/.local/lib/python3.8/site-packages/airflow/example_dags/example_external_task_marker_dag.py for tasks to queue
[2022-12-23T02:10:50.819+0100] {logging_mixin.py:137} INFO - [2022-12-23T02:10:50.818+0100] {dagbag.py:538} INFO - Filling up the DagBag from /home/momo/.local/lib/python3.8/site-packages/airflow/example_dags/example_external_task_marker_dag.py
[2022-12-23T02:10:50.884+0100] {processor.py:753} INFO - DAG(s) dict_keys(['example_external_task_marker_parent', 'example_external_task_marker_child']) retrieved from /home/momo/.local/lib/python3.8/site-packages/airflow/example_dags/example_external_task_marker_dag.py
[2022-12-23T02:10:50.959+0100] {logging_mixin.py:137} INFO - [2022-12-23T02:10:50.959+0100] {dag.py:2676} INFO - Sync 2 DAGs
[2022-12-23T02:10:50.987+0100] {logging_mixin.py:137} INFO - [2022-12-23T02:10:50.987+0100] {dag.py:3423} INFO - Setting next_dagrun for example_external_task_marker_child to None, run_after=None
[2022-12-23T02:10:50.991+0100] {logging_mixin.py:137} INFO - [2022-12-23T02:10:50.991+0100] {dag.py:3423} INFO - Setting next_dagrun for example_external_task_marker_parent to None, run_after=None
[2022-12-23T02:10:51.023+0100] {processor.py:175} INFO - Processing /home/momo/.local/lib/python3.8/site-packages/airflow/example_dags/example_external_task_marker_dag.py took 0.231 seconds
[2022-12-23T02:11:54.933+0100] {processor.py:153} INFO - Started process (PID=6661) to work on /home/momo/.local/lib/python3.8/site-packages/airflow/example_dags/example_external_task_marker_dag.py
[2022-12-23T02:11:54.934+0100] {processor.py:743} INFO - Processing file /home/momo/.local/lib/python3.8/site-packages/airflow/example_dags/example_external_task_marker_dag.py for tasks to queue
[2022-12-23T02:11:54.935+0100] {logging_mixin.py:137} INFO - [2022-12-23T02:11:54.935+0100] {dagbag.py:538} INFO - Filling up the DagBag from /home/momo/.local/lib/python3.8/site-packages/airflow/example_dags/example_external_task_marker_dag.py
[2022-12-23T02:11:54.958+0100] {processor.py:753} INFO - DAG(s) dict_keys(['example_external_task_marker_child', 'example_external_task_marker_parent']) retrieved from /home/momo/.local/lib/python3.8/site-packages/airflow/example_dags/example_external_task_marker_dag.py
[2022-12-23T02:11:55.032+0100] {logging_mixin.py:137} INFO - [2022-12-23T02:11:55.031+0100] {dag.py:2676} INFO - Sync 2 DAGs
[2022-12-23T02:11:55.062+0100] {logging_mixin.py:137} INFO - [2022-12-23T02:11:55.061+0100] {dag.py:3423} INFO - Setting next_dagrun for example_external_task_marker_child to None, run_after=None
[2022-12-23T02:11:55.065+0100] {logging_mixin.py:137} INFO - [2022-12-23T02:11:55.065+0100] {dag.py:3423} INFO - Setting next_dagrun for example_external_task_marker_parent to None, run_after=None
[2022-12-23T02:11:55.097+0100] {processor.py:175} INFO - Processing /home/momo/.local/lib/python3.8/site-packages/airflow/example_dags/example_external_task_marker_dag.py took 0.169 seconds
[2022-12-23T02:12:52.709+0100] {processor.py:153} INFO - Started process (PID=6709) to work on /home/momo/.local/lib/python3.8/site-packages/airflow/example_dags/example_external_task_marker_dag.py
[2022-12-23T02:12:52.714+0100] {processor.py:743} INFO - Processing file /home/momo/.local/lib/python3.8/site-packages/airflow/example_dags/example_external_task_marker_dag.py for tasks to queue
[2022-12-23T02:12:52.716+0100] {logging_mixin.py:137} INFO - [2022-12-23T02:12:52.715+0100] {dagbag.py:538} INFO - Filling up the DagBag from /home/momo/.local/lib/python3.8/site-packages/airflow/example_dags/example_external_task_marker_dag.py
[2022-12-23T02:12:52.761+0100] {processor.py:753} INFO - DAG(s) dict_keys(['example_external_task_marker_child', 'example_external_task_marker_parent']) retrieved from /home/momo/.local/lib/python3.8/site-packages/airflow/example_dags/example_external_task_marker_dag.py
[2022-12-23T02:12:52.816+0100] {logging_mixin.py:137} INFO - [2022-12-23T02:12:52.816+0100] {dag.py:2676} INFO - Sync 2 DAGs
[2022-12-23T02:12:52.845+0100] {logging_mixin.py:137} INFO - [2022-12-23T02:12:52.844+0100] {dag.py:3423} INFO - Setting next_dagrun for example_external_task_marker_child to None, run_after=None
[2022-12-23T02:12:52.848+0100] {logging_mixin.py:137} INFO - [2022-12-23T02:12:52.848+0100] {dag.py:3423} INFO - Setting next_dagrun for example_external_task_marker_parent to None, run_after=None
[2022-12-23T02:12:52.879+0100] {processor.py:175} INFO - Processing /home/momo/.local/lib/python3.8/site-packages/airflow/example_dags/example_external_task_marker_dag.py took 0.186 seconds
[2022-12-23T02:13:54.353+0100] {processor.py:153} INFO - Started process (PID=6760) to work on /home/momo/.local/lib/python3.8/site-packages/airflow/example_dags/example_external_task_marker_dag.py
[2022-12-23T02:13:54.356+0100] {processor.py:743} INFO - Processing file /home/momo/.local/lib/python3.8/site-packages/airflow/example_dags/example_external_task_marker_dag.py for tasks to queue
[2022-12-23T02:13:54.358+0100] {logging_mixin.py:137} INFO - [2022-12-23T02:13:54.357+0100] {dagbag.py:538} INFO - Filling up the DagBag from /home/momo/.local/lib/python3.8/site-packages/airflow/example_dags/example_external_task_marker_dag.py
[2022-12-23T02:13:54.384+0100] {processor.py:753} INFO - DAG(s) dict_keys(['example_external_task_marker_parent', 'example_external_task_marker_child']) retrieved from /home/momo/.local/lib/python3.8/site-packages/airflow/example_dags/example_external_task_marker_dag.py
[2022-12-23T02:13:54.420+0100] {logging_mixin.py:137} INFO - [2022-12-23T02:13:54.420+0100] {dag.py:2676} INFO - Sync 2 DAGs
[2022-12-23T02:13:54.451+0100] {logging_mixin.py:137} INFO - [2022-12-23T02:13:54.451+0100] {dag.py:3423} INFO - Setting next_dagrun for example_external_task_marker_child to None, run_after=None
[2022-12-23T02:13:54.455+0100] {logging_mixin.py:137} INFO - [2022-12-23T02:13:54.455+0100] {dag.py:3423} INFO - Setting next_dagrun for example_external_task_marker_parent to None, run_after=None
[2022-12-23T02:13:54.485+0100] {processor.py:175} INFO - Processing /home/momo/.local/lib/python3.8/site-packages/airflow/example_dags/example_external_task_marker_dag.py took 0.145 seconds
[2022-12-23T02:15:01.803+0100] {processor.py:153} INFO - Started process (PID=6817) to work on /home/momo/.local/lib/python3.8/site-packages/airflow/example_dags/example_external_task_marker_dag.py
[2022-12-23T02:15:01.820+0100] {processor.py:743} INFO - Processing file /home/momo/.local/lib/python3.8/site-packages/airflow/example_dags/example_external_task_marker_dag.py for tasks to queue
[2022-12-23T02:15:01.821+0100] {logging_mixin.py:137} INFO - [2022-12-23T02:15:01.820+0100] {dagbag.py:538} INFO - Filling up the DagBag from /home/momo/.local/lib/python3.8/site-packages/airflow/example_dags/example_external_task_marker_dag.py
[2022-12-23T02:15:02.067+0100] {processor.py:753} INFO - DAG(s) dict_keys(['example_external_task_marker_child', 'example_external_task_marker_parent']) retrieved from /home/momo/.local/lib/python3.8/site-packages/airflow/example_dags/example_external_task_marker_dag.py
[2022-12-23T02:15:02.240+0100] {logging_mixin.py:137} INFO - [2022-12-23T02:15:02.240+0100] {dag.py:2676} INFO - Sync 2 DAGs
[2022-12-23T02:15:02.306+0100] {logging_mixin.py:137} INFO - [2022-12-23T02:15:02.302+0100] {dag.py:3423} INFO - Setting next_dagrun for example_external_task_marker_child to None, run_after=None
[2022-12-23T02:15:02.316+0100] {logging_mixin.py:137} INFO - [2022-12-23T02:15:02.316+0100] {dag.py:3423} INFO - Setting next_dagrun for example_external_task_marker_parent to None, run_after=None
[2022-12-23T02:15:02.361+0100] {processor.py:175} INFO - Processing /home/momo/.local/lib/python3.8/site-packages/airflow/example_dags/example_external_task_marker_dag.py took 0.609 seconds
[2022-12-23T02:15:59.981+0100] {processor.py:153} INFO - Started process (PID=6867) to work on /home/momo/.local/lib/python3.8/site-packages/airflow/example_dags/example_external_task_marker_dag.py
[2022-12-23T02:15:59.983+0100] {processor.py:743} INFO - Processing file /home/momo/.local/lib/python3.8/site-packages/airflow/example_dags/example_external_task_marker_dag.py for tasks to queue
[2022-12-23T02:15:59.984+0100] {logging_mixin.py:137} INFO - [2022-12-23T02:15:59.984+0100] {dagbag.py:538} INFO - Filling up the DagBag from /home/momo/.local/lib/python3.8/site-packages/airflow/example_dags/example_external_task_marker_dag.py
[2022-12-23T02:16:00.017+0100] {processor.py:753} INFO - DAG(s) dict_keys(['example_external_task_marker_parent', 'example_external_task_marker_child']) retrieved from /home/momo/.local/lib/python3.8/site-packages/airflow/example_dags/example_external_task_marker_dag.py
[2022-12-23T02:16:00.068+0100] {logging_mixin.py:137} INFO - [2022-12-23T02:16:00.068+0100] {dag.py:2676} INFO - Sync 2 DAGs
[2022-12-23T02:16:00.101+0100] {logging_mixin.py:137} INFO - [2022-12-23T02:16:00.101+0100] {dag.py:3423} INFO - Setting next_dagrun for example_external_task_marker_child to None, run_after=None
[2022-12-23T02:16:00.105+0100] {logging_mixin.py:137} INFO - [2022-12-23T02:16:00.104+0100] {dag.py:3423} INFO - Setting next_dagrun for example_external_task_marker_parent to None, run_after=None
[2022-12-23T02:16:00.139+0100] {processor.py:175} INFO - Processing /home/momo/.local/lib/python3.8/site-packages/airflow/example_dags/example_external_task_marker_dag.py took 0.163 seconds
[2022-12-23T02:16:58.890+0100] {processor.py:153} INFO - Started process (PID=6919) to work on /home/momo/.local/lib/python3.8/site-packages/airflow/example_dags/example_external_task_marker_dag.py
[2022-12-23T02:16:58.893+0100] {processor.py:743} INFO - Processing file /home/momo/.local/lib/python3.8/site-packages/airflow/example_dags/example_external_task_marker_dag.py for tasks to queue
[2022-12-23T02:16:58.894+0100] {logging_mixin.py:137} INFO - [2022-12-23T02:16:58.894+0100] {dagbag.py:538} INFO - Filling up the DagBag from /home/momo/.local/lib/python3.8/site-packages/airflow/example_dags/example_external_task_marker_dag.py
[2022-12-23T02:16:58.918+0100] {processor.py:753} INFO - DAG(s) dict_keys(['example_external_task_marker_child', 'example_external_task_marker_parent']) retrieved from /home/momo/.local/lib/python3.8/site-packages/airflow/example_dags/example_external_task_marker_dag.py
[2022-12-23T02:16:58.954+0100] {logging_mixin.py:137} INFO - [2022-12-23T02:16:58.954+0100] {dag.py:2676} INFO - Sync 2 DAGs
[2022-12-23T02:16:58.984+0100] {logging_mixin.py:137} INFO - [2022-12-23T02:16:58.983+0100] {dag.py:3423} INFO - Setting next_dagrun for example_external_task_marker_child to None, run_after=None
[2022-12-23T02:16:58.987+0100] {logging_mixin.py:137} INFO - [2022-12-23T02:16:58.987+0100] {dag.py:3423} INFO - Setting next_dagrun for example_external_task_marker_parent to None, run_after=None
[2022-12-23T02:16:59.020+0100] {processor.py:175} INFO - Processing /home/momo/.local/lib/python3.8/site-packages/airflow/example_dags/example_external_task_marker_dag.py took 0.140 seconds
[2022-12-23T02:18:01.436+0100] {processor.py:153} INFO - Started process (PID=6978) to work on /home/momo/.local/lib/python3.8/site-packages/airflow/example_dags/example_external_task_marker_dag.py
[2022-12-23T02:18:01.438+0100] {processor.py:743} INFO - Processing file /home/momo/.local/lib/python3.8/site-packages/airflow/example_dags/example_external_task_marker_dag.py for tasks to queue
[2022-12-23T02:18:01.439+0100] {logging_mixin.py:137} INFO - [2022-12-23T02:18:01.439+0100] {dagbag.py:538} INFO - Filling up the DagBag from /home/momo/.local/lib/python3.8/site-packages/airflow/example_dags/example_external_task_marker_dag.py
[2022-12-23T02:18:01.477+0100] {processor.py:753} INFO - DAG(s) dict_keys(['example_external_task_marker_child', 'example_external_task_marker_parent']) retrieved from /home/momo/.local/lib/python3.8/site-packages/airflow/example_dags/example_external_task_marker_dag.py
[2022-12-23T02:18:01.531+0100] {logging_mixin.py:137} INFO - [2022-12-23T02:18:01.531+0100] {dag.py:2676} INFO - Sync 2 DAGs
[2022-12-23T02:18:01.571+0100] {logging_mixin.py:137} INFO - [2022-12-23T02:18:01.570+0100] {dag.py:3423} INFO - Setting next_dagrun for example_external_task_marker_child to None, run_after=None
[2022-12-23T02:18:01.578+0100] {logging_mixin.py:137} INFO - [2022-12-23T02:18:01.578+0100] {dag.py:3423} INFO - Setting next_dagrun for example_external_task_marker_parent to None, run_after=None
[2022-12-23T02:18:01.712+0100] {processor.py:175} INFO - Processing /home/momo/.local/lib/python3.8/site-packages/airflow/example_dags/example_external_task_marker_dag.py took 0.287 seconds
[2022-12-23T02:19:04.370+0100] {processor.py:153} INFO - Started process (PID=7029) to work on /home/momo/.local/lib/python3.8/site-packages/airflow/example_dags/example_external_task_marker_dag.py
[2022-12-23T02:19:04.375+0100] {processor.py:743} INFO - Processing file /home/momo/.local/lib/python3.8/site-packages/airflow/example_dags/example_external_task_marker_dag.py for tasks to queue
[2022-12-23T02:19:04.378+0100] {logging_mixin.py:137} INFO - [2022-12-23T02:19:04.377+0100] {dagbag.py:538} INFO - Filling up the DagBag from /home/momo/.local/lib/python3.8/site-packages/airflow/example_dags/example_external_task_marker_dag.py
[2022-12-23T02:19:04.435+0100] {processor.py:753} INFO - DAG(s) dict_keys(['example_external_task_marker_parent', 'example_external_task_marker_child']) retrieved from /home/momo/.local/lib/python3.8/site-packages/airflow/example_dags/example_external_task_marker_dag.py
[2022-12-23T02:19:04.480+0100] {logging_mixin.py:137} INFO - [2022-12-23T02:19:04.480+0100] {dag.py:2676} INFO - Sync 2 DAGs
[2022-12-23T02:19:04.509+0100] {logging_mixin.py:137} INFO - [2022-12-23T02:19:04.508+0100] {dag.py:3423} INFO - Setting next_dagrun for example_external_task_marker_child to None, run_after=None
[2022-12-23T02:19:04.513+0100] {logging_mixin.py:137} INFO - [2022-12-23T02:19:04.513+0100] {dag.py:3423} INFO - Setting next_dagrun for example_external_task_marker_parent to None, run_after=None
[2022-12-23T02:19:04.535+0100] {processor.py:175} INFO - Processing /home/momo/.local/lib/python3.8/site-packages/airflow/example_dags/example_external_task_marker_dag.py took 0.179 seconds
[2022-12-23T02:20:03.176+0100] {processor.py:153} INFO - Started process (PID=7129) to work on /home/momo/.local/lib/python3.8/site-packages/airflow/example_dags/example_external_task_marker_dag.py
[2022-12-23T02:20:03.180+0100] {processor.py:743} INFO - Processing file /home/momo/.local/lib/python3.8/site-packages/airflow/example_dags/example_external_task_marker_dag.py for tasks to queue
[2022-12-23T02:20:03.183+0100] {logging_mixin.py:137} INFO - [2022-12-23T02:20:03.183+0100] {dagbag.py:538} INFO - Filling up the DagBag from /home/momo/.local/lib/python3.8/site-packages/airflow/example_dags/example_external_task_marker_dag.py
[2022-12-23T02:20:03.213+0100] {processor.py:753} INFO - DAG(s) dict_keys(['example_external_task_marker_parent', 'example_external_task_marker_child']) retrieved from /home/momo/.local/lib/python3.8/site-packages/airflow/example_dags/example_external_task_marker_dag.py
[2022-12-23T02:20:03.251+0100] {logging_mixin.py:137} INFO - [2022-12-23T02:20:03.250+0100] {dag.py:2676} INFO - Sync 2 DAGs
[2022-12-23T02:20:03.279+0100] {logging_mixin.py:137} INFO - [2022-12-23T02:20:03.279+0100] {dag.py:3423} INFO - Setting next_dagrun for example_external_task_marker_child to None, run_after=None
[2022-12-23T02:20:03.283+0100] {logging_mixin.py:137} INFO - [2022-12-23T02:20:03.283+0100] {dag.py:3423} INFO - Setting next_dagrun for example_external_task_marker_parent to None, run_after=None
[2022-12-23T02:20:03.318+0100] {processor.py:175} INFO - Processing /home/momo/.local/lib/python3.8/site-packages/airflow/example_dags/example_external_task_marker_dag.py took 0.157 seconds
[2022-12-23T02:21:10.115+0100] {processor.py:153} INFO - Started process (PID=7184) to work on /home/momo/.local/lib/python3.8/site-packages/airflow/example_dags/example_external_task_marker_dag.py
[2022-12-23T02:21:10.128+0100] {processor.py:743} INFO - Processing file /home/momo/.local/lib/python3.8/site-packages/airflow/example_dags/example_external_task_marker_dag.py for tasks to queue
[2022-12-23T02:21:10.129+0100] {logging_mixin.py:137} INFO - [2022-12-23T02:21:10.129+0100] {dagbag.py:538} INFO - Filling up the DagBag from /home/momo/.local/lib/python3.8/site-packages/airflow/example_dags/example_external_task_marker_dag.py
[2022-12-23T02:21:10.191+0100] {processor.py:753} INFO - DAG(s) dict_keys(['example_external_task_marker_parent', 'example_external_task_marker_child']) retrieved from /home/momo/.local/lib/python3.8/site-packages/airflow/example_dags/example_external_task_marker_dag.py
[2022-12-23T02:21:10.244+0100] {logging_mixin.py:137} INFO - [2022-12-23T02:21:10.243+0100] {dag.py:2676} INFO - Sync 2 DAGs
[2022-12-23T02:21:10.281+0100] {logging_mixin.py:137} INFO - [2022-12-23T02:21:10.280+0100] {dag.py:3423} INFO - Setting next_dagrun for example_external_task_marker_child to None, run_after=None
[2022-12-23T02:21:10.289+0100] {logging_mixin.py:137} INFO - [2022-12-23T02:21:10.289+0100] {dag.py:3423} INFO - Setting next_dagrun for example_external_task_marker_parent to None, run_after=None
[2022-12-23T02:21:10.398+0100] {processor.py:175} INFO - Processing /home/momo/.local/lib/python3.8/site-packages/airflow/example_dags/example_external_task_marker_dag.py took 0.293 seconds
[2022-12-23T02:22:11.609+0100] {processor.py:153} INFO - Started process (PID=7242) to work on /home/momo/.local/lib/python3.8/site-packages/airflow/example_dags/example_external_task_marker_dag.py
[2022-12-23T02:22:11.611+0100] {processor.py:743} INFO - Processing file /home/momo/.local/lib/python3.8/site-packages/airflow/example_dags/example_external_task_marker_dag.py for tasks to queue
[2022-12-23T02:22:11.613+0100] {logging_mixin.py:137} INFO - [2022-12-23T02:22:11.613+0100] {dagbag.py:538} INFO - Filling up the DagBag from /home/momo/.local/lib/python3.8/site-packages/airflow/example_dags/example_external_task_marker_dag.py
[2022-12-23T02:22:11.645+0100] {processor.py:753} INFO - DAG(s) dict_keys(['example_external_task_marker_parent', 'example_external_task_marker_child']) retrieved from /home/momo/.local/lib/python3.8/site-packages/airflow/example_dags/example_external_task_marker_dag.py
[2022-12-23T02:22:11.695+0100] {logging_mixin.py:137} INFO - [2022-12-23T02:22:11.695+0100] {dag.py:2676} INFO - Sync 2 DAGs
[2022-12-23T02:22:11.741+0100] {logging_mixin.py:137} INFO - [2022-12-23T02:22:11.741+0100] {dag.py:3423} INFO - Setting next_dagrun for example_external_task_marker_child to None, run_after=None
[2022-12-23T02:22:11.747+0100] {logging_mixin.py:137} INFO - [2022-12-23T02:22:11.746+0100] {dag.py:3423} INFO - Setting next_dagrun for example_external_task_marker_parent to None, run_after=None
[2022-12-23T02:22:11.795+0100] {processor.py:175} INFO - Processing /home/momo/.local/lib/python3.8/site-packages/airflow/example_dags/example_external_task_marker_dag.py took 0.192 seconds
