[2022-12-23T01:01:04.503+0100] {processor.py:153} INFO - Started process (PID=27059) to work on /home/momo/.local/lib/python3.8/site-packages/airflow/example_dags/example_bash_operator.py
[2022-12-23T01:01:04.505+0100] {processor.py:743} INFO - Processing file /home/momo/.local/lib/python3.8/site-packages/airflow/example_dags/example_bash_operator.py for tasks to queue
[2022-12-23T01:01:04.507+0100] {logging_mixin.py:137} INFO - [2022-12-23T01:01:04.507+0100] {dagbag.py:538} INFO - Filling up the DagBag from /home/momo/.local/lib/python3.8/site-packages/airflow/example_dags/example_bash_operator.py
[2022-12-23T01:01:04.562+0100] {processor.py:753} INFO - DAG(s) dict_keys(['example_bash_operator']) retrieved from /home/momo/.local/lib/python3.8/site-packages/airflow/example_dags/example_bash_operator.py
[2022-12-23T01:01:04.648+0100] {logging_mixin.py:137} INFO - [2022-12-23T01:01:04.647+0100] {dag.py:2676} INFO - Sync 1 DAGs
[2022-12-23T01:01:04.699+0100] {logging_mixin.py:137} INFO - [2022-12-23T01:01:04.698+0100] {dag.py:3423} INFO - Setting next_dagrun for example_bash_operator to 2022-12-22T00:00:00+00:00, run_after=2022-12-23T00:00:00+00:00
[2022-12-23T01:01:04.751+0100] {processor.py:175} INFO - Processing /home/momo/.local/lib/python3.8/site-packages/airflow/example_dags/example_bash_operator.py took 0.255 seconds
[2022-12-23T01:02:15.104+0100] {processor.py:153} INFO - Started process (PID=27109) to work on /home/momo/.local/lib/python3.8/site-packages/airflow/example_dags/example_bash_operator.py
[2022-12-23T01:02:15.110+0100] {processor.py:743} INFO - Processing file /home/momo/.local/lib/python3.8/site-packages/airflow/example_dags/example_bash_operator.py for tasks to queue
[2022-12-23T01:02:15.113+0100] {logging_mixin.py:137} INFO - [2022-12-23T01:02:15.112+0100] {dagbag.py:538} INFO - Filling up the DagBag from /home/momo/.local/lib/python3.8/site-packages/airflow/example_dags/example_bash_operator.py
[2022-12-23T01:02:15.195+0100] {processor.py:753} INFO - DAG(s) dict_keys(['example_bash_operator']) retrieved from /home/momo/.local/lib/python3.8/site-packages/airflow/example_dags/example_bash_operator.py
[2022-12-23T01:02:15.298+0100] {logging_mixin.py:137} INFO - [2022-12-23T01:02:15.297+0100] {dag.py:2676} INFO - Sync 1 DAGs
[2022-12-23T01:02:15.353+0100] {logging_mixin.py:137} INFO - [2022-12-23T01:02:15.353+0100] {dag.py:3423} INFO - Setting next_dagrun for example_bash_operator to 2022-12-22T00:00:00+00:00, run_after=2022-12-23T00:00:00+00:00
[2022-12-23T01:02:15.429+0100] {processor.py:175} INFO - Processing /home/momo/.local/lib/python3.8/site-packages/airflow/example_dags/example_bash_operator.py took 0.339 seconds
[2022-12-23T01:03:25.629+0100] {processor.py:153} INFO - Started process (PID=27164) to work on /home/momo/.local/lib/python3.8/site-packages/airflow/example_dags/example_bash_operator.py
[2022-12-23T01:03:25.633+0100] {processor.py:743} INFO - Processing file /home/momo/.local/lib/python3.8/site-packages/airflow/example_dags/example_bash_operator.py for tasks to queue
[2022-12-23T01:03:25.636+0100] {logging_mixin.py:137} INFO - [2022-12-23T01:03:25.635+0100] {dagbag.py:538} INFO - Filling up the DagBag from /home/momo/.local/lib/python3.8/site-packages/airflow/example_dags/example_bash_operator.py
[2022-12-23T01:03:25.742+0100] {processor.py:753} INFO - DAG(s) dict_keys(['example_bash_operator']) retrieved from /home/momo/.local/lib/python3.8/site-packages/airflow/example_dags/example_bash_operator.py
[2022-12-23T01:03:25.908+0100] {logging_mixin.py:137} INFO - [2022-12-23T01:03:25.907+0100] {dag.py:2676} INFO - Sync 1 DAGs
[2022-12-23T01:03:25.960+0100] {logging_mixin.py:137} INFO - [2022-12-23T01:03:25.960+0100] {dag.py:3423} INFO - Setting next_dagrun for example_bash_operator to 2022-12-22T00:00:00+00:00, run_after=2022-12-23T00:00:00+00:00
[2022-12-23T01:03:26.014+0100] {processor.py:175} INFO - Processing /home/momo/.local/lib/python3.8/site-packages/airflow/example_dags/example_bash_operator.py took 0.404 seconds
[2022-12-23T01:04:37.230+0100] {processor.py:153} INFO - Started process (PID=27213) to work on /home/momo/.local/lib/python3.8/site-packages/airflow/example_dags/example_bash_operator.py
[2022-12-23T01:04:37.233+0100] {processor.py:743} INFO - Processing file /home/momo/.local/lib/python3.8/site-packages/airflow/example_dags/example_bash_operator.py for tasks to queue
[2022-12-23T01:04:37.235+0100] {logging_mixin.py:137} INFO - [2022-12-23T01:04:37.234+0100] {dagbag.py:538} INFO - Filling up the DagBag from /home/momo/.local/lib/python3.8/site-packages/airflow/example_dags/example_bash_operator.py
[2022-12-23T01:04:37.293+0100] {processor.py:753} INFO - DAG(s) dict_keys(['example_bash_operator']) retrieved from /home/momo/.local/lib/python3.8/site-packages/airflow/example_dags/example_bash_operator.py
[2022-12-23T01:04:37.378+0100] {logging_mixin.py:137} INFO - [2022-12-23T01:04:37.378+0100] {dag.py:2676} INFO - Sync 1 DAGs
[2022-12-23T01:04:37.435+0100] {logging_mixin.py:137} INFO - [2022-12-23T01:04:37.435+0100] {dag.py:3423} INFO - Setting next_dagrun for example_bash_operator to 2022-12-22T00:00:00+00:00, run_after=2022-12-23T00:00:00+00:00
[2022-12-23T01:04:37.786+0100] {processor.py:175} INFO - Processing /home/momo/.local/lib/python3.8/site-packages/airflow/example_dags/example_bash_operator.py took 0.573 seconds
[2022-12-23T01:05:35.176+0100] {processor.py:153} INFO - Started process (PID=27251) to work on /home/momo/.local/lib/python3.8/site-packages/airflow/example_dags/example_bash_operator.py
[2022-12-23T01:05:35.181+0100] {processor.py:743} INFO - Processing file /home/momo/.local/lib/python3.8/site-packages/airflow/example_dags/example_bash_operator.py for tasks to queue
[2022-12-23T01:05:35.184+0100] {logging_mixin.py:137} INFO - [2022-12-23T01:05:35.183+0100] {dagbag.py:538} INFO - Filling up the DagBag from /home/momo/.local/lib/python3.8/site-packages/airflow/example_dags/example_bash_operator.py
[2022-12-23T01:05:35.290+0100] {processor.py:753} INFO - DAG(s) dict_keys(['example_bash_operator']) retrieved from /home/momo/.local/lib/python3.8/site-packages/airflow/example_dags/example_bash_operator.py
[2022-12-23T01:05:35.404+0100] {logging_mixin.py:137} INFO - [2022-12-23T01:05:35.404+0100] {dag.py:2676} INFO - Sync 1 DAGs
[2022-12-23T01:05:35.458+0100] {logging_mixin.py:137} INFO - [2022-12-23T01:05:35.458+0100] {dag.py:3423} INFO - Setting next_dagrun for example_bash_operator to 2022-12-22T00:00:00+00:00, run_after=2022-12-23T00:00:00+00:00
[2022-12-23T01:05:35.525+0100] {processor.py:175} INFO - Processing /home/momo/.local/lib/python3.8/site-packages/airflow/example_dags/example_bash_operator.py took 0.366 seconds
[2022-12-23T01:06:47.729+0100] {processor.py:153} INFO - Started process (PID=27303) to work on /home/momo/.local/lib/python3.8/site-packages/airflow/example_dags/example_bash_operator.py
[2022-12-23T01:06:47.746+0100] {processor.py:743} INFO - Processing file /home/momo/.local/lib/python3.8/site-packages/airflow/example_dags/example_bash_operator.py for tasks to queue
[2022-12-23T01:06:47.750+0100] {logging_mixin.py:137} INFO - [2022-12-23T01:06:47.749+0100] {dagbag.py:538} INFO - Filling up the DagBag from /home/momo/.local/lib/python3.8/site-packages/airflow/example_dags/example_bash_operator.py
[2022-12-23T01:06:47.910+0100] {processor.py:753} INFO - DAG(s) dict_keys(['example_bash_operator']) retrieved from /home/momo/.local/lib/python3.8/site-packages/airflow/example_dags/example_bash_operator.py
[2022-12-23T01:06:48.060+0100] {logging_mixin.py:137} INFO - [2022-12-23T01:06:48.060+0100] {dag.py:2676} INFO - Sync 1 DAGs
[2022-12-23T01:06:48.111+0100] {logging_mixin.py:137} INFO - [2022-12-23T01:06:48.111+0100] {dag.py:3423} INFO - Setting next_dagrun for example_bash_operator to 2022-12-22T00:00:00+00:00, run_after=2022-12-23T00:00:00+00:00
[2022-12-23T01:06:48.161+0100] {processor.py:175} INFO - Processing /home/momo/.local/lib/python3.8/site-packages/airflow/example_dags/example_bash_operator.py took 0.473 seconds
[2022-12-23T01:07:55.575+0100] {processor.py:153} INFO - Started process (PID=27351) to work on /home/momo/.local/lib/python3.8/site-packages/airflow/example_dags/example_bash_operator.py
[2022-12-23T01:07:55.577+0100] {processor.py:743} INFO - Processing file /home/momo/.local/lib/python3.8/site-packages/airflow/example_dags/example_bash_operator.py for tasks to queue
[2022-12-23T01:07:55.578+0100] {logging_mixin.py:137} INFO - [2022-12-23T01:07:55.578+0100] {dagbag.py:538} INFO - Filling up the DagBag from /home/momo/.local/lib/python3.8/site-packages/airflow/example_dags/example_bash_operator.py
[2022-12-23T01:07:55.681+0100] {processor.py:753} INFO - DAG(s) dict_keys(['example_bash_operator']) retrieved from /home/momo/.local/lib/python3.8/site-packages/airflow/example_dags/example_bash_operator.py
[2022-12-23T01:07:55.845+0100] {logging_mixin.py:137} INFO - [2022-12-23T01:07:55.845+0100] {dag.py:2676} INFO - Sync 1 DAGs
[2022-12-23T01:07:55.929+0100] {logging_mixin.py:137} INFO - [2022-12-23T01:07:55.928+0100] {dag.py:3423} INFO - Setting next_dagrun for example_bash_operator to 2022-12-22T00:00:00+00:00, run_after=2022-12-23T00:00:00+00:00
[2022-12-23T01:07:55.982+0100] {processor.py:175} INFO - Processing /home/momo/.local/lib/python3.8/site-packages/airflow/example_dags/example_bash_operator.py took 0.417 seconds
[2022-12-23T01:09:06.204+0100] {processor.py:153} INFO - Started process (PID=27409) to work on /home/momo/.local/lib/python3.8/site-packages/airflow/example_dags/example_bash_operator.py
[2022-12-23T01:09:06.209+0100] {processor.py:743} INFO - Processing file /home/momo/.local/lib/python3.8/site-packages/airflow/example_dags/example_bash_operator.py for tasks to queue
[2022-12-23T01:09:06.212+0100] {logging_mixin.py:137} INFO - [2022-12-23T01:09:06.212+0100] {dagbag.py:538} INFO - Filling up the DagBag from /home/momo/.local/lib/python3.8/site-packages/airflow/example_dags/example_bash_operator.py
[2022-12-23T01:09:06.288+0100] {processor.py:753} INFO - DAG(s) dict_keys(['example_bash_operator']) retrieved from /home/momo/.local/lib/python3.8/site-packages/airflow/example_dags/example_bash_operator.py
[2022-12-23T01:09:06.378+0100] {logging_mixin.py:137} INFO - [2022-12-23T01:09:06.377+0100] {dag.py:2676} INFO - Sync 1 DAGs
[2022-12-23T01:09:06.429+0100] {logging_mixin.py:137} INFO - [2022-12-23T01:09:06.429+0100] {dag.py:3423} INFO - Setting next_dagrun for example_bash_operator to 2022-12-22T00:00:00+00:00, run_after=2022-12-23T00:00:00+00:00
[2022-12-23T01:09:06.480+0100] {processor.py:175} INFO - Processing /home/momo/.local/lib/python3.8/site-packages/airflow/example_dags/example_bash_operator.py took 0.292 seconds
[2022-12-23T01:10:08.257+0100] {processor.py:153} INFO - Started process (PID=27448) to work on /home/momo/.local/lib/python3.8/site-packages/airflow/example_dags/example_bash_operator.py
[2022-12-23T01:10:08.261+0100] {processor.py:743} INFO - Processing file /home/momo/.local/lib/python3.8/site-packages/airflow/example_dags/example_bash_operator.py for tasks to queue
[2022-12-23T01:10:08.264+0100] {logging_mixin.py:137} INFO - [2022-12-23T01:10:08.263+0100] {dagbag.py:538} INFO - Filling up the DagBag from /home/momo/.local/lib/python3.8/site-packages/airflow/example_dags/example_bash_operator.py
[2022-12-23T01:10:08.339+0100] {processor.py:753} INFO - DAG(s) dict_keys(['example_bash_operator']) retrieved from /home/momo/.local/lib/python3.8/site-packages/airflow/example_dags/example_bash_operator.py
[2022-12-23T01:10:08.426+0100] {logging_mixin.py:137} INFO - [2022-12-23T01:10:08.426+0100] {dag.py:2676} INFO - Sync 1 DAGs
[2022-12-23T01:10:08.481+0100] {logging_mixin.py:137} INFO - [2022-12-23T01:10:08.480+0100] {dag.py:3423} INFO - Setting next_dagrun for example_bash_operator to 2022-12-22T00:00:00+00:00, run_after=2022-12-23T00:00:00+00:00
[2022-12-23T01:10:08.792+0100] {processor.py:175} INFO - Processing /home/momo/.local/lib/python3.8/site-packages/airflow/example_dags/example_bash_operator.py took 0.549 seconds
[2022-12-23T01:11:08.742+0100] {processor.py:153} INFO - Started process (PID=27487) to work on /home/momo/.local/lib/python3.8/site-packages/airflow/example_dags/example_bash_operator.py
[2022-12-23T01:11:08.748+0100] {processor.py:743} INFO - Processing file /home/momo/.local/lib/python3.8/site-packages/airflow/example_dags/example_bash_operator.py for tasks to queue
[2022-12-23T01:11:08.751+0100] {logging_mixin.py:137} INFO - [2022-12-23T01:11:08.751+0100] {dagbag.py:538} INFO - Filling up the DagBag from /home/momo/.local/lib/python3.8/site-packages/airflow/example_dags/example_bash_operator.py
[2022-12-23T01:11:08.839+0100] {processor.py:753} INFO - DAG(s) dict_keys(['example_bash_operator']) retrieved from /home/momo/.local/lib/python3.8/site-packages/airflow/example_dags/example_bash_operator.py
[2022-12-23T01:11:08.927+0100] {logging_mixin.py:137} INFO - [2022-12-23T01:11:08.927+0100] {dag.py:2676} INFO - Sync 1 DAGs
[2022-12-23T01:11:09.003+0100] {logging_mixin.py:137} INFO - [2022-12-23T01:11:09.002+0100] {dag.py:3423} INFO - Setting next_dagrun for example_bash_operator to 2022-12-22T00:00:00+00:00, run_after=2022-12-23T00:00:00+00:00
[2022-12-23T01:11:09.187+0100] {processor.py:175} INFO - Processing /home/momo/.local/lib/python3.8/site-packages/airflow/example_dags/example_bash_operator.py took 0.464 seconds
[2022-12-23T01:12:18.341+0100] {processor.py:153} INFO - Started process (PID=27537) to work on /home/momo/.local/lib/python3.8/site-packages/airflow/example_dags/example_bash_operator.py
[2022-12-23T01:12:18.344+0100] {processor.py:743} INFO - Processing file /home/momo/.local/lib/python3.8/site-packages/airflow/example_dags/example_bash_operator.py for tasks to queue
[2022-12-23T01:12:18.347+0100] {logging_mixin.py:137} INFO - [2022-12-23T01:12:18.346+0100] {dagbag.py:538} INFO - Filling up the DagBag from /home/momo/.local/lib/python3.8/site-packages/airflow/example_dags/example_bash_operator.py
[2022-12-23T01:12:18.411+0100] {processor.py:753} INFO - DAG(s) dict_keys(['example_bash_operator']) retrieved from /home/momo/.local/lib/python3.8/site-packages/airflow/example_dags/example_bash_operator.py
[2022-12-23T01:12:18.528+0100] {logging_mixin.py:137} INFO - [2022-12-23T01:12:18.527+0100] {dag.py:2676} INFO - Sync 1 DAGs
[2022-12-23T01:12:18.597+0100] {logging_mixin.py:137} INFO - [2022-12-23T01:12:18.596+0100] {dag.py:3423} INFO - Setting next_dagrun for example_bash_operator to 2022-12-22T00:00:00+00:00, run_after=2022-12-23T00:00:00+00:00
[2022-12-23T01:12:18.652+0100] {processor.py:175} INFO - Processing /home/momo/.local/lib/python3.8/site-packages/airflow/example_dags/example_bash_operator.py took 0.320 seconds
[2022-12-23T01:13:27.034+0100] {processor.py:153} INFO - Started process (PID=27591) to work on /home/momo/.local/lib/python3.8/site-packages/airflow/example_dags/example_bash_operator.py
[2022-12-23T01:13:27.039+0100] {processor.py:743} INFO - Processing file /home/momo/.local/lib/python3.8/site-packages/airflow/example_dags/example_bash_operator.py for tasks to queue
[2022-12-23T01:13:27.042+0100] {logging_mixin.py:137} INFO - [2022-12-23T01:13:27.042+0100] {dagbag.py:538} INFO - Filling up the DagBag from /home/momo/.local/lib/python3.8/site-packages/airflow/example_dags/example_bash_operator.py
[2022-12-23T01:13:27.146+0100] {processor.py:753} INFO - DAG(s) dict_keys(['example_bash_operator']) retrieved from /home/momo/.local/lib/python3.8/site-packages/airflow/example_dags/example_bash_operator.py
[2022-12-23T01:13:27.239+0100] {logging_mixin.py:137} INFO - [2022-12-23T01:13:27.238+0100] {dag.py:2676} INFO - Sync 1 DAGs
[2022-12-23T01:13:27.292+0100] {logging_mixin.py:137} INFO - [2022-12-23T01:13:27.292+0100] {dag.py:3423} INFO - Setting next_dagrun for example_bash_operator to 2022-12-22T00:00:00+00:00, run_after=2022-12-23T00:00:00+00:00
[2022-12-23T01:13:27.346+0100] {processor.py:175} INFO - Processing /home/momo/.local/lib/python3.8/site-packages/airflow/example_dags/example_bash_operator.py took 0.340 seconds
[2022-12-23T01:14:41.043+0100] {processor.py:153} INFO - Started process (PID=27643) to work on /home/momo/.local/lib/python3.8/site-packages/airflow/example_dags/example_bash_operator.py
[2022-12-23T01:14:41.048+0100] {processor.py:743} INFO - Processing file /home/momo/.local/lib/python3.8/site-packages/airflow/example_dags/example_bash_operator.py for tasks to queue
[2022-12-23T01:14:41.051+0100] {logging_mixin.py:137} INFO - [2022-12-23T01:14:41.051+0100] {dagbag.py:538} INFO - Filling up the DagBag from /home/momo/.local/lib/python3.8/site-packages/airflow/example_dags/example_bash_operator.py
[2022-12-23T01:14:41.136+0100] {processor.py:753} INFO - DAG(s) dict_keys(['example_bash_operator']) retrieved from /home/momo/.local/lib/python3.8/site-packages/airflow/example_dags/example_bash_operator.py
[2022-12-23T01:14:41.222+0100] {logging_mixin.py:137} INFO - [2022-12-23T01:14:41.221+0100] {dag.py:2676} INFO - Sync 1 DAGs
[2022-12-23T01:14:41.276+0100] {logging_mixin.py:137} INFO - [2022-12-23T01:14:41.275+0100] {dag.py:3423} INFO - Setting next_dagrun for example_bash_operator to 2022-12-22T00:00:00+00:00, run_after=2022-12-23T00:00:00+00:00
[2022-12-23T01:14:41.331+0100] {processor.py:175} INFO - Processing /home/momo/.local/lib/python3.8/site-packages/airflow/example_dags/example_bash_operator.py took 0.304 seconds
[2022-12-23T01:16:06.108+0100] {processor.py:153} INFO - Started process (PID=27698) to work on /home/momo/.local/lib/python3.8/site-packages/airflow/example_dags/example_bash_operator.py
[2022-12-23T01:16:06.113+0100] {processor.py:743} INFO - Processing file /home/momo/.local/lib/python3.8/site-packages/airflow/example_dags/example_bash_operator.py for tasks to queue
[2022-12-23T01:16:06.117+0100] {logging_mixin.py:137} INFO - [2022-12-23T01:16:06.116+0100] {dagbag.py:538} INFO - Filling up the DagBag from /home/momo/.local/lib/python3.8/site-packages/airflow/example_dags/example_bash_operator.py
[2022-12-23T01:16:06.313+0100] {processor.py:753} INFO - DAG(s) dict_keys(['example_bash_operator']) retrieved from /home/momo/.local/lib/python3.8/site-packages/airflow/example_dags/example_bash_operator.py
[2022-12-23T01:16:06.400+0100] {logging_mixin.py:137} INFO - [2022-12-23T01:16:06.399+0100] {dag.py:2676} INFO - Sync 1 DAGs
[2022-12-23T01:16:06.456+0100] {logging_mixin.py:137} INFO - [2022-12-23T01:16:06.456+0100] {dag.py:3423} INFO - Setting next_dagrun for example_bash_operator to 2022-12-22T00:00:00+00:00, run_after=2022-12-23T00:00:00+00:00
[2022-12-23T01:16:06.509+0100] {processor.py:175} INFO - Processing /home/momo/.local/lib/python3.8/site-packages/airflow/example_dags/example_bash_operator.py took 0.417 seconds
[2022-12-23T01:17:04.000+0100] {processor.py:153} INFO - Started process (PID=27741) to work on /home/momo/.local/lib/python3.8/site-packages/airflow/example_dags/example_bash_operator.py
[2022-12-23T01:17:04.005+0100] {processor.py:743} INFO - Processing file /home/momo/.local/lib/python3.8/site-packages/airflow/example_dags/example_bash_operator.py for tasks to queue
[2022-12-23T01:17:04.007+0100] {logging_mixin.py:137} INFO - [2022-12-23T01:17:04.007+0100] {dagbag.py:538} INFO - Filling up the DagBag from /home/momo/.local/lib/python3.8/site-packages/airflow/example_dags/example_bash_operator.py
[2022-12-23T01:17:04.062+0100] {processor.py:753} INFO - DAG(s) dict_keys(['example_bash_operator']) retrieved from /home/momo/.local/lib/python3.8/site-packages/airflow/example_dags/example_bash_operator.py
[2022-12-23T01:17:04.128+0100] {logging_mixin.py:137} INFO - [2022-12-23T01:17:04.128+0100] {dag.py:2676} INFO - Sync 1 DAGs
[2022-12-23T01:17:04.165+0100] {logging_mixin.py:137} INFO - [2022-12-23T01:17:04.165+0100] {dag.py:3423} INFO - Setting next_dagrun for example_bash_operator to 2022-12-22T00:00:00+00:00, run_after=2022-12-23T00:00:00+00:00
[2022-12-23T01:17:04.204+0100] {processor.py:175} INFO - Processing /home/momo/.local/lib/python3.8/site-packages/airflow/example_dags/example_bash_operator.py took 0.254 seconds
[2022-12-23T01:18:12.447+0100] {processor.py:153} INFO - Started process (PID=27900) to work on /home/momo/.local/lib/python3.8/site-packages/airflow/example_dags/example_bash_operator.py
[2022-12-23T01:18:12.449+0100] {processor.py:743} INFO - Processing file /home/momo/.local/lib/python3.8/site-packages/airflow/example_dags/example_bash_operator.py for tasks to queue
[2022-12-23T01:18:12.450+0100] {logging_mixin.py:137} INFO - [2022-12-23T01:18:12.450+0100] {dagbag.py:538} INFO - Filling up the DagBag from /home/momo/.local/lib/python3.8/site-packages/airflow/example_dags/example_bash_operator.py
[2022-12-23T01:18:12.521+0100] {processor.py:753} INFO - DAG(s) dict_keys(['example_bash_operator']) retrieved from /home/momo/.local/lib/python3.8/site-packages/airflow/example_dags/example_bash_operator.py
[2022-12-23T01:18:12.661+0100] {logging_mixin.py:137} INFO - [2022-12-23T01:18:12.661+0100] {dag.py:2676} INFO - Sync 1 DAGs
[2022-12-23T01:18:12.731+0100] {logging_mixin.py:137} INFO - [2022-12-23T01:18:12.731+0100] {dag.py:3423} INFO - Setting next_dagrun for example_bash_operator to 2022-12-22T00:00:00+00:00, run_after=2022-12-23T00:00:00+00:00
[2022-12-23T01:18:12.798+0100] {processor.py:175} INFO - Processing /home/momo/.local/lib/python3.8/site-packages/airflow/example_dags/example_bash_operator.py took 0.363 seconds
[2022-12-23T01:19:20.241+0100] {processor.py:153} INFO - Started process (PID=27966) to work on /home/momo/.local/lib/python3.8/site-packages/airflow/example_dags/example_bash_operator.py
[2022-12-23T01:19:20.244+0100] {processor.py:743} INFO - Processing file /home/momo/.local/lib/python3.8/site-packages/airflow/example_dags/example_bash_operator.py for tasks to queue
[2022-12-23T01:19:20.245+0100] {logging_mixin.py:137} INFO - [2022-12-23T01:19:20.244+0100] {dagbag.py:538} INFO - Filling up the DagBag from /home/momo/.local/lib/python3.8/site-packages/airflow/example_dags/example_bash_operator.py
[2022-12-23T01:19:20.319+0100] {processor.py:753} INFO - DAG(s) dict_keys(['example_bash_operator']) retrieved from /home/momo/.local/lib/python3.8/site-packages/airflow/example_dags/example_bash_operator.py
[2022-12-23T01:19:20.431+0100] {logging_mixin.py:137} INFO - [2022-12-23T01:19:20.431+0100] {dag.py:2676} INFO - Sync 1 DAGs
[2022-12-23T01:19:20.500+0100] {logging_mixin.py:137} INFO - [2022-12-23T01:19:20.496+0100] {dag.py:3423} INFO - Setting next_dagrun for example_bash_operator to 2022-12-22T00:00:00+00:00, run_after=2022-12-23T00:00:00+00:00
[2022-12-23T01:19:20.557+0100] {processor.py:175} INFO - Processing /home/momo/.local/lib/python3.8/site-packages/airflow/example_dags/example_bash_operator.py took 0.329 seconds
[2022-12-23T01:20:34.535+0100] {processor.py:153} INFO - Started process (PID=28114) to work on /home/momo/.local/lib/python3.8/site-packages/airflow/example_dags/example_bash_operator.py
[2022-12-23T01:20:34.549+0100] {processor.py:743} INFO - Processing file /home/momo/.local/lib/python3.8/site-packages/airflow/example_dags/example_bash_operator.py for tasks to queue
[2022-12-23T01:20:34.551+0100] {logging_mixin.py:137} INFO - [2022-12-23T01:20:34.550+0100] {dagbag.py:538} INFO - Filling up the DagBag from /home/momo/.local/lib/python3.8/site-packages/airflow/example_dags/example_bash_operator.py
[2022-12-23T01:20:34.700+0100] {processor.py:753} INFO - DAG(s) dict_keys(['example_bash_operator']) retrieved from /home/momo/.local/lib/python3.8/site-packages/airflow/example_dags/example_bash_operator.py
[2022-12-23T01:20:35.116+0100] {logging_mixin.py:137} INFO - [2022-12-23T01:20:35.115+0100] {dag.py:2676} INFO - Sync 1 DAGs
[2022-12-23T01:20:35.400+0100] {logging_mixin.py:137} INFO - [2022-12-23T01:20:35.400+0100] {dag.py:3423} INFO - Setting next_dagrun for example_bash_operator to 2022-12-22T00:00:00+00:00, run_after=2022-12-23T00:00:00+00:00
[2022-12-23T01:20:36.529+0100] {processor.py:175} INFO - Processing /home/momo/.local/lib/python3.8/site-packages/airflow/example_dags/example_bash_operator.py took 2.020 seconds
[2022-12-23T01:21:38.403+0100] {processor.py:153} INFO - Started process (PID=28168) to work on /home/momo/.local/lib/python3.8/site-packages/airflow/example_dags/example_bash_operator.py
[2022-12-23T01:21:38.408+0100] {processor.py:743} INFO - Processing file /home/momo/.local/lib/python3.8/site-packages/airflow/example_dags/example_bash_operator.py for tasks to queue
[2022-12-23T01:21:38.409+0100] {logging_mixin.py:137} INFO - [2022-12-23T01:21:38.409+0100] {dagbag.py:538} INFO - Filling up the DagBag from /home/momo/.local/lib/python3.8/site-packages/airflow/example_dags/example_bash_operator.py
[2022-12-23T01:21:38.482+0100] {processor.py:753} INFO - DAG(s) dict_keys(['example_bash_operator']) retrieved from /home/momo/.local/lib/python3.8/site-packages/airflow/example_dags/example_bash_operator.py
[2022-12-23T01:21:38.638+0100] {logging_mixin.py:137} INFO - [2022-12-23T01:21:38.638+0100] {dag.py:2676} INFO - Sync 1 DAGs
[2022-12-23T01:21:39.116+0100] {logging_mixin.py:137} INFO - [2022-12-23T01:21:39.116+0100] {dag.py:3423} INFO - Setting next_dagrun for example_bash_operator to 2022-12-22T00:00:00+00:00, run_after=2022-12-23T00:00:00+00:00
[2022-12-23T01:21:39.183+0100] {processor.py:175} INFO - Processing /home/momo/.local/lib/python3.8/site-packages/airflow/example_dags/example_bash_operator.py took 0.791 seconds
[2022-12-23T01:22:50.266+0100] {processor.py:153} INFO - Started process (PID=28229) to work on /home/momo/.local/lib/python3.8/site-packages/airflow/example_dags/example_bash_operator.py
[2022-12-23T01:22:50.271+0100] {processor.py:743} INFO - Processing file /home/momo/.local/lib/python3.8/site-packages/airflow/example_dags/example_bash_operator.py for tasks to queue
[2022-12-23T01:22:50.274+0100] {logging_mixin.py:137} INFO - [2022-12-23T01:22:50.274+0100] {dagbag.py:538} INFO - Filling up the DagBag from /home/momo/.local/lib/python3.8/site-packages/airflow/example_dags/example_bash_operator.py
[2022-12-23T01:22:50.365+0100] {processor.py:753} INFO - DAG(s) dict_keys(['example_bash_operator']) retrieved from /home/momo/.local/lib/python3.8/site-packages/airflow/example_dags/example_bash_operator.py
[2022-12-23T01:22:50.499+0100] {logging_mixin.py:137} INFO - [2022-12-23T01:22:50.499+0100] {dag.py:2676} INFO - Sync 1 DAGs
[2022-12-23T01:22:50.578+0100] {logging_mixin.py:137} INFO - [2022-12-23T01:22:50.577+0100] {dag.py:3423} INFO - Setting next_dagrun for example_bash_operator to 2022-12-22T00:00:00+00:00, run_after=2022-12-23T00:00:00+00:00
[2022-12-23T01:22:50.673+0100] {processor.py:175} INFO - Processing /home/momo/.local/lib/python3.8/site-packages/airflow/example_dags/example_bash_operator.py took 0.417 seconds
[2022-12-23T01:24:07.096+0100] {processor.py:153} INFO - Started process (PID=28363) to work on /home/momo/.local/lib/python3.8/site-packages/airflow/example_dags/example_bash_operator.py
[2022-12-23T01:24:07.100+0100] {processor.py:743} INFO - Processing file /home/momo/.local/lib/python3.8/site-packages/airflow/example_dags/example_bash_operator.py for tasks to queue
[2022-12-23T01:24:07.102+0100] {logging_mixin.py:137} INFO - [2022-12-23T01:24:07.101+0100] {dagbag.py:538} INFO - Filling up the DagBag from /home/momo/.local/lib/python3.8/site-packages/airflow/example_dags/example_bash_operator.py
[2022-12-23T01:24:07.206+0100] {processor.py:753} INFO - DAG(s) dict_keys(['example_bash_operator']) retrieved from /home/momo/.local/lib/python3.8/site-packages/airflow/example_dags/example_bash_operator.py
[2022-12-23T01:24:07.333+0100] {logging_mixin.py:137} INFO - [2022-12-23T01:24:07.332+0100] {dag.py:2676} INFO - Sync 1 DAGs
[2022-12-23T01:24:07.427+0100] {logging_mixin.py:137} INFO - [2022-12-23T01:24:07.427+0100] {dag.py:3423} INFO - Setting next_dagrun for example_bash_operator to 2022-12-22T00:00:00+00:00, run_after=2022-12-23T00:00:00+00:00
[2022-12-23T01:24:07.499+0100] {processor.py:175} INFO - Processing /home/momo/.local/lib/python3.8/site-packages/airflow/example_dags/example_bash_operator.py took 0.421 seconds
[2022-12-23T01:44:05.621+0100] {processor.py:153} INFO - Started process (PID=5168) to work on /home/momo/.local/lib/python3.8/site-packages/airflow/example_dags/example_bash_operator.py
[2022-12-23T01:44:05.625+0100] {processor.py:743} INFO - Processing file /home/momo/.local/lib/python3.8/site-packages/airflow/example_dags/example_bash_operator.py for tasks to queue
[2022-12-23T01:44:05.626+0100] {logging_mixin.py:137} INFO - [2022-12-23T01:44:05.626+0100] {dagbag.py:538} INFO - Filling up the DagBag from /home/momo/.local/lib/python3.8/site-packages/airflow/example_dags/example_bash_operator.py
[2022-12-23T01:44:05.673+0100] {processor.py:753} INFO - DAG(s) dict_keys(['example_bash_operator']) retrieved from /home/momo/.local/lib/python3.8/site-packages/airflow/example_dags/example_bash_operator.py
[2022-12-23T01:44:05.813+0100] {logging_mixin.py:137} INFO - [2022-12-23T01:44:05.813+0100] {dag.py:2676} INFO - Sync 1 DAGs
[2022-12-23T01:44:05.875+0100] {logging_mixin.py:137} INFO - [2022-12-23T01:44:05.875+0100] {dag.py:3423} INFO - Setting next_dagrun for example_bash_operator to 2022-12-22T00:00:00+00:00, run_after=2022-12-23T00:00:00+00:00
[2022-12-23T01:44:05.923+0100] {processor.py:175} INFO - Processing /home/momo/.local/lib/python3.8/site-packages/airflow/example_dags/example_bash_operator.py took 0.314 seconds
[2022-12-23T01:45:02.102+0100] {processor.py:153} INFO - Started process (PID=5225) to work on /home/momo/.local/lib/python3.8/site-packages/airflow/example_dags/example_bash_operator.py
[2022-12-23T01:45:02.104+0100] {processor.py:743} INFO - Processing file /home/momo/.local/lib/python3.8/site-packages/airflow/example_dags/example_bash_operator.py for tasks to queue
[2022-12-23T01:45:02.104+0100] {logging_mixin.py:137} INFO - [2022-12-23T01:45:02.104+0100] {dagbag.py:538} INFO - Filling up the DagBag from /home/momo/.local/lib/python3.8/site-packages/airflow/example_dags/example_bash_operator.py
[2022-12-23T01:45:02.136+0100] {processor.py:753} INFO - DAG(s) dict_keys(['example_bash_operator']) retrieved from /home/momo/.local/lib/python3.8/site-packages/airflow/example_dags/example_bash_operator.py
[2022-12-23T01:45:02.184+0100] {logging_mixin.py:137} INFO - [2022-12-23T01:45:02.184+0100] {dag.py:2676} INFO - Sync 1 DAGs
[2022-12-23T01:45:02.212+0100] {logging_mixin.py:137} INFO - [2022-12-23T01:45:02.212+0100] {dag.py:3423} INFO - Setting next_dagrun for example_bash_operator to 2022-12-22T00:00:00+00:00, run_after=2022-12-23T00:00:00+00:00
[2022-12-23T01:45:02.237+0100] {processor.py:175} INFO - Processing /home/momo/.local/lib/python3.8/site-packages/airflow/example_dags/example_bash_operator.py took 0.140 seconds
[2022-12-23T01:45:55.319+0100] {processor.py:153} INFO - Started process (PID=5271) to work on /home/momo/.local/lib/python3.8/site-packages/airflow/example_dags/example_bash_operator.py
[2022-12-23T01:45:55.321+0100] {processor.py:743} INFO - Processing file /home/momo/.local/lib/python3.8/site-packages/airflow/example_dags/example_bash_operator.py for tasks to queue
[2022-12-23T01:45:55.322+0100] {logging_mixin.py:137} INFO - [2022-12-23T01:45:55.322+0100] {dagbag.py:538} INFO - Filling up the DagBag from /home/momo/.local/lib/python3.8/site-packages/airflow/example_dags/example_bash_operator.py
[2022-12-23T01:45:55.393+0100] {processor.py:753} INFO - DAG(s) dict_keys(['example_bash_operator']) retrieved from /home/momo/.local/lib/python3.8/site-packages/airflow/example_dags/example_bash_operator.py
[2022-12-23T01:45:55.622+0100] {logging_mixin.py:137} INFO - [2022-12-23T01:45:55.622+0100] {dag.py:2676} INFO - Sync 1 DAGs
[2022-12-23T01:45:55.706+0100] {logging_mixin.py:137} INFO - [2022-12-23T01:45:55.701+0100] {dag.py:3423} INFO - Setting next_dagrun for example_bash_operator to 2022-12-22T00:00:00+00:00, run_after=2022-12-23T00:00:00+00:00
[2022-12-23T01:45:55.799+0100] {processor.py:175} INFO - Processing /home/momo/.local/lib/python3.8/site-packages/airflow/example_dags/example_bash_operator.py took 0.486 seconds
[2022-12-23T01:46:54.716+0100] {processor.py:153} INFO - Started process (PID=5321) to work on /home/momo/.local/lib/python3.8/site-packages/airflow/example_dags/example_bash_operator.py
[2022-12-23T01:46:54.718+0100] {processor.py:743} INFO - Processing file /home/momo/.local/lib/python3.8/site-packages/airflow/example_dags/example_bash_operator.py for tasks to queue
[2022-12-23T01:46:54.720+0100] {logging_mixin.py:137} INFO - [2022-12-23T01:46:54.720+0100] {dagbag.py:538} INFO - Filling up the DagBag from /home/momo/.local/lib/python3.8/site-packages/airflow/example_dags/example_bash_operator.py
[2022-12-23T01:46:54.772+0100] {processor.py:753} INFO - DAG(s) dict_keys(['example_bash_operator']) retrieved from /home/momo/.local/lib/python3.8/site-packages/airflow/example_dags/example_bash_operator.py
[2022-12-23T01:46:54.858+0100] {logging_mixin.py:137} INFO - [2022-12-23T01:46:54.857+0100] {dag.py:2676} INFO - Sync 1 DAGs
[2022-12-23T01:46:54.905+0100] {logging_mixin.py:137} INFO - [2022-12-23T01:46:54.905+0100] {dag.py:3423} INFO - Setting next_dagrun for example_bash_operator to 2022-12-22T00:00:00+00:00, run_after=2022-12-23T00:00:00+00:00
[2022-12-23T01:46:54.957+0100] {processor.py:175} INFO - Processing /home/momo/.local/lib/python3.8/site-packages/airflow/example_dags/example_bash_operator.py took 0.250 seconds
[2022-12-23T01:47:57.235+0100] {processor.py:153} INFO - Started process (PID=5373) to work on /home/momo/.local/lib/python3.8/site-packages/airflow/example_dags/example_bash_operator.py
[2022-12-23T01:47:57.239+0100] {processor.py:743} INFO - Processing file /home/momo/.local/lib/python3.8/site-packages/airflow/example_dags/example_bash_operator.py for tasks to queue
[2022-12-23T01:47:57.241+0100] {logging_mixin.py:137} INFO - [2022-12-23T01:47:57.241+0100] {dagbag.py:538} INFO - Filling up the DagBag from /home/momo/.local/lib/python3.8/site-packages/airflow/example_dags/example_bash_operator.py
[2022-12-23T01:47:57.324+0100] {processor.py:753} INFO - DAG(s) dict_keys(['example_bash_operator']) retrieved from /home/momo/.local/lib/python3.8/site-packages/airflow/example_dags/example_bash_operator.py
[2022-12-23T01:47:57.432+0100] {logging_mixin.py:137} INFO - [2022-12-23T01:47:57.431+0100] {dag.py:2676} INFO - Sync 1 DAGs
[2022-12-23T01:47:57.514+0100] {logging_mixin.py:137} INFO - [2022-12-23T01:47:57.514+0100] {dag.py:3423} INFO - Setting next_dagrun for example_bash_operator to 2022-12-22T00:00:00+00:00, run_after=2022-12-23T00:00:00+00:00
[2022-12-23T01:47:57.602+0100] {processor.py:175} INFO - Processing /home/momo/.local/lib/python3.8/site-packages/airflow/example_dags/example_bash_operator.py took 0.376 seconds
[2022-12-23T01:48:59.689+0100] {processor.py:153} INFO - Started process (PID=5422) to work on /home/momo/.local/lib/python3.8/site-packages/airflow/example_dags/example_bash_operator.py
[2022-12-23T01:48:59.692+0100] {processor.py:743} INFO - Processing file /home/momo/.local/lib/python3.8/site-packages/airflow/example_dags/example_bash_operator.py for tasks to queue
[2022-12-23T01:48:59.694+0100] {logging_mixin.py:137} INFO - [2022-12-23T01:48:59.694+0100] {dagbag.py:538} INFO - Filling up the DagBag from /home/momo/.local/lib/python3.8/site-packages/airflow/example_dags/example_bash_operator.py
[2022-12-23T01:48:59.756+0100] {processor.py:753} INFO - DAG(s) dict_keys(['example_bash_operator']) retrieved from /home/momo/.local/lib/python3.8/site-packages/airflow/example_dags/example_bash_operator.py
[2022-12-23T01:48:59.887+0100] {logging_mixin.py:137} INFO - [2022-12-23T01:48:59.887+0100] {dag.py:2676} INFO - Sync 1 DAGs
[2022-12-23T01:48:59.944+0100] {logging_mixin.py:137} INFO - [2022-12-23T01:48:59.944+0100] {dag.py:3423} INFO - Setting next_dagrun for example_bash_operator to 2022-12-22T00:00:00+00:00, run_after=2022-12-23T00:00:00+00:00
[2022-12-23T01:49:00.004+0100] {processor.py:175} INFO - Processing /home/momo/.local/lib/python3.8/site-packages/airflow/example_dags/example_bash_operator.py took 0.323 seconds
[2022-12-23T01:50:01.163+0100] {processor.py:153} INFO - Started process (PID=5472) to work on /home/momo/.local/lib/python3.8/site-packages/airflow/example_dags/example_bash_operator.py
[2022-12-23T01:50:01.164+0100] {processor.py:743} INFO - Processing file /home/momo/.local/lib/python3.8/site-packages/airflow/example_dags/example_bash_operator.py for tasks to queue
[2022-12-23T01:50:01.166+0100] {logging_mixin.py:137} INFO - [2022-12-23T01:50:01.165+0100] {dagbag.py:538} INFO - Filling up the DagBag from /home/momo/.local/lib/python3.8/site-packages/airflow/example_dags/example_bash_operator.py
[2022-12-23T01:50:01.204+0100] {processor.py:753} INFO - DAG(s) dict_keys(['example_bash_operator']) retrieved from /home/momo/.local/lib/python3.8/site-packages/airflow/example_dags/example_bash_operator.py
[2022-12-23T01:50:01.269+0100] {logging_mixin.py:137} INFO - [2022-12-23T01:50:01.268+0100] {dag.py:2676} INFO - Sync 1 DAGs
[2022-12-23T01:50:01.331+0100] {logging_mixin.py:137} INFO - [2022-12-23T01:50:01.331+0100] {dag.py:3423} INFO - Setting next_dagrun for example_bash_operator to 2022-12-22T00:00:00+00:00, run_after=2022-12-23T00:00:00+00:00
[2022-12-23T01:50:01.364+0100] {processor.py:175} INFO - Processing /home/momo/.local/lib/python3.8/site-packages/airflow/example_dags/example_bash_operator.py took 0.206 seconds
[2022-12-23T01:51:03.064+0100] {processor.py:153} INFO - Started process (PID=5523) to work on /home/momo/.local/lib/python3.8/site-packages/airflow/example_dags/example_bash_operator.py
[2022-12-23T01:51:03.066+0100] {processor.py:743} INFO - Processing file /home/momo/.local/lib/python3.8/site-packages/airflow/example_dags/example_bash_operator.py for tasks to queue
[2022-12-23T01:51:03.068+0100] {logging_mixin.py:137} INFO - [2022-12-23T01:51:03.068+0100] {dagbag.py:538} INFO - Filling up the DagBag from /home/momo/.local/lib/python3.8/site-packages/airflow/example_dags/example_bash_operator.py
[2022-12-23T01:51:03.140+0100] {processor.py:753} INFO - DAG(s) dict_keys(['example_bash_operator']) retrieved from /home/momo/.local/lib/python3.8/site-packages/airflow/example_dags/example_bash_operator.py
[2022-12-23T01:51:03.286+0100] {logging_mixin.py:137} INFO - [2022-12-23T01:51:03.285+0100] {dag.py:2676} INFO - Sync 1 DAGs
[2022-12-23T01:51:03.361+0100] {logging_mixin.py:137} INFO - [2022-12-23T01:51:03.360+0100] {dag.py:3423} INFO - Setting next_dagrun for example_bash_operator to 2022-12-22T00:00:00+00:00, run_after=2022-12-23T00:00:00+00:00
[2022-12-23T01:51:03.411+0100] {processor.py:175} INFO - Processing /home/momo/.local/lib/python3.8/site-packages/airflow/example_dags/example_bash_operator.py took 0.359 seconds
[2022-12-23T01:52:02.899+0100] {processor.py:153} INFO - Started process (PID=5625) to work on /home/momo/.local/lib/python3.8/site-packages/airflow/example_dags/example_bash_operator.py
[2022-12-23T01:52:02.900+0100] {processor.py:743} INFO - Processing file /home/momo/.local/lib/python3.8/site-packages/airflow/example_dags/example_bash_operator.py for tasks to queue
[2022-12-23T01:52:02.904+0100] {logging_mixin.py:137} INFO - [2022-12-23T01:52:02.902+0100] {dagbag.py:538} INFO - Filling up the DagBag from /home/momo/.local/lib/python3.8/site-packages/airflow/example_dags/example_bash_operator.py
[2022-12-23T01:52:02.966+0100] {processor.py:753} INFO - DAG(s) dict_keys(['example_bash_operator']) retrieved from /home/momo/.local/lib/python3.8/site-packages/airflow/example_dags/example_bash_operator.py
[2022-12-23T01:52:03.055+0100] {logging_mixin.py:137} INFO - [2022-12-23T01:52:03.055+0100] {dag.py:2676} INFO - Sync 1 DAGs
[2022-12-23T01:52:03.100+0100] {logging_mixin.py:137} INFO - [2022-12-23T01:52:03.100+0100] {dag.py:3423} INFO - Setting next_dagrun for example_bash_operator to 2022-12-22T00:00:00+00:00, run_after=2022-12-23T00:00:00+00:00
[2022-12-23T01:52:03.146+0100] {processor.py:175} INFO - Processing /home/momo/.local/lib/python3.8/site-packages/airflow/example_dags/example_bash_operator.py took 0.258 seconds
[2022-12-23T01:53:05.339+0100] {processor.py:153} INFO - Started process (PID=5681) to work on /home/momo/.local/lib/python3.8/site-packages/airflow/example_dags/example_bash_operator.py
[2022-12-23T01:53:05.344+0100] {processor.py:743} INFO - Processing file /home/momo/.local/lib/python3.8/site-packages/airflow/example_dags/example_bash_operator.py for tasks to queue
[2022-12-23T01:53:05.347+0100] {logging_mixin.py:137} INFO - [2022-12-23T01:53:05.346+0100] {dagbag.py:538} INFO - Filling up the DagBag from /home/momo/.local/lib/python3.8/site-packages/airflow/example_dags/example_bash_operator.py
[2022-12-23T01:53:05.447+0100] {processor.py:753} INFO - DAG(s) dict_keys(['example_bash_operator']) retrieved from /home/momo/.local/lib/python3.8/site-packages/airflow/example_dags/example_bash_operator.py
[2022-12-23T01:53:05.504+0100] {logging_mixin.py:137} INFO - [2022-12-23T01:53:05.504+0100] {dag.py:2676} INFO - Sync 1 DAGs
[2022-12-23T01:53:05.535+0100] {logging_mixin.py:137} INFO - [2022-12-23T01:53:05.534+0100] {dag.py:3423} INFO - Setting next_dagrun for example_bash_operator to 2022-12-22T00:00:00+00:00, run_after=2022-12-23T00:00:00+00:00
[2022-12-23T01:53:05.571+0100] {processor.py:175} INFO - Processing /home/momo/.local/lib/python3.8/site-packages/airflow/example_dags/example_bash_operator.py took 0.246 seconds
[2022-12-23T01:54:07.247+0100] {processor.py:153} INFO - Started process (PID=5731) to work on /home/momo/.local/lib/python3.8/site-packages/airflow/example_dags/example_bash_operator.py
[2022-12-23T01:54:07.249+0100] {processor.py:743} INFO - Processing file /home/momo/.local/lib/python3.8/site-packages/airflow/example_dags/example_bash_operator.py for tasks to queue
[2022-12-23T01:54:07.250+0100] {logging_mixin.py:137} INFO - [2022-12-23T01:54:07.250+0100] {dagbag.py:538} INFO - Filling up the DagBag from /home/momo/.local/lib/python3.8/site-packages/airflow/example_dags/example_bash_operator.py
[2022-12-23T01:54:07.283+0100] {processor.py:753} INFO - DAG(s) dict_keys(['example_bash_operator']) retrieved from /home/momo/.local/lib/python3.8/site-packages/airflow/example_dags/example_bash_operator.py
[2022-12-23T01:54:07.331+0100] {logging_mixin.py:137} INFO - [2022-12-23T01:54:07.331+0100] {dag.py:2676} INFO - Sync 1 DAGs
[2022-12-23T01:54:07.358+0100] {logging_mixin.py:137} INFO - [2022-12-23T01:54:07.358+0100] {dag.py:3423} INFO - Setting next_dagrun for example_bash_operator to 2022-12-22T00:00:00+00:00, run_after=2022-12-23T00:00:00+00:00
[2022-12-23T01:54:07.393+0100] {processor.py:175} INFO - Processing /home/momo/.local/lib/python3.8/site-packages/airflow/example_dags/example_bash_operator.py took 0.154 seconds
[2022-12-23T01:54:58.937+0100] {processor.py:153} INFO - Started process (PID=5775) to work on /home/momo/.local/lib/python3.8/site-packages/airflow/example_dags/example_bash_operator.py
[2022-12-23T01:54:58.941+0100] {processor.py:743} INFO - Processing file /home/momo/.local/lib/python3.8/site-packages/airflow/example_dags/example_bash_operator.py for tasks to queue
[2022-12-23T01:54:58.944+0100] {logging_mixin.py:137} INFO - [2022-12-23T01:54:58.944+0100] {dagbag.py:538} INFO - Filling up the DagBag from /home/momo/.local/lib/python3.8/site-packages/airflow/example_dags/example_bash_operator.py
[2022-12-23T01:54:58.991+0100] {processor.py:753} INFO - DAG(s) dict_keys(['example_bash_operator']) retrieved from /home/momo/.local/lib/python3.8/site-packages/airflow/example_dags/example_bash_operator.py
[2022-12-23T01:54:59.051+0100] {logging_mixin.py:137} INFO - [2022-12-23T01:54:59.051+0100] {dag.py:2676} INFO - Sync 1 DAGs
[2022-12-23T01:54:59.086+0100] {logging_mixin.py:137} INFO - [2022-12-23T01:54:59.086+0100] {dag.py:3423} INFO - Setting next_dagrun for example_bash_operator to 2022-12-22T00:00:00+00:00, run_after=2022-12-23T00:00:00+00:00
[2022-12-23T01:54:59.136+0100] {processor.py:175} INFO - Processing /home/momo/.local/lib/python3.8/site-packages/airflow/example_dags/example_bash_operator.py took 0.212 seconds
[2022-12-23T01:55:52.205+0100] {processor.py:153} INFO - Started process (PID=5822) to work on /home/momo/.local/lib/python3.8/site-packages/airflow/example_dags/example_bash_operator.py
[2022-12-23T01:55:52.207+0100] {processor.py:743} INFO - Processing file /home/momo/.local/lib/python3.8/site-packages/airflow/example_dags/example_bash_operator.py for tasks to queue
[2022-12-23T01:55:52.208+0100] {logging_mixin.py:137} INFO - [2022-12-23T01:55:52.208+0100] {dagbag.py:538} INFO - Filling up the DagBag from /home/momo/.local/lib/python3.8/site-packages/airflow/example_dags/example_bash_operator.py
[2022-12-23T01:55:52.267+0100] {processor.py:753} INFO - DAG(s) dict_keys(['example_bash_operator']) retrieved from /home/momo/.local/lib/python3.8/site-packages/airflow/example_dags/example_bash_operator.py
[2022-12-23T01:55:52.332+0100] {logging_mixin.py:137} INFO - [2022-12-23T01:55:52.331+0100] {dag.py:2676} INFO - Sync 1 DAGs
[2022-12-23T01:55:52.359+0100] {logging_mixin.py:137} INFO - [2022-12-23T01:55:52.359+0100] {dag.py:3423} INFO - Setting next_dagrun for example_bash_operator to 2022-12-22T00:00:00+00:00, run_after=2022-12-23T00:00:00+00:00
[2022-12-23T01:55:52.396+0100] {processor.py:175} INFO - Processing /home/momo/.local/lib/python3.8/site-packages/airflow/example_dags/example_bash_operator.py took 0.197 seconds
[2022-12-23T01:56:52.219+0100] {processor.py:153} INFO - Started process (PID=5872) to work on /home/momo/.local/lib/python3.8/site-packages/airflow/example_dags/example_bash_operator.py
[2022-12-23T01:56:52.227+0100] {processor.py:743} INFO - Processing file /home/momo/.local/lib/python3.8/site-packages/airflow/example_dags/example_bash_operator.py for tasks to queue
[2022-12-23T01:56:52.229+0100] {logging_mixin.py:137} INFO - [2022-12-23T01:56:52.228+0100] {dagbag.py:538} INFO - Filling up the DagBag from /home/momo/.local/lib/python3.8/site-packages/airflow/example_dags/example_bash_operator.py
[2022-12-23T01:56:52.295+0100] {processor.py:753} INFO - DAG(s) dict_keys(['example_bash_operator']) retrieved from /home/momo/.local/lib/python3.8/site-packages/airflow/example_dags/example_bash_operator.py
[2022-12-23T01:56:52.344+0100] {logging_mixin.py:137} INFO - [2022-12-23T01:56:52.343+0100] {dag.py:2676} INFO - Sync 1 DAGs
[2022-12-23T01:56:52.373+0100] {logging_mixin.py:137} INFO - [2022-12-23T01:56:52.373+0100] {dag.py:3423} INFO - Setting next_dagrun for example_bash_operator to 2022-12-22T00:00:00+00:00, run_after=2022-12-23T00:00:00+00:00
[2022-12-23T01:56:52.400+0100] {processor.py:175} INFO - Processing /home/momo/.local/lib/python3.8/site-packages/airflow/example_dags/example_bash_operator.py took 0.211 seconds
[2022-12-23T01:57:53.506+0100] {processor.py:153} INFO - Started process (PID=5927) to work on /home/momo/.local/lib/python3.8/site-packages/airflow/example_dags/example_bash_operator.py
[2022-12-23T01:57:53.510+0100] {processor.py:743} INFO - Processing file /home/momo/.local/lib/python3.8/site-packages/airflow/example_dags/example_bash_operator.py for tasks to queue
[2022-12-23T01:57:53.512+0100] {logging_mixin.py:137} INFO - [2022-12-23T01:57:53.511+0100] {dagbag.py:538} INFO - Filling up the DagBag from /home/momo/.local/lib/python3.8/site-packages/airflow/example_dags/example_bash_operator.py
[2022-12-23T01:57:53.561+0100] {processor.py:753} INFO - DAG(s) dict_keys(['example_bash_operator']) retrieved from /home/momo/.local/lib/python3.8/site-packages/airflow/example_dags/example_bash_operator.py
[2022-12-23T01:57:53.605+0100] {logging_mixin.py:137} INFO - [2022-12-23T01:57:53.604+0100] {dag.py:2676} INFO - Sync 1 DAGs
[2022-12-23T01:57:53.629+0100] {logging_mixin.py:137} INFO - [2022-12-23T01:57:53.629+0100] {dag.py:3423} INFO - Setting next_dagrun for example_bash_operator to 2022-12-22T00:00:00+00:00, run_after=2022-12-23T00:00:00+00:00
[2022-12-23T01:57:53.660+0100] {processor.py:175} INFO - Processing /home/momo/.local/lib/python3.8/site-packages/airflow/example_dags/example_bash_operator.py took 0.163 seconds
[2022-12-23T01:58:58.450+0100] {processor.py:153} INFO - Started process (PID=5986) to work on /home/momo/.local/lib/python3.8/site-packages/airflow/example_dags/example_bash_operator.py
[2022-12-23T01:58:58.454+0100] {processor.py:743} INFO - Processing file /home/momo/.local/lib/python3.8/site-packages/airflow/example_dags/example_bash_operator.py for tasks to queue
[2022-12-23T01:58:58.457+0100] {logging_mixin.py:137} INFO - [2022-12-23T01:58:58.456+0100] {dagbag.py:538} INFO - Filling up the DagBag from /home/momo/.local/lib/python3.8/site-packages/airflow/example_dags/example_bash_operator.py
[2022-12-23T01:58:58.505+0100] {processor.py:753} INFO - DAG(s) dict_keys(['example_bash_operator']) retrieved from /home/momo/.local/lib/python3.8/site-packages/airflow/example_dags/example_bash_operator.py
[2022-12-23T01:58:58.553+0100] {logging_mixin.py:137} INFO - [2022-12-23T01:58:58.553+0100] {dag.py:2676} INFO - Sync 1 DAGs
[2022-12-23T01:58:58.580+0100] {logging_mixin.py:137} INFO - [2022-12-23T01:58:58.580+0100] {dag.py:3423} INFO - Setting next_dagrun for example_bash_operator to 2022-12-22T00:00:00+00:00, run_after=2022-12-23T00:00:00+00:00
[2022-12-23T01:58:58.623+0100] {processor.py:175} INFO - Processing /home/momo/.local/lib/python3.8/site-packages/airflow/example_dags/example_bash_operator.py took 0.186 seconds
[2022-12-23T02:00:00.373+0100] {processor.py:153} INFO - Started process (PID=6040) to work on /home/momo/.local/lib/python3.8/site-packages/airflow/example_dags/example_bash_operator.py
[2022-12-23T02:00:00.375+0100] {processor.py:743} INFO - Processing file /home/momo/.local/lib/python3.8/site-packages/airflow/example_dags/example_bash_operator.py for tasks to queue
[2022-12-23T02:00:00.377+0100] {logging_mixin.py:137} INFO - [2022-12-23T02:00:00.376+0100] {dagbag.py:538} INFO - Filling up the DagBag from /home/momo/.local/lib/python3.8/site-packages/airflow/example_dags/example_bash_operator.py
[2022-12-23T02:00:00.412+0100] {processor.py:753} INFO - DAG(s) dict_keys(['example_bash_operator']) retrieved from /home/momo/.local/lib/python3.8/site-packages/airflow/example_dags/example_bash_operator.py
[2022-12-23T02:00:00.483+0100] {logging_mixin.py:137} INFO - [2022-12-23T02:00:00.482+0100] {dag.py:2676} INFO - Sync 1 DAGs
[2022-12-23T02:00:00.561+0100] {logging_mixin.py:137} INFO - [2022-12-23T02:00:00.560+0100] {dag.py:3423} INFO - Setting next_dagrun for example_bash_operator to 2022-12-22T00:00:00+00:00, run_after=2022-12-23T00:00:00+00:00
[2022-12-23T02:00:00.676+0100] {processor.py:175} INFO - Processing /home/momo/.local/lib/python3.8/site-packages/airflow/example_dags/example_bash_operator.py took 0.308 seconds
[2022-12-23T02:00:55.586+0100] {processor.py:153} INFO - Started process (PID=6089) to work on /home/momo/.local/lib/python3.8/site-packages/airflow/example_dags/example_bash_operator.py
[2022-12-23T02:00:55.596+0100] {processor.py:743} INFO - Processing file /home/momo/.local/lib/python3.8/site-packages/airflow/example_dags/example_bash_operator.py for tasks to queue
[2022-12-23T02:00:55.599+0100] {logging_mixin.py:137} INFO - [2022-12-23T02:00:55.598+0100] {dagbag.py:538} INFO - Filling up the DagBag from /home/momo/.local/lib/python3.8/site-packages/airflow/example_dags/example_bash_operator.py
[2022-12-23T02:00:55.690+0100] {processor.py:753} INFO - DAG(s) dict_keys(['example_bash_operator']) retrieved from /home/momo/.local/lib/python3.8/site-packages/airflow/example_dags/example_bash_operator.py
[2022-12-23T02:00:55.743+0100] {logging_mixin.py:137} INFO - [2022-12-23T02:00:55.743+0100] {dag.py:2676} INFO - Sync 1 DAGs
[2022-12-23T02:00:55.784+0100] {logging_mixin.py:137} INFO - [2022-12-23T02:00:55.784+0100] {dag.py:3423} INFO - Setting next_dagrun for example_bash_operator to 2022-12-22T00:00:00+00:00, run_after=2022-12-23T00:00:00+00:00
[2022-12-23T02:00:55.821+0100] {processor.py:175} INFO - Processing /home/momo/.local/lib/python3.8/site-packages/airflow/example_dags/example_bash_operator.py took 0.252 seconds
[2022-12-23T02:02:01.254+0100] {processor.py:153} INFO - Started process (PID=6145) to work on /home/momo/.local/lib/python3.8/site-packages/airflow/example_dags/example_bash_operator.py
[2022-12-23T02:02:01.263+0100] {processor.py:743} INFO - Processing file /home/momo/.local/lib/python3.8/site-packages/airflow/example_dags/example_bash_operator.py for tasks to queue
[2022-12-23T02:02:01.265+0100] {logging_mixin.py:137} INFO - [2022-12-23T02:02:01.265+0100] {dagbag.py:538} INFO - Filling up the DagBag from /home/momo/.local/lib/python3.8/site-packages/airflow/example_dags/example_bash_operator.py
[2022-12-23T02:02:01.363+0100] {processor.py:753} INFO - DAG(s) dict_keys(['example_bash_operator']) retrieved from /home/momo/.local/lib/python3.8/site-packages/airflow/example_dags/example_bash_operator.py
[2022-12-23T02:02:01.425+0100] {logging_mixin.py:137} INFO - [2022-12-23T02:02:01.425+0100] {dag.py:2676} INFO - Sync 1 DAGs
[2022-12-23T02:02:01.473+0100] {logging_mixin.py:137} INFO - [2022-12-23T02:02:01.472+0100] {dag.py:3423} INFO - Setting next_dagrun for example_bash_operator to 2022-12-22T00:00:00+00:00, run_after=2022-12-23T00:00:00+00:00
[2022-12-23T02:02:01.528+0100] {processor.py:175} INFO - Processing /home/momo/.local/lib/python3.8/site-packages/airflow/example_dags/example_bash_operator.py took 0.288 seconds
[2022-12-23T02:03:01.413+0100] {processor.py:153} INFO - Started process (PID=6195) to work on /home/momo/.local/lib/python3.8/site-packages/airflow/example_dags/example_bash_operator.py
[2022-12-23T02:03:01.421+0100] {processor.py:743} INFO - Processing file /home/momo/.local/lib/python3.8/site-packages/airflow/example_dags/example_bash_operator.py for tasks to queue
[2022-12-23T02:03:01.424+0100] {logging_mixin.py:137} INFO - [2022-12-23T02:03:01.423+0100] {dagbag.py:538} INFO - Filling up the DagBag from /home/momo/.local/lib/python3.8/site-packages/airflow/example_dags/example_bash_operator.py
[2022-12-23T02:03:01.472+0100] {processor.py:753} INFO - DAG(s) dict_keys(['example_bash_operator']) retrieved from /home/momo/.local/lib/python3.8/site-packages/airflow/example_dags/example_bash_operator.py
[2022-12-23T02:03:01.557+0100] {logging_mixin.py:137} INFO - [2022-12-23T02:03:01.556+0100] {dag.py:2676} INFO - Sync 1 DAGs
[2022-12-23T02:03:01.597+0100] {logging_mixin.py:137} INFO - [2022-12-23T02:03:01.597+0100] {dag.py:3423} INFO - Setting next_dagrun for example_bash_operator to 2022-12-22T00:00:00+00:00, run_after=2022-12-23T00:00:00+00:00
[2022-12-23T02:03:01.641+0100] {processor.py:175} INFO - Processing /home/momo/.local/lib/python3.8/site-packages/airflow/example_dags/example_bash_operator.py took 0.247 seconds
[2022-12-23T02:03:58.739+0100] {processor.py:153} INFO - Started process (PID=6246) to work on /home/momo/.local/lib/python3.8/site-packages/airflow/example_dags/example_bash_operator.py
[2022-12-23T02:03:58.741+0100] {processor.py:743} INFO - Processing file /home/momo/.local/lib/python3.8/site-packages/airflow/example_dags/example_bash_operator.py for tasks to queue
[2022-12-23T02:03:58.743+0100] {logging_mixin.py:137} INFO - [2022-12-23T02:03:58.742+0100] {dagbag.py:538} INFO - Filling up the DagBag from /home/momo/.local/lib/python3.8/site-packages/airflow/example_dags/example_bash_operator.py
[2022-12-23T02:03:58.777+0100] {processor.py:753} INFO - DAG(s) dict_keys(['example_bash_operator']) retrieved from /home/momo/.local/lib/python3.8/site-packages/airflow/example_dags/example_bash_operator.py
[2022-12-23T02:03:58.830+0100] {logging_mixin.py:137} INFO - [2022-12-23T02:03:58.829+0100] {dag.py:2676} INFO - Sync 1 DAGs
[2022-12-23T02:03:58.860+0100] {logging_mixin.py:137} INFO - [2022-12-23T02:03:58.860+0100] {dag.py:3423} INFO - Setting next_dagrun for example_bash_operator to 2022-12-22T00:00:00+00:00, run_after=2022-12-23T00:00:00+00:00
[2022-12-23T02:03:58.896+0100] {processor.py:175} INFO - Processing /home/momo/.local/lib/python3.8/site-packages/airflow/example_dags/example_bash_operator.py took 0.167 seconds
[2022-12-23T02:04:57.511+0100] {processor.py:153} INFO - Started process (PID=6295) to work on /home/momo/.local/lib/python3.8/site-packages/airflow/example_dags/example_bash_operator.py
[2022-12-23T02:04:57.517+0100] {processor.py:743} INFO - Processing file /home/momo/.local/lib/python3.8/site-packages/airflow/example_dags/example_bash_operator.py for tasks to queue
[2022-12-23T02:04:57.522+0100] {logging_mixin.py:137} INFO - [2022-12-23T02:04:57.521+0100] {dagbag.py:538} INFO - Filling up the DagBag from /home/momo/.local/lib/python3.8/site-packages/airflow/example_dags/example_bash_operator.py
[2022-12-23T02:04:57.603+0100] {processor.py:753} INFO - DAG(s) dict_keys(['example_bash_operator']) retrieved from /home/momo/.local/lib/python3.8/site-packages/airflow/example_dags/example_bash_operator.py
[2022-12-23T02:04:57.653+0100] {logging_mixin.py:137} INFO - [2022-12-23T02:04:57.652+0100] {dag.py:2676} INFO - Sync 1 DAGs
[2022-12-23T02:04:57.679+0100] {logging_mixin.py:137} INFO - [2022-12-23T02:04:57.679+0100] {dag.py:3423} INFO - Setting next_dagrun for example_bash_operator to 2022-12-22T00:00:00+00:00, run_after=2022-12-23T00:00:00+00:00
[2022-12-23T02:04:57.729+0100] {processor.py:175} INFO - Processing /home/momo/.local/lib/python3.8/site-packages/airflow/example_dags/example_bash_operator.py took 0.234 seconds
[2022-12-23T02:05:59.926+0100] {processor.py:153} INFO - Started process (PID=6348) to work on /home/momo/.local/lib/python3.8/site-packages/airflow/example_dags/example_bash_operator.py
[2022-12-23T02:05:59.931+0100] {processor.py:743} INFO - Processing file /home/momo/.local/lib/python3.8/site-packages/airflow/example_dags/example_bash_operator.py for tasks to queue
[2022-12-23T02:05:59.934+0100] {logging_mixin.py:137} INFO - [2022-12-23T02:05:59.933+0100] {dagbag.py:538} INFO - Filling up the DagBag from /home/momo/.local/lib/python3.8/site-packages/airflow/example_dags/example_bash_operator.py
[2022-12-23T02:06:00.029+0100] {processor.py:753} INFO - DAG(s) dict_keys(['example_bash_operator']) retrieved from /home/momo/.local/lib/python3.8/site-packages/airflow/example_dags/example_bash_operator.py
[2022-12-23T02:06:00.239+0100] {logging_mixin.py:137} INFO - [2022-12-23T02:06:00.239+0100] {dag.py:2676} INFO - Sync 1 DAGs
[2022-12-23T02:06:00.338+0100] {logging_mixin.py:137} INFO - [2022-12-23T02:06:00.338+0100] {dag.py:3423} INFO - Setting next_dagrun for example_bash_operator to 2022-12-22T00:00:00+00:00, run_after=2022-12-23T00:00:00+00:00
[2022-12-23T02:06:00.395+0100] {processor.py:175} INFO - Processing /home/momo/.local/lib/python3.8/site-packages/airflow/example_dags/example_bash_operator.py took 0.482 seconds
[2022-12-23T02:06:57.870+0100] {processor.py:153} INFO - Started process (PID=6402) to work on /home/momo/.local/lib/python3.8/site-packages/airflow/example_dags/example_bash_operator.py
[2022-12-23T02:06:57.878+0100] {processor.py:743} INFO - Processing file /home/momo/.local/lib/python3.8/site-packages/airflow/example_dags/example_bash_operator.py for tasks to queue
[2022-12-23T02:06:57.879+0100] {logging_mixin.py:137} INFO - [2022-12-23T02:06:57.879+0100] {dagbag.py:538} INFO - Filling up the DagBag from /home/momo/.local/lib/python3.8/site-packages/airflow/example_dags/example_bash_operator.py
[2022-12-23T02:06:58.253+0100] {processor.py:753} INFO - DAG(s) dict_keys(['example_bash_operator']) retrieved from /home/momo/.local/lib/python3.8/site-packages/airflow/example_dags/example_bash_operator.py
[2022-12-23T02:06:58.897+0100] {logging_mixin.py:137} INFO - [2022-12-23T02:06:58.897+0100] {dag.py:2676} INFO - Sync 1 DAGs
[2022-12-23T02:06:58.989+0100] {logging_mixin.py:137} INFO - [2022-12-23T02:06:58.988+0100] {dag.py:3423} INFO - Setting next_dagrun for example_bash_operator to 2022-12-22T00:00:00+00:00, run_after=2022-12-23T00:00:00+00:00
[2022-12-23T02:06:59.041+0100] {processor.py:175} INFO - Processing /home/momo/.local/lib/python3.8/site-packages/airflow/example_dags/example_bash_operator.py took 1.204 seconds
[2022-12-23T02:08:00.897+0100] {processor.py:153} INFO - Started process (PID=6455) to work on /home/momo/.local/lib/python3.8/site-packages/airflow/example_dags/example_bash_operator.py
[2022-12-23T02:08:00.900+0100] {processor.py:743} INFO - Processing file /home/momo/.local/lib/python3.8/site-packages/airflow/example_dags/example_bash_operator.py for tasks to queue
[2022-12-23T02:08:00.901+0100] {logging_mixin.py:137} INFO - [2022-12-23T02:08:00.901+0100] {dagbag.py:538} INFO - Filling up the DagBag from /home/momo/.local/lib/python3.8/site-packages/airflow/example_dags/example_bash_operator.py
[2022-12-23T02:08:00.933+0100] {processor.py:753} INFO - DAG(s) dict_keys(['example_bash_operator']) retrieved from /home/momo/.local/lib/python3.8/site-packages/airflow/example_dags/example_bash_operator.py
[2022-12-23T02:08:01.010+0100] {logging_mixin.py:137} INFO - [2022-12-23T02:08:01.009+0100] {dag.py:2676} INFO - Sync 1 DAGs
[2022-12-23T02:08:01.057+0100] {logging_mixin.py:137} INFO - [2022-12-23T02:08:01.057+0100] {dag.py:3423} INFO - Setting next_dagrun for example_bash_operator to 2022-12-22T00:00:00+00:00, run_after=2022-12-23T00:00:00+00:00
[2022-12-23T02:08:01.136+0100] {processor.py:175} INFO - Processing /home/momo/.local/lib/python3.8/site-packages/airflow/example_dags/example_bash_operator.py took 0.245 seconds
[2022-12-23T02:09:08.060+0100] {processor.py:153} INFO - Started process (PID=6511) to work on /home/momo/.local/lib/python3.8/site-packages/airflow/example_dags/example_bash_operator.py
[2022-12-23T02:09:08.078+0100] {processor.py:743} INFO - Processing file /home/momo/.local/lib/python3.8/site-packages/airflow/example_dags/example_bash_operator.py for tasks to queue
[2022-12-23T02:09:08.080+0100] {logging_mixin.py:137} INFO - [2022-12-23T02:09:08.079+0100] {dagbag.py:538} INFO - Filling up the DagBag from /home/momo/.local/lib/python3.8/site-packages/airflow/example_dags/example_bash_operator.py
[2022-12-23T02:09:08.153+0100] {processor.py:753} INFO - DAG(s) dict_keys(['example_bash_operator']) retrieved from /home/momo/.local/lib/python3.8/site-packages/airflow/example_dags/example_bash_operator.py
[2022-12-23T02:09:08.219+0100] {logging_mixin.py:137} INFO - [2022-12-23T02:09:08.219+0100] {dag.py:2676} INFO - Sync 1 DAGs
[2022-12-23T02:09:08.248+0100] {logging_mixin.py:137} INFO - [2022-12-23T02:09:08.248+0100] {dag.py:3423} INFO - Setting next_dagrun for example_bash_operator to 2022-12-22T00:00:00+00:00, run_after=2022-12-23T00:00:00+00:00
[2022-12-23T02:09:08.286+0100] {processor.py:175} INFO - Processing /home/momo/.local/lib/python3.8/site-packages/airflow/example_dags/example_bash_operator.py took 0.247 seconds
[2022-12-23T02:10:05.446+0100] {processor.py:153} INFO - Started process (PID=6566) to work on /home/momo/.local/lib/python3.8/site-packages/airflow/example_dags/example_bash_operator.py
[2022-12-23T02:10:05.448+0100] {processor.py:743} INFO - Processing file /home/momo/.local/lib/python3.8/site-packages/airflow/example_dags/example_bash_operator.py for tasks to queue
[2022-12-23T02:10:05.449+0100] {logging_mixin.py:137} INFO - [2022-12-23T02:10:05.448+0100] {dagbag.py:538} INFO - Filling up the DagBag from /home/momo/.local/lib/python3.8/site-packages/airflow/example_dags/example_bash_operator.py
[2022-12-23T02:10:05.515+0100] {processor.py:753} INFO - DAG(s) dict_keys(['example_bash_operator']) retrieved from /home/momo/.local/lib/python3.8/site-packages/airflow/example_dags/example_bash_operator.py
[2022-12-23T02:10:05.618+0100] {logging_mixin.py:137} INFO - [2022-12-23T02:10:05.618+0100] {dag.py:2676} INFO - Sync 1 DAGs
[2022-12-23T02:10:05.676+0100] {logging_mixin.py:137} INFO - [2022-12-23T02:10:05.676+0100] {dag.py:3423} INFO - Setting next_dagrun for example_bash_operator to 2022-12-22T00:00:00+00:00, run_after=2022-12-23T00:00:00+00:00
[2022-12-23T02:10:05.737+0100] {processor.py:175} INFO - Processing /home/momo/.local/lib/python3.8/site-packages/airflow/example_dags/example_bash_operator.py took 0.302 seconds
[2022-12-23T02:11:10.472+0100] {processor.py:153} INFO - Started process (PID=6622) to work on /home/momo/.local/lib/python3.8/site-packages/airflow/example_dags/example_bash_operator.py
[2022-12-23T02:11:10.479+0100] {processor.py:743} INFO - Processing file /home/momo/.local/lib/python3.8/site-packages/airflow/example_dags/example_bash_operator.py for tasks to queue
[2022-12-23T02:11:10.480+0100] {logging_mixin.py:137} INFO - [2022-12-23T02:11:10.479+0100] {dagbag.py:538} INFO - Filling up the DagBag from /home/momo/.local/lib/python3.8/site-packages/airflow/example_dags/example_bash_operator.py
[2022-12-23T02:11:10.548+0100] {processor.py:753} INFO - DAG(s) dict_keys(['example_bash_operator']) retrieved from /home/momo/.local/lib/python3.8/site-packages/airflow/example_dags/example_bash_operator.py
[2022-12-23T02:11:10.643+0100] {logging_mixin.py:137} INFO - [2022-12-23T02:11:10.643+0100] {dag.py:2676} INFO - Sync 1 DAGs
[2022-12-23T02:11:10.708+0100] {logging_mixin.py:137} INFO - [2022-12-23T02:11:10.707+0100] {dag.py:3423} INFO - Setting next_dagrun for example_bash_operator to 2022-12-22T00:00:00+00:00, run_after=2022-12-23T00:00:00+00:00
[2022-12-23T02:11:10.763+0100] {processor.py:175} INFO - Processing /home/momo/.local/lib/python3.8/site-packages/airflow/example_dags/example_bash_operator.py took 0.300 seconds
[2022-12-23T02:12:13.607+0100] {processor.py:153} INFO - Started process (PID=6677) to work on /home/momo/.local/lib/python3.8/site-packages/airflow/example_dags/example_bash_operator.py
[2022-12-23T02:12:13.611+0100] {processor.py:743} INFO - Processing file /home/momo/.local/lib/python3.8/site-packages/airflow/example_dags/example_bash_operator.py for tasks to queue
[2022-12-23T02:12:13.614+0100] {logging_mixin.py:137} INFO - [2022-12-23T02:12:13.613+0100] {dagbag.py:538} INFO - Filling up the DagBag from /home/momo/.local/lib/python3.8/site-packages/airflow/example_dags/example_bash_operator.py
[2022-12-23T02:12:13.677+0100] {processor.py:753} INFO - DAG(s) dict_keys(['example_bash_operator']) retrieved from /home/momo/.local/lib/python3.8/site-packages/airflow/example_dags/example_bash_operator.py
[2022-12-23T02:12:13.727+0100] {logging_mixin.py:137} INFO - [2022-12-23T02:12:13.726+0100] {dag.py:2676} INFO - Sync 1 DAGs
[2022-12-23T02:12:13.755+0100] {logging_mixin.py:137} INFO - [2022-12-23T02:12:13.754+0100] {dag.py:3423} INFO - Setting next_dagrun for example_bash_operator to 2022-12-22T00:00:00+00:00, run_after=2022-12-23T00:00:00+00:00
[2022-12-23T02:12:13.797+0100] {processor.py:175} INFO - Processing /home/momo/.local/lib/python3.8/site-packages/airflow/example_dags/example_bash_operator.py took 0.204 seconds
[2022-12-23T02:13:10.812+0100] {processor.py:153} INFO - Started process (PID=6725) to work on /home/momo/.local/lib/python3.8/site-packages/airflow/example_dags/example_bash_operator.py
[2022-12-23T02:13:10.816+0100] {processor.py:743} INFO - Processing file /home/momo/.local/lib/python3.8/site-packages/airflow/example_dags/example_bash_operator.py for tasks to queue
[2022-12-23T02:13:10.818+0100] {logging_mixin.py:137} INFO - [2022-12-23T02:13:10.818+0100] {dagbag.py:538} INFO - Filling up the DagBag from /home/momo/.local/lib/python3.8/site-packages/airflow/example_dags/example_bash_operator.py
[2022-12-23T02:13:10.875+0100] {processor.py:753} INFO - DAG(s) dict_keys(['example_bash_operator']) retrieved from /home/momo/.local/lib/python3.8/site-packages/airflow/example_dags/example_bash_operator.py
[2022-12-23T02:13:10.928+0100] {logging_mixin.py:137} INFO - [2022-12-23T02:13:10.928+0100] {dag.py:2676} INFO - Sync 1 DAGs
[2022-12-23T02:13:11.008+0100] {logging_mixin.py:137} INFO - [2022-12-23T02:13:11.008+0100] {dag.py:3423} INFO - Setting next_dagrun for example_bash_operator to 2022-12-22T00:00:00+00:00, run_after=2022-12-23T00:00:00+00:00
[2022-12-23T02:13:11.057+0100] {processor.py:175} INFO - Processing /home/momo/.local/lib/python3.8/site-packages/airflow/example_dags/example_bash_operator.py took 0.257 seconds
[2022-12-23T02:14:15.501+0100] {processor.py:153} INFO - Started process (PID=6777) to work on /home/momo/.local/lib/python3.8/site-packages/airflow/example_dags/example_bash_operator.py
[2022-12-23T02:14:15.508+0100] {processor.py:743} INFO - Processing file /home/momo/.local/lib/python3.8/site-packages/airflow/example_dags/example_bash_operator.py for tasks to queue
[2022-12-23T02:14:15.514+0100] {logging_mixin.py:137} INFO - [2022-12-23T02:14:15.510+0100] {dagbag.py:538} INFO - Filling up the DagBag from /home/momo/.local/lib/python3.8/site-packages/airflow/example_dags/example_bash_operator.py
[2022-12-23T02:14:15.560+0100] {processor.py:753} INFO - DAG(s) dict_keys(['example_bash_operator']) retrieved from /home/momo/.local/lib/python3.8/site-packages/airflow/example_dags/example_bash_operator.py
[2022-12-23T02:14:15.633+0100] {logging_mixin.py:137} INFO - [2022-12-23T02:14:15.633+0100] {dag.py:2676} INFO - Sync 1 DAGs
[2022-12-23T02:14:15.672+0100] {logging_mixin.py:137} INFO - [2022-12-23T02:14:15.672+0100] {dag.py:3423} INFO - Setting next_dagrun for example_bash_operator to 2022-12-22T00:00:00+00:00, run_after=2022-12-23T00:00:00+00:00
[2022-12-23T02:14:15.710+0100] {processor.py:175} INFO - Processing /home/momo/.local/lib/python3.8/site-packages/airflow/example_dags/example_bash_operator.py took 0.238 seconds
[2022-12-23T02:15:24.223+0100] {processor.py:153} INFO - Started process (PID=6835) to work on /home/momo/.local/lib/python3.8/site-packages/airflow/example_dags/example_bash_operator.py
[2022-12-23T02:15:24.228+0100] {processor.py:743} INFO - Processing file /home/momo/.local/lib/python3.8/site-packages/airflow/example_dags/example_bash_operator.py for tasks to queue
[2022-12-23T02:15:24.229+0100] {logging_mixin.py:137} INFO - [2022-12-23T02:15:24.229+0100] {dagbag.py:538} INFO - Filling up the DagBag from /home/momo/.local/lib/python3.8/site-packages/airflow/example_dags/example_bash_operator.py
[2022-12-23T02:15:24.266+0100] {processor.py:753} INFO - DAG(s) dict_keys(['example_bash_operator']) retrieved from /home/momo/.local/lib/python3.8/site-packages/airflow/example_dags/example_bash_operator.py
[2022-12-23T02:15:24.314+0100] {logging_mixin.py:137} INFO - [2022-12-23T02:15:24.314+0100] {dag.py:2676} INFO - Sync 1 DAGs
[2022-12-23T02:15:24.342+0100] {logging_mixin.py:137} INFO - [2022-12-23T02:15:24.342+0100] {dag.py:3423} INFO - Setting next_dagrun for example_bash_operator to 2022-12-22T00:00:00+00:00, run_after=2022-12-23T00:00:00+00:00
[2022-12-23T02:15:24.376+0100] {processor.py:175} INFO - Processing /home/momo/.local/lib/python3.8/site-packages/airflow/example_dags/example_bash_operator.py took 0.161 seconds
[2022-12-23T02:16:17.883+0100] {processor.py:153} INFO - Started process (PID=6881) to work on /home/momo/.local/lib/python3.8/site-packages/airflow/example_dags/example_bash_operator.py
[2022-12-23T02:16:17.888+0100] {processor.py:743} INFO - Processing file /home/momo/.local/lib/python3.8/site-packages/airflow/example_dags/example_bash_operator.py for tasks to queue
[2022-12-23T02:16:17.891+0100] {logging_mixin.py:137} INFO - [2022-12-23T02:16:17.890+0100] {dagbag.py:538} INFO - Filling up the DagBag from /home/momo/.local/lib/python3.8/site-packages/airflow/example_dags/example_bash_operator.py
[2022-12-23T02:16:17.945+0100] {processor.py:753} INFO - DAG(s) dict_keys(['example_bash_operator']) retrieved from /home/momo/.local/lib/python3.8/site-packages/airflow/example_dags/example_bash_operator.py
[2022-12-23T02:16:17.996+0100] {logging_mixin.py:137} INFO - [2022-12-23T02:16:17.995+0100] {dag.py:2676} INFO - Sync 1 DAGs
[2022-12-23T02:16:18.031+0100] {logging_mixin.py:137} INFO - [2022-12-23T02:16:18.031+0100] {dag.py:3423} INFO - Setting next_dagrun for example_bash_operator to 2022-12-22T00:00:00+00:00, run_after=2022-12-23T00:00:00+00:00
[2022-12-23T02:16:18.067+0100] {processor.py:175} INFO - Processing /home/momo/.local/lib/python3.8/site-packages/airflow/example_dags/example_bash_operator.py took 0.199 seconds
[2022-12-23T02:17:14.877+0100] {processor.py:153} INFO - Started process (PID=6936) to work on /home/momo/.local/lib/python3.8/site-packages/airflow/example_dags/example_bash_operator.py
[2022-12-23T02:17:14.879+0100] {processor.py:743} INFO - Processing file /home/momo/.local/lib/python3.8/site-packages/airflow/example_dags/example_bash_operator.py for tasks to queue
[2022-12-23T02:17:14.880+0100] {logging_mixin.py:137} INFO - [2022-12-23T02:17:14.879+0100] {dagbag.py:538} INFO - Filling up the DagBag from /home/momo/.local/lib/python3.8/site-packages/airflow/example_dags/example_bash_operator.py
[2022-12-23T02:17:14.913+0100] {processor.py:753} INFO - DAG(s) dict_keys(['example_bash_operator']) retrieved from /home/momo/.local/lib/python3.8/site-packages/airflow/example_dags/example_bash_operator.py
[2022-12-23T02:17:14.965+0100] {logging_mixin.py:137} INFO - [2022-12-23T02:17:14.965+0100] {dag.py:2676} INFO - Sync 1 DAGs
[2022-12-23T02:17:14.994+0100] {logging_mixin.py:137} INFO - [2022-12-23T02:17:14.994+0100] {dag.py:3423} INFO - Setting next_dagrun for example_bash_operator to 2022-12-22T00:00:00+00:00, run_after=2022-12-23T00:00:00+00:00
[2022-12-23T02:17:15.026+0100] {processor.py:175} INFO - Processing /home/momo/.local/lib/python3.8/site-packages/airflow/example_dags/example_bash_operator.py took 0.158 seconds
[2022-12-23T02:18:22.529+0100] {processor.py:153} INFO - Started process (PID=6995) to work on /home/momo/.local/lib/python3.8/site-packages/airflow/example_dags/example_bash_operator.py
[2022-12-23T02:18:22.533+0100] {processor.py:743} INFO - Processing file /home/momo/.local/lib/python3.8/site-packages/airflow/example_dags/example_bash_operator.py for tasks to queue
[2022-12-23T02:18:22.536+0100] {logging_mixin.py:137} INFO - [2022-12-23T02:18:22.536+0100] {dagbag.py:538} INFO - Filling up the DagBag from /home/momo/.local/lib/python3.8/site-packages/airflow/example_dags/example_bash_operator.py
[2022-12-23T02:18:22.622+0100] {processor.py:753} INFO - DAG(s) dict_keys(['example_bash_operator']) retrieved from /home/momo/.local/lib/python3.8/site-packages/airflow/example_dags/example_bash_operator.py
[2022-12-23T02:18:22.681+0100] {logging_mixin.py:137} INFO - [2022-12-23T02:18:22.680+0100] {dag.py:2676} INFO - Sync 1 DAGs
[2022-12-23T02:18:22.710+0100] {logging_mixin.py:137} INFO - [2022-12-23T02:18:22.710+0100] {dag.py:3423} INFO - Setting next_dagrun for example_bash_operator to 2022-12-22T00:00:00+00:00, run_after=2022-12-23T00:00:00+00:00
[2022-12-23T02:18:22.743+0100] {processor.py:175} INFO - Processing /home/momo/.local/lib/python3.8/site-packages/airflow/example_dags/example_bash_operator.py took 0.235 seconds
[2022-12-23T02:19:21.493+0100] {processor.py:153} INFO - Started process (PID=7073) to work on /home/momo/.local/lib/python3.8/site-packages/airflow/example_dags/example_bash_operator.py
[2022-12-23T02:19:21.499+0100] {processor.py:743} INFO - Processing file /home/momo/.local/lib/python3.8/site-packages/airflow/example_dags/example_bash_operator.py for tasks to queue
[2022-12-23T02:19:21.500+0100] {logging_mixin.py:137} INFO - [2022-12-23T02:19:21.500+0100] {dagbag.py:538} INFO - Filling up the DagBag from /home/momo/.local/lib/python3.8/site-packages/airflow/example_dags/example_bash_operator.py
[2022-12-23T02:19:21.571+0100] {processor.py:753} INFO - DAG(s) dict_keys(['example_bash_operator']) retrieved from /home/momo/.local/lib/python3.8/site-packages/airflow/example_dags/example_bash_operator.py
[2022-12-23T02:19:21.624+0100] {logging_mixin.py:137} INFO - [2022-12-23T02:19:21.624+0100] {dag.py:2676} INFO - Sync 1 DAGs
[2022-12-23T02:19:21.656+0100] {logging_mixin.py:137} INFO - [2022-12-23T02:19:21.655+0100] {dag.py:3423} INFO - Setting next_dagrun for example_bash_operator to 2022-12-22T00:00:00+00:00, run_after=2022-12-23T00:00:00+00:00
[2022-12-23T02:19:21.697+0100] {processor.py:175} INFO - Processing /home/momo/.local/lib/python3.8/site-packages/airflow/example_dags/example_bash_operator.py took 0.215 seconds
[2022-12-23T02:20:23.208+0100] {processor.py:153} INFO - Started process (PID=7146) to work on /home/momo/.local/lib/python3.8/site-packages/airflow/example_dags/example_bash_operator.py
[2022-12-23T02:20:23.212+0100] {processor.py:743} INFO - Processing file /home/momo/.local/lib/python3.8/site-packages/airflow/example_dags/example_bash_operator.py for tasks to queue
[2022-12-23T02:20:23.214+0100] {logging_mixin.py:137} INFO - [2022-12-23T02:20:23.214+0100] {dagbag.py:538} INFO - Filling up the DagBag from /home/momo/.local/lib/python3.8/site-packages/airflow/example_dags/example_bash_operator.py
[2022-12-23T02:20:23.254+0100] {processor.py:753} INFO - DAG(s) dict_keys(['example_bash_operator']) retrieved from /home/momo/.local/lib/python3.8/site-packages/airflow/example_dags/example_bash_operator.py
[2022-12-23T02:20:23.305+0100] {logging_mixin.py:137} INFO - [2022-12-23T02:20:23.304+0100] {dag.py:2676} INFO - Sync 1 DAGs
[2022-12-23T02:20:23.336+0100] {logging_mixin.py:137} INFO - [2022-12-23T02:20:23.336+0100] {dag.py:3423} INFO - Setting next_dagrun for example_bash_operator to 2022-12-22T00:00:00+00:00, run_after=2022-12-23T00:00:00+00:00
[2022-12-23T02:20:23.376+0100] {processor.py:175} INFO - Processing /home/momo/.local/lib/python3.8/site-packages/airflow/example_dags/example_bash_operator.py took 0.183 seconds
[2022-12-23T02:21:27.670+0100] {processor.py:153} INFO - Started process (PID=7204) to work on /home/momo/.local/lib/python3.8/site-packages/airflow/example_dags/example_bash_operator.py
[2022-12-23T02:21:27.674+0100] {processor.py:743} INFO - Processing file /home/momo/.local/lib/python3.8/site-packages/airflow/example_dags/example_bash_operator.py for tasks to queue
[2022-12-23T02:21:27.676+0100] {logging_mixin.py:137} INFO - [2022-12-23T02:21:27.676+0100] {dagbag.py:538} INFO - Filling up the DagBag from /home/momo/.local/lib/python3.8/site-packages/airflow/example_dags/example_bash_operator.py
[2022-12-23T02:21:27.744+0100] {processor.py:753} INFO - DAG(s) dict_keys(['example_bash_operator']) retrieved from /home/momo/.local/lib/python3.8/site-packages/airflow/example_dags/example_bash_operator.py
[2022-12-23T02:21:27.810+0100] {logging_mixin.py:137} INFO - [2022-12-23T02:21:27.810+0100] {dag.py:2676} INFO - Sync 1 DAGs
[2022-12-23T02:21:27.841+0100] {logging_mixin.py:137} INFO - [2022-12-23T02:21:27.841+0100] {dag.py:3423} INFO - Setting next_dagrun for example_bash_operator to 2022-12-22T00:00:00+00:00, run_after=2022-12-23T00:00:00+00:00
[2022-12-23T02:21:27.871+0100] {processor.py:175} INFO - Processing /home/momo/.local/lib/python3.8/site-packages/airflow/example_dags/example_bash_operator.py took 0.218 seconds
