[2022-12-23T01:00:42.219+0100] {processor.py:153} INFO - Started process (PID=27042) to work on /home/momo/.local/lib/python3.8/site-packages/airflow/example_dags/example_branch_labels.py
[2022-12-23T01:00:42.221+0100] {processor.py:743} INFO - Processing file /home/momo/.local/lib/python3.8/site-packages/airflow/example_dags/example_branch_labels.py for tasks to queue
[2022-12-23T01:00:42.223+0100] {logging_mixin.py:137} INFO - [2022-12-23T01:00:42.222+0100] {dagbag.py:538} INFO - Filling up the DagBag from /home/momo/.local/lib/python3.8/site-packages/airflow/example_dags/example_branch_labels.py
[2022-12-23T01:00:42.261+0100] {processor.py:753} INFO - DAG(s) dict_keys(['example_branch_labels']) retrieved from /home/momo/.local/lib/python3.8/site-packages/airflow/example_dags/example_branch_labels.py
[2022-12-23T01:00:42.323+0100] {logging_mixin.py:137} INFO - [2022-12-23T01:00:42.323+0100] {dag.py:2676} INFO - Sync 1 DAGs
[2022-12-23T01:00:42.389+0100] {logging_mixin.py:137} INFO - [2022-12-23T01:00:42.389+0100] {dag.py:3423} INFO - Setting next_dagrun for example_branch_labels to 2022-12-22T00:00:00+00:00, run_after=2022-12-23T00:00:00+00:00
[2022-12-23T01:00:42.454+0100] {processor.py:175} INFO - Processing /home/momo/.local/lib/python3.8/site-packages/airflow/example_dags/example_branch_labels.py took 0.244 seconds
[2022-12-23T01:01:51.446+0100] {processor.py:153} INFO - Started process (PID=27092) to work on /home/momo/.local/lib/python3.8/site-packages/airflow/example_dags/example_branch_labels.py
[2022-12-23T01:01:51.452+0100] {processor.py:743} INFO - Processing file /home/momo/.local/lib/python3.8/site-packages/airflow/example_dags/example_branch_labels.py for tasks to queue
[2022-12-23T01:01:51.455+0100] {logging_mixin.py:137} INFO - [2022-12-23T01:01:51.455+0100] {dagbag.py:538} INFO - Filling up the DagBag from /home/momo/.local/lib/python3.8/site-packages/airflow/example_dags/example_branch_labels.py
[2022-12-23T01:01:51.496+0100] {processor.py:753} INFO - DAG(s) dict_keys(['example_branch_labels']) retrieved from /home/momo/.local/lib/python3.8/site-packages/airflow/example_dags/example_branch_labels.py
[2022-12-23T01:01:51.556+0100] {logging_mixin.py:137} INFO - [2022-12-23T01:01:51.556+0100] {dag.py:2676} INFO - Sync 1 DAGs
[2022-12-23T01:01:51.630+0100] {logging_mixin.py:137} INFO - [2022-12-23T01:01:51.630+0100] {dag.py:3423} INFO - Setting next_dagrun for example_branch_labels to 2022-12-22T00:00:00+00:00, run_after=2022-12-23T00:00:00+00:00
[2022-12-23T01:01:51.771+0100] {processor.py:175} INFO - Processing /home/momo/.local/lib/python3.8/site-packages/airflow/example_dags/example_branch_labels.py took 0.341 seconds
[2022-12-23T01:03:03.843+0100] {processor.py:153} INFO - Started process (PID=27147) to work on /home/momo/.local/lib/python3.8/site-packages/airflow/example_dags/example_branch_labels.py
[2022-12-23T01:03:03.849+0100] {processor.py:743} INFO - Processing file /home/momo/.local/lib/python3.8/site-packages/airflow/example_dags/example_branch_labels.py for tasks to queue
[2022-12-23T01:03:03.852+0100] {logging_mixin.py:137} INFO - [2022-12-23T01:03:03.851+0100] {dagbag.py:538} INFO - Filling up the DagBag from /home/momo/.local/lib/python3.8/site-packages/airflow/example_dags/example_branch_labels.py
[2022-12-23T01:03:03.917+0100] {processor.py:753} INFO - DAG(s) dict_keys(['example_branch_labels']) retrieved from /home/momo/.local/lib/python3.8/site-packages/airflow/example_dags/example_branch_labels.py
[2022-12-23T01:03:03.994+0100] {logging_mixin.py:137} INFO - [2022-12-23T01:03:03.994+0100] {dag.py:2676} INFO - Sync 1 DAGs
[2022-12-23T01:03:04.050+0100] {logging_mixin.py:137} INFO - [2022-12-23T01:03:04.050+0100] {dag.py:3423} INFO - Setting next_dagrun for example_branch_labels to 2022-12-22T00:00:00+00:00, run_after=2022-12-23T00:00:00+00:00
[2022-12-23T01:03:04.100+0100] {processor.py:175} INFO - Processing /home/momo/.local/lib/python3.8/site-packages/airflow/example_dags/example_branch_labels.py took 0.275 seconds
[2022-12-23T01:04:11.678+0100] {processor.py:153} INFO - Started process (PID=27197) to work on /home/momo/.local/lib/python3.8/site-packages/airflow/example_dags/example_branch_labels.py
[2022-12-23T01:04:11.683+0100] {processor.py:743} INFO - Processing file /home/momo/.local/lib/python3.8/site-packages/airflow/example_dags/example_branch_labels.py for tasks to queue
[2022-12-23T01:04:11.687+0100] {logging_mixin.py:137} INFO - [2022-12-23T01:04:11.686+0100] {dagbag.py:538} INFO - Filling up the DagBag from /home/momo/.local/lib/python3.8/site-packages/airflow/example_dags/example_branch_labels.py
[2022-12-23T01:04:11.761+0100] {processor.py:753} INFO - DAG(s) dict_keys(['example_branch_labels']) retrieved from /home/momo/.local/lib/python3.8/site-packages/airflow/example_dags/example_branch_labels.py
[2022-12-23T01:04:11.874+0100] {logging_mixin.py:137} INFO - [2022-12-23T01:04:11.874+0100] {dag.py:2676} INFO - Sync 1 DAGs
[2022-12-23T01:04:11.988+0100] {logging_mixin.py:137} INFO - [2022-12-23T01:04:11.987+0100] {dag.py:3423} INFO - Setting next_dagrun for example_branch_labels to 2022-12-22T00:00:00+00:00, run_after=2022-12-23T00:00:00+00:00
[2022-12-23T01:04:12.092+0100] {processor.py:175} INFO - Processing /home/momo/.local/lib/python3.8/site-packages/airflow/example_dags/example_branch_labels.py took 0.429 seconds
[2022-12-23T01:05:36.701+0100] {processor.py:153} INFO - Started process (PID=27252) to work on /home/momo/.local/lib/python3.8/site-packages/airflow/example_dags/example_branch_labels.py
[2022-12-23T01:05:36.707+0100] {processor.py:743} INFO - Processing file /home/momo/.local/lib/python3.8/site-packages/airflow/example_dags/example_branch_labels.py for tasks to queue
[2022-12-23T01:05:36.711+0100] {logging_mixin.py:137} INFO - [2022-12-23T01:05:36.710+0100] {dagbag.py:538} INFO - Filling up the DagBag from /home/momo/.local/lib/python3.8/site-packages/airflow/example_dags/example_branch_labels.py
[2022-12-23T01:05:36.805+0100] {processor.py:753} INFO - DAG(s) dict_keys(['example_branch_labels']) retrieved from /home/momo/.local/lib/python3.8/site-packages/airflow/example_dags/example_branch_labels.py
[2022-12-23T01:05:36.966+0100] {logging_mixin.py:137} INFO - [2022-12-23T01:05:36.966+0100] {dag.py:2676} INFO - Sync 1 DAGs
[2022-12-23T01:05:37.021+0100] {logging_mixin.py:137} INFO - [2022-12-23T01:05:37.021+0100] {dag.py:3423} INFO - Setting next_dagrun for example_branch_labels to 2022-12-22T00:00:00+00:00, run_after=2022-12-23T00:00:00+00:00
[2022-12-23T01:05:37.071+0100] {processor.py:175} INFO - Processing /home/momo/.local/lib/python3.8/site-packages/airflow/example_dags/example_branch_labels.py took 0.388 seconds
[2022-12-23T01:06:49.467+0100] {processor.py:153} INFO - Started process (PID=27304) to work on /home/momo/.local/lib/python3.8/site-packages/airflow/example_dags/example_branch_labels.py
[2022-12-23T01:06:49.473+0100] {processor.py:743} INFO - Processing file /home/momo/.local/lib/python3.8/site-packages/airflow/example_dags/example_branch_labels.py for tasks to queue
[2022-12-23T01:06:49.477+0100] {logging_mixin.py:137} INFO - [2022-12-23T01:06:49.476+0100] {dagbag.py:538} INFO - Filling up the DagBag from /home/momo/.local/lib/python3.8/site-packages/airflow/example_dags/example_branch_labels.py
[2022-12-23T01:06:49.574+0100] {processor.py:753} INFO - DAG(s) dict_keys(['example_branch_labels']) retrieved from /home/momo/.local/lib/python3.8/site-packages/airflow/example_dags/example_branch_labels.py
[2022-12-23T01:06:49.742+0100] {logging_mixin.py:137} INFO - [2022-12-23T01:06:49.741+0100] {dag.py:2676} INFO - Sync 1 DAGs
[2022-12-23T01:06:49.872+0100] {logging_mixin.py:137} INFO - [2022-12-23T01:06:49.871+0100] {dag.py:3423} INFO - Setting next_dagrun for example_branch_labels to 2022-12-22T00:00:00+00:00, run_after=2022-12-23T00:00:00+00:00
[2022-12-23T01:06:49.991+0100] {processor.py:175} INFO - Processing /home/momo/.local/lib/python3.8/site-packages/airflow/example_dags/example_branch_labels.py took 0.540 seconds
[2022-12-23T01:07:56.732+0100] {processor.py:153} INFO - Started process (PID=27352) to work on /home/momo/.local/lib/python3.8/site-packages/airflow/example_dags/example_branch_labels.py
[2022-12-23T01:07:56.736+0100] {processor.py:743} INFO - Processing file /home/momo/.local/lib/python3.8/site-packages/airflow/example_dags/example_branch_labels.py for tasks to queue
[2022-12-23T01:07:56.739+0100] {logging_mixin.py:137} INFO - [2022-12-23T01:07:56.739+0100] {dagbag.py:538} INFO - Filling up the DagBag from /home/momo/.local/lib/python3.8/site-packages/airflow/example_dags/example_branch_labels.py
[2022-12-23T01:07:56.810+0100] {processor.py:753} INFO - DAG(s) dict_keys(['example_branch_labels']) retrieved from /home/momo/.local/lib/python3.8/site-packages/airflow/example_dags/example_branch_labels.py
[2022-12-23T01:07:56.916+0100] {logging_mixin.py:137} INFO - [2022-12-23T01:07:56.916+0100] {dag.py:2676} INFO - Sync 1 DAGs
[2022-12-23T01:07:57.020+0100] {logging_mixin.py:137} INFO - [2022-12-23T01:07:57.019+0100] {dag.py:3423} INFO - Setting next_dagrun for example_branch_labels to 2022-12-22T00:00:00+00:00, run_after=2022-12-23T00:00:00+00:00
[2022-12-23T01:07:57.078+0100] {processor.py:175} INFO - Processing /home/momo/.local/lib/python3.8/site-packages/airflow/example_dags/example_branch_labels.py took 0.365 seconds
[2022-12-23T01:09:07.892+0100] {processor.py:153} INFO - Started process (PID=27410) to work on /home/momo/.local/lib/python3.8/site-packages/airflow/example_dags/example_branch_labels.py
[2022-12-23T01:09:07.897+0100] {processor.py:743} INFO - Processing file /home/momo/.local/lib/python3.8/site-packages/airflow/example_dags/example_branch_labels.py for tasks to queue
[2022-12-23T01:09:07.901+0100] {logging_mixin.py:137} INFO - [2022-12-23T01:09:07.900+0100] {dagbag.py:538} INFO - Filling up the DagBag from /home/momo/.local/lib/python3.8/site-packages/airflow/example_dags/example_branch_labels.py
[2022-12-23T01:09:07.963+0100] {processor.py:753} INFO - DAG(s) dict_keys(['example_branch_labels']) retrieved from /home/momo/.local/lib/python3.8/site-packages/airflow/example_dags/example_branch_labels.py
[2022-12-23T01:09:08.024+0100] {logging_mixin.py:137} INFO - [2022-12-23T01:09:08.024+0100] {dag.py:2676} INFO - Sync 1 DAGs
[2022-12-23T01:09:08.090+0100] {logging_mixin.py:137} INFO - [2022-12-23T01:09:08.090+0100] {dag.py:3423} INFO - Setting next_dagrun for example_branch_labels to 2022-12-22T00:00:00+00:00, run_after=2022-12-23T00:00:00+00:00
[2022-12-23T01:09:08.157+0100] {processor.py:175} INFO - Processing /home/momo/.local/lib/python3.8/site-packages/airflow/example_dags/example_branch_labels.py took 0.281 seconds
[2022-12-23T01:10:10.170+0100] {processor.py:153} INFO - Started process (PID=27449) to work on /home/momo/.local/lib/python3.8/site-packages/airflow/example_dags/example_branch_labels.py
[2022-12-23T01:10:10.173+0100] {processor.py:743} INFO - Processing file /home/momo/.local/lib/python3.8/site-packages/airflow/example_dags/example_branch_labels.py for tasks to queue
[2022-12-23T01:10:10.176+0100] {logging_mixin.py:137} INFO - [2022-12-23T01:10:10.175+0100] {dagbag.py:538} INFO - Filling up the DagBag from /home/momo/.local/lib/python3.8/site-packages/airflow/example_dags/example_branch_labels.py
[2022-12-23T01:10:10.219+0100] {processor.py:753} INFO - DAG(s) dict_keys(['example_branch_labels']) retrieved from /home/momo/.local/lib/python3.8/site-packages/airflow/example_dags/example_branch_labels.py
[2022-12-23T01:10:10.279+0100] {logging_mixin.py:137} INFO - [2022-12-23T01:10:10.279+0100] {dag.py:2676} INFO - Sync 1 DAGs
[2022-12-23T01:10:10.332+0100] {logging_mixin.py:137} INFO - [2022-12-23T01:10:10.331+0100] {dag.py:3423} INFO - Setting next_dagrun for example_branch_labels to 2022-12-22T00:00:00+00:00, run_after=2022-12-23T00:00:00+00:00
[2022-12-23T01:10:10.389+0100] {processor.py:175} INFO - Processing /home/momo/.local/lib/python3.8/site-packages/airflow/example_dags/example_branch_labels.py took 0.232 seconds
[2022-12-23T01:11:10.388+0100] {processor.py:153} INFO - Started process (PID=27488) to work on /home/momo/.local/lib/python3.8/site-packages/airflow/example_dags/example_branch_labels.py
[2022-12-23T01:11:10.393+0100] {processor.py:743} INFO - Processing file /home/momo/.local/lib/python3.8/site-packages/airflow/example_dags/example_branch_labels.py for tasks to queue
[2022-12-23T01:11:10.396+0100] {logging_mixin.py:137} INFO - [2022-12-23T01:11:10.395+0100] {dagbag.py:538} INFO - Filling up the DagBag from /home/momo/.local/lib/python3.8/site-packages/airflow/example_dags/example_branch_labels.py
[2022-12-23T01:11:10.449+0100] {processor.py:753} INFO - DAG(s) dict_keys(['example_branch_labels']) retrieved from /home/momo/.local/lib/python3.8/site-packages/airflow/example_dags/example_branch_labels.py
[2022-12-23T01:11:10.510+0100] {logging_mixin.py:137} INFO - [2022-12-23T01:11:10.509+0100] {dag.py:2676} INFO - Sync 1 DAGs
[2022-12-23T01:11:10.567+0100] {logging_mixin.py:137} INFO - [2022-12-23T01:11:10.567+0100] {dag.py:3423} INFO - Setting next_dagrun for example_branch_labels to 2022-12-22T00:00:00+00:00, run_after=2022-12-23T00:00:00+00:00
[2022-12-23T01:11:10.623+0100] {processor.py:175} INFO - Processing /home/momo/.local/lib/python3.8/site-packages/airflow/example_dags/example_branch_labels.py took 0.251 seconds
[2022-12-23T01:12:19.859+0100] {processor.py:153} INFO - Started process (PID=27539) to work on /home/momo/.local/lib/python3.8/site-packages/airflow/example_dags/example_branch_labels.py
[2022-12-23T01:12:19.861+0100] {processor.py:743} INFO - Processing file /home/momo/.local/lib/python3.8/site-packages/airflow/example_dags/example_branch_labels.py for tasks to queue
[2022-12-23T01:12:19.863+0100] {logging_mixin.py:137} INFO - [2022-12-23T01:12:19.863+0100] {dagbag.py:538} INFO - Filling up the DagBag from /home/momo/.local/lib/python3.8/site-packages/airflow/example_dags/example_branch_labels.py
[2022-12-23T01:12:19.906+0100] {processor.py:753} INFO - DAG(s) dict_keys(['example_branch_labels']) retrieved from /home/momo/.local/lib/python3.8/site-packages/airflow/example_dags/example_branch_labels.py
[2022-12-23T01:12:19.970+0100] {logging_mixin.py:137} INFO - [2022-12-23T01:12:19.969+0100] {dag.py:2676} INFO - Sync 1 DAGs
[2022-12-23T01:12:20.052+0100] {logging_mixin.py:137} INFO - [2022-12-23T01:12:20.047+0100] {dag.py:3423} INFO - Setting next_dagrun for example_branch_labels to 2022-12-22T00:00:00+00:00, run_after=2022-12-23T00:00:00+00:00
[2022-12-23T01:12:20.095+0100] {processor.py:175} INFO - Processing /home/momo/.local/lib/python3.8/site-packages/airflow/example_dags/example_branch_labels.py took 0.245 seconds
[2022-12-23T01:13:27.769+0100] {processor.py:153} INFO - Started process (PID=27592) to work on /home/momo/.local/lib/python3.8/site-packages/airflow/example_dags/example_branch_labels.py
[2022-12-23T01:13:27.775+0100] {processor.py:743} INFO - Processing file /home/momo/.local/lib/python3.8/site-packages/airflow/example_dags/example_branch_labels.py for tasks to queue
[2022-12-23T01:13:27.778+0100] {logging_mixin.py:137} INFO - [2022-12-23T01:13:27.777+0100] {dagbag.py:538} INFO - Filling up the DagBag from /home/momo/.local/lib/python3.8/site-packages/airflow/example_dags/example_branch_labels.py
[2022-12-23T01:13:27.838+0100] {processor.py:753} INFO - DAG(s) dict_keys(['example_branch_labels']) retrieved from /home/momo/.local/lib/python3.8/site-packages/airflow/example_dags/example_branch_labels.py
[2022-12-23T01:13:27.900+0100] {logging_mixin.py:137} INFO - [2022-12-23T01:13:27.900+0100] {dag.py:2676} INFO - Sync 1 DAGs
[2022-12-23T01:13:27.955+0100] {logging_mixin.py:137} INFO - [2022-12-23T01:13:27.954+0100] {dag.py:3423} INFO - Setting next_dagrun for example_branch_labels to 2022-12-22T00:00:00+00:00, run_after=2022-12-23T00:00:00+00:00
[2022-12-23T01:13:28.019+0100] {processor.py:175} INFO - Processing /home/momo/.local/lib/python3.8/site-packages/airflow/example_dags/example_branch_labels.py took 0.266 seconds
[2022-12-23T01:14:42.651+0100] {processor.py:153} INFO - Started process (PID=27644) to work on /home/momo/.local/lib/python3.8/site-packages/airflow/example_dags/example_branch_labels.py
[2022-12-23T01:14:42.657+0100] {processor.py:743} INFO - Processing file /home/momo/.local/lib/python3.8/site-packages/airflow/example_dags/example_branch_labels.py for tasks to queue
[2022-12-23T01:14:42.661+0100] {logging_mixin.py:137} INFO - [2022-12-23T01:14:42.659+0100] {dagbag.py:538} INFO - Filling up the DagBag from /home/momo/.local/lib/python3.8/site-packages/airflow/example_dags/example_branch_labels.py
[2022-12-23T01:14:42.737+0100] {processor.py:753} INFO - DAG(s) dict_keys(['example_branch_labels']) retrieved from /home/momo/.local/lib/python3.8/site-packages/airflow/example_dags/example_branch_labels.py
[2022-12-23T01:14:42.801+0100] {logging_mixin.py:137} INFO - [2022-12-23T01:14:42.801+0100] {dag.py:2676} INFO - Sync 1 DAGs
[2022-12-23T01:14:42.950+0100] {logging_mixin.py:137} INFO - [2022-12-23T01:14:42.949+0100] {dag.py:3423} INFO - Setting next_dagrun for example_branch_labels to 2022-12-22T00:00:00+00:00, run_after=2022-12-23T00:00:00+00:00
[2022-12-23T01:14:43.011+0100] {processor.py:175} INFO - Processing /home/momo/.local/lib/python3.8/site-packages/airflow/example_dags/example_branch_labels.py took 0.381 seconds
[2022-12-23T01:16:07.819+0100] {processor.py:153} INFO - Started process (PID=27699) to work on /home/momo/.local/lib/python3.8/site-packages/airflow/example_dags/example_branch_labels.py
[2022-12-23T01:16:07.824+0100] {processor.py:743} INFO - Processing file /home/momo/.local/lib/python3.8/site-packages/airflow/example_dags/example_branch_labels.py for tasks to queue
[2022-12-23T01:16:07.827+0100] {logging_mixin.py:137} INFO - [2022-12-23T01:16:07.826+0100] {dagbag.py:538} INFO - Filling up the DagBag from /home/momo/.local/lib/python3.8/site-packages/airflow/example_dags/example_branch_labels.py
[2022-12-23T01:16:07.904+0100] {processor.py:753} INFO - DAG(s) dict_keys(['example_branch_labels']) retrieved from /home/momo/.local/lib/python3.8/site-packages/airflow/example_dags/example_branch_labels.py
[2022-12-23T01:16:08.120+0100] {logging_mixin.py:137} INFO - [2022-12-23T01:16:08.119+0100] {dag.py:2676} INFO - Sync 1 DAGs
[2022-12-23T01:16:08.222+0100] {logging_mixin.py:137} INFO - [2022-12-23T01:16:08.222+0100] {dag.py:3423} INFO - Setting next_dagrun for example_branch_labels to 2022-12-22T00:00:00+00:00, run_after=2022-12-23T00:00:00+00:00
[2022-12-23T01:16:08.837+0100] {processor.py:175} INFO - Processing /home/momo/.local/lib/python3.8/site-packages/airflow/example_dags/example_branch_labels.py took 1.032 seconds
[2022-12-23T01:17:05.512+0100] {processor.py:153} INFO - Started process (PID=27742) to work on /home/momo/.local/lib/python3.8/site-packages/airflow/example_dags/example_branch_labels.py
[2022-12-23T01:17:05.514+0100] {processor.py:743} INFO - Processing file /home/momo/.local/lib/python3.8/site-packages/airflow/example_dags/example_branch_labels.py for tasks to queue
[2022-12-23T01:17:05.515+0100] {logging_mixin.py:137} INFO - [2022-12-23T01:17:05.515+0100] {dagbag.py:538} INFO - Filling up the DagBag from /home/momo/.local/lib/python3.8/site-packages/airflow/example_dags/example_branch_labels.py
[2022-12-23T01:17:05.543+0100] {processor.py:753} INFO - DAG(s) dict_keys(['example_branch_labels']) retrieved from /home/momo/.local/lib/python3.8/site-packages/airflow/example_dags/example_branch_labels.py
[2022-12-23T01:17:05.583+0100] {logging_mixin.py:137} INFO - [2022-12-23T01:17:05.583+0100] {dag.py:2676} INFO - Sync 1 DAGs
[2022-12-23T01:17:05.618+0100] {logging_mixin.py:137} INFO - [2022-12-23T01:17:05.617+0100] {dag.py:3423} INFO - Setting next_dagrun for example_branch_labels to 2022-12-22T00:00:00+00:00, run_after=2022-12-23T00:00:00+00:00
[2022-12-23T01:17:05.649+0100] {processor.py:175} INFO - Processing /home/momo/.local/lib/python3.8/site-packages/airflow/example_dags/example_branch_labels.py took 0.143 seconds
[2022-12-23T01:18:13.545+0100] {processor.py:153} INFO - Started process (PID=27901) to work on /home/momo/.local/lib/python3.8/site-packages/airflow/example_dags/example_branch_labels.py
[2022-12-23T01:18:13.551+0100] {processor.py:743} INFO - Processing file /home/momo/.local/lib/python3.8/site-packages/airflow/example_dags/example_branch_labels.py for tasks to queue
[2022-12-23T01:18:13.553+0100] {logging_mixin.py:137} INFO - [2022-12-23T01:18:13.552+0100] {dagbag.py:538} INFO - Filling up the DagBag from /home/momo/.local/lib/python3.8/site-packages/airflow/example_dags/example_branch_labels.py
[2022-12-23T01:18:13.652+0100] {processor.py:753} INFO - DAG(s) dict_keys(['example_branch_labels']) retrieved from /home/momo/.local/lib/python3.8/site-packages/airflow/example_dags/example_branch_labels.py
[2022-12-23T01:18:13.782+0100] {logging_mixin.py:137} INFO - [2022-12-23T01:18:13.782+0100] {dag.py:2676} INFO - Sync 1 DAGs
[2022-12-23T01:18:13.899+0100] {logging_mixin.py:137} INFO - [2022-12-23T01:18:13.899+0100] {dag.py:3423} INFO - Setting next_dagrun for example_branch_labels to 2022-12-22T00:00:00+00:00, run_after=2022-12-23T00:00:00+00:00
[2022-12-23T01:18:14.000+0100] {processor.py:175} INFO - Processing /home/momo/.local/lib/python3.8/site-packages/airflow/example_dags/example_branch_labels.py took 0.467 seconds
[2022-12-23T01:19:21.753+0100] {processor.py:153} INFO - Started process (PID=27968) to work on /home/momo/.local/lib/python3.8/site-packages/airflow/example_dags/example_branch_labels.py
[2022-12-23T01:19:21.759+0100] {processor.py:743} INFO - Processing file /home/momo/.local/lib/python3.8/site-packages/airflow/example_dags/example_branch_labels.py for tasks to queue
[2022-12-23T01:19:21.761+0100] {logging_mixin.py:137} INFO - [2022-12-23T01:19:21.761+0100] {dagbag.py:538} INFO - Filling up the DagBag from /home/momo/.local/lib/python3.8/site-packages/airflow/example_dags/example_branch_labels.py
[2022-12-23T01:19:21.844+0100] {processor.py:753} INFO - DAG(s) dict_keys(['example_branch_labels']) retrieved from /home/momo/.local/lib/python3.8/site-packages/airflow/example_dags/example_branch_labels.py
[2022-12-23T01:19:21.939+0100] {logging_mixin.py:137} INFO - [2022-12-23T01:19:21.939+0100] {dag.py:2676} INFO - Sync 1 DAGs
[2022-12-23T01:19:22.013+0100] {logging_mixin.py:137} INFO - [2022-12-23T01:19:22.013+0100] {dag.py:3423} INFO - Setting next_dagrun for example_branch_labels to 2022-12-22T00:00:00+00:00, run_after=2022-12-23T00:00:00+00:00
[2022-12-23T01:19:22.074+0100] {processor.py:175} INFO - Processing /home/momo/.local/lib/python3.8/site-packages/airflow/example_dags/example_branch_labels.py took 0.347 seconds
[2022-12-23T01:20:37.723+0100] {processor.py:153} INFO - Started process (PID=28115) to work on /home/momo/.local/lib/python3.8/site-packages/airflow/example_dags/example_branch_labels.py
[2022-12-23T01:20:37.730+0100] {processor.py:743} INFO - Processing file /home/momo/.local/lib/python3.8/site-packages/airflow/example_dags/example_branch_labels.py for tasks to queue
[2022-12-23T01:20:37.731+0100] {logging_mixin.py:137} INFO - [2022-12-23T01:20:37.731+0100] {dagbag.py:538} INFO - Filling up the DagBag from /home/momo/.local/lib/python3.8/site-packages/airflow/example_dags/example_branch_labels.py
[2022-12-23T01:20:37.871+0100] {processor.py:753} INFO - DAG(s) dict_keys(['example_branch_labels']) retrieved from /home/momo/.local/lib/python3.8/site-packages/airflow/example_dags/example_branch_labels.py
[2022-12-23T01:20:38.381+0100] {logging_mixin.py:137} INFO - [2022-12-23T01:20:38.381+0100] {dag.py:2676} INFO - Sync 1 DAGs
[2022-12-23T01:20:38.846+0100] {logging_mixin.py:137} INFO - [2022-12-23T01:20:38.846+0100] {dag.py:3423} INFO - Setting next_dagrun for example_branch_labels to 2022-12-22T00:00:00+00:00, run_after=2022-12-23T00:00:00+00:00
[2022-12-23T01:20:39.195+0100] {processor.py:175} INFO - Processing /home/momo/.local/lib/python3.8/site-packages/airflow/example_dags/example_branch_labels.py took 1.478 seconds
[2022-12-23T01:21:39.442+0100] {processor.py:153} INFO - Started process (PID=28169) to work on /home/momo/.local/lib/python3.8/site-packages/airflow/example_dags/example_branch_labels.py
[2022-12-23T01:21:39.449+0100] {processor.py:743} INFO - Processing file /home/momo/.local/lib/python3.8/site-packages/airflow/example_dags/example_branch_labels.py for tasks to queue
[2022-12-23T01:21:39.450+0100] {logging_mixin.py:137} INFO - [2022-12-23T01:21:39.450+0100] {dagbag.py:538} INFO - Filling up the DagBag from /home/momo/.local/lib/python3.8/site-packages/airflow/example_dags/example_branch_labels.py
[2022-12-23T01:21:39.504+0100] {processor.py:753} INFO - DAG(s) dict_keys(['example_branch_labels']) retrieved from /home/momo/.local/lib/python3.8/site-packages/airflow/example_dags/example_branch_labels.py
[2022-12-23T01:21:39.586+0100] {logging_mixin.py:137} INFO - [2022-12-23T01:21:39.585+0100] {dag.py:2676} INFO - Sync 1 DAGs
[2022-12-23T01:21:39.658+0100] {logging_mixin.py:137} INFO - [2022-12-23T01:21:39.658+0100] {dag.py:3423} INFO - Setting next_dagrun for example_branch_labels to 2022-12-22T00:00:00+00:00, run_after=2022-12-23T00:00:00+00:00
[2022-12-23T01:21:40.091+0100] {processor.py:175} INFO - Processing /home/momo/.local/lib/python3.8/site-packages/airflow/example_dags/example_branch_labels.py took 0.657 seconds
[2022-12-23T01:22:51.945+0100] {processor.py:153} INFO - Started process (PID=28230) to work on /home/momo/.local/lib/python3.8/site-packages/airflow/example_dags/example_branch_labels.py
[2022-12-23T01:22:51.948+0100] {processor.py:743} INFO - Processing file /home/momo/.local/lib/python3.8/site-packages/airflow/example_dags/example_branch_labels.py for tasks to queue
[2022-12-23T01:22:51.949+0100] {logging_mixin.py:137} INFO - [2022-12-23T01:22:51.949+0100] {dagbag.py:538} INFO - Filling up the DagBag from /home/momo/.local/lib/python3.8/site-packages/airflow/example_dags/example_branch_labels.py
[2022-12-23T01:22:52.015+0100] {processor.py:753} INFO - DAG(s) dict_keys(['example_branch_labels']) retrieved from /home/momo/.local/lib/python3.8/site-packages/airflow/example_dags/example_branch_labels.py
[2022-12-23T01:22:52.109+0100] {logging_mixin.py:137} INFO - [2022-12-23T01:22:52.109+0100] {dag.py:2676} INFO - Sync 1 DAGs
[2022-12-23T01:22:52.196+0100] {logging_mixin.py:137} INFO - [2022-12-23T01:22:52.196+0100] {dag.py:3423} INFO - Setting next_dagrun for example_branch_labels to 2022-12-22T00:00:00+00:00, run_after=2022-12-23T00:00:00+00:00
[2022-12-23T01:22:52.268+0100] {processor.py:175} INFO - Processing /home/momo/.local/lib/python3.8/site-packages/airflow/example_dags/example_branch_labels.py took 0.333 seconds
[2022-12-23T01:24:08.251+0100] {processor.py:153} INFO - Started process (PID=28367) to work on /home/momo/.local/lib/python3.8/site-packages/airflow/example_dags/example_branch_labels.py
[2022-12-23T01:24:08.257+0100] {processor.py:743} INFO - Processing file /home/momo/.local/lib/python3.8/site-packages/airflow/example_dags/example_branch_labels.py for tasks to queue
[2022-12-23T01:24:08.258+0100] {logging_mixin.py:137} INFO - [2022-12-23T01:24:08.258+0100] {dagbag.py:538} INFO - Filling up the DagBag from /home/momo/.local/lib/python3.8/site-packages/airflow/example_dags/example_branch_labels.py
[2022-12-23T01:24:08.310+0100] {processor.py:753} INFO - DAG(s) dict_keys(['example_branch_labels']) retrieved from /home/momo/.local/lib/python3.8/site-packages/airflow/example_dags/example_branch_labels.py
[2022-12-23T01:24:08.396+0100] {logging_mixin.py:137} INFO - [2022-12-23T01:24:08.396+0100] {dag.py:2676} INFO - Sync 1 DAGs
[2022-12-23T01:24:08.473+0100] {logging_mixin.py:137} INFO - [2022-12-23T01:24:08.473+0100] {dag.py:3423} INFO - Setting next_dagrun for example_branch_labels to 2022-12-22T00:00:00+00:00, run_after=2022-12-23T00:00:00+00:00
[2022-12-23T01:24:08.534+0100] {processor.py:175} INFO - Processing /home/momo/.local/lib/python3.8/site-packages/airflow/example_dags/example_branch_labels.py took 0.291 seconds
[2022-12-23T01:44:07.160+0100] {processor.py:153} INFO - Started process (PID=5169) to work on /home/momo/.local/lib/python3.8/site-packages/airflow/example_dags/example_branch_labels.py
[2022-12-23T01:44:07.167+0100] {processor.py:743} INFO - Processing file /home/momo/.local/lib/python3.8/site-packages/airflow/example_dags/example_branch_labels.py for tasks to queue
[2022-12-23T01:44:07.169+0100] {logging_mixin.py:137} INFO - [2022-12-23T01:44:07.168+0100] {dagbag.py:538} INFO - Filling up the DagBag from /home/momo/.local/lib/python3.8/site-packages/airflow/example_dags/example_branch_labels.py
[2022-12-23T01:44:07.220+0100] {processor.py:753} INFO - DAG(s) dict_keys(['example_branch_labels']) retrieved from /home/momo/.local/lib/python3.8/site-packages/airflow/example_dags/example_branch_labels.py
[2022-12-23T01:44:07.288+0100] {logging_mixin.py:137} INFO - [2022-12-23T01:44:07.288+0100] {dag.py:2676} INFO - Sync 1 DAGs
[2022-12-23T01:44:07.329+0100] {logging_mixin.py:137} INFO - [2022-12-23T01:44:07.329+0100] {dag.py:3423} INFO - Setting next_dagrun for example_branch_labels to 2022-12-22T00:00:00+00:00, run_after=2022-12-23T00:00:00+00:00
[2022-12-23T01:44:07.388+0100] {processor.py:175} INFO - Processing /home/momo/.local/lib/python3.8/site-packages/airflow/example_dags/example_branch_labels.py took 0.241 seconds
[2022-12-23T01:45:03.339+0100] {processor.py:153} INFO - Started process (PID=5226) to work on /home/momo/.local/lib/python3.8/site-packages/airflow/example_dags/example_branch_labels.py
[2022-12-23T01:45:03.340+0100] {processor.py:743} INFO - Processing file /home/momo/.local/lib/python3.8/site-packages/airflow/example_dags/example_branch_labels.py for tasks to queue
[2022-12-23T01:45:03.341+0100] {logging_mixin.py:137} INFO - [2022-12-23T01:45:03.341+0100] {dagbag.py:538} INFO - Filling up the DagBag from /home/momo/.local/lib/python3.8/site-packages/airflow/example_dags/example_branch_labels.py
[2022-12-23T01:45:03.360+0100] {processor.py:753} INFO - DAG(s) dict_keys(['example_branch_labels']) retrieved from /home/momo/.local/lib/python3.8/site-packages/airflow/example_dags/example_branch_labels.py
[2022-12-23T01:45:03.390+0100] {logging_mixin.py:137} INFO - [2022-12-23T01:45:03.390+0100] {dag.py:2676} INFO - Sync 1 DAGs
[2022-12-23T01:45:03.419+0100] {logging_mixin.py:137} INFO - [2022-12-23T01:45:03.419+0100] {dag.py:3423} INFO - Setting next_dagrun for example_branch_labels to 2022-12-22T00:00:00+00:00, run_after=2022-12-23T00:00:00+00:00
[2022-12-23T01:45:03.443+0100] {processor.py:175} INFO - Processing /home/momo/.local/lib/python3.8/site-packages/airflow/example_dags/example_branch_labels.py took 0.108 seconds
[2022-12-23T01:45:56.903+0100] {processor.py:153} INFO - Started process (PID=5272) to work on /home/momo/.local/lib/python3.8/site-packages/airflow/example_dags/example_branch_labels.py
[2022-12-23T01:45:56.906+0100] {processor.py:743} INFO - Processing file /home/momo/.local/lib/python3.8/site-packages/airflow/example_dags/example_branch_labels.py for tasks to queue
[2022-12-23T01:45:56.907+0100] {logging_mixin.py:137} INFO - [2022-12-23T01:45:56.907+0100] {dagbag.py:538} INFO - Filling up the DagBag from /home/momo/.local/lib/python3.8/site-packages/airflow/example_dags/example_branch_labels.py
[2022-12-23T01:45:56.947+0100] {processor.py:753} INFO - DAG(s) dict_keys(['example_branch_labels']) retrieved from /home/momo/.local/lib/python3.8/site-packages/airflow/example_dags/example_branch_labels.py
[2022-12-23T01:45:57.034+0100] {logging_mixin.py:137} INFO - [2022-12-23T01:45:57.034+0100] {dag.py:2676} INFO - Sync 1 DAGs
[2022-12-23T01:45:57.094+0100] {logging_mixin.py:137} INFO - [2022-12-23T01:45:57.094+0100] {dag.py:3423} INFO - Setting next_dagrun for example_branch_labels to 2022-12-22T00:00:00+00:00, run_after=2022-12-23T00:00:00+00:00
[2022-12-23T01:45:57.159+0100] {processor.py:175} INFO - Processing /home/momo/.local/lib/python3.8/site-packages/airflow/example_dags/example_branch_labels.py took 0.262 seconds
[2022-12-23T01:46:56.094+0100] {processor.py:153} INFO - Started process (PID=5322) to work on /home/momo/.local/lib/python3.8/site-packages/airflow/example_dags/example_branch_labels.py
[2022-12-23T01:46:56.098+0100] {processor.py:743} INFO - Processing file /home/momo/.local/lib/python3.8/site-packages/airflow/example_dags/example_branch_labels.py for tasks to queue
[2022-12-23T01:46:56.100+0100] {logging_mixin.py:137} INFO - [2022-12-23T01:46:56.100+0100] {dagbag.py:538} INFO - Filling up the DagBag from /home/momo/.local/lib/python3.8/site-packages/airflow/example_dags/example_branch_labels.py
[2022-12-23T01:46:56.169+0100] {processor.py:753} INFO - DAG(s) dict_keys(['example_branch_labels']) retrieved from /home/momo/.local/lib/python3.8/site-packages/airflow/example_dags/example_branch_labels.py
[2022-12-23T01:46:56.241+0100] {logging_mixin.py:137} INFO - [2022-12-23T01:46:56.240+0100] {dag.py:2676} INFO - Sync 1 DAGs
[2022-12-23T01:46:56.291+0100] {logging_mixin.py:137} INFO - [2022-12-23T01:46:56.291+0100] {dag.py:3423} INFO - Setting next_dagrun for example_branch_labels to 2022-12-22T00:00:00+00:00, run_after=2022-12-23T00:00:00+00:00
[2022-12-23T01:46:56.364+0100] {processor.py:175} INFO - Processing /home/momo/.local/lib/python3.8/site-packages/airflow/example_dags/example_branch_labels.py took 0.283 seconds
[2022-12-23T01:47:58.714+0100] {processor.py:153} INFO - Started process (PID=5374) to work on /home/momo/.local/lib/python3.8/site-packages/airflow/example_dags/example_branch_labels.py
[2022-12-23T01:47:58.715+0100] {processor.py:743} INFO - Processing file /home/momo/.local/lib/python3.8/site-packages/airflow/example_dags/example_branch_labels.py for tasks to queue
[2022-12-23T01:47:58.716+0100] {logging_mixin.py:137} INFO - [2022-12-23T01:47:58.716+0100] {dagbag.py:538} INFO - Filling up the DagBag from /home/momo/.local/lib/python3.8/site-packages/airflow/example_dags/example_branch_labels.py
[2022-12-23T01:47:58.742+0100] {processor.py:753} INFO - DAG(s) dict_keys(['example_branch_labels']) retrieved from /home/momo/.local/lib/python3.8/site-packages/airflow/example_dags/example_branch_labels.py
[2022-12-23T01:47:58.780+0100] {logging_mixin.py:137} INFO - [2022-12-23T01:47:58.780+0100] {dag.py:2676} INFO - Sync 1 DAGs
[2022-12-23T01:47:58.812+0100] {logging_mixin.py:137} INFO - [2022-12-23T01:47:58.812+0100] {dag.py:3423} INFO - Setting next_dagrun for example_branch_labels to 2022-12-22T00:00:00+00:00, run_after=2022-12-23T00:00:00+00:00
[2022-12-23T01:47:59.033+0100] {processor.py:175} INFO - Processing /home/momo/.local/lib/python3.8/site-packages/airflow/example_dags/example_branch_labels.py took 0.324 seconds
[2022-12-23T01:49:00.716+0100] {processor.py:153} INFO - Started process (PID=5423) to work on /home/momo/.local/lib/python3.8/site-packages/airflow/example_dags/example_branch_labels.py
[2022-12-23T01:49:00.719+0100] {processor.py:743} INFO - Processing file /home/momo/.local/lib/python3.8/site-packages/airflow/example_dags/example_branch_labels.py for tasks to queue
[2022-12-23T01:49:00.721+0100] {logging_mixin.py:137} INFO - [2022-12-23T01:49:00.720+0100] {dagbag.py:538} INFO - Filling up the DagBag from /home/momo/.local/lib/python3.8/site-packages/airflow/example_dags/example_branch_labels.py
[2022-12-23T01:49:00.772+0100] {processor.py:753} INFO - DAG(s) dict_keys(['example_branch_labels']) retrieved from /home/momo/.local/lib/python3.8/site-packages/airflow/example_dags/example_branch_labels.py
[2022-12-23T01:49:00.844+0100] {logging_mixin.py:137} INFO - [2022-12-23T01:49:00.844+0100] {dag.py:2676} INFO - Sync 1 DAGs
[2022-12-23T01:49:00.938+0100] {logging_mixin.py:137} INFO - [2022-12-23T01:49:00.938+0100] {dag.py:3423} INFO - Setting next_dagrun for example_branch_labels to 2022-12-22T00:00:00+00:00, run_after=2022-12-23T00:00:00+00:00
[2022-12-23T01:49:00.996+0100] {processor.py:175} INFO - Processing /home/momo/.local/lib/python3.8/site-packages/airflow/example_dags/example_branch_labels.py took 0.290 seconds
[2022-12-23T01:50:02.164+0100] {processor.py:153} INFO - Started process (PID=5473) to work on /home/momo/.local/lib/python3.8/site-packages/airflow/example_dags/example_branch_labels.py
[2022-12-23T01:50:02.166+0100] {processor.py:743} INFO - Processing file /home/momo/.local/lib/python3.8/site-packages/airflow/example_dags/example_branch_labels.py for tasks to queue
[2022-12-23T01:50:02.167+0100] {logging_mixin.py:137} INFO - [2022-12-23T01:50:02.167+0100] {dagbag.py:538} INFO - Filling up the DagBag from /home/momo/.local/lib/python3.8/site-packages/airflow/example_dags/example_branch_labels.py
[2022-12-23T01:50:02.219+0100] {processor.py:753} INFO - DAG(s) dict_keys(['example_branch_labels']) retrieved from /home/momo/.local/lib/python3.8/site-packages/airflow/example_dags/example_branch_labels.py
[2022-12-23T01:50:02.318+0100] {logging_mixin.py:137} INFO - [2022-12-23T01:50:02.318+0100] {dag.py:2676} INFO - Sync 1 DAGs
[2022-12-23T01:50:02.443+0100] {logging_mixin.py:137} INFO - [2022-12-23T01:50:02.443+0100] {dag.py:3423} INFO - Setting next_dagrun for example_branch_labels to 2022-12-22T00:00:00+00:00, run_after=2022-12-23T00:00:00+00:00
[2022-12-23T01:50:02.534+0100] {processor.py:175} INFO - Processing /home/momo/.local/lib/python3.8/site-packages/airflow/example_dags/example_branch_labels.py took 0.382 seconds
[2022-12-23T01:51:04.104+0100] {processor.py:153} INFO - Started process (PID=5524) to work on /home/momo/.local/lib/python3.8/site-packages/airflow/example_dags/example_branch_labels.py
[2022-12-23T01:51:04.107+0100] {processor.py:743} INFO - Processing file /home/momo/.local/lib/python3.8/site-packages/airflow/example_dags/example_branch_labels.py for tasks to queue
[2022-12-23T01:51:04.109+0100] {logging_mixin.py:137} INFO - [2022-12-23T01:51:04.109+0100] {dagbag.py:538} INFO - Filling up the DagBag from /home/momo/.local/lib/python3.8/site-packages/airflow/example_dags/example_branch_labels.py
[2022-12-23T01:51:04.147+0100] {processor.py:753} INFO - DAG(s) dict_keys(['example_branch_labels']) retrieved from /home/momo/.local/lib/python3.8/site-packages/airflow/example_dags/example_branch_labels.py
[2022-12-23T01:51:04.194+0100] {logging_mixin.py:137} INFO - [2022-12-23T01:51:04.194+0100] {dag.py:2676} INFO - Sync 1 DAGs
[2022-12-23T01:51:04.260+0100] {logging_mixin.py:137} INFO - [2022-12-23T01:51:04.259+0100] {dag.py:3423} INFO - Setting next_dagrun for example_branch_labels to 2022-12-22T00:00:00+00:00, run_after=2022-12-23T00:00:00+00:00
[2022-12-23T01:51:04.344+0100] {processor.py:175} INFO - Processing /home/momo/.local/lib/python3.8/site-packages/airflow/example_dags/example_branch_labels.py took 0.248 seconds
[2022-12-23T01:52:03.987+0100] {processor.py:153} INFO - Started process (PID=5627) to work on /home/momo/.local/lib/python3.8/site-packages/airflow/example_dags/example_branch_labels.py
[2022-12-23T01:52:03.989+0100] {processor.py:743} INFO - Processing file /home/momo/.local/lib/python3.8/site-packages/airflow/example_dags/example_branch_labels.py for tasks to queue
[2022-12-23T01:52:03.991+0100] {logging_mixin.py:137} INFO - [2022-12-23T01:52:03.990+0100] {dagbag.py:538} INFO - Filling up the DagBag from /home/momo/.local/lib/python3.8/site-packages/airflow/example_dags/example_branch_labels.py
[2022-12-23T01:52:04.021+0100] {processor.py:753} INFO - DAG(s) dict_keys(['example_branch_labels']) retrieved from /home/momo/.local/lib/python3.8/site-packages/airflow/example_dags/example_branch_labels.py
[2022-12-23T01:52:04.088+0100] {logging_mixin.py:137} INFO - [2022-12-23T01:52:04.088+0100] {dag.py:2676} INFO - Sync 1 DAGs
[2022-12-23T01:52:04.128+0100] {logging_mixin.py:137} INFO - [2022-12-23T01:52:04.128+0100] {dag.py:3423} INFO - Setting next_dagrun for example_branch_labels to 2022-12-22T00:00:00+00:00, run_after=2022-12-23T00:00:00+00:00
[2022-12-23T01:52:04.182+0100] {processor.py:175} INFO - Processing /home/momo/.local/lib/python3.8/site-packages/airflow/example_dags/example_branch_labels.py took 0.205 seconds
[2022-12-23T01:53:06.767+0100] {processor.py:153} INFO - Started process (PID=5682) to work on /home/momo/.local/lib/python3.8/site-packages/airflow/example_dags/example_branch_labels.py
[2022-12-23T01:53:06.771+0100] {processor.py:743} INFO - Processing file /home/momo/.local/lib/python3.8/site-packages/airflow/example_dags/example_branch_labels.py for tasks to queue
[2022-12-23T01:53:06.774+0100] {logging_mixin.py:137} INFO - [2022-12-23T01:53:06.773+0100] {dagbag.py:538} INFO - Filling up the DagBag from /home/momo/.local/lib/python3.8/site-packages/airflow/example_dags/example_branch_labels.py
[2022-12-23T01:53:06.839+0100] {processor.py:753} INFO - DAG(s) dict_keys(['example_branch_labels']) retrieved from /home/momo/.local/lib/python3.8/site-packages/airflow/example_dags/example_branch_labels.py
[2022-12-23T01:53:06.899+0100] {logging_mixin.py:137} INFO - [2022-12-23T01:53:06.898+0100] {dag.py:2676} INFO - Sync 1 DAGs
[2022-12-23T01:53:06.930+0100] {logging_mixin.py:137} INFO - [2022-12-23T01:53:06.930+0100] {dag.py:3423} INFO - Setting next_dagrun for example_branch_labels to 2022-12-22T00:00:00+00:00, run_after=2022-12-23T00:00:00+00:00
[2022-12-23T01:53:06.960+0100] {processor.py:175} INFO - Processing /home/momo/.local/lib/python3.8/site-packages/airflow/example_dags/example_branch_labels.py took 0.208 seconds
[2022-12-23T01:54:08.596+0100] {processor.py:153} INFO - Started process (PID=5732) to work on /home/momo/.local/lib/python3.8/site-packages/airflow/example_dags/example_branch_labels.py
[2022-12-23T01:54:08.601+0100] {processor.py:743} INFO - Processing file /home/momo/.local/lib/python3.8/site-packages/airflow/example_dags/example_branch_labels.py for tasks to queue
[2022-12-23T01:54:08.603+0100] {logging_mixin.py:137} INFO - [2022-12-23T01:54:08.603+0100] {dagbag.py:538} INFO - Filling up the DagBag from /home/momo/.local/lib/python3.8/site-packages/airflow/example_dags/example_branch_labels.py
[2022-12-23T01:54:08.633+0100] {processor.py:753} INFO - DAG(s) dict_keys(['example_branch_labels']) retrieved from /home/momo/.local/lib/python3.8/site-packages/airflow/example_dags/example_branch_labels.py
[2022-12-23T01:54:08.673+0100] {logging_mixin.py:137} INFO - [2022-12-23T01:54:08.673+0100] {dag.py:2676} INFO - Sync 1 DAGs
[2022-12-23T01:54:08.707+0100] {logging_mixin.py:137} INFO - [2022-12-23T01:54:08.706+0100] {dag.py:3423} INFO - Setting next_dagrun for example_branch_labels to 2022-12-22T00:00:00+00:00, run_after=2022-12-23T00:00:00+00:00
[2022-12-23T01:54:08.749+0100] {processor.py:175} INFO - Processing /home/momo/.local/lib/python3.8/site-packages/airflow/example_dags/example_branch_labels.py took 0.167 seconds
[2022-12-23T01:55:00.302+0100] {processor.py:153} INFO - Started process (PID=5776) to work on /home/momo/.local/lib/python3.8/site-packages/airflow/example_dags/example_branch_labels.py
[2022-12-23T01:55:00.307+0100] {processor.py:743} INFO - Processing file /home/momo/.local/lib/python3.8/site-packages/airflow/example_dags/example_branch_labels.py for tasks to queue
[2022-12-23T01:55:00.309+0100] {logging_mixin.py:137} INFO - [2022-12-23T01:55:00.309+0100] {dagbag.py:538} INFO - Filling up the DagBag from /home/momo/.local/lib/python3.8/site-packages/airflow/example_dags/example_branch_labels.py
[2022-12-23T01:55:00.380+0100] {processor.py:753} INFO - DAG(s) dict_keys(['example_branch_labels']) retrieved from /home/momo/.local/lib/python3.8/site-packages/airflow/example_dags/example_branch_labels.py
[2022-12-23T01:55:00.443+0100] {logging_mixin.py:137} INFO - [2022-12-23T01:55:00.443+0100] {dag.py:2676} INFO - Sync 1 DAGs
[2022-12-23T01:55:00.483+0100] {logging_mixin.py:137} INFO - [2022-12-23T01:55:00.482+0100] {dag.py:3423} INFO - Setting next_dagrun for example_branch_labels to 2022-12-22T00:00:00+00:00, run_after=2022-12-23T00:00:00+00:00
[2022-12-23T01:55:00.517+0100] {processor.py:175} INFO - Processing /home/momo/.local/lib/python3.8/site-packages/airflow/example_dags/example_branch_labels.py took 0.228 seconds
[2022-12-23T01:55:53.120+0100] {processor.py:153} INFO - Started process (PID=5823) to work on /home/momo/.local/lib/python3.8/site-packages/airflow/example_dags/example_branch_labels.py
[2022-12-23T01:55:53.124+0100] {processor.py:743} INFO - Processing file /home/momo/.local/lib/python3.8/site-packages/airflow/example_dags/example_branch_labels.py for tasks to queue
[2022-12-23T01:55:53.127+0100] {logging_mixin.py:137} INFO - [2022-12-23T01:55:53.127+0100] {dagbag.py:538} INFO - Filling up the DagBag from /home/momo/.local/lib/python3.8/site-packages/airflow/example_dags/example_branch_labels.py
[2022-12-23T01:55:53.184+0100] {processor.py:753} INFO - DAG(s) dict_keys(['example_branch_labels']) retrieved from /home/momo/.local/lib/python3.8/site-packages/airflow/example_dags/example_branch_labels.py
[2022-12-23T01:55:53.262+0100] {logging_mixin.py:137} INFO - [2022-12-23T01:55:53.262+0100] {dag.py:2676} INFO - Sync 1 DAGs
[2022-12-23T01:55:53.291+0100] {logging_mixin.py:137} INFO - [2022-12-23T01:55:53.291+0100] {dag.py:3423} INFO - Setting next_dagrun for example_branch_labels to 2022-12-22T00:00:00+00:00, run_after=2022-12-23T00:00:00+00:00
[2022-12-23T01:55:53.325+0100] {processor.py:175} INFO - Processing /home/momo/.local/lib/python3.8/site-packages/airflow/example_dags/example_branch_labels.py took 0.222 seconds
[2022-12-23T01:56:52.654+0100] {processor.py:153} INFO - Started process (PID=5874) to work on /home/momo/.local/lib/python3.8/site-packages/airflow/example_dags/example_branch_labels.py
[2022-12-23T01:56:52.655+0100] {processor.py:743} INFO - Processing file /home/momo/.local/lib/python3.8/site-packages/airflow/example_dags/example_branch_labels.py for tasks to queue
[2022-12-23T01:56:52.656+0100] {logging_mixin.py:137} INFO - [2022-12-23T01:56:52.656+0100] {dagbag.py:538} INFO - Filling up the DagBag from /home/momo/.local/lib/python3.8/site-packages/airflow/example_dags/example_branch_labels.py
[2022-12-23T01:56:52.677+0100] {processor.py:753} INFO - DAG(s) dict_keys(['example_branch_labels']) retrieved from /home/momo/.local/lib/python3.8/site-packages/airflow/example_dags/example_branch_labels.py
[2022-12-23T01:56:52.712+0100] {logging_mixin.py:137} INFO - [2022-12-23T01:56:52.712+0100] {dag.py:2676} INFO - Sync 1 DAGs
[2022-12-23T01:56:52.741+0100] {logging_mixin.py:137} INFO - [2022-12-23T01:56:52.741+0100] {dag.py:3423} INFO - Setting next_dagrun for example_branch_labels to 2022-12-22T00:00:00+00:00, run_after=2022-12-23T00:00:00+00:00
[2022-12-23T01:56:52.775+0100] {processor.py:175} INFO - Processing /home/momo/.local/lib/python3.8/site-packages/airflow/example_dags/example_branch_labels.py took 0.130 seconds
[2022-12-23T01:57:54.788+0100] {processor.py:153} INFO - Started process (PID=5928) to work on /home/momo/.local/lib/python3.8/site-packages/airflow/example_dags/example_branch_labels.py
[2022-12-23T01:57:54.791+0100] {processor.py:743} INFO - Processing file /home/momo/.local/lib/python3.8/site-packages/airflow/example_dags/example_branch_labels.py for tasks to queue
[2022-12-23T01:57:54.793+0100] {logging_mixin.py:137} INFO - [2022-12-23T01:57:54.793+0100] {dagbag.py:538} INFO - Filling up the DagBag from /home/momo/.local/lib/python3.8/site-packages/airflow/example_dags/example_branch_labels.py
[2022-12-23T01:57:54.834+0100] {processor.py:753} INFO - DAG(s) dict_keys(['example_branch_labels']) retrieved from /home/momo/.local/lib/python3.8/site-packages/airflow/example_dags/example_branch_labels.py
[2022-12-23T01:57:54.867+0100] {logging_mixin.py:137} INFO - [2022-12-23T01:57:54.867+0100] {dag.py:2676} INFO - Sync 1 DAGs
[2022-12-23T01:57:54.894+0100] {logging_mixin.py:137} INFO - [2022-12-23T01:57:54.894+0100] {dag.py:3423} INFO - Setting next_dagrun for example_branch_labels to 2022-12-22T00:00:00+00:00, run_after=2022-12-23T00:00:00+00:00
[2022-12-23T01:57:54.925+0100] {processor.py:175} INFO - Processing /home/momo/.local/lib/python3.8/site-packages/airflow/example_dags/example_branch_labels.py took 0.149 seconds
[2022-12-23T01:58:59.871+0100] {processor.py:153} INFO - Started process (PID=5987) to work on /home/momo/.local/lib/python3.8/site-packages/airflow/example_dags/example_branch_labels.py
[2022-12-23T01:58:59.873+0100] {processor.py:743} INFO - Processing file /home/momo/.local/lib/python3.8/site-packages/airflow/example_dags/example_branch_labels.py for tasks to queue
[2022-12-23T01:58:59.879+0100] {logging_mixin.py:137} INFO - [2022-12-23T01:58:59.879+0100] {dagbag.py:538} INFO - Filling up the DagBag from /home/momo/.local/lib/python3.8/site-packages/airflow/example_dags/example_branch_labels.py
[2022-12-23T01:58:59.913+0100] {processor.py:753} INFO - DAG(s) dict_keys(['example_branch_labels']) retrieved from /home/momo/.local/lib/python3.8/site-packages/airflow/example_dags/example_branch_labels.py
[2022-12-23T01:58:59.969+0100] {logging_mixin.py:137} INFO - [2022-12-23T01:58:59.969+0100] {dag.py:2676} INFO - Sync 1 DAGs
[2022-12-23T01:59:00.021+0100] {logging_mixin.py:137} INFO - [2022-12-23T01:59:00.021+0100] {dag.py:3423} INFO - Setting next_dagrun for example_branch_labels to 2022-12-22T00:00:00+00:00, run_after=2022-12-23T00:00:00+00:00
[2022-12-23T01:59:00.100+0100] {processor.py:175} INFO - Processing /home/momo/.local/lib/python3.8/site-packages/airflow/example_dags/example_branch_labels.py took 0.238 seconds
[2022-12-23T02:00:01.866+0100] {processor.py:153} INFO - Started process (PID=6043) to work on /home/momo/.local/lib/python3.8/site-packages/airflow/example_dags/example_branch_labels.py
[2022-12-23T02:00:01.873+0100] {processor.py:743} INFO - Processing file /home/momo/.local/lib/python3.8/site-packages/airflow/example_dags/example_branch_labels.py for tasks to queue
[2022-12-23T02:00:01.874+0100] {logging_mixin.py:137} INFO - [2022-12-23T02:00:01.874+0100] {dagbag.py:538} INFO - Filling up the DagBag from /home/momo/.local/lib/python3.8/site-packages/airflow/example_dags/example_branch_labels.py
[2022-12-23T02:00:01.908+0100] {processor.py:753} INFO - DAG(s) dict_keys(['example_branch_labels']) retrieved from /home/momo/.local/lib/python3.8/site-packages/airflow/example_dags/example_branch_labels.py
[2022-12-23T02:00:01.961+0100] {logging_mixin.py:137} INFO - [2022-12-23T02:00:01.961+0100] {dag.py:2676} INFO - Sync 1 DAGs
[2022-12-23T02:00:02.012+0100] {logging_mixin.py:137} INFO - [2022-12-23T02:00:02.012+0100] {dag.py:3423} INFO - Setting next_dagrun for example_branch_labels to 2022-12-22T00:00:00+00:00, run_after=2022-12-23T00:00:00+00:00
[2022-12-23T02:00:02.082+0100] {processor.py:175} INFO - Processing /home/momo/.local/lib/python3.8/site-packages/airflow/example_dags/example_branch_labels.py took 0.222 seconds
[2022-12-23T02:00:56.996+0100] {processor.py:153} INFO - Started process (PID=6090) to work on /home/momo/.local/lib/python3.8/site-packages/airflow/example_dags/example_branch_labels.py
[2022-12-23T02:00:57.001+0100] {processor.py:743} INFO - Processing file /home/momo/.local/lib/python3.8/site-packages/airflow/example_dags/example_branch_labels.py for tasks to queue
[2022-12-23T02:00:57.003+0100] {logging_mixin.py:137} INFO - [2022-12-23T02:00:57.002+0100] {dagbag.py:538} INFO - Filling up the DagBag from /home/momo/.local/lib/python3.8/site-packages/airflow/example_dags/example_branch_labels.py
[2022-12-23T02:00:57.031+0100] {processor.py:753} INFO - DAG(s) dict_keys(['example_branch_labels']) retrieved from /home/momo/.local/lib/python3.8/site-packages/airflow/example_dags/example_branch_labels.py
[2022-12-23T02:00:57.077+0100] {logging_mixin.py:137} INFO - [2022-12-23T02:00:57.077+0100] {dag.py:2676} INFO - Sync 1 DAGs
[2022-12-23T02:00:57.107+0100] {logging_mixin.py:137} INFO - [2022-12-23T02:00:57.106+0100] {dag.py:3423} INFO - Setting next_dagrun for example_branch_labels to 2022-12-22T00:00:00+00:00, run_after=2022-12-23T00:00:00+00:00
[2022-12-23T02:00:57.144+0100] {processor.py:175} INFO - Processing /home/momo/.local/lib/python3.8/site-packages/airflow/example_dags/example_branch_labels.py took 0.165 seconds
[2022-12-23T02:02:02.789+0100] {processor.py:153} INFO - Started process (PID=6146) to work on /home/momo/.local/lib/python3.8/site-packages/airflow/example_dags/example_branch_labels.py
[2022-12-23T02:02:02.794+0100] {processor.py:743} INFO - Processing file /home/momo/.local/lib/python3.8/site-packages/airflow/example_dags/example_branch_labels.py for tasks to queue
[2022-12-23T02:02:02.797+0100] {logging_mixin.py:137} INFO - [2022-12-23T02:02:02.796+0100] {dagbag.py:538} INFO - Filling up the DagBag from /home/momo/.local/lib/python3.8/site-packages/airflow/example_dags/example_branch_labels.py
[2022-12-23T02:02:02.828+0100] {processor.py:753} INFO - DAG(s) dict_keys(['example_branch_labels']) retrieved from /home/momo/.local/lib/python3.8/site-packages/airflow/example_dags/example_branch_labels.py
[2022-12-23T02:02:02.863+0100] {logging_mixin.py:137} INFO - [2022-12-23T02:02:02.863+0100] {dag.py:2676} INFO - Sync 1 DAGs
[2022-12-23T02:02:02.893+0100] {logging_mixin.py:137} INFO - [2022-12-23T02:02:02.892+0100] {dag.py:3423} INFO - Setting next_dagrun for example_branch_labels to 2022-12-22T00:00:00+00:00, run_after=2022-12-23T00:00:00+00:00
[2022-12-23T02:02:02.932+0100] {processor.py:175} INFO - Processing /home/momo/.local/lib/python3.8/site-packages/airflow/example_dags/example_branch_labels.py took 0.157 seconds
[2022-12-23T02:03:02.000+0100] {processor.py:153} INFO - Started process (PID=6196) to work on /home/momo/.local/lib/python3.8/site-packages/airflow/example_dags/example_branch_labels.py
[2022-12-23T02:03:02.001+0100] {processor.py:743} INFO - Processing file /home/momo/.local/lib/python3.8/site-packages/airflow/example_dags/example_branch_labels.py for tasks to queue
[2022-12-23T02:03:02.003+0100] {logging_mixin.py:137} INFO - [2022-12-23T02:03:02.003+0100] {dagbag.py:538} INFO - Filling up the DagBag from /home/momo/.local/lib/python3.8/site-packages/airflow/example_dags/example_branch_labels.py
[2022-12-23T02:03:02.026+0100] {processor.py:753} INFO - DAG(s) dict_keys(['example_branch_labels']) retrieved from /home/momo/.local/lib/python3.8/site-packages/airflow/example_dags/example_branch_labels.py
[2022-12-23T02:03:02.063+0100] {logging_mixin.py:137} INFO - [2022-12-23T02:03:02.062+0100] {dag.py:2676} INFO - Sync 1 DAGs
[2022-12-23T02:03:02.095+0100] {logging_mixin.py:137} INFO - [2022-12-23T02:03:02.095+0100] {dag.py:3423} INFO - Setting next_dagrun for example_branch_labels to 2022-12-22T00:00:00+00:00, run_after=2022-12-23T00:00:00+00:00
[2022-12-23T02:03:02.142+0100] {processor.py:175} INFO - Processing /home/momo/.local/lib/python3.8/site-packages/airflow/example_dags/example_branch_labels.py took 0.147 seconds
[2022-12-23T02:03:59.502+0100] {processor.py:153} INFO - Started process (PID=6247) to work on /home/momo/.local/lib/python3.8/site-packages/airflow/example_dags/example_branch_labels.py
[2022-12-23T02:03:59.511+0100] {processor.py:743} INFO - Processing file /home/momo/.local/lib/python3.8/site-packages/airflow/example_dags/example_branch_labels.py for tasks to queue
[2022-12-23T02:03:59.512+0100] {logging_mixin.py:137} INFO - [2022-12-23T02:03:59.512+0100] {dagbag.py:538} INFO - Filling up the DagBag from /home/momo/.local/lib/python3.8/site-packages/airflow/example_dags/example_branch_labels.py
[2022-12-23T02:03:59.564+0100] {processor.py:753} INFO - DAG(s) dict_keys(['example_branch_labels']) retrieved from /home/momo/.local/lib/python3.8/site-packages/airflow/example_dags/example_branch_labels.py
[2022-12-23T02:03:59.656+0100] {logging_mixin.py:137} INFO - [2022-12-23T02:03:59.655+0100] {dag.py:2676} INFO - Sync 1 DAGs
[2022-12-23T02:03:59.743+0100] {logging_mixin.py:137} INFO - [2022-12-23T02:03:59.743+0100] {dag.py:3423} INFO - Setting next_dagrun for example_branch_labels to 2022-12-22T00:00:00+00:00, run_after=2022-12-23T00:00:00+00:00
[2022-12-23T02:03:59.808+0100] {processor.py:175} INFO - Processing /home/momo/.local/lib/python3.8/site-packages/airflow/example_dags/example_branch_labels.py took 0.317 seconds
[2022-12-23T02:04:59.045+0100] {processor.py:153} INFO - Started process (PID=6297) to work on /home/momo/.local/lib/python3.8/site-packages/airflow/example_dags/example_branch_labels.py
[2022-12-23T02:04:59.055+0100] {processor.py:743} INFO - Processing file /home/momo/.local/lib/python3.8/site-packages/airflow/example_dags/example_branch_labels.py for tasks to queue
[2022-12-23T02:04:59.056+0100] {logging_mixin.py:137} INFO - [2022-12-23T02:04:59.056+0100] {dagbag.py:538} INFO - Filling up the DagBag from /home/momo/.local/lib/python3.8/site-packages/airflow/example_dags/example_branch_labels.py
[2022-12-23T02:04:59.324+0100] {processor.py:753} INFO - DAG(s) dict_keys(['example_branch_labels']) retrieved from /home/momo/.local/lib/python3.8/site-packages/airflow/example_dags/example_branch_labels.py
[2022-12-23T02:04:59.745+0100] {logging_mixin.py:137} INFO - [2022-12-23T02:04:59.745+0100] {dag.py:2676} INFO - Sync 1 DAGs
[2022-12-23T02:04:59.828+0100] {logging_mixin.py:137} INFO - [2022-12-23T02:04:59.827+0100] {dag.py:3423} INFO - Setting next_dagrun for example_branch_labels to 2022-12-22T00:00:00+00:00, run_after=2022-12-23T00:00:00+00:00
[2022-12-23T02:04:59.914+0100] {processor.py:175} INFO - Processing /home/momo/.local/lib/python3.8/site-packages/airflow/example_dags/example_branch_labels.py took 0.893 seconds
[2022-12-23T02:06:01.659+0100] {processor.py:153} INFO - Started process (PID=6349) to work on /home/momo/.local/lib/python3.8/site-packages/airflow/example_dags/example_branch_labels.py
[2022-12-23T02:06:01.661+0100] {processor.py:743} INFO - Processing file /home/momo/.local/lib/python3.8/site-packages/airflow/example_dags/example_branch_labels.py for tasks to queue
[2022-12-23T02:06:01.662+0100] {logging_mixin.py:137} INFO - [2022-12-23T02:06:01.661+0100] {dagbag.py:538} INFO - Filling up the DagBag from /home/momo/.local/lib/python3.8/site-packages/airflow/example_dags/example_branch_labels.py
[2022-12-23T02:06:01.684+0100] {processor.py:753} INFO - DAG(s) dict_keys(['example_branch_labels']) retrieved from /home/momo/.local/lib/python3.8/site-packages/airflow/example_dags/example_branch_labels.py
[2022-12-23T02:06:01.719+0100] {logging_mixin.py:137} INFO - [2022-12-23T02:06:01.718+0100] {dag.py:2676} INFO - Sync 1 DAGs
[2022-12-23T02:06:01.748+0100] {logging_mixin.py:137} INFO - [2022-12-23T02:06:01.748+0100] {dag.py:3423} INFO - Setting next_dagrun for example_branch_labels to 2022-12-22T00:00:00+00:00, run_after=2022-12-23T00:00:00+00:00
[2022-12-23T02:06:01.782+0100] {processor.py:175} INFO - Processing /home/momo/.local/lib/python3.8/site-packages/airflow/example_dags/example_branch_labels.py took 0.127 seconds
[2022-12-23T02:07:00.158+0100] {processor.py:153} INFO - Started process (PID=6403) to work on /home/momo/.local/lib/python3.8/site-packages/airflow/example_dags/example_branch_labels.py
[2022-12-23T02:07:00.162+0100] {processor.py:743} INFO - Processing file /home/momo/.local/lib/python3.8/site-packages/airflow/example_dags/example_branch_labels.py for tasks to queue
[2022-12-23T02:07:00.163+0100] {logging_mixin.py:137} INFO - [2022-12-23T02:07:00.163+0100] {dagbag.py:538} INFO - Filling up the DagBag from /home/momo/.local/lib/python3.8/site-packages/airflow/example_dags/example_branch_labels.py
[2022-12-23T02:07:00.208+0100] {processor.py:753} INFO - DAG(s) dict_keys(['example_branch_labels']) retrieved from /home/momo/.local/lib/python3.8/site-packages/airflow/example_dags/example_branch_labels.py
[2022-12-23T02:07:00.284+0100] {logging_mixin.py:137} INFO - [2022-12-23T02:07:00.283+0100] {dag.py:2676} INFO - Sync 1 DAGs
[2022-12-23T02:07:00.345+0100] {logging_mixin.py:137} INFO - [2022-12-23T02:07:00.345+0100] {dag.py:3423} INFO - Setting next_dagrun for example_branch_labels to 2022-12-22T00:00:00+00:00, run_after=2022-12-23T00:00:00+00:00
[2022-12-23T02:07:00.402+0100] {processor.py:175} INFO - Processing /home/momo/.local/lib/python3.8/site-packages/airflow/example_dags/example_branch_labels.py took 0.253 seconds
[2022-12-23T02:08:02.341+0100] {processor.py:153} INFO - Started process (PID=6456) to work on /home/momo/.local/lib/python3.8/site-packages/airflow/example_dags/example_branch_labels.py
[2022-12-23T02:08:02.343+0100] {processor.py:743} INFO - Processing file /home/momo/.local/lib/python3.8/site-packages/airflow/example_dags/example_branch_labels.py for tasks to queue
[2022-12-23T02:08:02.349+0100] {logging_mixin.py:137} INFO - [2022-12-23T02:08:02.349+0100] {dagbag.py:538} INFO - Filling up the DagBag from /home/momo/.local/lib/python3.8/site-packages/airflow/example_dags/example_branch_labels.py
[2022-12-23T02:08:02.393+0100] {processor.py:753} INFO - DAG(s) dict_keys(['example_branch_labels']) retrieved from /home/momo/.local/lib/python3.8/site-packages/airflow/example_dags/example_branch_labels.py
[2022-12-23T02:08:02.478+0100] {logging_mixin.py:137} INFO - [2022-12-23T02:08:02.478+0100] {dag.py:2676} INFO - Sync 1 DAGs
[2022-12-23T02:08:02.587+0100] {logging_mixin.py:137} INFO - [2022-12-23T02:08:02.587+0100] {dag.py:3423} INFO - Setting next_dagrun for example_branch_labels to 2022-12-22T00:00:00+00:00, run_after=2022-12-23T00:00:00+00:00
[2022-12-23T02:08:02.697+0100] {processor.py:175} INFO - Processing /home/momo/.local/lib/python3.8/site-packages/airflow/example_dags/example_branch_labels.py took 0.362 seconds
[2022-12-23T02:09:09.444+0100] {processor.py:153} INFO - Started process (PID=6512) to work on /home/momo/.local/lib/python3.8/site-packages/airflow/example_dags/example_branch_labels.py
[2022-12-23T02:09:09.452+0100] {processor.py:743} INFO - Processing file /home/momo/.local/lib/python3.8/site-packages/airflow/example_dags/example_branch_labels.py for tasks to queue
[2022-12-23T02:09:09.456+0100] {logging_mixin.py:137} INFO - [2022-12-23T02:09:09.456+0100] {dagbag.py:538} INFO - Filling up the DagBag from /home/momo/.local/lib/python3.8/site-packages/airflow/example_dags/example_branch_labels.py
[2022-12-23T02:09:09.518+0100] {processor.py:753} INFO - DAG(s) dict_keys(['example_branch_labels']) retrieved from /home/momo/.local/lib/python3.8/site-packages/airflow/example_dags/example_branch_labels.py
[2022-12-23T02:09:09.563+0100] {logging_mixin.py:137} INFO - [2022-12-23T02:09:09.562+0100] {dag.py:2676} INFO - Sync 1 DAGs
[2022-12-23T02:09:09.593+0100] {logging_mixin.py:137} INFO - [2022-12-23T02:09:09.593+0100] {dag.py:3423} INFO - Setting next_dagrun for example_branch_labels to 2022-12-22T00:00:00+00:00, run_after=2022-12-23T00:00:00+00:00
[2022-12-23T02:09:09.627+0100] {processor.py:175} INFO - Processing /home/momo/.local/lib/python3.8/site-packages/airflow/example_dags/example_branch_labels.py took 0.192 seconds
[2022-12-23T02:10:06.949+0100] {processor.py:153} INFO - Started process (PID=6567) to work on /home/momo/.local/lib/python3.8/site-packages/airflow/example_dags/example_branch_labels.py
[2022-12-23T02:10:06.958+0100] {processor.py:743} INFO - Processing file /home/momo/.local/lib/python3.8/site-packages/airflow/example_dags/example_branch_labels.py for tasks to queue
[2022-12-23T02:10:06.960+0100] {logging_mixin.py:137} INFO - [2022-12-23T02:10:06.959+0100] {dagbag.py:538} INFO - Filling up the DagBag from /home/momo/.local/lib/python3.8/site-packages/airflow/example_dags/example_branch_labels.py
[2022-12-23T02:10:07.007+0100] {processor.py:753} INFO - DAG(s) dict_keys(['example_branch_labels']) retrieved from /home/momo/.local/lib/python3.8/site-packages/airflow/example_dags/example_branch_labels.py
[2022-12-23T02:10:07.099+0100] {logging_mixin.py:137} INFO - [2022-12-23T02:10:07.099+0100] {dag.py:2676} INFO - Sync 1 DAGs
[2022-12-23T02:10:07.160+0100] {logging_mixin.py:137} INFO - [2022-12-23T02:10:07.160+0100] {dag.py:3423} INFO - Setting next_dagrun for example_branch_labels to 2022-12-22T00:00:00+00:00, run_after=2022-12-23T00:00:00+00:00
[2022-12-23T02:10:07.243+0100] {processor.py:175} INFO - Processing /home/momo/.local/lib/python3.8/site-packages/airflow/example_dags/example_branch_labels.py took 0.304 seconds
[2022-12-23T02:11:11.985+0100] {processor.py:153} INFO - Started process (PID=6623) to work on /home/momo/.local/lib/python3.8/site-packages/airflow/example_dags/example_branch_labels.py
[2022-12-23T02:11:11.988+0100] {processor.py:743} INFO - Processing file /home/momo/.local/lib/python3.8/site-packages/airflow/example_dags/example_branch_labels.py for tasks to queue
[2022-12-23T02:11:11.991+0100] {logging_mixin.py:137} INFO - [2022-12-23T02:11:11.989+0100] {dagbag.py:538} INFO - Filling up the DagBag from /home/momo/.local/lib/python3.8/site-packages/airflow/example_dags/example_branch_labels.py
[2022-12-23T02:11:12.027+0100] {processor.py:753} INFO - DAG(s) dict_keys(['example_branch_labels']) retrieved from /home/momo/.local/lib/python3.8/site-packages/airflow/example_dags/example_branch_labels.py
[2022-12-23T02:11:12.082+0100] {logging_mixin.py:137} INFO - [2022-12-23T02:11:12.081+0100] {dag.py:2676} INFO - Sync 1 DAGs
[2022-12-23T02:11:12.124+0100] {logging_mixin.py:137} INFO - [2022-12-23T02:11:12.124+0100] {dag.py:3423} INFO - Setting next_dagrun for example_branch_labels to 2022-12-22T00:00:00+00:00, run_after=2022-12-23T00:00:00+00:00
[2022-12-23T02:11:12.159+0100] {processor.py:175} INFO - Processing /home/momo/.local/lib/python3.8/site-packages/airflow/example_dags/example_branch_labels.py took 0.184 seconds
[2022-12-23T02:12:15.024+0100] {processor.py:153} INFO - Started process (PID=6678) to work on /home/momo/.local/lib/python3.8/site-packages/airflow/example_dags/example_branch_labels.py
[2022-12-23T02:12:15.028+0100] {processor.py:743} INFO - Processing file /home/momo/.local/lib/python3.8/site-packages/airflow/example_dags/example_branch_labels.py for tasks to queue
[2022-12-23T02:12:15.031+0100] {logging_mixin.py:137} INFO - [2022-12-23T02:12:15.031+0100] {dagbag.py:538} INFO - Filling up the DagBag from /home/momo/.local/lib/python3.8/site-packages/airflow/example_dags/example_branch_labels.py
[2022-12-23T02:12:15.063+0100] {processor.py:753} INFO - DAG(s) dict_keys(['example_branch_labels']) retrieved from /home/momo/.local/lib/python3.8/site-packages/airflow/example_dags/example_branch_labels.py
[2022-12-23T02:12:15.098+0100] {logging_mixin.py:137} INFO - [2022-12-23T02:12:15.098+0100] {dag.py:2676} INFO - Sync 1 DAGs
[2022-12-23T02:12:15.128+0100] {logging_mixin.py:137} INFO - [2022-12-23T02:12:15.128+0100] {dag.py:3423} INFO - Setting next_dagrun for example_branch_labels to 2022-12-22T00:00:00+00:00, run_after=2022-12-23T00:00:00+00:00
[2022-12-23T02:12:15.162+0100] {processor.py:175} INFO - Processing /home/momo/.local/lib/python3.8/site-packages/airflow/example_dags/example_branch_labels.py took 0.153 seconds
[2022-12-23T02:13:11.575+0100] {processor.py:153} INFO - Started process (PID=6726) to work on /home/momo/.local/lib/python3.8/site-packages/airflow/example_dags/example_branch_labels.py
[2022-12-23T02:13:11.578+0100] {processor.py:743} INFO - Processing file /home/momo/.local/lib/python3.8/site-packages/airflow/example_dags/example_branch_labels.py for tasks to queue
[2022-12-23T02:13:11.581+0100] {logging_mixin.py:137} INFO - [2022-12-23T02:13:11.581+0100] {dagbag.py:538} INFO - Filling up the DagBag from /home/momo/.local/lib/python3.8/site-packages/airflow/example_dags/example_branch_labels.py
[2022-12-23T02:13:11.652+0100] {processor.py:753} INFO - DAG(s) dict_keys(['example_branch_labels']) retrieved from /home/momo/.local/lib/python3.8/site-packages/airflow/example_dags/example_branch_labels.py
[2022-12-23T02:13:11.707+0100] {logging_mixin.py:137} INFO - [2022-12-23T02:13:11.707+0100] {dag.py:2676} INFO - Sync 1 DAGs
[2022-12-23T02:13:11.742+0100] {logging_mixin.py:137} INFO - [2022-12-23T02:13:11.742+0100] {dag.py:3423} INFO - Setting next_dagrun for example_branch_labels to 2022-12-22T00:00:00+00:00, run_after=2022-12-23T00:00:00+00:00
[2022-12-23T02:13:11.798+0100] {processor.py:175} INFO - Processing /home/momo/.local/lib/python3.8/site-packages/airflow/example_dags/example_branch_labels.py took 0.236 seconds
[2022-12-23T02:14:16.924+0100] {processor.py:153} INFO - Started process (PID=6778) to work on /home/momo/.local/lib/python3.8/site-packages/airflow/example_dags/example_branch_labels.py
[2022-12-23T02:14:16.926+0100] {processor.py:743} INFO - Processing file /home/momo/.local/lib/python3.8/site-packages/airflow/example_dags/example_branch_labels.py for tasks to queue
[2022-12-23T02:14:16.927+0100] {logging_mixin.py:137} INFO - [2022-12-23T02:14:16.927+0100] {dagbag.py:538} INFO - Filling up the DagBag from /home/momo/.local/lib/python3.8/site-packages/airflow/example_dags/example_branch_labels.py
[2022-12-23T02:14:16.959+0100] {processor.py:753} INFO - DAG(s) dict_keys(['example_branch_labels']) retrieved from /home/momo/.local/lib/python3.8/site-packages/airflow/example_dags/example_branch_labels.py
[2022-12-23T02:14:17.007+0100] {logging_mixin.py:137} INFO - [2022-12-23T02:14:17.006+0100] {dag.py:2676} INFO - Sync 1 DAGs
[2022-12-23T02:14:17.043+0100] {logging_mixin.py:137} INFO - [2022-12-23T02:14:17.043+0100] {dag.py:3423} INFO - Setting next_dagrun for example_branch_labels to 2022-12-22T00:00:00+00:00, run_after=2022-12-23T00:00:00+00:00
[2022-12-23T02:14:17.094+0100] {processor.py:175} INFO - Processing /home/momo/.local/lib/python3.8/site-packages/airflow/example_dags/example_branch_labels.py took 0.179 seconds
[2022-12-23T02:15:25.332+0100] {processor.py:153} INFO - Started process (PID=6836) to work on /home/momo/.local/lib/python3.8/site-packages/airflow/example_dags/example_branch_labels.py
[2022-12-23T02:15:25.339+0100] {processor.py:743} INFO - Processing file /home/momo/.local/lib/python3.8/site-packages/airflow/example_dags/example_branch_labels.py for tasks to queue
[2022-12-23T02:15:25.341+0100] {logging_mixin.py:137} INFO - [2022-12-23T02:15:25.341+0100] {dagbag.py:538} INFO - Filling up the DagBag from /home/momo/.local/lib/python3.8/site-packages/airflow/example_dags/example_branch_labels.py
[2022-12-23T02:15:25.366+0100] {processor.py:753} INFO - DAG(s) dict_keys(['example_branch_labels']) retrieved from /home/momo/.local/lib/python3.8/site-packages/airflow/example_dags/example_branch_labels.py
[2022-12-23T02:15:25.418+0100] {logging_mixin.py:137} INFO - [2022-12-23T02:15:25.417+0100] {dag.py:2676} INFO - Sync 1 DAGs
[2022-12-23T02:15:25.454+0100] {logging_mixin.py:137} INFO - [2022-12-23T02:15:25.453+0100] {dag.py:3423} INFO - Setting next_dagrun for example_branch_labels to 2022-12-22T00:00:00+00:00, run_after=2022-12-23T00:00:00+00:00
[2022-12-23T02:15:25.495+0100] {processor.py:175} INFO - Processing /home/momo/.local/lib/python3.8/site-packages/airflow/example_dags/example_branch_labels.py took 0.171 seconds
[2022-12-23T02:16:19.061+0100] {processor.py:153} INFO - Started process (PID=6882) to work on /home/momo/.local/lib/python3.8/site-packages/airflow/example_dags/example_branch_labels.py
[2022-12-23T02:16:19.064+0100] {processor.py:743} INFO - Processing file /home/momo/.local/lib/python3.8/site-packages/airflow/example_dags/example_branch_labels.py for tasks to queue
[2022-12-23T02:16:19.066+0100] {logging_mixin.py:137} INFO - [2022-12-23T02:16:19.065+0100] {dagbag.py:538} INFO - Filling up the DagBag from /home/momo/.local/lib/python3.8/site-packages/airflow/example_dags/example_branch_labels.py
[2022-12-23T02:16:19.095+0100] {processor.py:753} INFO - DAG(s) dict_keys(['example_branch_labels']) retrieved from /home/momo/.local/lib/python3.8/site-packages/airflow/example_dags/example_branch_labels.py
[2022-12-23T02:16:19.150+0100] {logging_mixin.py:137} INFO - [2022-12-23T02:16:19.149+0100] {dag.py:2676} INFO - Sync 1 DAGs
[2022-12-23T02:16:19.200+0100] {logging_mixin.py:137} INFO - [2022-12-23T02:16:19.200+0100] {dag.py:3423} INFO - Setting next_dagrun for example_branch_labels to 2022-12-22T00:00:00+00:00, run_after=2022-12-23T00:00:00+00:00
[2022-12-23T02:16:19.251+0100] {processor.py:175} INFO - Processing /home/momo/.local/lib/python3.8/site-packages/airflow/example_dags/example_branch_labels.py took 0.201 seconds
[2022-12-23T02:17:16.187+0100] {processor.py:153} INFO - Started process (PID=6937) to work on /home/momo/.local/lib/python3.8/site-packages/airflow/example_dags/example_branch_labels.py
[2022-12-23T02:17:16.195+0100] {processor.py:743} INFO - Processing file /home/momo/.local/lib/python3.8/site-packages/airflow/example_dags/example_branch_labels.py for tasks to queue
[2022-12-23T02:17:16.196+0100] {logging_mixin.py:137} INFO - [2022-12-23T02:17:16.195+0100] {dagbag.py:538} INFO - Filling up the DagBag from /home/momo/.local/lib/python3.8/site-packages/airflow/example_dags/example_branch_labels.py
[2022-12-23T02:17:16.236+0100] {processor.py:753} INFO - DAG(s) dict_keys(['example_branch_labels']) retrieved from /home/momo/.local/lib/python3.8/site-packages/airflow/example_dags/example_branch_labels.py
[2022-12-23T02:17:16.301+0100] {logging_mixin.py:137} INFO - [2022-12-23T02:17:16.301+0100] {dag.py:2676} INFO - Sync 1 DAGs
[2022-12-23T02:17:16.353+0100] {logging_mixin.py:137} INFO - [2022-12-23T02:17:16.353+0100] {dag.py:3423} INFO - Setting next_dagrun for example_branch_labels to 2022-12-22T00:00:00+00:00, run_after=2022-12-23T00:00:00+00:00
[2022-12-23T02:17:16.402+0100] {processor.py:175} INFO - Processing /home/momo/.local/lib/python3.8/site-packages/airflow/example_dags/example_branch_labels.py took 0.225 seconds
[2022-12-23T02:18:24.037+0100] {processor.py:153} INFO - Started process (PID=6996) to work on /home/momo/.local/lib/python3.8/site-packages/airflow/example_dags/example_branch_labels.py
[2022-12-23T02:18:24.042+0100] {processor.py:743} INFO - Processing file /home/momo/.local/lib/python3.8/site-packages/airflow/example_dags/example_branch_labels.py for tasks to queue
[2022-12-23T02:18:24.044+0100] {logging_mixin.py:137} INFO - [2022-12-23T02:18:24.044+0100] {dagbag.py:538} INFO - Filling up the DagBag from /home/momo/.local/lib/python3.8/site-packages/airflow/example_dags/example_branch_labels.py
[2022-12-23T02:18:24.092+0100] {processor.py:753} INFO - DAG(s) dict_keys(['example_branch_labels']) retrieved from /home/momo/.local/lib/python3.8/site-packages/airflow/example_dags/example_branch_labels.py
[2022-12-23T02:18:24.130+0100] {logging_mixin.py:137} INFO - [2022-12-23T02:18:24.129+0100] {dag.py:2676} INFO - Sync 1 DAGs
[2022-12-23T02:18:24.160+0100] {logging_mixin.py:137} INFO - [2022-12-23T02:18:24.160+0100] {dag.py:3423} INFO - Setting next_dagrun for example_branch_labels to 2022-12-22T00:00:00+00:00, run_after=2022-12-23T00:00:00+00:00
[2022-12-23T02:18:24.191+0100] {processor.py:175} INFO - Processing /home/momo/.local/lib/python3.8/site-packages/airflow/example_dags/example_branch_labels.py took 0.169 seconds
[2022-12-23T02:19:22.899+0100] {processor.py:153} INFO - Started process (PID=7074) to work on /home/momo/.local/lib/python3.8/site-packages/airflow/example_dags/example_branch_labels.py
[2022-12-23T02:19:22.906+0100] {processor.py:743} INFO - Processing file /home/momo/.local/lib/python3.8/site-packages/airflow/example_dags/example_branch_labels.py for tasks to queue
[2022-12-23T02:19:22.907+0100] {logging_mixin.py:137} INFO - [2022-12-23T02:19:22.907+0100] {dagbag.py:538} INFO - Filling up the DagBag from /home/momo/.local/lib/python3.8/site-packages/airflow/example_dags/example_branch_labels.py
[2022-12-23T02:19:22.942+0100] {processor.py:753} INFO - DAG(s) dict_keys(['example_branch_labels']) retrieved from /home/momo/.local/lib/python3.8/site-packages/airflow/example_dags/example_branch_labels.py
[2022-12-23T02:19:23.005+0100] {logging_mixin.py:137} INFO - [2022-12-23T02:19:23.004+0100] {dag.py:2676} INFO - Sync 1 DAGs
[2022-12-23T02:19:23.122+0100] {logging_mixin.py:137} INFO - [2022-12-23T02:19:23.122+0100] {dag.py:3423} INFO - Setting next_dagrun for example_branch_labels to 2022-12-22T00:00:00+00:00, run_after=2022-12-23T00:00:00+00:00
[2022-12-23T02:19:23.178+0100] {processor.py:175} INFO - Processing /home/momo/.local/lib/python3.8/site-packages/airflow/example_dags/example_branch_labels.py took 0.289 seconds
[2022-12-23T02:20:24.668+0100] {processor.py:153} INFO - Started process (PID=7147) to work on /home/momo/.local/lib/python3.8/site-packages/airflow/example_dags/example_branch_labels.py
[2022-12-23T02:20:24.670+0100] {processor.py:743} INFO - Processing file /home/momo/.local/lib/python3.8/site-packages/airflow/example_dags/example_branch_labels.py for tasks to queue
[2022-12-23T02:20:24.672+0100] {logging_mixin.py:137} INFO - [2022-12-23T02:20:24.670+0100] {dagbag.py:538} INFO - Filling up the DagBag from /home/momo/.local/lib/python3.8/site-packages/airflow/example_dags/example_branch_labels.py
[2022-12-23T02:20:24.699+0100] {processor.py:753} INFO - DAG(s) dict_keys(['example_branch_labels']) retrieved from /home/momo/.local/lib/python3.8/site-packages/airflow/example_dags/example_branch_labels.py
[2022-12-23T02:20:24.736+0100] {logging_mixin.py:137} INFO - [2022-12-23T02:20:24.735+0100] {dag.py:2676} INFO - Sync 1 DAGs
[2022-12-23T02:20:24.766+0100] {logging_mixin.py:137} INFO - [2022-12-23T02:20:24.766+0100] {dag.py:3423} INFO - Setting next_dagrun for example_branch_labels to 2022-12-22T00:00:00+00:00, run_after=2022-12-23T00:00:00+00:00
[2022-12-23T02:20:24.811+0100] {processor.py:175} INFO - Processing /home/momo/.local/lib/python3.8/site-packages/airflow/example_dags/example_branch_labels.py took 0.149 seconds
[2022-12-23T02:21:28.861+0100] {processor.py:153} INFO - Started process (PID=7205) to work on /home/momo/.local/lib/python3.8/site-packages/airflow/example_dags/example_branch_labels.py
[2022-12-23T02:21:28.867+0100] {processor.py:743} INFO - Processing file /home/momo/.local/lib/python3.8/site-packages/airflow/example_dags/example_branch_labels.py for tasks to queue
[2022-12-23T02:21:28.868+0100] {logging_mixin.py:137} INFO - [2022-12-23T02:21:28.868+0100] {dagbag.py:538} INFO - Filling up the DagBag from /home/momo/.local/lib/python3.8/site-packages/airflow/example_dags/example_branch_labels.py
[2022-12-23T02:21:28.895+0100] {processor.py:753} INFO - DAG(s) dict_keys(['example_branch_labels']) retrieved from /home/momo/.local/lib/python3.8/site-packages/airflow/example_dags/example_branch_labels.py
[2022-12-23T02:21:28.933+0100] {logging_mixin.py:137} INFO - [2022-12-23T02:21:28.933+0100] {dag.py:2676} INFO - Sync 1 DAGs
[2022-12-23T02:21:28.968+0100] {logging_mixin.py:137} INFO - [2022-12-23T02:21:28.968+0100] {dag.py:3423} INFO - Setting next_dagrun for example_branch_labels to 2022-12-22T00:00:00+00:00, run_after=2022-12-23T00:00:00+00:00
[2022-12-23T02:21:28.999+0100] {processor.py:175} INFO - Processing /home/momo/.local/lib/python3.8/site-packages/airflow/example_dags/example_branch_labels.py took 0.155 seconds
