[2022-12-23T01:00:06.151+0100] {processor.py:153} INFO - Started process (PID=27016) to work on /home/momo/.local/lib/python3.8/site-packages/airflow/example_dags/example_branch_operator.py
[2022-12-23T01:00:06.170+0100] {processor.py:743} INFO - Processing file /home/momo/.local/lib/python3.8/site-packages/airflow/example_dags/example_branch_operator.py for tasks to queue
[2022-12-23T01:00:06.177+0100] {logging_mixin.py:137} INFO - [2022-12-23T01:00:06.176+0100] {dagbag.py:538} INFO - Filling up the DagBag from /home/momo/.local/lib/python3.8/site-packages/airflow/example_dags/example_branch_operator.py
[2022-12-23T01:00:06.258+0100] {processor.py:753} INFO - DAG(s) dict_keys(['example_branch_operator']) retrieved from /home/momo/.local/lib/python3.8/site-packages/airflow/example_dags/example_branch_operator.py
[2022-12-23T01:00:06.319+0100] {logging_mixin.py:137} INFO - [2022-12-23T01:00:06.318+0100] {dag.py:2676} INFO - Sync 1 DAGs
[2022-12-23T01:00:06.373+0100] {logging_mixin.py:137} INFO - [2022-12-23T01:00:06.373+0100] {dag.py:3423} INFO - Setting next_dagrun for example_branch_operator to 2022-12-22T00:00:00+00:00, run_after=2022-12-23T00:00:00+00:00
[2022-12-23T01:00:06.431+0100] {processor.py:175} INFO - Processing /home/momo/.local/lib/python3.8/site-packages/airflow/example_dags/example_branch_operator.py took 0.298 seconds
[2022-12-23T01:00:56.191+0100] {processor.py:153} INFO - Started process (PID=27053) to work on /home/momo/.local/lib/python3.8/site-packages/airflow/example_dags/example_branch_operator.py
[2022-12-23T01:00:56.197+0100] {processor.py:743} INFO - Processing file /home/momo/.local/lib/python3.8/site-packages/airflow/example_dags/example_branch_operator.py for tasks to queue
[2022-12-23T01:00:56.201+0100] {logging_mixin.py:137} INFO - [2022-12-23T01:00:56.200+0100] {dagbag.py:538} INFO - Filling up the DagBag from /home/momo/.local/lib/python3.8/site-packages/airflow/example_dags/example_branch_operator.py
[2022-12-23T01:00:56.309+0100] {processor.py:753} INFO - DAG(s) dict_keys(['example_branch_operator']) retrieved from /home/momo/.local/lib/python3.8/site-packages/airflow/example_dags/example_branch_operator.py
[2022-12-23T01:00:56.382+0100] {logging_mixin.py:137} INFO - [2022-12-23T01:00:56.382+0100] {dag.py:2676} INFO - Sync 1 DAGs
[2022-12-23T01:00:56.436+0100] {logging_mixin.py:137} INFO - [2022-12-23T01:00:56.435+0100] {dag.py:3423} INFO - Setting next_dagrun for example_branch_operator to 2022-12-22T00:00:00+00:00, run_after=2022-12-23T00:00:00+00:00
[2022-12-23T01:00:56.488+0100] {processor.py:175} INFO - Processing /home/momo/.local/lib/python3.8/site-packages/airflow/example_dags/example_branch_operator.py took 0.314 seconds
[2022-12-23T01:01:42.526+0100] {processor.py:153} INFO - Started process (PID=27086) to work on /home/momo/.local/lib/python3.8/site-packages/airflow/example_dags/example_branch_operator.py
[2022-12-23T01:01:42.528+0100] {processor.py:743} INFO - Processing file /home/momo/.local/lib/python3.8/site-packages/airflow/example_dags/example_branch_operator.py for tasks to queue
[2022-12-23T01:01:42.530+0100] {logging_mixin.py:137} INFO - [2022-12-23T01:01:42.529+0100] {dagbag.py:538} INFO - Filling up the DagBag from /home/momo/.local/lib/python3.8/site-packages/airflow/example_dags/example_branch_operator.py
[2022-12-23T01:01:42.574+0100] {processor.py:753} INFO - DAG(s) dict_keys(['example_branch_operator']) retrieved from /home/momo/.local/lib/python3.8/site-packages/airflow/example_dags/example_branch_operator.py
[2022-12-23T01:01:42.641+0100] {logging_mixin.py:137} INFO - [2022-12-23T01:01:42.641+0100] {dag.py:2676} INFO - Sync 1 DAGs
[2022-12-23T01:01:42.694+0100] {logging_mixin.py:137} INFO - [2022-12-23T01:01:42.693+0100] {dag.py:3423} INFO - Setting next_dagrun for example_branch_operator to 2022-12-22T00:00:00+00:00, run_after=2022-12-23T00:00:00+00:00
[2022-12-23T01:01:42.759+0100] {processor.py:175} INFO - Processing /home/momo/.local/lib/python3.8/site-packages/airflow/example_dags/example_branch_operator.py took 0.241 seconds
[2022-12-23T01:02:30.604+0100] {processor.py:153} INFO - Started process (PID=27121) to work on /home/momo/.local/lib/python3.8/site-packages/airflow/example_dags/example_branch_operator.py
[2022-12-23T01:02:30.609+0100] {processor.py:743} INFO - Processing file /home/momo/.local/lib/python3.8/site-packages/airflow/example_dags/example_branch_operator.py for tasks to queue
[2022-12-23T01:02:30.612+0100] {logging_mixin.py:137} INFO - [2022-12-23T01:02:30.612+0100] {dagbag.py:538} INFO - Filling up the DagBag from /home/momo/.local/lib/python3.8/site-packages/airflow/example_dags/example_branch_operator.py
[2022-12-23T01:02:30.680+0100] {processor.py:753} INFO - DAG(s) dict_keys(['example_branch_operator']) retrieved from /home/momo/.local/lib/python3.8/site-packages/airflow/example_dags/example_branch_operator.py
[2022-12-23T01:02:30.743+0100] {logging_mixin.py:137} INFO - [2022-12-23T01:02:30.743+0100] {dag.py:2676} INFO - Sync 1 DAGs
[2022-12-23T01:02:30.800+0100] {logging_mixin.py:137} INFO - [2022-12-23T01:02:30.799+0100] {dag.py:3423} INFO - Setting next_dagrun for example_branch_operator to 2022-12-22T00:00:00+00:00, run_after=2022-12-23T00:00:00+00:00
[2022-12-23T01:02:30.854+0100] {processor.py:175} INFO - Processing /home/momo/.local/lib/python3.8/site-packages/airflow/example_dags/example_branch_operator.py took 0.267 seconds
[2022-12-23T01:03:17.087+0100] {processor.py:153} INFO - Started process (PID=27158) to work on /home/momo/.local/lib/python3.8/site-packages/airflow/example_dags/example_branch_operator.py
[2022-12-23T01:03:17.092+0100] {processor.py:743} INFO - Processing file /home/momo/.local/lib/python3.8/site-packages/airflow/example_dags/example_branch_operator.py for tasks to queue
[2022-12-23T01:03:17.095+0100] {logging_mixin.py:137} INFO - [2022-12-23T01:03:17.095+0100] {dagbag.py:538} INFO - Filling up the DagBag from /home/momo/.local/lib/python3.8/site-packages/airflow/example_dags/example_branch_operator.py
[2022-12-23T01:03:17.147+0100] {processor.py:753} INFO - DAG(s) dict_keys(['example_branch_operator']) retrieved from /home/momo/.local/lib/python3.8/site-packages/airflow/example_dags/example_branch_operator.py
[2022-12-23T01:03:17.209+0100] {logging_mixin.py:137} INFO - [2022-12-23T01:03:17.209+0100] {dag.py:2676} INFO - Sync 1 DAGs
[2022-12-23T01:03:17.263+0100] {logging_mixin.py:137} INFO - [2022-12-23T01:03:17.262+0100] {dag.py:3423} INFO - Setting next_dagrun for example_branch_operator to 2022-12-22T00:00:00+00:00, run_after=2022-12-23T00:00:00+00:00
[2022-12-23T01:03:17.311+0100] {processor.py:175} INFO - Processing /home/momo/.local/lib/python3.8/site-packages/airflow/example_dags/example_branch_operator.py took 0.240 seconds
[2022-12-23T01:04:03.354+0100] {processor.py:153} INFO - Started process (PID=27191) to work on /home/momo/.local/lib/python3.8/site-packages/airflow/example_dags/example_branch_operator.py
[2022-12-23T01:04:03.356+0100] {processor.py:743} INFO - Processing file /home/momo/.local/lib/python3.8/site-packages/airflow/example_dags/example_branch_operator.py for tasks to queue
[2022-12-23T01:04:03.358+0100] {logging_mixin.py:137} INFO - [2022-12-23T01:04:03.357+0100] {dagbag.py:538} INFO - Filling up the DagBag from /home/momo/.local/lib/python3.8/site-packages/airflow/example_dags/example_branch_operator.py
[2022-12-23T01:04:03.403+0100] {processor.py:753} INFO - DAG(s) dict_keys(['example_branch_operator']) retrieved from /home/momo/.local/lib/python3.8/site-packages/airflow/example_dags/example_branch_operator.py
[2022-12-23T01:04:03.469+0100] {logging_mixin.py:137} INFO - [2022-12-23T01:04:03.469+0100] {dag.py:2676} INFO - Sync 1 DAGs
[2022-12-23T01:04:03.525+0100] {logging_mixin.py:137} INFO - [2022-12-23T01:04:03.524+0100] {dag.py:3423} INFO - Setting next_dagrun for example_branch_operator to 2022-12-22T00:00:00+00:00, run_after=2022-12-23T00:00:00+00:00
[2022-12-23T01:04:03.595+0100] {processor.py:175} INFO - Processing /home/momo/.local/lib/python3.8/site-packages/airflow/example_dags/example_branch_operator.py took 0.249 seconds
[2022-12-23T01:04:55.577+0100] {processor.py:153} INFO - Started process (PID=27225) to work on /home/momo/.local/lib/python3.8/site-packages/airflow/example_dags/example_branch_operator.py
[2022-12-23T01:04:55.580+0100] {processor.py:743} INFO - Processing file /home/momo/.local/lib/python3.8/site-packages/airflow/example_dags/example_branch_operator.py for tasks to queue
[2022-12-23T01:04:55.582+0100] {logging_mixin.py:137} INFO - [2022-12-23T01:04:55.581+0100] {dagbag.py:538} INFO - Filling up the DagBag from /home/momo/.local/lib/python3.8/site-packages/airflow/example_dags/example_branch_operator.py
[2022-12-23T01:04:55.625+0100] {processor.py:753} INFO - DAG(s) dict_keys(['example_branch_operator']) retrieved from /home/momo/.local/lib/python3.8/site-packages/airflow/example_dags/example_branch_operator.py
[2022-12-23T01:04:55.686+0100] {logging_mixin.py:137} INFO - [2022-12-23T01:04:55.686+0100] {dag.py:2676} INFO - Sync 1 DAGs
[2022-12-23T01:04:55.762+0100] {logging_mixin.py:137} INFO - [2022-12-23T01:04:55.761+0100] {dag.py:3423} INFO - Setting next_dagrun for example_branch_operator to 2022-12-22T00:00:00+00:00, run_after=2022-12-23T00:00:00+00:00
[2022-12-23T01:04:56.060+0100] {processor.py:175} INFO - Processing /home/momo/.local/lib/python3.8/site-packages/airflow/example_dags/example_branch_operator.py took 0.499 seconds
[2022-12-23T01:05:52.396+0100] {processor.py:153} INFO - Started process (PID=27263) to work on /home/momo/.local/lib/python3.8/site-packages/airflow/example_dags/example_branch_operator.py
[2022-12-23T01:05:52.409+0100] {processor.py:743} INFO - Processing file /home/momo/.local/lib/python3.8/site-packages/airflow/example_dags/example_branch_operator.py for tasks to queue
[2022-12-23T01:05:52.412+0100] {logging_mixin.py:137} INFO - [2022-12-23T01:05:52.411+0100] {dagbag.py:538} INFO - Filling up the DagBag from /home/momo/.local/lib/python3.8/site-packages/airflow/example_dags/example_branch_operator.py
[2022-12-23T01:05:52.471+0100] {processor.py:753} INFO - DAG(s) dict_keys(['example_branch_operator']) retrieved from /home/momo/.local/lib/python3.8/site-packages/airflow/example_dags/example_branch_operator.py
[2022-12-23T01:05:52.538+0100] {logging_mixin.py:137} INFO - [2022-12-23T01:05:52.538+0100] {dag.py:2676} INFO - Sync 1 DAGs
[2022-12-23T01:05:52.596+0100] {logging_mixin.py:137} INFO - [2022-12-23T01:05:52.596+0100] {dag.py:3423} INFO - Setting next_dagrun for example_branch_operator to 2022-12-22T00:00:00+00:00, run_after=2022-12-23T00:00:00+00:00
[2022-12-23T01:05:52.651+0100] {processor.py:175} INFO - Processing /home/momo/.local/lib/python3.8/site-packages/airflow/example_dags/example_branch_operator.py took 0.290 seconds
[2022-12-23T01:06:40.039+0100] {processor.py:153} INFO - Started process (PID=27297) to work on /home/momo/.local/lib/python3.8/site-packages/airflow/example_dags/example_branch_operator.py
[2022-12-23T01:06:40.043+0100] {processor.py:743} INFO - Processing file /home/momo/.local/lib/python3.8/site-packages/airflow/example_dags/example_branch_operator.py for tasks to queue
[2022-12-23T01:06:40.044+0100] {logging_mixin.py:137} INFO - [2022-12-23T01:06:40.044+0100] {dagbag.py:538} INFO - Filling up the DagBag from /home/momo/.local/lib/python3.8/site-packages/airflow/example_dags/example_branch_operator.py
[2022-12-23T01:06:40.089+0100] {processor.py:753} INFO - DAG(s) dict_keys(['example_branch_operator']) retrieved from /home/momo/.local/lib/python3.8/site-packages/airflow/example_dags/example_branch_operator.py
[2022-12-23T01:06:40.159+0100] {logging_mixin.py:137} INFO - [2022-12-23T01:06:40.159+0100] {dag.py:2676} INFO - Sync 1 DAGs
[2022-12-23T01:06:40.215+0100] {logging_mixin.py:137} INFO - [2022-12-23T01:06:40.214+0100] {dag.py:3423} INFO - Setting next_dagrun for example_branch_operator to 2022-12-22T00:00:00+00:00, run_after=2022-12-23T00:00:00+00:00
[2022-12-23T01:06:40.267+0100] {processor.py:175} INFO - Processing /home/momo/.local/lib/python3.8/site-packages/airflow/example_dags/example_branch_operator.py took 0.242 seconds
[2022-12-23T01:07:28.054+0100] {processor.py:153} INFO - Started process (PID=27331) to work on /home/momo/.local/lib/python3.8/site-packages/airflow/example_dags/example_branch_operator.py
[2022-12-23T01:07:28.061+0100] {processor.py:743} INFO - Processing file /home/momo/.local/lib/python3.8/site-packages/airflow/example_dags/example_branch_operator.py for tasks to queue
[2022-12-23T01:07:28.066+0100] {logging_mixin.py:137} INFO - [2022-12-23T01:07:28.064+0100] {dagbag.py:538} INFO - Filling up the DagBag from /home/momo/.local/lib/python3.8/site-packages/airflow/example_dags/example_branch_operator.py
[2022-12-23T01:07:28.176+0100] {processor.py:753} INFO - DAG(s) dict_keys(['example_branch_operator']) retrieved from /home/momo/.local/lib/python3.8/site-packages/airflow/example_dags/example_branch_operator.py
[2022-12-23T01:07:28.337+0100] {logging_mixin.py:137} INFO - [2022-12-23T01:07:28.337+0100] {dag.py:2676} INFO - Sync 1 DAGs
[2022-12-23T01:07:28.485+0100] {logging_mixin.py:137} INFO - [2022-12-23T01:07:28.484+0100] {dag.py:3423} INFO - Setting next_dagrun for example_branch_operator to 2022-12-22T00:00:00+00:00, run_after=2022-12-23T00:00:00+00:00
[2022-12-23T01:07:28.607+0100] {processor.py:175} INFO - Processing /home/momo/.local/lib/python3.8/site-packages/airflow/example_dags/example_branch_operator.py took 0.594 seconds
[2022-12-23T01:08:33.231+0100] {processor.py:153} INFO - Started process (PID=27386) to work on /home/momo/.local/lib/python3.8/site-packages/airflow/example_dags/example_branch_operator.py
[2022-12-23T01:08:33.234+0100] {processor.py:743} INFO - Processing file /home/momo/.local/lib/python3.8/site-packages/airflow/example_dags/example_branch_operator.py for tasks to queue
[2022-12-23T01:08:33.237+0100] {logging_mixin.py:137} INFO - [2022-12-23T01:08:33.236+0100] {dagbag.py:538} INFO - Filling up the DagBag from /home/momo/.local/lib/python3.8/site-packages/airflow/example_dags/example_branch_operator.py
[2022-12-23T01:08:33.284+0100] {processor.py:753} INFO - DAG(s) dict_keys(['example_branch_operator']) retrieved from /home/momo/.local/lib/python3.8/site-packages/airflow/example_dags/example_branch_operator.py
[2022-12-23T01:08:33.349+0100] {logging_mixin.py:137} INFO - [2022-12-23T01:08:33.348+0100] {dag.py:2676} INFO - Sync 1 DAGs
[2022-12-23T01:08:33.402+0100] {logging_mixin.py:137} INFO - [2022-12-23T01:08:33.402+0100] {dag.py:3423} INFO - Setting next_dagrun for example_branch_operator to 2022-12-22T00:00:00+00:00, run_after=2022-12-23T00:00:00+00:00
[2022-12-23T01:08:33.457+0100] {processor.py:175} INFO - Processing /home/momo/.local/lib/python3.8/site-packages/airflow/example_dags/example_branch_operator.py took 0.241 seconds
[2022-12-23T01:09:25.755+0100] {processor.py:153} INFO - Started process (PID=27421) to work on /home/momo/.local/lib/python3.8/site-packages/airflow/example_dags/example_branch_operator.py
[2022-12-23T01:09:25.766+0100] {processor.py:743} INFO - Processing file /home/momo/.local/lib/python3.8/site-packages/airflow/example_dags/example_branch_operator.py for tasks to queue
[2022-12-23T01:09:25.770+0100] {logging_mixin.py:137} INFO - [2022-12-23T01:09:25.769+0100] {dagbag.py:538} INFO - Filling up the DagBag from /home/momo/.local/lib/python3.8/site-packages/airflow/example_dags/example_branch_operator.py
[2022-12-23T01:09:25.874+0100] {processor.py:753} INFO - DAG(s) dict_keys(['example_branch_operator']) retrieved from /home/momo/.local/lib/python3.8/site-packages/airflow/example_dags/example_branch_operator.py
[2022-12-23T01:09:25.978+0100] {logging_mixin.py:137} INFO - [2022-12-23T01:09:25.977+0100] {dag.py:2676} INFO - Sync 1 DAGs
[2022-12-23T01:09:26.033+0100] {logging_mixin.py:137} INFO - [2022-12-23T01:09:26.032+0100] {dag.py:3423} INFO - Setting next_dagrun for example_branch_operator to 2022-12-22T00:00:00+00:00, run_after=2022-12-23T00:00:00+00:00
[2022-12-23T01:09:26.089+0100] {processor.py:175} INFO - Processing /home/momo/.local/lib/python3.8/site-packages/airflow/example_dags/example_branch_operator.py took 0.351 seconds
[2022-12-23T01:10:31.737+0100] {processor.py:153} INFO - Started process (PID=27461) to work on /home/momo/.local/lib/python3.8/site-packages/airflow/example_dags/example_branch_operator.py
[2022-12-23T01:10:31.743+0100] {processor.py:743} INFO - Processing file /home/momo/.local/lib/python3.8/site-packages/airflow/example_dags/example_branch_operator.py for tasks to queue
[2022-12-23T01:10:31.746+0100] {logging_mixin.py:137} INFO - [2022-12-23T01:10:31.745+0100] {dagbag.py:538} INFO - Filling up the DagBag from /home/momo/.local/lib/python3.8/site-packages/airflow/example_dags/example_branch_operator.py
[2022-12-23T01:10:31.835+0100] {processor.py:753} INFO - DAG(s) dict_keys(['example_branch_operator']) retrieved from /home/momo/.local/lib/python3.8/site-packages/airflow/example_dags/example_branch_operator.py
[2022-12-23T01:10:31.958+0100] {logging_mixin.py:137} INFO - [2022-12-23T01:10:31.958+0100] {dag.py:2676} INFO - Sync 1 DAGs
[2022-12-23T01:10:32.025+0100] {logging_mixin.py:137} INFO - [2022-12-23T01:10:32.025+0100] {dag.py:3423} INFO - Setting next_dagrun for example_branch_operator to 2022-12-22T00:00:00+00:00, run_after=2022-12-23T00:00:00+00:00
[2022-12-23T01:10:32.301+0100] {processor.py:175} INFO - Processing /home/momo/.local/lib/python3.8/site-packages/airflow/example_dags/example_branch_operator.py took 0.580 seconds
[2022-12-23T01:11:25.719+0100] {processor.py:153} INFO - Started process (PID=27499) to work on /home/momo/.local/lib/python3.8/site-packages/airflow/example_dags/example_branch_operator.py
[2022-12-23T01:11:25.725+0100] {processor.py:743} INFO - Processing file /home/momo/.local/lib/python3.8/site-packages/airflow/example_dags/example_branch_operator.py for tasks to queue
[2022-12-23T01:11:25.728+0100] {logging_mixin.py:137} INFO - [2022-12-23T01:11:25.727+0100] {dagbag.py:538} INFO - Filling up the DagBag from /home/momo/.local/lib/python3.8/site-packages/airflow/example_dags/example_branch_operator.py
[2022-12-23T01:11:25.819+0100] {processor.py:753} INFO - DAG(s) dict_keys(['example_branch_operator']) retrieved from /home/momo/.local/lib/python3.8/site-packages/airflow/example_dags/example_branch_operator.py
[2022-12-23T01:11:25.913+0100] {logging_mixin.py:137} INFO - [2022-12-23T01:11:25.913+0100] {dag.py:2676} INFO - Sync 1 DAGs
[2022-12-23T01:11:25.968+0100] {logging_mixin.py:137} INFO - [2022-12-23T01:11:25.967+0100] {dag.py:3423} INFO - Setting next_dagrun for example_branch_operator to 2022-12-22T00:00:00+00:00, run_after=2022-12-23T00:00:00+00:00
[2022-12-23T01:11:26.021+0100] {processor.py:175} INFO - Processing /home/momo/.local/lib/python3.8/site-packages/airflow/example_dags/example_branch_operator.py took 0.323 seconds
[2022-12-23T01:12:12.861+0100] {processor.py:153} INFO - Started process (PID=27533) to work on /home/momo/.local/lib/python3.8/site-packages/airflow/example_dags/example_branch_operator.py
[2022-12-23T01:12:12.866+0100] {processor.py:743} INFO - Processing file /home/momo/.local/lib/python3.8/site-packages/airflow/example_dags/example_branch_operator.py for tasks to queue
[2022-12-23T01:12:12.870+0100] {logging_mixin.py:137} INFO - [2022-12-23T01:12:12.870+0100] {dagbag.py:538} INFO - Filling up the DagBag from /home/momo/.local/lib/python3.8/site-packages/airflow/example_dags/example_branch_operator.py
[2022-12-23T01:12:13.022+0100] {processor.py:753} INFO - DAG(s) dict_keys(['example_branch_operator']) retrieved from /home/momo/.local/lib/python3.8/site-packages/airflow/example_dags/example_branch_operator.py
[2022-12-23T01:12:13.096+0100] {logging_mixin.py:137} INFO - [2022-12-23T01:12:13.096+0100] {dag.py:2676} INFO - Sync 1 DAGs
[2022-12-23T01:12:13.151+0100] {logging_mixin.py:137} INFO - [2022-12-23T01:12:13.150+0100] {dag.py:3423} INFO - Setting next_dagrun for example_branch_operator to 2022-12-22T00:00:00+00:00, run_after=2022-12-23T00:00:00+00:00
[2022-12-23T01:12:13.237+0100] {processor.py:175} INFO - Processing /home/momo/.local/lib/python3.8/site-packages/airflow/example_dags/example_branch_operator.py took 0.392 seconds
[2022-12-23T01:12:59.040+0100] {processor.py:153} INFO - Started process (PID=27568) to work on /home/momo/.local/lib/python3.8/site-packages/airflow/example_dags/example_branch_operator.py
[2022-12-23T01:12:59.046+0100] {processor.py:743} INFO - Processing file /home/momo/.local/lib/python3.8/site-packages/airflow/example_dags/example_branch_operator.py for tasks to queue
[2022-12-23T01:12:59.049+0100] {logging_mixin.py:137} INFO - [2022-12-23T01:12:59.048+0100] {dagbag.py:538} INFO - Filling up the DagBag from /home/momo/.local/lib/python3.8/site-packages/airflow/example_dags/example_branch_operator.py
[2022-12-23T01:12:59.129+0100] {processor.py:753} INFO - DAG(s) dict_keys(['example_branch_operator']) retrieved from /home/momo/.local/lib/python3.8/site-packages/airflow/example_dags/example_branch_operator.py
[2022-12-23T01:12:59.215+0100] {logging_mixin.py:137} INFO - [2022-12-23T01:12:59.214+0100] {dag.py:2676} INFO - Sync 1 DAGs
[2022-12-23T01:12:59.268+0100] {logging_mixin.py:137} INFO - [2022-12-23T01:12:59.268+0100] {dag.py:3423} INFO - Setting next_dagrun for example_branch_operator to 2022-12-22T00:00:00+00:00, run_after=2022-12-23T00:00:00+00:00
[2022-12-23T01:12:59.318+0100] {processor.py:175} INFO - Processing /home/momo/.local/lib/python3.8/site-packages/airflow/example_dags/example_branch_operator.py took 0.298 seconds
[2022-12-23T01:14:07.738+0100] {processor.py:153} INFO - Started process (PID=27621) to work on /home/momo/.local/lib/python3.8/site-packages/airflow/example_dags/example_branch_operator.py
[2022-12-23T01:14:07.741+0100] {processor.py:743} INFO - Processing file /home/momo/.local/lib/python3.8/site-packages/airflow/example_dags/example_branch_operator.py for tasks to queue
[2022-12-23T01:14:07.743+0100] {logging_mixin.py:137} INFO - [2022-12-23T01:14:07.742+0100] {dagbag.py:538} INFO - Filling up the DagBag from /home/momo/.local/lib/python3.8/site-packages/airflow/example_dags/example_branch_operator.py
[2022-12-23T01:14:07.833+0100] {processor.py:753} INFO - DAG(s) dict_keys(['example_branch_operator']) retrieved from /home/momo/.local/lib/python3.8/site-packages/airflow/example_dags/example_branch_operator.py
[2022-12-23T01:14:07.925+0100] {logging_mixin.py:137} INFO - [2022-12-23T01:14:07.924+0100] {dag.py:2676} INFO - Sync 1 DAGs
[2022-12-23T01:14:07.977+0100] {logging_mixin.py:137} INFO - [2022-12-23T01:14:07.976+0100] {dag.py:3423} INFO - Setting next_dagrun for example_branch_operator to 2022-12-22T00:00:00+00:00, run_after=2022-12-23T00:00:00+00:00
[2022-12-23T01:14:08.029+0100] {processor.py:175} INFO - Processing /home/momo/.local/lib/python3.8/site-packages/airflow/example_dags/example_branch_operator.py took 0.301 seconds
[2022-12-23T01:15:01.264+0100] {processor.py:153} INFO - Started process (PID=27656) to work on /home/momo/.local/lib/python3.8/site-packages/airflow/example_dags/example_branch_operator.py
[2022-12-23T01:15:01.267+0100] {processor.py:743} INFO - Processing file /home/momo/.local/lib/python3.8/site-packages/airflow/example_dags/example_branch_operator.py for tasks to queue
[2022-12-23T01:15:01.269+0100] {logging_mixin.py:137} INFO - [2022-12-23T01:15:01.269+0100] {dagbag.py:538} INFO - Filling up the DagBag from /home/momo/.local/lib/python3.8/site-packages/airflow/example_dags/example_branch_operator.py
[2022-12-23T01:15:01.310+0100] {processor.py:753} INFO - DAG(s) dict_keys(['example_branch_operator']) retrieved from /home/momo/.local/lib/python3.8/site-packages/airflow/example_dags/example_branch_operator.py
[2022-12-23T01:15:01.375+0100] {logging_mixin.py:137} INFO - [2022-12-23T01:15:01.374+0100] {dag.py:2676} INFO - Sync 1 DAGs
[2022-12-23T01:15:01.428+0100] {logging_mixin.py:137} INFO - [2022-12-23T01:15:01.427+0100] {dag.py:3423} INFO - Setting next_dagrun for example_branch_operator to 2022-12-22T00:00:00+00:00, run_after=2022-12-23T00:00:00+00:00
[2022-12-23T01:15:01.481+0100] {processor.py:175} INFO - Processing /home/momo/.local/lib/python3.8/site-packages/airflow/example_dags/example_branch_operator.py took 0.225 seconds
[2022-12-23T01:15:57.070+0100] {processor.py:153} INFO - Started process (PID=27692) to work on /home/momo/.local/lib/python3.8/site-packages/airflow/example_dags/example_branch_operator.py
[2022-12-23T01:15:57.074+0100] {processor.py:743} INFO - Processing file /home/momo/.local/lib/python3.8/site-packages/airflow/example_dags/example_branch_operator.py for tasks to queue
[2022-12-23T01:15:57.078+0100] {logging_mixin.py:137} INFO - [2022-12-23T01:15:57.077+0100] {dagbag.py:538} INFO - Filling up the DagBag from /home/momo/.local/lib/python3.8/site-packages/airflow/example_dags/example_branch_operator.py
[2022-12-23T01:15:57.166+0100] {processor.py:753} INFO - DAG(s) dict_keys(['example_branch_operator']) retrieved from /home/momo/.local/lib/python3.8/site-packages/airflow/example_dags/example_branch_operator.py
[2022-12-23T01:15:57.236+0100] {logging_mixin.py:137} INFO - [2022-12-23T01:15:57.236+0100] {dag.py:2676} INFO - Sync 1 DAGs
[2022-12-23T01:15:57.291+0100] {logging_mixin.py:137} INFO - [2022-12-23T01:15:57.290+0100] {dag.py:3423} INFO - Setting next_dagrun for example_branch_operator to 2022-12-22T00:00:00+00:00, run_after=2022-12-23T00:00:00+00:00
[2022-12-23T01:15:57.571+0100] {processor.py:175} INFO - Processing /home/momo/.local/lib/python3.8/site-packages/airflow/example_dags/example_branch_operator.py took 0.515 seconds
[2022-12-23T01:16:56.273+0100] {processor.py:153} INFO - Started process (PID=27732) to work on /home/momo/.local/lib/python3.8/site-packages/airflow/example_dags/example_branch_operator.py
[2022-12-23T01:16:56.277+0100] {processor.py:743} INFO - Processing file /home/momo/.local/lib/python3.8/site-packages/airflow/example_dags/example_branch_operator.py for tasks to queue
[2022-12-23T01:16:56.281+0100] {logging_mixin.py:137} INFO - [2022-12-23T01:16:56.280+0100] {dagbag.py:538} INFO - Filling up the DagBag from /home/momo/.local/lib/python3.8/site-packages/airflow/example_dags/example_branch_operator.py
[2022-12-23T01:16:56.346+0100] {processor.py:753} INFO - DAG(s) dict_keys(['example_branch_operator']) retrieved from /home/momo/.local/lib/python3.8/site-packages/airflow/example_dags/example_branch_operator.py
[2022-12-23T01:16:56.448+0100] {logging_mixin.py:137} INFO - [2022-12-23T01:16:56.447+0100] {dag.py:2676} INFO - Sync 1 DAGs
[2022-12-23T01:16:56.538+0100] {logging_mixin.py:137} INFO - [2022-12-23T01:16:56.537+0100] {dag.py:3423} INFO - Setting next_dagrun for example_branch_operator to 2022-12-22T00:00:00+00:00, run_after=2022-12-23T00:00:00+00:00
[2022-12-23T01:16:56.604+0100] {processor.py:175} INFO - Processing /home/momo/.local/lib/python3.8/site-packages/airflow/example_dags/example_branch_operator.py took 0.360 seconds
[2022-12-23T01:17:43.839+0100] {processor.py:153} INFO - Started process (PID=27873) to work on /home/momo/.local/lib/python3.8/site-packages/airflow/example_dags/example_branch_operator.py
[2022-12-23T01:17:43.842+0100] {processor.py:743} INFO - Processing file /home/momo/.local/lib/python3.8/site-packages/airflow/example_dags/example_branch_operator.py for tasks to queue
[2022-12-23T01:17:43.843+0100] {logging_mixin.py:137} INFO - [2022-12-23T01:17:43.843+0100] {dagbag.py:538} INFO - Filling up the DagBag from /home/momo/.local/lib/python3.8/site-packages/airflow/example_dags/example_branch_operator.py
[2022-12-23T01:17:43.920+0100] {processor.py:753} INFO - DAG(s) dict_keys(['example_branch_operator']) retrieved from /home/momo/.local/lib/python3.8/site-packages/airflow/example_dags/example_branch_operator.py
[2022-12-23T01:17:44.018+0100] {logging_mixin.py:137} INFO - [2022-12-23T01:17:44.018+0100] {dag.py:2676} INFO - Sync 1 DAGs
[2022-12-23T01:17:44.092+0100] {logging_mixin.py:137} INFO - [2022-12-23T01:17:44.092+0100] {dag.py:3423} INFO - Setting next_dagrun for example_branch_operator to 2022-12-22T00:00:00+00:00, run_after=2022-12-23T00:00:00+00:00
[2022-12-23T01:17:44.205+0100] {processor.py:175} INFO - Processing /home/momo/.local/lib/python3.8/site-packages/airflow/example_dags/example_branch_operator.py took 0.380 seconds
[2022-12-23T01:18:29.761+0100] {processor.py:153} INFO - Started process (PID=27917) to work on /home/momo/.local/lib/python3.8/site-packages/airflow/example_dags/example_branch_operator.py
[2022-12-23T01:18:29.765+0100] {processor.py:743} INFO - Processing file /home/momo/.local/lib/python3.8/site-packages/airflow/example_dags/example_branch_operator.py for tasks to queue
[2022-12-23T01:18:29.772+0100] {logging_mixin.py:137} INFO - [2022-12-23T01:18:29.772+0100] {dagbag.py:538} INFO - Filling up the DagBag from /home/momo/.local/lib/python3.8/site-packages/airflow/example_dags/example_branch_operator.py
[2022-12-23T01:18:29.824+0100] {processor.py:753} INFO - DAG(s) dict_keys(['example_branch_operator']) retrieved from /home/momo/.local/lib/python3.8/site-packages/airflow/example_dags/example_branch_operator.py
[2022-12-23T01:18:29.942+0100] {logging_mixin.py:137} INFO - [2022-12-23T01:18:29.941+0100] {dag.py:2676} INFO - Sync 1 DAGs
[2022-12-23T01:18:30.014+0100] {logging_mixin.py:137} INFO - [2022-12-23T01:18:30.014+0100] {dag.py:3423} INFO - Setting next_dagrun for example_branch_operator to 2022-12-22T00:00:00+00:00, run_after=2022-12-23T00:00:00+00:00
[2022-12-23T01:18:30.083+0100] {processor.py:175} INFO - Processing /home/momo/.local/lib/python3.8/site-packages/airflow/example_dags/example_branch_operator.py took 0.331 seconds
[2022-12-23T01:19:14.740+0100] {processor.py:153} INFO - Started process (PID=27961) to work on /home/momo/.local/lib/python3.8/site-packages/airflow/example_dags/example_branch_operator.py
[2022-12-23T01:19:14.747+0100] {processor.py:743} INFO - Processing file /home/momo/.local/lib/python3.8/site-packages/airflow/example_dags/example_branch_operator.py for tasks to queue
[2022-12-23T01:19:14.748+0100] {logging_mixin.py:137} INFO - [2022-12-23T01:19:14.748+0100] {dagbag.py:538} INFO - Filling up the DagBag from /home/momo/.local/lib/python3.8/site-packages/airflow/example_dags/example_branch_operator.py
[2022-12-23T01:19:14.832+0100] {processor.py:753} INFO - DAG(s) dict_keys(['example_branch_operator']) retrieved from /home/momo/.local/lib/python3.8/site-packages/airflow/example_dags/example_branch_operator.py
[2022-12-23T01:19:14.947+0100] {logging_mixin.py:137} INFO - [2022-12-23T01:19:14.946+0100] {dag.py:2676} INFO - Sync 1 DAGs
[2022-12-23T01:19:15.023+0100] {logging_mixin.py:137} INFO - [2022-12-23T01:19:15.023+0100] {dag.py:3423} INFO - Setting next_dagrun for example_branch_operator to 2022-12-22T00:00:00+00:00, run_after=2022-12-23T00:00:00+00:00
[2022-12-23T01:19:15.092+0100] {processor.py:175} INFO - Processing /home/momo/.local/lib/python3.8/site-packages/airflow/example_dags/example_branch_operator.py took 0.363 seconds
[2022-12-23T01:20:25.848+0100] {processor.py:153} INFO - Started process (PID=28108) to work on /home/momo/.local/lib/python3.8/site-packages/airflow/example_dags/example_branch_operator.py
[2022-12-23T01:20:25.857+0100] {processor.py:743} INFO - Processing file /home/momo/.local/lib/python3.8/site-packages/airflow/example_dags/example_branch_operator.py for tasks to queue
[2022-12-23T01:20:25.867+0100] {logging_mixin.py:137} INFO - [2022-12-23T01:20:25.867+0100] {dagbag.py:538} INFO - Filling up the DagBag from /home/momo/.local/lib/python3.8/site-packages/airflow/example_dags/example_branch_operator.py
[2022-12-23T01:20:25.946+0100] {processor.py:753} INFO - DAG(s) dict_keys(['example_branch_operator']) retrieved from /home/momo/.local/lib/python3.8/site-packages/airflow/example_dags/example_branch_operator.py
[2022-12-23T01:20:26.028+0100] {logging_mixin.py:137} INFO - [2022-12-23T01:20:26.027+0100] {dag.py:2676} INFO - Sync 1 DAGs
[2022-12-23T01:20:26.099+0100] {logging_mixin.py:137} INFO - [2022-12-23T01:20:26.091+0100] {dag.py:3423} INFO - Setting next_dagrun for example_branch_operator to 2022-12-22T00:00:00+00:00, run_after=2022-12-23T00:00:00+00:00
[2022-12-23T01:20:26.167+0100] {processor.py:175} INFO - Processing /home/momo/.local/lib/python3.8/site-packages/airflow/example_dags/example_branch_operator.py took 0.329 seconds
[2022-12-23T01:21:28.927+0100] {processor.py:153} INFO - Started process (PID=28161) to work on /home/momo/.local/lib/python3.8/site-packages/airflow/example_dags/example_branch_operator.py
[2022-12-23T01:21:28.939+0100] {processor.py:743} INFO - Processing file /home/momo/.local/lib/python3.8/site-packages/airflow/example_dags/example_branch_operator.py for tasks to queue
[2022-12-23T01:21:28.940+0100] {logging_mixin.py:137} INFO - [2022-12-23T01:21:28.940+0100] {dagbag.py:538} INFO - Filling up the DagBag from /home/momo/.local/lib/python3.8/site-packages/airflow/example_dags/example_branch_operator.py
[2022-12-23T01:21:29.024+0100] {processor.py:753} INFO - DAG(s) dict_keys(['example_branch_operator']) retrieved from /home/momo/.local/lib/python3.8/site-packages/airflow/example_dags/example_branch_operator.py
[2022-12-23T01:21:29.109+0100] {logging_mixin.py:137} INFO - [2022-12-23T01:21:29.109+0100] {dag.py:2676} INFO - Sync 1 DAGs
[2022-12-23T01:21:29.180+0100] {logging_mixin.py:137} INFO - [2022-12-23T01:21:29.179+0100] {dag.py:3423} INFO - Setting next_dagrun for example_branch_operator to 2022-12-22T00:00:00+00:00, run_after=2022-12-23T00:00:00+00:00
[2022-12-23T01:21:29.591+0100] {processor.py:175} INFO - Processing /home/momo/.local/lib/python3.8/site-packages/airflow/example_dags/example_branch_operator.py took 0.669 seconds
[2022-12-23T01:22:23.335+0100] {processor.py:153} INFO - Started process (PID=28208) to work on /home/momo/.local/lib/python3.8/site-packages/airflow/example_dags/example_branch_operator.py
[2022-12-23T01:22:23.340+0100] {processor.py:743} INFO - Processing file /home/momo/.local/lib/python3.8/site-packages/airflow/example_dags/example_branch_operator.py for tasks to queue
[2022-12-23T01:22:23.342+0100] {logging_mixin.py:137} INFO - [2022-12-23T01:22:23.342+0100] {dagbag.py:538} INFO - Filling up the DagBag from /home/momo/.local/lib/python3.8/site-packages/airflow/example_dags/example_branch_operator.py
[2022-12-23T01:22:23.443+0100] {processor.py:753} INFO - DAG(s) dict_keys(['example_branch_operator']) retrieved from /home/momo/.local/lib/python3.8/site-packages/airflow/example_dags/example_branch_operator.py
[2022-12-23T01:22:23.512+0100] {logging_mixin.py:137} INFO - [2022-12-23T01:22:23.512+0100] {dag.py:2676} INFO - Sync 1 DAGs
[2022-12-23T01:22:23.571+0100] {logging_mixin.py:137} INFO - [2022-12-23T01:22:23.571+0100] {dag.py:3423} INFO - Setting next_dagrun for example_branch_operator to 2022-12-22T00:00:00+00:00, run_after=2022-12-23T00:00:00+00:00
[2022-12-23T01:22:23.609+0100] {processor.py:175} INFO - Processing /home/momo/.local/lib/python3.8/site-packages/airflow/example_dags/example_branch_operator.py took 0.286 seconds
[2022-12-23T01:23:34.090+0100] {processor.py:153} INFO - Started process (PID=28324) to work on /home/momo/.local/lib/python3.8/site-packages/airflow/example_dags/example_branch_operator.py
[2022-12-23T01:23:34.097+0100] {processor.py:743} INFO - Processing file /home/momo/.local/lib/python3.8/site-packages/airflow/example_dags/example_branch_operator.py for tasks to queue
[2022-12-23T01:23:34.098+0100] {logging_mixin.py:137} INFO - [2022-12-23T01:23:34.098+0100] {dagbag.py:538} INFO - Filling up the DagBag from /home/momo/.local/lib/python3.8/site-packages/airflow/example_dags/example_branch_operator.py
[2022-12-23T01:23:34.154+0100] {processor.py:753} INFO - DAG(s) dict_keys(['example_branch_operator']) retrieved from /home/momo/.local/lib/python3.8/site-packages/airflow/example_dags/example_branch_operator.py
[2022-12-23T01:23:34.234+0100] {logging_mixin.py:137} INFO - [2022-12-23T01:23:34.234+0100] {dag.py:2676} INFO - Sync 1 DAGs
[2022-12-23T01:23:34.299+0100] {logging_mixin.py:137} INFO - [2022-12-23T01:23:34.299+0100] {dag.py:3423} INFO - Setting next_dagrun for example_branch_operator to 2022-12-22T00:00:00+00:00, run_after=2022-12-23T00:00:00+00:00
[2022-12-23T01:23:34.350+0100] {processor.py:175} INFO - Processing /home/momo/.local/lib/python3.8/site-packages/airflow/example_dags/example_branch_operator.py took 0.268 seconds
[2022-12-23T01:43:48.661+0100] {processor.py:153} INFO - Started process (PID=5154) to work on /home/momo/.local/lib/python3.8/site-packages/airflow/example_dags/example_branch_operator.py
[2022-12-23T01:43:48.669+0100] {processor.py:743} INFO - Processing file /home/momo/.local/lib/python3.8/site-packages/airflow/example_dags/example_branch_operator.py for tasks to queue
[2022-12-23T01:43:48.671+0100] {logging_mixin.py:137} INFO - [2022-12-23T01:43:48.670+0100] {dagbag.py:538} INFO - Filling up the DagBag from /home/momo/.local/lib/python3.8/site-packages/airflow/example_dags/example_branch_operator.py
[2022-12-23T01:43:48.709+0100] {processor.py:753} INFO - DAG(s) dict_keys(['example_branch_operator']) retrieved from /home/momo/.local/lib/python3.8/site-packages/airflow/example_dags/example_branch_operator.py
[2022-12-23T01:43:48.757+0100] {logging_mixin.py:137} INFO - [2022-12-23T01:43:48.757+0100] {dag.py:2676} INFO - Sync 1 DAGs
[2022-12-23T01:43:48.782+0100] {logging_mixin.py:137} INFO - [2022-12-23T01:43:48.782+0100] {dag.py:3423} INFO - Setting next_dagrun for example_branch_operator to 2022-12-22T00:00:00+00:00, run_after=2022-12-23T00:00:00+00:00
[2022-12-23T01:43:48.819+0100] {processor.py:175} INFO - Processing /home/momo/.local/lib/python3.8/site-packages/airflow/example_dags/example_branch_operator.py took 0.164 seconds
[2022-12-23T01:44:36.688+0100] {processor.py:153} INFO - Started process (PID=5204) to work on /home/momo/.local/lib/python3.8/site-packages/airflow/example_dags/example_branch_operator.py
[2022-12-23T01:44:36.691+0100] {processor.py:743} INFO - Processing file /home/momo/.local/lib/python3.8/site-packages/airflow/example_dags/example_branch_operator.py for tasks to queue
[2022-12-23T01:44:36.692+0100] {logging_mixin.py:137} INFO - [2022-12-23T01:44:36.692+0100] {dagbag.py:538} INFO - Filling up the DagBag from /home/momo/.local/lib/python3.8/site-packages/airflow/example_dags/example_branch_operator.py
[2022-12-23T01:44:36.732+0100] {processor.py:753} INFO - DAG(s) dict_keys(['example_branch_operator']) retrieved from /home/momo/.local/lib/python3.8/site-packages/airflow/example_dags/example_branch_operator.py
[2022-12-23T01:44:36.772+0100] {logging_mixin.py:137} INFO - [2022-12-23T01:44:36.771+0100] {dag.py:2676} INFO - Sync 1 DAGs
[2022-12-23T01:44:36.801+0100] {logging_mixin.py:137} INFO - [2022-12-23T01:44:36.800+0100] {dag.py:3423} INFO - Setting next_dagrun for example_branch_operator to 2022-12-22T00:00:00+00:00, run_after=2022-12-23T00:00:00+00:00
[2022-12-23T01:44:36.840+0100] {processor.py:175} INFO - Processing /home/momo/.local/lib/python3.8/site-packages/airflow/example_dags/example_branch_operator.py took 0.158 seconds
[2022-12-23T01:45:31.594+0100] {processor.py:153} INFO - Started process (PID=5250) to work on /home/momo/.local/lib/python3.8/site-packages/airflow/example_dags/example_branch_operator.py
[2022-12-23T01:45:31.598+0100] {processor.py:743} INFO - Processing file /home/momo/.local/lib/python3.8/site-packages/airflow/example_dags/example_branch_operator.py for tasks to queue
[2022-12-23T01:45:31.600+0100] {logging_mixin.py:137} INFO - [2022-12-23T01:45:31.600+0100] {dagbag.py:538} INFO - Filling up the DagBag from /home/momo/.local/lib/python3.8/site-packages/airflow/example_dags/example_branch_operator.py
[2022-12-23T01:45:31.657+0100] {processor.py:753} INFO - DAG(s) dict_keys(['example_branch_operator']) retrieved from /home/momo/.local/lib/python3.8/site-packages/airflow/example_dags/example_branch_operator.py
[2022-12-23T01:45:31.813+0100] {logging_mixin.py:137} INFO - [2022-12-23T01:45:31.813+0100] {dag.py:2676} INFO - Sync 1 DAGs
[2022-12-23T01:45:31.887+0100] {logging_mixin.py:137} INFO - [2022-12-23T01:45:31.886+0100] {dag.py:3423} INFO - Setting next_dagrun for example_branch_operator to 2022-12-22T00:00:00+00:00, run_after=2022-12-23T00:00:00+00:00
[2022-12-23T01:45:31.943+0100] {processor.py:175} INFO - Processing /home/momo/.local/lib/python3.8/site-packages/airflow/example_dags/example_branch_operator.py took 0.359 seconds
[2022-12-23T01:46:27.170+0100] {processor.py:153} INFO - Started process (PID=5299) to work on /home/momo/.local/lib/python3.8/site-packages/airflow/example_dags/example_branch_operator.py
[2022-12-23T01:46:27.176+0100] {processor.py:743} INFO - Processing file /home/momo/.local/lib/python3.8/site-packages/airflow/example_dags/example_branch_operator.py for tasks to queue
[2022-12-23T01:46:27.179+0100] {logging_mixin.py:137} INFO - [2022-12-23T01:46:27.178+0100] {dagbag.py:538} INFO - Filling up the DagBag from /home/momo/.local/lib/python3.8/site-packages/airflow/example_dags/example_branch_operator.py
[2022-12-23T01:46:27.243+0100] {processor.py:753} INFO - DAG(s) dict_keys(['example_branch_operator']) retrieved from /home/momo/.local/lib/python3.8/site-packages/airflow/example_dags/example_branch_operator.py
[2022-12-23T01:46:27.325+0100] {logging_mixin.py:137} INFO - [2022-12-23T01:46:27.324+0100] {dag.py:2676} INFO - Sync 1 DAGs
[2022-12-23T01:46:27.380+0100] {logging_mixin.py:137} INFO - [2022-12-23T01:46:27.380+0100] {dag.py:3423} INFO - Setting next_dagrun for example_branch_operator to 2022-12-22T00:00:00+00:00, run_after=2022-12-23T00:00:00+00:00
[2022-12-23T01:46:27.433+0100] {processor.py:175} INFO - Processing /home/momo/.local/lib/python3.8/site-packages/airflow/example_dags/example_branch_operator.py took 0.272 seconds
[2022-12-23T01:47:27.299+0100] {processor.py:153} INFO - Started process (PID=5348) to work on /home/momo/.local/lib/python3.8/site-packages/airflow/example_dags/example_branch_operator.py
[2022-12-23T01:47:27.301+0100] {processor.py:743} INFO - Processing file /home/momo/.local/lib/python3.8/site-packages/airflow/example_dags/example_branch_operator.py for tasks to queue
[2022-12-23T01:47:27.302+0100] {logging_mixin.py:137} INFO - [2022-12-23T01:47:27.302+0100] {dagbag.py:538} INFO - Filling up the DagBag from /home/momo/.local/lib/python3.8/site-packages/airflow/example_dags/example_branch_operator.py
[2022-12-23T01:47:27.331+0100] {processor.py:753} INFO - DAG(s) dict_keys(['example_branch_operator']) retrieved from /home/momo/.local/lib/python3.8/site-packages/airflow/example_dags/example_branch_operator.py
[2022-12-23T01:47:27.376+0100] {logging_mixin.py:137} INFO - [2022-12-23T01:47:27.376+0100] {dag.py:2676} INFO - Sync 1 DAGs
[2022-12-23T01:47:27.426+0100] {logging_mixin.py:137} INFO - [2022-12-23T01:47:27.425+0100] {dag.py:3423} INFO - Setting next_dagrun for example_branch_operator to 2022-12-22T00:00:00+00:00, run_after=2022-12-23T00:00:00+00:00
[2022-12-23T01:47:27.490+0100] {processor.py:175} INFO - Processing /home/momo/.local/lib/python3.8/site-packages/airflow/example_dags/example_branch_operator.py took 0.195 seconds
[2022-12-23T01:48:18.255+0100] {processor.py:153} INFO - Started process (PID=5389) to work on /home/momo/.local/lib/python3.8/site-packages/airflow/example_dags/example_branch_operator.py
[2022-12-23T01:48:18.258+0100] {processor.py:743} INFO - Processing file /home/momo/.local/lib/python3.8/site-packages/airflow/example_dags/example_branch_operator.py for tasks to queue
[2022-12-23T01:48:18.260+0100] {logging_mixin.py:137} INFO - [2022-12-23T01:48:18.259+0100] {dagbag.py:538} INFO - Filling up the DagBag from /home/momo/.local/lib/python3.8/site-packages/airflow/example_dags/example_branch_operator.py
[2022-12-23T01:48:18.311+0100] {processor.py:753} INFO - DAG(s) dict_keys(['example_branch_operator']) retrieved from /home/momo/.local/lib/python3.8/site-packages/airflow/example_dags/example_branch_operator.py
[2022-12-23T01:48:18.383+0100] {logging_mixin.py:137} INFO - [2022-12-23T01:48:18.382+0100] {dag.py:2676} INFO - Sync 1 DAGs
[2022-12-23T01:48:18.451+0100] {logging_mixin.py:137} INFO - [2022-12-23T01:48:18.451+0100] {dag.py:3423} INFO - Setting next_dagrun for example_branch_operator to 2022-12-22T00:00:00+00:00, run_after=2022-12-23T00:00:00+00:00
[2022-12-23T01:48:18.512+0100] {processor.py:175} INFO - Processing /home/momo/.local/lib/python3.8/site-packages/airflow/example_dags/example_branch_operator.py took 0.266 seconds
[2022-12-23T01:49:20.549+0100] {processor.py:153} INFO - Started process (PID=5439) to work on /home/momo/.local/lib/python3.8/site-packages/airflow/example_dags/example_branch_operator.py
[2022-12-23T01:49:20.552+0100] {processor.py:743} INFO - Processing file /home/momo/.local/lib/python3.8/site-packages/airflow/example_dags/example_branch_operator.py for tasks to queue
[2022-12-23T01:49:20.554+0100] {logging_mixin.py:137} INFO - [2022-12-23T01:49:20.553+0100] {dagbag.py:538} INFO - Filling up the DagBag from /home/momo/.local/lib/python3.8/site-packages/airflow/example_dags/example_branch_operator.py
[2022-12-23T01:49:20.617+0100] {processor.py:753} INFO - DAG(s) dict_keys(['example_branch_operator']) retrieved from /home/momo/.local/lib/python3.8/site-packages/airflow/example_dags/example_branch_operator.py
[2022-12-23T01:49:20.716+0100] {logging_mixin.py:137} INFO - [2022-12-23T01:49:20.715+0100] {dag.py:2676} INFO - Sync 1 DAGs
[2022-12-23T01:49:20.782+0100] {logging_mixin.py:137} INFO - [2022-12-23T01:49:20.781+0100] {dag.py:3423} INFO - Setting next_dagrun for example_branch_operator to 2022-12-22T00:00:00+00:00, run_after=2022-12-23T00:00:00+00:00
[2022-12-23T01:49:20.828+0100] {processor.py:175} INFO - Processing /home/momo/.local/lib/python3.8/site-packages/airflow/example_dags/example_branch_operator.py took 0.286 seconds
[2022-12-23T01:50:23.432+0100] {processor.py:153} INFO - Started process (PID=5491) to work on /home/momo/.local/lib/python3.8/site-packages/airflow/example_dags/example_branch_operator.py
[2022-12-23T01:50:23.434+0100] {processor.py:743} INFO - Processing file /home/momo/.local/lib/python3.8/site-packages/airflow/example_dags/example_branch_operator.py for tasks to queue
[2022-12-23T01:50:23.436+0100] {logging_mixin.py:137} INFO - [2022-12-23T01:50:23.435+0100] {dagbag.py:538} INFO - Filling up the DagBag from /home/momo/.local/lib/python3.8/site-packages/airflow/example_dags/example_branch_operator.py
[2022-12-23T01:50:23.489+0100] {processor.py:753} INFO - DAG(s) dict_keys(['example_branch_operator']) retrieved from /home/momo/.local/lib/python3.8/site-packages/airflow/example_dags/example_branch_operator.py
[2022-12-23T01:50:23.574+0100] {logging_mixin.py:137} INFO - [2022-12-23T01:50:23.573+0100] {dag.py:2676} INFO - Sync 1 DAGs
[2022-12-23T01:50:23.624+0100] {logging_mixin.py:137} INFO - [2022-12-23T01:50:23.624+0100] {dag.py:3423} INFO - Setting next_dagrun for example_branch_operator to 2022-12-22T00:00:00+00:00, run_after=2022-12-23T00:00:00+00:00
[2022-12-23T01:50:23.669+0100] {processor.py:175} INFO - Processing /home/momo/.local/lib/python3.8/site-packages/airflow/example_dags/example_branch_operator.py took 0.243 seconds
[2022-12-23T01:51:21.806+0100] {processor.py:153} INFO - Started process (PID=5539) to work on /home/momo/.local/lib/python3.8/site-packages/airflow/example_dags/example_branch_operator.py
[2022-12-23T01:51:21.810+0100] {processor.py:743} INFO - Processing file /home/momo/.local/lib/python3.8/site-packages/airflow/example_dags/example_branch_operator.py for tasks to queue
[2022-12-23T01:51:21.814+0100] {logging_mixin.py:137} INFO - [2022-12-23T01:51:21.813+0100] {dagbag.py:538} INFO - Filling up the DagBag from /home/momo/.local/lib/python3.8/site-packages/airflow/example_dags/example_branch_operator.py
[2022-12-23T01:51:21.857+0100] {processor.py:753} INFO - DAG(s) dict_keys(['example_branch_operator']) retrieved from /home/momo/.local/lib/python3.8/site-packages/airflow/example_dags/example_branch_operator.py
[2022-12-23T01:51:21.926+0100] {logging_mixin.py:137} INFO - [2022-12-23T01:51:21.926+0100] {dag.py:2676} INFO - Sync 1 DAGs
[2022-12-23T01:51:21.983+0100] {logging_mixin.py:137} INFO - [2022-12-23T01:51:21.983+0100] {dag.py:3423} INFO - Setting next_dagrun for example_branch_operator to 2022-12-22T00:00:00+00:00, run_after=2022-12-23T00:00:00+00:00
[2022-12-23T01:51:22.055+0100] {processor.py:175} INFO - Processing /home/momo/.local/lib/python3.8/site-packages/airflow/example_dags/example_branch_operator.py took 0.261 seconds
[2022-12-23T01:52:20.752+0100] {processor.py:153} INFO - Started process (PID=5645) to work on /home/momo/.local/lib/python3.8/site-packages/airflow/example_dags/example_branch_operator.py
[2022-12-23T01:52:20.755+0100] {processor.py:743} INFO - Processing file /home/momo/.local/lib/python3.8/site-packages/airflow/example_dags/example_branch_operator.py for tasks to queue
[2022-12-23T01:52:20.756+0100] {logging_mixin.py:137} INFO - [2022-12-23T01:52:20.756+0100] {dagbag.py:538} INFO - Filling up the DagBag from /home/momo/.local/lib/python3.8/site-packages/airflow/example_dags/example_branch_operator.py
[2022-12-23T01:52:20.812+0100] {processor.py:753} INFO - DAG(s) dict_keys(['example_branch_operator']) retrieved from /home/momo/.local/lib/python3.8/site-packages/airflow/example_dags/example_branch_operator.py
[2022-12-23T01:52:20.869+0100] {logging_mixin.py:137} INFO - [2022-12-23T01:52:20.869+0100] {dag.py:2676} INFO - Sync 1 DAGs
[2022-12-23T01:52:20.912+0100] {logging_mixin.py:137} INFO - [2022-12-23T01:52:20.912+0100] {dag.py:3423} INFO - Setting next_dagrun for example_branch_operator to 2022-12-22T00:00:00+00:00, run_after=2022-12-23T00:00:00+00:00
[2022-12-23T01:52:20.983+0100] {processor.py:175} INFO - Processing /home/momo/.local/lib/python3.8/site-packages/airflow/example_dags/example_branch_operator.py took 0.238 seconds
[2022-12-23T01:53:23.997+0100] {processor.py:153} INFO - Started process (PID=5696) to work on /home/momo/.local/lib/python3.8/site-packages/airflow/example_dags/example_branch_operator.py
[2022-12-23T01:53:24.000+0100] {processor.py:743} INFO - Processing file /home/momo/.local/lib/python3.8/site-packages/airflow/example_dags/example_branch_operator.py for tasks to queue
[2022-12-23T01:53:24.001+0100] {logging_mixin.py:137} INFO - [2022-12-23T01:53:24.001+0100] {dagbag.py:538} INFO - Filling up the DagBag from /home/momo/.local/lib/python3.8/site-packages/airflow/example_dags/example_branch_operator.py
[2022-12-23T01:53:24.048+0100] {processor.py:753} INFO - DAG(s) dict_keys(['example_branch_operator']) retrieved from /home/momo/.local/lib/python3.8/site-packages/airflow/example_dags/example_branch_operator.py
[2022-12-23T01:53:24.116+0100] {logging_mixin.py:137} INFO - [2022-12-23T01:53:24.113+0100] {dag.py:2676} INFO - Sync 1 DAGs
[2022-12-23T01:53:24.175+0100] {logging_mixin.py:137} INFO - [2022-12-23T01:53:24.175+0100] {dag.py:3423} INFO - Setting next_dagrun for example_branch_operator to 2022-12-22T00:00:00+00:00, run_after=2022-12-23T00:00:00+00:00
[2022-12-23T01:53:24.244+0100] {processor.py:175} INFO - Processing /home/momo/.local/lib/python3.8/site-packages/airflow/example_dags/example_branch_operator.py took 0.254 seconds
[2022-12-23T01:54:23.017+0100] {processor.py:153} INFO - Started process (PID=5745) to work on /home/momo/.local/lib/python3.8/site-packages/airflow/example_dags/example_branch_operator.py
[2022-12-23T01:54:23.022+0100] {processor.py:743} INFO - Processing file /home/momo/.local/lib/python3.8/site-packages/airflow/example_dags/example_branch_operator.py for tasks to queue
[2022-12-23T01:54:23.025+0100] {logging_mixin.py:137} INFO - [2022-12-23T01:54:23.025+0100] {dagbag.py:538} INFO - Filling up the DagBag from /home/momo/.local/lib/python3.8/site-packages/airflow/example_dags/example_branch_operator.py
[2022-12-23T01:54:23.063+0100] {processor.py:753} INFO - DAG(s) dict_keys(['example_branch_operator']) retrieved from /home/momo/.local/lib/python3.8/site-packages/airflow/example_dags/example_branch_operator.py
[2022-12-23T01:54:23.099+0100] {logging_mixin.py:137} INFO - [2022-12-23T01:54:23.099+0100] {dag.py:2676} INFO - Sync 1 DAGs
[2022-12-23T01:54:23.128+0100] {logging_mixin.py:137} INFO - [2022-12-23T01:54:23.127+0100] {dag.py:3423} INFO - Setting next_dagrun for example_branch_operator to 2022-12-22T00:00:00+00:00, run_after=2022-12-23T00:00:00+00:00
[2022-12-23T01:54:23.167+0100] {processor.py:175} INFO - Processing /home/momo/.local/lib/python3.8/site-packages/airflow/example_dags/example_branch_operator.py took 0.167 seconds
[2022-12-23T01:55:14.436+0100] {processor.py:153} INFO - Started process (PID=5790) to work on /home/momo/.local/lib/python3.8/site-packages/airflow/example_dags/example_branch_operator.py
[2022-12-23T01:55:14.441+0100] {processor.py:743} INFO - Processing file /home/momo/.local/lib/python3.8/site-packages/airflow/example_dags/example_branch_operator.py for tasks to queue
[2022-12-23T01:55:14.445+0100] {logging_mixin.py:137} INFO - [2022-12-23T01:55:14.443+0100] {dagbag.py:538} INFO - Filling up the DagBag from /home/momo/.local/lib/python3.8/site-packages/airflow/example_dags/example_branch_operator.py
[2022-12-23T01:55:14.552+0100] {processor.py:753} INFO - DAG(s) dict_keys(['example_branch_operator']) retrieved from /home/momo/.local/lib/python3.8/site-packages/airflow/example_dags/example_branch_operator.py
[2022-12-23T01:55:14.608+0100] {logging_mixin.py:137} INFO - [2022-12-23T01:55:14.608+0100] {dag.py:2676} INFO - Sync 1 DAGs
[2022-12-23T01:55:14.643+0100] {logging_mixin.py:137} INFO - [2022-12-23T01:55:14.643+0100] {dag.py:3423} INFO - Setting next_dagrun for example_branch_operator to 2022-12-22T00:00:00+00:00, run_after=2022-12-23T00:00:00+00:00
[2022-12-23T01:55:14.675+0100] {processor.py:175} INFO - Processing /home/momo/.local/lib/python3.8/site-packages/airflow/example_dags/example_branch_operator.py took 0.254 seconds
[2022-12-23T01:56:07.308+0100] {processor.py:153} INFO - Started process (PID=5834) to work on /home/momo/.local/lib/python3.8/site-packages/airflow/example_dags/example_branch_operator.py
[2022-12-23T01:56:07.313+0100] {processor.py:743} INFO - Processing file /home/momo/.local/lib/python3.8/site-packages/airflow/example_dags/example_branch_operator.py for tasks to queue
[2022-12-23T01:56:07.316+0100] {logging_mixin.py:137} INFO - [2022-12-23T01:56:07.315+0100] {dagbag.py:538} INFO - Filling up the DagBag from /home/momo/.local/lib/python3.8/site-packages/airflow/example_dags/example_branch_operator.py
[2022-12-23T01:56:07.358+0100] {processor.py:753} INFO - DAG(s) dict_keys(['example_branch_operator']) retrieved from /home/momo/.local/lib/python3.8/site-packages/airflow/example_dags/example_branch_operator.py
[2022-12-23T01:56:07.397+0100] {logging_mixin.py:137} INFO - [2022-12-23T01:56:07.397+0100] {dag.py:2676} INFO - Sync 1 DAGs
[2022-12-23T01:56:07.451+0100] {logging_mixin.py:137} INFO - [2022-12-23T01:56:07.451+0100] {dag.py:3423} INFO - Setting next_dagrun for example_branch_operator to 2022-12-22T00:00:00+00:00, run_after=2022-12-23T00:00:00+00:00
[2022-12-23T01:56:07.485+0100] {processor.py:175} INFO - Processing /home/momo/.local/lib/python3.8/site-packages/airflow/example_dags/example_branch_operator.py took 0.190 seconds
[2022-12-23T01:57:08.912+0100] {processor.py:153} INFO - Started process (PID=5887) to work on /home/momo/.local/lib/python3.8/site-packages/airflow/example_dags/example_branch_operator.py
[2022-12-23T01:57:08.914+0100] {processor.py:743} INFO - Processing file /home/momo/.local/lib/python3.8/site-packages/airflow/example_dags/example_branch_operator.py for tasks to queue
[2022-12-23T01:57:08.915+0100] {logging_mixin.py:137} INFO - [2022-12-23T01:57:08.914+0100] {dagbag.py:538} INFO - Filling up the DagBag from /home/momo/.local/lib/python3.8/site-packages/airflow/example_dags/example_branch_operator.py
[2022-12-23T01:57:08.941+0100] {processor.py:753} INFO - DAG(s) dict_keys(['example_branch_operator']) retrieved from /home/momo/.local/lib/python3.8/site-packages/airflow/example_dags/example_branch_operator.py
[2022-12-23T01:57:08.977+0100] {logging_mixin.py:137} INFO - [2022-12-23T01:57:08.976+0100] {dag.py:2676} INFO - Sync 1 DAGs
[2022-12-23T01:57:09.010+0100] {logging_mixin.py:137} INFO - [2022-12-23T01:57:09.009+0100] {dag.py:3423} INFO - Setting next_dagrun for example_branch_operator to 2022-12-22T00:00:00+00:00, run_after=2022-12-23T00:00:00+00:00
[2022-12-23T01:57:09.044+0100] {processor.py:175} INFO - Processing /home/momo/.local/lib/python3.8/site-packages/airflow/example_dags/example_branch_operator.py took 0.136 seconds
[2022-12-23T01:58:12.154+0100] {processor.py:153} INFO - Started process (PID=5943) to work on /home/momo/.local/lib/python3.8/site-packages/airflow/example_dags/example_branch_operator.py
[2022-12-23T01:58:12.179+0100] {processor.py:743} INFO - Processing file /home/momo/.local/lib/python3.8/site-packages/airflow/example_dags/example_branch_operator.py for tasks to queue
[2022-12-23T01:58:12.187+0100] {logging_mixin.py:137} INFO - [2022-12-23T01:58:12.187+0100] {dagbag.py:538} INFO - Filling up the DagBag from /home/momo/.local/lib/python3.8/site-packages/airflow/example_dags/example_branch_operator.py
[2022-12-23T01:58:12.257+0100] {processor.py:753} INFO - DAG(s) dict_keys(['example_branch_operator']) retrieved from /home/momo/.local/lib/python3.8/site-packages/airflow/example_dags/example_branch_operator.py
[2022-12-23T01:58:12.392+0100] {logging_mixin.py:137} INFO - [2022-12-23T01:58:12.392+0100] {dag.py:2676} INFO - Sync 1 DAGs
[2022-12-23T01:58:12.507+0100] {logging_mixin.py:137} INFO - [2022-12-23T01:58:12.507+0100] {dag.py:3423} INFO - Setting next_dagrun for example_branch_operator to 2022-12-22T00:00:00+00:00, run_after=2022-12-23T00:00:00+00:00
[2022-12-23T01:58:12.583+0100] {processor.py:175} INFO - Processing /home/momo/.local/lib/python3.8/site-packages/airflow/example_dags/example_branch_operator.py took 0.455 seconds
[2022-12-23T01:59:14.778+0100] {processor.py:153} INFO - Started process (PID=5999) to work on /home/momo/.local/lib/python3.8/site-packages/airflow/example_dags/example_branch_operator.py
[2022-12-23T01:59:14.788+0100] {processor.py:743} INFO - Processing file /home/momo/.local/lib/python3.8/site-packages/airflow/example_dags/example_branch_operator.py for tasks to queue
[2022-12-23T01:59:14.791+0100] {logging_mixin.py:137} INFO - [2022-12-23T01:59:14.790+0100] {dagbag.py:538} INFO - Filling up the DagBag from /home/momo/.local/lib/python3.8/site-packages/airflow/example_dags/example_branch_operator.py
[2022-12-23T01:59:14.843+0100] {processor.py:753} INFO - DAG(s) dict_keys(['example_branch_operator']) retrieved from /home/momo/.local/lib/python3.8/site-packages/airflow/example_dags/example_branch_operator.py
[2022-12-23T01:59:14.880+0100] {logging_mixin.py:137} INFO - [2022-12-23T01:59:14.880+0100] {dag.py:2676} INFO - Sync 1 DAGs
[2022-12-23T01:59:14.911+0100] {logging_mixin.py:137} INFO - [2022-12-23T01:59:14.911+0100] {dag.py:3423} INFO - Setting next_dagrun for example_branch_operator to 2022-12-22T00:00:00+00:00, run_after=2022-12-23T00:00:00+00:00
[2022-12-23T01:59:14.946+0100] {processor.py:175} INFO - Processing /home/momo/.local/lib/python3.8/site-packages/airflow/example_dags/example_branch_operator.py took 0.187 seconds
[2022-12-23T02:00:15.492+0100] {processor.py:153} INFO - Started process (PID=6056) to work on /home/momo/.local/lib/python3.8/site-packages/airflow/example_dags/example_branch_operator.py
[2022-12-23T02:00:15.494+0100] {processor.py:743} INFO - Processing file /home/momo/.local/lib/python3.8/site-packages/airflow/example_dags/example_branch_operator.py for tasks to queue
[2022-12-23T02:00:15.495+0100] {logging_mixin.py:137} INFO - [2022-12-23T02:00:15.494+0100] {dagbag.py:538} INFO - Filling up the DagBag from /home/momo/.local/lib/python3.8/site-packages/airflow/example_dags/example_branch_operator.py
[2022-12-23T02:00:15.537+0100] {processor.py:753} INFO - DAG(s) dict_keys(['example_branch_operator']) retrieved from /home/momo/.local/lib/python3.8/site-packages/airflow/example_dags/example_branch_operator.py
[2022-12-23T02:00:15.595+0100] {logging_mixin.py:137} INFO - [2022-12-23T02:00:15.595+0100] {dag.py:2676} INFO - Sync 1 DAGs
[2022-12-23T02:00:15.638+0100] {logging_mixin.py:137} INFO - [2022-12-23T02:00:15.638+0100] {dag.py:3423} INFO - Setting next_dagrun for example_branch_operator to 2022-12-22T00:00:00+00:00, run_after=2022-12-23T00:00:00+00:00
[2022-12-23T02:00:15.670+0100] {processor.py:175} INFO - Processing /home/momo/.local/lib/python3.8/site-packages/airflow/example_dags/example_branch_operator.py took 0.190 seconds
[2022-12-23T02:01:11.599+0100] {processor.py:153} INFO - Started process (PID=6102) to work on /home/momo/.local/lib/python3.8/site-packages/airflow/example_dags/example_branch_operator.py
[2022-12-23T02:01:11.601+0100] {processor.py:743} INFO - Processing file /home/momo/.local/lib/python3.8/site-packages/airflow/example_dags/example_branch_operator.py for tasks to queue
[2022-12-23T02:01:11.605+0100] {logging_mixin.py:137} INFO - [2022-12-23T02:01:11.602+0100] {dagbag.py:538} INFO - Filling up the DagBag from /home/momo/.local/lib/python3.8/site-packages/airflow/example_dags/example_branch_operator.py
[2022-12-23T02:01:11.635+0100] {processor.py:753} INFO - DAG(s) dict_keys(['example_branch_operator']) retrieved from /home/momo/.local/lib/python3.8/site-packages/airflow/example_dags/example_branch_operator.py
[2022-12-23T02:01:11.677+0100] {logging_mixin.py:137} INFO - [2022-12-23T02:01:11.676+0100] {dag.py:2676} INFO - Sync 1 DAGs
[2022-12-23T02:01:11.706+0100] {logging_mixin.py:137} INFO - [2022-12-23T02:01:11.706+0100] {dag.py:3423} INFO - Setting next_dagrun for example_branch_operator to 2022-12-22T00:00:00+00:00, run_after=2022-12-23T00:00:00+00:00
[2022-12-23T02:01:11.743+0100] {processor.py:175} INFO - Processing /home/momo/.local/lib/python3.8/site-packages/airflow/example_dags/example_branch_operator.py took 0.167 seconds
[2022-12-23T02:02:16.844+0100] {processor.py:153} INFO - Started process (PID=6158) to work on /home/momo/.local/lib/python3.8/site-packages/airflow/example_dags/example_branch_operator.py
[2022-12-23T02:02:16.854+0100] {processor.py:743} INFO - Processing file /home/momo/.local/lib/python3.8/site-packages/airflow/example_dags/example_branch_operator.py for tasks to queue
[2022-12-23T02:02:16.857+0100] {logging_mixin.py:137} INFO - [2022-12-23T02:02:16.857+0100] {dagbag.py:538} INFO - Filling up the DagBag from /home/momo/.local/lib/python3.8/site-packages/airflow/example_dags/example_branch_operator.py
[2022-12-23T02:02:16.945+0100] {processor.py:753} INFO - DAG(s) dict_keys(['example_branch_operator']) retrieved from /home/momo/.local/lib/python3.8/site-packages/airflow/example_dags/example_branch_operator.py
[2022-12-23T02:02:17.004+0100] {logging_mixin.py:137} INFO - [2022-12-23T02:02:17.004+0100] {dag.py:2676} INFO - Sync 1 DAGs
[2022-12-23T02:02:17.043+0100] {logging_mixin.py:137} INFO - [2022-12-23T02:02:17.043+0100] {dag.py:3423} INFO - Setting next_dagrun for example_branch_operator to 2022-12-22T00:00:00+00:00, run_after=2022-12-23T00:00:00+00:00
[2022-12-23T02:02:17.088+0100] {processor.py:175} INFO - Processing /home/momo/.local/lib/python3.8/site-packages/airflow/example_dags/example_branch_operator.py took 0.261 seconds
[2022-12-23T02:03:16.841+0100] {processor.py:153} INFO - Started process (PID=6207) to work on /home/momo/.local/lib/python3.8/site-packages/airflow/example_dags/example_branch_operator.py
[2022-12-23T02:03:16.846+0100] {processor.py:743} INFO - Processing file /home/momo/.local/lib/python3.8/site-packages/airflow/example_dags/example_branch_operator.py for tasks to queue
[2022-12-23T02:03:16.850+0100] {logging_mixin.py:137} INFO - [2022-12-23T02:03:16.849+0100] {dagbag.py:538} INFO - Filling up the DagBag from /home/momo/.local/lib/python3.8/site-packages/airflow/example_dags/example_branch_operator.py
[2022-12-23T02:03:16.934+0100] {processor.py:753} INFO - DAG(s) dict_keys(['example_branch_operator']) retrieved from /home/momo/.local/lib/python3.8/site-packages/airflow/example_dags/example_branch_operator.py
[2022-12-23T02:03:16.981+0100] {logging_mixin.py:137} INFO - [2022-12-23T02:03:16.980+0100] {dag.py:2676} INFO - Sync 1 DAGs
[2022-12-23T02:03:17.011+0100] {logging_mixin.py:137} INFO - [2022-12-23T02:03:17.011+0100] {dag.py:3423} INFO - Setting next_dagrun for example_branch_operator to 2022-12-22T00:00:00+00:00, run_after=2022-12-23T00:00:00+00:00
[2022-12-23T02:03:17.045+0100] {processor.py:175} INFO - Processing /home/momo/.local/lib/python3.8/site-packages/airflow/example_dags/example_branch_operator.py took 0.217 seconds
[2022-12-23T02:04:11.369+0100] {processor.py:153} INFO - Started process (PID=6258) to work on /home/momo/.local/lib/python3.8/site-packages/airflow/example_dags/example_branch_operator.py
[2022-12-23T02:04:11.373+0100] {processor.py:743} INFO - Processing file /home/momo/.local/lib/python3.8/site-packages/airflow/example_dags/example_branch_operator.py for tasks to queue
[2022-12-23T02:04:11.376+0100] {logging_mixin.py:137} INFO - [2022-12-23T02:04:11.376+0100] {dagbag.py:538} INFO - Filling up the DagBag from /home/momo/.local/lib/python3.8/site-packages/airflow/example_dags/example_branch_operator.py
[2022-12-23T02:04:11.411+0100] {processor.py:753} INFO - DAG(s) dict_keys(['example_branch_operator']) retrieved from /home/momo/.local/lib/python3.8/site-packages/airflow/example_dags/example_branch_operator.py
[2022-12-23T02:04:11.449+0100] {logging_mixin.py:137} INFO - [2022-12-23T02:04:11.448+0100] {dag.py:2676} INFO - Sync 1 DAGs
[2022-12-23T02:04:11.477+0100] {logging_mixin.py:137} INFO - [2022-12-23T02:04:11.477+0100] {dag.py:3423} INFO - Setting next_dagrun for example_branch_operator to 2022-12-22T00:00:00+00:00, run_after=2022-12-23T00:00:00+00:00
[2022-12-23T02:04:11.529+0100] {processor.py:175} INFO - Processing /home/momo/.local/lib/python3.8/site-packages/airflow/example_dags/example_branch_operator.py took 0.176 seconds
[2022-12-23T02:05:12.407+0100] {processor.py:153} INFO - Started process (PID=6309) to work on /home/momo/.local/lib/python3.8/site-packages/airflow/example_dags/example_branch_operator.py
[2022-12-23T02:05:12.413+0100] {processor.py:743} INFO - Processing file /home/momo/.local/lib/python3.8/site-packages/airflow/example_dags/example_branch_operator.py for tasks to queue
[2022-12-23T02:05:12.415+0100] {logging_mixin.py:137} INFO - [2022-12-23T02:05:12.414+0100] {dagbag.py:538} INFO - Filling up the DagBag from /home/momo/.local/lib/python3.8/site-packages/airflow/example_dags/example_branch_operator.py
[2022-12-23T02:05:12.501+0100] {processor.py:753} INFO - DAG(s) dict_keys(['example_branch_operator']) retrieved from /home/momo/.local/lib/python3.8/site-packages/airflow/example_dags/example_branch_operator.py
[2022-12-23T02:05:12.601+0100] {logging_mixin.py:137} INFO - [2022-12-23T02:05:12.601+0100] {dag.py:2676} INFO - Sync 1 DAGs
[2022-12-23T02:05:12.660+0100] {logging_mixin.py:137} INFO - [2022-12-23T02:05:12.660+0100] {dag.py:3423} INFO - Setting next_dagrun for example_branch_operator to 2022-12-22T00:00:00+00:00, run_after=2022-12-23T00:00:00+00:00
[2022-12-23T02:05:12.720+0100] {processor.py:175} INFO - Processing /home/momo/.local/lib/python3.8/site-packages/airflow/example_dags/example_branch_operator.py took 0.326 seconds
[2022-12-23T02:05:55.116+0100] {processor.py:153} INFO - Started process (PID=6344) to work on /home/momo/.local/lib/python3.8/site-packages/airflow/example_dags/example_branch_operator.py
[2022-12-23T02:05:55.122+0100] {processor.py:743} INFO - Processing file /home/momo/.local/lib/python3.8/site-packages/airflow/example_dags/example_branch_operator.py for tasks to queue
[2022-12-23T02:05:55.125+0100] {logging_mixin.py:137} INFO - [2022-12-23T02:05:55.124+0100] {dagbag.py:538} INFO - Filling up the DagBag from /home/momo/.local/lib/python3.8/site-packages/airflow/example_dags/example_branch_operator.py
[2022-12-23T02:05:55.199+0100] {processor.py:753} INFO - DAG(s) dict_keys(['example_branch_operator']) retrieved from /home/momo/.local/lib/python3.8/site-packages/airflow/example_dags/example_branch_operator.py
[2022-12-23T02:05:55.255+0100] {logging_mixin.py:137} INFO - [2022-12-23T02:05:55.255+0100] {dag.py:2676} INFO - Sync 1 DAGs
[2022-12-23T02:05:55.283+0100] {logging_mixin.py:137} INFO - [2022-12-23T02:05:55.283+0100] {dag.py:3423} INFO - Setting next_dagrun for example_branch_operator to 2022-12-22T00:00:00+00:00, run_after=2022-12-23T00:00:00+00:00
[2022-12-23T02:05:55.356+0100] {processor.py:175} INFO - Processing /home/momo/.local/lib/python3.8/site-packages/airflow/example_dags/example_branch_operator.py took 0.253 seconds
[2022-12-23T02:06:53.208+0100] {processor.py:153} INFO - Started process (PID=6398) to work on /home/momo/.local/lib/python3.8/site-packages/airflow/example_dags/example_branch_operator.py
[2022-12-23T02:06:53.213+0100] {processor.py:743} INFO - Processing file /home/momo/.local/lib/python3.8/site-packages/airflow/example_dags/example_branch_operator.py for tasks to queue
[2022-12-23T02:06:53.216+0100] {logging_mixin.py:137} INFO - [2022-12-23T02:06:53.216+0100] {dagbag.py:538} INFO - Filling up the DagBag from /home/momo/.local/lib/python3.8/site-packages/airflow/example_dags/example_branch_operator.py
[2022-12-23T02:06:53.254+0100] {processor.py:753} INFO - DAG(s) dict_keys(['example_branch_operator']) retrieved from /home/momo/.local/lib/python3.8/site-packages/airflow/example_dags/example_branch_operator.py
[2022-12-23T02:06:53.307+0100] {logging_mixin.py:137} INFO - [2022-12-23T02:06:53.307+0100] {dag.py:2676} INFO - Sync 1 DAGs
[2022-12-23T02:06:53.349+0100] {logging_mixin.py:137} INFO - [2022-12-23T02:06:53.349+0100] {dag.py:3423} INFO - Setting next_dagrun for example_branch_operator to 2022-12-22T00:00:00+00:00, run_after=2022-12-23T00:00:00+00:00
[2022-12-23T02:06:53.457+0100] {processor.py:175} INFO - Processing /home/momo/.local/lib/python3.8/site-packages/airflow/example_dags/example_branch_operator.py took 0.270 seconds
[2022-12-23T02:07:38.560+0100] {processor.py:153} INFO - Started process (PID=6435) to work on /home/momo/.local/lib/python3.8/site-packages/airflow/example_dags/example_branch_operator.py
[2022-12-23T02:07:38.565+0100] {processor.py:743} INFO - Processing file /home/momo/.local/lib/python3.8/site-packages/airflow/example_dags/example_branch_operator.py for tasks to queue
[2022-12-23T02:07:38.569+0100] {logging_mixin.py:137} INFO - [2022-12-23T02:07:38.569+0100] {dagbag.py:538} INFO - Filling up the DagBag from /home/momo/.local/lib/python3.8/site-packages/airflow/example_dags/example_branch_operator.py
[2022-12-23T02:07:38.602+0100] {processor.py:753} INFO - DAG(s) dict_keys(['example_branch_operator']) retrieved from /home/momo/.local/lib/python3.8/site-packages/airflow/example_dags/example_branch_operator.py
[2022-12-23T02:07:38.638+0100] {logging_mixin.py:137} INFO - [2022-12-23T02:07:38.638+0100] {dag.py:2676} INFO - Sync 1 DAGs
[2022-12-23T02:07:38.670+0100] {logging_mixin.py:137} INFO - [2022-12-23T02:07:38.670+0100] {dag.py:3423} INFO - Setting next_dagrun for example_branch_operator to 2022-12-22T00:00:00+00:00, run_after=2022-12-23T00:00:00+00:00
[2022-12-23T02:07:38.704+0100] {processor.py:175} INFO - Processing /home/momo/.local/lib/python3.8/site-packages/airflow/example_dags/example_branch_operator.py took 0.159 seconds
[2022-12-23T02:08:42.574+0100] {processor.py:153} INFO - Started process (PID=6490) to work on /home/momo/.local/lib/python3.8/site-packages/airflow/example_dags/example_branch_operator.py
[2022-12-23T02:08:42.587+0100] {processor.py:743} INFO - Processing file /home/momo/.local/lib/python3.8/site-packages/airflow/example_dags/example_branch_operator.py for tasks to queue
[2022-12-23T02:08:42.589+0100] {logging_mixin.py:137} INFO - [2022-12-23T02:08:42.589+0100] {dagbag.py:538} INFO - Filling up the DagBag from /home/momo/.local/lib/python3.8/site-packages/airflow/example_dags/example_branch_operator.py
[2022-12-23T02:08:42.647+0100] {processor.py:753} INFO - DAG(s) dict_keys(['example_branch_operator']) retrieved from /home/momo/.local/lib/python3.8/site-packages/airflow/example_dags/example_branch_operator.py
[2022-12-23T02:08:42.686+0100] {logging_mixin.py:137} INFO - [2022-12-23T02:08:42.686+0100] {dag.py:2676} INFO - Sync 1 DAGs
[2022-12-23T02:08:42.718+0100] {logging_mixin.py:137} INFO - [2022-12-23T02:08:42.718+0100] {dag.py:3423} INFO - Setting next_dagrun for example_branch_operator to 2022-12-22T00:00:00+00:00, run_after=2022-12-23T00:00:00+00:00
[2022-12-23T02:08:42.748+0100] {processor.py:175} INFO - Processing /home/momo/.local/lib/python3.8/site-packages/airflow/example_dags/example_branch_operator.py took 0.196 seconds
[2022-12-23T02:09:41.650+0100] {processor.py:153} INFO - Started process (PID=6540) to work on /home/momo/.local/lib/python3.8/site-packages/airflow/example_dags/example_branch_operator.py
[2022-12-23T02:09:41.652+0100] {processor.py:743} INFO - Processing file /home/momo/.local/lib/python3.8/site-packages/airflow/example_dags/example_branch_operator.py for tasks to queue
[2022-12-23T02:09:41.655+0100] {logging_mixin.py:137} INFO - [2022-12-23T02:09:41.655+0100] {dagbag.py:538} INFO - Filling up the DagBag from /home/momo/.local/lib/python3.8/site-packages/airflow/example_dags/example_branch_operator.py
[2022-12-23T02:09:41.743+0100] {processor.py:753} INFO - DAG(s) dict_keys(['example_branch_operator']) retrieved from /home/momo/.local/lib/python3.8/site-packages/airflow/example_dags/example_branch_operator.py
[2022-12-23T02:09:41.848+0100] {logging_mixin.py:137} INFO - [2022-12-23T02:09:41.848+0100] {dag.py:2676} INFO - Sync 1 DAGs
[2022-12-23T02:09:42.013+0100] {logging_mixin.py:137} INFO - [2022-12-23T02:09:42.010+0100] {dag.py:3423} INFO - Setting next_dagrun for example_branch_operator to 2022-12-22T00:00:00+00:00, run_after=2022-12-23T00:00:00+00:00
[2022-12-23T02:09:42.098+0100] {processor.py:175} INFO - Processing /home/momo/.local/lib/python3.8/site-packages/airflow/example_dags/example_branch_operator.py took 0.473 seconds
[2022-12-23T02:10:44.506+0100] {processor.py:153} INFO - Started process (PID=6600) to work on /home/momo/.local/lib/python3.8/site-packages/airflow/example_dags/example_branch_operator.py
[2022-12-23T02:10:44.516+0100] {processor.py:743} INFO - Processing file /home/momo/.local/lib/python3.8/site-packages/airflow/example_dags/example_branch_operator.py for tasks to queue
[2022-12-23T02:10:44.519+0100] {logging_mixin.py:137} INFO - [2022-12-23T02:10:44.519+0100] {dagbag.py:538} INFO - Filling up the DagBag from /home/momo/.local/lib/python3.8/site-packages/airflow/example_dags/example_branch_operator.py
[2022-12-23T02:10:44.570+0100] {processor.py:753} INFO - DAG(s) dict_keys(['example_branch_operator']) retrieved from /home/momo/.local/lib/python3.8/site-packages/airflow/example_dags/example_branch_operator.py
[2022-12-23T02:10:44.619+0100] {logging_mixin.py:137} INFO - [2022-12-23T02:10:44.619+0100] {dag.py:2676} INFO - Sync 1 DAGs
[2022-12-23T02:10:44.648+0100] {logging_mixin.py:137} INFO - [2022-12-23T02:10:44.648+0100] {dag.py:3423} INFO - Setting next_dagrun for example_branch_operator to 2022-12-22T00:00:00+00:00, run_after=2022-12-23T00:00:00+00:00
[2022-12-23T02:10:44.683+0100] {processor.py:175} INFO - Processing /home/momo/.local/lib/python3.8/site-packages/airflow/example_dags/example_branch_operator.py took 0.190 seconds
[2022-12-23T02:11:47.839+0100] {processor.py:153} INFO - Started process (PID=6655) to work on /home/momo/.local/lib/python3.8/site-packages/airflow/example_dags/example_branch_operator.py
[2022-12-23T02:11:47.845+0100] {processor.py:743} INFO - Processing file /home/momo/.local/lib/python3.8/site-packages/airflow/example_dags/example_branch_operator.py for tasks to queue
[2022-12-23T02:11:47.849+0100] {logging_mixin.py:137} INFO - [2022-12-23T02:11:47.848+0100] {dagbag.py:538} INFO - Filling up the DagBag from /home/momo/.local/lib/python3.8/site-packages/airflow/example_dags/example_branch_operator.py
[2022-12-23T02:11:47.895+0100] {processor.py:753} INFO - DAG(s) dict_keys(['example_branch_operator']) retrieved from /home/momo/.local/lib/python3.8/site-packages/airflow/example_dags/example_branch_operator.py
[2022-12-23T02:11:47.954+0100] {logging_mixin.py:137} INFO - [2022-12-23T02:11:47.953+0100] {dag.py:2676} INFO - Sync 1 DAGs
[2022-12-23T02:11:47.997+0100] {logging_mixin.py:137} INFO - [2022-12-23T02:11:47.997+0100] {dag.py:3423} INFO - Setting next_dagrun for example_branch_operator to 2022-12-22T00:00:00+00:00, run_after=2022-12-23T00:00:00+00:00
[2022-12-23T02:11:48.036+0100] {processor.py:175} INFO - Processing /home/momo/.local/lib/python3.8/site-packages/airflow/example_dags/example_branch_operator.py took 0.211 seconds
[2022-12-23T02:12:45.915+0100] {processor.py:153} INFO - Started process (PID=6704) to work on /home/momo/.local/lib/python3.8/site-packages/airflow/example_dags/example_branch_operator.py
[2022-12-23T02:12:45.919+0100] {processor.py:743} INFO - Processing file /home/momo/.local/lib/python3.8/site-packages/airflow/example_dags/example_branch_operator.py for tasks to queue
[2022-12-23T02:12:45.922+0100] {logging_mixin.py:137} INFO - [2022-12-23T02:12:45.921+0100] {dagbag.py:538} INFO - Filling up the DagBag from /home/momo/.local/lib/python3.8/site-packages/airflow/example_dags/example_branch_operator.py
[2022-12-23T02:12:45.963+0100] {processor.py:753} INFO - DAG(s) dict_keys(['example_branch_operator']) retrieved from /home/momo/.local/lib/python3.8/site-packages/airflow/example_dags/example_branch_operator.py
[2022-12-23T02:12:46.000+0100] {logging_mixin.py:137} INFO - [2022-12-23T02:12:46.000+0100] {dag.py:2676} INFO - Sync 1 DAGs
[2022-12-23T02:12:46.030+0100] {logging_mixin.py:137} INFO - [2022-12-23T02:12:46.030+0100] {dag.py:3423} INFO - Setting next_dagrun for example_branch_operator to 2022-12-22T00:00:00+00:00, run_after=2022-12-23T00:00:00+00:00
[2022-12-23T02:12:46.078+0100] {processor.py:175} INFO - Processing /home/momo/.local/lib/python3.8/site-packages/airflow/example_dags/example_branch_operator.py took 0.177 seconds
[2022-12-23T02:13:47.633+0100] {processor.py:153} INFO - Started process (PID=6755) to work on /home/momo/.local/lib/python3.8/site-packages/airflow/example_dags/example_branch_operator.py
[2022-12-23T02:13:47.645+0100] {processor.py:743} INFO - Processing file /home/momo/.local/lib/python3.8/site-packages/airflow/example_dags/example_branch_operator.py for tasks to queue
[2022-12-23T02:13:47.646+0100] {logging_mixin.py:137} INFO - [2022-12-23T02:13:47.646+0100] {dagbag.py:538} INFO - Filling up the DagBag from /home/momo/.local/lib/python3.8/site-packages/airflow/example_dags/example_branch_operator.py
[2022-12-23T02:13:47.676+0100] {processor.py:753} INFO - DAG(s) dict_keys(['example_branch_operator']) retrieved from /home/momo/.local/lib/python3.8/site-packages/airflow/example_dags/example_branch_operator.py
[2022-12-23T02:13:47.710+0100] {logging_mixin.py:137} INFO - [2022-12-23T02:13:47.710+0100] {dag.py:2676} INFO - Sync 1 DAGs
[2022-12-23T02:13:47.739+0100] {logging_mixin.py:137} INFO - [2022-12-23T02:13:47.739+0100] {dag.py:3423} INFO - Setting next_dagrun for example_branch_operator to 2022-12-22T00:00:00+00:00, run_after=2022-12-23T00:00:00+00:00
[2022-12-23T02:13:47.773+0100] {processor.py:175} INFO - Processing /home/momo/.local/lib/python3.8/site-packages/airflow/example_dags/example_branch_operator.py took 0.169 seconds
[2022-12-23T02:14:31.417+0100] {processor.py:153} INFO - Started process (PID=6790) to work on /home/momo/.local/lib/python3.8/site-packages/airflow/example_dags/example_branch_operator.py
[2022-12-23T02:14:31.427+0100] {processor.py:743} INFO - Processing file /home/momo/.local/lib/python3.8/site-packages/airflow/example_dags/example_branch_operator.py for tasks to queue
[2022-12-23T02:14:31.435+0100] {logging_mixin.py:137} INFO - [2022-12-23T02:14:31.434+0100] {dagbag.py:538} INFO - Filling up the DagBag from /home/momo/.local/lib/python3.8/site-packages/airflow/example_dags/example_branch_operator.py
[2022-12-23T02:14:31.491+0100] {processor.py:753} INFO - DAG(s) dict_keys(['example_branch_operator']) retrieved from /home/momo/.local/lib/python3.8/site-packages/airflow/example_dags/example_branch_operator.py
[2022-12-23T02:14:31.544+0100] {logging_mixin.py:137} INFO - [2022-12-23T02:14:31.544+0100] {dag.py:2676} INFO - Sync 1 DAGs
[2022-12-23T02:14:31.607+0100] {logging_mixin.py:137} INFO - [2022-12-23T02:14:31.607+0100] {dag.py:3423} INFO - Setting next_dagrun for example_branch_operator to 2022-12-22T00:00:00+00:00, run_after=2022-12-23T00:00:00+00:00
[2022-12-23T02:14:31.662+0100] {processor.py:175} INFO - Processing /home/momo/.local/lib/python3.8/site-packages/airflow/example_dags/example_branch_operator.py took 0.257 seconds
[2022-12-23T02:15:17.005+0100] {processor.py:153} INFO - Started process (PID=6830) to work on /home/momo/.local/lib/python3.8/site-packages/airflow/example_dags/example_branch_operator.py
[2022-12-23T02:15:17.011+0100] {processor.py:743} INFO - Processing file /home/momo/.local/lib/python3.8/site-packages/airflow/example_dags/example_branch_operator.py for tasks to queue
[2022-12-23T02:15:17.014+0100] {logging_mixin.py:137} INFO - [2022-12-23T02:15:17.013+0100] {dagbag.py:538} INFO - Filling up the DagBag from /home/momo/.local/lib/python3.8/site-packages/airflow/example_dags/example_branch_operator.py
[2022-12-23T02:15:17.097+0100] {processor.py:753} INFO - DAG(s) dict_keys(['example_branch_operator']) retrieved from /home/momo/.local/lib/python3.8/site-packages/airflow/example_dags/example_branch_operator.py
[2022-12-23T02:15:17.147+0100] {logging_mixin.py:137} INFO - [2022-12-23T02:15:17.146+0100] {dag.py:2676} INFO - Sync 1 DAGs
[2022-12-23T02:15:17.176+0100] {logging_mixin.py:137} INFO - [2022-12-23T02:15:17.176+0100] {dag.py:3423} INFO - Setting next_dagrun for example_branch_operator to 2022-12-22T00:00:00+00:00, run_after=2022-12-23T00:00:00+00:00
[2022-12-23T02:15:17.213+0100] {processor.py:175} INFO - Processing /home/momo/.local/lib/python3.8/site-packages/airflow/example_dags/example_branch_operator.py took 0.221 seconds
[2022-12-23T02:16:10.953+0100] {processor.py:153} INFO - Started process (PID=6876) to work on /home/momo/.local/lib/python3.8/site-packages/airflow/example_dags/example_branch_operator.py
[2022-12-23T02:16:10.955+0100] {processor.py:743} INFO - Processing file /home/momo/.local/lib/python3.8/site-packages/airflow/example_dags/example_branch_operator.py for tasks to queue
[2022-12-23T02:16:10.956+0100] {logging_mixin.py:137} INFO - [2022-12-23T02:16:10.956+0100] {dagbag.py:538} INFO - Filling up the DagBag from /home/momo/.local/lib/python3.8/site-packages/airflow/example_dags/example_branch_operator.py
[2022-12-23T02:16:10.997+0100] {processor.py:753} INFO - DAG(s) dict_keys(['example_branch_operator']) retrieved from /home/momo/.local/lib/python3.8/site-packages/airflow/example_dags/example_branch_operator.py
[2022-12-23T02:16:11.045+0100] {logging_mixin.py:137} INFO - [2022-12-23T02:16:11.045+0100] {dag.py:2676} INFO - Sync 1 DAGs
[2022-12-23T02:16:11.076+0100] {logging_mixin.py:137} INFO - [2022-12-23T02:16:11.075+0100] {dag.py:3423} INFO - Setting next_dagrun for example_branch_operator to 2022-12-22T00:00:00+00:00, run_after=2022-12-23T00:00:00+00:00
[2022-12-23T02:16:11.109+0100] {processor.py:175} INFO - Processing /home/momo/.local/lib/python3.8/site-packages/airflow/example_dags/example_branch_operator.py took 0.168 seconds
[2022-12-23T02:17:08.895+0100] {processor.py:153} INFO - Started process (PID=6931) to work on /home/momo/.local/lib/python3.8/site-packages/airflow/example_dags/example_branch_operator.py
[2022-12-23T02:17:08.897+0100] {processor.py:743} INFO - Processing file /home/momo/.local/lib/python3.8/site-packages/airflow/example_dags/example_branch_operator.py for tasks to queue
[2022-12-23T02:17:08.898+0100] {logging_mixin.py:137} INFO - [2022-12-23T02:17:08.898+0100] {dagbag.py:538} INFO - Filling up the DagBag from /home/momo/.local/lib/python3.8/site-packages/airflow/example_dags/example_branch_operator.py
[2022-12-23T02:17:08.926+0100] {processor.py:753} INFO - DAG(s) dict_keys(['example_branch_operator']) retrieved from /home/momo/.local/lib/python3.8/site-packages/airflow/example_dags/example_branch_operator.py
[2022-12-23T02:17:08.993+0100] {logging_mixin.py:137} INFO - [2022-12-23T02:17:08.992+0100] {dag.py:2676} INFO - Sync 1 DAGs
[2022-12-23T02:17:09.023+0100] {logging_mixin.py:137} INFO - [2022-12-23T02:17:09.023+0100] {dag.py:3423} INFO - Setting next_dagrun for example_branch_operator to 2022-12-22T00:00:00+00:00, run_after=2022-12-23T00:00:00+00:00
[2022-12-23T02:17:09.073+0100] {processor.py:175} INFO - Processing /home/momo/.local/lib/python3.8/site-packages/airflow/example_dags/example_branch_operator.py took 0.190 seconds
[2022-12-23T02:17:55.021+0100] {processor.py:153} INFO - Started process (PID=6973) to work on /home/momo/.local/lib/python3.8/site-packages/airflow/example_dags/example_branch_operator.py
[2022-12-23T02:17:55.029+0100] {processor.py:743} INFO - Processing file /home/momo/.local/lib/python3.8/site-packages/airflow/example_dags/example_branch_operator.py for tasks to queue
[2022-12-23T02:17:55.033+0100] {logging_mixin.py:137} INFO - [2022-12-23T02:17:55.032+0100] {dagbag.py:538} INFO - Filling up the DagBag from /home/momo/.local/lib/python3.8/site-packages/airflow/example_dags/example_branch_operator.py
[2022-12-23T02:17:55.134+0100] {processor.py:753} INFO - DAG(s) dict_keys(['example_branch_operator']) retrieved from /home/momo/.local/lib/python3.8/site-packages/airflow/example_dags/example_branch_operator.py
[2022-12-23T02:17:55.221+0100] {logging_mixin.py:137} INFO - [2022-12-23T02:17:55.221+0100] {dag.py:2676} INFO - Sync 1 DAGs
[2022-12-23T02:17:55.259+0100] {logging_mixin.py:137} INFO - [2022-12-23T02:17:55.259+0100] {dag.py:3423} INFO - Setting next_dagrun for example_branch_operator to 2022-12-22T00:00:00+00:00, run_after=2022-12-23T00:00:00+00:00
[2022-12-23T02:17:55.295+0100] {processor.py:175} INFO - Processing /home/momo/.local/lib/python3.8/site-packages/airflow/example_dags/example_branch_operator.py took 0.313 seconds
[2022-12-23T02:18:40.882+0100] {processor.py:153} INFO - Started process (PID=7009) to work on /home/momo/.local/lib/python3.8/site-packages/airflow/example_dags/example_branch_operator.py
[2022-12-23T02:18:40.885+0100] {processor.py:743} INFO - Processing file /home/momo/.local/lib/python3.8/site-packages/airflow/example_dags/example_branch_operator.py for tasks to queue
[2022-12-23T02:18:40.888+0100] {logging_mixin.py:137} INFO - [2022-12-23T02:18:40.887+0100] {dagbag.py:538} INFO - Filling up the DagBag from /home/momo/.local/lib/python3.8/site-packages/airflow/example_dags/example_branch_operator.py
[2022-12-23T02:18:40.946+0100] {processor.py:753} INFO - DAG(s) dict_keys(['example_branch_operator']) retrieved from /home/momo/.local/lib/python3.8/site-packages/airflow/example_dags/example_branch_operator.py
[2022-12-23T02:18:40.981+0100] {logging_mixin.py:137} INFO - [2022-12-23T02:18:40.981+0100] {dag.py:2676} INFO - Sync 1 DAGs
[2022-12-23T02:18:41.010+0100] {logging_mixin.py:137} INFO - [2022-12-23T02:18:41.010+0100] {dag.py:3423} INFO - Setting next_dagrun for example_branch_operator to 2022-12-22T00:00:00+00:00, run_after=2022-12-23T00:00:00+00:00
[2022-12-23T02:18:41.054+0100] {processor.py:175} INFO - Processing /home/momo/.local/lib/python3.8/site-packages/airflow/example_dags/example_branch_operator.py took 0.189 seconds
[2022-12-23T02:19:36.551+0100] {processor.py:153} INFO - Started process (PID=7107) to work on /home/momo/.local/lib/python3.8/site-packages/airflow/example_dags/example_branch_operator.py
[2022-12-23T02:19:36.553+0100] {processor.py:743} INFO - Processing file /home/momo/.local/lib/python3.8/site-packages/airflow/example_dags/example_branch_operator.py for tasks to queue
[2022-12-23T02:19:36.554+0100] {logging_mixin.py:137} INFO - [2022-12-23T02:19:36.554+0100] {dagbag.py:538} INFO - Filling up the DagBag from /home/momo/.local/lib/python3.8/site-packages/airflow/example_dags/example_branch_operator.py
[2022-12-23T02:19:36.580+0100] {processor.py:753} INFO - DAG(s) dict_keys(['example_branch_operator']) retrieved from /home/momo/.local/lib/python3.8/site-packages/airflow/example_dags/example_branch_operator.py
[2022-12-23T02:19:36.625+0100] {logging_mixin.py:137} INFO - [2022-12-23T02:19:36.625+0100] {dag.py:2676} INFO - Sync 1 DAGs
[2022-12-23T02:19:36.656+0100] {logging_mixin.py:137} INFO - [2022-12-23T02:19:36.655+0100] {dag.py:3423} INFO - Setting next_dagrun for example_branch_operator to 2022-12-22T00:00:00+00:00, run_after=2022-12-23T00:00:00+00:00
[2022-12-23T02:19:36.695+0100] {processor.py:175} INFO - Processing /home/momo/.local/lib/python3.8/site-packages/airflow/example_dags/example_branch_operator.py took 0.149 seconds
[2022-12-23T02:20:43.036+0100] {processor.py:153} INFO - Started process (PID=7161) to work on /home/momo/.local/lib/python3.8/site-packages/airflow/example_dags/example_branch_operator.py
[2022-12-23T02:20:43.038+0100] {processor.py:743} INFO - Processing file /home/momo/.local/lib/python3.8/site-packages/airflow/example_dags/example_branch_operator.py for tasks to queue
[2022-12-23T02:20:43.039+0100] {logging_mixin.py:137} INFO - [2022-12-23T02:20:43.039+0100] {dagbag.py:538} INFO - Filling up the DagBag from /home/momo/.local/lib/python3.8/site-packages/airflow/example_dags/example_branch_operator.py
[2022-12-23T02:20:43.073+0100] {processor.py:753} INFO - DAG(s) dict_keys(['example_branch_operator']) retrieved from /home/momo/.local/lib/python3.8/site-packages/airflow/example_dags/example_branch_operator.py
[2022-12-23T02:20:43.107+0100] {logging_mixin.py:137} INFO - [2022-12-23T02:20:43.106+0100] {dag.py:2676} INFO - Sync 1 DAGs
[2022-12-23T02:20:43.136+0100] {logging_mixin.py:137} INFO - [2022-12-23T02:20:43.135+0100] {dag.py:3423} INFO - Setting next_dagrun for example_branch_operator to 2022-12-22T00:00:00+00:00, run_after=2022-12-23T00:00:00+00:00
[2022-12-23T02:20:43.165+0100] {processor.py:175} INFO - Processing /home/momo/.local/lib/python3.8/site-packages/airflow/example_dags/example_branch_operator.py took 0.137 seconds
[2022-12-23T02:21:42.708+0100] {processor.py:153} INFO - Started process (PID=7217) to work on /home/momo/.local/lib/python3.8/site-packages/airflow/example_dags/example_branch_operator.py
[2022-12-23T02:21:42.713+0100] {processor.py:743} INFO - Processing file /home/momo/.local/lib/python3.8/site-packages/airflow/example_dags/example_branch_operator.py for tasks to queue
[2022-12-23T02:21:42.722+0100] {logging_mixin.py:137} INFO - [2022-12-23T02:21:42.722+0100] {dagbag.py:538} INFO - Filling up the DagBag from /home/momo/.local/lib/python3.8/site-packages/airflow/example_dags/example_branch_operator.py
[2022-12-23T02:21:42.777+0100] {processor.py:753} INFO - DAG(s) dict_keys(['example_branch_operator']) retrieved from /home/momo/.local/lib/python3.8/site-packages/airflow/example_dags/example_branch_operator.py
[2022-12-23T02:21:42.820+0100] {logging_mixin.py:137} INFO - [2022-12-23T02:21:42.820+0100] {dag.py:2676} INFO - Sync 1 DAGs
[2022-12-23T02:21:42.851+0100] {logging_mixin.py:137} INFO - [2022-12-23T02:21:42.850+0100] {dag.py:3423} INFO - Setting next_dagrun for example_branch_operator to 2022-12-22T00:00:00+00:00, run_after=2022-12-23T00:00:00+00:00
[2022-12-23T02:21:42.887+0100] {processor.py:175} INFO - Processing /home/momo/.local/lib/python3.8/site-packages/airflow/example_dags/example_branch_operator.py took 0.194 seconds
