[2023-01-02T07:41:16.673+0100] {taskinstance.py:1087} INFO - Dependencies all met for <TaskInstance: spark_airflow_project.stop_nifi_process scheduled__2022-12-31T01:00:00+00:00 [queued]>
[2023-01-02T07:41:16.681+0100] {taskinstance.py:1087} INFO - Dependencies all met for <TaskInstance: spark_airflow_project.stop_nifi_process scheduled__2022-12-31T01:00:00+00:00 [queued]>
[2023-01-02T07:41:16.682+0100] {taskinstance.py:1283} INFO - 
--------------------------------------------------------------------------------
[2023-01-02T07:41:16.682+0100] {taskinstance.py:1284} INFO - Starting attempt 1 of 4
[2023-01-02T07:41:16.682+0100] {taskinstance.py:1285} INFO - 
--------------------------------------------------------------------------------
[2023-01-02T07:41:16.695+0100] {taskinstance.py:1304} INFO - Executing <Task(PythonOperator): stop_nifi_process> on 2022-12-31 01:00:00+00:00
[2023-01-02T07:41:16.699+0100] {standard_task_runner.py:55} INFO - Started process 9188 to run task
[2023-01-02T07:41:16.707+0100] {standard_task_runner.py:82} INFO - Running: ['airflow', 'tasks', 'run', 'spark_airflow_project', 'stop_nifi_process', 'scheduled__2022-12-31T01:00:00+00:00', '--job-id', '105', '--raw', '--subdir', 'DAGS_FOLDER/spark_airflow.py', '--cfg-path', '/tmp/tmpscwjp65c']
[2023-01-02T07:41:16.711+0100] {standard_task_runner.py:83} INFO - Job 105: Subtask stop_nifi_process
[2023-01-02T07:41:16.759+0100] {task_command.py:389} INFO - Running <TaskInstance: spark_airflow_project.stop_nifi_process scheduled__2022-12-31T01:00:00+00:00 [running]> on host momo-VirtualBox
[2023-01-02T07:41:16.801+0100] {taskinstance.py:1511} INFO - Exporting the following env vars:
AIRFLOW_CTX_DAG_OWNER=Ranga
AIRFLOW_CTX_DAG_ID=spark_airflow_project
AIRFLOW_CTX_TASK_ID=stop_nifi_process
AIRFLOW_CTX_EXECUTION_DATE=2022-12-31T01:00:00+00:00
AIRFLOW_CTX_TRY_NUMBER=1
AIRFLOW_CTX_DAG_RUN_ID=scheduled__2022-12-31T01:00:00+00:00
[2023-01-02T07:41:16.809+0100] {python.py:177} INFO - Done. Returned value was: None
[2023-01-02T07:41:16.814+0100] {taskinstance.py:1322} INFO - Marking task as SUCCESS. dag_id=spark_airflow_project, task_id=stop_nifi_process, execution_date=20221231T010000, start_date=20230102T064116, end_date=20230102T064116
[2023-01-02T07:41:16.843+0100] {local_task_job.py:159} INFO - Task exited with return code 0
[2023-01-02T07:41:16.851+0100] {taskinstance.py:2582} INFO - 0 downstream tasks scheduled from follow-on schedule check
