[2022-12-30T09:07:40.739+0100] {taskinstance.py:1087} INFO - Dependencies all met for <TaskInstance: spark_airflow_project.start_spark_data scheduled__2022-12-30T07:00:00+00:00 [queued]>
[2022-12-30T09:07:40.751+0100] {taskinstance.py:1087} INFO - Dependencies all met for <TaskInstance: spark_airflow_project.start_spark_data scheduled__2022-12-30T07:00:00+00:00 [queued]>
[2022-12-30T09:07:40.751+0100] {taskinstance.py:1283} INFO - 
--------------------------------------------------------------------------------
[2022-12-30T09:07:40.751+0100] {taskinstance.py:1284} INFO - Starting attempt 1 of 4
[2022-12-30T09:07:40.751+0100] {taskinstance.py:1285} INFO - 
--------------------------------------------------------------------------------
[2022-12-30T09:07:40.764+0100] {taskinstance.py:1304} INFO - Executing <Task(PythonOperator): start_spark_data> on 2022-12-30 07:00:00+00:00
[2022-12-30T09:07:40.768+0100] {standard_task_runner.py:55} INFO - Started process 15594 to run task
[2022-12-30T09:07:40.778+0100] {standard_task_runner.py:82} INFO - Running: ['airflow', 'tasks', 'run', 'spark_airflow_project', 'start_spark_data', 'scheduled__2022-12-30T07:00:00+00:00', '--job-id', '77', '--raw', '--subdir', 'DAGS_FOLDER/spark_airflow.py', '--cfg-path', '/tmp/tmpm7ucaepu']
[2022-12-30T09:07:40.779+0100] {standard_task_runner.py:83} INFO - Job 77: Subtask start_spark_data
[2022-12-30T09:07:40.835+0100] {task_command.py:389} INFO - Running <TaskInstance: spark_airflow_project.start_spark_data scheduled__2022-12-30T07:00:00+00:00 [running]> on host momo-VirtualBox
[2022-12-30T09:07:40.887+0100] {taskinstance.py:1511} INFO - Exporting the following env vars:
AIRFLOW_CTX_DAG_OWNER=Ranga
AIRFLOW_CTX_DAG_ID=spark_airflow_project
AIRFLOW_CTX_TASK_ID=start_spark_data
AIRFLOW_CTX_EXECUTION_DATE=2022-12-30T07:00:00+00:00
AIRFLOW_CTX_TRY_NUMBER=1
AIRFLOW_CTX_DAG_RUN_ID=scheduled__2022-12-30T07:00:00+00:00
[2022-12-30T09:07:40.895+0100] {python.py:177} INFO - Done. Returned value was: None
[2022-12-30T09:07:40.901+0100] {taskinstance.py:1322} INFO - Marking task as SUCCESS. dag_id=spark_airflow_project, task_id=start_spark_data, execution_date=20221230T070000, start_date=20221230T080740, end_date=20221230T080740
[2022-12-30T09:07:40.949+0100] {local_task_job.py:159} INFO - Task exited with return code 0
[2022-12-30T09:07:40.969+0100] {taskinstance.py:2582} INFO - 1 downstream tasks scheduled from follow-on schedule check
