[2023-01-02T07:36:56.925+0100] {taskinstance.py:1087} INFO - Dependencies all met for <TaskInstance: spark_airflow_project.start_nifi_process scheduled__2022-12-30T08:00:00+00:00 [queued]>
[2023-01-02T07:36:56.949+0100] {taskinstance.py:1087} INFO - Dependencies all met for <TaskInstance: spark_airflow_project.start_nifi_process scheduled__2022-12-30T08:00:00+00:00 [queued]>
[2023-01-02T07:36:56.949+0100] {taskinstance.py:1283} INFO - 
--------------------------------------------------------------------------------
[2023-01-02T07:36:56.949+0100] {taskinstance.py:1284} INFO - Starting attempt 1 of 4
[2023-01-02T07:36:56.949+0100] {taskinstance.py:1285} INFO - 
--------------------------------------------------------------------------------
[2023-01-02T07:36:57.006+0100] {taskinstance.py:1304} INFO - Executing <Task(PythonOperator): start_nifi_process> on 2022-12-30 08:00:00+00:00
[2023-01-02T07:36:57.010+0100] {standard_task_runner.py:55} INFO - Started process 6177 to run task
[2023-01-02T07:36:57.023+0100] {standard_task_runner.py:82} INFO - Running: ['airflow', 'tasks', 'run', 'spark_airflow_project', 'start_nifi_process', 'scheduled__2022-12-30T08:00:00+00:00', '--job-id', '92', '--raw', '--subdir', 'DAGS_FOLDER/spark_airflow.py', '--cfg-path', '/tmp/tmpk3_ra3sc']
[2023-01-02T07:36:57.024+0100] {standard_task_runner.py:83} INFO - Job 92: Subtask start_nifi_process
[2023-01-02T07:36:57.118+0100] {task_command.py:389} INFO - Running <TaskInstance: spark_airflow_project.start_nifi_process scheduled__2022-12-30T08:00:00+00:00 [running]> on host momo-VirtualBox
[2023-01-02T07:36:57.221+0100] {taskinstance.py:1511} INFO - Exporting the following env vars:
AIRFLOW_CTX_DAG_OWNER=Ranga
AIRFLOW_CTX_DAG_ID=spark_airflow_project
AIRFLOW_CTX_TASK_ID=start_nifi_process
AIRFLOW_CTX_EXECUTION_DATE=2022-12-30T08:00:00+00:00
AIRFLOW_CTX_TRY_NUMBER=1
AIRFLOW_CTX_DAG_RUN_ID=scheduled__2022-12-30T08:00:00+00:00
[2023-01-02T07:36:57.262+0100] {python.py:177} INFO - Done. Returned value was: None
[2023-01-02T07:36:57.268+0100] {taskinstance.py:1322} INFO - Marking task as SUCCESS. dag_id=spark_airflow_project, task_id=start_nifi_process, execution_date=20221230T080000, start_date=20230102T063656, end_date=20230102T063657
[2023-01-02T07:36:57.313+0100] {local_task_job.py:159} INFO - Task exited with return code 0
[2023-01-02T07:36:57.340+0100] {taskinstance.py:2582} INFO - 1 downstream tasks scheduled from follow-on schedule check
