[2022-12-30T04:32:32.854+0100] {taskinstance.py:1087} INFO - Dependencies all met for <TaskInstance: spark_airflow_project.start_spark_data manual__2022-12-30T03:32:27.924021+00:00 [queued]>
[2022-12-30T04:32:32.882+0100] {taskinstance.py:1087} INFO - Dependencies all met for <TaskInstance: spark_airflow_project.start_spark_data manual__2022-12-30T03:32:27.924021+00:00 [queued]>
[2022-12-30T04:32:32.883+0100] {taskinstance.py:1283} INFO - 
--------------------------------------------------------------------------------
[2022-12-30T04:32:32.883+0100] {taskinstance.py:1284} INFO - Starting attempt 1 of 4
[2022-12-30T04:32:32.883+0100] {taskinstance.py:1285} INFO - 
--------------------------------------------------------------------------------
[2022-12-30T04:32:32.905+0100] {taskinstance.py:1304} INFO - Executing <Task(PythonOperator): start_spark_data> on 2022-12-30 03:32:27.924021+00:00
[2022-12-30T04:32:32.915+0100] {standard_task_runner.py:55} INFO - Started process 16998 to run task
[2022-12-30T04:32:32.925+0100] {standard_task_runner.py:82} INFO - Running: ['airflow', 'tasks', 'run', 'spark_airflow_project', 'start_spark_data', 'manual__2022-12-30T03:32:27.924021+00:00', '--job-id', '70', '--raw', '--subdir', 'DAGS_FOLDER/spark_airflow.py', '--cfg-path', '/tmp/tmpiqq5r2ap']
[2022-12-30T04:32:32.928+0100] {standard_task_runner.py:83} INFO - Job 70: Subtask start_spark_data
[2022-12-30T04:32:33.050+0100] {task_command.py:389} INFO - Running <TaskInstance: spark_airflow_project.start_spark_data manual__2022-12-30T03:32:27.924021+00:00 [running]> on host momo-VirtualBox
[2022-12-30T04:32:33.173+0100] {taskinstance.py:1511} INFO - Exporting the following env vars:
AIRFLOW_CTX_DAG_OWNER=Ranga
AIRFLOW_CTX_DAG_ID=spark_airflow_project
AIRFLOW_CTX_TASK_ID=start_spark_data
AIRFLOW_CTX_EXECUTION_DATE=2022-12-30T03:32:27.924021+00:00
AIRFLOW_CTX_TRY_NUMBER=1
AIRFLOW_CTX_DAG_RUN_ID=manual__2022-12-30T03:32:27.924021+00:00
[2022-12-30T04:32:33.193+0100] {python.py:177} INFO - Done. Returned value was: None
[2022-12-30T04:32:33.204+0100] {taskinstance.py:1322} INFO - Marking task as SUCCESS. dag_id=spark_airflow_project, task_id=start_spark_data, execution_date=20221230T033227, start_date=20221230T033232, end_date=20221230T033233
[2022-12-30T04:32:33.262+0100] {local_task_job.py:159} INFO - Task exited with return code 0
[2022-12-30T04:32:33.326+0100] {taskinstance.py:2582} INFO - 1 downstream tasks scheduled from follow-on schedule check
