[2022-12-29T23:39:18.338+0100] {taskinstance.py:1087} INFO - Dependencies all met for <TaskInstance: spark_airflow_project.python_job scheduled__2022-12-29T17:49:00+00:00 [queued]>
[2022-12-29T23:39:18.376+0100] {taskinstance.py:1087} INFO - Dependencies all met for <TaskInstance: spark_airflow_project.python_job scheduled__2022-12-29T17:49:00+00:00 [queued]>
[2022-12-29T23:39:18.377+0100] {taskinstance.py:1283} INFO - 
--------------------------------------------------------------------------------
[2022-12-29T23:39:18.377+0100] {taskinstance.py:1284} INFO - Starting attempt 4 of 4
[2022-12-29T23:39:18.377+0100] {taskinstance.py:1285} INFO - 
--------------------------------------------------------------------------------
[2022-12-29T23:39:18.412+0100] {taskinstance.py:1304} INFO - Executing <Task(SparkSubmitOperator): python_job> on 2022-12-29 17:49:00+00:00
[2022-12-29T23:39:18.414+0100] {standard_task_runner.py:55} INFO - Started process 12039 to run task
[2022-12-29T23:39:18.425+0100] {standard_task_runner.py:82} INFO - Running: ['airflow', 'tasks', 'run', 'spark_airflow_project', 'python_job', 'scheduled__2022-12-29T17:49:00+00:00', '--job-id', '50', '--raw', '--subdir', 'DAGS_FOLDER/spark_airflow.py', '--cfg-path', '/tmp/tmph9k29xpz']
[2022-12-29T23:39:18.437+0100] {standard_task_runner.py:83} INFO - Job 50: Subtask python_job
[2022-12-29T23:39:18.560+0100] {task_command.py:389} INFO - Running <TaskInstance: spark_airflow_project.python_job scheduled__2022-12-29T17:49:00+00:00 [running]> on host momo-VirtualBox
[2022-12-29T23:39:18.649+0100] {taskinstance.py:1511} INFO - Exporting the following env vars:
AIRFLOW_CTX_DAG_OWNER=Ranga
AIRFLOW_CTX_DAG_ID=spark_airflow_project
AIRFLOW_CTX_TASK_ID=python_job
AIRFLOW_CTX_EXECUTION_DATE=2022-12-29T17:49:00+00:00
AIRFLOW_CTX_TRY_NUMBER=4
AIRFLOW_CTX_DAG_RUN_ID=scheduled__2022-12-29T17:49:00+00:00
[2022-12-29T23:39:18.679+0100] {base.py:73} INFO - Using connection ID 'spark_default' for task execution.
[2022-12-29T23:39:18.680+0100] {spark_submit.py:344} INFO - Spark-Submit cmd: spark-submit --master spark://momo-VirtualBox:7077 --name arrow-spark --queue root.default /home/momo/Bureau/spark_d2.py
[2022-12-29T23:39:23.483+0100] {spark_submit.py:495} INFO - 22/12/29 23:39:23 WARN Utils: Your hostname, momo-VirtualBox resolves to a loopback address: 127.0.1.1; using 10.0.2.15 instead (on interface enp0s3)
[2022-12-29T23:39:23.485+0100] {spark_submit.py:495} INFO - 22/12/29 23:39:23 WARN Utils: Set SPARK_LOCAL_IP if you need to bind to another address
[2022-12-29T23:39:25.016+0100] {spark_submit.py:495} INFO - 22/12/29 23:39:25 INFO SparkContext: Running Spark version 3.3.1
[2022-12-29T23:39:25.153+0100] {spark_submit.py:495} INFO - 22/12/29 23:39:25 WARN NativeCodeLoader: Unable to load native-hadoop library for your platform... using builtin-java classes where applicable
[2022-12-29T23:39:25.333+0100] {spark_submit.py:495} INFO - 22/12/29 23:39:25 INFO ResourceUtils: ==============================================================
[2022-12-29T23:39:25.333+0100] {spark_submit.py:495} INFO - 22/12/29 23:39:25 INFO ResourceUtils: No custom resources configured for spark.driver.
[2022-12-29T23:39:25.334+0100] {spark_submit.py:495} INFO - 22/12/29 23:39:25 INFO ResourceUtils: ==============================================================
[2022-12-29T23:39:25.335+0100] {spark_submit.py:495} INFO - 22/12/29 23:39:25 INFO SparkContext: Submitted application: arrow-spark
[2022-12-29T23:39:25.374+0100] {spark_submit.py:495} INFO - 22/12/29 23:39:25 INFO ResourceProfile: Default ResourceProfile created, executor resources: Map(cores -> name: cores, amount: 1, script: , vendor: , memory -> name: memory, amount: 1024, script: , vendor: , offHeap -> name: offHeap, amount: 0, script: , vendor: ), task resources: Map(cpus -> name: cpus, amount: 1.0)
[2022-12-29T23:39:25.403+0100] {spark_submit.py:495} INFO - 22/12/29 23:39:25 INFO ResourceProfile: Limiting resource is cpu
[2022-12-29T23:39:25.405+0100] {spark_submit.py:495} INFO - 22/12/29 23:39:25 INFO ResourceProfileManager: Added ResourceProfile id: 0
[2022-12-29T23:39:25.463+0100] {spark_submit.py:495} INFO - 22/12/29 23:39:25 INFO SecurityManager: Changing view acls to: momo
[2022-12-29T23:39:25.465+0100] {spark_submit.py:495} INFO - 22/12/29 23:39:25 INFO SecurityManager: Changing modify acls to: momo
[2022-12-29T23:39:25.465+0100] {spark_submit.py:495} INFO - 22/12/29 23:39:25 INFO SecurityManager: Changing view acls groups to:
[2022-12-29T23:39:25.471+0100] {spark_submit.py:495} INFO - 22/12/29 23:39:25 INFO SecurityManager: Changing modify acls groups to:
[2022-12-29T23:39:25.472+0100] {spark_submit.py:495} INFO - 22/12/29 23:39:25 INFO SecurityManager: SecurityManager: authentication disabled; ui acls disabled; users  with view permissions: Set(momo); groups with view permissions: Set(); users  with modify permissions: Set(momo); groups with modify permissions: Set()
[2022-12-29T23:39:25.947+0100] {spark_submit.py:495} INFO - 22/12/29 23:39:25 INFO Utils: Successfully started service 'sparkDriver' on port 40043.
[2022-12-29T23:39:26.003+0100] {spark_submit.py:495} INFO - 22/12/29 23:39:26 INFO SparkEnv: Registering MapOutputTracker
[2022-12-29T23:39:26.069+0100] {spark_submit.py:495} INFO - 22/12/29 23:39:26 INFO SparkEnv: Registering BlockManagerMaster
[2022-12-29T23:39:26.103+0100] {spark_submit.py:495} INFO - 22/12/29 23:39:26 INFO BlockManagerMasterEndpoint: Using org.apache.spark.storage.DefaultTopologyMapper for getting topology information
[2022-12-29T23:39:26.104+0100] {spark_submit.py:495} INFO - 22/12/29 23:39:26 INFO BlockManagerMasterEndpoint: BlockManagerMasterEndpoint up
[2022-12-29T23:39:26.117+0100] {spark_submit.py:495} INFO - 22/12/29 23:39:26 INFO SparkEnv: Registering BlockManagerMasterHeartbeat
[2022-12-29T23:39:26.153+0100] {spark_submit.py:495} INFO - 22/12/29 23:39:26 INFO DiskBlockManager: Created local directory at /tmp/blockmgr-0eb948a2-4036-4684-aad5-70f0ed8923d5
[2022-12-29T23:39:26.183+0100] {spark_submit.py:495} INFO - 22/12/29 23:39:26 INFO MemoryStore: MemoryStore started with capacity 413.9 MiB
[2022-12-29T23:39:26.224+0100] {spark_submit.py:495} INFO - 22/12/29 23:39:26 INFO SparkEnv: Registering OutputCommitCoordinator
[2022-12-29T23:39:26.556+0100] {spark_submit.py:495} INFO - 22/12/29 23:39:26 INFO Utils: Successfully started service 'SparkUI' on port 4040.
[2022-12-29T23:39:26.796+0100] {spark_submit.py:495} INFO - 22/12/29 23:39:26 INFO StandaloneAppClient$ClientEndpoint: Connecting to master spark://momo-VirtualBox:7077...
[2022-12-29T23:39:26.887+0100] {spark_submit.py:495} INFO - 22/12/29 23:39:26 WARN StandaloneAppClient$ClientEndpoint: Failed to connect to master momo-VirtualBox:7077
[2022-12-29T23:39:26.887+0100] {spark_submit.py:495} INFO - org.apache.spark.SparkException: Exception thrown in awaitResult:
[2022-12-29T23:39:26.887+0100] {spark_submit.py:495} INFO - at org.apache.spark.util.ThreadUtils$.awaitResult(ThreadUtils.scala:301)
[2022-12-29T23:39:26.887+0100] {spark_submit.py:495} INFO - at org.apache.spark.rpc.RpcTimeout.awaitResult(RpcTimeout.scala:75)
[2022-12-29T23:39:26.887+0100] {spark_submit.py:495} INFO - at org.apache.spark.rpc.RpcEnv.setupEndpointRefByURI(RpcEnv.scala:102)
[2022-12-29T23:39:26.888+0100] {spark_submit.py:495} INFO - at org.apache.spark.rpc.RpcEnv.setupEndpointRef(RpcEnv.scala:110)
[2022-12-29T23:39:26.888+0100] {spark_submit.py:495} INFO - at org.apache.spark.deploy.client.StandaloneAppClient$ClientEndpoint$$anon$1.run(StandaloneAppClient.scala:107)
[2022-12-29T23:39:26.888+0100] {spark_submit.py:495} INFO - at java.base/java.util.concurrent.Executors$RunnableAdapter.call(Executors.java:515)
[2022-12-29T23:39:26.888+0100] {spark_submit.py:495} INFO - at java.base/java.util.concurrent.FutureTask.run(FutureTask.java:264)
[2022-12-29T23:39:26.888+0100] {spark_submit.py:495} INFO - at java.base/java.util.concurrent.ThreadPoolExecutor.runWorker(ThreadPoolExecutor.java:1128)
[2022-12-29T23:39:26.888+0100] {spark_submit.py:495} INFO - at java.base/java.util.concurrent.ThreadPoolExecutor$Worker.run(ThreadPoolExecutor.java:628)
[2022-12-29T23:39:26.888+0100] {spark_submit.py:495} INFO - at java.base/java.lang.Thread.run(Thread.java:829)
[2022-12-29T23:39:26.888+0100] {spark_submit.py:495} INFO - Caused by: java.io.IOException: Failed to connect to momo-VirtualBox/127.0.1.1:7077
[2022-12-29T23:39:26.888+0100] {spark_submit.py:495} INFO - at org.apache.spark.network.client.TransportClientFactory.createClient(TransportClientFactory.java:288)
[2022-12-29T23:39:26.888+0100] {spark_submit.py:495} INFO - at org.apache.spark.network.client.TransportClientFactory.createClient(TransportClientFactory.java:218)
[2022-12-29T23:39:26.888+0100] {spark_submit.py:495} INFO - at org.apache.spark.network.client.TransportClientFactory.createClient(TransportClientFactory.java:230)
[2022-12-29T23:39:26.888+0100] {spark_submit.py:495} INFO - at org.apache.spark.rpc.netty.NettyRpcEnv.createClient(NettyRpcEnv.scala:204)
[2022-12-29T23:39:26.888+0100] {spark_submit.py:495} INFO - at org.apache.spark.rpc.netty.Outbox$$anon$1.call(Outbox.scala:202)
[2022-12-29T23:39:26.889+0100] {spark_submit.py:495} INFO - at org.apache.spark.rpc.netty.Outbox$$anon$1.call(Outbox.scala:198)
[2022-12-29T23:39:26.889+0100] {spark_submit.py:495} INFO - ... 4 more
[2022-12-29T23:39:26.889+0100] {spark_submit.py:495} INFO - Caused by: io.netty.channel.AbstractChannel$AnnotatedConnectException: Connexion refusée: momo-VirtualBox/127.0.1.1:7077
[2022-12-29T23:39:26.889+0100] {spark_submit.py:495} INFO - Caused by: java.net.ConnectException: Connexion refusée
[2022-12-29T23:39:26.889+0100] {spark_submit.py:495} INFO - at java.base/sun.nio.ch.SocketChannelImpl.checkConnect(Native Method)
[2022-12-29T23:39:26.889+0100] {spark_submit.py:495} INFO - at java.base/sun.nio.ch.SocketChannelImpl.finishConnect(SocketChannelImpl.java:777)
[2022-12-29T23:39:26.889+0100] {spark_submit.py:495} INFO - at io.netty.channel.socket.nio.NioSocketChannel.doFinishConnect(NioSocketChannel.java:330)
[2022-12-29T23:39:26.889+0100] {spark_submit.py:495} INFO - at io.netty.channel.nio.AbstractNioChannel$AbstractNioUnsafe.finishConnect(AbstractNioChannel.java:334)
[2022-12-29T23:39:26.889+0100] {spark_submit.py:495} INFO - at io.netty.channel.nio.NioEventLoop.processSelectedKey(NioEventLoop.java:710)
[2022-12-29T23:39:26.889+0100] {spark_submit.py:495} INFO - at io.netty.channel.nio.NioEventLoop.processSelectedKeysOptimized(NioEventLoop.java:658)
[2022-12-29T23:39:26.889+0100] {spark_submit.py:495} INFO - at io.netty.channel.nio.NioEventLoop.processSelectedKeys(NioEventLoop.java:584)
[2022-12-29T23:39:26.889+0100] {spark_submit.py:495} INFO - at io.netty.channel.nio.NioEventLoop.run(NioEventLoop.java:496)
[2022-12-29T23:39:26.889+0100] {spark_submit.py:495} INFO - at io.netty.util.concurrent.SingleThreadEventExecutor$4.run(SingleThreadEventExecutor.java:986)
[2022-12-29T23:39:26.889+0100] {spark_submit.py:495} INFO - at io.netty.util.internal.ThreadExecutorMap$2.run(ThreadExecutorMap.java:74)
[2022-12-29T23:39:26.889+0100] {spark_submit.py:495} INFO - at io.netty.util.concurrent.FastThreadLocalRunnable.run(FastThreadLocalRunnable.java:30)
[2022-12-29T23:39:26.889+0100] {spark_submit.py:495} INFO - at java.base/java.lang.Thread.run(Thread.java:829)
[2022-12-29T23:39:46.792+0100] {spark_submit.py:495} INFO - 22/12/29 23:39:46 INFO StandaloneAppClient$ClientEndpoint: Connecting to master spark://momo-VirtualBox:7077...
[2022-12-29T23:39:46.812+0100] {spark_submit.py:495} INFO - 22/12/29 23:39:46 WARN StandaloneAppClient$ClientEndpoint: Failed to connect to master momo-VirtualBox:7077
[2022-12-29T23:39:46.812+0100] {spark_submit.py:495} INFO - org.apache.spark.SparkException: Exception thrown in awaitResult:
[2022-12-29T23:39:46.813+0100] {spark_submit.py:495} INFO - at org.apache.spark.util.ThreadUtils$.awaitResult(ThreadUtils.scala:301)
[2022-12-29T23:39:46.813+0100] {spark_submit.py:495} INFO - at org.apache.spark.rpc.RpcTimeout.awaitResult(RpcTimeout.scala:75)
[2022-12-29T23:39:46.813+0100] {spark_submit.py:495} INFO - at org.apache.spark.rpc.RpcEnv.setupEndpointRefByURI(RpcEnv.scala:102)
[2022-12-29T23:39:46.813+0100] {spark_submit.py:495} INFO - at org.apache.spark.rpc.RpcEnv.setupEndpointRef(RpcEnv.scala:110)
[2022-12-29T23:39:46.813+0100] {spark_submit.py:495} INFO - at org.apache.spark.deploy.client.StandaloneAppClient$ClientEndpoint$$anon$1.run(StandaloneAppClient.scala:107)
[2022-12-29T23:39:46.813+0100] {spark_submit.py:495} INFO - at java.base/java.util.concurrent.Executors$RunnableAdapter.call(Executors.java:515)
[2022-12-29T23:39:46.814+0100] {spark_submit.py:495} INFO - at java.base/java.util.concurrent.FutureTask.run(FutureTask.java:264)
[2022-12-29T23:39:46.814+0100] {spark_submit.py:495} INFO - at java.base/java.util.concurrent.ThreadPoolExecutor.runWorker(ThreadPoolExecutor.java:1128)
[2022-12-29T23:39:46.814+0100] {spark_submit.py:495} INFO - at java.base/java.util.concurrent.ThreadPoolExecutor$Worker.run(ThreadPoolExecutor.java:628)
[2022-12-29T23:39:46.814+0100] {spark_submit.py:495} INFO - at java.base/java.lang.Thread.run(Thread.java:829)
[2022-12-29T23:39:46.814+0100] {spark_submit.py:495} INFO - Caused by: java.io.IOException: Failed to connect to momo-VirtualBox/127.0.1.1:7077
[2022-12-29T23:39:46.814+0100] {spark_submit.py:495} INFO - at org.apache.spark.network.client.TransportClientFactory.createClient(TransportClientFactory.java:288)
[2022-12-29T23:39:46.815+0100] {spark_submit.py:495} INFO - at org.apache.spark.network.client.TransportClientFactory.createClient(TransportClientFactory.java:218)
[2022-12-29T23:39:46.815+0100] {spark_submit.py:495} INFO - at org.apache.spark.network.client.TransportClientFactory.createClient(TransportClientFactory.java:230)
[2022-12-29T23:39:46.815+0100] {spark_submit.py:495} INFO - at org.apache.spark.rpc.netty.NettyRpcEnv.createClient(NettyRpcEnv.scala:204)
[2022-12-29T23:39:46.815+0100] {spark_submit.py:495} INFO - at org.apache.spark.rpc.netty.Outbox$$anon$1.call(Outbox.scala:202)
[2022-12-29T23:39:46.815+0100] {spark_submit.py:495} INFO - at org.apache.spark.rpc.netty.Outbox$$anon$1.call(Outbox.scala:198)
[2022-12-29T23:39:46.816+0100] {spark_submit.py:495} INFO - ... 4 more
[2022-12-29T23:39:46.818+0100] {spark_submit.py:495} INFO - Caused by: io.netty.channel.AbstractChannel$AnnotatedConnectException: Connexion refusée: momo-VirtualBox/127.0.1.1:7077
[2022-12-29T23:39:46.818+0100] {spark_submit.py:495} INFO - Caused by: java.net.ConnectException: Connexion refusée
[2022-12-29T23:39:46.818+0100] {spark_submit.py:495} INFO - at java.base/sun.nio.ch.SocketChannelImpl.checkConnect(Native Method)
[2022-12-29T23:39:46.818+0100] {spark_submit.py:495} INFO - at java.base/sun.nio.ch.SocketChannelImpl.finishConnect(SocketChannelImpl.java:777)
[2022-12-29T23:39:46.818+0100] {spark_submit.py:495} INFO - at io.netty.channel.socket.nio.NioSocketChannel.doFinishConnect(NioSocketChannel.java:330)
[2022-12-29T23:39:46.819+0100] {spark_submit.py:495} INFO - at io.netty.channel.nio.AbstractNioChannel$AbstractNioUnsafe.finishConnect(AbstractNioChannel.java:334)
[2022-12-29T23:39:46.819+0100] {spark_submit.py:495} INFO - at io.netty.channel.nio.NioEventLoop.processSelectedKey(NioEventLoop.java:710)
[2022-12-29T23:39:46.819+0100] {spark_submit.py:495} INFO - at io.netty.channel.nio.NioEventLoop.processSelectedKeysOptimized(NioEventLoop.java:658)
[2022-12-29T23:39:46.819+0100] {spark_submit.py:495} INFO - at io.netty.channel.nio.NioEventLoop.processSelectedKeys(NioEventLoop.java:584)
[2022-12-29T23:39:46.819+0100] {spark_submit.py:495} INFO - at io.netty.channel.nio.NioEventLoop.run(NioEventLoop.java:496)
[2022-12-29T23:39:46.819+0100] {spark_submit.py:495} INFO - at io.netty.util.concurrent.SingleThreadEventExecutor$4.run(SingleThreadEventExecutor.java:986)
[2022-12-29T23:39:46.819+0100] {spark_submit.py:495} INFO - at io.netty.util.internal.ThreadExecutorMap$2.run(ThreadExecutorMap.java:74)
[2022-12-29T23:39:46.819+0100] {spark_submit.py:495} INFO - at io.netty.util.concurrent.FastThreadLocalRunnable.run(FastThreadLocalRunnable.java:30)
[2022-12-29T23:39:46.820+0100] {spark_submit.py:495} INFO - at java.base/java.lang.Thread.run(Thread.java:829)
[2022-12-29T23:40:06.797+0100] {spark_submit.py:495} INFO - 22/12/29 23:40:06 INFO StandaloneAppClient$ClientEndpoint: Connecting to master spark://momo-VirtualBox:7077...
[2022-12-29T23:40:06.815+0100] {spark_submit.py:495} INFO - 22/12/29 23:40:06 WARN StandaloneAppClient$ClientEndpoint: Failed to connect to master momo-VirtualBox:7077
[2022-12-29T23:40:06.815+0100] {spark_submit.py:495} INFO - org.apache.spark.SparkException: Exception thrown in awaitResult:
[2022-12-29T23:40:06.815+0100] {spark_submit.py:495} INFO - at org.apache.spark.util.ThreadUtils$.awaitResult(ThreadUtils.scala:301)
[2022-12-29T23:40:06.815+0100] {spark_submit.py:495} INFO - at org.apache.spark.rpc.RpcTimeout.awaitResult(RpcTimeout.scala:75)
[2022-12-29T23:40:06.815+0100] {spark_submit.py:495} INFO - at org.apache.spark.rpc.RpcEnv.setupEndpointRefByURI(RpcEnv.scala:102)
[2022-12-29T23:40:06.816+0100] {spark_submit.py:495} INFO - at org.apache.spark.rpc.RpcEnv.setupEndpointRef(RpcEnv.scala:110)
[2022-12-29T23:40:06.816+0100] {spark_submit.py:495} INFO - at org.apache.spark.deploy.client.StandaloneAppClient$ClientEndpoint$$anon$1.run(StandaloneAppClient.scala:107)
[2022-12-29T23:40:06.816+0100] {spark_submit.py:495} INFO - at java.base/java.util.concurrent.Executors$RunnableAdapter.call(Executors.java:515)
[2022-12-29T23:40:06.816+0100] {spark_submit.py:495} INFO - at java.base/java.util.concurrent.FutureTask.run(FutureTask.java:264)
[2022-12-29T23:40:06.816+0100] {spark_submit.py:495} INFO - at java.base/java.util.concurrent.ThreadPoolExecutor.runWorker(ThreadPoolExecutor.java:1128)
[2022-12-29T23:40:06.816+0100] {spark_submit.py:495} INFO - at java.base/java.util.concurrent.ThreadPoolExecutor$Worker.run(ThreadPoolExecutor.java:628)
[2022-12-29T23:40:06.817+0100] {spark_submit.py:495} INFO - at java.base/java.lang.Thread.run(Thread.java:829)
[2022-12-29T23:40:06.817+0100] {spark_submit.py:495} INFO - Caused by: java.io.IOException: Failed to connect to momo-VirtualBox/127.0.1.1:7077
[2022-12-29T23:40:06.817+0100] {spark_submit.py:495} INFO - at org.apache.spark.network.client.TransportClientFactory.createClient(TransportClientFactory.java:288)
[2022-12-29T23:40:06.817+0100] {spark_submit.py:495} INFO - at org.apache.spark.network.client.TransportClientFactory.createClient(TransportClientFactory.java:218)
[2022-12-29T23:40:06.817+0100] {spark_submit.py:495} INFO - at org.apache.spark.network.client.TransportClientFactory.createClient(TransportClientFactory.java:230)
[2022-12-29T23:40:06.817+0100] {spark_submit.py:495} INFO - at org.apache.spark.rpc.netty.NettyRpcEnv.createClient(NettyRpcEnv.scala:204)
[2022-12-29T23:40:06.817+0100] {spark_submit.py:495} INFO - at org.apache.spark.rpc.netty.Outbox$$anon$1.call(Outbox.scala:202)
[2022-12-29T23:40:06.817+0100] {spark_submit.py:495} INFO - at org.apache.spark.rpc.netty.Outbox$$anon$1.call(Outbox.scala:198)
[2022-12-29T23:40:06.817+0100] {spark_submit.py:495} INFO - ... 4 more
[2022-12-29T23:40:06.817+0100] {spark_submit.py:495} INFO - Caused by: io.netty.channel.AbstractChannel$AnnotatedConnectException: Connexion refusée: momo-VirtualBox/127.0.1.1:7077
[2022-12-29T23:40:06.818+0100] {spark_submit.py:495} INFO - Caused by: java.net.ConnectException: Connexion refusée
[2022-12-29T23:40:06.818+0100] {spark_submit.py:495} INFO - at java.base/sun.nio.ch.SocketChannelImpl.checkConnect(Native Method)
[2022-12-29T23:40:06.818+0100] {spark_submit.py:495} INFO - at java.base/sun.nio.ch.SocketChannelImpl.finishConnect(SocketChannelImpl.java:777)
[2022-12-29T23:40:06.818+0100] {spark_submit.py:495} INFO - at io.netty.channel.socket.nio.NioSocketChannel.doFinishConnect(NioSocketChannel.java:330)
[2022-12-29T23:40:06.818+0100] {spark_submit.py:495} INFO - at io.netty.channel.nio.AbstractNioChannel$AbstractNioUnsafe.finishConnect(AbstractNioChannel.java:334)
[2022-12-29T23:40:06.818+0100] {spark_submit.py:495} INFO - at io.netty.channel.nio.NioEventLoop.processSelectedKey(NioEventLoop.java:710)
[2022-12-29T23:40:06.818+0100] {spark_submit.py:495} INFO - at io.netty.channel.nio.NioEventLoop.processSelectedKeysOptimized(NioEventLoop.java:658)
[2022-12-29T23:40:06.818+0100] {spark_submit.py:495} INFO - at io.netty.channel.nio.NioEventLoop.processSelectedKeys(NioEventLoop.java:584)
[2022-12-29T23:40:06.818+0100] {spark_submit.py:495} INFO - at io.netty.channel.nio.NioEventLoop.run(NioEventLoop.java:496)
[2022-12-29T23:40:06.819+0100] {spark_submit.py:495} INFO - at io.netty.util.concurrent.SingleThreadEventExecutor$4.run(SingleThreadEventExecutor.java:986)
[2022-12-29T23:40:06.819+0100] {spark_submit.py:495} INFO - at io.netty.util.internal.ThreadExecutorMap$2.run(ThreadExecutorMap.java:74)
[2022-12-29T23:40:06.819+0100] {spark_submit.py:495} INFO - at io.netty.util.concurrent.FastThreadLocalRunnable.run(FastThreadLocalRunnable.java:30)
[2022-12-29T23:40:06.819+0100] {spark_submit.py:495} INFO - at java.base/java.lang.Thread.run(Thread.java:829)
[2022-12-29T23:40:26.797+0100] {spark_submit.py:495} INFO - 22/12/29 23:40:26 ERROR StandaloneSchedulerBackend: Application has been killed. Reason: All masters are unresponsive! Giving up.
[2022-12-29T23:40:26.802+0100] {spark_submit.py:495} INFO - 22/12/29 23:40:26 WARN StandaloneSchedulerBackend: Application ID is not initialized yet.
[2022-12-29T23:40:26.820+0100] {spark_submit.py:495} INFO - 22/12/29 23:40:26 INFO Utils: Successfully started service 'org.apache.spark.network.netty.NettyBlockTransferService' on port 39723.
[2022-12-29T23:40:26.823+0100] {spark_submit.py:495} INFO - 22/12/29 23:40:26 INFO NettyBlockTransferService: Server created on 10.0.2.15:39723
[2022-12-29T23:40:26.843+0100] {spark_submit.py:495} INFO - 22/12/29 23:40:26 INFO BlockManager: Using org.apache.spark.storage.RandomBlockReplicationPolicy for block replication policy
[2022-12-29T23:40:26.885+0100] {spark_submit.py:495} INFO - 22/12/29 23:40:26 INFO BlockManagerMaster: Registering BlockManager BlockManagerId(driver, 10.0.2.15, 39723, None)
[2022-12-29T23:40:26.896+0100] {spark_submit.py:495} INFO - 22/12/29 23:40:26 INFO BlockManagerMasterEndpoint: Registering block manager 10.0.2.15:39723 with 413.9 MiB RAM, BlockManagerId(driver, 10.0.2.15, 39723, None)
[2022-12-29T23:40:26.897+0100] {spark_submit.py:495} INFO - 22/12/29 23:40:26 INFO SparkUI: Stopped Spark web UI at http://10.0.2.15:4040
[2022-12-29T23:40:26.908+0100] {spark_submit.py:495} INFO - 22/12/29 23:40:26 INFO BlockManagerMaster: Registered BlockManager BlockManagerId(driver, 10.0.2.15, 39723, None)
[2022-12-29T23:40:26.912+0100] {spark_submit.py:495} INFO - 22/12/29 23:40:26 INFO BlockManager: Initialized BlockManager: BlockManagerId(driver, 10.0.2.15, 39723, None)
[2022-12-29T23:40:26.921+0100] {spark_submit.py:495} INFO - 22/12/29 23:40:26 INFO StandaloneSchedulerBackend: Shutting down all executors
[2022-12-29T23:40:26.933+0100] {spark_submit.py:495} INFO - 22/12/29 23:40:26 INFO CoarseGrainedSchedulerBackend$DriverEndpoint: Asking each executor to shut down
[2022-12-29T23:40:26.949+0100] {spark_submit.py:495} INFO - 22/12/29 23:40:26 WARN StandaloneAppClient$ClientEndpoint: Drop UnregisterApplication(null) because has not yet connected to master
[2022-12-29T23:40:27.014+0100] {spark_submit.py:495} INFO - 22/12/29 23:40:27 INFO MapOutputTrackerMasterEndpoint: MapOutputTrackerMasterEndpoint stopped!
[2022-12-29T23:40:27.040+0100] {spark_submit.py:495} INFO - 22/12/29 23:40:27 INFO MemoryStore: MemoryStore cleared
[2022-12-29T23:40:27.041+0100] {spark_submit.py:495} INFO - 22/12/29 23:40:27 INFO BlockManager: BlockManager stopped
[2022-12-29T23:40:27.060+0100] {spark_submit.py:495} INFO - 22/12/29 23:40:27 INFO BlockManagerMaster: BlockManagerMaster stopped
[2022-12-29T23:40:27.067+0100] {spark_submit.py:495} INFO - 22/12/29 23:40:27 INFO OutputCommitCoordinator$OutputCommitCoordinatorEndpoint: OutputCommitCoordinator stopped!
[2022-12-29T23:40:27.113+0100] {spark_submit.py:495} INFO - 22/12/29 23:40:27 INFO SparkContext: Successfully stopped SparkContext
[2022-12-29T23:40:27.557+0100] {spark_submit.py:495} INFO - 22/12/29 23:40:27 ERROR AsyncEventQueue: Listener AppStatusListener threw an exception
[2022-12-29T23:40:27.558+0100] {spark_submit.py:495} INFO - java.lang.NullPointerException
[2022-12-29T23:40:27.558+0100] {spark_submit.py:495} INFO - at org.apache.spark.status.AppStatusListener.onApplicationEnd(AppStatusListener.scala:192)
[2022-12-29T23:40:27.558+0100] {spark_submit.py:495} INFO - at org.apache.spark.scheduler.SparkListenerBus.doPostEvent(SparkListenerBus.scala:57)
[2022-12-29T23:40:27.558+0100] {spark_submit.py:495} INFO - at org.apache.spark.scheduler.SparkListenerBus.doPostEvent$(SparkListenerBus.scala:28)
[2022-12-29T23:40:27.558+0100] {spark_submit.py:495} INFO - at org.apache.spark.scheduler.AsyncEventQueue.doPostEvent(AsyncEventQueue.scala:37)
[2022-12-29T23:40:27.558+0100] {spark_submit.py:495} INFO - at org.apache.spark.scheduler.AsyncEventQueue.doPostEvent(AsyncEventQueue.scala:37)
[2022-12-29T23:40:27.558+0100] {spark_submit.py:495} INFO - at org.apache.spark.util.ListenerBus.postToAll(ListenerBus.scala:117)
[2022-12-29T23:40:27.558+0100] {spark_submit.py:495} INFO - at org.apache.spark.util.ListenerBus.postToAll$(ListenerBus.scala:101)
[2022-12-29T23:40:27.558+0100] {spark_submit.py:495} INFO - at org.apache.spark.scheduler.AsyncEventQueue.super$postToAll(AsyncEventQueue.scala:105)
[2022-12-29T23:40:27.558+0100] {spark_submit.py:495} INFO - at org.apache.spark.scheduler.AsyncEventQueue.$anonfun$dispatch$1(AsyncEventQueue.scala:105)
[2022-12-29T23:40:27.558+0100] {spark_submit.py:495} INFO - at scala.runtime.java8.JFunction0$mcJ$sp.apply(JFunction0$mcJ$sp.java:23)
[2022-12-29T23:40:27.558+0100] {spark_submit.py:495} INFO - at scala.util.DynamicVariable.withValue(DynamicVariable.scala:62)
[2022-12-29T23:40:27.558+0100] {spark_submit.py:495} INFO - at org.apache.spark.scheduler.AsyncEventQueue.org$apache$spark$scheduler$AsyncEventQueue$$dispatch(AsyncEventQueue.scala:100)
[2022-12-29T23:40:27.559+0100] {spark_submit.py:495} INFO - at org.apache.spark.scheduler.AsyncEventQueue$$anon$2.$anonfun$run$1(AsyncEventQueue.scala:96)
[2022-12-29T23:40:27.559+0100] {spark_submit.py:495} INFO - at org.apache.spark.util.Utils$.tryOrStopSparkContext(Utils.scala:1446)
[2022-12-29T23:40:27.559+0100] {spark_submit.py:495} INFO - at org.apache.spark.scheduler.AsyncEventQueue$$anon$2.run(AsyncEventQueue.scala:96)
[2022-12-29T23:40:27.618+0100] {spark_submit.py:495} INFO - 22/12/29 23:40:27 ERROR SparkContext: Error initializing SparkContext.
[2022-12-29T23:40:27.618+0100] {spark_submit.py:495} INFO - java.lang.IllegalArgumentException: requirement failed: Can only call getServletHandlers on a running MetricsSystem
[2022-12-29T23:40:27.618+0100] {spark_submit.py:495} INFO - at scala.Predef$.require(Predef.scala:281)
[2022-12-29T23:40:27.618+0100] {spark_submit.py:495} INFO - at org.apache.spark.metrics.MetricsSystem.getServletHandlers(MetricsSystem.scala:89)
[2022-12-29T23:40:27.618+0100] {spark_submit.py:495} INFO - at org.apache.spark.SparkContext.<init>(SparkContext.scala:650)
[2022-12-29T23:40:27.618+0100] {spark_submit.py:495} INFO - at org.apache.spark.api.java.JavaSparkContext.<init>(JavaSparkContext.scala:58)
[2022-12-29T23:40:27.618+0100] {spark_submit.py:495} INFO - at java.base/jdk.internal.reflect.NativeConstructorAccessorImpl.newInstance0(Native Method)
[2022-12-29T23:40:27.618+0100] {spark_submit.py:495} INFO - at java.base/jdk.internal.reflect.NativeConstructorAccessorImpl.newInstance(NativeConstructorAccessorImpl.java:62)
[2022-12-29T23:40:27.618+0100] {spark_submit.py:495} INFO - at java.base/jdk.internal.reflect.DelegatingConstructorAccessorImpl.newInstance(DelegatingConstructorAccessorImpl.java:45)
[2022-12-29T23:40:27.618+0100] {spark_submit.py:495} INFO - at java.base/java.lang.reflect.Constructor.newInstance(Constructor.java:490)
[2022-12-29T23:40:27.618+0100] {spark_submit.py:495} INFO - at py4j.reflection.MethodInvoker.invoke(MethodInvoker.java:247)
[2022-12-29T23:40:27.619+0100] {spark_submit.py:495} INFO - at py4j.reflection.ReflectionEngine.invoke(ReflectionEngine.java:357)
[2022-12-29T23:40:27.619+0100] {spark_submit.py:495} INFO - at py4j.Gateway.invoke(Gateway.java:238)
[2022-12-29T23:40:27.619+0100] {spark_submit.py:495} INFO - at py4j.commands.ConstructorCommand.invokeConstructor(ConstructorCommand.java:80)
[2022-12-29T23:40:27.619+0100] {spark_submit.py:495} INFO - at py4j.commands.ConstructorCommand.execute(ConstructorCommand.java:69)
[2022-12-29T23:40:27.619+0100] {spark_submit.py:495} INFO - at py4j.ClientServerConnection.waitForCommands(ClientServerConnection.java:182)
[2022-12-29T23:40:27.619+0100] {spark_submit.py:495} INFO - at py4j.ClientServerConnection.run(ClientServerConnection.java:106)
[2022-12-29T23:40:27.619+0100] {spark_submit.py:495} INFO - at java.base/java.lang.Thread.run(Thread.java:829)
[2022-12-29T23:40:27.619+0100] {spark_submit.py:495} INFO - 22/12/29 23:40:27 INFO SparkContext: SparkContext already stopped.
[2022-12-29T23:40:27.722+0100] {spark_submit.py:495} INFO - Traceback (most recent call last):
[2022-12-29T23:40:27.722+0100] {spark_submit.py:495} INFO - File "/home/momo/Bureau/spark_d2.py", line 11, in <module>
[2022-12-29T23:40:27.722+0100] {spark_submit.py:495} INFO - sc= SparkContext()
[2022-12-29T23:40:27.723+0100] {spark_submit.py:495} INFO - File "/home/momo/.local/lib/python3.8/site-packages/pyspark/python/lib/pyspark.zip/pyspark/context.py", line 197, in __init__
[2022-12-29T23:40:27.723+0100] {spark_submit.py:495} INFO - File "/home/momo/.local/lib/python3.8/site-packages/pyspark/python/lib/pyspark.zip/pyspark/context.py", line 282, in _do_init
[2022-12-29T23:40:27.723+0100] {spark_submit.py:495} INFO - File "/home/momo/.local/lib/python3.8/site-packages/pyspark/python/lib/pyspark.zip/pyspark/context.py", line 402, in _initialize_context
[2022-12-29T23:40:27.723+0100] {spark_submit.py:495} INFO - File "/home/momo/.local/lib/python3.8/site-packages/pyspark/python/lib/py4j-0.10.9.5-src.zip/py4j/java_gateway.py", line 1585, in __call__
[2022-12-29T23:40:27.723+0100] {spark_submit.py:495} INFO - File "/home/momo/.local/lib/python3.8/site-packages/pyspark/python/lib/py4j-0.10.9.5-src.zip/py4j/protocol.py", line 326, in get_return_value
[2022-12-29T23:40:27.724+0100] {spark_submit.py:495} INFO - py4j.protocol.Py4JJavaError: An error occurred while calling None.org.apache.spark.api.java.JavaSparkContext.
[2022-12-29T23:40:27.724+0100] {spark_submit.py:495} INFO - : java.lang.IllegalArgumentException: requirement failed: Can only call getServletHandlers on a running MetricsSystem
[2022-12-29T23:40:27.724+0100] {spark_submit.py:495} INFO - at scala.Predef$.require(Predef.scala:281)
[2022-12-29T23:40:27.724+0100] {spark_submit.py:495} INFO - at org.apache.spark.metrics.MetricsSystem.getServletHandlers(MetricsSystem.scala:89)
[2022-12-29T23:40:27.724+0100] {spark_submit.py:495} INFO - at org.apache.spark.SparkContext.<init>(SparkContext.scala:650)
[2022-12-29T23:40:27.724+0100] {spark_submit.py:495} INFO - at org.apache.spark.api.java.JavaSparkContext.<init>(JavaSparkContext.scala:58)
[2022-12-29T23:40:27.724+0100] {spark_submit.py:495} INFO - at java.base/jdk.internal.reflect.NativeConstructorAccessorImpl.newInstance0(Native Method)
[2022-12-29T23:40:27.724+0100] {spark_submit.py:495} INFO - at java.base/jdk.internal.reflect.NativeConstructorAccessorImpl.newInstance(NativeConstructorAccessorImpl.java:62)
[2022-12-29T23:40:27.724+0100] {spark_submit.py:495} INFO - at java.base/jdk.internal.reflect.DelegatingConstructorAccessorImpl.newInstance(DelegatingConstructorAccessorImpl.java:45)
[2022-12-29T23:40:27.724+0100] {spark_submit.py:495} INFO - at java.base/java.lang.reflect.Constructor.newInstance(Constructor.java:490)
[2022-12-29T23:40:27.725+0100] {spark_submit.py:495} INFO - at py4j.reflection.MethodInvoker.invoke(MethodInvoker.java:247)
[2022-12-29T23:40:27.725+0100] {spark_submit.py:495} INFO - at py4j.reflection.ReflectionEngine.invoke(ReflectionEngine.java:357)
[2022-12-29T23:40:27.725+0100] {spark_submit.py:495} INFO - at py4j.Gateway.invoke(Gateway.java:238)
[2022-12-29T23:40:27.725+0100] {spark_submit.py:495} INFO - at py4j.commands.ConstructorCommand.invokeConstructor(ConstructorCommand.java:80)
[2022-12-29T23:40:27.725+0100] {spark_submit.py:495} INFO - at py4j.commands.ConstructorCommand.execute(ConstructorCommand.java:69)
[2022-12-29T23:40:27.725+0100] {spark_submit.py:495} INFO - at py4j.ClientServerConnection.waitForCommands(ClientServerConnection.java:182)
[2022-12-29T23:40:27.725+0100] {spark_submit.py:495} INFO - at py4j.ClientServerConnection.run(ClientServerConnection.java:106)
[2022-12-29T23:40:27.725+0100] {spark_submit.py:495} INFO - at java.base/java.lang.Thread.run(Thread.java:829)
[2022-12-29T23:40:27.725+0100] {spark_submit.py:495} INFO - 
[2022-12-29T23:40:27.798+0100] {spark_submit.py:495} INFO - 22/12/29 23:40:27 INFO ShutdownHookManager: Shutdown hook called
[2022-12-29T23:40:27.804+0100] {spark_submit.py:495} INFO - 22/12/29 23:40:27 INFO ShutdownHookManager: Deleting directory /tmp/spark-33676e70-37b0-431b-8b36-df1717a4b70f
[2022-12-29T23:40:27.810+0100] {spark_submit.py:495} INFO - 22/12/29 23:40:27 INFO ShutdownHookManager: Deleting directory /tmp/spark-2dabdeee-5833-4984-a7f1-affbc6882b15
[2022-12-29T23:40:27.926+0100] {taskinstance.py:1772} ERROR - Task failed with exception
Traceback (most recent call last):
  File "/home/momo/.local/lib/python3.8/site-packages/airflow/providers/apache/spark/operators/spark_submit.py", line 157, in execute
    self._hook.submit(self._application)
  File "/home/momo/.local/lib/python3.8/site-packages/airflow/providers/apache/spark/hooks/spark_submit.py", line 426, in submit
    raise AirflowException(
airflow.exceptions.AirflowException: Cannot execute: spark-submit --master spark://momo-VirtualBox:7077 --name arrow-spark --queue root.default /home/momo/Bureau/spark_d2.py. Error code is: 1.
[2022-12-29T23:40:27.941+0100] {taskinstance.py:1322} INFO - Marking task as FAILED. dag_id=spark_airflow_project, task_id=python_job, execution_date=20221229T174900, start_date=20221229T223918, end_date=20221229T224027
[2022-12-29T23:40:27.982+0100] {standard_task_runner.py:100} ERROR - Failed to execute job 50 for task python_job (Cannot execute: spark-submit --master spark://momo-VirtualBox:7077 --name arrow-spark --queue root.default /home/momo/Bureau/spark_d2.py. Error code is: 1.; 12039)
[2022-12-29T23:40:27.994+0100] {local_task_job.py:159} INFO - Task exited with return code 1
[2022-12-29T23:40:28.003+0100] {taskinstance.py:2582} INFO - 0 downstream tasks scheduled from follow-on schedule check
