[2022-12-30T04:33:41.287+0100] {taskinstance.py:1087} INFO - Dependencies all met for <TaskInstance: spark_airflow_project.stop_spark_process manual__2022-12-30T03:32:27.924021+00:00 [queued]>
[2022-12-30T04:33:41.308+0100] {taskinstance.py:1087} INFO - Dependencies all met for <TaskInstance: spark_airflow_project.stop_spark_process manual__2022-12-30T03:32:27.924021+00:00 [queued]>
[2022-12-30T04:33:41.309+0100] {taskinstance.py:1283} INFO - 
--------------------------------------------------------------------------------
[2022-12-30T04:33:41.309+0100] {taskinstance.py:1284} INFO - Starting attempt 1 of 4
[2022-12-30T04:33:41.309+0100] {taskinstance.py:1285} INFO - 
--------------------------------------------------------------------------------
[2022-12-30T04:33:41.335+0100] {taskinstance.py:1304} INFO - Executing <Task(PythonOperator): stop_spark_process> on 2022-12-30 03:32:27.924021+00:00
[2022-12-30T04:33:41.341+0100] {standard_task_runner.py:55} INFO - Started process 17454 to run task
[2022-12-30T04:33:41.346+0100] {standard_task_runner.py:82} INFO - Running: ['airflow', 'tasks', 'run', 'spark_airflow_project', 'stop_spark_process', 'manual__2022-12-30T03:32:27.924021+00:00', '--job-id', '73', '--raw', '--subdir', 'DAGS_FOLDER/spark_airflow.py', '--cfg-path', '/tmp/tmp3f62jfcs']
[2022-12-30T04:33:41.349+0100] {standard_task_runner.py:83} INFO - Job 73: Subtask stop_spark_process
[2022-12-30T04:33:41.416+0100] {task_command.py:389} INFO - Running <TaskInstance: spark_airflow_project.stop_spark_process manual__2022-12-30T03:32:27.924021+00:00 [running]> on host momo-VirtualBox
[2022-12-30T04:33:41.492+0100] {taskinstance.py:1511} INFO - Exporting the following env vars:
AIRFLOW_CTX_DAG_OWNER=Ranga
AIRFLOW_CTX_DAG_ID=spark_airflow_project
AIRFLOW_CTX_TASK_ID=stop_spark_process
AIRFLOW_CTX_EXECUTION_DATE=2022-12-30T03:32:27.924021+00:00
AIRFLOW_CTX_TRY_NUMBER=1
AIRFLOW_CTX_DAG_RUN_ID=manual__2022-12-30T03:32:27.924021+00:00
[2022-12-30T04:33:41.503+0100] {python.py:177} INFO - Done. Returned value was: None
[2022-12-30T04:33:41.515+0100] {taskinstance.py:1322} INFO - Marking task as SUCCESS. dag_id=spark_airflow_project, task_id=stop_spark_process, execution_date=20221230T033227, start_date=20221230T033341, end_date=20221230T033341
[2022-12-30T04:33:41.560+0100] {local_task_job.py:159} INFO - Task exited with return code 0
[2022-12-30T04:33:41.604+0100] {taskinstance.py:2582} INFO - 1 downstream tasks scheduled from follow-on schedule check
