[2022-12-31T03:17:35.100+0100] {taskinstance.py:1087} INFO - Dependencies all met for <TaskInstance: spark_airflow_project.start_spark_data scheduled__2022-12-30T08:00:00+00:00 [queued]>
[2022-12-31T03:17:35.183+0100] {taskinstance.py:1087} INFO - Dependencies all met for <TaskInstance: spark_airflow_project.start_spark_data scheduled__2022-12-30T08:00:00+00:00 [queued]>
[2022-12-31T03:17:35.184+0100] {taskinstance.py:1283} INFO - 
--------------------------------------------------------------------------------
[2022-12-31T03:17:35.184+0100] {taskinstance.py:1284} INFO - Starting attempt 1 of 4
[2022-12-31T03:17:35.184+0100] {taskinstance.py:1285} INFO - 
--------------------------------------------------------------------------------
[2022-12-31T03:17:35.267+0100] {taskinstance.py:1304} INFO - Executing <Task(PythonOperator): start_spark_data> on 2022-12-30 08:00:00+00:00
[2022-12-31T03:17:35.289+0100] {standard_task_runner.py:55} INFO - Started process 22065 to run task
[2022-12-31T03:17:35.355+0100] {standard_task_runner.py:82} INFO - Running: ['airflow', 'tasks', 'run', 'spark_airflow_project', 'start_spark_data', 'scheduled__2022-12-30T08:00:00+00:00', '--job-id', '87', '--raw', '--subdir', 'DAGS_FOLDER/spark_airflow.py', '--cfg-path', '/tmp/tmp_spwvxo9']
[2022-12-31T03:17:35.368+0100] {standard_task_runner.py:83} INFO - Job 87: Subtask start_spark_data
[2022-12-31T03:17:35.768+0100] {task_command.py:389} INFO - Running <TaskInstance: spark_airflow_project.start_spark_data scheduled__2022-12-30T08:00:00+00:00 [running]> on host momo-VirtualBox
[2022-12-31T03:17:36.683+0100] {taskinstance.py:1511} INFO - Exporting the following env vars:
AIRFLOW_CTX_DAG_OWNER=Ranga
AIRFLOW_CTX_DAG_ID=spark_airflow_project
AIRFLOW_CTX_TASK_ID=start_spark_data
AIRFLOW_CTX_EXECUTION_DATE=2022-12-30T08:00:00+00:00
AIRFLOW_CTX_TRY_NUMBER=1
AIRFLOW_CTX_DAG_RUN_ID=scheduled__2022-12-30T08:00:00+00:00
[2022-12-31T03:17:36.812+0100] {python.py:177} INFO - Done. Returned value was: None
[2022-12-31T03:17:36.947+0100] {taskinstance.py:1322} INFO - Marking task as SUCCESS. dag_id=spark_airflow_project, task_id=start_spark_data, execution_date=20221230T080000, start_date=20221231T021735, end_date=20221231T021736
[2022-12-31T03:17:37.074+0100] {local_task_job.py:159} INFO - Task exited with return code 0
[2022-12-31T03:17:37.244+0100] {taskinstance.py:2582} INFO - 1 downstream tasks scheduled from follow-on schedule check
