[2022-12-30T00:13:17.708+0100] {taskinstance.py:1087} INFO - Dependencies all met for <TaskInstance: spark_airflow_project.python_job manual__2022-12-29T23:13:12.817080+00:00 [queued]>
[2022-12-30T00:13:17.729+0100] {taskinstance.py:1087} INFO - Dependencies all met for <TaskInstance: spark_airflow_project.python_job manual__2022-12-29T23:13:12.817080+00:00 [queued]>
[2022-12-30T00:13:17.730+0100] {taskinstance.py:1283} INFO - 
--------------------------------------------------------------------------------
[2022-12-30T00:13:17.730+0100] {taskinstance.py:1284} INFO - Starting attempt 1 of 4
[2022-12-30T00:13:17.730+0100] {taskinstance.py:1285} INFO - 
--------------------------------------------------------------------------------
[2022-12-30T00:13:17.751+0100] {taskinstance.py:1304} INFO - Executing <Task(SparkSubmitOperator): python_job> on 2022-12-29 23:13:12.817080+00:00
[2022-12-30T00:13:17.754+0100] {standard_task_runner.py:55} INFO - Started process 15109 to run task
[2022-12-30T00:13:17.765+0100] {standard_task_runner.py:82} INFO - Running: ['airflow', 'tasks', 'run', 'spark_airflow_project', 'python_job', 'manual__2022-12-29T23:13:12.817080+00:00', '--job-id', '63', '--raw', '--subdir', 'DAGS_FOLDER/spark_airflow.py', '--cfg-path', '/tmp/tmp_2u3q4xd']
[2022-12-30T00:13:17.774+0100] {standard_task_runner.py:83} INFO - Job 63: Subtask python_job
[2022-12-30T00:13:17.868+0100] {task_command.py:389} INFO - Running <TaskInstance: spark_airflow_project.python_job manual__2022-12-29T23:13:12.817080+00:00 [running]> on host momo-VirtualBox
[2022-12-30T00:13:17.962+0100] {taskinstance.py:1511} INFO - Exporting the following env vars:
AIRFLOW_CTX_DAG_OWNER=Ranga
AIRFLOW_CTX_DAG_ID=spark_airflow_project
AIRFLOW_CTX_TASK_ID=python_job
AIRFLOW_CTX_EXECUTION_DATE=2022-12-29T23:13:12.817080+00:00
AIRFLOW_CTX_TRY_NUMBER=1
AIRFLOW_CTX_DAG_RUN_ID=manual__2022-12-29T23:13:12.817080+00:00
[2022-12-30T00:13:17.971+0100] {base.py:73} INFO - Using connection ID 'spark_default' for task execution.
[2022-12-30T00:13:17.976+0100] {spark_submit.py:344} INFO - Spark-Submit cmd: spark-submit --master spark://momo-VirtualBox:7077 --name arrow-spark --queue root.default /home/momo/Bureau/spark_d2.py
[2022-12-30T00:13:24.420+0100] {spark_submit.py:495} INFO - 22/12/30 00:13:24 WARN Utils: Your hostname, momo-VirtualBox resolves to a loopback address: 127.0.1.1; using 10.0.2.15 instead (on interface enp0s3)
[2022-12-30T00:13:24.423+0100] {spark_submit.py:495} INFO - 22/12/30 00:13:24 WARN Utils: Set SPARK_LOCAL_IP if you need to bind to another address
[2022-12-30T00:13:25.482+0100] {spark_submit.py:495} INFO - Traceback (most recent call last):
[2022-12-30T00:13:25.483+0100] {spark_submit.py:495} INFO - File "/home/momo/Bureau/spark_d2.py", line 1, in <module>
[2022-12-30T00:13:25.483+0100] {spark_submit.py:495} INFO - import findspark
[2022-12-30T00:13:25.483+0100] {spark_submit.py:495} INFO - ModuleNotFoundError: No module named 'findspark'
[2022-12-30T00:13:25.508+0100] {spark_submit.py:495} INFO - 22/12/30 00:13:25 INFO ShutdownHookManager: Shutdown hook called
[2022-12-30T00:13:25.509+0100] {spark_submit.py:495} INFO - 22/12/30 00:13:25 INFO ShutdownHookManager: Deleting directory /tmp/spark-4d923668-7892-4429-8358-14ae9c2d16f2
[2022-12-30T00:13:25.551+0100] {taskinstance.py:1772} ERROR - Task failed with exception
Traceback (most recent call last):
  File "/home/momo/.local/lib/python3.8/site-packages/airflow/providers/apache/spark/operators/spark_submit.py", line 157, in execute
    self._hook.submit(self._application)
  File "/home/momo/.local/lib/python3.8/site-packages/airflow/providers/apache/spark/hooks/spark_submit.py", line 426, in submit
    raise AirflowException(
airflow.exceptions.AirflowException: Cannot execute: spark-submit --master spark://momo-VirtualBox:7077 --name arrow-spark --queue root.default /home/momo/Bureau/spark_d2.py. Error code is: 1.
[2022-12-30T00:13:25.553+0100] {taskinstance.py:1322} INFO - Marking task as UP_FOR_RETRY. dag_id=spark_airflow_project, task_id=python_job, execution_date=20221229T231312, start_date=20221229T231317, end_date=20221229T231325
[2022-12-30T00:13:25.563+0100] {standard_task_runner.py:100} ERROR - Failed to execute job 63 for task python_job (Cannot execute: spark-submit --master spark://momo-VirtualBox:7077 --name arrow-spark --queue root.default /home/momo/Bureau/spark_d2.py. Error code is: 1.; 15109)
[2022-12-30T00:13:25.600+0100] {local_task_job.py:159} INFO - Task exited with return code 1
[2022-12-30T00:13:25.611+0100] {taskinstance.py:2582} INFO - 0 downstream tasks scheduled from follow-on schedule check
