[2022-12-30T00:23:35.907+0100] {taskinstance.py:1087} INFO - Dependencies all met for <TaskInstance: spark_airflow_project.python_job manual__2022-12-29T23:13:12.817080+00:00 [queued]>
[2022-12-30T00:23:35.921+0100] {taskinstance.py:1087} INFO - Dependencies all met for <TaskInstance: spark_airflow_project.python_job manual__2022-12-29T23:13:12.817080+00:00 [queued]>
[2022-12-30T00:23:35.921+0100] {taskinstance.py:1283} INFO - 
--------------------------------------------------------------------------------
[2022-12-30T00:23:35.921+0100] {taskinstance.py:1284} INFO - Starting attempt 3 of 4
[2022-12-30T00:23:35.921+0100] {taskinstance.py:1285} INFO - 
--------------------------------------------------------------------------------
[2022-12-30T00:23:35.936+0100] {taskinstance.py:1304} INFO - Executing <Task(SparkSubmitOperator): python_job> on 2022-12-29 23:13:12.817080+00:00
[2022-12-30T00:23:35.941+0100] {standard_task_runner.py:55} INFO - Started process 15836 to run task
[2022-12-30T00:23:35.949+0100] {standard_task_runner.py:82} INFO - Running: ['airflow', 'tasks', 'run', 'spark_airflow_project', 'python_job', 'manual__2022-12-29T23:13:12.817080+00:00', '--job-id', '65', '--raw', '--subdir', 'DAGS_FOLDER/spark_airflow.py', '--cfg-path', '/tmp/tmp4ckz860d']
[2022-12-30T00:23:35.951+0100] {standard_task_runner.py:83} INFO - Job 65: Subtask python_job
[2022-12-30T00:23:35.998+0100] {task_command.py:389} INFO - Running <TaskInstance: spark_airflow_project.python_job manual__2022-12-29T23:13:12.817080+00:00 [running]> on host momo-VirtualBox
[2022-12-30T00:23:36.045+0100] {taskinstance.py:1511} INFO - Exporting the following env vars:
AIRFLOW_CTX_DAG_OWNER=Ranga
AIRFLOW_CTX_DAG_ID=spark_airflow_project
AIRFLOW_CTX_TASK_ID=python_job
AIRFLOW_CTX_EXECUTION_DATE=2022-12-29T23:13:12.817080+00:00
AIRFLOW_CTX_TRY_NUMBER=3
AIRFLOW_CTX_DAG_RUN_ID=manual__2022-12-29T23:13:12.817080+00:00
[2022-12-30T00:23:36.053+0100] {base.py:73} INFO - Using connection ID 'spark_default' for task execution.
[2022-12-30T00:23:36.054+0100] {spark_submit.py:344} INFO - Spark-Submit cmd: spark-submit --master spark://momo-VirtualBox:7077 --name arrow-spark --queue root.default /home/momo/Bureau/spark_d2.py
[2022-12-30T00:23:39.525+0100] {spark_submit.py:495} INFO - 22/12/30 00:23:39 WARN Utils: Your hostname, momo-VirtualBox resolves to a loopback address: 127.0.1.1; using 10.0.2.15 instead (on interface enp0s3)
[2022-12-30T00:23:39.528+0100] {spark_submit.py:495} INFO - 22/12/30 00:23:39 WARN Utils: Set SPARK_LOCAL_IP if you need to bind to another address
[2022-12-30T00:23:40.732+0100] {spark_submit.py:495} INFO - Traceback (most recent call last):
[2022-12-30T00:23:40.732+0100] {spark_submit.py:495} INFO - File "/home/momo/Bureau/spark_d2.py", line 1, in <module>
[2022-12-30T00:23:40.733+0100] {spark_submit.py:495} INFO - import findspark
[2022-12-30T00:23:40.733+0100] {spark_submit.py:495} INFO - ModuleNotFoundError: No module named 'findspark'
[2022-12-30T00:23:40.800+0100] {spark_submit.py:495} INFO - 22/12/30 00:23:40 INFO ShutdownHookManager: Shutdown hook called
[2022-12-30T00:23:40.804+0100] {spark_submit.py:495} INFO - 22/12/30 00:23:40 INFO ShutdownHookManager: Deleting directory /tmp/spark-6dd9dbef-68e0-4edc-8c59-d52a16025a9f
[2022-12-30T00:23:40.903+0100] {taskinstance.py:1772} ERROR - Task failed with exception
Traceback (most recent call last):
  File "/home/momo/.local/lib/python3.8/site-packages/airflow/providers/apache/spark/operators/spark_submit.py", line 157, in execute
    self._hook.submit(self._application)
  File "/home/momo/.local/lib/python3.8/site-packages/airflow/providers/apache/spark/hooks/spark_submit.py", line 426, in submit
    raise AirflowException(
airflow.exceptions.AirflowException: Cannot execute: spark-submit --master spark://momo-VirtualBox:7077 --name arrow-spark --queue root.default /home/momo/Bureau/spark_d2.py. Error code is: 1.
[2022-12-30T00:23:40.908+0100] {taskinstance.py:1322} INFO - Marking task as UP_FOR_RETRY. dag_id=spark_airflow_project, task_id=python_job, execution_date=20221229T231312, start_date=20221229T232335, end_date=20221229T232340
[2022-12-30T00:23:40.933+0100] {standard_task_runner.py:100} ERROR - Failed to execute job 65 for task python_job (Cannot execute: spark-submit --master spark://momo-VirtualBox:7077 --name arrow-spark --queue root.default /home/momo/Bureau/spark_d2.py. Error code is: 1.; 15836)
[2022-12-30T00:23:40.971+0100] {local_task_job.py:159} INFO - Task exited with return code 1
[2022-12-30T00:23:40.983+0100] {taskinstance.py:2582} INFO - 0 downstream tasks scheduled from follow-on schedule check
