[2022-12-29T23:44:01.794+0100] {taskinstance.py:1087} INFO - Dependencies all met for <TaskInstance: spark_airflow_project.python_job scheduled__2022-12-29T17:56:00+00:00 [queued]>
[2022-12-29T23:44:01.801+0100] {taskinstance.py:1087} INFO - Dependencies all met for <TaskInstance: spark_airflow_project.python_job scheduled__2022-12-29T17:56:00+00:00 [queued]>
[2022-12-29T23:44:01.801+0100] {taskinstance.py:1283} INFO - 
--------------------------------------------------------------------------------
[2022-12-29T23:44:01.801+0100] {taskinstance.py:1284} INFO - Starting attempt 3 of 4
[2022-12-29T23:44:01.801+0100] {taskinstance.py:1285} INFO - 
--------------------------------------------------------------------------------
[2022-12-29T23:44:01.812+0100] {taskinstance.py:1304} INFO - Executing <Task(SparkSubmitOperator): python_job> on 2022-12-29 17:56:00+00:00
[2022-12-29T23:44:01.816+0100] {standard_task_runner.py:55} INFO - Started process 12633 to run task
[2022-12-29T23:44:01.821+0100] {standard_task_runner.py:82} INFO - Running: ['airflow', 'tasks', 'run', 'spark_airflow_project', 'python_job', 'scheduled__2022-12-29T17:56:00+00:00', '--job-id', '54', '--raw', '--subdir', 'DAGS_FOLDER/spark_airflow.py', '--cfg-path', '/tmp/tmpk96bp9xc']
[2022-12-29T23:44:01.822+0100] {standard_task_runner.py:83} INFO - Job 54: Subtask python_job
[2022-12-29T23:44:01.860+0100] {task_command.py:389} INFO - Running <TaskInstance: spark_airflow_project.python_job scheduled__2022-12-29T17:56:00+00:00 [running]> on host momo-VirtualBox
[2022-12-29T23:44:01.892+0100] {taskinstance.py:1511} INFO - Exporting the following env vars:
AIRFLOW_CTX_DAG_OWNER=Ranga
AIRFLOW_CTX_DAG_ID=spark_airflow_project
AIRFLOW_CTX_TASK_ID=python_job
AIRFLOW_CTX_EXECUTION_DATE=2022-12-29T17:56:00+00:00
AIRFLOW_CTX_TRY_NUMBER=3
AIRFLOW_CTX_DAG_RUN_ID=scheduled__2022-12-29T17:56:00+00:00
[2022-12-29T23:44:01.897+0100] {base.py:73} INFO - Using connection ID 'spark_default' for task execution.
[2022-12-29T23:44:01.897+0100] {spark_submit.py:344} INFO - Spark-Submit cmd: spark-submit --master spark://momo-VirtualBox:7077 --name arrow-spark --queue root.default /home/momo/Bureau/spark_d2.py
[2022-12-29T23:44:04.951+0100] {spark_submit.py:495} INFO - 22/12/29 23:44:04 WARN Utils: Your hostname, momo-VirtualBox resolves to a loopback address: 127.0.1.1; using 10.0.2.15 instead (on interface enp0s3)
[2022-12-29T23:44:04.955+0100] {spark_submit.py:495} INFO - 22/12/29 23:44:04 WARN Utils: Set SPARK_LOCAL_IP if you need to bind to another address
[2022-12-29T23:44:05.895+0100] {spark_submit.py:495} INFO - 22/12/29 23:44:05 INFO SparkContext: Running Spark version 3.3.1
[2022-12-29T23:44:06.008+0100] {spark_submit.py:495} INFO - 22/12/29 23:44:06 WARN NativeCodeLoader: Unable to load native-hadoop library for your platform... using builtin-java classes where applicable
[2022-12-29T23:44:06.158+0100] {spark_submit.py:495} INFO - 22/12/29 23:44:06 INFO ResourceUtils: ==============================================================
[2022-12-29T23:44:06.159+0100] {spark_submit.py:495} INFO - 22/12/29 23:44:06 INFO ResourceUtils: No custom resources configured for spark.driver.
[2022-12-29T23:44:06.160+0100] {spark_submit.py:495} INFO - 22/12/29 23:44:06 INFO ResourceUtils: ==============================================================
[2022-12-29T23:44:06.161+0100] {spark_submit.py:495} INFO - 22/12/29 23:44:06 INFO SparkContext: Submitted application: arrow-spark
[2022-12-29T23:44:06.183+0100] {spark_submit.py:495} INFO - 22/12/29 23:44:06 INFO ResourceProfile: Default ResourceProfile created, executor resources: Map(cores -> name: cores, amount: 1, script: , vendor: , memory -> name: memory, amount: 1024, script: , vendor: , offHeap -> name: offHeap, amount: 0, script: , vendor: ), task resources: Map(cpus -> name: cpus, amount: 1.0)
[2022-12-29T23:44:06.194+0100] {spark_submit.py:495} INFO - 22/12/29 23:44:06 INFO ResourceProfile: Limiting resource is cpu
[2022-12-29T23:44:06.195+0100] {spark_submit.py:495} INFO - 22/12/29 23:44:06 INFO ResourceProfileManager: Added ResourceProfile id: 0
[2022-12-29T23:44:06.260+0100] {spark_submit.py:495} INFO - 22/12/29 23:44:06 INFO SecurityManager: Changing view acls to: momo
[2022-12-29T23:44:06.261+0100] {spark_submit.py:495} INFO - 22/12/29 23:44:06 INFO SecurityManager: Changing modify acls to: momo
[2022-12-29T23:44:06.262+0100] {spark_submit.py:495} INFO - 22/12/29 23:44:06 INFO SecurityManager: Changing view acls groups to:
[2022-12-29T23:44:06.263+0100] {spark_submit.py:495} INFO - 22/12/29 23:44:06 INFO SecurityManager: Changing modify acls groups to:
[2022-12-29T23:44:06.263+0100] {spark_submit.py:495} INFO - 22/12/29 23:44:06 INFO SecurityManager: SecurityManager: authentication disabled; ui acls disabled; users  with view permissions: Set(momo); groups with view permissions: Set(); users  with modify permissions: Set(momo); groups with modify permissions: Set()
[2022-12-29T23:44:06.706+0100] {spark_submit.py:495} INFO - 22/12/29 23:44:06 INFO Utils: Successfully started service 'sparkDriver' on port 38347.
[2022-12-29T23:44:06.759+0100] {spark_submit.py:495} INFO - 22/12/29 23:44:06 INFO SparkEnv: Registering MapOutputTracker
[2022-12-29T23:44:06.816+0100] {spark_submit.py:495} INFO - 22/12/29 23:44:06 INFO SparkEnv: Registering BlockManagerMaster
[2022-12-29T23:44:06.856+0100] {spark_submit.py:495} INFO - 22/12/29 23:44:06 INFO BlockManagerMasterEndpoint: Using org.apache.spark.storage.DefaultTopologyMapper for getting topology information
[2022-12-29T23:44:06.857+0100] {spark_submit.py:495} INFO - 22/12/29 23:44:06 INFO BlockManagerMasterEndpoint: BlockManagerMasterEndpoint up
[2022-12-29T23:44:06.871+0100] {spark_submit.py:495} INFO - 22/12/29 23:44:06 INFO SparkEnv: Registering BlockManagerMasterHeartbeat
[2022-12-29T23:44:06.906+0100] {spark_submit.py:495} INFO - 22/12/29 23:44:06 INFO DiskBlockManager: Created local directory at /tmp/blockmgr-7b4793f6-2ae7-4abc-8e51-f8fd66b3fa7f
[2022-12-29T23:44:06.939+0100] {spark_submit.py:495} INFO - 22/12/29 23:44:06 INFO MemoryStore: MemoryStore started with capacity 413.9 MiB
[2022-12-29T23:44:06.977+0100] {spark_submit.py:495} INFO - 22/12/29 23:44:06 INFO SparkEnv: Registering OutputCommitCoordinator
[2022-12-29T23:44:07.290+0100] {spark_submit.py:495} INFO - 22/12/29 23:44:07 INFO Utils: Successfully started service 'SparkUI' on port 4040.
[2022-12-29T23:44:07.516+0100] {spark_submit.py:495} INFO - 22/12/29 23:44:07 INFO StandaloneAppClient$ClientEndpoint: Connecting to master spark://momo-VirtualBox:7077...
[2022-12-29T23:44:07.584+0100] {spark_submit.py:495} INFO - 22/12/29 23:44:07 WARN StandaloneAppClient$ClientEndpoint: Failed to connect to master momo-VirtualBox:7077
[2022-12-29T23:44:07.584+0100] {spark_submit.py:495} INFO - org.apache.spark.SparkException: Exception thrown in awaitResult:
[2022-12-29T23:44:07.584+0100] {spark_submit.py:495} INFO - at org.apache.spark.util.ThreadUtils$.awaitResult(ThreadUtils.scala:301)
[2022-12-29T23:44:07.584+0100] {spark_submit.py:495} INFO - at org.apache.spark.rpc.RpcTimeout.awaitResult(RpcTimeout.scala:75)
[2022-12-29T23:44:07.584+0100] {spark_submit.py:495} INFO - at org.apache.spark.rpc.RpcEnv.setupEndpointRefByURI(RpcEnv.scala:102)
[2022-12-29T23:44:07.584+0100] {spark_submit.py:495} INFO - at org.apache.spark.rpc.RpcEnv.setupEndpointRef(RpcEnv.scala:110)
[2022-12-29T23:44:07.584+0100] {spark_submit.py:495} INFO - at org.apache.spark.deploy.client.StandaloneAppClient$ClientEndpoint$$anon$1.run(StandaloneAppClient.scala:107)
[2022-12-29T23:44:07.584+0100] {spark_submit.py:495} INFO - at java.base/java.util.concurrent.Executors$RunnableAdapter.call(Executors.java:515)
[2022-12-29T23:44:07.585+0100] {spark_submit.py:495} INFO - at java.base/java.util.concurrent.FutureTask.run(FutureTask.java:264)
[2022-12-29T23:44:07.585+0100] {spark_submit.py:495} INFO - at java.base/java.util.concurrent.ThreadPoolExecutor.runWorker(ThreadPoolExecutor.java:1128)
[2022-12-29T23:44:07.585+0100] {spark_submit.py:495} INFO - at java.base/java.util.concurrent.ThreadPoolExecutor$Worker.run(ThreadPoolExecutor.java:628)
[2022-12-29T23:44:07.585+0100] {spark_submit.py:495} INFO - at java.base/java.lang.Thread.run(Thread.java:829)
[2022-12-29T23:44:07.585+0100] {spark_submit.py:495} INFO - Caused by: java.io.IOException: Failed to connect to momo-VirtualBox/127.0.1.1:7077
[2022-12-29T23:44:07.585+0100] {spark_submit.py:495} INFO - at org.apache.spark.network.client.TransportClientFactory.createClient(TransportClientFactory.java:288)
[2022-12-29T23:44:07.585+0100] {spark_submit.py:495} INFO - at org.apache.spark.network.client.TransportClientFactory.createClient(TransportClientFactory.java:218)
[2022-12-29T23:44:07.585+0100] {spark_submit.py:495} INFO - at org.apache.spark.network.client.TransportClientFactory.createClient(TransportClientFactory.java:230)
[2022-12-29T23:44:07.585+0100] {spark_submit.py:495} INFO - at org.apache.spark.rpc.netty.NettyRpcEnv.createClient(NettyRpcEnv.scala:204)
[2022-12-29T23:44:07.585+0100] {spark_submit.py:495} INFO - at org.apache.spark.rpc.netty.Outbox$$anon$1.call(Outbox.scala:202)
[2022-12-29T23:44:07.585+0100] {spark_submit.py:495} INFO - at org.apache.spark.rpc.netty.Outbox$$anon$1.call(Outbox.scala:198)
[2022-12-29T23:44:07.585+0100] {spark_submit.py:495} INFO - ... 4 more
[2022-12-29T23:44:07.585+0100] {spark_submit.py:495} INFO - Caused by: io.netty.channel.AbstractChannel$AnnotatedConnectException: Connexion refusée: momo-VirtualBox/127.0.1.1:7077
[2022-12-29T23:44:07.585+0100] {spark_submit.py:495} INFO - Caused by: java.net.ConnectException: Connexion refusée
[2022-12-29T23:44:07.585+0100] {spark_submit.py:495} INFO - at java.base/sun.nio.ch.SocketChannelImpl.checkConnect(Native Method)
[2022-12-29T23:44:07.585+0100] {spark_submit.py:495} INFO - at java.base/sun.nio.ch.SocketChannelImpl.finishConnect(SocketChannelImpl.java:777)
[2022-12-29T23:44:07.585+0100] {spark_submit.py:495} INFO - at io.netty.channel.socket.nio.NioSocketChannel.doFinishConnect(NioSocketChannel.java:330)
[2022-12-29T23:44:07.585+0100] {spark_submit.py:495} INFO - at io.netty.channel.nio.AbstractNioChannel$AbstractNioUnsafe.finishConnect(AbstractNioChannel.java:334)
[2022-12-29T23:44:07.585+0100] {spark_submit.py:495} INFO - at io.netty.channel.nio.NioEventLoop.processSelectedKey(NioEventLoop.java:710)
[2022-12-29T23:44:07.585+0100] {spark_submit.py:495} INFO - at io.netty.channel.nio.NioEventLoop.processSelectedKeysOptimized(NioEventLoop.java:658)
[2022-12-29T23:44:07.586+0100] {spark_submit.py:495} INFO - at io.netty.channel.nio.NioEventLoop.processSelectedKeys(NioEventLoop.java:584)
[2022-12-29T23:44:07.586+0100] {spark_submit.py:495} INFO - at io.netty.channel.nio.NioEventLoop.run(NioEventLoop.java:496)
[2022-12-29T23:44:07.586+0100] {spark_submit.py:495} INFO - at io.netty.util.concurrent.SingleThreadEventExecutor$4.run(SingleThreadEventExecutor.java:986)
[2022-12-29T23:44:07.586+0100] {spark_submit.py:495} INFO - at io.netty.util.internal.ThreadExecutorMap$2.run(ThreadExecutorMap.java:74)
[2022-12-29T23:44:07.586+0100] {spark_submit.py:495} INFO - at io.netty.util.concurrent.FastThreadLocalRunnable.run(FastThreadLocalRunnable.java:30)
[2022-12-29T23:44:07.586+0100] {spark_submit.py:495} INFO - at java.base/java.lang.Thread.run(Thread.java:829)
[2022-12-29T23:44:27.520+0100] {spark_submit.py:495} INFO - 22/12/29 23:44:27 INFO StandaloneAppClient$ClientEndpoint: Connecting to master spark://momo-VirtualBox:7077...
[2022-12-29T23:44:27.536+0100] {spark_submit.py:495} INFO - 22/12/29 23:44:27 WARN StandaloneAppClient$ClientEndpoint: Failed to connect to master momo-VirtualBox:7077
[2022-12-29T23:44:27.536+0100] {spark_submit.py:495} INFO - org.apache.spark.SparkException: Exception thrown in awaitResult:
[2022-12-29T23:44:27.536+0100] {spark_submit.py:495} INFO - at org.apache.spark.util.ThreadUtils$.awaitResult(ThreadUtils.scala:301)
[2022-12-29T23:44:27.536+0100] {spark_submit.py:495} INFO - at org.apache.spark.rpc.RpcTimeout.awaitResult(RpcTimeout.scala:75)
[2022-12-29T23:44:27.536+0100] {spark_submit.py:495} INFO - at org.apache.spark.rpc.RpcEnv.setupEndpointRefByURI(RpcEnv.scala:102)
[2022-12-29T23:44:27.537+0100] {spark_submit.py:495} INFO - at org.apache.spark.rpc.RpcEnv.setupEndpointRef(RpcEnv.scala:110)
[2022-12-29T23:44:27.537+0100] {spark_submit.py:495} INFO - at org.apache.spark.deploy.client.StandaloneAppClient$ClientEndpoint$$anon$1.run(StandaloneAppClient.scala:107)
[2022-12-29T23:44:27.537+0100] {spark_submit.py:495} INFO - at java.base/java.util.concurrent.Executors$RunnableAdapter.call(Executors.java:515)
[2022-12-29T23:44:27.537+0100] {spark_submit.py:495} INFO - at java.base/java.util.concurrent.FutureTask.run(FutureTask.java:264)
[2022-12-29T23:44:27.537+0100] {spark_submit.py:495} INFO - at java.base/java.util.concurrent.ThreadPoolExecutor.runWorker(ThreadPoolExecutor.java:1128)
[2022-12-29T23:44:27.537+0100] {spark_submit.py:495} INFO - at java.base/java.util.concurrent.ThreadPoolExecutor$Worker.run(ThreadPoolExecutor.java:628)
[2022-12-29T23:44:27.537+0100] {spark_submit.py:495} INFO - at java.base/java.lang.Thread.run(Thread.java:829)
[2022-12-29T23:44:27.537+0100] {spark_submit.py:495} INFO - Caused by: java.io.IOException: Failed to connect to momo-VirtualBox/127.0.1.1:7077
[2022-12-29T23:44:27.538+0100] {spark_submit.py:495} INFO - at org.apache.spark.network.client.TransportClientFactory.createClient(TransportClientFactory.java:288)
[2022-12-29T23:44:27.538+0100] {spark_submit.py:495} INFO - at org.apache.spark.network.client.TransportClientFactory.createClient(TransportClientFactory.java:218)
[2022-12-29T23:44:27.538+0100] {spark_submit.py:495} INFO - at org.apache.spark.network.client.TransportClientFactory.createClient(TransportClientFactory.java:230)
[2022-12-29T23:44:27.538+0100] {spark_submit.py:495} INFO - at org.apache.spark.rpc.netty.NettyRpcEnv.createClient(NettyRpcEnv.scala:204)
[2022-12-29T23:44:27.538+0100] {spark_submit.py:495} INFO - at org.apache.spark.rpc.netty.Outbox$$anon$1.call(Outbox.scala:202)
[2022-12-29T23:44:27.538+0100] {spark_submit.py:495} INFO - at org.apache.spark.rpc.netty.Outbox$$anon$1.call(Outbox.scala:198)
[2022-12-29T23:44:27.538+0100] {spark_submit.py:495} INFO - ... 4 more
[2022-12-29T23:44:27.538+0100] {spark_submit.py:495} INFO - Caused by: io.netty.channel.AbstractChannel$AnnotatedConnectException: Connexion refusée: momo-VirtualBox/127.0.1.1:7077
[2022-12-29T23:44:27.538+0100] {spark_submit.py:495} INFO - Caused by: java.net.ConnectException: Connexion refusée
[2022-12-29T23:44:27.539+0100] {spark_submit.py:495} INFO - at java.base/sun.nio.ch.SocketChannelImpl.checkConnect(Native Method)
[2022-12-29T23:44:27.541+0100] {spark_submit.py:495} INFO - at java.base/sun.nio.ch.SocketChannelImpl.finishConnect(SocketChannelImpl.java:777)
[2022-12-29T23:44:27.541+0100] {spark_submit.py:495} INFO - at io.netty.channel.socket.nio.NioSocketChannel.doFinishConnect(NioSocketChannel.java:330)
[2022-12-29T23:44:27.541+0100] {spark_submit.py:495} INFO - at io.netty.channel.nio.AbstractNioChannel$AbstractNioUnsafe.finishConnect(AbstractNioChannel.java:334)
[2022-12-29T23:44:27.541+0100] {spark_submit.py:495} INFO - at io.netty.channel.nio.NioEventLoop.processSelectedKey(NioEventLoop.java:710)
[2022-12-29T23:44:27.541+0100] {spark_submit.py:495} INFO - at io.netty.channel.nio.NioEventLoop.processSelectedKeysOptimized(NioEventLoop.java:658)
[2022-12-29T23:44:27.541+0100] {spark_submit.py:495} INFO - at io.netty.channel.nio.NioEventLoop.processSelectedKeys(NioEventLoop.java:584)
[2022-12-29T23:44:27.542+0100] {spark_submit.py:495} INFO - at io.netty.channel.nio.NioEventLoop.run(NioEventLoop.java:496)
[2022-12-29T23:44:27.542+0100] {spark_submit.py:495} INFO - at io.netty.util.concurrent.SingleThreadEventExecutor$4.run(SingleThreadEventExecutor.java:986)
[2022-12-29T23:44:27.542+0100] {spark_submit.py:495} INFO - at io.netty.util.internal.ThreadExecutorMap$2.run(ThreadExecutorMap.java:74)
[2022-12-29T23:44:27.542+0100] {spark_submit.py:495} INFO - at io.netty.util.concurrent.FastThreadLocalRunnable.run(FastThreadLocalRunnable.java:30)
[2022-12-29T23:44:27.542+0100] {spark_submit.py:495} INFO - at java.base/java.lang.Thread.run(Thread.java:829)
[2022-12-29T23:44:47.525+0100] {spark_submit.py:495} INFO - 22/12/29 23:44:47 INFO StandaloneAppClient$ClientEndpoint: Connecting to master spark://momo-VirtualBox:7077...
[2022-12-29T23:44:47.541+0100] {spark_submit.py:495} INFO - 22/12/29 23:44:47 WARN StandaloneAppClient$ClientEndpoint: Failed to connect to master momo-VirtualBox:7077
[2022-12-29T23:44:47.541+0100] {spark_submit.py:495} INFO - org.apache.spark.SparkException: Exception thrown in awaitResult:
[2022-12-29T23:44:47.541+0100] {spark_submit.py:495} INFO - at org.apache.spark.util.ThreadUtils$.awaitResult(ThreadUtils.scala:301)
[2022-12-29T23:44:47.541+0100] {spark_submit.py:495} INFO - at org.apache.spark.rpc.RpcTimeout.awaitResult(RpcTimeout.scala:75)
[2022-12-29T23:44:47.541+0100] {spark_submit.py:495} INFO - at org.apache.spark.rpc.RpcEnv.setupEndpointRefByURI(RpcEnv.scala:102)
[2022-12-29T23:44:47.541+0100] {spark_submit.py:495} INFO - at org.apache.spark.rpc.RpcEnv.setupEndpointRef(RpcEnv.scala:110)
[2022-12-29T23:44:47.541+0100] {spark_submit.py:495} INFO - at org.apache.spark.deploy.client.StandaloneAppClient$ClientEndpoint$$anon$1.run(StandaloneAppClient.scala:107)
[2022-12-29T23:44:47.541+0100] {spark_submit.py:495} INFO - at java.base/java.util.concurrent.Executors$RunnableAdapter.call(Executors.java:515)
[2022-12-29T23:44:47.541+0100] {spark_submit.py:495} INFO - at java.base/java.util.concurrent.FutureTask.run(FutureTask.java:264)
[2022-12-29T23:44:47.542+0100] {spark_submit.py:495} INFO - at java.base/java.util.concurrent.ThreadPoolExecutor.runWorker(ThreadPoolExecutor.java:1128)
[2022-12-29T23:44:47.542+0100] {spark_submit.py:495} INFO - at java.base/java.util.concurrent.ThreadPoolExecutor$Worker.run(ThreadPoolExecutor.java:628)
[2022-12-29T23:44:47.542+0100] {spark_submit.py:495} INFO - at java.base/java.lang.Thread.run(Thread.java:829)
[2022-12-29T23:44:47.542+0100] {spark_submit.py:495} INFO - Caused by: java.io.IOException: Failed to connect to momo-VirtualBox/127.0.1.1:7077
[2022-12-29T23:44:47.542+0100] {spark_submit.py:495} INFO - at org.apache.spark.network.client.TransportClientFactory.createClient(TransportClientFactory.java:288)
[2022-12-29T23:44:47.542+0100] {spark_submit.py:495} INFO - at org.apache.spark.network.client.TransportClientFactory.createClient(TransportClientFactory.java:218)
[2022-12-29T23:44:47.542+0100] {spark_submit.py:495} INFO - at org.apache.spark.network.client.TransportClientFactory.createClient(TransportClientFactory.java:230)
[2022-12-29T23:44:47.542+0100] {spark_submit.py:495} INFO - at org.apache.spark.rpc.netty.NettyRpcEnv.createClient(NettyRpcEnv.scala:204)
[2022-12-29T23:44:47.542+0100] {spark_submit.py:495} INFO - at org.apache.spark.rpc.netty.Outbox$$anon$1.call(Outbox.scala:202)
[2022-12-29T23:44:47.542+0100] {spark_submit.py:495} INFO - at org.apache.spark.rpc.netty.Outbox$$anon$1.call(Outbox.scala:198)
[2022-12-29T23:44:47.542+0100] {spark_submit.py:495} INFO - ... 4 more
[2022-12-29T23:44:47.542+0100] {spark_submit.py:495} INFO - Caused by: io.netty.channel.AbstractChannel$AnnotatedConnectException: Connexion refusée: momo-VirtualBox/127.0.1.1:7077
[2022-12-29T23:44:47.542+0100] {spark_submit.py:495} INFO - Caused by: java.net.ConnectException: Connexion refusée
[2022-12-29T23:44:47.542+0100] {spark_submit.py:495} INFO - at java.base/sun.nio.ch.SocketChannelImpl.checkConnect(Native Method)
[2022-12-29T23:44:47.542+0100] {spark_submit.py:495} INFO - at java.base/sun.nio.ch.SocketChannelImpl.finishConnect(SocketChannelImpl.java:777)
[2022-12-29T23:44:47.542+0100] {spark_submit.py:495} INFO - at io.netty.channel.socket.nio.NioSocketChannel.doFinishConnect(NioSocketChannel.java:330)
[2022-12-29T23:44:47.543+0100] {spark_submit.py:495} INFO - at io.netty.channel.nio.AbstractNioChannel$AbstractNioUnsafe.finishConnect(AbstractNioChannel.java:334)
[2022-12-29T23:44:47.543+0100] {spark_submit.py:495} INFO - at io.netty.channel.nio.NioEventLoop.processSelectedKey(NioEventLoop.java:710)
[2022-12-29T23:44:47.543+0100] {spark_submit.py:495} INFO - at io.netty.channel.nio.NioEventLoop.processSelectedKeysOptimized(NioEventLoop.java:658)
[2022-12-29T23:44:47.543+0100] {spark_submit.py:495} INFO - at io.netty.channel.nio.NioEventLoop.processSelectedKeys(NioEventLoop.java:584)
[2022-12-29T23:44:47.543+0100] {spark_submit.py:495} INFO - at io.netty.channel.nio.NioEventLoop.run(NioEventLoop.java:496)
[2022-12-29T23:44:47.543+0100] {spark_submit.py:495} INFO - at io.netty.util.concurrent.SingleThreadEventExecutor$4.run(SingleThreadEventExecutor.java:986)
[2022-12-29T23:44:47.543+0100] {spark_submit.py:495} INFO - at io.netty.util.internal.ThreadExecutorMap$2.run(ThreadExecutorMap.java:74)
[2022-12-29T23:44:47.543+0100] {spark_submit.py:495} INFO - at io.netty.util.concurrent.FastThreadLocalRunnable.run(FastThreadLocalRunnable.java:30)
[2022-12-29T23:44:47.543+0100] {spark_submit.py:495} INFO - at java.base/java.lang.Thread.run(Thread.java:829)
[2022-12-29T23:45:07.525+0100] {spark_submit.py:495} INFO - 22/12/29 23:45:07 WARN StandaloneSchedulerBackend: Application ID is not initialized yet.
[2022-12-29T23:45:07.528+0100] {spark_submit.py:495} INFO - 22/12/29 23:45:07 ERROR StandaloneSchedulerBackend: Application has been killed. Reason: All masters are unresponsive! Giving up.
[2022-12-29T23:45:07.556+0100] {spark_submit.py:495} INFO - 22/12/29 23:45:07 INFO Utils: Successfully started service 'org.apache.spark.network.netty.NettyBlockTransferService' on port 33815.
[2022-12-29T23:45:07.556+0100] {spark_submit.py:495} INFO - 22/12/29 23:45:07 INFO NettyBlockTransferService: Server created on 10.0.2.15:33815
[2022-12-29T23:45:07.558+0100] {spark_submit.py:495} INFO - 22/12/29 23:45:07 INFO BlockManager: Using org.apache.spark.storage.RandomBlockReplicationPolicy for block replication policy
[2022-12-29T23:45:07.576+0100] {spark_submit.py:495} INFO - 22/12/29 23:45:07 INFO SparkUI: Stopped Spark web UI at http://10.0.2.15:4040
[2022-12-29T23:45:07.579+0100] {spark_submit.py:495} INFO - 22/12/29 23:45:07 INFO BlockManagerMaster: Registering BlockManager BlockManagerId(driver, 10.0.2.15, 33815, None)
[2022-12-29T23:45:07.585+0100] {spark_submit.py:495} INFO - 22/12/29 23:45:07 INFO BlockManagerMasterEndpoint: Registering block manager 10.0.2.15:33815 with 413.9 MiB RAM, BlockManagerId(driver, 10.0.2.15, 33815, None)
[2022-12-29T23:45:07.589+0100] {spark_submit.py:495} INFO - 22/12/29 23:45:07 INFO BlockManagerMaster: Registered BlockManager BlockManagerId(driver, 10.0.2.15, 33815, None)
[2022-12-29T23:45:07.590+0100] {spark_submit.py:495} INFO - 22/12/29 23:45:07 INFO BlockManager: Initialized BlockManager: BlockManagerId(driver, 10.0.2.15, 33815, None)
[2022-12-29T23:45:07.595+0100] {spark_submit.py:495} INFO - 22/12/29 23:45:07 INFO StandaloneSchedulerBackend: Shutting down all executors
[2022-12-29T23:45:07.598+0100] {spark_submit.py:495} INFO - 22/12/29 23:45:07 INFO CoarseGrainedSchedulerBackend$DriverEndpoint: Asking each executor to shut down
[2022-12-29T23:45:07.604+0100] {spark_submit.py:495} INFO - 22/12/29 23:45:07 WARN StandaloneAppClient$ClientEndpoint: Drop UnregisterApplication(null) because has not yet connected to master
[2022-12-29T23:45:07.627+0100] {spark_submit.py:495} INFO - 22/12/29 23:45:07 INFO MapOutputTrackerMasterEndpoint: MapOutputTrackerMasterEndpoint stopped!
[2022-12-29T23:45:07.648+0100] {spark_submit.py:495} INFO - 22/12/29 23:45:07 INFO MemoryStore: MemoryStore cleared
[2022-12-29T23:45:07.649+0100] {spark_submit.py:495} INFO - 22/12/29 23:45:07 INFO BlockManager: BlockManager stopped
[2022-12-29T23:45:07.657+0100] {spark_submit.py:495} INFO - 22/12/29 23:45:07 INFO BlockManagerMaster: BlockManagerMaster stopped
[2022-12-29T23:45:07.666+0100] {spark_submit.py:495} INFO - 22/12/29 23:45:07 INFO OutputCommitCoordinator$OutputCommitCoordinatorEndpoint: OutputCommitCoordinator stopped!
[2022-12-29T23:45:07.689+0100] {spark_submit.py:495} INFO - 22/12/29 23:45:07 INFO SparkContext: Successfully stopped SparkContext
[2022-12-29T23:45:07.888+0100] {spark_submit.py:495} INFO - 22/12/29 23:45:07 ERROR AsyncEventQueue: Listener AppStatusListener threw an exception
[2022-12-29T23:45:07.888+0100] {spark_submit.py:495} INFO - java.lang.NullPointerException
[2022-12-29T23:45:07.888+0100] {spark_submit.py:495} INFO - at org.apache.spark.status.AppStatusListener.onApplicationEnd(AppStatusListener.scala:192)
[2022-12-29T23:45:07.888+0100] {spark_submit.py:495} INFO - at org.apache.spark.scheduler.SparkListenerBus.doPostEvent(SparkListenerBus.scala:57)
[2022-12-29T23:45:07.888+0100] {spark_submit.py:495} INFO - at org.apache.spark.scheduler.SparkListenerBus.doPostEvent$(SparkListenerBus.scala:28)
[2022-12-29T23:45:07.888+0100] {spark_submit.py:495} INFO - at org.apache.spark.scheduler.AsyncEventQueue.doPostEvent(AsyncEventQueue.scala:37)
[2022-12-29T23:45:07.888+0100] {spark_submit.py:495} INFO - at org.apache.spark.scheduler.AsyncEventQueue.doPostEvent(AsyncEventQueue.scala:37)
[2022-12-29T23:45:07.888+0100] {spark_submit.py:495} INFO - at org.apache.spark.util.ListenerBus.postToAll(ListenerBus.scala:117)
[2022-12-29T23:45:07.888+0100] {spark_submit.py:495} INFO - at org.apache.spark.util.ListenerBus.postToAll$(ListenerBus.scala:101)
[2022-12-29T23:45:07.888+0100] {spark_submit.py:495} INFO - at org.apache.spark.scheduler.AsyncEventQueue.super$postToAll(AsyncEventQueue.scala:105)
[2022-12-29T23:45:07.888+0100] {spark_submit.py:495} INFO - at org.apache.spark.scheduler.AsyncEventQueue.$anonfun$dispatch$1(AsyncEventQueue.scala:105)
[2022-12-29T23:45:07.889+0100] {spark_submit.py:495} INFO - at scala.runtime.java8.JFunction0$mcJ$sp.apply(JFunction0$mcJ$sp.java:23)
[2022-12-29T23:45:07.889+0100] {spark_submit.py:495} INFO - at scala.util.DynamicVariable.withValue(DynamicVariable.scala:62)
[2022-12-29T23:45:07.889+0100] {spark_submit.py:495} INFO - at org.apache.spark.scheduler.AsyncEventQueue.org$apache$spark$scheduler$AsyncEventQueue$$dispatch(AsyncEventQueue.scala:100)
[2022-12-29T23:45:07.889+0100] {spark_submit.py:495} INFO - at org.apache.spark.scheduler.AsyncEventQueue$$anon$2.$anonfun$run$1(AsyncEventQueue.scala:96)
[2022-12-29T23:45:07.889+0100] {spark_submit.py:495} INFO - at org.apache.spark.util.Utils$.tryOrStopSparkContext(Utils.scala:1446)
[2022-12-29T23:45:07.889+0100] {spark_submit.py:495} INFO - at org.apache.spark.scheduler.AsyncEventQueue$$anon$2.run(AsyncEventQueue.scala:96)
[2022-12-29T23:45:07.934+0100] {spark_submit.py:495} INFO - 22/12/29 23:45:07 ERROR SparkContext: Error initializing SparkContext.
[2022-12-29T23:45:07.934+0100] {spark_submit.py:495} INFO - java.lang.IllegalArgumentException: requirement failed: Can only call getServletHandlers on a running MetricsSystem
[2022-12-29T23:45:07.934+0100] {spark_submit.py:495} INFO - at scala.Predef$.require(Predef.scala:281)
[2022-12-29T23:45:07.934+0100] {spark_submit.py:495} INFO - at org.apache.spark.metrics.MetricsSystem.getServletHandlers(MetricsSystem.scala:89)
[2022-12-29T23:45:07.934+0100] {spark_submit.py:495} INFO - at org.apache.spark.SparkContext.<init>(SparkContext.scala:650)
[2022-12-29T23:45:07.934+0100] {spark_submit.py:495} INFO - at org.apache.spark.api.java.JavaSparkContext.<init>(JavaSparkContext.scala:58)
[2022-12-29T23:45:07.934+0100] {spark_submit.py:495} INFO - at java.base/jdk.internal.reflect.NativeConstructorAccessorImpl.newInstance0(Native Method)
[2022-12-29T23:45:07.934+0100] {spark_submit.py:495} INFO - at java.base/jdk.internal.reflect.NativeConstructorAccessorImpl.newInstance(NativeConstructorAccessorImpl.java:62)
[2022-12-29T23:45:07.934+0100] {spark_submit.py:495} INFO - at java.base/jdk.internal.reflect.DelegatingConstructorAccessorImpl.newInstance(DelegatingConstructorAccessorImpl.java:45)
[2022-12-29T23:45:07.934+0100] {spark_submit.py:495} INFO - at java.base/java.lang.reflect.Constructor.newInstance(Constructor.java:490)
[2022-12-29T23:45:07.934+0100] {spark_submit.py:495} INFO - at py4j.reflection.MethodInvoker.invoke(MethodInvoker.java:247)
[2022-12-29T23:45:07.934+0100] {spark_submit.py:495} INFO - at py4j.reflection.ReflectionEngine.invoke(ReflectionEngine.java:357)
[2022-12-29T23:45:07.934+0100] {spark_submit.py:495} INFO - at py4j.Gateway.invoke(Gateway.java:238)
[2022-12-29T23:45:07.935+0100] {spark_submit.py:495} INFO - at py4j.commands.ConstructorCommand.invokeConstructor(ConstructorCommand.java:80)
[2022-12-29T23:45:07.935+0100] {spark_submit.py:495} INFO - at py4j.commands.ConstructorCommand.execute(ConstructorCommand.java:69)
[2022-12-29T23:45:07.935+0100] {spark_submit.py:495} INFO - at py4j.ClientServerConnection.waitForCommands(ClientServerConnection.java:182)
[2022-12-29T23:45:07.935+0100] {spark_submit.py:495} INFO - at py4j.ClientServerConnection.run(ClientServerConnection.java:106)
[2022-12-29T23:45:07.935+0100] {spark_submit.py:495} INFO - at java.base/java.lang.Thread.run(Thread.java:829)
[2022-12-29T23:45:07.935+0100] {spark_submit.py:495} INFO - 22/12/29 23:45:07 INFO SparkContext: SparkContext already stopped.
[2022-12-29T23:45:08.027+0100] {spark_submit.py:495} INFO - Traceback (most recent call last):
[2022-12-29T23:45:08.027+0100] {spark_submit.py:495} INFO - File "/home/momo/Bureau/spark_d2.py", line 10, in <module>
[2022-12-29T23:45:08.027+0100] {spark_submit.py:495} INFO - sc= SparkContext()
[2022-12-29T23:45:08.028+0100] {spark_submit.py:495} INFO - File "/home/momo/.local/lib/python3.8/site-packages/pyspark/python/lib/pyspark.zip/pyspark/context.py", line 197, in __init__
[2022-12-29T23:45:08.028+0100] {spark_submit.py:495} INFO - File "/home/momo/.local/lib/python3.8/site-packages/pyspark/python/lib/pyspark.zip/pyspark/context.py", line 282, in _do_init
[2022-12-29T23:45:08.028+0100] {spark_submit.py:495} INFO - File "/home/momo/.local/lib/python3.8/site-packages/pyspark/python/lib/pyspark.zip/pyspark/context.py", line 402, in _initialize_context
[2022-12-29T23:45:08.028+0100] {spark_submit.py:495} INFO - File "/home/momo/.local/lib/python3.8/site-packages/pyspark/python/lib/py4j-0.10.9.5-src.zip/py4j/java_gateway.py", line 1585, in __call__
[2022-12-29T23:45:08.028+0100] {spark_submit.py:495} INFO - File "/home/momo/.local/lib/python3.8/site-packages/pyspark/python/lib/py4j-0.10.9.5-src.zip/py4j/protocol.py", line 326, in get_return_value
[2022-12-29T23:45:08.029+0100] {spark_submit.py:495} INFO - py4j.protocol.Py4JJavaError: An error occurred while calling None.org.apache.spark.api.java.JavaSparkContext.
[2022-12-29T23:45:08.029+0100] {spark_submit.py:495} INFO - : java.lang.IllegalArgumentException: requirement failed: Can only call getServletHandlers on a running MetricsSystem
[2022-12-29T23:45:08.029+0100] {spark_submit.py:495} INFO - at scala.Predef$.require(Predef.scala:281)
[2022-12-29T23:45:08.029+0100] {spark_submit.py:495} INFO - at org.apache.spark.metrics.MetricsSystem.getServletHandlers(MetricsSystem.scala:89)
[2022-12-29T23:45:08.029+0100] {spark_submit.py:495} INFO - at org.apache.spark.SparkContext.<init>(SparkContext.scala:650)
[2022-12-29T23:45:08.029+0100] {spark_submit.py:495} INFO - at org.apache.spark.api.java.JavaSparkContext.<init>(JavaSparkContext.scala:58)
[2022-12-29T23:45:08.029+0100] {spark_submit.py:495} INFO - at java.base/jdk.internal.reflect.NativeConstructorAccessorImpl.newInstance0(Native Method)
[2022-12-29T23:45:08.029+0100] {spark_submit.py:495} INFO - at java.base/jdk.internal.reflect.NativeConstructorAccessorImpl.newInstance(NativeConstructorAccessorImpl.java:62)
[2022-12-29T23:45:08.029+0100] {spark_submit.py:495} INFO - at java.base/jdk.internal.reflect.DelegatingConstructorAccessorImpl.newInstance(DelegatingConstructorAccessorImpl.java:45)
[2022-12-29T23:45:08.029+0100] {spark_submit.py:495} INFO - at java.base/java.lang.reflect.Constructor.newInstance(Constructor.java:490)
[2022-12-29T23:45:08.030+0100] {spark_submit.py:495} INFO - at py4j.reflection.MethodInvoker.invoke(MethodInvoker.java:247)
[2022-12-29T23:45:08.030+0100] {spark_submit.py:495} INFO - at py4j.reflection.ReflectionEngine.invoke(ReflectionEngine.java:357)
[2022-12-29T23:45:08.030+0100] {spark_submit.py:495} INFO - at py4j.Gateway.invoke(Gateway.java:238)
[2022-12-29T23:45:08.030+0100] {spark_submit.py:495} INFO - at py4j.commands.ConstructorCommand.invokeConstructor(ConstructorCommand.java:80)
[2022-12-29T23:45:08.030+0100] {spark_submit.py:495} INFO - at py4j.commands.ConstructorCommand.execute(ConstructorCommand.java:69)
[2022-12-29T23:45:08.030+0100] {spark_submit.py:495} INFO - at py4j.ClientServerConnection.waitForCommands(ClientServerConnection.java:182)
[2022-12-29T23:45:08.030+0100] {spark_submit.py:495} INFO - at py4j.ClientServerConnection.run(ClientServerConnection.java:106)
[2022-12-29T23:45:08.030+0100] {spark_submit.py:495} INFO - at java.base/java.lang.Thread.run(Thread.java:829)
[2022-12-29T23:45:08.030+0100] {spark_submit.py:495} INFO - 
[2022-12-29T23:45:08.086+0100] {spark_submit.py:495} INFO - 22/12/29 23:45:08 INFO ShutdownHookManager: Shutdown hook called
[2022-12-29T23:45:08.088+0100] {spark_submit.py:495} INFO - 22/12/29 23:45:08 INFO ShutdownHookManager: Deleting directory /tmp/spark-73f7b9cd-0909-4438-a6a7-2661cdbd4b0d
[2022-12-29T23:45:08.093+0100] {spark_submit.py:495} INFO - 22/12/29 23:45:08 INFO ShutdownHookManager: Deleting directory /tmp/spark-f08bf82d-a268-41bf-93c2-c81b9040074e
[2022-12-29T23:45:08.165+0100] {taskinstance.py:1772} ERROR - Task failed with exception
Traceback (most recent call last):
  File "/home/momo/.local/lib/python3.8/site-packages/airflow/providers/apache/spark/operators/spark_submit.py", line 157, in execute
    self._hook.submit(self._application)
  File "/home/momo/.local/lib/python3.8/site-packages/airflow/providers/apache/spark/hooks/spark_submit.py", line 426, in submit
    raise AirflowException(
airflow.exceptions.AirflowException: Cannot execute: spark-submit --master spark://momo-VirtualBox:7077 --name arrow-spark --queue root.default /home/momo/Bureau/spark_d2.py. Error code is: 1.
[2022-12-29T23:45:08.167+0100] {taskinstance.py:1322} INFO - Marking task as UP_FOR_RETRY. dag_id=spark_airflow_project, task_id=python_job, execution_date=20221229T175600, start_date=20221229T224401, end_date=20221229T224508
[2022-12-29T23:45:08.187+0100] {standard_task_runner.py:100} ERROR - Failed to execute job 54 for task python_job (Cannot execute: spark-submit --master spark://momo-VirtualBox:7077 --name arrow-spark --queue root.default /home/momo/Bureau/spark_d2.py. Error code is: 1.; 12633)
[2022-12-29T23:45:08.202+0100] {local_task_job.py:159} INFO - Task exited with return code 1
[2022-12-29T23:45:08.215+0100] {taskinstance.py:2582} INFO - 0 downstream tasks scheduled from follow-on schedule check
